[2025-04-02T16:39:45.326-0400] {processor.py:161} INFO - Started process (PID=68084) to work on /Users/prasenjeet.gadhe/Documents/05. Nokia_PoV/Parallel_Test/venv/lib/python3.9/site-packages/airflow/example_dags/example_sensors.py
[2025-04-02T16:39:45.327-0400] {processor.py:830} INFO - Processing file /Users/prasenjeet.gadhe/Documents/05. Nokia_PoV/Parallel_Test/venv/lib/python3.9/site-packages/airflow/example_dags/example_sensors.py for tasks to queue
[2025-04-02T16:39:45.327-0400] {logging_mixin.py:188} INFO - [2025-04-02T16:39:45.327-0400] {dagbag.py:540} INFO - Filling up the DagBag from /Users/prasenjeet.gadhe/Documents/05. Nokia_PoV/Parallel_Test/venv/lib/python3.9/site-packages/airflow/example_dags/example_sensors.py
[2025-04-02T16:39:45.334-0400] {processor.py:840} INFO - DAG(s) 'example_sensors' retrieved from /Users/prasenjeet.gadhe/Documents/05. Nokia_PoV/Parallel_Test/venv/lib/python3.9/site-packages/airflow/example_dags/example_sensors.py
[2025-04-02T16:39:45.428-0400] {logging_mixin.py:188} INFO - [2025-04-02T16:39:45.428-0400] {override.py:1829} INFO - Created Permission View: can delete on DAG:example_sensors
[2025-04-02T16:39:45.431-0400] {logging_mixin.py:188} INFO - [2025-04-02T16:39:45.431-0400] {override.py:1829} INFO - Created Permission View: can read on DAG:example_sensors
[2025-04-02T16:39:45.433-0400] {logging_mixin.py:188} INFO - [2025-04-02T16:39:45.432-0400] {override.py:1829} INFO - Created Permission View: can edit on DAG:example_sensors
[2025-04-02T16:39:45.433-0400] {logging_mixin.py:188} INFO - [2025-04-02T16:39:45.433-0400] {dag.py:3096} INFO - Sync 1 DAGs
[2025-04-02T16:39:45.436-0400] {logging_mixin.py:188} INFO - [2025-04-02T16:39:45.436-0400] {dag.py:3118} INFO - Creating ORM DAG for example_sensors
[2025-04-02T16:39:45.436-0400] {logging_mixin.py:188} INFO - [2025-04-02T16:39:45.436-0400] {dag.py:3954} INFO - Setting next_dagrun for example_sensors to None, run_after=None
[2025-04-02T16:39:45.442-0400] {processor.py:183} INFO - Processing /Users/prasenjeet.gadhe/Documents/05. Nokia_PoV/Parallel_Test/venv/lib/python3.9/site-packages/airflow/example_dags/example_sensors.py took 0.117 seconds
[2025-04-02T16:41:10.732-0400] {processor.py:161} INFO - Started process (PID=78858) to work on /Users/prasenjeet.gadhe/Documents/05. Nokia_PoV/Parallel_Test/venv/lib/python3.9/site-packages/airflow/example_dags/example_sensors.py
[2025-04-02T16:41:10.734-0400] {processor.py:830} INFO - Processing file /Users/prasenjeet.gadhe/Documents/05. Nokia_PoV/Parallel_Test/venv/lib/python3.9/site-packages/airflow/example_dags/example_sensors.py for tasks to queue
[2025-04-02T16:41:10.734-0400] {logging_mixin.py:188} INFO - [2025-04-02T16:41:10.734-0400] {dagbag.py:540} INFO - Filling up the DagBag from /Users/prasenjeet.gadhe/Documents/05. Nokia_PoV/Parallel_Test/venv/lib/python3.9/site-packages/airflow/example_dags/example_sensors.py
[2025-04-02T16:41:10.743-0400] {processor.py:840} INFO - DAG(s) 'example_sensors' retrieved from /Users/prasenjeet.gadhe/Documents/05. Nokia_PoV/Parallel_Test/venv/lib/python3.9/site-packages/airflow/example_dags/example_sensors.py
[2025-04-02T16:41:10.809-0400] {logging_mixin.py:188} INFO - [2025-04-02T16:41:10.809-0400] {dag.py:3096} INFO - Sync 1 DAGs
[2025-04-02T16:41:10.812-0400] {logging_mixin.py:188} INFO - [2025-04-02T16:41:10.812-0400] {dag.py:3954} INFO - Setting next_dagrun for example_sensors to None, run_after=None
[2025-04-02T16:41:10.819-0400] {processor.py:183} INFO - Processing /Users/prasenjeet.gadhe/Documents/05. Nokia_PoV/Parallel_Test/venv/lib/python3.9/site-packages/airflow/example_dags/example_sensors.py took 0.088 seconds
[2025-04-02T16:43:08.070-0400] {processor.py:161} INFO - Started process (PID=93380) to work on /Users/prasenjeet.gadhe/Documents/05. Nokia_PoV/Parallel_Test/venv/lib/python3.9/site-packages/airflow/example_dags/example_sensors.py
[2025-04-02T16:43:08.072-0400] {processor.py:830} INFO - Processing file /Users/prasenjeet.gadhe/Documents/05. Nokia_PoV/Parallel_Test/venv/lib/python3.9/site-packages/airflow/example_dags/example_sensors.py for tasks to queue
[2025-04-02T16:43:08.072-0400] {logging_mixin.py:188} INFO - [2025-04-02T16:43:08.072-0400] {dagbag.py:540} INFO - Filling up the DagBag from /Users/prasenjeet.gadhe/Documents/05. Nokia_PoV/Parallel_Test/venv/lib/python3.9/site-packages/airflow/example_dags/example_sensors.py
[2025-04-02T16:43:08.079-0400] {processor.py:840} INFO - DAG(s) 'example_sensors' retrieved from /Users/prasenjeet.gadhe/Documents/05. Nokia_PoV/Parallel_Test/venv/lib/python3.9/site-packages/airflow/example_dags/example_sensors.py
[2025-04-02T16:43:08.138-0400] {logging_mixin.py:188} INFO - [2025-04-02T16:43:08.138-0400] {dag.py:3096} INFO - Sync 1 DAGs
[2025-04-02T16:43:08.141-0400] {logging_mixin.py:188} INFO - [2025-04-02T16:43:08.141-0400] {dag.py:3954} INFO - Setting next_dagrun for example_sensors to None, run_after=None
[2025-04-02T16:43:08.148-0400] {processor.py:183} INFO - Processing /Users/prasenjeet.gadhe/Documents/05. Nokia_PoV/Parallel_Test/venv/lib/python3.9/site-packages/airflow/example_dags/example_sensors.py took 0.079 seconds
[2025-04-02T16:46:06.240-0400] {processor.py:161} INFO - Started process (PID=15766) to work on /Users/prasenjeet.gadhe/Documents/05. Nokia_PoV/Parallel_Test/venv/lib/python3.9/site-packages/airflow/example_dags/example_sensors.py
[2025-04-02T16:46:06.241-0400] {processor.py:830} INFO - Processing file /Users/prasenjeet.gadhe/Documents/05. Nokia_PoV/Parallel_Test/venv/lib/python3.9/site-packages/airflow/example_dags/example_sensors.py for tasks to queue
[2025-04-02T16:46:06.241-0400] {logging_mixin.py:188} INFO - [2025-04-02T16:46:06.241-0400] {dagbag.py:540} INFO - Filling up the DagBag from /Users/prasenjeet.gadhe/Documents/05. Nokia_PoV/Parallel_Test/venv/lib/python3.9/site-packages/airflow/example_dags/example_sensors.py
[2025-04-02T16:46:06.248-0400] {processor.py:840} INFO - DAG(s) 'example_sensors' retrieved from /Users/prasenjeet.gadhe/Documents/05. Nokia_PoV/Parallel_Test/venv/lib/python3.9/site-packages/airflow/example_dags/example_sensors.py
[2025-04-02T16:46:06.309-0400] {logging_mixin.py:188} INFO - [2025-04-02T16:46:06.309-0400] {dag.py:3096} INFO - Sync 1 DAGs
[2025-04-02T16:46:06.312-0400] {logging_mixin.py:188} INFO - [2025-04-02T16:46:06.312-0400] {dag.py:3954} INFO - Setting next_dagrun for example_sensors to None, run_after=None
[2025-04-02T16:46:06.319-0400] {processor.py:183} INFO - Processing /Users/prasenjeet.gadhe/Documents/05. Nokia_PoV/Parallel_Test/venv/lib/python3.9/site-packages/airflow/example_dags/example_sensors.py took 0.080 seconds
[2025-04-02T16:47:34.250-0400] {processor.py:161} INFO - Started process (PID=26707) to work on /Users/prasenjeet.gadhe/Documents/05. Nokia_PoV/Parallel_Test/venv/lib/python3.9/site-packages/airflow/example_dags/example_sensors.py
[2025-04-02T16:47:34.252-0400] {processor.py:830} INFO - Processing file /Users/prasenjeet.gadhe/Documents/05. Nokia_PoV/Parallel_Test/venv/lib/python3.9/site-packages/airflow/example_dags/example_sensors.py for tasks to queue
[2025-04-02T16:47:34.252-0400] {logging_mixin.py:188} INFO - [2025-04-02T16:47:34.252-0400] {dagbag.py:540} INFO - Filling up the DagBag from /Users/prasenjeet.gadhe/Documents/05. Nokia_PoV/Parallel_Test/venv/lib/python3.9/site-packages/airflow/example_dags/example_sensors.py
[2025-04-02T16:47:34.260-0400] {processor.py:840} INFO - DAG(s) 'example_sensors' retrieved from /Users/prasenjeet.gadhe/Documents/05. Nokia_PoV/Parallel_Test/venv/lib/python3.9/site-packages/airflow/example_dags/example_sensors.py
[2025-04-02T16:47:34.332-0400] {logging_mixin.py:188} INFO - [2025-04-02T16:47:34.332-0400] {dag.py:3096} INFO - Sync 1 DAGs
[2025-04-02T16:47:34.335-0400] {logging_mixin.py:188} INFO - [2025-04-02T16:47:34.335-0400] {dag.py:3954} INFO - Setting next_dagrun for example_sensors to None, run_after=None
[2025-04-02T16:47:34.342-0400] {processor.py:183} INFO - Processing /Users/prasenjeet.gadhe/Documents/05. Nokia_PoV/Parallel_Test/venv/lib/python3.9/site-packages/airflow/example_dags/example_sensors.py took 0.093 seconds
[2025-04-02T16:49:26.329-0400] {processor.py:161} INFO - Started process (PID=40628) to work on /Users/prasenjeet.gadhe/Documents/05. Nokia_PoV/Parallel_Test/venv/lib/python3.9/site-packages/airflow/example_dags/example_sensors.py
[2025-04-02T16:49:26.331-0400] {processor.py:830} INFO - Processing file /Users/prasenjeet.gadhe/Documents/05. Nokia_PoV/Parallel_Test/venv/lib/python3.9/site-packages/airflow/example_dags/example_sensors.py for tasks to queue
[2025-04-02T16:49:26.331-0400] {logging_mixin.py:188} INFO - [2025-04-02T16:49:26.331-0400] {dagbag.py:540} INFO - Filling up the DagBag from /Users/prasenjeet.gadhe/Documents/05. Nokia_PoV/Parallel_Test/venv/lib/python3.9/site-packages/airflow/example_dags/example_sensors.py
[2025-04-02T16:49:26.338-0400] {processor.py:840} INFO - DAG(s) 'example_sensors' retrieved from /Users/prasenjeet.gadhe/Documents/05. Nokia_PoV/Parallel_Test/venv/lib/python3.9/site-packages/airflow/example_dags/example_sensors.py
[2025-04-02T16:49:26.399-0400] {logging_mixin.py:188} INFO - [2025-04-02T16:49:26.399-0400] {dag.py:3096} INFO - Sync 1 DAGs
[2025-04-02T16:49:26.402-0400] {logging_mixin.py:188} INFO - [2025-04-02T16:49:26.402-0400] {dag.py:3954} INFO - Setting next_dagrun for example_sensors to None, run_after=None
[2025-04-02T16:49:26.410-0400] {processor.py:183} INFO - Processing /Users/prasenjeet.gadhe/Documents/05. Nokia_PoV/Parallel_Test/venv/lib/python3.9/site-packages/airflow/example_dags/example_sensors.py took 0.082 seconds
[2025-04-02T16:51:17.206-0400] {processor.py:161} INFO - Started process (PID=54308) to work on /Users/prasenjeet.gadhe/Documents/05. Nokia_PoV/Parallel_Test/venv/lib/python3.9/site-packages/airflow/example_dags/example_sensors.py
[2025-04-02T16:51:17.207-0400] {processor.py:830} INFO - Processing file /Users/prasenjeet.gadhe/Documents/05. Nokia_PoV/Parallel_Test/venv/lib/python3.9/site-packages/airflow/example_dags/example_sensors.py for tasks to queue
[2025-04-02T16:51:17.208-0400] {logging_mixin.py:188} INFO - [2025-04-02T16:51:17.208-0400] {dagbag.py:540} INFO - Filling up the DagBag from /Users/prasenjeet.gadhe/Documents/05. Nokia_PoV/Parallel_Test/venv/lib/python3.9/site-packages/airflow/example_dags/example_sensors.py
[2025-04-02T16:51:17.215-0400] {processor.py:840} INFO - DAG(s) 'example_sensors' retrieved from /Users/prasenjeet.gadhe/Documents/05. Nokia_PoV/Parallel_Test/venv/lib/python3.9/site-packages/airflow/example_dags/example_sensors.py
[2025-04-02T16:51:17.277-0400] {logging_mixin.py:188} INFO - [2025-04-02T16:51:17.276-0400] {dag.py:3096} INFO - Sync 1 DAGs
[2025-04-02T16:51:17.280-0400] {logging_mixin.py:188} INFO - [2025-04-02T16:51:17.280-0400] {dag.py:3954} INFO - Setting next_dagrun for example_sensors to None, run_after=None
[2025-04-02T16:51:17.287-0400] {processor.py:183} INFO - Processing /Users/prasenjeet.gadhe/Documents/05. Nokia_PoV/Parallel_Test/venv/lib/python3.9/site-packages/airflow/example_dags/example_sensors.py took 0.082 seconds
[2025-04-02T16:52:45.155-0400] {processor.py:161} INFO - Started process (PID=65166) to work on /Users/prasenjeet.gadhe/Documents/05. Nokia_PoV/Parallel_Test/venv/lib/python3.9/site-packages/airflow/example_dags/example_sensors.py
[2025-04-02T16:52:45.156-0400] {processor.py:830} INFO - Processing file /Users/prasenjeet.gadhe/Documents/05. Nokia_PoV/Parallel_Test/venv/lib/python3.9/site-packages/airflow/example_dags/example_sensors.py for tasks to queue
[2025-04-02T16:52:45.156-0400] {logging_mixin.py:188} INFO - [2025-04-02T16:52:45.156-0400] {dagbag.py:540} INFO - Filling up the DagBag from /Users/prasenjeet.gadhe/Documents/05. Nokia_PoV/Parallel_Test/venv/lib/python3.9/site-packages/airflow/example_dags/example_sensors.py
[2025-04-02T16:52:45.163-0400] {processor.py:840} INFO - DAG(s) 'example_sensors' retrieved from /Users/prasenjeet.gadhe/Documents/05. Nokia_PoV/Parallel_Test/venv/lib/python3.9/site-packages/airflow/example_dags/example_sensors.py
[2025-04-02T16:52:45.221-0400] {logging_mixin.py:188} INFO - [2025-04-02T16:52:45.221-0400] {dag.py:3096} INFO - Sync 1 DAGs
[2025-04-02T16:52:45.224-0400] {logging_mixin.py:188} INFO - [2025-04-02T16:52:45.224-0400] {dag.py:3954} INFO - Setting next_dagrun for example_sensors to None, run_after=None
[2025-04-02T16:52:45.231-0400] {processor.py:183} INFO - Processing /Users/prasenjeet.gadhe/Documents/05. Nokia_PoV/Parallel_Test/venv/lib/python3.9/site-packages/airflow/example_dags/example_sensors.py took 0.077 seconds
[2025-04-02T16:54:34.269-0400] {processor.py:161} INFO - Started process (PID=78665) to work on /Users/prasenjeet.gadhe/Documents/05. Nokia_PoV/Parallel_Test/venv/lib/python3.9/site-packages/airflow/example_dags/example_sensors.py
[2025-04-02T16:54:34.271-0400] {processor.py:830} INFO - Processing file /Users/prasenjeet.gadhe/Documents/05. Nokia_PoV/Parallel_Test/venv/lib/python3.9/site-packages/airflow/example_dags/example_sensors.py for tasks to queue
[2025-04-02T16:54:34.271-0400] {logging_mixin.py:188} INFO - [2025-04-02T16:54:34.271-0400] {dagbag.py:540} INFO - Filling up the DagBag from /Users/prasenjeet.gadhe/Documents/05. Nokia_PoV/Parallel_Test/venv/lib/python3.9/site-packages/airflow/example_dags/example_sensors.py
[2025-04-02T16:54:34.278-0400] {processor.py:840} INFO - DAG(s) 'example_sensors' retrieved from /Users/prasenjeet.gadhe/Documents/05. Nokia_PoV/Parallel_Test/venv/lib/python3.9/site-packages/airflow/example_dags/example_sensors.py
[2025-04-02T16:54:34.337-0400] {logging_mixin.py:188} INFO - [2025-04-02T16:54:34.337-0400] {dag.py:3096} INFO - Sync 1 DAGs
[2025-04-02T16:54:34.340-0400] {logging_mixin.py:188} INFO - [2025-04-02T16:54:34.340-0400] {dag.py:3954} INFO - Setting next_dagrun for example_sensors to None, run_after=None
[2025-04-02T16:54:34.347-0400] {processor.py:183} INFO - Processing /Users/prasenjeet.gadhe/Documents/05. Nokia_PoV/Parallel_Test/venv/lib/python3.9/site-packages/airflow/example_dags/example_sensors.py took 0.079 seconds
[2025-04-02T16:56:31.411-0400] {processor.py:161} INFO - Started process (PID=93243) to work on /Users/prasenjeet.gadhe/Documents/05. Nokia_PoV/Parallel_Test/venv/lib/python3.9/site-packages/airflow/example_dags/example_sensors.py
[2025-04-02T16:56:31.413-0400] {processor.py:830} INFO - Processing file /Users/prasenjeet.gadhe/Documents/05. Nokia_PoV/Parallel_Test/venv/lib/python3.9/site-packages/airflow/example_dags/example_sensors.py for tasks to queue
[2025-04-02T16:56:31.413-0400] {logging_mixin.py:188} INFO - [2025-04-02T16:56:31.413-0400] {dagbag.py:540} INFO - Filling up the DagBag from /Users/prasenjeet.gadhe/Documents/05. Nokia_PoV/Parallel_Test/venv/lib/python3.9/site-packages/airflow/example_dags/example_sensors.py
[2025-04-02T16:56:31.421-0400] {processor.py:840} INFO - DAG(s) 'example_sensors' retrieved from /Users/prasenjeet.gadhe/Documents/05. Nokia_PoV/Parallel_Test/venv/lib/python3.9/site-packages/airflow/example_dags/example_sensors.py
[2025-04-02T16:56:31.482-0400] {logging_mixin.py:188} INFO - [2025-04-02T16:56:31.482-0400] {dag.py:3096} INFO - Sync 1 DAGs
[2025-04-02T16:56:31.485-0400] {logging_mixin.py:188} INFO - [2025-04-02T16:56:31.485-0400] {dag.py:3954} INFO - Setting next_dagrun for example_sensors to None, run_after=None
[2025-04-02T16:56:31.492-0400] {processor.py:183} INFO - Processing /Users/prasenjeet.gadhe/Documents/05. Nokia_PoV/Parallel_Test/venv/lib/python3.9/site-packages/airflow/example_dags/example_sensors.py took 0.082 seconds
[2025-04-02T16:58:24.035-0400] {processor.py:161} INFO - Started process (PID=7431) to work on /Users/prasenjeet.gadhe/Documents/05. Nokia_PoV/Parallel_Test/venv/lib/python3.9/site-packages/airflow/example_dags/example_sensors.py
[2025-04-02T16:58:24.036-0400] {processor.py:830} INFO - Processing file /Users/prasenjeet.gadhe/Documents/05. Nokia_PoV/Parallel_Test/venv/lib/python3.9/site-packages/airflow/example_dags/example_sensors.py for tasks to queue
[2025-04-02T16:58:24.037-0400] {logging_mixin.py:188} INFO - [2025-04-02T16:58:24.037-0400] {dagbag.py:540} INFO - Filling up the DagBag from /Users/prasenjeet.gadhe/Documents/05. Nokia_PoV/Parallel_Test/venv/lib/python3.9/site-packages/airflow/example_dags/example_sensors.py
[2025-04-02T16:58:24.044-0400] {processor.py:840} INFO - DAG(s) 'example_sensors' retrieved from /Users/prasenjeet.gadhe/Documents/05. Nokia_PoV/Parallel_Test/venv/lib/python3.9/site-packages/airflow/example_dags/example_sensors.py
[2025-04-02T16:58:24.106-0400] {logging_mixin.py:188} INFO - [2025-04-02T16:58:24.106-0400] {dag.py:3096} INFO - Sync 1 DAGs
[2025-04-02T16:58:24.109-0400] {logging_mixin.py:188} INFO - [2025-04-02T16:58:24.109-0400] {dag.py:3954} INFO - Setting next_dagrun for example_sensors to None, run_after=None
[2025-04-02T16:58:24.115-0400] {processor.py:183} INFO - Processing /Users/prasenjeet.gadhe/Documents/05. Nokia_PoV/Parallel_Test/venv/lib/python3.9/site-packages/airflow/example_dags/example_sensors.py took 0.081 seconds
[2025-04-02T17:00:15.223-0400] {processor.py:161} INFO - Started process (PID=21071) to work on /Users/prasenjeet.gadhe/Documents/05. Nokia_PoV/Parallel_Test/venv/lib/python3.9/site-packages/airflow/example_dags/example_sensors.py
[2025-04-02T17:00:15.225-0400] {processor.py:830} INFO - Processing file /Users/prasenjeet.gadhe/Documents/05. Nokia_PoV/Parallel_Test/venv/lib/python3.9/site-packages/airflow/example_dags/example_sensors.py for tasks to queue
[2025-04-02T17:00:15.225-0400] {logging_mixin.py:188} INFO - [2025-04-02T17:00:15.225-0400] {dagbag.py:540} INFO - Filling up the DagBag from /Users/prasenjeet.gadhe/Documents/05. Nokia_PoV/Parallel_Test/venv/lib/python3.9/site-packages/airflow/example_dags/example_sensors.py
[2025-04-02T17:00:15.233-0400] {processor.py:840} INFO - DAG(s) 'example_sensors' retrieved from /Users/prasenjeet.gadhe/Documents/05. Nokia_PoV/Parallel_Test/venv/lib/python3.9/site-packages/airflow/example_dags/example_sensors.py
[2025-04-02T17:00:15.294-0400] {logging_mixin.py:188} INFO - [2025-04-02T17:00:15.294-0400] {dag.py:3096} INFO - Sync 1 DAGs
[2025-04-02T17:00:15.297-0400] {logging_mixin.py:188} INFO - [2025-04-02T17:00:15.297-0400] {dag.py:3954} INFO - Setting next_dagrun for example_sensors to None, run_after=None
[2025-04-02T17:00:15.304-0400] {processor.py:183} INFO - Processing /Users/prasenjeet.gadhe/Documents/05. Nokia_PoV/Parallel_Test/venv/lib/python3.9/site-packages/airflow/example_dags/example_sensors.py took 0.082 seconds
[2025-04-02T17:02:08.108-0400] {processor.py:161} INFO - Started process (PID=34914) to work on /Users/prasenjeet.gadhe/Documents/05. Nokia_PoV/Parallel_Test/venv/lib/python3.9/site-packages/airflow/example_dags/example_sensors.py
[2025-04-02T17:02:08.109-0400] {processor.py:830} INFO - Processing file /Users/prasenjeet.gadhe/Documents/05. Nokia_PoV/Parallel_Test/venv/lib/python3.9/site-packages/airflow/example_dags/example_sensors.py for tasks to queue
[2025-04-02T17:02:08.109-0400] {logging_mixin.py:188} INFO - [2025-04-02T17:02:08.109-0400] {dagbag.py:540} INFO - Filling up the DagBag from /Users/prasenjeet.gadhe/Documents/05. Nokia_PoV/Parallel_Test/venv/lib/python3.9/site-packages/airflow/example_dags/example_sensors.py
[2025-04-02T17:02:08.116-0400] {processor.py:840} INFO - DAG(s) 'example_sensors' retrieved from /Users/prasenjeet.gadhe/Documents/05. Nokia_PoV/Parallel_Test/venv/lib/python3.9/site-packages/airflow/example_dags/example_sensors.py
[2025-04-02T17:02:08.175-0400] {logging_mixin.py:188} INFO - [2025-04-02T17:02:08.175-0400] {dag.py:3096} INFO - Sync 1 DAGs
[2025-04-02T17:02:08.178-0400] {logging_mixin.py:188} INFO - [2025-04-02T17:02:08.178-0400] {dag.py:3954} INFO - Setting next_dagrun for example_sensors to None, run_after=None
[2025-04-02T17:02:08.185-0400] {processor.py:183} INFO - Processing /Users/prasenjeet.gadhe/Documents/05. Nokia_PoV/Parallel_Test/venv/lib/python3.9/site-packages/airflow/example_dags/example_sensors.py took 0.078 seconds
[2025-04-02T17:04:00.000-0400] {processor.py:161} INFO - Started process (PID=48610) to work on /Users/prasenjeet.gadhe/Documents/05. Nokia_PoV/Parallel_Test/venv/lib/python3.9/site-packages/airflow/example_dags/example_sensors.py
[2025-04-02T17:04:00.002-0400] {processor.py:830} INFO - Processing file /Users/prasenjeet.gadhe/Documents/05. Nokia_PoV/Parallel_Test/venv/lib/python3.9/site-packages/airflow/example_dags/example_sensors.py for tasks to queue
[2025-04-02T17:04:00.002-0400] {logging_mixin.py:188} INFO - [2025-04-02T17:04:00.002-0400] {dagbag.py:540} INFO - Filling up the DagBag from /Users/prasenjeet.gadhe/Documents/05. Nokia_PoV/Parallel_Test/venv/lib/python3.9/site-packages/airflow/example_dags/example_sensors.py
[2025-04-02T17:04:00.009-0400] {processor.py:840} INFO - DAG(s) 'example_sensors' retrieved from /Users/prasenjeet.gadhe/Documents/05. Nokia_PoV/Parallel_Test/venv/lib/python3.9/site-packages/airflow/example_dags/example_sensors.py
[2025-04-02T17:04:00.070-0400] {logging_mixin.py:188} INFO - [2025-04-02T17:04:00.069-0400] {dag.py:3096} INFO - Sync 1 DAGs
[2025-04-02T17:04:00.073-0400] {logging_mixin.py:188} INFO - [2025-04-02T17:04:00.073-0400] {dag.py:3954} INFO - Setting next_dagrun for example_sensors to None, run_after=None
[2025-04-02T17:04:00.079-0400] {processor.py:183} INFO - Processing /Users/prasenjeet.gadhe/Documents/05. Nokia_PoV/Parallel_Test/venv/lib/python3.9/site-packages/airflow/example_dags/example_sensors.py took 0.080 seconds
[2025-04-02T17:05:47.890-0400] {processor.py:161} INFO - Started process (PID=61911) to work on /Users/prasenjeet.gadhe/Documents/05. Nokia_PoV/Parallel_Test/venv/lib/python3.9/site-packages/airflow/example_dags/example_sensors.py
[2025-04-02T17:05:47.892-0400] {processor.py:830} INFO - Processing file /Users/prasenjeet.gadhe/Documents/05. Nokia_PoV/Parallel_Test/venv/lib/python3.9/site-packages/airflow/example_dags/example_sensors.py for tasks to queue
[2025-04-02T17:05:47.892-0400] {logging_mixin.py:188} INFO - [2025-04-02T17:05:47.892-0400] {dagbag.py:540} INFO - Filling up the DagBag from /Users/prasenjeet.gadhe/Documents/05. Nokia_PoV/Parallel_Test/venv/lib/python3.9/site-packages/airflow/example_dags/example_sensors.py
[2025-04-02T17:05:47.900-0400] {processor.py:840} INFO - DAG(s) 'example_sensors' retrieved from /Users/prasenjeet.gadhe/Documents/05. Nokia_PoV/Parallel_Test/venv/lib/python3.9/site-packages/airflow/example_dags/example_sensors.py
[2025-04-02T17:05:47.960-0400] {logging_mixin.py:188} INFO - [2025-04-02T17:05:47.960-0400] {dag.py:3096} INFO - Sync 1 DAGs
[2025-04-02T17:05:47.964-0400] {logging_mixin.py:188} INFO - [2025-04-02T17:05:47.963-0400] {dag.py:3954} INFO - Setting next_dagrun for example_sensors to None, run_after=None
[2025-04-02T17:05:47.970-0400] {processor.py:183} INFO - Processing /Users/prasenjeet.gadhe/Documents/05. Nokia_PoV/Parallel_Test/venv/lib/python3.9/site-packages/airflow/example_dags/example_sensors.py took 0.081 seconds
[2025-04-02T17:07:42.161-0400] {processor.py:161} INFO - Started process (PID=76064) to work on /Users/prasenjeet.gadhe/Documents/05. Nokia_PoV/Parallel_Test/venv/lib/python3.9/site-packages/airflow/example_dags/example_sensors.py
[2025-04-02T17:07:42.163-0400] {processor.py:830} INFO - Processing file /Users/prasenjeet.gadhe/Documents/05. Nokia_PoV/Parallel_Test/venv/lib/python3.9/site-packages/airflow/example_dags/example_sensors.py for tasks to queue
[2025-04-02T17:07:42.164-0400] {logging_mixin.py:188} INFO - [2025-04-02T17:07:42.164-0400] {dagbag.py:540} INFO - Filling up the DagBag from /Users/prasenjeet.gadhe/Documents/05. Nokia_PoV/Parallel_Test/venv/lib/python3.9/site-packages/airflow/example_dags/example_sensors.py
[2025-04-02T17:07:42.172-0400] {processor.py:840} INFO - DAG(s) 'example_sensors' retrieved from /Users/prasenjeet.gadhe/Documents/05. Nokia_PoV/Parallel_Test/venv/lib/python3.9/site-packages/airflow/example_dags/example_sensors.py
[2025-04-02T17:07:42.239-0400] {logging_mixin.py:188} INFO - [2025-04-02T17:07:42.239-0400] {dag.py:3096} INFO - Sync 1 DAGs
[2025-04-02T17:07:42.243-0400] {logging_mixin.py:188} INFO - [2025-04-02T17:07:42.243-0400] {dag.py:3954} INFO - Setting next_dagrun for example_sensors to None, run_after=None
[2025-04-02T17:07:42.249-0400] {processor.py:183} INFO - Processing /Users/prasenjeet.gadhe/Documents/05. Nokia_PoV/Parallel_Test/venv/lib/python3.9/site-packages/airflow/example_dags/example_sensors.py took 0.089 seconds
[2025-04-02T17:09:38.375-0400] {processor.py:161} INFO - Started process (PID=90326) to work on /Users/prasenjeet.gadhe/Documents/05. Nokia_PoV/Parallel_Test/venv/lib/python3.9/site-packages/airflow/example_dags/example_sensors.py
[2025-04-02T17:09:38.376-0400] {processor.py:830} INFO - Processing file /Users/prasenjeet.gadhe/Documents/05. Nokia_PoV/Parallel_Test/venv/lib/python3.9/site-packages/airflow/example_dags/example_sensors.py for tasks to queue
[2025-04-02T17:09:38.376-0400] {logging_mixin.py:188} INFO - [2025-04-02T17:09:38.376-0400] {dagbag.py:540} INFO - Filling up the DagBag from /Users/prasenjeet.gadhe/Documents/05. Nokia_PoV/Parallel_Test/venv/lib/python3.9/site-packages/airflow/example_dags/example_sensors.py
[2025-04-02T17:09:38.383-0400] {processor.py:840} INFO - DAG(s) 'example_sensors' retrieved from /Users/prasenjeet.gadhe/Documents/05. Nokia_PoV/Parallel_Test/venv/lib/python3.9/site-packages/airflow/example_dags/example_sensors.py
[2025-04-02T17:09:38.446-0400] {logging_mixin.py:188} INFO - [2025-04-02T17:09:38.446-0400] {dag.py:3096} INFO - Sync 1 DAGs
[2025-04-02T17:09:38.449-0400] {logging_mixin.py:188} INFO - [2025-04-02T17:09:38.449-0400] {dag.py:3954} INFO - Setting next_dagrun for example_sensors to None, run_after=None
[2025-04-02T17:09:38.455-0400] {processor.py:183} INFO - Processing /Users/prasenjeet.gadhe/Documents/05. Nokia_PoV/Parallel_Test/venv/lib/python3.9/site-packages/airflow/example_dags/example_sensors.py took 0.082 seconds
[2025-04-02T17:11:27.456-0400] {processor.py:161} INFO - Started process (PID=4113) to work on /Users/prasenjeet.gadhe/Documents/05. Nokia_PoV/Parallel_Test/venv/lib/python3.9/site-packages/airflow/example_dags/example_sensors.py
[2025-04-02T17:11:27.457-0400] {processor.py:830} INFO - Processing file /Users/prasenjeet.gadhe/Documents/05. Nokia_PoV/Parallel_Test/venv/lib/python3.9/site-packages/airflow/example_dags/example_sensors.py for tasks to queue
[2025-04-02T17:11:27.458-0400] {logging_mixin.py:188} INFO - [2025-04-02T17:11:27.458-0400] {dagbag.py:540} INFO - Filling up the DagBag from /Users/prasenjeet.gadhe/Documents/05. Nokia_PoV/Parallel_Test/venv/lib/python3.9/site-packages/airflow/example_dags/example_sensors.py
[2025-04-02T17:11:27.465-0400] {processor.py:840} INFO - DAG(s) 'example_sensors' retrieved from /Users/prasenjeet.gadhe/Documents/05. Nokia_PoV/Parallel_Test/venv/lib/python3.9/site-packages/airflow/example_dags/example_sensors.py
[2025-04-02T17:11:27.528-0400] {logging_mixin.py:188} INFO - [2025-04-02T17:11:27.528-0400] {dag.py:3096} INFO - Sync 1 DAGs
[2025-04-02T17:11:27.531-0400] {logging_mixin.py:188} INFO - [2025-04-02T17:11:27.531-0400] {dag.py:3954} INFO - Setting next_dagrun for example_sensors to None, run_after=None
[2025-04-02T17:11:27.538-0400] {processor.py:183} INFO - Processing /Users/prasenjeet.gadhe/Documents/05. Nokia_PoV/Parallel_Test/venv/lib/python3.9/site-packages/airflow/example_dags/example_sensors.py took 0.083 seconds
