[2025-04-02T16:40:14.163-0400] {processor.py:161} INFO - Started process (PID=71715) to work on /Users/prasenjeet.gadhe/Documents/05. Nokia_PoV/Parallel_Test/venv/lib/python3.9/site-packages/airflow/example_dags/example_complex.py
[2025-04-02T16:40:14.165-0400] {processor.py:830} INFO - Processing file /Users/prasenjeet.gadhe/Documents/05. Nokia_PoV/Parallel_Test/venv/lib/python3.9/site-packages/airflow/example_dags/example_complex.py for tasks to queue
[2025-04-02T16:40:14.165-0400] {logging_mixin.py:188} INFO - [2025-04-02T16:40:14.165-0400] {dagbag.py:540} INFO - Filling up the DagBag from /Users/prasenjeet.gadhe/Documents/05. Nokia_PoV/Parallel_Test/venv/lib/python3.9/site-packages/airflow/example_dags/example_complex.py
[2025-04-02T16:40:14.171-0400] {processor.py:840} INFO - DAG(s) 'example_complex' retrieved from /Users/prasenjeet.gadhe/Documents/05. Nokia_PoV/Parallel_Test/venv/lib/python3.9/site-packages/airflow/example_dags/example_complex.py
[2025-04-02T16:40:14.267-0400] {logging_mixin.py:188} INFO - [2025-04-02T16:40:14.266-0400] {override.py:1829} INFO - Created Permission View: can edit on DAG:example_complex
[2025-04-02T16:40:14.270-0400] {logging_mixin.py:188} INFO - [2025-04-02T16:40:14.269-0400] {override.py:1829} INFO - Created Permission View: can read on DAG:example_complex
[2025-04-02T16:40:14.271-0400] {logging_mixin.py:188} INFO - [2025-04-02T16:40:14.271-0400] {override.py:1829} INFO - Created Permission View: can delete on DAG:example_complex
[2025-04-02T16:40:14.271-0400] {logging_mixin.py:188} INFO - [2025-04-02T16:40:14.271-0400] {dag.py:3096} INFO - Sync 1 DAGs
[2025-04-02T16:40:14.275-0400] {logging_mixin.py:188} INFO - [2025-04-02T16:40:14.275-0400] {dag.py:3118} INFO - Creating ORM DAG for example_complex
[2025-04-02T16:40:14.276-0400] {logging_mixin.py:188} INFO - [2025-04-02T16:40:14.276-0400] {dag.py:3954} INFO - Setting next_dagrun for example_complex to None, run_after=None
[2025-04-02T16:40:14.281-0400] {processor.py:183} INFO - Processing /Users/prasenjeet.gadhe/Documents/05. Nokia_PoV/Parallel_Test/venv/lib/python3.9/site-packages/airflow/example_dags/example_complex.py took 0.119 seconds
[2025-04-02T16:42:10.216-0400] {processor.py:161} INFO - Started process (PID=86242) to work on /Users/prasenjeet.gadhe/Documents/05. Nokia_PoV/Parallel_Test/venv/lib/python3.9/site-packages/airflow/example_dags/example_complex.py
[2025-04-02T16:42:10.217-0400] {processor.py:830} INFO - Processing file /Users/prasenjeet.gadhe/Documents/05. Nokia_PoV/Parallel_Test/venv/lib/python3.9/site-packages/airflow/example_dags/example_complex.py for tasks to queue
[2025-04-02T16:42:10.218-0400] {logging_mixin.py:188} INFO - [2025-04-02T16:42:10.218-0400] {dagbag.py:540} INFO - Filling up the DagBag from /Users/prasenjeet.gadhe/Documents/05. Nokia_PoV/Parallel_Test/venv/lib/python3.9/site-packages/airflow/example_dags/example_complex.py
[2025-04-02T16:42:10.223-0400] {processor.py:840} INFO - DAG(s) 'example_complex' retrieved from /Users/prasenjeet.gadhe/Documents/05. Nokia_PoV/Parallel_Test/venv/lib/python3.9/site-packages/airflow/example_dags/example_complex.py
[2025-04-02T16:42:10.282-0400] {logging_mixin.py:188} INFO - [2025-04-02T16:42:10.282-0400] {dag.py:3096} INFO - Sync 1 DAGs
[2025-04-02T16:42:10.285-0400] {logging_mixin.py:188} INFO - [2025-04-02T16:42:10.285-0400] {dag.py:3954} INFO - Setting next_dagrun for example_complex to None, run_after=None
[2025-04-02T16:42:10.292-0400] {processor.py:183} INFO - Processing /Users/prasenjeet.gadhe/Documents/05. Nokia_PoV/Parallel_Test/venv/lib/python3.9/site-packages/airflow/example_dags/example_complex.py took 0.077 seconds
[2025-04-02T16:44:02.662-0400] {processor.py:161} INFO - Started process (PID=205) to work on /Users/prasenjeet.gadhe/Documents/05. Nokia_PoV/Parallel_Test/venv/lib/python3.9/site-packages/airflow/example_dags/example_complex.py
[2025-04-02T16:44:02.664-0400] {processor.py:830} INFO - Processing file /Users/prasenjeet.gadhe/Documents/05. Nokia_PoV/Parallel_Test/venv/lib/python3.9/site-packages/airflow/example_dags/example_complex.py for tasks to queue
[2025-04-02T16:44:02.664-0400] {logging_mixin.py:188} INFO - [2025-04-02T16:44:02.664-0400] {dagbag.py:540} INFO - Filling up the DagBag from /Users/prasenjeet.gadhe/Documents/05. Nokia_PoV/Parallel_Test/venv/lib/python3.9/site-packages/airflow/example_dags/example_complex.py
[2025-04-02T16:44:02.670-0400] {processor.py:840} INFO - DAG(s) 'example_complex' retrieved from /Users/prasenjeet.gadhe/Documents/05. Nokia_PoV/Parallel_Test/venv/lib/python3.9/site-packages/airflow/example_dags/example_complex.py
[2025-04-02T16:44:02.732-0400] {logging_mixin.py:188} INFO - [2025-04-02T16:44:02.732-0400] {dag.py:3096} INFO - Sync 1 DAGs
[2025-04-02T16:44:02.735-0400] {logging_mixin.py:188} INFO - [2025-04-02T16:44:02.735-0400] {dag.py:3954} INFO - Setting next_dagrun for example_complex to None, run_after=None
[2025-04-02T16:44:02.741-0400] {processor.py:183} INFO - Processing /Users/prasenjeet.gadhe/Documents/05. Nokia_PoV/Parallel_Test/venv/lib/python3.9/site-packages/airflow/example_dags/example_complex.py took 0.080 seconds
[2025-04-02T16:46:36.544-0400] {processor.py:161} INFO - Started process (PID=19527) to work on /Users/prasenjeet.gadhe/Documents/05. Nokia_PoV/Parallel_Test/venv/lib/python3.9/site-packages/airflow/example_dags/example_complex.py
[2025-04-02T16:46:36.546-0400] {processor.py:830} INFO - Processing file /Users/prasenjeet.gadhe/Documents/05. Nokia_PoV/Parallel_Test/venv/lib/python3.9/site-packages/airflow/example_dags/example_complex.py for tasks to queue
[2025-04-02T16:46:36.546-0400] {logging_mixin.py:188} INFO - [2025-04-02T16:46:36.546-0400] {dagbag.py:540} INFO - Filling up the DagBag from /Users/prasenjeet.gadhe/Documents/05. Nokia_PoV/Parallel_Test/venv/lib/python3.9/site-packages/airflow/example_dags/example_complex.py
[2025-04-02T16:46:36.551-0400] {processor.py:840} INFO - DAG(s) 'example_complex' retrieved from /Users/prasenjeet.gadhe/Documents/05. Nokia_PoV/Parallel_Test/venv/lib/python3.9/site-packages/airflow/example_dags/example_complex.py
[2025-04-02T16:46:36.611-0400] {logging_mixin.py:188} INFO - [2025-04-02T16:46:36.611-0400] {dag.py:3096} INFO - Sync 1 DAGs
[2025-04-02T16:46:36.614-0400] {logging_mixin.py:188} INFO - [2025-04-02T16:46:36.614-0400] {dag.py:3954} INFO - Setting next_dagrun for example_complex to None, run_after=None
[2025-04-02T16:46:36.621-0400] {processor.py:183} INFO - Processing /Users/prasenjeet.gadhe/Documents/05. Nokia_PoV/Parallel_Test/venv/lib/python3.9/site-packages/airflow/example_dags/example_complex.py took 0.078 seconds
[2025-04-02T16:48:32.504-0400] {processor.py:161} INFO - Started process (PID=33913) to work on /Users/prasenjeet.gadhe/Documents/05. Nokia_PoV/Parallel_Test/venv/lib/python3.9/site-packages/airflow/example_dags/example_complex.py
[2025-04-02T16:48:32.505-0400] {processor.py:830} INFO - Processing file /Users/prasenjeet.gadhe/Documents/05. Nokia_PoV/Parallel_Test/venv/lib/python3.9/site-packages/airflow/example_dags/example_complex.py for tasks to queue
[2025-04-02T16:48:32.505-0400] {logging_mixin.py:188} INFO - [2025-04-02T16:48:32.505-0400] {dagbag.py:540} INFO - Filling up the DagBag from /Users/prasenjeet.gadhe/Documents/05. Nokia_PoV/Parallel_Test/venv/lib/python3.9/site-packages/airflow/example_dags/example_complex.py
[2025-04-02T16:48:32.511-0400] {processor.py:840} INFO - DAG(s) 'example_complex' retrieved from /Users/prasenjeet.gadhe/Documents/05. Nokia_PoV/Parallel_Test/venv/lib/python3.9/site-packages/airflow/example_dags/example_complex.py
[2025-04-02T16:48:32.569-0400] {logging_mixin.py:188} INFO - [2025-04-02T16:48:32.569-0400] {dag.py:3096} INFO - Sync 1 DAGs
[2025-04-02T16:48:32.572-0400] {logging_mixin.py:188} INFO - [2025-04-02T16:48:32.572-0400] {dag.py:3954} INFO - Setting next_dagrun for example_complex to None, run_after=None
[2025-04-02T16:48:32.578-0400] {processor.py:183} INFO - Processing /Users/prasenjeet.gadhe/Documents/05. Nokia_PoV/Parallel_Test/venv/lib/python3.9/site-packages/airflow/example_dags/example_complex.py took 0.075 seconds
[2025-04-02T16:51:47.934-0400] {processor.py:161} INFO - Started process (PID=58154) to work on /Users/prasenjeet.gadhe/Documents/05. Nokia_PoV/Parallel_Test/venv/lib/python3.9/site-packages/airflow/example_dags/example_complex.py
[2025-04-02T16:51:47.935-0400] {processor.py:830} INFO - Processing file /Users/prasenjeet.gadhe/Documents/05. Nokia_PoV/Parallel_Test/venv/lib/python3.9/site-packages/airflow/example_dags/example_complex.py for tasks to queue
[2025-04-02T16:51:47.935-0400] {logging_mixin.py:188} INFO - [2025-04-02T16:51:47.935-0400] {dagbag.py:540} INFO - Filling up the DagBag from /Users/prasenjeet.gadhe/Documents/05. Nokia_PoV/Parallel_Test/venv/lib/python3.9/site-packages/airflow/example_dags/example_complex.py
[2025-04-02T16:51:47.941-0400] {processor.py:840} INFO - DAG(s) 'example_complex' retrieved from /Users/prasenjeet.gadhe/Documents/05. Nokia_PoV/Parallel_Test/venv/lib/python3.9/site-packages/airflow/example_dags/example_complex.py
[2025-04-02T16:51:48.003-0400] {logging_mixin.py:188} INFO - [2025-04-02T16:51:48.002-0400] {dag.py:3096} INFO - Sync 1 DAGs
[2025-04-02T16:51:48.006-0400] {logging_mixin.py:188} INFO - [2025-04-02T16:51:48.006-0400] {dag.py:3954} INFO - Setting next_dagrun for example_complex to None, run_after=None
[2025-04-02T16:51:48.012-0400] {processor.py:183} INFO - Processing /Users/prasenjeet.gadhe/Documents/05. Nokia_PoV/Parallel_Test/venv/lib/python3.9/site-packages/airflow/example_dags/example_complex.py took 0.079 seconds
[2025-04-02T16:53:39.722-0400] {processor.py:161} INFO - Started process (PID=71841) to work on /Users/prasenjeet.gadhe/Documents/05. Nokia_PoV/Parallel_Test/venv/lib/python3.9/site-packages/airflow/example_dags/example_complex.py
[2025-04-02T16:53:39.724-0400] {processor.py:830} INFO - Processing file /Users/prasenjeet.gadhe/Documents/05. Nokia_PoV/Parallel_Test/venv/lib/python3.9/site-packages/airflow/example_dags/example_complex.py for tasks to queue
[2025-04-02T16:53:39.724-0400] {logging_mixin.py:188} INFO - [2025-04-02T16:53:39.724-0400] {dagbag.py:540} INFO - Filling up the DagBag from /Users/prasenjeet.gadhe/Documents/05. Nokia_PoV/Parallel_Test/venv/lib/python3.9/site-packages/airflow/example_dags/example_complex.py
[2025-04-02T16:53:39.729-0400] {processor.py:840} INFO - DAG(s) 'example_complex' retrieved from /Users/prasenjeet.gadhe/Documents/05. Nokia_PoV/Parallel_Test/venv/lib/python3.9/site-packages/airflow/example_dags/example_complex.py
[2025-04-02T16:53:39.786-0400] {logging_mixin.py:188} INFO - [2025-04-02T16:53:39.786-0400] {dag.py:3096} INFO - Sync 1 DAGs
[2025-04-02T16:53:39.790-0400] {logging_mixin.py:188} INFO - [2025-04-02T16:53:39.790-0400] {dag.py:3954} INFO - Setting next_dagrun for example_complex to None, run_after=None
[2025-04-02T16:53:39.796-0400] {processor.py:183} INFO - Processing /Users/prasenjeet.gadhe/Documents/05. Nokia_PoV/Parallel_Test/venv/lib/python3.9/site-packages/airflow/example_dags/example_complex.py took 0.075 seconds
[2025-04-02T16:55:33.579-0400] {processor.py:161} INFO - Started process (PID=86011) to work on /Users/prasenjeet.gadhe/Documents/05. Nokia_PoV/Parallel_Test/venv/lib/python3.9/site-packages/airflow/example_dags/example_complex.py
[2025-04-02T16:55:33.580-0400] {processor.py:830} INFO - Processing file /Users/prasenjeet.gadhe/Documents/05. Nokia_PoV/Parallel_Test/venv/lib/python3.9/site-packages/airflow/example_dags/example_complex.py for tasks to queue
[2025-04-02T16:55:33.580-0400] {logging_mixin.py:188} INFO - [2025-04-02T16:55:33.580-0400] {dagbag.py:540} INFO - Filling up the DagBag from /Users/prasenjeet.gadhe/Documents/05. Nokia_PoV/Parallel_Test/venv/lib/python3.9/site-packages/airflow/example_dags/example_complex.py
[2025-04-02T16:55:33.586-0400] {processor.py:840} INFO - DAG(s) 'example_complex' retrieved from /Users/prasenjeet.gadhe/Documents/05. Nokia_PoV/Parallel_Test/venv/lib/python3.9/site-packages/airflow/example_dags/example_complex.py
[2025-04-02T16:55:33.646-0400] {logging_mixin.py:188} INFO - [2025-04-02T16:55:33.646-0400] {dag.py:3096} INFO - Sync 1 DAGs
[2025-04-02T16:55:33.649-0400] {logging_mixin.py:188} INFO - [2025-04-02T16:55:33.649-0400] {dag.py:3954} INFO - Setting next_dagrun for example_complex to None, run_after=None
[2025-04-02T16:55:33.656-0400] {processor.py:183} INFO - Processing /Users/prasenjeet.gadhe/Documents/05. Nokia_PoV/Parallel_Test/venv/lib/python3.9/site-packages/airflow/example_dags/example_complex.py took 0.078 seconds
[2025-04-02T16:57:30.788-0400] {processor.py:161} INFO - Started process (PID=741) to work on /Users/prasenjeet.gadhe/Documents/05. Nokia_PoV/Parallel_Test/venv/lib/python3.9/site-packages/airflow/example_dags/example_complex.py
[2025-04-02T16:57:30.790-0400] {processor.py:830} INFO - Processing file /Users/prasenjeet.gadhe/Documents/05. Nokia_PoV/Parallel_Test/venv/lib/python3.9/site-packages/airflow/example_dags/example_complex.py for tasks to queue
[2025-04-02T16:57:30.790-0400] {logging_mixin.py:188} INFO - [2025-04-02T16:57:30.790-0400] {dagbag.py:540} INFO - Filling up the DagBag from /Users/prasenjeet.gadhe/Documents/05. Nokia_PoV/Parallel_Test/venv/lib/python3.9/site-packages/airflow/example_dags/example_complex.py
[2025-04-02T16:57:30.795-0400] {processor.py:840} INFO - DAG(s) 'example_complex' retrieved from /Users/prasenjeet.gadhe/Documents/05. Nokia_PoV/Parallel_Test/venv/lib/python3.9/site-packages/airflow/example_dags/example_complex.py
[2025-04-02T16:57:30.853-0400] {logging_mixin.py:188} INFO - [2025-04-02T16:57:30.853-0400] {dag.py:3096} INFO - Sync 1 DAGs
[2025-04-02T16:57:30.856-0400] {logging_mixin.py:188} INFO - [2025-04-02T16:57:30.856-0400] {dag.py:3954} INFO - Setting next_dagrun for example_complex to None, run_after=None
[2025-04-02T16:57:30.863-0400] {processor.py:183} INFO - Processing /Users/prasenjeet.gadhe/Documents/05. Nokia_PoV/Parallel_Test/venv/lib/python3.9/site-packages/airflow/example_dags/example_complex.py took 0.075 seconds
[2025-04-02T16:59:20.164-0400] {processor.py:161} INFO - Started process (PID=14324) to work on /Users/prasenjeet.gadhe/Documents/05. Nokia_PoV/Parallel_Test/venv/lib/python3.9/site-packages/airflow/example_dags/example_complex.py
[2025-04-02T16:59:20.166-0400] {processor.py:830} INFO - Processing file /Users/prasenjeet.gadhe/Documents/05. Nokia_PoV/Parallel_Test/venv/lib/python3.9/site-packages/airflow/example_dags/example_complex.py for tasks to queue
[2025-04-02T16:59:20.166-0400] {logging_mixin.py:188} INFO - [2025-04-02T16:59:20.166-0400] {dagbag.py:540} INFO - Filling up the DagBag from /Users/prasenjeet.gadhe/Documents/05. Nokia_PoV/Parallel_Test/venv/lib/python3.9/site-packages/airflow/example_dags/example_complex.py
[2025-04-02T16:59:20.171-0400] {processor.py:840} INFO - DAG(s) 'example_complex' retrieved from /Users/prasenjeet.gadhe/Documents/05. Nokia_PoV/Parallel_Test/venv/lib/python3.9/site-packages/airflow/example_dags/example_complex.py
[2025-04-02T16:59:20.230-0400] {logging_mixin.py:188} INFO - [2025-04-02T16:59:20.230-0400] {dag.py:3096} INFO - Sync 1 DAGs
[2025-04-02T16:59:20.233-0400] {logging_mixin.py:188} INFO - [2025-04-02T16:59:20.233-0400] {dag.py:3954} INFO - Setting next_dagrun for example_complex to None, run_after=None
[2025-04-02T16:59:20.239-0400] {processor.py:183} INFO - Processing /Users/prasenjeet.gadhe/Documents/05. Nokia_PoV/Parallel_Test/venv/lib/python3.9/site-packages/airflow/example_dags/example_complex.py took 0.077 seconds
[2025-04-02T17:01:14.816-0400] {processor.py:161} INFO - Started process (PID=28354) to work on /Users/prasenjeet.gadhe/Documents/05. Nokia_PoV/Parallel_Test/venv/lib/python3.9/site-packages/airflow/example_dags/example_complex.py
[2025-04-02T17:01:14.818-0400] {processor.py:830} INFO - Processing file /Users/prasenjeet.gadhe/Documents/05. Nokia_PoV/Parallel_Test/venv/lib/python3.9/site-packages/airflow/example_dags/example_complex.py for tasks to queue
[2025-04-02T17:01:14.818-0400] {logging_mixin.py:188} INFO - [2025-04-02T17:01:14.818-0400] {dagbag.py:540} INFO - Filling up the DagBag from /Users/prasenjeet.gadhe/Documents/05. Nokia_PoV/Parallel_Test/venv/lib/python3.9/site-packages/airflow/example_dags/example_complex.py
[2025-04-02T17:01:14.824-0400] {processor.py:840} INFO - DAG(s) 'example_complex' retrieved from /Users/prasenjeet.gadhe/Documents/05. Nokia_PoV/Parallel_Test/venv/lib/python3.9/site-packages/airflow/example_dags/example_complex.py
[2025-04-02T17:01:14.887-0400] {logging_mixin.py:188} INFO - [2025-04-02T17:01:14.887-0400] {dag.py:3096} INFO - Sync 1 DAGs
[2025-04-02T17:01:14.891-0400] {logging_mixin.py:188} INFO - [2025-04-02T17:01:14.891-0400] {dag.py:3954} INFO - Setting next_dagrun for example_complex to None, run_after=None
[2025-04-02T17:01:14.897-0400] {processor.py:183} INFO - Processing /Users/prasenjeet.gadhe/Documents/05. Nokia_PoV/Parallel_Test/venv/lib/python3.9/site-packages/airflow/example_dags/example_complex.py took 0.082 seconds
[2025-04-02T17:03:07.163-0400] {processor.py:161} INFO - Started process (PID=42187) to work on /Users/prasenjeet.gadhe/Documents/05. Nokia_PoV/Parallel_Test/venv/lib/python3.9/site-packages/airflow/example_dags/example_complex.py
[2025-04-02T17:03:07.165-0400] {processor.py:830} INFO - Processing file /Users/prasenjeet.gadhe/Documents/05. Nokia_PoV/Parallel_Test/venv/lib/python3.9/site-packages/airflow/example_dags/example_complex.py for tasks to queue
[2025-04-02T17:03:07.165-0400] {logging_mixin.py:188} INFO - [2025-04-02T17:03:07.165-0400] {dagbag.py:540} INFO - Filling up the DagBag from /Users/prasenjeet.gadhe/Documents/05. Nokia_PoV/Parallel_Test/venv/lib/python3.9/site-packages/airflow/example_dags/example_complex.py
[2025-04-02T17:03:07.171-0400] {processor.py:840} INFO - DAG(s) 'example_complex' retrieved from /Users/prasenjeet.gadhe/Documents/05. Nokia_PoV/Parallel_Test/venv/lib/python3.9/site-packages/airflow/example_dags/example_complex.py
[2025-04-02T17:03:07.229-0400] {logging_mixin.py:188} INFO - [2025-04-02T17:03:07.229-0400] {dag.py:3096} INFO - Sync 1 DAGs
[2025-04-02T17:03:07.233-0400] {logging_mixin.py:188} INFO - [2025-04-02T17:03:07.233-0400] {dag.py:3954} INFO - Setting next_dagrun for example_complex to None, run_after=None
[2025-04-02T17:03:07.239-0400] {processor.py:183} INFO - Processing /Users/prasenjeet.gadhe/Documents/05. Nokia_PoV/Parallel_Test/venv/lib/python3.9/site-packages/airflow/example_dags/example_complex.py took 0.077 seconds
[2025-04-02T17:04:57.926-0400] {processor.py:161} INFO - Started process (PID=55737) to work on /Users/prasenjeet.gadhe/Documents/05. Nokia_PoV/Parallel_Test/venv/lib/python3.9/site-packages/airflow/example_dags/example_complex.py
[2025-04-02T17:04:57.928-0400] {processor.py:830} INFO - Processing file /Users/prasenjeet.gadhe/Documents/05. Nokia_PoV/Parallel_Test/venv/lib/python3.9/site-packages/airflow/example_dags/example_complex.py for tasks to queue
[2025-04-02T17:04:57.928-0400] {logging_mixin.py:188} INFO - [2025-04-02T17:04:57.928-0400] {dagbag.py:540} INFO - Filling up the DagBag from /Users/prasenjeet.gadhe/Documents/05. Nokia_PoV/Parallel_Test/venv/lib/python3.9/site-packages/airflow/example_dags/example_complex.py
[2025-04-02T17:04:57.933-0400] {processor.py:840} INFO - DAG(s) 'example_complex' retrieved from /Users/prasenjeet.gadhe/Documents/05. Nokia_PoV/Parallel_Test/venv/lib/python3.9/site-packages/airflow/example_dags/example_complex.py
[2025-04-02T17:04:57.992-0400] {logging_mixin.py:188} INFO - [2025-04-02T17:04:57.992-0400] {dag.py:3096} INFO - Sync 1 DAGs
[2025-04-02T17:04:57.995-0400] {logging_mixin.py:188} INFO - [2025-04-02T17:04:57.995-0400] {dag.py:3954} INFO - Setting next_dagrun for example_complex to None, run_after=None
[2025-04-02T17:04:58.001-0400] {processor.py:183} INFO - Processing /Users/prasenjeet.gadhe/Documents/05. Nokia_PoV/Parallel_Test/venv/lib/python3.9/site-packages/airflow/example_dags/example_complex.py took 0.076 seconds
[2025-04-02T17:06:46.005-0400] {processor.py:161} INFO - Started process (PID=68989) to work on /Users/prasenjeet.gadhe/Documents/05. Nokia_PoV/Parallel_Test/venv/lib/python3.9/site-packages/airflow/example_dags/example_complex.py
[2025-04-02T17:06:46.007-0400] {processor.py:830} INFO - Processing file /Users/prasenjeet.gadhe/Documents/05. Nokia_PoV/Parallel_Test/venv/lib/python3.9/site-packages/airflow/example_dags/example_complex.py for tasks to queue
[2025-04-02T17:06:46.007-0400] {logging_mixin.py:188} INFO - [2025-04-02T17:06:46.007-0400] {dagbag.py:540} INFO - Filling up the DagBag from /Users/prasenjeet.gadhe/Documents/05. Nokia_PoV/Parallel_Test/venv/lib/python3.9/site-packages/airflow/example_dags/example_complex.py
[2025-04-02T17:06:46.013-0400] {processor.py:840} INFO - DAG(s) 'example_complex' retrieved from /Users/prasenjeet.gadhe/Documents/05. Nokia_PoV/Parallel_Test/venv/lib/python3.9/site-packages/airflow/example_dags/example_complex.py
[2025-04-02T17:06:46.074-0400] {logging_mixin.py:188} INFO - [2025-04-02T17:06:46.074-0400] {dag.py:3096} INFO - Sync 1 DAGs
[2025-04-02T17:06:46.077-0400] {logging_mixin.py:188} INFO - [2025-04-02T17:06:46.077-0400] {dag.py:3954} INFO - Setting next_dagrun for example_complex to None, run_after=None
[2025-04-02T17:06:46.083-0400] {processor.py:183} INFO - Processing /Users/prasenjeet.gadhe/Documents/05. Nokia_PoV/Parallel_Test/venv/lib/python3.9/site-packages/airflow/example_dags/example_complex.py took 0.080 seconds
[2025-04-02T17:08:39.324-0400] {processor.py:161} INFO - Started process (PID=83072) to work on /Users/prasenjeet.gadhe/Documents/05. Nokia_PoV/Parallel_Test/venv/lib/python3.9/site-packages/airflow/example_dags/example_complex.py
[2025-04-02T17:08:39.326-0400] {processor.py:830} INFO - Processing file /Users/prasenjeet.gadhe/Documents/05. Nokia_PoV/Parallel_Test/venv/lib/python3.9/site-packages/airflow/example_dags/example_complex.py for tasks to queue
[2025-04-02T17:08:39.327-0400] {logging_mixin.py:188} INFO - [2025-04-02T17:08:39.327-0400] {dagbag.py:540} INFO - Filling up the DagBag from /Users/prasenjeet.gadhe/Documents/05. Nokia_PoV/Parallel_Test/venv/lib/python3.9/site-packages/airflow/example_dags/example_complex.py
[2025-04-02T17:08:39.333-0400] {processor.py:840} INFO - DAG(s) 'example_complex' retrieved from /Users/prasenjeet.gadhe/Documents/05. Nokia_PoV/Parallel_Test/venv/lib/python3.9/site-packages/airflow/example_dags/example_complex.py
[2025-04-02T17:08:39.402-0400] {logging_mixin.py:188} INFO - [2025-04-02T17:08:39.402-0400] {dag.py:3096} INFO - Sync 1 DAGs
[2025-04-02T17:08:39.406-0400] {logging_mixin.py:188} INFO - [2025-04-02T17:08:39.405-0400] {dag.py:3954} INFO - Setting next_dagrun for example_complex to None, run_after=None
[2025-04-02T17:08:39.412-0400] {processor.py:183} INFO - Processing /Users/prasenjeet.gadhe/Documents/05. Nokia_PoV/Parallel_Test/venv/lib/python3.9/site-packages/airflow/example_dags/example_complex.py took 0.088 seconds
[2025-04-02T17:10:36.428-0400] {processor.py:161} INFO - Started process (PID=97481) to work on /Users/prasenjeet.gadhe/Documents/05. Nokia_PoV/Parallel_Test/venv/lib/python3.9/site-packages/airflow/example_dags/example_complex.py
[2025-04-02T17:10:36.429-0400] {processor.py:830} INFO - Processing file /Users/prasenjeet.gadhe/Documents/05. Nokia_PoV/Parallel_Test/venv/lib/python3.9/site-packages/airflow/example_dags/example_complex.py for tasks to queue
[2025-04-02T17:10:36.429-0400] {logging_mixin.py:188} INFO - [2025-04-02T17:10:36.429-0400] {dagbag.py:540} INFO - Filling up the DagBag from /Users/prasenjeet.gadhe/Documents/05. Nokia_PoV/Parallel_Test/venv/lib/python3.9/site-packages/airflow/example_dags/example_complex.py
[2025-04-02T17:10:36.435-0400] {processor.py:840} INFO - DAG(s) 'example_complex' retrieved from /Users/prasenjeet.gadhe/Documents/05. Nokia_PoV/Parallel_Test/venv/lib/python3.9/site-packages/airflow/example_dags/example_complex.py
[2025-04-02T17:10:36.501-0400] {logging_mixin.py:188} INFO - [2025-04-02T17:10:36.500-0400] {dag.py:3096} INFO - Sync 1 DAGs
[2025-04-02T17:10:36.504-0400] {logging_mixin.py:188} INFO - [2025-04-02T17:10:36.504-0400] {dag.py:3954} INFO - Setting next_dagrun for example_complex to None, run_after=None
[2025-04-02T17:10:36.510-0400] {processor.py:183} INFO - Processing /Users/prasenjeet.gadhe/Documents/05. Nokia_PoV/Parallel_Test/venv/lib/python3.9/site-packages/airflow/example_dags/example_complex.py took 0.083 seconds
[2025-04-02T17:12:28.755-0400] {processor.py:161} INFO - Started process (PID=11744) to work on /Users/prasenjeet.gadhe/Documents/05. Nokia_PoV/Parallel_Test/venv/lib/python3.9/site-packages/airflow/example_dags/example_complex.py
[2025-04-02T17:12:28.757-0400] {processor.py:830} INFO - Processing file /Users/prasenjeet.gadhe/Documents/05. Nokia_PoV/Parallel_Test/venv/lib/python3.9/site-packages/airflow/example_dags/example_complex.py for tasks to queue
[2025-04-02T17:12:28.757-0400] {logging_mixin.py:188} INFO - [2025-04-02T17:12:28.757-0400] {dagbag.py:540} INFO - Filling up the DagBag from /Users/prasenjeet.gadhe/Documents/05. Nokia_PoV/Parallel_Test/venv/lib/python3.9/site-packages/airflow/example_dags/example_complex.py
[2025-04-02T17:12:28.763-0400] {processor.py:840} INFO - DAG(s) 'example_complex' retrieved from /Users/prasenjeet.gadhe/Documents/05. Nokia_PoV/Parallel_Test/venv/lib/python3.9/site-packages/airflow/example_dags/example_complex.py
[2025-04-02T17:12:28.828-0400] {logging_mixin.py:188} INFO - [2025-04-02T17:12:28.828-0400] {dag.py:3096} INFO - Sync 1 DAGs
[2025-04-02T17:12:28.832-0400] {logging_mixin.py:188} INFO - [2025-04-02T17:12:28.832-0400] {dag.py:3954} INFO - Setting next_dagrun for example_complex to None, run_after=None
[2025-04-02T17:12:28.839-0400] {processor.py:183} INFO - Processing /Users/prasenjeet.gadhe/Documents/05. Nokia_PoV/Parallel_Test/venv/lib/python3.9/site-packages/airflow/example_dags/example_complex.py took 0.084 seconds
