[2025-04-02T16:40:15.950-0400] {processor.py:161} INFO - Started process (PID=71899) to work on /Users/prasenjeet.gadhe/Documents/05. Nokia_PoV/Parallel_Test/venv/lib/python3.9/site-packages/airflow/example_dags/example_branch_python_dop_operator_3.py
[2025-04-02T16:40:15.951-0400] {processor.py:830} INFO - Processing file /Users/prasenjeet.gadhe/Documents/05. Nokia_PoV/Parallel_Test/venv/lib/python3.9/site-packages/airflow/example_dags/example_branch_python_dop_operator_3.py for tasks to queue
[2025-04-02T16:40:15.951-0400] {logging_mixin.py:188} INFO - [2025-04-02T16:40:15.951-0400] {dagbag.py:540} INFO - Filling up the DagBag from /Users/prasenjeet.gadhe/Documents/05. Nokia_PoV/Parallel_Test/venv/lib/python3.9/site-packages/airflow/example_dags/example_branch_python_dop_operator_3.py
[2025-04-02T16:40:15.967-0400] {processor.py:840} INFO - DAG(s) 'example_branch_dop_operator_v3' retrieved from /Users/prasenjeet.gadhe/Documents/05. Nokia_PoV/Parallel_Test/venv/lib/python3.9/site-packages/airflow/example_dags/example_branch_python_dop_operator_3.py
[2025-04-02T16:40:16.050-0400] {logging_mixin.py:188} INFO - [2025-04-02T16:40:16.050-0400] {override.py:1829} INFO - Created Permission View: can delete on DAG:example_branch_dop_operator_v3
[2025-04-02T16:40:16.053-0400] {logging_mixin.py:188} INFO - [2025-04-02T16:40:16.053-0400] {override.py:1829} INFO - Created Permission View: can read on DAG:example_branch_dop_operator_v3
[2025-04-02T16:40:16.054-0400] {logging_mixin.py:188} INFO - [2025-04-02T16:40:16.054-0400] {override.py:1829} INFO - Created Permission View: can edit on DAG:example_branch_dop_operator_v3
[2025-04-02T16:40:16.054-0400] {logging_mixin.py:188} INFO - [2025-04-02T16:40:16.054-0400] {dag.py:3096} INFO - Sync 1 DAGs
[2025-04-02T16:40:16.058-0400] {logging_mixin.py:188} INFO - [2025-04-02T16:40:16.058-0400] {dag.py:3118} INFO - Creating ORM DAG for example_branch_dop_operator_v3
[2025-04-02T16:40:16.063-0400] {logging_mixin.py:188} INFO - [2025-04-02T16:40:16.063-0400] {dag.py:3954} INFO - Setting next_dagrun for example_branch_dop_operator_v3 to 2025-04-02 20:39:00+00:00, run_after=2025-04-02 20:40:00+00:00
[2025-04-02T16:40:16.069-0400] {processor.py:183} INFO - Processing /Users/prasenjeet.gadhe/Documents/05. Nokia_PoV/Parallel_Test/venv/lib/python3.9/site-packages/airflow/example_dags/example_branch_python_dop_operator_3.py took 0.120 seconds
[2025-04-02T16:42:11.902-0400] {processor.py:161} INFO - Started process (PID=86446) to work on /Users/prasenjeet.gadhe/Documents/05. Nokia_PoV/Parallel_Test/venv/lib/python3.9/site-packages/airflow/example_dags/example_branch_python_dop_operator_3.py
[2025-04-02T16:42:11.904-0400] {processor.py:830} INFO - Processing file /Users/prasenjeet.gadhe/Documents/05. Nokia_PoV/Parallel_Test/venv/lib/python3.9/site-packages/airflow/example_dags/example_branch_python_dop_operator_3.py for tasks to queue
[2025-04-02T16:42:11.904-0400] {logging_mixin.py:188} INFO - [2025-04-02T16:42:11.904-0400] {dagbag.py:540} INFO - Filling up the DagBag from /Users/prasenjeet.gadhe/Documents/05. Nokia_PoV/Parallel_Test/venv/lib/python3.9/site-packages/airflow/example_dags/example_branch_python_dop_operator_3.py
[2025-04-02T16:42:11.921-0400] {processor.py:840} INFO - DAG(s) 'example_branch_dop_operator_v3' retrieved from /Users/prasenjeet.gadhe/Documents/05. Nokia_PoV/Parallel_Test/venv/lib/python3.9/site-packages/airflow/example_dags/example_branch_python_dop_operator_3.py
[2025-04-02T16:42:11.979-0400] {logging_mixin.py:188} INFO - [2025-04-02T16:42:11.979-0400] {dag.py:3096} INFO - Sync 1 DAGs
[2025-04-02T16:42:11.989-0400] {logging_mixin.py:188} INFO - [2025-04-02T16:42:11.988-0400] {dag.py:3954} INFO - Setting next_dagrun for example_branch_dop_operator_v3 to 2025-04-02 20:41:00+00:00, run_after=2025-04-02 20:42:00+00:00
[2025-04-02T16:42:11.994-0400] {processor.py:183} INFO - Processing /Users/prasenjeet.gadhe/Documents/05. Nokia_PoV/Parallel_Test/venv/lib/python3.9/site-packages/airflow/example_dags/example_branch_python_dop_operator_3.py took 0.093 seconds
[2025-04-02T16:44:03.810-0400] {processor.py:161} INFO - Started process (PID=364) to work on /Users/prasenjeet.gadhe/Documents/05. Nokia_PoV/Parallel_Test/venv/lib/python3.9/site-packages/airflow/example_dags/example_branch_python_dop_operator_3.py
[2025-04-02T16:44:03.812-0400] {processor.py:830} INFO - Processing file /Users/prasenjeet.gadhe/Documents/05. Nokia_PoV/Parallel_Test/venv/lib/python3.9/site-packages/airflow/example_dags/example_branch_python_dop_operator_3.py for tasks to queue
[2025-04-02T16:44:03.812-0400] {logging_mixin.py:188} INFO - [2025-04-02T16:44:03.812-0400] {dagbag.py:540} INFO - Filling up the DagBag from /Users/prasenjeet.gadhe/Documents/05. Nokia_PoV/Parallel_Test/venv/lib/python3.9/site-packages/airflow/example_dags/example_branch_python_dop_operator_3.py
[2025-04-02T16:44:03.828-0400] {processor.py:840} INFO - DAG(s) 'example_branch_dop_operator_v3' retrieved from /Users/prasenjeet.gadhe/Documents/05. Nokia_PoV/Parallel_Test/venv/lib/python3.9/site-packages/airflow/example_dags/example_branch_python_dop_operator_3.py
[2025-04-02T16:44:03.883-0400] {logging_mixin.py:188} INFO - [2025-04-02T16:44:03.883-0400] {dag.py:3096} INFO - Sync 1 DAGs
[2025-04-02T16:44:03.893-0400] {logging_mixin.py:188} INFO - [2025-04-02T16:44:03.893-0400] {dag.py:3954} INFO - Setting next_dagrun for example_branch_dop_operator_v3 to 2025-04-02 20:43:00+00:00, run_after=2025-04-02 20:44:00+00:00
[2025-04-02T16:44:03.899-0400] {processor.py:183} INFO - Processing /Users/prasenjeet.gadhe/Documents/05. Nokia_PoV/Parallel_Test/venv/lib/python3.9/site-packages/airflow/example_dags/example_branch_python_dop_operator_3.py took 0.090 seconds
[2025-04-02T16:46:38.334-0400] {processor.py:161} INFO - Started process (PID=19794) to work on /Users/prasenjeet.gadhe/Documents/05. Nokia_PoV/Parallel_Test/venv/lib/python3.9/site-packages/airflow/example_dags/example_branch_python_dop_operator_3.py
[2025-04-02T16:46:38.335-0400] {processor.py:830} INFO - Processing file /Users/prasenjeet.gadhe/Documents/05. Nokia_PoV/Parallel_Test/venv/lib/python3.9/site-packages/airflow/example_dags/example_branch_python_dop_operator_3.py for tasks to queue
[2025-04-02T16:46:38.336-0400] {logging_mixin.py:188} INFO - [2025-04-02T16:46:38.336-0400] {dagbag.py:540} INFO - Filling up the DagBag from /Users/prasenjeet.gadhe/Documents/05. Nokia_PoV/Parallel_Test/venv/lib/python3.9/site-packages/airflow/example_dags/example_branch_python_dop_operator_3.py
[2025-04-02T16:46:38.355-0400] {processor.py:840} INFO - DAG(s) 'example_branch_dop_operator_v3' retrieved from /Users/prasenjeet.gadhe/Documents/05. Nokia_PoV/Parallel_Test/venv/lib/python3.9/site-packages/airflow/example_dags/example_branch_python_dop_operator_3.py
[2025-04-02T16:46:38.418-0400] {logging_mixin.py:188} INFO - [2025-04-02T16:46:38.418-0400] {dag.py:3096} INFO - Sync 1 DAGs
[2025-04-02T16:46:38.429-0400] {logging_mixin.py:188} INFO - [2025-04-02T16:46:38.429-0400] {dag.py:3954} INFO - Setting next_dagrun for example_branch_dop_operator_v3 to 2025-04-02 20:45:00+00:00, run_after=2025-04-02 20:46:00+00:00
[2025-04-02T16:46:38.437-0400] {processor.py:183} INFO - Processing /Users/prasenjeet.gadhe/Documents/05. Nokia_PoV/Parallel_Test/venv/lib/python3.9/site-packages/airflow/example_dags/example_branch_python_dop_operator_3.py took 0.104 seconds
[2025-04-02T16:48:34.249-0400] {processor.py:161} INFO - Started process (PID=34165) to work on /Users/prasenjeet.gadhe/Documents/05. Nokia_PoV/Parallel_Test/venv/lib/python3.9/site-packages/airflow/example_dags/example_branch_python_dop_operator_3.py
[2025-04-02T16:48:34.250-0400] {processor.py:830} INFO - Processing file /Users/prasenjeet.gadhe/Documents/05. Nokia_PoV/Parallel_Test/venv/lib/python3.9/site-packages/airflow/example_dags/example_branch_python_dop_operator_3.py for tasks to queue
[2025-04-02T16:48:34.251-0400] {logging_mixin.py:188} INFO - [2025-04-02T16:48:34.251-0400] {dagbag.py:540} INFO - Filling up the DagBag from /Users/prasenjeet.gadhe/Documents/05. Nokia_PoV/Parallel_Test/venv/lib/python3.9/site-packages/airflow/example_dags/example_branch_python_dop_operator_3.py
[2025-04-02T16:48:34.268-0400] {processor.py:840} INFO - DAG(s) 'example_branch_dop_operator_v3' retrieved from /Users/prasenjeet.gadhe/Documents/05. Nokia_PoV/Parallel_Test/venv/lib/python3.9/site-packages/airflow/example_dags/example_branch_python_dop_operator_3.py
[2025-04-02T16:48:34.334-0400] {logging_mixin.py:188} INFO - [2025-04-02T16:48:34.333-0400] {dag.py:3096} INFO - Sync 1 DAGs
[2025-04-02T16:48:34.343-0400] {logging_mixin.py:188} INFO - [2025-04-02T16:48:34.343-0400] {dag.py:3954} INFO - Setting next_dagrun for example_branch_dop_operator_v3 to 2025-04-02 20:47:00+00:00, run_after=2025-04-02 20:48:00+00:00
[2025-04-02T16:48:34.349-0400] {processor.py:183} INFO - Processing /Users/prasenjeet.gadhe/Documents/05. Nokia_PoV/Parallel_Test/venv/lib/python3.9/site-packages/airflow/example_dags/example_branch_python_dop_operator_3.py took 0.101 seconds
[2025-04-02T16:51:49.694-0400] {processor.py:161} INFO - Started process (PID=58376) to work on /Users/prasenjeet.gadhe/Documents/05. Nokia_PoV/Parallel_Test/venv/lib/python3.9/site-packages/airflow/example_dags/example_branch_python_dop_operator_3.py
[2025-04-02T16:51:49.696-0400] {processor.py:830} INFO - Processing file /Users/prasenjeet.gadhe/Documents/05. Nokia_PoV/Parallel_Test/venv/lib/python3.9/site-packages/airflow/example_dags/example_branch_python_dop_operator_3.py for tasks to queue
[2025-04-02T16:51:49.696-0400] {logging_mixin.py:188} INFO - [2025-04-02T16:51:49.696-0400] {dagbag.py:540} INFO - Filling up the DagBag from /Users/prasenjeet.gadhe/Documents/05. Nokia_PoV/Parallel_Test/venv/lib/python3.9/site-packages/airflow/example_dags/example_branch_python_dop_operator_3.py
[2025-04-02T16:51:49.712-0400] {processor.py:840} INFO - DAG(s) 'example_branch_dop_operator_v3' retrieved from /Users/prasenjeet.gadhe/Documents/05. Nokia_PoV/Parallel_Test/venv/lib/python3.9/site-packages/airflow/example_dags/example_branch_python_dop_operator_3.py
[2025-04-02T16:51:49.764-0400] {logging_mixin.py:188} INFO - [2025-04-02T16:51:49.764-0400] {dag.py:3096} INFO - Sync 1 DAGs
[2025-04-02T16:51:49.774-0400] {logging_mixin.py:188} INFO - [2025-04-02T16:51:49.774-0400] {dag.py:3954} INFO - Setting next_dagrun for example_branch_dop_operator_v3 to 2025-04-02 20:50:00+00:00, run_after=2025-04-02 20:51:00+00:00
[2025-04-02T16:51:49.780-0400] {processor.py:183} INFO - Processing /Users/prasenjeet.gadhe/Documents/05. Nokia_PoV/Parallel_Test/venv/lib/python3.9/site-packages/airflow/example_dags/example_branch_python_dop_operator_3.py took 0.086 seconds
[2025-04-02T16:53:40.754-0400] {processor.py:161} INFO - Started process (PID=71975) to work on /Users/prasenjeet.gadhe/Documents/05. Nokia_PoV/Parallel_Test/venv/lib/python3.9/site-packages/airflow/example_dags/example_branch_python_dop_operator_3.py
[2025-04-02T16:53:40.756-0400] {processor.py:830} INFO - Processing file /Users/prasenjeet.gadhe/Documents/05. Nokia_PoV/Parallel_Test/venv/lib/python3.9/site-packages/airflow/example_dags/example_branch_python_dop_operator_3.py for tasks to queue
[2025-04-02T16:53:40.756-0400] {logging_mixin.py:188} INFO - [2025-04-02T16:53:40.756-0400] {dagbag.py:540} INFO - Filling up the DagBag from /Users/prasenjeet.gadhe/Documents/05. Nokia_PoV/Parallel_Test/venv/lib/python3.9/site-packages/airflow/example_dags/example_branch_python_dop_operator_3.py
[2025-04-02T16:53:40.771-0400] {processor.py:840} INFO - DAG(s) 'example_branch_dop_operator_v3' retrieved from /Users/prasenjeet.gadhe/Documents/05. Nokia_PoV/Parallel_Test/venv/lib/python3.9/site-packages/airflow/example_dags/example_branch_python_dop_operator_3.py
[2025-04-02T16:53:40.824-0400] {logging_mixin.py:188} INFO - [2025-04-02T16:53:40.824-0400] {dag.py:3096} INFO - Sync 1 DAGs
[2025-04-02T16:53:40.834-0400] {logging_mixin.py:188} INFO - [2025-04-02T16:53:40.833-0400] {dag.py:3954} INFO - Setting next_dagrun for example_branch_dop_operator_v3 to 2025-04-02 20:52:00+00:00, run_after=2025-04-02 20:53:00+00:00
[2025-04-02T16:53:40.840-0400] {processor.py:183} INFO - Processing /Users/prasenjeet.gadhe/Documents/05. Nokia_PoV/Parallel_Test/venv/lib/python3.9/site-packages/airflow/example_dags/example_branch_python_dop_operator_3.py took 0.087 seconds
[2025-04-02T16:55:35.027-0400] {processor.py:161} INFO - Started process (PID=86254) to work on /Users/prasenjeet.gadhe/Documents/05. Nokia_PoV/Parallel_Test/venv/lib/python3.9/site-packages/airflow/example_dags/example_branch_python_dop_operator_3.py
[2025-04-02T16:55:35.028-0400] {processor.py:830} INFO - Processing file /Users/prasenjeet.gadhe/Documents/05. Nokia_PoV/Parallel_Test/venv/lib/python3.9/site-packages/airflow/example_dags/example_branch_python_dop_operator_3.py for tasks to queue
[2025-04-02T16:55:35.029-0400] {logging_mixin.py:188} INFO - [2025-04-02T16:55:35.028-0400] {dagbag.py:540} INFO - Filling up the DagBag from /Users/prasenjeet.gadhe/Documents/05. Nokia_PoV/Parallel_Test/venv/lib/python3.9/site-packages/airflow/example_dags/example_branch_python_dop_operator_3.py
[2025-04-02T16:55:35.043-0400] {processor.py:840} INFO - DAG(s) 'example_branch_dop_operator_v3' retrieved from /Users/prasenjeet.gadhe/Documents/05. Nokia_PoV/Parallel_Test/venv/lib/python3.9/site-packages/airflow/example_dags/example_branch_python_dop_operator_3.py
[2025-04-02T16:55:35.096-0400] {logging_mixin.py:188} INFO - [2025-04-02T16:55:35.096-0400] {dag.py:3096} INFO - Sync 1 DAGs
[2025-04-02T16:55:35.105-0400] {logging_mixin.py:188} INFO - [2025-04-02T16:55:35.105-0400] {dag.py:3954} INFO - Setting next_dagrun for example_branch_dop_operator_v3 to 2025-04-02 20:54:00+00:00, run_after=2025-04-02 20:55:00+00:00
[2025-04-02T16:55:35.111-0400] {processor.py:183} INFO - Processing /Users/prasenjeet.gadhe/Documents/05. Nokia_PoV/Parallel_Test/venv/lib/python3.9/site-packages/airflow/example_dags/example_branch_python_dop_operator_3.py took 0.085 seconds
[2025-04-02T16:57:32.531-0400] {processor.py:161} INFO - Started process (PID=931) to work on /Users/prasenjeet.gadhe/Documents/05. Nokia_PoV/Parallel_Test/venv/lib/python3.9/site-packages/airflow/example_dags/example_branch_python_dop_operator_3.py
[2025-04-02T16:57:32.533-0400] {processor.py:830} INFO - Processing file /Users/prasenjeet.gadhe/Documents/05. Nokia_PoV/Parallel_Test/venv/lib/python3.9/site-packages/airflow/example_dags/example_branch_python_dop_operator_3.py for tasks to queue
[2025-04-02T16:57:32.533-0400] {logging_mixin.py:188} INFO - [2025-04-02T16:57:32.533-0400] {dagbag.py:540} INFO - Filling up the DagBag from /Users/prasenjeet.gadhe/Documents/05. Nokia_PoV/Parallel_Test/venv/lib/python3.9/site-packages/airflow/example_dags/example_branch_python_dop_operator_3.py
[2025-04-02T16:57:32.548-0400] {processor.py:840} INFO - DAG(s) 'example_branch_dop_operator_v3' retrieved from /Users/prasenjeet.gadhe/Documents/05. Nokia_PoV/Parallel_Test/venv/lib/python3.9/site-packages/airflow/example_dags/example_branch_python_dop_operator_3.py
[2025-04-02T16:57:32.601-0400] {logging_mixin.py:188} INFO - [2025-04-02T16:57:32.601-0400] {dag.py:3096} INFO - Sync 1 DAGs
[2025-04-02T16:57:32.610-0400] {logging_mixin.py:188} INFO - [2025-04-02T16:57:32.610-0400] {dag.py:3954} INFO - Setting next_dagrun for example_branch_dop_operator_v3 to 2025-04-02 20:56:00+00:00, run_after=2025-04-02 20:57:00+00:00
[2025-04-02T16:57:32.616-0400] {processor.py:183} INFO - Processing /Users/prasenjeet.gadhe/Documents/05. Nokia_PoV/Parallel_Test/venv/lib/python3.9/site-packages/airflow/example_dags/example_branch_python_dop_operator_3.py took 0.086 seconds
[2025-04-02T16:59:21.967-0400] {processor.py:161} INFO - Started process (PID=14462) to work on /Users/prasenjeet.gadhe/Documents/05. Nokia_PoV/Parallel_Test/venv/lib/python3.9/site-packages/airflow/example_dags/example_branch_python_dop_operator_3.py
[2025-04-02T16:59:21.968-0400] {processor.py:830} INFO - Processing file /Users/prasenjeet.gadhe/Documents/05. Nokia_PoV/Parallel_Test/venv/lib/python3.9/site-packages/airflow/example_dags/example_branch_python_dop_operator_3.py for tasks to queue
[2025-04-02T16:59:21.969-0400] {logging_mixin.py:188} INFO - [2025-04-02T16:59:21.969-0400] {dagbag.py:540} INFO - Filling up the DagBag from /Users/prasenjeet.gadhe/Documents/05. Nokia_PoV/Parallel_Test/venv/lib/python3.9/site-packages/airflow/example_dags/example_branch_python_dop_operator_3.py
[2025-04-02T16:59:21.984-0400] {processor.py:840} INFO - DAG(s) 'example_branch_dop_operator_v3' retrieved from /Users/prasenjeet.gadhe/Documents/05. Nokia_PoV/Parallel_Test/venv/lib/python3.9/site-packages/airflow/example_dags/example_branch_python_dop_operator_3.py
[2025-04-02T16:59:22.038-0400] {logging_mixin.py:188} INFO - [2025-04-02T16:59:22.037-0400] {dag.py:3096} INFO - Sync 1 DAGs
[2025-04-02T16:59:22.046-0400] {logging_mixin.py:188} INFO - [2025-04-02T16:59:22.046-0400] {dag.py:3954} INFO - Setting next_dagrun for example_branch_dop_operator_v3 to 2025-04-02 20:58:00+00:00, run_after=2025-04-02 20:59:00+00:00
[2025-04-02T16:59:22.053-0400] {processor.py:183} INFO - Processing /Users/prasenjeet.gadhe/Documents/05. Nokia_PoV/Parallel_Test/venv/lib/python3.9/site-packages/airflow/example_dags/example_branch_python_dop_operator_3.py took 0.086 seconds
[2025-04-02T17:01:16.581-0400] {processor.py:161} INFO - Started process (PID=28590) to work on /Users/prasenjeet.gadhe/Documents/05. Nokia_PoV/Parallel_Test/venv/lib/python3.9/site-packages/airflow/example_dags/example_branch_python_dop_operator_3.py
[2025-04-02T17:01:16.583-0400] {processor.py:830} INFO - Processing file /Users/prasenjeet.gadhe/Documents/05. Nokia_PoV/Parallel_Test/venv/lib/python3.9/site-packages/airflow/example_dags/example_branch_python_dop_operator_3.py for tasks to queue
[2025-04-02T17:01:16.583-0400] {logging_mixin.py:188} INFO - [2025-04-02T17:01:16.583-0400] {dagbag.py:540} INFO - Filling up the DagBag from /Users/prasenjeet.gadhe/Documents/05. Nokia_PoV/Parallel_Test/venv/lib/python3.9/site-packages/airflow/example_dags/example_branch_python_dop_operator_3.py
[2025-04-02T17:01:16.599-0400] {processor.py:840} INFO - DAG(s) 'example_branch_dop_operator_v3' retrieved from /Users/prasenjeet.gadhe/Documents/05. Nokia_PoV/Parallel_Test/venv/lib/python3.9/site-packages/airflow/example_dags/example_branch_python_dop_operator_3.py
[2025-04-02T17:01:16.666-0400] {logging_mixin.py:188} INFO - [2025-04-02T17:01:16.666-0400] {dag.py:3096} INFO - Sync 1 DAGs
[2025-04-02T17:01:16.678-0400] {logging_mixin.py:188} INFO - [2025-04-02T17:01:16.678-0400] {dag.py:3954} INFO - Setting next_dagrun for example_branch_dop_operator_v3 to 2025-04-02 21:00:00+00:00, run_after=2025-04-02 21:01:00+00:00
[2025-04-02T17:01:16.686-0400] {processor.py:183} INFO - Processing /Users/prasenjeet.gadhe/Documents/05. Nokia_PoV/Parallel_Test/venv/lib/python3.9/site-packages/airflow/example_dags/example_branch_python_dop_operator_3.py took 0.106 seconds
[2025-04-02T17:03:08.941-0400] {processor.py:161} INFO - Started process (PID=42323) to work on /Users/prasenjeet.gadhe/Documents/05. Nokia_PoV/Parallel_Test/venv/lib/python3.9/site-packages/airflow/example_dags/example_branch_python_dop_operator_3.py
[2025-04-02T17:03:08.943-0400] {processor.py:830} INFO - Processing file /Users/prasenjeet.gadhe/Documents/05. Nokia_PoV/Parallel_Test/venv/lib/python3.9/site-packages/airflow/example_dags/example_branch_python_dop_operator_3.py for tasks to queue
[2025-04-02T17:03:08.943-0400] {logging_mixin.py:188} INFO - [2025-04-02T17:03:08.943-0400] {dagbag.py:540} INFO - Filling up the DagBag from /Users/prasenjeet.gadhe/Documents/05. Nokia_PoV/Parallel_Test/venv/lib/python3.9/site-packages/airflow/example_dags/example_branch_python_dop_operator_3.py
[2025-04-02T17:03:08.958-0400] {processor.py:840} INFO - DAG(s) 'example_branch_dop_operator_v3' retrieved from /Users/prasenjeet.gadhe/Documents/05. Nokia_PoV/Parallel_Test/venv/lib/python3.9/site-packages/airflow/example_dags/example_branch_python_dop_operator_3.py
[2025-04-02T17:03:09.011-0400] {logging_mixin.py:188} INFO - [2025-04-02T17:03:09.011-0400] {dag.py:3096} INFO - Sync 1 DAGs
[2025-04-02T17:03:09.021-0400] {logging_mixin.py:188} INFO - [2025-04-02T17:03:09.021-0400] {dag.py:3954} INFO - Setting next_dagrun for example_branch_dop_operator_v3 to 2025-04-02 21:02:00+00:00, run_after=2025-04-02 21:03:00+00:00
[2025-04-02T17:03:09.027-0400] {processor.py:183} INFO - Processing /Users/prasenjeet.gadhe/Documents/05. Nokia_PoV/Parallel_Test/venv/lib/python3.9/site-packages/airflow/example_dags/example_branch_python_dop_operator_3.py took 0.086 seconds
[2025-04-02T17:04:58.862-0400] {processor.py:161} INFO - Started process (PID=55838) to work on /Users/prasenjeet.gadhe/Documents/05. Nokia_PoV/Parallel_Test/venv/lib/python3.9/site-packages/airflow/example_dags/example_branch_python_dop_operator_3.py
[2025-04-02T17:04:58.864-0400] {processor.py:830} INFO - Processing file /Users/prasenjeet.gadhe/Documents/05. Nokia_PoV/Parallel_Test/venv/lib/python3.9/site-packages/airflow/example_dags/example_branch_python_dop_operator_3.py for tasks to queue
[2025-04-02T17:04:58.865-0400] {logging_mixin.py:188} INFO - [2025-04-02T17:04:58.865-0400] {dagbag.py:540} INFO - Filling up the DagBag from /Users/prasenjeet.gadhe/Documents/05. Nokia_PoV/Parallel_Test/venv/lib/python3.9/site-packages/airflow/example_dags/example_branch_python_dop_operator_3.py
[2025-04-02T17:04:58.881-0400] {processor.py:840} INFO - DAG(s) 'example_branch_dop_operator_v3' retrieved from /Users/prasenjeet.gadhe/Documents/05. Nokia_PoV/Parallel_Test/venv/lib/python3.9/site-packages/airflow/example_dags/example_branch_python_dop_operator_3.py
[2025-04-02T17:04:58.935-0400] {logging_mixin.py:188} INFO - [2025-04-02T17:04:58.935-0400] {dag.py:3096} INFO - Sync 1 DAGs
[2025-04-02T17:04:58.944-0400] {logging_mixin.py:188} INFO - [2025-04-02T17:04:58.944-0400] {dag.py:3954} INFO - Setting next_dagrun for example_branch_dop_operator_v3 to 2025-04-02 21:03:00+00:00, run_after=2025-04-02 21:04:00+00:00
[2025-04-02T17:04:58.951-0400] {processor.py:183} INFO - Processing /Users/prasenjeet.gadhe/Documents/05. Nokia_PoV/Parallel_Test/venv/lib/python3.9/site-packages/airflow/example_dags/example_branch_python_dop_operator_3.py took 0.090 seconds
[2025-04-02T17:06:47.866-0400] {processor.py:161} INFO - Started process (PID=69262) to work on /Users/prasenjeet.gadhe/Documents/05. Nokia_PoV/Parallel_Test/venv/lib/python3.9/site-packages/airflow/example_dags/example_branch_python_dop_operator_3.py
[2025-04-02T17:06:47.867-0400] {processor.py:830} INFO - Processing file /Users/prasenjeet.gadhe/Documents/05. Nokia_PoV/Parallel_Test/venv/lib/python3.9/site-packages/airflow/example_dags/example_branch_python_dop_operator_3.py for tasks to queue
[2025-04-02T17:06:47.867-0400] {logging_mixin.py:188} INFO - [2025-04-02T17:06:47.867-0400] {dagbag.py:540} INFO - Filling up the DagBag from /Users/prasenjeet.gadhe/Documents/05. Nokia_PoV/Parallel_Test/venv/lib/python3.9/site-packages/airflow/example_dags/example_branch_python_dop_operator_3.py
[2025-04-02T17:06:47.885-0400] {processor.py:840} INFO - DAG(s) 'example_branch_dop_operator_v3' retrieved from /Users/prasenjeet.gadhe/Documents/05. Nokia_PoV/Parallel_Test/venv/lib/python3.9/site-packages/airflow/example_dags/example_branch_python_dop_operator_3.py
[2025-04-02T17:06:47.958-0400] {logging_mixin.py:188} INFO - [2025-04-02T17:06:47.957-0400] {dag.py:3096} INFO - Sync 1 DAGs
[2025-04-02T17:06:47.968-0400] {logging_mixin.py:188} INFO - [2025-04-02T17:06:47.968-0400] {dag.py:3954} INFO - Setting next_dagrun for example_branch_dop_operator_v3 to 2025-04-02 21:05:00+00:00, run_after=2025-04-02 21:06:00+00:00
[2025-04-02T17:06:47.976-0400] {processor.py:183} INFO - Processing /Users/prasenjeet.gadhe/Documents/05. Nokia_PoV/Parallel_Test/venv/lib/python3.9/site-packages/airflow/example_dags/example_branch_python_dop_operator_3.py took 0.112 seconds
[2025-04-02T17:08:41.223-0400] {processor.py:161} INFO - Started process (PID=83267) to work on /Users/prasenjeet.gadhe/Documents/05. Nokia_PoV/Parallel_Test/venv/lib/python3.9/site-packages/airflow/example_dags/example_branch_python_dop_operator_3.py
[2025-04-02T17:08:41.224-0400] {processor.py:830} INFO - Processing file /Users/prasenjeet.gadhe/Documents/05. Nokia_PoV/Parallel_Test/venv/lib/python3.9/site-packages/airflow/example_dags/example_branch_python_dop_operator_3.py for tasks to queue
[2025-04-02T17:08:41.224-0400] {logging_mixin.py:188} INFO - [2025-04-02T17:08:41.224-0400] {dagbag.py:540} INFO - Filling up the DagBag from /Users/prasenjeet.gadhe/Documents/05. Nokia_PoV/Parallel_Test/venv/lib/python3.9/site-packages/airflow/example_dags/example_branch_python_dop_operator_3.py
[2025-04-02T17:08:41.240-0400] {processor.py:840} INFO - DAG(s) 'example_branch_dop_operator_v3' retrieved from /Users/prasenjeet.gadhe/Documents/05. Nokia_PoV/Parallel_Test/venv/lib/python3.9/site-packages/airflow/example_dags/example_branch_python_dop_operator_3.py
[2025-04-02T17:08:41.299-0400] {logging_mixin.py:188} INFO - [2025-04-02T17:08:41.299-0400] {dag.py:3096} INFO - Sync 1 DAGs
[2025-04-02T17:08:41.308-0400] {logging_mixin.py:188} INFO - [2025-04-02T17:08:41.308-0400] {dag.py:3954} INFO - Setting next_dagrun for example_branch_dop_operator_v3 to 2025-04-02 21:07:00+00:00, run_after=2025-04-02 21:08:00+00:00
[2025-04-02T17:08:41.315-0400] {processor.py:183} INFO - Processing /Users/prasenjeet.gadhe/Documents/05. Nokia_PoV/Parallel_Test/venv/lib/python3.9/site-packages/airflow/example_dags/example_branch_python_dop_operator_3.py took 0.093 seconds
[2025-04-02T17:10:37.586-0400] {processor.py:161} INFO - Started process (PID=97617) to work on /Users/prasenjeet.gadhe/Documents/05. Nokia_PoV/Parallel_Test/venv/lib/python3.9/site-packages/airflow/example_dags/example_branch_python_dop_operator_3.py
[2025-04-02T17:10:37.587-0400] {processor.py:830} INFO - Processing file /Users/prasenjeet.gadhe/Documents/05. Nokia_PoV/Parallel_Test/venv/lib/python3.9/site-packages/airflow/example_dags/example_branch_python_dop_operator_3.py for tasks to queue
[2025-04-02T17:10:37.587-0400] {logging_mixin.py:188} INFO - [2025-04-02T17:10:37.587-0400] {dagbag.py:540} INFO - Filling up the DagBag from /Users/prasenjeet.gadhe/Documents/05. Nokia_PoV/Parallel_Test/venv/lib/python3.9/site-packages/airflow/example_dags/example_branch_python_dop_operator_3.py
[2025-04-02T17:10:37.604-0400] {processor.py:840} INFO - DAG(s) 'example_branch_dop_operator_v3' retrieved from /Users/prasenjeet.gadhe/Documents/05. Nokia_PoV/Parallel_Test/venv/lib/python3.9/site-packages/airflow/example_dags/example_branch_python_dop_operator_3.py
[2025-04-02T17:10:37.660-0400] {logging_mixin.py:188} INFO - [2025-04-02T17:10:37.660-0400] {dag.py:3096} INFO - Sync 1 DAGs
[2025-04-02T17:10:37.670-0400] {logging_mixin.py:188} INFO - [2025-04-02T17:10:37.670-0400] {dag.py:3954} INFO - Setting next_dagrun for example_branch_dop_operator_v3 to 2025-04-02 21:09:00+00:00, run_after=2025-04-02 21:10:00+00:00
[2025-04-02T17:10:37.676-0400] {processor.py:183} INFO - Processing /Users/prasenjeet.gadhe/Documents/05. Nokia_PoV/Parallel_Test/venv/lib/python3.9/site-packages/airflow/example_dags/example_branch_python_dop_operator_3.py took 0.091 seconds
[2025-04-02T17:12:30.559-0400] {processor.py:161} INFO - Started process (PID=11917) to work on /Users/prasenjeet.gadhe/Documents/05. Nokia_PoV/Parallel_Test/venv/lib/python3.9/site-packages/airflow/example_dags/example_branch_python_dop_operator_3.py
[2025-04-02T17:12:30.561-0400] {processor.py:830} INFO - Processing file /Users/prasenjeet.gadhe/Documents/05. Nokia_PoV/Parallel_Test/venv/lib/python3.9/site-packages/airflow/example_dags/example_branch_python_dop_operator_3.py for tasks to queue
[2025-04-02T17:12:30.561-0400] {logging_mixin.py:188} INFO - [2025-04-02T17:12:30.561-0400] {dagbag.py:540} INFO - Filling up the DagBag from /Users/prasenjeet.gadhe/Documents/05. Nokia_PoV/Parallel_Test/venv/lib/python3.9/site-packages/airflow/example_dags/example_branch_python_dop_operator_3.py
[2025-04-02T17:12:30.576-0400] {processor.py:840} INFO - DAG(s) 'example_branch_dop_operator_v3' retrieved from /Users/prasenjeet.gadhe/Documents/05. Nokia_PoV/Parallel_Test/venv/lib/python3.9/site-packages/airflow/example_dags/example_branch_python_dop_operator_3.py
[2025-04-02T17:12:30.628-0400] {logging_mixin.py:188} INFO - [2025-04-02T17:12:30.628-0400] {dag.py:3096} INFO - Sync 1 DAGs
[2025-04-02T17:12:30.637-0400] {logging_mixin.py:188} INFO - [2025-04-02T17:12:30.637-0400] {dag.py:3954} INFO - Setting next_dagrun for example_branch_dop_operator_v3 to 2025-04-02 21:11:00+00:00, run_after=2025-04-02 21:12:00+00:00
[2025-04-02T17:12:30.644-0400] {processor.py:183} INFO - Processing /Users/prasenjeet.gadhe/Documents/05. Nokia_PoV/Parallel_Test/venv/lib/python3.9/site-packages/airflow/example_dags/example_branch_python_dop_operator_3.py took 0.085 seconds
