[2025-04-02T16:39:49.280-0400] {processor.py:161} INFO - Started process (PID=68612) to work on /Users/prasenjeet.gadhe/Documents/05. Nokia_PoV/Parallel_Test/venv/lib/python3.9/site-packages/airflow/example_dags/example_python_decorator.py
[2025-04-02T16:39:49.281-0400] {processor.py:830} INFO - Processing file /Users/prasenjeet.gadhe/Documents/05. Nokia_PoV/Parallel_Test/venv/lib/python3.9/site-packages/airflow/example_dags/example_python_decorator.py for tasks to queue
[2025-04-02T16:39:49.281-0400] {logging_mixin.py:188} INFO - [2025-04-02T16:39:49.281-0400] {dagbag.py:540} INFO - Filling up the DagBag from /Users/prasenjeet.gadhe/Documents/05. Nokia_PoV/Parallel_Test/venv/lib/python3.9/site-packages/airflow/example_dags/example_python_decorator.py
[2025-04-02T16:39:49.296-0400] {logging_mixin.py:188} INFO - [2025-04-02T16:39:49.296-0400] {example_python_decorator.py:80} WARNING - The virtalenv_python example task requires virtualenv, please install it.
[2025-04-02T16:39:49.297-0400] {processor.py:840} INFO - DAG(s) 'example_python_decorator' retrieved from /Users/prasenjeet.gadhe/Documents/05. Nokia_PoV/Parallel_Test/venv/lib/python3.9/site-packages/airflow/example_dags/example_python_decorator.py
[2025-04-02T16:39:49.381-0400] {logging_mixin.py:188} INFO - [2025-04-02T16:39:49.381-0400] {override.py:1829} INFO - Created Permission View: can read on DAG:example_python_decorator
[2025-04-02T16:39:49.384-0400] {logging_mixin.py:188} INFO - [2025-04-02T16:39:49.384-0400] {override.py:1829} INFO - Created Permission View: can delete on DAG:example_python_decorator
[2025-04-02T16:39:49.386-0400] {logging_mixin.py:188} INFO - [2025-04-02T16:39:49.386-0400] {override.py:1829} INFO - Created Permission View: can edit on DAG:example_python_decorator
[2025-04-02T16:39:49.386-0400] {logging_mixin.py:188} INFO - [2025-04-02T16:39:49.386-0400] {dag.py:3096} INFO - Sync 1 DAGs
[2025-04-02T16:39:49.389-0400] {logging_mixin.py:188} INFO - [2025-04-02T16:39:49.389-0400] {dag.py:3118} INFO - Creating ORM DAG for example_python_decorator
[2025-04-02T16:39:49.389-0400] {logging_mixin.py:188} INFO - [2025-04-02T16:39:49.389-0400] {dag.py:3954} INFO - Setting next_dagrun for example_python_decorator to None, run_after=None
[2025-04-02T16:39:49.395-0400] {processor.py:183} INFO - Processing /Users/prasenjeet.gadhe/Documents/05. Nokia_PoV/Parallel_Test/venv/lib/python3.9/site-packages/airflow/example_dags/example_python_decorator.py took 0.116 seconds
[2025-04-02T16:41:16.088-0400] {processor.py:161} INFO - Started process (PID=79539) to work on /Users/prasenjeet.gadhe/Documents/05. Nokia_PoV/Parallel_Test/venv/lib/python3.9/site-packages/airflow/example_dags/example_python_decorator.py
[2025-04-02T16:41:16.090-0400] {processor.py:830} INFO - Processing file /Users/prasenjeet.gadhe/Documents/05. Nokia_PoV/Parallel_Test/venv/lib/python3.9/site-packages/airflow/example_dags/example_python_decorator.py for tasks to queue
[2025-04-02T16:41:16.090-0400] {logging_mixin.py:188} INFO - [2025-04-02T16:41:16.090-0400] {dagbag.py:540} INFO - Filling up the DagBag from /Users/prasenjeet.gadhe/Documents/05. Nokia_PoV/Parallel_Test/venv/lib/python3.9/site-packages/airflow/example_dags/example_python_decorator.py
[2025-04-02T16:41:16.104-0400] {logging_mixin.py:188} INFO - [2025-04-02T16:41:16.104-0400] {example_python_decorator.py:80} WARNING - The virtalenv_python example task requires virtualenv, please install it.
[2025-04-02T16:41:16.104-0400] {processor.py:840} INFO - DAG(s) 'example_python_decorator' retrieved from /Users/prasenjeet.gadhe/Documents/05. Nokia_PoV/Parallel_Test/venv/lib/python3.9/site-packages/airflow/example_dags/example_python_decorator.py
[2025-04-02T16:41:16.161-0400] {logging_mixin.py:188} INFO - [2025-04-02T16:41:16.161-0400] {dag.py:3096} INFO - Sync 1 DAGs
[2025-04-02T16:41:16.165-0400] {logging_mixin.py:188} INFO - [2025-04-02T16:41:16.164-0400] {dag.py:3954} INFO - Setting next_dagrun for example_python_decorator to None, run_after=None
[2025-04-02T16:41:16.171-0400] {processor.py:183} INFO - Processing /Users/prasenjeet.gadhe/Documents/05. Nokia_PoV/Parallel_Test/venv/lib/python3.9/site-packages/airflow/example_dags/example_python_decorator.py took 0.084 seconds
[2025-04-02T16:43:12.433-0400] {processor.py:161} INFO - Started process (PID=93930) to work on /Users/prasenjeet.gadhe/Documents/05. Nokia_PoV/Parallel_Test/venv/lib/python3.9/site-packages/airflow/example_dags/example_python_decorator.py
[2025-04-02T16:43:12.434-0400] {processor.py:830} INFO - Processing file /Users/prasenjeet.gadhe/Documents/05. Nokia_PoV/Parallel_Test/venv/lib/python3.9/site-packages/airflow/example_dags/example_python_decorator.py for tasks to queue
[2025-04-02T16:43:12.434-0400] {logging_mixin.py:188} INFO - [2025-04-02T16:43:12.434-0400] {dagbag.py:540} INFO - Filling up the DagBag from /Users/prasenjeet.gadhe/Documents/05. Nokia_PoV/Parallel_Test/venv/lib/python3.9/site-packages/airflow/example_dags/example_python_decorator.py
[2025-04-02T16:43:12.448-0400] {logging_mixin.py:188} INFO - [2025-04-02T16:43:12.448-0400] {example_python_decorator.py:80} WARNING - The virtalenv_python example task requires virtualenv, please install it.
[2025-04-02T16:43:12.449-0400] {processor.py:840} INFO - DAG(s) 'example_python_decorator' retrieved from /Users/prasenjeet.gadhe/Documents/05. Nokia_PoV/Parallel_Test/venv/lib/python3.9/site-packages/airflow/example_dags/example_python_decorator.py
[2025-04-02T16:43:12.501-0400] {logging_mixin.py:188} INFO - [2025-04-02T16:43:12.501-0400] {dag.py:3096} INFO - Sync 1 DAGs
[2025-04-02T16:43:12.505-0400] {logging_mixin.py:188} INFO - [2025-04-02T16:43:12.505-0400] {dag.py:3954} INFO - Setting next_dagrun for example_python_decorator to None, run_after=None
[2025-04-02T16:43:12.511-0400] {processor.py:183} INFO - Processing /Users/prasenjeet.gadhe/Documents/05. Nokia_PoV/Parallel_Test/venv/lib/python3.9/site-packages/airflow/example_dags/example_python_decorator.py took 0.080 seconds
[2025-04-02T16:46:11.319-0400] {processor.py:161} INFO - Started process (PID=16406) to work on /Users/prasenjeet.gadhe/Documents/05. Nokia_PoV/Parallel_Test/venv/lib/python3.9/site-packages/airflow/example_dags/example_python_decorator.py
[2025-04-02T16:46:11.321-0400] {processor.py:830} INFO - Processing file /Users/prasenjeet.gadhe/Documents/05. Nokia_PoV/Parallel_Test/venv/lib/python3.9/site-packages/airflow/example_dags/example_python_decorator.py for tasks to queue
[2025-04-02T16:46:11.321-0400] {logging_mixin.py:188} INFO - [2025-04-02T16:46:11.321-0400] {dagbag.py:540} INFO - Filling up the DagBag from /Users/prasenjeet.gadhe/Documents/05. Nokia_PoV/Parallel_Test/venv/lib/python3.9/site-packages/airflow/example_dags/example_python_decorator.py
[2025-04-02T16:46:11.336-0400] {logging_mixin.py:188} INFO - [2025-04-02T16:46:11.336-0400] {example_python_decorator.py:80} WARNING - The virtalenv_python example task requires virtualenv, please install it.
[2025-04-02T16:46:11.337-0400] {processor.py:840} INFO - DAG(s) 'example_python_decorator' retrieved from /Users/prasenjeet.gadhe/Documents/05. Nokia_PoV/Parallel_Test/venv/lib/python3.9/site-packages/airflow/example_dags/example_python_decorator.py
[2025-04-02T16:46:11.392-0400] {logging_mixin.py:188} INFO - [2025-04-02T16:46:11.392-0400] {dag.py:3096} INFO - Sync 1 DAGs
[2025-04-02T16:46:11.396-0400] {logging_mixin.py:188} INFO - [2025-04-02T16:46:11.396-0400] {dag.py:3954} INFO - Setting next_dagrun for example_python_decorator to None, run_after=None
[2025-04-02T16:46:11.402-0400] {processor.py:183} INFO - Processing /Users/prasenjeet.gadhe/Documents/05. Nokia_PoV/Parallel_Test/venv/lib/python3.9/site-packages/airflow/example_dags/example_python_decorator.py took 0.085 seconds
[2025-04-02T16:47:39.520-0400] {processor.py:161} INFO - Started process (PID=27401) to work on /Users/prasenjeet.gadhe/Documents/05. Nokia_PoV/Parallel_Test/venv/lib/python3.9/site-packages/airflow/example_dags/example_python_decorator.py
[2025-04-02T16:47:39.521-0400] {processor.py:830} INFO - Processing file /Users/prasenjeet.gadhe/Documents/05. Nokia_PoV/Parallel_Test/venv/lib/python3.9/site-packages/airflow/example_dags/example_python_decorator.py for tasks to queue
[2025-04-02T16:47:39.522-0400] {logging_mixin.py:188} INFO - [2025-04-02T16:47:39.522-0400] {dagbag.py:540} INFO - Filling up the DagBag from /Users/prasenjeet.gadhe/Documents/05. Nokia_PoV/Parallel_Test/venv/lib/python3.9/site-packages/airflow/example_dags/example_python_decorator.py
[2025-04-02T16:47:39.536-0400] {logging_mixin.py:188} INFO - [2025-04-02T16:47:39.536-0400] {example_python_decorator.py:80} WARNING - The virtalenv_python example task requires virtualenv, please install it.
[2025-04-02T16:47:39.537-0400] {processor.py:840} INFO - DAG(s) 'example_python_decorator' retrieved from /Users/prasenjeet.gadhe/Documents/05. Nokia_PoV/Parallel_Test/venv/lib/python3.9/site-packages/airflow/example_dags/example_python_decorator.py
[2025-04-02T16:47:39.598-0400] {logging_mixin.py:188} INFO - [2025-04-02T16:47:39.598-0400] {dag.py:3096} INFO - Sync 1 DAGs
[2025-04-02T16:47:39.602-0400] {logging_mixin.py:188} INFO - [2025-04-02T16:47:39.602-0400] {dag.py:3954} INFO - Setting next_dagrun for example_python_decorator to None, run_after=None
[2025-04-02T16:47:39.609-0400] {processor.py:183} INFO - Processing /Users/prasenjeet.gadhe/Documents/05. Nokia_PoV/Parallel_Test/venv/lib/python3.9/site-packages/airflow/example_dags/example_python_decorator.py took 0.091 seconds
[2025-04-02T16:49:31.284-0400] {processor.py:161} INFO - Started process (PID=41206) to work on /Users/prasenjeet.gadhe/Documents/05. Nokia_PoV/Parallel_Test/venv/lib/python3.9/site-packages/airflow/example_dags/example_python_decorator.py
[2025-04-02T16:49:31.286-0400] {processor.py:830} INFO - Processing file /Users/prasenjeet.gadhe/Documents/05. Nokia_PoV/Parallel_Test/venv/lib/python3.9/site-packages/airflow/example_dags/example_python_decorator.py for tasks to queue
[2025-04-02T16:49:31.286-0400] {logging_mixin.py:188} INFO - [2025-04-02T16:49:31.286-0400] {dagbag.py:540} INFO - Filling up the DagBag from /Users/prasenjeet.gadhe/Documents/05. Nokia_PoV/Parallel_Test/venv/lib/python3.9/site-packages/airflow/example_dags/example_python_decorator.py
[2025-04-02T16:49:31.301-0400] {logging_mixin.py:188} INFO - [2025-04-02T16:49:31.301-0400] {example_python_decorator.py:80} WARNING - The virtalenv_python example task requires virtualenv, please install it.
[2025-04-02T16:49:31.302-0400] {processor.py:840} INFO - DAG(s) 'example_python_decorator' retrieved from /Users/prasenjeet.gadhe/Documents/05. Nokia_PoV/Parallel_Test/venv/lib/python3.9/site-packages/airflow/example_dags/example_python_decorator.py
[2025-04-02T16:49:31.358-0400] {logging_mixin.py:188} INFO - [2025-04-02T16:49:31.357-0400] {dag.py:3096} INFO - Sync 1 DAGs
[2025-04-02T16:49:31.361-0400] {logging_mixin.py:188} INFO - [2025-04-02T16:49:31.361-0400] {dag.py:3954} INFO - Setting next_dagrun for example_python_decorator to None, run_after=None
[2025-04-02T16:49:31.368-0400] {processor.py:183} INFO - Processing /Users/prasenjeet.gadhe/Documents/05. Nokia_PoV/Parallel_Test/venv/lib/python3.9/site-packages/airflow/example_dags/example_python_decorator.py took 0.085 seconds
[2025-04-02T16:51:22.185-0400] {processor.py:161} INFO - Started process (PID=54967) to work on /Users/prasenjeet.gadhe/Documents/05. Nokia_PoV/Parallel_Test/venv/lib/python3.9/site-packages/airflow/example_dags/example_python_decorator.py
[2025-04-02T16:51:22.187-0400] {processor.py:830} INFO - Processing file /Users/prasenjeet.gadhe/Documents/05. Nokia_PoV/Parallel_Test/venv/lib/python3.9/site-packages/airflow/example_dags/example_python_decorator.py for tasks to queue
[2025-04-02T16:51:22.188-0400] {logging_mixin.py:188} INFO - [2025-04-02T16:51:22.187-0400] {dagbag.py:540} INFO - Filling up the DagBag from /Users/prasenjeet.gadhe/Documents/05. Nokia_PoV/Parallel_Test/venv/lib/python3.9/site-packages/airflow/example_dags/example_python_decorator.py
[2025-04-02T16:51:22.203-0400] {logging_mixin.py:188} INFO - [2025-04-02T16:51:22.203-0400] {example_python_decorator.py:80} WARNING - The virtalenv_python example task requires virtualenv, please install it.
[2025-04-02T16:51:22.204-0400] {processor.py:840} INFO - DAG(s) 'example_python_decorator' retrieved from /Users/prasenjeet.gadhe/Documents/05. Nokia_PoV/Parallel_Test/venv/lib/python3.9/site-packages/airflow/example_dags/example_python_decorator.py
[2025-04-02T16:51:22.263-0400] {logging_mixin.py:188} INFO - [2025-04-02T16:51:22.263-0400] {dag.py:3096} INFO - Sync 1 DAGs
[2025-04-02T16:51:22.267-0400] {logging_mixin.py:188} INFO - [2025-04-02T16:51:22.267-0400] {dag.py:3954} INFO - Setting next_dagrun for example_python_decorator to None, run_after=None
[2025-04-02T16:51:22.274-0400] {processor.py:183} INFO - Processing /Users/prasenjeet.gadhe/Documents/05. Nokia_PoV/Parallel_Test/venv/lib/python3.9/site-packages/airflow/example_dags/example_python_decorator.py took 0.089 seconds
[2025-04-02T16:52:49.433-0400] {processor.py:161} INFO - Started process (PID=65710) to work on /Users/prasenjeet.gadhe/Documents/05. Nokia_PoV/Parallel_Test/venv/lib/python3.9/site-packages/airflow/example_dags/example_python_decorator.py
[2025-04-02T16:52:49.435-0400] {processor.py:830} INFO - Processing file /Users/prasenjeet.gadhe/Documents/05. Nokia_PoV/Parallel_Test/venv/lib/python3.9/site-packages/airflow/example_dags/example_python_decorator.py for tasks to queue
[2025-04-02T16:52:49.435-0400] {logging_mixin.py:188} INFO - [2025-04-02T16:52:49.435-0400] {dagbag.py:540} INFO - Filling up the DagBag from /Users/prasenjeet.gadhe/Documents/05. Nokia_PoV/Parallel_Test/venv/lib/python3.9/site-packages/airflow/example_dags/example_python_decorator.py
[2025-04-02T16:52:49.449-0400] {logging_mixin.py:188} INFO - [2025-04-02T16:52:49.449-0400] {example_python_decorator.py:80} WARNING - The virtalenv_python example task requires virtualenv, please install it.
[2025-04-02T16:52:49.450-0400] {processor.py:840} INFO - DAG(s) 'example_python_decorator' retrieved from /Users/prasenjeet.gadhe/Documents/05. Nokia_PoV/Parallel_Test/venv/lib/python3.9/site-packages/airflow/example_dags/example_python_decorator.py
[2025-04-02T16:52:49.501-0400] {logging_mixin.py:188} INFO - [2025-04-02T16:52:49.501-0400] {dag.py:3096} INFO - Sync 1 DAGs
[2025-04-02T16:52:49.505-0400] {logging_mixin.py:188} INFO - [2025-04-02T16:52:49.505-0400] {dag.py:3954} INFO - Setting next_dagrun for example_python_decorator to None, run_after=None
[2025-04-02T16:52:49.511-0400] {processor.py:183} INFO - Processing /Users/prasenjeet.gadhe/Documents/05. Nokia_PoV/Parallel_Test/venv/lib/python3.9/site-packages/airflow/example_dags/example_python_decorator.py took 0.079 seconds
[2025-04-02T16:54:39.563-0400] {processor.py:161} INFO - Started process (PID=79332) to work on /Users/prasenjeet.gadhe/Documents/05. Nokia_PoV/Parallel_Test/venv/lib/python3.9/site-packages/airflow/example_dags/example_python_decorator.py
[2025-04-02T16:54:39.565-0400] {processor.py:830} INFO - Processing file /Users/prasenjeet.gadhe/Documents/05. Nokia_PoV/Parallel_Test/venv/lib/python3.9/site-packages/airflow/example_dags/example_python_decorator.py for tasks to queue
[2025-04-02T16:54:39.565-0400] {logging_mixin.py:188} INFO - [2025-04-02T16:54:39.565-0400] {dagbag.py:540} INFO - Filling up the DagBag from /Users/prasenjeet.gadhe/Documents/05. Nokia_PoV/Parallel_Test/venv/lib/python3.9/site-packages/airflow/example_dags/example_python_decorator.py
[2025-04-02T16:54:39.581-0400] {logging_mixin.py:188} INFO - [2025-04-02T16:54:39.580-0400] {example_python_decorator.py:80} WARNING - The virtalenv_python example task requires virtualenv, please install it.
[2025-04-02T16:54:39.581-0400] {processor.py:840} INFO - DAG(s) 'example_python_decorator' retrieved from /Users/prasenjeet.gadhe/Documents/05. Nokia_PoV/Parallel_Test/venv/lib/python3.9/site-packages/airflow/example_dags/example_python_decorator.py
[2025-04-02T16:54:39.638-0400] {logging_mixin.py:188} INFO - [2025-04-02T16:54:39.638-0400] {dag.py:3096} INFO - Sync 1 DAGs
[2025-04-02T16:54:39.642-0400] {logging_mixin.py:188} INFO - [2025-04-02T16:54:39.642-0400] {dag.py:3954} INFO - Setting next_dagrun for example_python_decorator to None, run_after=None
[2025-04-02T16:54:39.648-0400] {processor.py:183} INFO - Processing /Users/prasenjeet.gadhe/Documents/05. Nokia_PoV/Parallel_Test/venv/lib/python3.9/site-packages/airflow/example_dags/example_python_decorator.py took 0.087 seconds
[2025-04-02T16:56:35.836-0400] {processor.py:161} INFO - Started process (PID=93787) to work on /Users/prasenjeet.gadhe/Documents/05. Nokia_PoV/Parallel_Test/venv/lib/python3.9/site-packages/airflow/example_dags/example_python_decorator.py
[2025-04-02T16:56:35.838-0400] {processor.py:830} INFO - Processing file /Users/prasenjeet.gadhe/Documents/05. Nokia_PoV/Parallel_Test/venv/lib/python3.9/site-packages/airflow/example_dags/example_python_decorator.py for tasks to queue
[2025-04-02T16:56:35.838-0400] {logging_mixin.py:188} INFO - [2025-04-02T16:56:35.838-0400] {dagbag.py:540} INFO - Filling up the DagBag from /Users/prasenjeet.gadhe/Documents/05. Nokia_PoV/Parallel_Test/venv/lib/python3.9/site-packages/airflow/example_dags/example_python_decorator.py
[2025-04-02T16:56:35.855-0400] {logging_mixin.py:188} INFO - [2025-04-02T16:56:35.855-0400] {example_python_decorator.py:80} WARNING - The virtalenv_python example task requires virtualenv, please install it.
[2025-04-02T16:56:35.856-0400] {processor.py:840} INFO - DAG(s) 'example_python_decorator' retrieved from /Users/prasenjeet.gadhe/Documents/05. Nokia_PoV/Parallel_Test/venv/lib/python3.9/site-packages/airflow/example_dags/example_python_decorator.py
[2025-04-02T16:56:35.915-0400] {logging_mixin.py:188} INFO - [2025-04-02T16:56:35.915-0400] {dag.py:3096} INFO - Sync 1 DAGs
[2025-04-02T16:56:35.919-0400] {logging_mixin.py:188} INFO - [2025-04-02T16:56:35.919-0400] {dag.py:3954} INFO - Setting next_dagrun for example_python_decorator to None, run_after=None
[2025-04-02T16:56:35.925-0400] {processor.py:183} INFO - Processing /Users/prasenjeet.gadhe/Documents/05. Nokia_PoV/Parallel_Test/venv/lib/python3.9/site-packages/airflow/example_dags/example_python_decorator.py took 0.091 seconds
[2025-04-02T16:58:29.370-0400] {processor.py:161} INFO - Started process (PID=8084) to work on /Users/prasenjeet.gadhe/Documents/05. Nokia_PoV/Parallel_Test/venv/lib/python3.9/site-packages/airflow/example_dags/example_python_decorator.py
[2025-04-02T16:58:29.372-0400] {processor.py:830} INFO - Processing file /Users/prasenjeet.gadhe/Documents/05. Nokia_PoV/Parallel_Test/venv/lib/python3.9/site-packages/airflow/example_dags/example_python_decorator.py for tasks to queue
[2025-04-02T16:58:29.372-0400] {logging_mixin.py:188} INFO - [2025-04-02T16:58:29.372-0400] {dagbag.py:540} INFO - Filling up the DagBag from /Users/prasenjeet.gadhe/Documents/05. Nokia_PoV/Parallel_Test/venv/lib/python3.9/site-packages/airflow/example_dags/example_python_decorator.py
[2025-04-02T16:58:29.386-0400] {logging_mixin.py:188} INFO - [2025-04-02T16:58:29.386-0400] {example_python_decorator.py:80} WARNING - The virtalenv_python example task requires virtualenv, please install it.
[2025-04-02T16:58:29.387-0400] {processor.py:840} INFO - DAG(s) 'example_python_decorator' retrieved from /Users/prasenjeet.gadhe/Documents/05. Nokia_PoV/Parallel_Test/venv/lib/python3.9/site-packages/airflow/example_dags/example_python_decorator.py
[2025-04-02T16:58:29.440-0400] {logging_mixin.py:188} INFO - [2025-04-02T16:58:29.440-0400] {dag.py:3096} INFO - Sync 1 DAGs
[2025-04-02T16:58:29.444-0400] {logging_mixin.py:188} INFO - [2025-04-02T16:58:29.444-0400] {dag.py:3954} INFO - Setting next_dagrun for example_python_decorator to None, run_after=None
[2025-04-02T16:58:29.449-0400] {processor.py:183} INFO - Processing /Users/prasenjeet.gadhe/Documents/05. Nokia_PoV/Parallel_Test/venv/lib/python3.9/site-packages/airflow/example_dags/example_python_decorator.py took 0.080 seconds
[2025-04-02T17:00:20.500-0400] {processor.py:161} INFO - Started process (PID=21676) to work on /Users/prasenjeet.gadhe/Documents/05. Nokia_PoV/Parallel_Test/venv/lib/python3.9/site-packages/airflow/example_dags/example_python_decorator.py
[2025-04-02T17:00:20.502-0400] {processor.py:830} INFO - Processing file /Users/prasenjeet.gadhe/Documents/05. Nokia_PoV/Parallel_Test/venv/lib/python3.9/site-packages/airflow/example_dags/example_python_decorator.py for tasks to queue
[2025-04-02T17:00:20.502-0400] {logging_mixin.py:188} INFO - [2025-04-02T17:00:20.502-0400] {dagbag.py:540} INFO - Filling up the DagBag from /Users/prasenjeet.gadhe/Documents/05. Nokia_PoV/Parallel_Test/venv/lib/python3.9/site-packages/airflow/example_dags/example_python_decorator.py
[2025-04-02T17:00:20.516-0400] {logging_mixin.py:188} INFO - [2025-04-02T17:00:20.516-0400] {example_python_decorator.py:80} WARNING - The virtalenv_python example task requires virtualenv, please install it.
[2025-04-02T17:00:20.516-0400] {processor.py:840} INFO - DAG(s) 'example_python_decorator' retrieved from /Users/prasenjeet.gadhe/Documents/05. Nokia_PoV/Parallel_Test/venv/lib/python3.9/site-packages/airflow/example_dags/example_python_decorator.py
[2025-04-02T17:00:20.569-0400] {logging_mixin.py:188} INFO - [2025-04-02T17:00:20.569-0400] {dag.py:3096} INFO - Sync 1 DAGs
[2025-04-02T17:00:20.573-0400] {logging_mixin.py:188} INFO - [2025-04-02T17:00:20.573-0400] {dag.py:3954} INFO - Setting next_dagrun for example_python_decorator to None, run_after=None
[2025-04-02T17:00:20.579-0400] {processor.py:183} INFO - Processing /Users/prasenjeet.gadhe/Documents/05. Nokia_PoV/Parallel_Test/venv/lib/python3.9/site-packages/airflow/example_dags/example_python_decorator.py took 0.080 seconds
[2025-04-02T17:02:13.390-0400] {processor.py:161} INFO - Started process (PID=35519) to work on /Users/prasenjeet.gadhe/Documents/05. Nokia_PoV/Parallel_Test/venv/lib/python3.9/site-packages/airflow/example_dags/example_python_decorator.py
[2025-04-02T17:02:13.392-0400] {processor.py:830} INFO - Processing file /Users/prasenjeet.gadhe/Documents/05. Nokia_PoV/Parallel_Test/venv/lib/python3.9/site-packages/airflow/example_dags/example_python_decorator.py for tasks to queue
[2025-04-02T17:02:13.392-0400] {logging_mixin.py:188} INFO - [2025-04-02T17:02:13.392-0400] {dagbag.py:540} INFO - Filling up the DagBag from /Users/prasenjeet.gadhe/Documents/05. Nokia_PoV/Parallel_Test/venv/lib/python3.9/site-packages/airflow/example_dags/example_python_decorator.py
[2025-04-02T17:02:13.407-0400] {logging_mixin.py:188} INFO - [2025-04-02T17:02:13.407-0400] {example_python_decorator.py:80} WARNING - The virtalenv_python example task requires virtualenv, please install it.
[2025-04-02T17:02:13.408-0400] {processor.py:840} INFO - DAG(s) 'example_python_decorator' retrieved from /Users/prasenjeet.gadhe/Documents/05. Nokia_PoV/Parallel_Test/venv/lib/python3.9/site-packages/airflow/example_dags/example_python_decorator.py
[2025-04-02T17:02:13.461-0400] {logging_mixin.py:188} INFO - [2025-04-02T17:02:13.461-0400] {dag.py:3096} INFO - Sync 1 DAGs
[2025-04-02T17:02:13.465-0400] {logging_mixin.py:188} INFO - [2025-04-02T17:02:13.465-0400] {dag.py:3954} INFO - Setting next_dagrun for example_python_decorator to None, run_after=None
[2025-04-02T17:02:13.471-0400] {processor.py:183} INFO - Processing /Users/prasenjeet.gadhe/Documents/05. Nokia_PoV/Parallel_Test/venv/lib/python3.9/site-packages/airflow/example_dags/example_python_decorator.py took 0.082 seconds
[2025-04-02T17:04:05.331-0400] {processor.py:161} INFO - Started process (PID=49280) to work on /Users/prasenjeet.gadhe/Documents/05. Nokia_PoV/Parallel_Test/venv/lib/python3.9/site-packages/airflow/example_dags/example_python_decorator.py
[2025-04-02T17:04:05.333-0400] {processor.py:830} INFO - Processing file /Users/prasenjeet.gadhe/Documents/05. Nokia_PoV/Parallel_Test/venv/lib/python3.9/site-packages/airflow/example_dags/example_python_decorator.py for tasks to queue
[2025-04-02T17:04:05.334-0400] {logging_mixin.py:188} INFO - [2025-04-02T17:04:05.334-0400] {dagbag.py:540} INFO - Filling up the DagBag from /Users/prasenjeet.gadhe/Documents/05. Nokia_PoV/Parallel_Test/venv/lib/python3.9/site-packages/airflow/example_dags/example_python_decorator.py
[2025-04-02T17:04:05.347-0400] {logging_mixin.py:188} INFO - [2025-04-02T17:04:05.347-0400] {example_python_decorator.py:80} WARNING - The virtalenv_python example task requires virtualenv, please install it.
[2025-04-02T17:04:05.348-0400] {processor.py:840} INFO - DAG(s) 'example_python_decorator' retrieved from /Users/prasenjeet.gadhe/Documents/05. Nokia_PoV/Parallel_Test/venv/lib/python3.9/site-packages/airflow/example_dags/example_python_decorator.py
[2025-04-02T17:04:05.402-0400] {logging_mixin.py:188} INFO - [2025-04-02T17:04:05.401-0400] {dag.py:3096} INFO - Sync 1 DAGs
[2025-04-02T17:04:05.405-0400] {logging_mixin.py:188} INFO - [2025-04-02T17:04:05.405-0400] {dag.py:3954} INFO - Setting next_dagrun for example_python_decorator to None, run_after=None
[2025-04-02T17:04:05.411-0400] {processor.py:183} INFO - Processing /Users/prasenjeet.gadhe/Documents/05. Nokia_PoV/Parallel_Test/venv/lib/python3.9/site-packages/airflow/example_dags/example_python_decorator.py took 0.081 seconds
[2025-04-02T17:05:53.197-0400] {processor.py:161} INFO - Started process (PID=62509) to work on /Users/prasenjeet.gadhe/Documents/05. Nokia_PoV/Parallel_Test/venv/lib/python3.9/site-packages/airflow/example_dags/example_python_decorator.py
[2025-04-02T17:05:53.199-0400] {processor.py:830} INFO - Processing file /Users/prasenjeet.gadhe/Documents/05. Nokia_PoV/Parallel_Test/venv/lib/python3.9/site-packages/airflow/example_dags/example_python_decorator.py for tasks to queue
[2025-04-02T17:05:53.199-0400] {logging_mixin.py:188} INFO - [2025-04-02T17:05:53.199-0400] {dagbag.py:540} INFO - Filling up the DagBag from /Users/prasenjeet.gadhe/Documents/05. Nokia_PoV/Parallel_Test/venv/lib/python3.9/site-packages/airflow/example_dags/example_python_decorator.py
[2025-04-02T17:05:53.213-0400] {logging_mixin.py:188} INFO - [2025-04-02T17:05:53.213-0400] {example_python_decorator.py:80} WARNING - The virtalenv_python example task requires virtualenv, please install it.
[2025-04-02T17:05:53.214-0400] {processor.py:840} INFO - DAG(s) 'example_python_decorator' retrieved from /Users/prasenjeet.gadhe/Documents/05. Nokia_PoV/Parallel_Test/venv/lib/python3.9/site-packages/airflow/example_dags/example_python_decorator.py
[2025-04-02T17:05:53.269-0400] {logging_mixin.py:188} INFO - [2025-04-02T17:05:53.268-0400] {dag.py:3096} INFO - Sync 1 DAGs
[2025-04-02T17:05:53.272-0400] {logging_mixin.py:188} INFO - [2025-04-02T17:05:53.272-0400] {dag.py:3954} INFO - Setting next_dagrun for example_python_decorator to None, run_after=None
[2025-04-02T17:05:53.278-0400] {processor.py:183} INFO - Processing /Users/prasenjeet.gadhe/Documents/05. Nokia_PoV/Parallel_Test/venv/lib/python3.9/site-packages/airflow/example_dags/example_python_decorator.py took 0.082 seconds
[2025-04-02T17:07:47.333-0400] {processor.py:161} INFO - Started process (PID=76665) to work on /Users/prasenjeet.gadhe/Documents/05. Nokia_PoV/Parallel_Test/venv/lib/python3.9/site-packages/airflow/example_dags/example_python_decorator.py
[2025-04-02T17:07:47.335-0400] {processor.py:830} INFO - Processing file /Users/prasenjeet.gadhe/Documents/05. Nokia_PoV/Parallel_Test/venv/lib/python3.9/site-packages/airflow/example_dags/example_python_decorator.py for tasks to queue
[2025-04-02T17:07:47.335-0400] {logging_mixin.py:188} INFO - [2025-04-02T17:07:47.335-0400] {dagbag.py:540} INFO - Filling up the DagBag from /Users/prasenjeet.gadhe/Documents/05. Nokia_PoV/Parallel_Test/venv/lib/python3.9/site-packages/airflow/example_dags/example_python_decorator.py
[2025-04-02T17:07:47.349-0400] {logging_mixin.py:188} INFO - [2025-04-02T17:07:47.349-0400] {example_python_decorator.py:80} WARNING - The virtalenv_python example task requires virtualenv, please install it.
[2025-04-02T17:07:47.350-0400] {processor.py:840} INFO - DAG(s) 'example_python_decorator' retrieved from /Users/prasenjeet.gadhe/Documents/05. Nokia_PoV/Parallel_Test/venv/lib/python3.9/site-packages/airflow/example_dags/example_python_decorator.py
[2025-04-02T17:07:47.403-0400] {logging_mixin.py:188} INFO - [2025-04-02T17:07:47.403-0400] {dag.py:3096} INFO - Sync 1 DAGs
[2025-04-02T17:07:47.407-0400] {logging_mixin.py:188} INFO - [2025-04-02T17:07:47.407-0400] {dag.py:3954} INFO - Setting next_dagrun for example_python_decorator to None, run_after=None
[2025-04-02T17:07:47.413-0400] {processor.py:183} INFO - Processing /Users/prasenjeet.gadhe/Documents/05. Nokia_PoV/Parallel_Test/venv/lib/python3.9/site-packages/airflow/example_dags/example_python_decorator.py took 0.081 seconds
[2025-04-02T17:09:43.808-0400] {processor.py:161} INFO - Started process (PID=91008) to work on /Users/prasenjeet.gadhe/Documents/05. Nokia_PoV/Parallel_Test/venv/lib/python3.9/site-packages/airflow/example_dags/example_python_decorator.py
[2025-04-02T17:09:43.810-0400] {processor.py:830} INFO - Processing file /Users/prasenjeet.gadhe/Documents/05. Nokia_PoV/Parallel_Test/venv/lib/python3.9/site-packages/airflow/example_dags/example_python_decorator.py for tasks to queue
[2025-04-02T17:09:43.810-0400] {logging_mixin.py:188} INFO - [2025-04-02T17:09:43.810-0400] {dagbag.py:540} INFO - Filling up the DagBag from /Users/prasenjeet.gadhe/Documents/05. Nokia_PoV/Parallel_Test/venv/lib/python3.9/site-packages/airflow/example_dags/example_python_decorator.py
[2025-04-02T17:09:43.825-0400] {logging_mixin.py:188} INFO - [2025-04-02T17:09:43.825-0400] {example_python_decorator.py:80} WARNING - The virtalenv_python example task requires virtualenv, please install it.
[2025-04-02T17:09:43.826-0400] {processor.py:840} INFO - DAG(s) 'example_python_decorator' retrieved from /Users/prasenjeet.gadhe/Documents/05. Nokia_PoV/Parallel_Test/venv/lib/python3.9/site-packages/airflow/example_dags/example_python_decorator.py
[2025-04-02T17:09:43.879-0400] {logging_mixin.py:188} INFO - [2025-04-02T17:09:43.879-0400] {dag.py:3096} INFO - Sync 1 DAGs
[2025-04-02T17:09:43.883-0400] {logging_mixin.py:188} INFO - [2025-04-02T17:09:43.883-0400] {dag.py:3954} INFO - Setting next_dagrun for example_python_decorator to None, run_after=None
[2025-04-02T17:09:43.889-0400] {processor.py:183} INFO - Processing /Users/prasenjeet.gadhe/Documents/05. Nokia_PoV/Parallel_Test/venv/lib/python3.9/site-packages/airflow/example_dags/example_python_decorator.py took 0.082 seconds
[2025-04-02T17:11:32.807-0400] {processor.py:161} INFO - Started process (PID=4760) to work on /Users/prasenjeet.gadhe/Documents/05. Nokia_PoV/Parallel_Test/venv/lib/python3.9/site-packages/airflow/example_dags/example_python_decorator.py
[2025-04-02T17:11:32.808-0400] {processor.py:830} INFO - Processing file /Users/prasenjeet.gadhe/Documents/05. Nokia_PoV/Parallel_Test/venv/lib/python3.9/site-packages/airflow/example_dags/example_python_decorator.py for tasks to queue
[2025-04-02T17:11:32.808-0400] {logging_mixin.py:188} INFO - [2025-04-02T17:11:32.808-0400] {dagbag.py:540} INFO - Filling up the DagBag from /Users/prasenjeet.gadhe/Documents/05. Nokia_PoV/Parallel_Test/venv/lib/python3.9/site-packages/airflow/example_dags/example_python_decorator.py
[2025-04-02T17:11:32.823-0400] {logging_mixin.py:188} INFO - [2025-04-02T17:11:32.823-0400] {example_python_decorator.py:80} WARNING - The virtalenv_python example task requires virtualenv, please install it.
[2025-04-02T17:11:32.824-0400] {processor.py:840} INFO - DAG(s) 'example_python_decorator' retrieved from /Users/prasenjeet.gadhe/Documents/05. Nokia_PoV/Parallel_Test/venv/lib/python3.9/site-packages/airflow/example_dags/example_python_decorator.py
[2025-04-02T17:11:32.880-0400] {logging_mixin.py:188} INFO - [2025-04-02T17:11:32.880-0400] {dag.py:3096} INFO - Sync 1 DAGs
[2025-04-02T17:11:32.884-0400] {logging_mixin.py:188} INFO - [2025-04-02T17:11:32.884-0400] {dag.py:3954} INFO - Setting next_dagrun for example_python_decorator to None, run_after=None
[2025-04-02T17:11:32.890-0400] {processor.py:183} INFO - Processing /Users/prasenjeet.gadhe/Documents/05. Nokia_PoV/Parallel_Test/venv/lib/python3.9/site-packages/airflow/example_dags/example_python_decorator.py took 0.084 seconds
