[2025-04-02T16:39:41.719-0400] {processor.py:161} INFO - Started process (PID=67652) to work on /Users/prasenjeet.gadhe/Documents/05. Nokia_PoV/Parallel_Test/venv/lib/python3.9/site-packages/airflow/example_dags/example_setup_teardown_taskflow.py
[2025-04-02T16:39:41.720-0400] {processor.py:830} INFO - Processing file /Users/prasenjeet.gadhe/Documents/05. Nokia_PoV/Parallel_Test/venv/lib/python3.9/site-packages/airflow/example_dags/example_setup_teardown_taskflow.py for tasks to queue
[2025-04-02T16:39:41.720-0400] {logging_mixin.py:188} INFO - [2025-04-02T16:39:41.720-0400] {dagbag.py:540} INFO - Filling up the DagBag from /Users/prasenjeet.gadhe/Documents/05. Nokia_PoV/Parallel_Test/venv/lib/python3.9/site-packages/airflow/example_dags/example_setup_teardown_taskflow.py
[2025-04-02T16:39:41.735-0400] {processor.py:840} INFO - DAG(s) 'example_setup_teardown_taskflow' retrieved from /Users/prasenjeet.gadhe/Documents/05. Nokia_PoV/Parallel_Test/venv/lib/python3.9/site-packages/airflow/example_dags/example_setup_teardown_taskflow.py
[2025-04-02T16:39:41.818-0400] {logging_mixin.py:188} INFO - [2025-04-02T16:39:41.818-0400] {override.py:1829} INFO - Created Permission View: can read on DAG:example_setup_teardown_taskflow
[2025-04-02T16:39:41.821-0400] {logging_mixin.py:188} INFO - [2025-04-02T16:39:41.821-0400] {override.py:1829} INFO - Created Permission View: can delete on DAG:example_setup_teardown_taskflow
[2025-04-02T16:39:41.823-0400] {logging_mixin.py:188} INFO - [2025-04-02T16:39:41.823-0400] {override.py:1829} INFO - Created Permission View: can edit on DAG:example_setup_teardown_taskflow
[2025-04-02T16:39:41.823-0400] {logging_mixin.py:188} INFO - [2025-04-02T16:39:41.823-0400] {dag.py:3096} INFO - Sync 1 DAGs
[2025-04-02T16:39:41.826-0400] {logging_mixin.py:188} INFO - [2025-04-02T16:39:41.826-0400] {dag.py:3118} INFO - Creating ORM DAG for example_setup_teardown_taskflow
[2025-04-02T16:39:41.830-0400] {logging_mixin.py:188} INFO - [2025-04-02T16:39:41.830-0400] {dag.py:3954} INFO - Setting next_dagrun for example_setup_teardown_taskflow to 2025-04-01 00:00:00+00:00, run_after=2025-04-02 00:00:00+00:00
[2025-04-02T16:39:41.836-0400] {processor.py:183} INFO - Processing /Users/prasenjeet.gadhe/Documents/05. Nokia_PoV/Parallel_Test/venv/lib/python3.9/site-packages/airflow/example_dags/example_setup_teardown_taskflow.py took 0.118 seconds
[2025-04-02T16:41:07.134-0400] {processor.py:161} INFO - Started process (PID=78443) to work on /Users/prasenjeet.gadhe/Documents/05. Nokia_PoV/Parallel_Test/venv/lib/python3.9/site-packages/airflow/example_dags/example_setup_teardown_taskflow.py
[2025-04-02T16:41:07.135-0400] {processor.py:830} INFO - Processing file /Users/prasenjeet.gadhe/Documents/05. Nokia_PoV/Parallel_Test/venv/lib/python3.9/site-packages/airflow/example_dags/example_setup_teardown_taskflow.py for tasks to queue
[2025-04-02T16:41:07.136-0400] {logging_mixin.py:188} INFO - [2025-04-02T16:41:07.136-0400] {dagbag.py:540} INFO - Filling up the DagBag from /Users/prasenjeet.gadhe/Documents/05. Nokia_PoV/Parallel_Test/venv/lib/python3.9/site-packages/airflow/example_dags/example_setup_teardown_taskflow.py
[2025-04-02T16:41:07.151-0400] {processor.py:840} INFO - DAG(s) 'example_setup_teardown_taskflow' retrieved from /Users/prasenjeet.gadhe/Documents/05. Nokia_PoV/Parallel_Test/venv/lib/python3.9/site-packages/airflow/example_dags/example_setup_teardown_taskflow.py
[2025-04-02T16:41:07.207-0400] {logging_mixin.py:188} INFO - [2025-04-02T16:41:07.207-0400] {dag.py:3096} INFO - Sync 1 DAGs
[2025-04-02T16:41:07.214-0400] {logging_mixin.py:188} INFO - [2025-04-02T16:41:07.214-0400] {dag.py:3954} INFO - Setting next_dagrun for example_setup_teardown_taskflow to 2025-04-01 00:00:00+00:00, run_after=2025-04-02 00:00:00+00:00
[2025-04-02T16:41:07.220-0400] {processor.py:183} INFO - Processing /Users/prasenjeet.gadhe/Documents/05. Nokia_PoV/Parallel_Test/venv/lib/python3.9/site-packages/airflow/example_dags/example_setup_teardown_taskflow.py took 0.087 seconds
[2025-04-02T16:43:04.509-0400] {processor.py:161} INFO - Started process (PID=92938) to work on /Users/prasenjeet.gadhe/Documents/05. Nokia_PoV/Parallel_Test/venv/lib/python3.9/site-packages/airflow/example_dags/example_setup_teardown_taskflow.py
[2025-04-02T16:43:04.510-0400] {processor.py:830} INFO - Processing file /Users/prasenjeet.gadhe/Documents/05. Nokia_PoV/Parallel_Test/venv/lib/python3.9/site-packages/airflow/example_dags/example_setup_teardown_taskflow.py for tasks to queue
[2025-04-02T16:43:04.510-0400] {logging_mixin.py:188} INFO - [2025-04-02T16:43:04.510-0400] {dagbag.py:540} INFO - Filling up the DagBag from /Users/prasenjeet.gadhe/Documents/05. Nokia_PoV/Parallel_Test/venv/lib/python3.9/site-packages/airflow/example_dags/example_setup_teardown_taskflow.py
[2025-04-02T16:43:04.525-0400] {processor.py:840} INFO - DAG(s) 'example_setup_teardown_taskflow' retrieved from /Users/prasenjeet.gadhe/Documents/05. Nokia_PoV/Parallel_Test/venv/lib/python3.9/site-packages/airflow/example_dags/example_setup_teardown_taskflow.py
[2025-04-02T16:43:04.582-0400] {logging_mixin.py:188} INFO - [2025-04-02T16:43:04.582-0400] {dag.py:3096} INFO - Sync 1 DAGs
[2025-04-02T16:43:04.590-0400] {logging_mixin.py:188} INFO - [2025-04-02T16:43:04.590-0400] {dag.py:3954} INFO - Setting next_dagrun for example_setup_teardown_taskflow to 2025-04-01 00:00:00+00:00, run_after=2025-04-02 00:00:00+00:00
[2025-04-02T16:43:04.596-0400] {processor.py:183} INFO - Processing /Users/prasenjeet.gadhe/Documents/05. Nokia_PoV/Parallel_Test/venv/lib/python3.9/site-packages/airflow/example_dags/example_setup_teardown_taskflow.py took 0.089 seconds
[2025-04-02T16:46:02.662-0400] {processor.py:161} INFO - Started process (PID=15316) to work on /Users/prasenjeet.gadhe/Documents/05. Nokia_PoV/Parallel_Test/venv/lib/python3.9/site-packages/airflow/example_dags/example_setup_teardown_taskflow.py
[2025-04-02T16:46:02.664-0400] {processor.py:830} INFO - Processing file /Users/prasenjeet.gadhe/Documents/05. Nokia_PoV/Parallel_Test/venv/lib/python3.9/site-packages/airflow/example_dags/example_setup_teardown_taskflow.py for tasks to queue
[2025-04-02T16:46:02.664-0400] {logging_mixin.py:188} INFO - [2025-04-02T16:46:02.664-0400] {dagbag.py:540} INFO - Filling up the DagBag from /Users/prasenjeet.gadhe/Documents/05. Nokia_PoV/Parallel_Test/venv/lib/python3.9/site-packages/airflow/example_dags/example_setup_teardown_taskflow.py
[2025-04-02T16:46:02.680-0400] {processor.py:840} INFO - DAG(s) 'example_setup_teardown_taskflow' retrieved from /Users/prasenjeet.gadhe/Documents/05. Nokia_PoV/Parallel_Test/venv/lib/python3.9/site-packages/airflow/example_dags/example_setup_teardown_taskflow.py
[2025-04-02T16:46:02.741-0400] {logging_mixin.py:188} INFO - [2025-04-02T16:46:02.741-0400] {dag.py:3096} INFO - Sync 1 DAGs
[2025-04-02T16:46:02.748-0400] {logging_mixin.py:188} INFO - [2025-04-02T16:46:02.748-0400] {dag.py:3954} INFO - Setting next_dagrun for example_setup_teardown_taskflow to 2025-04-01 00:00:00+00:00, run_after=2025-04-02 00:00:00+00:00
[2025-04-02T16:46:02.754-0400] {processor.py:183} INFO - Processing /Users/prasenjeet.gadhe/Documents/05. Nokia_PoV/Parallel_Test/venv/lib/python3.9/site-packages/airflow/example_dags/example_setup_teardown_taskflow.py took 0.093 seconds
[2025-04-02T16:47:30.724-0400] {processor.py:161} INFO - Started process (PID=26300) to work on /Users/prasenjeet.gadhe/Documents/05. Nokia_PoV/Parallel_Test/venv/lib/python3.9/site-packages/airflow/example_dags/example_setup_teardown_taskflow.py
[2025-04-02T16:47:30.726-0400] {processor.py:830} INFO - Processing file /Users/prasenjeet.gadhe/Documents/05. Nokia_PoV/Parallel_Test/venv/lib/python3.9/site-packages/airflow/example_dags/example_setup_teardown_taskflow.py for tasks to queue
[2025-04-02T16:47:30.726-0400] {logging_mixin.py:188} INFO - [2025-04-02T16:47:30.726-0400] {dagbag.py:540} INFO - Filling up the DagBag from /Users/prasenjeet.gadhe/Documents/05. Nokia_PoV/Parallel_Test/venv/lib/python3.9/site-packages/airflow/example_dags/example_setup_teardown_taskflow.py
[2025-04-02T16:47:30.740-0400] {processor.py:840} INFO - DAG(s) 'example_setup_teardown_taskflow' retrieved from /Users/prasenjeet.gadhe/Documents/05. Nokia_PoV/Parallel_Test/venv/lib/python3.9/site-packages/airflow/example_dags/example_setup_teardown_taskflow.py
[2025-04-02T16:47:30.793-0400] {logging_mixin.py:188} INFO - [2025-04-02T16:47:30.793-0400] {dag.py:3096} INFO - Sync 1 DAGs
[2025-04-02T16:47:30.801-0400] {logging_mixin.py:188} INFO - [2025-04-02T16:47:30.801-0400] {dag.py:3954} INFO - Setting next_dagrun for example_setup_teardown_taskflow to 2025-04-01 00:00:00+00:00, run_after=2025-04-02 00:00:00+00:00
[2025-04-02T16:47:30.807-0400] {processor.py:183} INFO - Processing /Users/prasenjeet.gadhe/Documents/05. Nokia_PoV/Parallel_Test/venv/lib/python3.9/site-packages/airflow/example_dags/example_setup_teardown_taskflow.py took 0.084 seconds
[2025-04-02T16:49:22.756-0400] {processor.py:161} INFO - Started process (PID=40126) to work on /Users/prasenjeet.gadhe/Documents/05. Nokia_PoV/Parallel_Test/venv/lib/python3.9/site-packages/airflow/example_dags/example_setup_teardown_taskflow.py
[2025-04-02T16:49:22.757-0400] {processor.py:830} INFO - Processing file /Users/prasenjeet.gadhe/Documents/05. Nokia_PoV/Parallel_Test/venv/lib/python3.9/site-packages/airflow/example_dags/example_setup_teardown_taskflow.py for tasks to queue
[2025-04-02T16:49:22.757-0400] {logging_mixin.py:188} INFO - [2025-04-02T16:49:22.757-0400] {dagbag.py:540} INFO - Filling up the DagBag from /Users/prasenjeet.gadhe/Documents/05. Nokia_PoV/Parallel_Test/venv/lib/python3.9/site-packages/airflow/example_dags/example_setup_teardown_taskflow.py
[2025-04-02T16:49:22.771-0400] {processor.py:840} INFO - DAG(s) 'example_setup_teardown_taskflow' retrieved from /Users/prasenjeet.gadhe/Documents/05. Nokia_PoV/Parallel_Test/venv/lib/python3.9/site-packages/airflow/example_dags/example_setup_teardown_taskflow.py
[2025-04-02T16:49:22.827-0400] {logging_mixin.py:188} INFO - [2025-04-02T16:49:22.826-0400] {dag.py:3096} INFO - Sync 1 DAGs
[2025-04-02T16:49:22.834-0400] {logging_mixin.py:188} INFO - [2025-04-02T16:49:22.834-0400] {dag.py:3954} INFO - Setting next_dagrun for example_setup_teardown_taskflow to 2025-04-01 00:00:00+00:00, run_after=2025-04-02 00:00:00+00:00
[2025-04-02T16:49:22.840-0400] {processor.py:183} INFO - Processing /Users/prasenjeet.gadhe/Documents/05. Nokia_PoV/Parallel_Test/venv/lib/python3.9/site-packages/airflow/example_dags/example_setup_teardown_taskflow.py took 0.085 seconds
[2025-04-02T16:51:13.595-0400] {processor.py:161} INFO - Started process (PID=53876) to work on /Users/prasenjeet.gadhe/Documents/05. Nokia_PoV/Parallel_Test/venv/lib/python3.9/site-packages/airflow/example_dags/example_setup_teardown_taskflow.py
[2025-04-02T16:51:13.596-0400] {processor.py:830} INFO - Processing file /Users/prasenjeet.gadhe/Documents/05. Nokia_PoV/Parallel_Test/venv/lib/python3.9/site-packages/airflow/example_dags/example_setup_teardown_taskflow.py for tasks to queue
[2025-04-02T16:51:13.597-0400] {logging_mixin.py:188} INFO - [2025-04-02T16:51:13.596-0400] {dagbag.py:540} INFO - Filling up the DagBag from /Users/prasenjeet.gadhe/Documents/05. Nokia_PoV/Parallel_Test/venv/lib/python3.9/site-packages/airflow/example_dags/example_setup_teardown_taskflow.py
[2025-04-02T16:51:13.611-0400] {processor.py:840} INFO - DAG(s) 'example_setup_teardown_taskflow' retrieved from /Users/prasenjeet.gadhe/Documents/05. Nokia_PoV/Parallel_Test/venv/lib/python3.9/site-packages/airflow/example_dags/example_setup_teardown_taskflow.py
[2025-04-02T16:51:13.664-0400] {logging_mixin.py:188} INFO - [2025-04-02T16:51:13.664-0400] {dag.py:3096} INFO - Sync 1 DAGs
[2025-04-02T16:51:13.671-0400] {logging_mixin.py:188} INFO - [2025-04-02T16:51:13.671-0400] {dag.py:3954} INFO - Setting next_dagrun for example_setup_teardown_taskflow to 2025-04-01 00:00:00+00:00, run_after=2025-04-02 00:00:00+00:00
[2025-04-02T16:51:13.678-0400] {processor.py:183} INFO - Processing /Users/prasenjeet.gadhe/Documents/05. Nokia_PoV/Parallel_Test/venv/lib/python3.9/site-packages/airflow/example_dags/example_setup_teardown_taskflow.py took 0.084 seconds
[2025-04-02T16:52:41.665-0400] {processor.py:161} INFO - Started process (PID=64758) to work on /Users/prasenjeet.gadhe/Documents/05. Nokia_PoV/Parallel_Test/venv/lib/python3.9/site-packages/airflow/example_dags/example_setup_teardown_taskflow.py
[2025-04-02T16:52:41.667-0400] {processor.py:830} INFO - Processing file /Users/prasenjeet.gadhe/Documents/05. Nokia_PoV/Parallel_Test/venv/lib/python3.9/site-packages/airflow/example_dags/example_setup_teardown_taskflow.py for tasks to queue
[2025-04-02T16:52:41.667-0400] {logging_mixin.py:188} INFO - [2025-04-02T16:52:41.667-0400] {dagbag.py:540} INFO - Filling up the DagBag from /Users/prasenjeet.gadhe/Documents/05. Nokia_PoV/Parallel_Test/venv/lib/python3.9/site-packages/airflow/example_dags/example_setup_teardown_taskflow.py
[2025-04-02T16:52:41.682-0400] {processor.py:840} INFO - DAG(s) 'example_setup_teardown_taskflow' retrieved from /Users/prasenjeet.gadhe/Documents/05. Nokia_PoV/Parallel_Test/venv/lib/python3.9/site-packages/airflow/example_dags/example_setup_teardown_taskflow.py
[2025-04-02T16:52:41.734-0400] {logging_mixin.py:188} INFO - [2025-04-02T16:52:41.734-0400] {dag.py:3096} INFO - Sync 1 DAGs
[2025-04-02T16:52:41.742-0400] {logging_mixin.py:188} INFO - [2025-04-02T16:52:41.741-0400] {dag.py:3954} INFO - Setting next_dagrun for example_setup_teardown_taskflow to 2025-04-01 00:00:00+00:00, run_after=2025-04-02 00:00:00+00:00
[2025-04-02T16:52:41.747-0400] {processor.py:183} INFO - Processing /Users/prasenjeet.gadhe/Documents/05. Nokia_PoV/Parallel_Test/venv/lib/python3.9/site-packages/airflow/example_dags/example_setup_teardown_taskflow.py took 0.083 seconds
[2025-04-02T16:54:30.755-0400] {processor.py:161} INFO - Started process (PID=78251) to work on /Users/prasenjeet.gadhe/Documents/05. Nokia_PoV/Parallel_Test/venv/lib/python3.9/site-packages/airflow/example_dags/example_setup_teardown_taskflow.py
[2025-04-02T16:54:30.757-0400] {processor.py:830} INFO - Processing file /Users/prasenjeet.gadhe/Documents/05. Nokia_PoV/Parallel_Test/venv/lib/python3.9/site-packages/airflow/example_dags/example_setup_teardown_taskflow.py for tasks to queue
[2025-04-02T16:54:30.757-0400] {logging_mixin.py:188} INFO - [2025-04-02T16:54:30.757-0400] {dagbag.py:540} INFO - Filling up the DagBag from /Users/prasenjeet.gadhe/Documents/05. Nokia_PoV/Parallel_Test/venv/lib/python3.9/site-packages/airflow/example_dags/example_setup_teardown_taskflow.py
[2025-04-02T16:54:30.771-0400] {processor.py:840} INFO - DAG(s) 'example_setup_teardown_taskflow' retrieved from /Users/prasenjeet.gadhe/Documents/05. Nokia_PoV/Parallel_Test/venv/lib/python3.9/site-packages/airflow/example_dags/example_setup_teardown_taskflow.py
[2025-04-02T16:54:30.825-0400] {logging_mixin.py:188} INFO - [2025-04-02T16:54:30.825-0400] {dag.py:3096} INFO - Sync 1 DAGs
[2025-04-02T16:54:30.832-0400] {logging_mixin.py:188} INFO - [2025-04-02T16:54:30.832-0400] {dag.py:3954} INFO - Setting next_dagrun for example_setup_teardown_taskflow to 2025-04-01 00:00:00+00:00, run_after=2025-04-02 00:00:00+00:00
[2025-04-02T16:54:30.838-0400] {processor.py:183} INFO - Processing /Users/prasenjeet.gadhe/Documents/05. Nokia_PoV/Parallel_Test/venv/lib/python3.9/site-packages/airflow/example_dags/example_setup_teardown_taskflow.py took 0.084 seconds
[2025-04-02T16:56:27.884-0400] {processor.py:161} INFO - Started process (PID=92828) to work on /Users/prasenjeet.gadhe/Documents/05. Nokia_PoV/Parallel_Test/venv/lib/python3.9/site-packages/airflow/example_dags/example_setup_teardown_taskflow.py
[2025-04-02T16:56:27.886-0400] {processor.py:830} INFO - Processing file /Users/prasenjeet.gadhe/Documents/05. Nokia_PoV/Parallel_Test/venv/lib/python3.9/site-packages/airflow/example_dags/example_setup_teardown_taskflow.py for tasks to queue
[2025-04-02T16:56:27.886-0400] {logging_mixin.py:188} INFO - [2025-04-02T16:56:27.886-0400] {dagbag.py:540} INFO - Filling up the DagBag from /Users/prasenjeet.gadhe/Documents/05. Nokia_PoV/Parallel_Test/venv/lib/python3.9/site-packages/airflow/example_dags/example_setup_teardown_taskflow.py
[2025-04-02T16:56:27.902-0400] {processor.py:840} INFO - DAG(s) 'example_setup_teardown_taskflow' retrieved from /Users/prasenjeet.gadhe/Documents/05. Nokia_PoV/Parallel_Test/venv/lib/python3.9/site-packages/airflow/example_dags/example_setup_teardown_taskflow.py
[2025-04-02T16:56:27.968-0400] {logging_mixin.py:188} INFO - [2025-04-02T16:56:27.968-0400] {dag.py:3096} INFO - Sync 1 DAGs
[2025-04-02T16:56:27.976-0400] {logging_mixin.py:188} INFO - [2025-04-02T16:56:27.976-0400] {dag.py:3954} INFO - Setting next_dagrun for example_setup_teardown_taskflow to 2025-04-01 00:00:00+00:00, run_after=2025-04-02 00:00:00+00:00
[2025-04-02T16:56:27.984-0400] {processor.py:183} INFO - Processing /Users/prasenjeet.gadhe/Documents/05. Nokia_PoV/Parallel_Test/venv/lib/python3.9/site-packages/airflow/example_dags/example_setup_teardown_taskflow.py took 0.101 seconds
[2025-04-02T16:58:20.509-0400] {processor.py:161} INFO - Started process (PID=6967) to work on /Users/prasenjeet.gadhe/Documents/05. Nokia_PoV/Parallel_Test/venv/lib/python3.9/site-packages/airflow/example_dags/example_setup_teardown_taskflow.py
[2025-04-02T16:58:20.511-0400] {processor.py:830} INFO - Processing file /Users/prasenjeet.gadhe/Documents/05. Nokia_PoV/Parallel_Test/venv/lib/python3.9/site-packages/airflow/example_dags/example_setup_teardown_taskflow.py for tasks to queue
[2025-04-02T16:58:20.511-0400] {logging_mixin.py:188} INFO - [2025-04-02T16:58:20.511-0400] {dagbag.py:540} INFO - Filling up the DagBag from /Users/prasenjeet.gadhe/Documents/05. Nokia_PoV/Parallel_Test/venv/lib/python3.9/site-packages/airflow/example_dags/example_setup_teardown_taskflow.py
[2025-04-02T16:58:20.526-0400] {processor.py:840} INFO - DAG(s) 'example_setup_teardown_taskflow' retrieved from /Users/prasenjeet.gadhe/Documents/05. Nokia_PoV/Parallel_Test/venv/lib/python3.9/site-packages/airflow/example_dags/example_setup_teardown_taskflow.py
[2025-04-02T16:58:20.583-0400] {logging_mixin.py:188} INFO - [2025-04-02T16:58:20.583-0400] {dag.py:3096} INFO - Sync 1 DAGs
[2025-04-02T16:58:20.590-0400] {logging_mixin.py:188} INFO - [2025-04-02T16:58:20.590-0400] {dag.py:3954} INFO - Setting next_dagrun for example_setup_teardown_taskflow to 2025-04-01 00:00:00+00:00, run_after=2025-04-02 00:00:00+00:00
[2025-04-02T16:58:20.596-0400] {processor.py:183} INFO - Processing /Users/prasenjeet.gadhe/Documents/05. Nokia_PoV/Parallel_Test/venv/lib/python3.9/site-packages/airflow/example_dags/example_setup_teardown_taskflow.py took 0.088 seconds
[2025-04-02T17:00:11.700-0400] {processor.py:161} INFO - Started process (PID=20586) to work on /Users/prasenjeet.gadhe/Documents/05. Nokia_PoV/Parallel_Test/venv/lib/python3.9/site-packages/airflow/example_dags/example_setup_teardown_taskflow.py
[2025-04-02T17:00:11.702-0400] {processor.py:830} INFO - Processing file /Users/prasenjeet.gadhe/Documents/05. Nokia_PoV/Parallel_Test/venv/lib/python3.9/site-packages/airflow/example_dags/example_setup_teardown_taskflow.py for tasks to queue
[2025-04-02T17:00:11.703-0400] {logging_mixin.py:188} INFO - [2025-04-02T17:00:11.703-0400] {dagbag.py:540} INFO - Filling up the DagBag from /Users/prasenjeet.gadhe/Documents/05. Nokia_PoV/Parallel_Test/venv/lib/python3.9/site-packages/airflow/example_dags/example_setup_teardown_taskflow.py
[2025-04-02T17:00:11.717-0400] {processor.py:840} INFO - DAG(s) 'example_setup_teardown_taskflow' retrieved from /Users/prasenjeet.gadhe/Documents/05. Nokia_PoV/Parallel_Test/venv/lib/python3.9/site-packages/airflow/example_dags/example_setup_teardown_taskflow.py
[2025-04-02T17:00:11.772-0400] {logging_mixin.py:188} INFO - [2025-04-02T17:00:11.772-0400] {dag.py:3096} INFO - Sync 1 DAGs
[2025-04-02T17:00:11.779-0400] {logging_mixin.py:188} INFO - [2025-04-02T17:00:11.779-0400] {dag.py:3954} INFO - Setting next_dagrun for example_setup_teardown_taskflow to 2025-04-01 00:00:00+00:00, run_after=2025-04-02 00:00:00+00:00
[2025-04-02T17:00:11.785-0400] {processor.py:183} INFO - Processing /Users/prasenjeet.gadhe/Documents/05. Nokia_PoV/Parallel_Test/venv/lib/python3.9/site-packages/airflow/example_dags/example_setup_teardown_taskflow.py took 0.086 seconds
[2025-04-02T17:02:04.565-0400] {processor.py:161} INFO - Started process (PID=34432) to work on /Users/prasenjeet.gadhe/Documents/05. Nokia_PoV/Parallel_Test/venv/lib/python3.9/site-packages/airflow/example_dags/example_setup_teardown_taskflow.py
[2025-04-02T17:02:04.566-0400] {processor.py:830} INFO - Processing file /Users/prasenjeet.gadhe/Documents/05. Nokia_PoV/Parallel_Test/venv/lib/python3.9/site-packages/airflow/example_dags/example_setup_teardown_taskflow.py for tasks to queue
[2025-04-02T17:02:04.566-0400] {logging_mixin.py:188} INFO - [2025-04-02T17:02:04.566-0400] {dagbag.py:540} INFO - Filling up the DagBag from /Users/prasenjeet.gadhe/Documents/05. Nokia_PoV/Parallel_Test/venv/lib/python3.9/site-packages/airflow/example_dags/example_setup_teardown_taskflow.py
[2025-04-02T17:02:04.580-0400] {processor.py:840} INFO - DAG(s) 'example_setup_teardown_taskflow' retrieved from /Users/prasenjeet.gadhe/Documents/05. Nokia_PoV/Parallel_Test/venv/lib/python3.9/site-packages/airflow/example_dags/example_setup_teardown_taskflow.py
[2025-04-02T17:02:04.634-0400] {logging_mixin.py:188} INFO - [2025-04-02T17:02:04.634-0400] {dag.py:3096} INFO - Sync 1 DAGs
[2025-04-02T17:02:04.641-0400] {logging_mixin.py:188} INFO - [2025-04-02T17:02:04.641-0400] {dag.py:3954} INFO - Setting next_dagrun for example_setup_teardown_taskflow to 2025-04-01 00:00:00+00:00, run_after=2025-04-02 00:00:00+00:00
[2025-04-02T17:02:04.647-0400] {processor.py:183} INFO - Processing /Users/prasenjeet.gadhe/Documents/05. Nokia_PoV/Parallel_Test/venv/lib/python3.9/site-packages/airflow/example_dags/example_setup_teardown_taskflow.py took 0.084 seconds
[2025-04-02T17:03:56.489-0400] {processor.py:161} INFO - Started process (PID=48182) to work on /Users/prasenjeet.gadhe/Documents/05. Nokia_PoV/Parallel_Test/venv/lib/python3.9/site-packages/airflow/example_dags/example_setup_teardown_taskflow.py
[2025-04-02T17:03:56.491-0400] {processor.py:830} INFO - Processing file /Users/prasenjeet.gadhe/Documents/05. Nokia_PoV/Parallel_Test/venv/lib/python3.9/site-packages/airflow/example_dags/example_setup_teardown_taskflow.py for tasks to queue
[2025-04-02T17:03:56.491-0400] {logging_mixin.py:188} INFO - [2025-04-02T17:03:56.491-0400] {dagbag.py:540} INFO - Filling up the DagBag from /Users/prasenjeet.gadhe/Documents/05. Nokia_PoV/Parallel_Test/venv/lib/python3.9/site-packages/airflow/example_dags/example_setup_teardown_taskflow.py
[2025-04-02T17:03:56.505-0400] {processor.py:840} INFO - DAG(s) 'example_setup_teardown_taskflow' retrieved from /Users/prasenjeet.gadhe/Documents/05. Nokia_PoV/Parallel_Test/venv/lib/python3.9/site-packages/airflow/example_dags/example_setup_teardown_taskflow.py
[2025-04-02T17:03:56.560-0400] {logging_mixin.py:188} INFO - [2025-04-02T17:03:56.559-0400] {dag.py:3096} INFO - Sync 1 DAGs
[2025-04-02T17:03:56.567-0400] {logging_mixin.py:188} INFO - [2025-04-02T17:03:56.566-0400] {dag.py:3954} INFO - Setting next_dagrun for example_setup_teardown_taskflow to 2025-04-01 00:00:00+00:00, run_after=2025-04-02 00:00:00+00:00
[2025-04-02T17:03:56.573-0400] {processor.py:183} INFO - Processing /Users/prasenjeet.gadhe/Documents/05. Nokia_PoV/Parallel_Test/venv/lib/python3.9/site-packages/airflow/example_dags/example_setup_teardown_taskflow.py took 0.085 seconds
[2025-04-02T17:05:44.703-0400] {processor.py:161} INFO - Started process (PID=61504) to work on /Users/prasenjeet.gadhe/Documents/05. Nokia_PoV/Parallel_Test/venv/lib/python3.9/site-packages/airflow/example_dags/example_setup_teardown_taskflow.py
[2025-04-02T17:05:44.705-0400] {processor.py:830} INFO - Processing file /Users/prasenjeet.gadhe/Documents/05. Nokia_PoV/Parallel_Test/venv/lib/python3.9/site-packages/airflow/example_dags/example_setup_teardown_taskflow.py for tasks to queue
[2025-04-02T17:05:44.705-0400] {logging_mixin.py:188} INFO - [2025-04-02T17:05:44.705-0400] {dagbag.py:540} INFO - Filling up the DagBag from /Users/prasenjeet.gadhe/Documents/05. Nokia_PoV/Parallel_Test/venv/lib/python3.9/site-packages/airflow/example_dags/example_setup_teardown_taskflow.py
[2025-04-02T17:05:44.720-0400] {processor.py:840} INFO - DAG(s) 'example_setup_teardown_taskflow' retrieved from /Users/prasenjeet.gadhe/Documents/05. Nokia_PoV/Parallel_Test/venv/lib/python3.9/site-packages/airflow/example_dags/example_setup_teardown_taskflow.py
[2025-04-02T17:05:44.781-0400] {logging_mixin.py:188} INFO - [2025-04-02T17:05:44.781-0400] {dag.py:3096} INFO - Sync 1 DAGs
[2025-04-02T17:05:44.790-0400] {logging_mixin.py:188} INFO - [2025-04-02T17:05:44.790-0400] {dag.py:3954} INFO - Setting next_dagrun for example_setup_teardown_taskflow to 2025-04-01 00:00:00+00:00, run_after=2025-04-02 00:00:00+00:00
[2025-04-02T17:05:44.798-0400] {processor.py:183} INFO - Processing /Users/prasenjeet.gadhe/Documents/05. Nokia_PoV/Parallel_Test/venv/lib/python3.9/site-packages/airflow/example_dags/example_setup_teardown_taskflow.py took 0.096 seconds
[2025-04-02T17:07:39.452-0400] {processor.py:161} INFO - Started process (PID=75664) to work on /Users/prasenjeet.gadhe/Documents/05. Nokia_PoV/Parallel_Test/venv/lib/python3.9/site-packages/airflow/example_dags/example_setup_teardown_taskflow.py
[2025-04-02T17:07:39.455-0400] {processor.py:830} INFO - Processing file /Users/prasenjeet.gadhe/Documents/05. Nokia_PoV/Parallel_Test/venv/lib/python3.9/site-packages/airflow/example_dags/example_setup_teardown_taskflow.py for tasks to queue
[2025-04-02T17:07:39.455-0400] {logging_mixin.py:188} INFO - [2025-04-02T17:07:39.455-0400] {dagbag.py:540} INFO - Filling up the DagBag from /Users/prasenjeet.gadhe/Documents/05. Nokia_PoV/Parallel_Test/venv/lib/python3.9/site-packages/airflow/example_dags/example_setup_teardown_taskflow.py
[2025-04-02T17:07:39.470-0400] {processor.py:840} INFO - DAG(s) 'example_setup_teardown_taskflow' retrieved from /Users/prasenjeet.gadhe/Documents/05. Nokia_PoV/Parallel_Test/venv/lib/python3.9/site-packages/airflow/example_dags/example_setup_teardown_taskflow.py
[2025-04-02T17:07:39.524-0400] {logging_mixin.py:188} INFO - [2025-04-02T17:07:39.524-0400] {dag.py:3096} INFO - Sync 1 DAGs
[2025-04-02T17:07:39.531-0400] {logging_mixin.py:188} INFO - [2025-04-02T17:07:39.531-0400] {dag.py:3954} INFO - Setting next_dagrun for example_setup_teardown_taskflow to 2025-04-01 00:00:00+00:00, run_after=2025-04-02 00:00:00+00:00
[2025-04-02T17:07:39.538-0400] {processor.py:183} INFO - Processing /Users/prasenjeet.gadhe/Documents/05. Nokia_PoV/Parallel_Test/venv/lib/python3.9/site-packages/airflow/example_dags/example_setup_teardown_taskflow.py took 0.086 seconds
[2025-04-02T17:09:35.422-0400] {processor.py:161} INFO - Started process (PID=89987) to work on /Users/prasenjeet.gadhe/Documents/05. Nokia_PoV/Parallel_Test/venv/lib/python3.9/site-packages/airflow/example_dags/example_setup_teardown_taskflow.py
[2025-04-02T17:09:35.424-0400] {processor.py:830} INFO - Processing file /Users/prasenjeet.gadhe/Documents/05. Nokia_PoV/Parallel_Test/venv/lib/python3.9/site-packages/airflow/example_dags/example_setup_teardown_taskflow.py for tasks to queue
[2025-04-02T17:09:35.424-0400] {logging_mixin.py:188} INFO - [2025-04-02T17:09:35.424-0400] {dagbag.py:540} INFO - Filling up the DagBag from /Users/prasenjeet.gadhe/Documents/05. Nokia_PoV/Parallel_Test/venv/lib/python3.9/site-packages/airflow/example_dags/example_setup_teardown_taskflow.py
[2025-04-02T17:09:35.439-0400] {processor.py:840} INFO - DAG(s) 'example_setup_teardown_taskflow' retrieved from /Users/prasenjeet.gadhe/Documents/05. Nokia_PoV/Parallel_Test/venv/lib/python3.9/site-packages/airflow/example_dags/example_setup_teardown_taskflow.py
[2025-04-02T17:09:35.499-0400] {logging_mixin.py:188} INFO - [2025-04-02T17:09:35.499-0400] {dag.py:3096} INFO - Sync 1 DAGs
[2025-04-02T17:09:35.506-0400] {logging_mixin.py:188} INFO - [2025-04-02T17:09:35.506-0400] {dag.py:3954} INFO - Setting next_dagrun for example_setup_teardown_taskflow to 2025-04-01 00:00:00+00:00, run_after=2025-04-02 00:00:00+00:00
[2025-04-02T17:09:35.513-0400] {processor.py:183} INFO - Processing /Users/prasenjeet.gadhe/Documents/05. Nokia_PoV/Parallel_Test/venv/lib/python3.9/site-packages/airflow/example_dags/example_setup_teardown_taskflow.py took 0.092 seconds
[2025-04-02T17:11:24.217-0400] {processor.py:161} INFO - Started process (PID=3726) to work on /Users/prasenjeet.gadhe/Documents/05. Nokia_PoV/Parallel_Test/venv/lib/python3.9/site-packages/airflow/example_dags/example_setup_teardown_taskflow.py
[2025-04-02T17:11:24.219-0400] {processor.py:830} INFO - Processing file /Users/prasenjeet.gadhe/Documents/05. Nokia_PoV/Parallel_Test/venv/lib/python3.9/site-packages/airflow/example_dags/example_setup_teardown_taskflow.py for tasks to queue
[2025-04-02T17:11:24.220-0400] {logging_mixin.py:188} INFO - [2025-04-02T17:11:24.220-0400] {dagbag.py:540} INFO - Filling up the DagBag from /Users/prasenjeet.gadhe/Documents/05. Nokia_PoV/Parallel_Test/venv/lib/python3.9/site-packages/airflow/example_dags/example_setup_teardown_taskflow.py
[2025-04-02T17:11:24.235-0400] {processor.py:840} INFO - DAG(s) 'example_setup_teardown_taskflow' retrieved from /Users/prasenjeet.gadhe/Documents/05. Nokia_PoV/Parallel_Test/venv/lib/python3.9/site-packages/airflow/example_dags/example_setup_teardown_taskflow.py
[2025-04-02T17:11:24.291-0400] {logging_mixin.py:188} INFO - [2025-04-02T17:11:24.290-0400] {dag.py:3096} INFO - Sync 1 DAGs
[2025-04-02T17:11:24.298-0400] {logging_mixin.py:188} INFO - [2025-04-02T17:11:24.298-0400] {dag.py:3954} INFO - Setting next_dagrun for example_setup_teardown_taskflow to 2025-04-01 00:00:00+00:00, run_after=2025-04-02 00:00:00+00:00
[2025-04-02T17:11:24.304-0400] {processor.py:183} INFO - Processing /Users/prasenjeet.gadhe/Documents/05. Nokia_PoV/Parallel_Test/venv/lib/python3.9/site-packages/airflow/example_dags/example_setup_teardown_taskflow.py took 0.087 seconds
