[2025-04-02T16:38:43.180-0400] {processor.py:161} INFO - Started process (PID=60407) to work on /Users/prasenjeet.gadhe/Documents/05. Nokia_PoV/Parallel_Test/venv/lib/python3.9/site-packages/airflow/example_dags/example_trigger_controller_dag.py
[2025-04-02T16:38:43.182-0400] {processor.py:830} INFO - Processing file /Users/prasenjeet.gadhe/Documents/05. Nokia_PoV/Parallel_Test/venv/lib/python3.9/site-packages/airflow/example_dags/example_trigger_controller_dag.py for tasks to queue
[2025-04-02T16:38:43.182-0400] {logging_mixin.py:188} INFO - [2025-04-02T16:38:43.182-0400] {dagbag.py:540} INFO - Filling up the DagBag from /Users/prasenjeet.gadhe/Documents/05. Nokia_PoV/Parallel_Test/venv/lib/python3.9/site-packages/airflow/example_dags/example_trigger_controller_dag.py
[2025-04-02T16:38:43.186-0400] {processor.py:840} INFO - DAG(s) 'example_trigger_controller_dag' retrieved from /Users/prasenjeet.gadhe/Documents/05. Nokia_PoV/Parallel_Test/venv/lib/python3.9/site-packages/airflow/example_dags/example_trigger_controller_dag.py
[2025-04-02T16:38:43.277-0400] {logging_mixin.py:188} INFO - [2025-04-02T16:38:43.277-0400] {override.py:1829} INFO - Created Permission View: can edit on DAG:example_trigger_controller_dag
[2025-04-02T16:38:43.282-0400] {logging_mixin.py:188} INFO - [2025-04-02T16:38:43.281-0400] {override.py:1829} INFO - Created Permission View: can delete on DAG:example_trigger_controller_dag
[2025-04-02T16:38:43.284-0400] {logging_mixin.py:188} INFO - [2025-04-02T16:38:43.284-0400] {override.py:1829} INFO - Created Permission View: can read on DAG:example_trigger_controller_dag
[2025-04-02T16:38:43.284-0400] {logging_mixin.py:188} INFO - [2025-04-02T16:38:43.284-0400] {dag.py:3096} INFO - Sync 1 DAGs
[2025-04-02T16:38:43.289-0400] {logging_mixin.py:188} INFO - [2025-04-02T16:38:43.289-0400] {dag.py:3118} INFO - Creating ORM DAG for example_trigger_controller_dag
[2025-04-02T16:38:43.293-0400] {logging_mixin.py:188} INFO - [2025-04-02T16:38:43.292-0400] {dag.py:3954} INFO - Setting next_dagrun for example_trigger_controller_dag to 2021-01-01 00:00:00+00:00, run_after=2021-01-01 00:00:00+00:00
[2025-04-02T16:38:43.300-0400] {processor.py:183} INFO - Processing /Users/prasenjeet.gadhe/Documents/05. Nokia_PoV/Parallel_Test/venv/lib/python3.9/site-packages/airflow/example_dags/example_trigger_controller_dag.py took 0.120 seconds
[2025-04-02T16:39:25.808-0400] {processor.py:161} INFO - Started process (PID=65741) to work on /Users/prasenjeet.gadhe/Documents/05. Nokia_PoV/Parallel_Test/venv/lib/python3.9/site-packages/airflow/example_dags/example_trigger_controller_dag.py
[2025-04-02T16:39:25.810-0400] {processor.py:830} INFO - Processing file /Users/prasenjeet.gadhe/Documents/05. Nokia_PoV/Parallel_Test/venv/lib/python3.9/site-packages/airflow/example_dags/example_trigger_controller_dag.py for tasks to queue
[2025-04-02T16:39:25.810-0400] {logging_mixin.py:188} INFO - [2025-04-02T16:39:25.810-0400] {dagbag.py:540} INFO - Filling up the DagBag from /Users/prasenjeet.gadhe/Documents/05. Nokia_PoV/Parallel_Test/venv/lib/python3.9/site-packages/airflow/example_dags/example_trigger_controller_dag.py
[2025-04-02T16:39:25.817-0400] {processor.py:840} INFO - DAG(s) 'example_trigger_controller_dag' retrieved from /Users/prasenjeet.gadhe/Documents/05. Nokia_PoV/Parallel_Test/venv/lib/python3.9/site-packages/airflow/example_dags/example_trigger_controller_dag.py
[2025-04-02T16:39:25.883-0400] {logging_mixin.py:188} INFO - [2025-04-02T16:39:25.882-0400] {dag.py:3096} INFO - Sync 1 DAGs
[2025-04-02T16:39:25.891-0400] {logging_mixin.py:188} INFO - [2025-04-02T16:39:25.891-0400] {dag.py:3954} INFO - Setting next_dagrun for example_trigger_controller_dag to 2021-01-01 00:00:00+00:00, run_after=2021-01-01 00:00:00+00:00
[2025-04-02T16:39:25.898-0400] {processor.py:183} INFO - Processing /Users/prasenjeet.gadhe/Documents/05. Nokia_PoV/Parallel_Test/venv/lib/python3.9/site-packages/airflow/example_dags/example_trigger_controller_dag.py took 0.091 seconds
[2025-04-02T16:40:53.738-0400] {processor.py:161} INFO - Started process (PID=76727) to work on /Users/prasenjeet.gadhe/Documents/05. Nokia_PoV/Parallel_Test/venv/lib/python3.9/site-packages/airflow/example_dags/example_trigger_controller_dag.py
[2025-04-02T16:40:53.740-0400] {processor.py:830} INFO - Processing file /Users/prasenjeet.gadhe/Documents/05. Nokia_PoV/Parallel_Test/venv/lib/python3.9/site-packages/airflow/example_dags/example_trigger_controller_dag.py for tasks to queue
[2025-04-02T16:40:53.740-0400] {logging_mixin.py:188} INFO - [2025-04-02T16:40:53.740-0400] {dagbag.py:540} INFO - Filling up the DagBag from /Users/prasenjeet.gadhe/Documents/05. Nokia_PoV/Parallel_Test/venv/lib/python3.9/site-packages/airflow/example_dags/example_trigger_controller_dag.py
[2025-04-02T16:40:53.745-0400] {processor.py:840} INFO - DAG(s) 'example_trigger_controller_dag' retrieved from /Users/prasenjeet.gadhe/Documents/05. Nokia_PoV/Parallel_Test/venv/lib/python3.9/site-packages/airflow/example_dags/example_trigger_controller_dag.py
[2025-04-02T16:40:53.799-0400] {logging_mixin.py:188} INFO - [2025-04-02T16:40:53.798-0400] {dag.py:3096} INFO - Sync 1 DAGs
[2025-04-02T16:40:53.804-0400] {logging_mixin.py:188} INFO - [2025-04-02T16:40:53.804-0400] {dag.py:3954} INFO - Setting next_dagrun for example_trigger_controller_dag to 2021-01-01 00:00:00+00:00, run_after=2021-01-01 00:00:00+00:00
[2025-04-02T16:40:53.810-0400] {processor.py:183} INFO - Processing /Users/prasenjeet.gadhe/Documents/05. Nokia_PoV/Parallel_Test/venv/lib/python3.9/site-packages/airflow/example_dags/example_trigger_controller_dag.py took 0.073 seconds
[2025-04-02T16:41:51.197-0400] {processor.py:161} INFO - Started process (PID=83882) to work on /Users/prasenjeet.gadhe/Documents/05. Nokia_PoV/Parallel_Test/venv/lib/python3.9/site-packages/airflow/example_dags/example_trigger_controller_dag.py
[2025-04-02T16:41:51.199-0400] {processor.py:830} INFO - Processing file /Users/prasenjeet.gadhe/Documents/05. Nokia_PoV/Parallel_Test/venv/lib/python3.9/site-packages/airflow/example_dags/example_trigger_controller_dag.py for tasks to queue
[2025-04-02T16:41:51.199-0400] {logging_mixin.py:188} INFO - [2025-04-02T16:41:51.199-0400] {dagbag.py:540} INFO - Filling up the DagBag from /Users/prasenjeet.gadhe/Documents/05. Nokia_PoV/Parallel_Test/venv/lib/python3.9/site-packages/airflow/example_dags/example_trigger_controller_dag.py
[2025-04-02T16:41:51.203-0400] {processor.py:840} INFO - DAG(s) 'example_trigger_controller_dag' retrieved from /Users/prasenjeet.gadhe/Documents/05. Nokia_PoV/Parallel_Test/venv/lib/python3.9/site-packages/airflow/example_dags/example_trigger_controller_dag.py
[2025-04-02T16:41:51.254-0400] {logging_mixin.py:188} INFO - [2025-04-02T16:41:51.254-0400] {dag.py:3096} INFO - Sync 1 DAGs
[2025-04-02T16:41:51.259-0400] {logging_mixin.py:188} INFO - [2025-04-02T16:41:51.259-0400] {dag.py:3954} INFO - Setting next_dagrun for example_trigger_controller_dag to 2021-01-01 00:00:00+00:00, run_after=2021-01-01 00:00:00+00:00
[2025-04-02T16:41:51.266-0400] {processor.py:183} INFO - Processing /Users/prasenjeet.gadhe/Documents/05. Nokia_PoV/Parallel_Test/venv/lib/python3.9/site-packages/airflow/example_dags/example_trigger_controller_dag.py took 0.070 seconds
[2025-04-02T16:42:50.512-0400] {processor.py:161} INFO - Started process (PID=91173) to work on /Users/prasenjeet.gadhe/Documents/05. Nokia_PoV/Parallel_Test/venv/lib/python3.9/site-packages/airflow/example_dags/example_trigger_controller_dag.py
[2025-04-02T16:42:50.514-0400] {processor.py:830} INFO - Processing file /Users/prasenjeet.gadhe/Documents/05. Nokia_PoV/Parallel_Test/venv/lib/python3.9/site-packages/airflow/example_dags/example_trigger_controller_dag.py for tasks to queue
[2025-04-02T16:42:50.514-0400] {logging_mixin.py:188} INFO - [2025-04-02T16:42:50.514-0400] {dagbag.py:540} INFO - Filling up the DagBag from /Users/prasenjeet.gadhe/Documents/05. Nokia_PoV/Parallel_Test/venv/lib/python3.9/site-packages/airflow/example_dags/example_trigger_controller_dag.py
[2025-04-02T16:42:50.519-0400] {processor.py:840} INFO - DAG(s) 'example_trigger_controller_dag' retrieved from /Users/prasenjeet.gadhe/Documents/05. Nokia_PoV/Parallel_Test/venv/lib/python3.9/site-packages/airflow/example_dags/example_trigger_controller_dag.py
[2025-04-02T16:42:50.572-0400] {logging_mixin.py:188} INFO - [2025-04-02T16:42:50.571-0400] {dag.py:3096} INFO - Sync 1 DAGs
[2025-04-02T16:42:50.578-0400] {logging_mixin.py:188} INFO - [2025-04-02T16:42:50.578-0400] {dag.py:3954} INFO - Setting next_dagrun for example_trigger_controller_dag to 2021-01-01 00:00:00+00:00, run_after=2021-01-01 00:00:00+00:00
[2025-04-02T16:42:50.583-0400] {processor.py:183} INFO - Processing /Users/prasenjeet.gadhe/Documents/05. Nokia_PoV/Parallel_Test/venv/lib/python3.9/site-packages/airflow/example_dags/example_trigger_controller_dag.py took 0.072 seconds
[2025-04-02T16:43:46.807-0400] {processor.py:161} INFO - Started process (PID=98154) to work on /Users/prasenjeet.gadhe/Documents/05. Nokia_PoV/Parallel_Test/venv/lib/python3.9/site-packages/airflow/example_dags/example_trigger_controller_dag.py
[2025-04-02T16:43:46.809-0400] {processor.py:830} INFO - Processing file /Users/prasenjeet.gadhe/Documents/05. Nokia_PoV/Parallel_Test/venv/lib/python3.9/site-packages/airflow/example_dags/example_trigger_controller_dag.py for tasks to queue
[2025-04-02T16:43:46.809-0400] {logging_mixin.py:188} INFO - [2025-04-02T16:43:46.809-0400] {dagbag.py:540} INFO - Filling up the DagBag from /Users/prasenjeet.gadhe/Documents/05. Nokia_PoV/Parallel_Test/venv/lib/python3.9/site-packages/airflow/example_dags/example_trigger_controller_dag.py
[2025-04-02T16:43:46.815-0400] {processor.py:840} INFO - DAG(s) 'example_trigger_controller_dag' retrieved from /Users/prasenjeet.gadhe/Documents/05. Nokia_PoV/Parallel_Test/venv/lib/python3.9/site-packages/airflow/example_dags/example_trigger_controller_dag.py
[2025-04-02T16:43:46.872-0400] {logging_mixin.py:188} INFO - [2025-04-02T16:43:46.872-0400] {dag.py:3096} INFO - Sync 1 DAGs
[2025-04-02T16:43:46.877-0400] {logging_mixin.py:188} INFO - [2025-04-02T16:43:46.877-0400] {dag.py:3954} INFO - Setting next_dagrun for example_trigger_controller_dag to 2021-01-01 00:00:00+00:00, run_after=2021-01-01 00:00:00+00:00
[2025-04-02T16:43:46.886-0400] {processor.py:183} INFO - Processing /Users/prasenjeet.gadhe/Documents/05. Nokia_PoV/Parallel_Test/venv/lib/python3.9/site-packages/airflow/example_dags/example_trigger_controller_dag.py took 0.080 seconds
[2025-04-02T16:45:46.737-0400] {processor.py:161} INFO - Started process (PID=13408) to work on /Users/prasenjeet.gadhe/Documents/05. Nokia_PoV/Parallel_Test/venv/lib/python3.9/site-packages/airflow/example_dags/example_trigger_controller_dag.py
[2025-04-02T16:45:46.738-0400] {processor.py:830} INFO - Processing file /Users/prasenjeet.gadhe/Documents/05. Nokia_PoV/Parallel_Test/venv/lib/python3.9/site-packages/airflow/example_dags/example_trigger_controller_dag.py for tasks to queue
[2025-04-02T16:45:46.739-0400] {logging_mixin.py:188} INFO - [2025-04-02T16:45:46.739-0400] {dagbag.py:540} INFO - Filling up the DagBag from /Users/prasenjeet.gadhe/Documents/05. Nokia_PoV/Parallel_Test/venv/lib/python3.9/site-packages/airflow/example_dags/example_trigger_controller_dag.py
[2025-04-02T16:45:46.743-0400] {processor.py:840} INFO - DAG(s) 'example_trigger_controller_dag' retrieved from /Users/prasenjeet.gadhe/Documents/05. Nokia_PoV/Parallel_Test/venv/lib/python3.9/site-packages/airflow/example_dags/example_trigger_controller_dag.py
[2025-04-02T16:45:46.795-0400] {logging_mixin.py:188} INFO - [2025-04-02T16:45:46.794-0400] {dag.py:3096} INFO - Sync 1 DAGs
[2025-04-02T16:45:46.800-0400] {logging_mixin.py:188} INFO - [2025-04-02T16:45:46.800-0400] {dag.py:3954} INFO - Setting next_dagrun for example_trigger_controller_dag to 2021-01-01 00:00:00+00:00, run_after=2021-01-01 00:00:00+00:00
[2025-04-02T16:45:46.806-0400] {processor.py:183} INFO - Processing /Users/prasenjeet.gadhe/Documents/05. Nokia_PoV/Parallel_Test/venv/lib/python3.9/site-packages/airflow/example_dags/example_trigger_controller_dag.py took 0.070 seconds
[2025-04-02T16:47:14.982-0400] {processor.py:161} INFO - Started process (PID=24400) to work on /Users/prasenjeet.gadhe/Documents/05. Nokia_PoV/Parallel_Test/venv/lib/python3.9/site-packages/airflow/example_dags/example_trigger_controller_dag.py
[2025-04-02T16:47:14.984-0400] {processor.py:830} INFO - Processing file /Users/prasenjeet.gadhe/Documents/05. Nokia_PoV/Parallel_Test/venv/lib/python3.9/site-packages/airflow/example_dags/example_trigger_controller_dag.py for tasks to queue
[2025-04-02T16:47:14.984-0400] {logging_mixin.py:188} INFO - [2025-04-02T16:47:14.984-0400] {dagbag.py:540} INFO - Filling up the DagBag from /Users/prasenjeet.gadhe/Documents/05. Nokia_PoV/Parallel_Test/venv/lib/python3.9/site-packages/airflow/example_dags/example_trigger_controller_dag.py
[2025-04-02T16:47:14.989-0400] {processor.py:840} INFO - DAG(s) 'example_trigger_controller_dag' retrieved from /Users/prasenjeet.gadhe/Documents/05. Nokia_PoV/Parallel_Test/venv/lib/python3.9/site-packages/airflow/example_dags/example_trigger_controller_dag.py
[2025-04-02T16:47:15.044-0400] {logging_mixin.py:188} INFO - [2025-04-02T16:47:15.044-0400] {dag.py:3096} INFO - Sync 1 DAGs
[2025-04-02T16:47:15.050-0400] {logging_mixin.py:188} INFO - [2025-04-02T16:47:15.050-0400] {dag.py:3954} INFO - Setting next_dagrun for example_trigger_controller_dag to 2021-01-01 00:00:00+00:00, run_after=2021-01-01 00:00:00+00:00
[2025-04-02T16:47:15.056-0400] {processor.py:183} INFO - Processing /Users/prasenjeet.gadhe/Documents/05. Nokia_PoV/Parallel_Test/venv/lib/python3.9/site-packages/airflow/example_dags/example_trigger_controller_dag.py took 0.075 seconds
[2025-04-02T16:48:14.392-0400] {processor.py:161} INFO - Started process (PID=31715) to work on /Users/prasenjeet.gadhe/Documents/05. Nokia_PoV/Parallel_Test/venv/lib/python3.9/site-packages/airflow/example_dags/example_trigger_controller_dag.py
[2025-04-02T16:48:14.393-0400] {processor.py:830} INFO - Processing file /Users/prasenjeet.gadhe/Documents/05. Nokia_PoV/Parallel_Test/venv/lib/python3.9/site-packages/airflow/example_dags/example_trigger_controller_dag.py for tasks to queue
[2025-04-02T16:48:14.394-0400] {logging_mixin.py:188} INFO - [2025-04-02T16:48:14.394-0400] {dagbag.py:540} INFO - Filling up the DagBag from /Users/prasenjeet.gadhe/Documents/05. Nokia_PoV/Parallel_Test/venv/lib/python3.9/site-packages/airflow/example_dags/example_trigger_controller_dag.py
[2025-04-02T16:48:14.399-0400] {processor.py:840} INFO - DAG(s) 'example_trigger_controller_dag' retrieved from /Users/prasenjeet.gadhe/Documents/05. Nokia_PoV/Parallel_Test/venv/lib/python3.9/site-packages/airflow/example_dags/example_trigger_controller_dag.py
[2025-04-02T16:48:14.464-0400] {logging_mixin.py:188} INFO - [2025-04-02T16:48:14.463-0400] {dag.py:3096} INFO - Sync 1 DAGs
[2025-04-02T16:48:14.470-0400] {logging_mixin.py:188} INFO - [2025-04-02T16:48:14.470-0400] {dag.py:3954} INFO - Setting next_dagrun for example_trigger_controller_dag to 2021-01-01 00:00:00+00:00, run_after=2021-01-01 00:00:00+00:00
[2025-04-02T16:48:14.476-0400] {processor.py:183} INFO - Processing /Users/prasenjeet.gadhe/Documents/05. Nokia_PoV/Parallel_Test/venv/lib/python3.9/site-packages/airflow/example_dags/example_trigger_controller_dag.py took 0.086 seconds
[2025-04-02T16:49:11.432-0400] {processor.py:161} INFO - Started process (PID=38756) to work on /Users/prasenjeet.gadhe/Documents/05. Nokia_PoV/Parallel_Test/venv/lib/python3.9/site-packages/airflow/example_dags/example_trigger_controller_dag.py
[2025-04-02T16:49:11.434-0400] {processor.py:830} INFO - Processing file /Users/prasenjeet.gadhe/Documents/05. Nokia_PoV/Parallel_Test/venv/lib/python3.9/site-packages/airflow/example_dags/example_trigger_controller_dag.py for tasks to queue
[2025-04-02T16:49:11.435-0400] {logging_mixin.py:188} INFO - [2025-04-02T16:49:11.435-0400] {dagbag.py:540} INFO - Filling up the DagBag from /Users/prasenjeet.gadhe/Documents/05. Nokia_PoV/Parallel_Test/venv/lib/python3.9/site-packages/airflow/example_dags/example_trigger_controller_dag.py
[2025-04-02T16:49:11.440-0400] {processor.py:840} INFO - DAG(s) 'example_trigger_controller_dag' retrieved from /Users/prasenjeet.gadhe/Documents/05. Nokia_PoV/Parallel_Test/venv/lib/python3.9/site-packages/airflow/example_dags/example_trigger_controller_dag.py
[2025-04-02T16:49:11.504-0400] {logging_mixin.py:188} INFO - [2025-04-02T16:49:11.504-0400] {dag.py:3096} INFO - Sync 1 DAGs
[2025-04-02T16:49:11.510-0400] {logging_mixin.py:188} INFO - [2025-04-02T16:49:11.510-0400] {dag.py:3954} INFO - Setting next_dagrun for example_trigger_controller_dag to 2021-01-01 00:00:00+00:00, run_after=2021-01-01 00:00:00+00:00
[2025-04-02T16:49:11.517-0400] {processor.py:183} INFO - Processing /Users/prasenjeet.gadhe/Documents/05. Nokia_PoV/Parallel_Test/venv/lib/python3.9/site-packages/airflow/example_dags/example_trigger_controller_dag.py took 0.086 seconds
[2025-04-02T16:50:57.672-0400] {processor.py:161} INFO - Started process (PID=51914) to work on /Users/prasenjeet.gadhe/Documents/05. Nokia_PoV/Parallel_Test/venv/lib/python3.9/site-packages/airflow/example_dags/example_trigger_controller_dag.py
[2025-04-02T16:50:57.674-0400] {processor.py:830} INFO - Processing file /Users/prasenjeet.gadhe/Documents/05. Nokia_PoV/Parallel_Test/venv/lib/python3.9/site-packages/airflow/example_dags/example_trigger_controller_dag.py for tasks to queue
[2025-04-02T16:50:57.674-0400] {logging_mixin.py:188} INFO - [2025-04-02T16:50:57.674-0400] {dagbag.py:540} INFO - Filling up the DagBag from /Users/prasenjeet.gadhe/Documents/05. Nokia_PoV/Parallel_Test/venv/lib/python3.9/site-packages/airflow/example_dags/example_trigger_controller_dag.py
[2025-04-02T16:50:57.679-0400] {processor.py:840} INFO - DAG(s) 'example_trigger_controller_dag' retrieved from /Users/prasenjeet.gadhe/Documents/05. Nokia_PoV/Parallel_Test/venv/lib/python3.9/site-packages/airflow/example_dags/example_trigger_controller_dag.py
[2025-04-02T16:50:57.730-0400] {logging_mixin.py:188} INFO - [2025-04-02T16:50:57.730-0400] {dag.py:3096} INFO - Sync 1 DAGs
[2025-04-02T16:50:57.735-0400] {logging_mixin.py:188} INFO - [2025-04-02T16:50:57.735-0400] {dag.py:3954} INFO - Setting next_dagrun for example_trigger_controller_dag to 2021-01-01 00:00:00+00:00, run_after=2021-01-01 00:00:00+00:00
[2025-04-02T16:50:57.742-0400] {processor.py:183} INFO - Processing /Users/prasenjeet.gadhe/Documents/05. Nokia_PoV/Parallel_Test/venv/lib/python3.9/site-packages/airflow/example_dags/example_trigger_controller_dag.py took 0.070 seconds
[2025-04-02T16:52:28.408-0400] {processor.py:161} INFO - Started process (PID=63128) to work on /Users/prasenjeet.gadhe/Documents/05. Nokia_PoV/Parallel_Test/venv/lib/python3.9/site-packages/airflow/example_dags/example_trigger_controller_dag.py
[2025-04-02T16:52:28.410-0400] {processor.py:830} INFO - Processing file /Users/prasenjeet.gadhe/Documents/05. Nokia_PoV/Parallel_Test/venv/lib/python3.9/site-packages/airflow/example_dags/example_trigger_controller_dag.py for tasks to queue
[2025-04-02T16:52:28.410-0400] {logging_mixin.py:188} INFO - [2025-04-02T16:52:28.410-0400] {dagbag.py:540} INFO - Filling up the DagBag from /Users/prasenjeet.gadhe/Documents/05. Nokia_PoV/Parallel_Test/venv/lib/python3.9/site-packages/airflow/example_dags/example_trigger_controller_dag.py
[2025-04-02T16:52:28.415-0400] {processor.py:840} INFO - DAG(s) 'example_trigger_controller_dag' retrieved from /Users/prasenjeet.gadhe/Documents/05. Nokia_PoV/Parallel_Test/venv/lib/python3.9/site-packages/airflow/example_dags/example_trigger_controller_dag.py
[2025-04-02T16:52:28.469-0400] {logging_mixin.py:188} INFO - [2025-04-02T16:52:28.469-0400] {dag.py:3096} INFO - Sync 1 DAGs
[2025-04-02T16:52:28.474-0400] {logging_mixin.py:188} INFO - [2025-04-02T16:52:28.474-0400] {dag.py:3954} INFO - Setting next_dagrun for example_trigger_controller_dag to 2021-01-01 00:00:00+00:00, run_after=2021-01-01 00:00:00+00:00
[2025-04-02T16:52:28.480-0400] {processor.py:183} INFO - Processing /Users/prasenjeet.gadhe/Documents/05. Nokia_PoV/Parallel_Test/venv/lib/python3.9/site-packages/airflow/example_dags/example_trigger_controller_dag.py took 0.073 seconds
[2025-04-02T16:53:23.963-0400] {processor.py:161} INFO - Started process (PID=69925) to work on /Users/prasenjeet.gadhe/Documents/05. Nokia_PoV/Parallel_Test/venv/lib/python3.9/site-packages/airflow/example_dags/example_trigger_controller_dag.py
[2025-04-02T16:53:23.964-0400] {processor.py:830} INFO - Processing file /Users/prasenjeet.gadhe/Documents/05. Nokia_PoV/Parallel_Test/venv/lib/python3.9/site-packages/airflow/example_dags/example_trigger_controller_dag.py for tasks to queue
[2025-04-02T16:53:23.965-0400] {logging_mixin.py:188} INFO - [2025-04-02T16:53:23.964-0400] {dagbag.py:540} INFO - Filling up the DagBag from /Users/prasenjeet.gadhe/Documents/05. Nokia_PoV/Parallel_Test/venv/lib/python3.9/site-packages/airflow/example_dags/example_trigger_controller_dag.py
[2025-04-02T16:53:23.969-0400] {processor.py:840} INFO - DAG(s) 'example_trigger_controller_dag' retrieved from /Users/prasenjeet.gadhe/Documents/05. Nokia_PoV/Parallel_Test/venv/lib/python3.9/site-packages/airflow/example_dags/example_trigger_controller_dag.py
[2025-04-02T16:53:24.020-0400] {logging_mixin.py:188} INFO - [2025-04-02T16:53:24.020-0400] {dag.py:3096} INFO - Sync 1 DAGs
[2025-04-02T16:53:24.026-0400] {logging_mixin.py:188} INFO - [2025-04-02T16:53:24.026-0400] {dag.py:3954} INFO - Setting next_dagrun for example_trigger_controller_dag to 2021-01-01 00:00:00+00:00, run_after=2021-01-01 00:00:00+00:00
[2025-04-02T16:53:24.032-0400] {processor.py:183} INFO - Processing /Users/prasenjeet.gadhe/Documents/05. Nokia_PoV/Parallel_Test/venv/lib/python3.9/site-packages/airflow/example_dags/example_trigger_controller_dag.py took 0.070 seconds
[2025-04-02T16:55:14.464-0400] {processor.py:161} INFO - Started process (PID=83661) to work on /Users/prasenjeet.gadhe/Documents/05. Nokia_PoV/Parallel_Test/venv/lib/python3.9/site-packages/airflow/example_dags/example_trigger_controller_dag.py
[2025-04-02T16:55:14.465-0400] {processor.py:830} INFO - Processing file /Users/prasenjeet.gadhe/Documents/05. Nokia_PoV/Parallel_Test/venv/lib/python3.9/site-packages/airflow/example_dags/example_trigger_controller_dag.py for tasks to queue
[2025-04-02T16:55:14.465-0400] {logging_mixin.py:188} INFO - [2025-04-02T16:55:14.465-0400] {dagbag.py:540} INFO - Filling up the DagBag from /Users/prasenjeet.gadhe/Documents/05. Nokia_PoV/Parallel_Test/venv/lib/python3.9/site-packages/airflow/example_dags/example_trigger_controller_dag.py
[2025-04-02T16:55:14.470-0400] {processor.py:840} INFO - DAG(s) 'example_trigger_controller_dag' retrieved from /Users/prasenjeet.gadhe/Documents/05. Nokia_PoV/Parallel_Test/venv/lib/python3.9/site-packages/airflow/example_dags/example_trigger_controller_dag.py
[2025-04-02T16:55:14.526-0400] {logging_mixin.py:188} INFO - [2025-04-02T16:55:14.526-0400] {dag.py:3096} INFO - Sync 1 DAGs
[2025-04-02T16:55:14.532-0400] {logging_mixin.py:188} INFO - [2025-04-02T16:55:14.532-0400] {dag.py:3954} INFO - Setting next_dagrun for example_trigger_controller_dag to 2021-01-01 00:00:00+00:00, run_after=2021-01-01 00:00:00+00:00
[2025-04-02T16:55:14.538-0400] {processor.py:183} INFO - Processing /Users/prasenjeet.gadhe/Documents/05. Nokia_PoV/Parallel_Test/venv/lib/python3.9/site-packages/airflow/example_dags/example_trigger_controller_dag.py took 0.075 seconds
[2025-04-02T16:56:14.045-0400] {processor.py:161} INFO - Started process (PID=91093) to work on /Users/prasenjeet.gadhe/Documents/05. Nokia_PoV/Parallel_Test/venv/lib/python3.9/site-packages/airflow/example_dags/example_trigger_controller_dag.py
[2025-04-02T16:56:14.047-0400] {processor.py:830} INFO - Processing file /Users/prasenjeet.gadhe/Documents/05. Nokia_PoV/Parallel_Test/venv/lib/python3.9/site-packages/airflow/example_dags/example_trigger_controller_dag.py for tasks to queue
[2025-04-02T16:56:14.048-0400] {logging_mixin.py:188} INFO - [2025-04-02T16:56:14.048-0400] {dagbag.py:540} INFO - Filling up the DagBag from /Users/prasenjeet.gadhe/Documents/05. Nokia_PoV/Parallel_Test/venv/lib/python3.9/site-packages/airflow/example_dags/example_trigger_controller_dag.py
[2025-04-02T16:56:14.053-0400] {processor.py:840} INFO - DAG(s) 'example_trigger_controller_dag' retrieved from /Users/prasenjeet.gadhe/Documents/05. Nokia_PoV/Parallel_Test/venv/lib/python3.9/site-packages/airflow/example_dags/example_trigger_controller_dag.py
[2025-04-02T16:56:14.104-0400] {logging_mixin.py:188} INFO - [2025-04-02T16:56:14.104-0400] {dag.py:3096} INFO - Sync 1 DAGs
[2025-04-02T16:56:14.109-0400] {logging_mixin.py:188} INFO - [2025-04-02T16:56:14.109-0400] {dag.py:3954} INFO - Setting next_dagrun for example_trigger_controller_dag to 2021-01-01 00:00:00+00:00, run_after=2021-01-01 00:00:00+00:00
[2025-04-02T16:56:14.115-0400] {processor.py:183} INFO - Processing /Users/prasenjeet.gadhe/Documents/05. Nokia_PoV/Parallel_Test/venv/lib/python3.9/site-packages/airflow/example_dags/example_trigger_controller_dag.py took 0.071 seconds
[2025-04-02T16:57:11.253-0400] {processor.py:161} INFO - Started process (PID=98137) to work on /Users/prasenjeet.gadhe/Documents/05. Nokia_PoV/Parallel_Test/venv/lib/python3.9/site-packages/airflow/example_dags/example_trigger_controller_dag.py
[2025-04-02T16:57:11.255-0400] {processor.py:830} INFO - Processing file /Users/prasenjeet.gadhe/Documents/05. Nokia_PoV/Parallel_Test/venv/lib/python3.9/site-packages/airflow/example_dags/example_trigger_controller_dag.py for tasks to queue
[2025-04-02T16:57:11.255-0400] {logging_mixin.py:188} INFO - [2025-04-02T16:57:11.255-0400] {dagbag.py:540} INFO - Filling up the DagBag from /Users/prasenjeet.gadhe/Documents/05. Nokia_PoV/Parallel_Test/venv/lib/python3.9/site-packages/airflow/example_dags/example_trigger_controller_dag.py
[2025-04-02T16:57:11.260-0400] {processor.py:840} INFO - DAG(s) 'example_trigger_controller_dag' retrieved from /Users/prasenjeet.gadhe/Documents/05. Nokia_PoV/Parallel_Test/venv/lib/python3.9/site-packages/airflow/example_dags/example_trigger_controller_dag.py
[2025-04-02T16:57:11.315-0400] {logging_mixin.py:188} INFO - [2025-04-02T16:57:11.315-0400] {dag.py:3096} INFO - Sync 1 DAGs
[2025-04-02T16:57:11.321-0400] {logging_mixin.py:188} INFO - [2025-04-02T16:57:11.321-0400] {dag.py:3954} INFO - Setting next_dagrun for example_trigger_controller_dag to 2021-01-01 00:00:00+00:00, run_after=2021-01-01 00:00:00+00:00
[2025-04-02T16:57:11.329-0400] {processor.py:183} INFO - Processing /Users/prasenjeet.gadhe/Documents/05. Nokia_PoV/Parallel_Test/venv/lib/python3.9/site-packages/airflow/example_dags/example_trigger_controller_dag.py took 0.076 seconds
[2025-04-02T16:58:06.638-0400] {processor.py:161} INFO - Started process (PID=5238) to work on /Users/prasenjeet.gadhe/Documents/05. Nokia_PoV/Parallel_Test/venv/lib/python3.9/site-packages/airflow/example_dags/example_trigger_controller_dag.py
[2025-04-02T16:58:06.640-0400] {processor.py:830} INFO - Processing file /Users/prasenjeet.gadhe/Documents/05. Nokia_PoV/Parallel_Test/venv/lib/python3.9/site-packages/airflow/example_dags/example_trigger_controller_dag.py for tasks to queue
[2025-04-02T16:58:06.641-0400] {logging_mixin.py:188} INFO - [2025-04-02T16:58:06.640-0400] {dagbag.py:540} INFO - Filling up the DagBag from /Users/prasenjeet.gadhe/Documents/05. Nokia_PoV/Parallel_Test/venv/lib/python3.9/site-packages/airflow/example_dags/example_trigger_controller_dag.py
[2025-04-02T16:58:06.645-0400] {processor.py:840} INFO - DAG(s) 'example_trigger_controller_dag' retrieved from /Users/prasenjeet.gadhe/Documents/05. Nokia_PoV/Parallel_Test/venv/lib/python3.9/site-packages/airflow/example_dags/example_trigger_controller_dag.py
[2025-04-02T16:58:06.702-0400] {logging_mixin.py:188} INFO - [2025-04-02T16:58:06.702-0400] {dag.py:3096} INFO - Sync 1 DAGs
[2025-04-02T16:58:06.708-0400] {logging_mixin.py:188} INFO - [2025-04-02T16:58:06.708-0400] {dag.py:3954} INFO - Setting next_dagrun for example_trigger_controller_dag to 2021-01-01 00:00:00+00:00, run_after=2021-01-01 00:00:00+00:00
[2025-04-02T16:58:06.715-0400] {processor.py:183} INFO - Processing /Users/prasenjeet.gadhe/Documents/05. Nokia_PoV/Parallel_Test/venv/lib/python3.9/site-packages/airflow/example_dags/example_trigger_controller_dag.py took 0.078 seconds
[2025-04-02T16:59:03.399-0400] {processor.py:161} INFO - Started process (PID=12265) to work on /Users/prasenjeet.gadhe/Documents/05. Nokia_PoV/Parallel_Test/venv/lib/python3.9/site-packages/airflow/example_dags/example_trigger_controller_dag.py
[2025-04-02T16:59:03.401-0400] {processor.py:830} INFO - Processing file /Users/prasenjeet.gadhe/Documents/05. Nokia_PoV/Parallel_Test/venv/lib/python3.9/site-packages/airflow/example_dags/example_trigger_controller_dag.py for tasks to queue
[2025-04-02T16:59:03.401-0400] {logging_mixin.py:188} INFO - [2025-04-02T16:59:03.401-0400] {dagbag.py:540} INFO - Filling up the DagBag from /Users/prasenjeet.gadhe/Documents/05. Nokia_PoV/Parallel_Test/venv/lib/python3.9/site-packages/airflow/example_dags/example_trigger_controller_dag.py
[2025-04-02T16:59:03.406-0400] {processor.py:840} INFO - DAG(s) 'example_trigger_controller_dag' retrieved from /Users/prasenjeet.gadhe/Documents/05. Nokia_PoV/Parallel_Test/venv/lib/python3.9/site-packages/airflow/example_dags/example_trigger_controller_dag.py
[2025-04-02T16:59:03.461-0400] {logging_mixin.py:188} INFO - [2025-04-02T16:59:03.461-0400] {dag.py:3096} INFO - Sync 1 DAGs
[2025-04-02T16:59:03.466-0400] {logging_mixin.py:188} INFO - [2025-04-02T16:59:03.466-0400] {dag.py:3954} INFO - Setting next_dagrun for example_trigger_controller_dag to 2021-01-01 00:00:00+00:00, run_after=2021-01-01 00:00:00+00:00
[2025-04-02T16:59:03.472-0400] {processor.py:183} INFO - Processing /Users/prasenjeet.gadhe/Documents/05. Nokia_PoV/Parallel_Test/venv/lib/python3.9/site-packages/airflow/example_dags/example_trigger_controller_dag.py took 0.075 seconds
[2025-04-02T16:59:59.504-0400] {processor.py:161} INFO - Started process (PID=19092) to work on /Users/prasenjeet.gadhe/Documents/05. Nokia_PoV/Parallel_Test/venv/lib/python3.9/site-packages/airflow/example_dags/example_trigger_controller_dag.py
[2025-04-02T16:59:59.506-0400] {processor.py:830} INFO - Processing file /Users/prasenjeet.gadhe/Documents/05. Nokia_PoV/Parallel_Test/venv/lib/python3.9/site-packages/airflow/example_dags/example_trigger_controller_dag.py for tasks to queue
[2025-04-02T16:59:59.507-0400] {logging_mixin.py:188} INFO - [2025-04-02T16:59:59.507-0400] {dagbag.py:540} INFO - Filling up the DagBag from /Users/prasenjeet.gadhe/Documents/05. Nokia_PoV/Parallel_Test/venv/lib/python3.9/site-packages/airflow/example_dags/example_trigger_controller_dag.py
[2025-04-02T16:59:59.512-0400] {processor.py:840} INFO - DAG(s) 'example_trigger_controller_dag' retrieved from /Users/prasenjeet.gadhe/Documents/05. Nokia_PoV/Parallel_Test/venv/lib/python3.9/site-packages/airflow/example_dags/example_trigger_controller_dag.py
[2025-04-02T16:59:59.569-0400] {logging_mixin.py:188} INFO - [2025-04-02T16:59:59.569-0400] {dag.py:3096} INFO - Sync 1 DAGs
[2025-04-02T16:59:59.575-0400] {logging_mixin.py:188} INFO - [2025-04-02T16:59:59.575-0400] {dag.py:3954} INFO - Setting next_dagrun for example_trigger_controller_dag to 2021-01-01 00:00:00+00:00, run_after=2021-01-01 00:00:00+00:00
[2025-04-02T16:59:59.581-0400] {processor.py:183} INFO - Processing /Users/prasenjeet.gadhe/Documents/05. Nokia_PoV/Parallel_Test/venv/lib/python3.9/site-packages/airflow/example_dags/example_trigger_controller_dag.py took 0.078 seconds
[2025-04-02T17:00:53.931-0400] {processor.py:161} INFO - Started process (PID=25755) to work on /Users/prasenjeet.gadhe/Documents/05. Nokia_PoV/Parallel_Test/venv/lib/python3.9/site-packages/airflow/example_dags/example_trigger_controller_dag.py
[2025-04-02T17:00:53.932-0400] {processor.py:830} INFO - Processing file /Users/prasenjeet.gadhe/Documents/05. Nokia_PoV/Parallel_Test/venv/lib/python3.9/site-packages/airflow/example_dags/example_trigger_controller_dag.py for tasks to queue
[2025-04-02T17:00:53.933-0400] {logging_mixin.py:188} INFO - [2025-04-02T17:00:53.933-0400] {dagbag.py:540} INFO - Filling up the DagBag from /Users/prasenjeet.gadhe/Documents/05. Nokia_PoV/Parallel_Test/venv/lib/python3.9/site-packages/airflow/example_dags/example_trigger_controller_dag.py
[2025-04-02T17:00:53.937-0400] {processor.py:840} INFO - DAG(s) 'example_trigger_controller_dag' retrieved from /Users/prasenjeet.gadhe/Documents/05. Nokia_PoV/Parallel_Test/venv/lib/python3.9/site-packages/airflow/example_dags/example_trigger_controller_dag.py
[2025-04-02T17:00:53.988-0400] {logging_mixin.py:188} INFO - [2025-04-02T17:00:53.987-0400] {dag.py:3096} INFO - Sync 1 DAGs
[2025-04-02T17:00:53.993-0400] {logging_mixin.py:188} INFO - [2025-04-02T17:00:53.993-0400] {dag.py:3954} INFO - Setting next_dagrun for example_trigger_controller_dag to 2021-01-01 00:00:00+00:00, run_after=2021-01-01 00:00:00+00:00
[2025-04-02T17:00:53.999-0400] {processor.py:183} INFO - Processing /Users/prasenjeet.gadhe/Documents/05. Nokia_PoV/Parallel_Test/venv/lib/python3.9/site-packages/airflow/example_dags/example_trigger_controller_dag.py took 0.069 seconds
[2025-04-02T17:01:50.488-0400] {processor.py:161} INFO - Started process (PID=32761) to work on /Users/prasenjeet.gadhe/Documents/05. Nokia_PoV/Parallel_Test/venv/lib/python3.9/site-packages/airflow/example_dags/example_trigger_controller_dag.py
[2025-04-02T17:01:50.490-0400] {processor.py:830} INFO - Processing file /Users/prasenjeet.gadhe/Documents/05. Nokia_PoV/Parallel_Test/venv/lib/python3.9/site-packages/airflow/example_dags/example_trigger_controller_dag.py for tasks to queue
[2025-04-02T17:01:50.490-0400] {logging_mixin.py:188} INFO - [2025-04-02T17:01:50.490-0400] {dagbag.py:540} INFO - Filling up the DagBag from /Users/prasenjeet.gadhe/Documents/05. Nokia_PoV/Parallel_Test/venv/lib/python3.9/site-packages/airflow/example_dags/example_trigger_controller_dag.py
[2025-04-02T17:01:50.495-0400] {processor.py:840} INFO - DAG(s) 'example_trigger_controller_dag' retrieved from /Users/prasenjeet.gadhe/Documents/05. Nokia_PoV/Parallel_Test/venv/lib/python3.9/site-packages/airflow/example_dags/example_trigger_controller_dag.py
[2025-04-02T17:01:50.546-0400] {logging_mixin.py:188} INFO - [2025-04-02T17:01:50.546-0400] {dag.py:3096} INFO - Sync 1 DAGs
[2025-04-02T17:01:50.551-0400] {logging_mixin.py:188} INFO - [2025-04-02T17:01:50.551-0400] {dag.py:3954} INFO - Setting next_dagrun for example_trigger_controller_dag to 2021-01-01 00:00:00+00:00, run_after=2021-01-01 00:00:00+00:00
[2025-04-02T17:01:50.557-0400] {processor.py:183} INFO - Processing /Users/prasenjeet.gadhe/Documents/05. Nokia_PoV/Parallel_Test/venv/lib/python3.9/site-packages/airflow/example_dags/example_trigger_controller_dag.py took 0.070 seconds
[2025-04-02T17:02:48.327-0400] {processor.py:161} INFO - Started process (PID=39875) to work on /Users/prasenjeet.gadhe/Documents/05. Nokia_PoV/Parallel_Test/venv/lib/python3.9/site-packages/airflow/example_dags/example_trigger_controller_dag.py
[2025-04-02T17:02:48.328-0400] {processor.py:830} INFO - Processing file /Users/prasenjeet.gadhe/Documents/05. Nokia_PoV/Parallel_Test/venv/lib/python3.9/site-packages/airflow/example_dags/example_trigger_controller_dag.py for tasks to queue
[2025-04-02T17:02:48.329-0400] {logging_mixin.py:188} INFO - [2025-04-02T17:02:48.329-0400] {dagbag.py:540} INFO - Filling up the DagBag from /Users/prasenjeet.gadhe/Documents/05. Nokia_PoV/Parallel_Test/venv/lib/python3.9/site-packages/airflow/example_dags/example_trigger_controller_dag.py
[2025-04-02T17:02:48.334-0400] {processor.py:840} INFO - DAG(s) 'example_trigger_controller_dag' retrieved from /Users/prasenjeet.gadhe/Documents/05. Nokia_PoV/Parallel_Test/venv/lib/python3.9/site-packages/airflow/example_dags/example_trigger_controller_dag.py
[2025-04-02T17:02:48.387-0400] {logging_mixin.py:188} INFO - [2025-04-02T17:02:48.386-0400] {dag.py:3096} INFO - Sync 1 DAGs
[2025-04-02T17:02:48.392-0400] {logging_mixin.py:188} INFO - [2025-04-02T17:02:48.392-0400] {dag.py:3954} INFO - Setting next_dagrun for example_trigger_controller_dag to 2021-01-01 00:00:00+00:00, run_after=2021-01-01 00:00:00+00:00
[2025-04-02T17:02:48.398-0400] {processor.py:183} INFO - Processing /Users/prasenjeet.gadhe/Documents/05. Nokia_PoV/Parallel_Test/venv/lib/python3.9/site-packages/airflow/example_dags/example_trigger_controller_dag.py took 0.072 seconds
[2025-04-02T17:03:42.412-0400] {processor.py:161} INFO - Started process (PID=46450) to work on /Users/prasenjeet.gadhe/Documents/05. Nokia_PoV/Parallel_Test/venv/lib/python3.9/site-packages/airflow/example_dags/example_trigger_controller_dag.py
[2025-04-02T17:03:42.414-0400] {processor.py:830} INFO - Processing file /Users/prasenjeet.gadhe/Documents/05. Nokia_PoV/Parallel_Test/venv/lib/python3.9/site-packages/airflow/example_dags/example_trigger_controller_dag.py for tasks to queue
[2025-04-02T17:03:42.414-0400] {logging_mixin.py:188} INFO - [2025-04-02T17:03:42.414-0400] {dagbag.py:540} INFO - Filling up the DagBag from /Users/prasenjeet.gadhe/Documents/05. Nokia_PoV/Parallel_Test/venv/lib/python3.9/site-packages/airflow/example_dags/example_trigger_controller_dag.py
[2025-04-02T17:03:42.419-0400] {processor.py:840} INFO - DAG(s) 'example_trigger_controller_dag' retrieved from /Users/prasenjeet.gadhe/Documents/05. Nokia_PoV/Parallel_Test/venv/lib/python3.9/site-packages/airflow/example_dags/example_trigger_controller_dag.py
[2025-04-02T17:03:42.471-0400] {logging_mixin.py:188} INFO - [2025-04-02T17:03:42.470-0400] {dag.py:3096} INFO - Sync 1 DAGs
[2025-04-02T17:03:42.476-0400] {logging_mixin.py:188} INFO - [2025-04-02T17:03:42.476-0400] {dag.py:3954} INFO - Setting next_dagrun for example_trigger_controller_dag to 2021-01-01 00:00:00+00:00, run_after=2021-01-01 00:00:00+00:00
[2025-04-02T17:03:42.482-0400] {processor.py:183} INFO - Processing /Users/prasenjeet.gadhe/Documents/05. Nokia_PoV/Parallel_Test/venv/lib/python3.9/site-packages/airflow/example_dags/example_trigger_controller_dag.py took 0.071 seconds
[2025-04-02T17:04:38.463-0400] {processor.py:161} INFO - Started process (PID=53362) to work on /Users/prasenjeet.gadhe/Documents/05. Nokia_PoV/Parallel_Test/venv/lib/python3.9/site-packages/airflow/example_dags/example_trigger_controller_dag.py
[2025-04-02T17:04:38.464-0400] {processor.py:830} INFO - Processing file /Users/prasenjeet.gadhe/Documents/05. Nokia_PoV/Parallel_Test/venv/lib/python3.9/site-packages/airflow/example_dags/example_trigger_controller_dag.py for tasks to queue
[2025-04-02T17:04:38.465-0400] {logging_mixin.py:188} INFO - [2025-04-02T17:04:38.465-0400] {dagbag.py:540} INFO - Filling up the DagBag from /Users/prasenjeet.gadhe/Documents/05. Nokia_PoV/Parallel_Test/venv/lib/python3.9/site-packages/airflow/example_dags/example_trigger_controller_dag.py
[2025-04-02T17:04:38.470-0400] {processor.py:840} INFO - DAG(s) 'example_trigger_controller_dag' retrieved from /Users/prasenjeet.gadhe/Documents/05. Nokia_PoV/Parallel_Test/venv/lib/python3.9/site-packages/airflow/example_dags/example_trigger_controller_dag.py
[2025-04-02T17:04:38.531-0400] {logging_mixin.py:188} INFO - [2025-04-02T17:04:38.531-0400] {dag.py:3096} INFO - Sync 1 DAGs
[2025-04-02T17:04:38.537-0400] {logging_mixin.py:188} INFO - [2025-04-02T17:04:38.536-0400] {dag.py:3954} INFO - Setting next_dagrun for example_trigger_controller_dag to 2021-01-01 00:00:00+00:00, run_after=2021-01-01 00:00:00+00:00
[2025-04-02T17:04:38.543-0400] {processor.py:183} INFO - Processing /Users/prasenjeet.gadhe/Documents/05. Nokia_PoV/Parallel_Test/venv/lib/python3.9/site-packages/airflow/example_dags/example_trigger_controller_dag.py took 0.081 seconds
[2025-04-02T17:05:33.757-0400] {processor.py:161} INFO - Started process (PID=60143) to work on /Users/prasenjeet.gadhe/Documents/05. Nokia_PoV/Parallel_Test/venv/lib/python3.9/site-packages/airflow/example_dags/example_trigger_controller_dag.py
[2025-04-02T17:05:33.759-0400] {processor.py:830} INFO - Processing file /Users/prasenjeet.gadhe/Documents/05. Nokia_PoV/Parallel_Test/venv/lib/python3.9/site-packages/airflow/example_dags/example_trigger_controller_dag.py for tasks to queue
[2025-04-02T17:05:33.759-0400] {logging_mixin.py:188} INFO - [2025-04-02T17:05:33.759-0400] {dagbag.py:540} INFO - Filling up the DagBag from /Users/prasenjeet.gadhe/Documents/05. Nokia_PoV/Parallel_Test/venv/lib/python3.9/site-packages/airflow/example_dags/example_trigger_controller_dag.py
[2025-04-02T17:05:33.764-0400] {processor.py:840} INFO - DAG(s) 'example_trigger_controller_dag' retrieved from /Users/prasenjeet.gadhe/Documents/05. Nokia_PoV/Parallel_Test/venv/lib/python3.9/site-packages/airflow/example_dags/example_trigger_controller_dag.py
[2025-04-02T17:05:33.816-0400] {logging_mixin.py:188} INFO - [2025-04-02T17:05:33.816-0400] {dag.py:3096} INFO - Sync 1 DAGs
[2025-04-02T17:05:33.822-0400] {logging_mixin.py:188} INFO - [2025-04-02T17:05:33.822-0400] {dag.py:3954} INFO - Setting next_dagrun for example_trigger_controller_dag to 2021-01-01 00:00:00+00:00, run_after=2021-01-01 00:00:00+00:00
[2025-04-02T17:05:33.828-0400] {processor.py:183} INFO - Processing /Users/prasenjeet.gadhe/Documents/05. Nokia_PoV/Parallel_Test/venv/lib/python3.9/site-packages/airflow/example_dags/example_trigger_controller_dag.py took 0.072 seconds
[2025-04-02T17:06:28.043-0400] {processor.py:161} INFO - Started process (PID=66804) to work on /Users/prasenjeet.gadhe/Documents/05. Nokia_PoV/Parallel_Test/venv/lib/python3.9/site-packages/airflow/example_dags/example_trigger_controller_dag.py
[2025-04-02T17:06:28.045-0400] {processor.py:830} INFO - Processing file /Users/prasenjeet.gadhe/Documents/05. Nokia_PoV/Parallel_Test/venv/lib/python3.9/site-packages/airflow/example_dags/example_trigger_controller_dag.py for tasks to queue
[2025-04-02T17:06:28.045-0400] {logging_mixin.py:188} INFO - [2025-04-02T17:06:28.045-0400] {dagbag.py:540} INFO - Filling up the DagBag from /Users/prasenjeet.gadhe/Documents/05. Nokia_PoV/Parallel_Test/venv/lib/python3.9/site-packages/airflow/example_dags/example_trigger_controller_dag.py
[2025-04-02T17:06:28.050-0400] {processor.py:840} INFO - DAG(s) 'example_trigger_controller_dag' retrieved from /Users/prasenjeet.gadhe/Documents/05. Nokia_PoV/Parallel_Test/venv/lib/python3.9/site-packages/airflow/example_dags/example_trigger_controller_dag.py
[2025-04-02T17:06:28.105-0400] {logging_mixin.py:188} INFO - [2025-04-02T17:06:28.105-0400] {dag.py:3096} INFO - Sync 1 DAGs
[2025-04-02T17:06:28.110-0400] {logging_mixin.py:188} INFO - [2025-04-02T17:06:28.110-0400] {dag.py:3954} INFO - Setting next_dagrun for example_trigger_controller_dag to 2021-01-01 00:00:00+00:00, run_after=2021-01-01 00:00:00+00:00
[2025-04-02T17:06:28.117-0400] {processor.py:183} INFO - Processing /Users/prasenjeet.gadhe/Documents/05. Nokia_PoV/Parallel_Test/venv/lib/python3.9/site-packages/airflow/example_dags/example_trigger_controller_dag.py took 0.075 seconds
[2025-04-02T17:07:25.070-0400] {processor.py:161} INFO - Started process (PID=73876) to work on /Users/prasenjeet.gadhe/Documents/05. Nokia_PoV/Parallel_Test/venv/lib/python3.9/site-packages/airflow/example_dags/example_trigger_controller_dag.py
[2025-04-02T17:07:25.072-0400] {processor.py:830} INFO - Processing file /Users/prasenjeet.gadhe/Documents/05. Nokia_PoV/Parallel_Test/venv/lib/python3.9/site-packages/airflow/example_dags/example_trigger_controller_dag.py for tasks to queue
[2025-04-02T17:07:25.072-0400] {logging_mixin.py:188} INFO - [2025-04-02T17:07:25.072-0400] {dagbag.py:540} INFO - Filling up the DagBag from /Users/prasenjeet.gadhe/Documents/05. Nokia_PoV/Parallel_Test/venv/lib/python3.9/site-packages/airflow/example_dags/example_trigger_controller_dag.py
[2025-04-02T17:07:25.077-0400] {processor.py:840} INFO - DAG(s) 'example_trigger_controller_dag' retrieved from /Users/prasenjeet.gadhe/Documents/05. Nokia_PoV/Parallel_Test/venv/lib/python3.9/site-packages/airflow/example_dags/example_trigger_controller_dag.py
[2025-04-02T17:07:25.132-0400] {logging_mixin.py:188} INFO - [2025-04-02T17:07:25.132-0400] {dag.py:3096} INFO - Sync 1 DAGs
[2025-04-02T17:07:25.137-0400] {logging_mixin.py:188} INFO - [2025-04-02T17:07:25.137-0400] {dag.py:3954} INFO - Setting next_dagrun for example_trigger_controller_dag to 2021-01-01 00:00:00+00:00, run_after=2021-01-01 00:00:00+00:00
[2025-04-02T17:07:25.144-0400] {processor.py:183} INFO - Processing /Users/prasenjeet.gadhe/Documents/05. Nokia_PoV/Parallel_Test/venv/lib/python3.9/site-packages/airflow/example_dags/example_trigger_controller_dag.py took 0.075 seconds
[2025-04-02T17:08:21.839-0400] {processor.py:161} INFO - Started process (PID=80881) to work on /Users/prasenjeet.gadhe/Documents/05. Nokia_PoV/Parallel_Test/venv/lib/python3.9/site-packages/airflow/example_dags/example_trigger_controller_dag.py
[2025-04-02T17:08:21.841-0400] {processor.py:830} INFO - Processing file /Users/prasenjeet.gadhe/Documents/05. Nokia_PoV/Parallel_Test/venv/lib/python3.9/site-packages/airflow/example_dags/example_trigger_controller_dag.py for tasks to queue
[2025-04-02T17:08:21.841-0400] {logging_mixin.py:188} INFO - [2025-04-02T17:08:21.841-0400] {dagbag.py:540} INFO - Filling up the DagBag from /Users/prasenjeet.gadhe/Documents/05. Nokia_PoV/Parallel_Test/venv/lib/python3.9/site-packages/airflow/example_dags/example_trigger_controller_dag.py
[2025-04-02T17:08:21.846-0400] {processor.py:840} INFO - DAG(s) 'example_trigger_controller_dag' retrieved from /Users/prasenjeet.gadhe/Documents/05. Nokia_PoV/Parallel_Test/venv/lib/python3.9/site-packages/airflow/example_dags/example_trigger_controller_dag.py
[2025-04-02T17:08:21.902-0400] {logging_mixin.py:188} INFO - [2025-04-02T17:08:21.902-0400] {dag.py:3096} INFO - Sync 1 DAGs
[2025-04-02T17:08:21.908-0400] {logging_mixin.py:188} INFO - [2025-04-02T17:08:21.907-0400] {dag.py:3954} INFO - Setting next_dagrun for example_trigger_controller_dag to 2021-01-01 00:00:00+00:00, run_after=2021-01-01 00:00:00+00:00
[2025-04-02T17:08:21.914-0400] {processor.py:183} INFO - Processing /Users/prasenjeet.gadhe/Documents/05. Nokia_PoV/Parallel_Test/venv/lib/python3.9/site-packages/airflow/example_dags/example_trigger_controller_dag.py took 0.075 seconds
[2025-04-02T17:09:19.604-0400] {processor.py:161} INFO - Started process (PID=88036) to work on /Users/prasenjeet.gadhe/Documents/05. Nokia_PoV/Parallel_Test/venv/lib/python3.9/site-packages/airflow/example_dags/example_trigger_controller_dag.py
[2025-04-02T17:09:19.606-0400] {processor.py:830} INFO - Processing file /Users/prasenjeet.gadhe/Documents/05. Nokia_PoV/Parallel_Test/venv/lib/python3.9/site-packages/airflow/example_dags/example_trigger_controller_dag.py for tasks to queue
[2025-04-02T17:09:19.606-0400] {logging_mixin.py:188} INFO - [2025-04-02T17:09:19.606-0400] {dagbag.py:540} INFO - Filling up the DagBag from /Users/prasenjeet.gadhe/Documents/05. Nokia_PoV/Parallel_Test/venv/lib/python3.9/site-packages/airflow/example_dags/example_trigger_controller_dag.py
[2025-04-02T17:09:19.612-0400] {processor.py:840} INFO - DAG(s) 'example_trigger_controller_dag' retrieved from /Users/prasenjeet.gadhe/Documents/05. Nokia_PoV/Parallel_Test/venv/lib/python3.9/site-packages/airflow/example_dags/example_trigger_controller_dag.py
[2025-04-02T17:09:19.668-0400] {logging_mixin.py:188} INFO - [2025-04-02T17:09:19.668-0400] {dag.py:3096} INFO - Sync 1 DAGs
[2025-04-02T17:09:19.674-0400] {logging_mixin.py:188} INFO - [2025-04-02T17:09:19.673-0400] {dag.py:3954} INFO - Setting next_dagrun for example_trigger_controller_dag to 2021-01-01 00:00:00+00:00, run_after=2021-01-01 00:00:00+00:00
[2025-04-02T17:09:19.680-0400] {processor.py:183} INFO - Processing /Users/prasenjeet.gadhe/Documents/05. Nokia_PoV/Parallel_Test/venv/lib/python3.9/site-packages/airflow/example_dags/example_trigger_controller_dag.py took 0.078 seconds
[2025-04-02T17:10:19.591-0400] {processor.py:161} INFO - Started process (PID=95436) to work on /Users/prasenjeet.gadhe/Documents/05. Nokia_PoV/Parallel_Test/venv/lib/python3.9/site-packages/airflow/example_dags/example_trigger_controller_dag.py
[2025-04-02T17:10:19.592-0400] {processor.py:830} INFO - Processing file /Users/prasenjeet.gadhe/Documents/05. Nokia_PoV/Parallel_Test/venv/lib/python3.9/site-packages/airflow/example_dags/example_trigger_controller_dag.py for tasks to queue
[2025-04-02T17:10:19.593-0400] {logging_mixin.py:188} INFO - [2025-04-02T17:10:19.593-0400] {dagbag.py:540} INFO - Filling up the DagBag from /Users/prasenjeet.gadhe/Documents/05. Nokia_PoV/Parallel_Test/venv/lib/python3.9/site-packages/airflow/example_dags/example_trigger_controller_dag.py
[2025-04-02T17:10:19.597-0400] {processor.py:840} INFO - DAG(s) 'example_trigger_controller_dag' retrieved from /Users/prasenjeet.gadhe/Documents/05. Nokia_PoV/Parallel_Test/venv/lib/python3.9/site-packages/airflow/example_dags/example_trigger_controller_dag.py
[2025-04-02T17:10:19.651-0400] {logging_mixin.py:188} INFO - [2025-04-02T17:10:19.651-0400] {dag.py:3096} INFO - Sync 1 DAGs
[2025-04-02T17:10:19.656-0400] {logging_mixin.py:188} INFO - [2025-04-02T17:10:19.656-0400] {dag.py:3954} INFO - Setting next_dagrun for example_trigger_controller_dag to 2021-01-01 00:00:00+00:00, run_after=2021-01-01 00:00:00+00:00
[2025-04-02T17:10:19.663-0400] {processor.py:183} INFO - Processing /Users/prasenjeet.gadhe/Documents/05. Nokia_PoV/Parallel_Test/venv/lib/python3.9/site-packages/airflow/example_dags/example_trigger_controller_dag.py took 0.073 seconds
[2025-04-02T17:12:09.879-0400] {processor.py:161} INFO - Started process (PID=9376) to work on /Users/prasenjeet.gadhe/Documents/05. Nokia_PoV/Parallel_Test/venv/lib/python3.9/site-packages/airflow/example_dags/example_trigger_controller_dag.py
[2025-04-02T17:12:09.880-0400] {processor.py:830} INFO - Processing file /Users/prasenjeet.gadhe/Documents/05. Nokia_PoV/Parallel_Test/venv/lib/python3.9/site-packages/airflow/example_dags/example_trigger_controller_dag.py for tasks to queue
[2025-04-02T17:12:09.880-0400] {logging_mixin.py:188} INFO - [2025-04-02T17:12:09.880-0400] {dagbag.py:540} INFO - Filling up the DagBag from /Users/prasenjeet.gadhe/Documents/05. Nokia_PoV/Parallel_Test/venv/lib/python3.9/site-packages/airflow/example_dags/example_trigger_controller_dag.py
[2025-04-02T17:12:09.886-0400] {processor.py:840} INFO - DAG(s) 'example_trigger_controller_dag' retrieved from /Users/prasenjeet.gadhe/Documents/05. Nokia_PoV/Parallel_Test/venv/lib/python3.9/site-packages/airflow/example_dags/example_trigger_controller_dag.py
[2025-04-02T17:12:09.941-0400] {logging_mixin.py:188} INFO - [2025-04-02T17:12:09.941-0400] {dag.py:3096} INFO - Sync 1 DAGs
[2025-04-02T17:12:09.947-0400] {logging_mixin.py:188} INFO - [2025-04-02T17:12:09.947-0400] {dag.py:3954} INFO - Setting next_dagrun for example_trigger_controller_dag to 2021-01-01 00:00:00+00:00, run_after=2021-01-01 00:00:00+00:00
[2025-04-02T17:12:09.954-0400] {processor.py:183} INFO - Processing /Users/prasenjeet.gadhe/Documents/05. Nokia_PoV/Parallel_Test/venv/lib/python3.9/site-packages/airflow/example_dags/example_trigger_controller_dag.py took 0.075 seconds
[2025-04-02T17:26:09.442-0400] {processor.py:161} INFO - Started process (PID=14065) to work on /Users/prasenjeet.gadhe/Documents/05. Nokia_PoV/Parallel_Test/venv/lib/python3.9/site-packages/airflow/example_dags/example_trigger_controller_dag.py
[2025-04-02T17:26:09.444-0400] {processor.py:830} INFO - Processing file /Users/prasenjeet.gadhe/Documents/05. Nokia_PoV/Parallel_Test/venv/lib/python3.9/site-packages/airflow/example_dags/example_trigger_controller_dag.py for tasks to queue
[2025-04-02T17:26:09.444-0400] {logging_mixin.py:188} INFO - [2025-04-02T17:26:09.444-0400] {dagbag.py:540} INFO - Filling up the DagBag from /Users/prasenjeet.gadhe/Documents/05. Nokia_PoV/Parallel_Test/venv/lib/python3.9/site-packages/airflow/example_dags/example_trigger_controller_dag.py
[2025-04-02T17:26:09.450-0400] {processor.py:840} INFO - DAG(s) 'example_trigger_controller_dag' retrieved from /Users/prasenjeet.gadhe/Documents/05. Nokia_PoV/Parallel_Test/venv/lib/python3.9/site-packages/airflow/example_dags/example_trigger_controller_dag.py
[2025-04-02T17:26:09.541-0400] {logging_mixin.py:188} INFO - [2025-04-02T17:26:09.541-0400] {dag.py:3096} INFO - Sync 1 DAGs
[2025-04-02T17:26:09.548-0400] {logging_mixin.py:188} INFO - [2025-04-02T17:26:09.548-0400] {dag.py:3954} INFO - Setting next_dagrun for example_trigger_controller_dag to 2021-01-01 00:00:00+00:00, run_after=2021-01-01 00:00:00+00:00
[2025-04-02T17:26:09.554-0400] {processor.py:183} INFO - Processing /Users/prasenjeet.gadhe/Documents/05. Nokia_PoV/Parallel_Test/venv/lib/python3.9/site-packages/airflow/example_dags/example_trigger_controller_dag.py took 0.114 seconds
