[2025-04-02T16:40:29.009-0400] {processor.py:161} INFO - Started process (PID=73576) to work on /Users/prasenjeet.gadhe/Documents/05. Nokia_PoV/Parallel_Test/venv/lib/python3.9/site-packages/airflow/example_dags/example_bash_decorator.py
[2025-04-02T16:40:29.011-0400] {processor.py:830} INFO - Processing file /Users/prasenjeet.gadhe/Documents/05. Nokia_PoV/Parallel_Test/venv/lib/python3.9/site-packages/airflow/example_dags/example_bash_decorator.py for tasks to queue
[2025-04-02T16:40:29.011-0400] {logging_mixin.py:188} INFO - [2025-04-02T16:40:29.011-0400] {dagbag.py:540} INFO - Filling up the DagBag from /Users/prasenjeet.gadhe/Documents/05. Nokia_PoV/Parallel_Test/venv/lib/python3.9/site-packages/airflow/example_dags/example_bash_decorator.py
[2025-04-02T16:40:29.029-0400] {processor.py:840} INFO - DAG(s) 'example_bash_decorator' retrieved from /Users/prasenjeet.gadhe/Documents/05. Nokia_PoV/Parallel_Test/venv/lib/python3.9/site-packages/airflow/example_dags/example_bash_decorator.py
[2025-04-02T16:40:29.120-0400] {logging_mixin.py:188} INFO - [2025-04-02T16:40:29.119-0400] {override.py:1829} INFO - Created Permission View: can delete on DAG:example_bash_decorator
[2025-04-02T16:40:29.122-0400] {logging_mixin.py:188} INFO - [2025-04-02T16:40:29.122-0400] {override.py:1829} INFO - Created Permission View: can read on DAG:example_bash_decorator
[2025-04-02T16:40:29.124-0400] {logging_mixin.py:188} INFO - [2025-04-02T16:40:29.124-0400] {override.py:1829} INFO - Created Permission View: can edit on DAG:example_bash_decorator
[2025-04-02T16:40:29.124-0400] {logging_mixin.py:188} INFO - [2025-04-02T16:40:29.124-0400] {dag.py:3096} INFO - Sync 1 DAGs
[2025-04-02T16:40:29.127-0400] {logging_mixin.py:188} INFO - [2025-04-02T16:40:29.127-0400] {dag.py:3118} INFO - Creating ORM DAG for example_bash_decorator
[2025-04-02T16:40:29.128-0400] {logging_mixin.py:188} INFO - [2025-04-02T16:40:29.127-0400] {dag.py:3954} INFO - Setting next_dagrun for example_bash_decorator to None, run_after=None
[2025-04-02T16:40:29.133-0400] {processor.py:183} INFO - Processing /Users/prasenjeet.gadhe/Documents/05. Nokia_PoV/Parallel_Test/venv/lib/python3.9/site-packages/airflow/example_dags/example_bash_decorator.py took 0.124 seconds
[2025-04-02T16:42:23.993-0400] {processor.py:161} INFO - Started process (PID=87949) to work on /Users/prasenjeet.gadhe/Documents/05. Nokia_PoV/Parallel_Test/venv/lib/python3.9/site-packages/airflow/example_dags/example_bash_decorator.py
[2025-04-02T16:42:23.995-0400] {processor.py:830} INFO - Processing file /Users/prasenjeet.gadhe/Documents/05. Nokia_PoV/Parallel_Test/venv/lib/python3.9/site-packages/airflow/example_dags/example_bash_decorator.py for tasks to queue
[2025-04-02T16:42:23.995-0400] {logging_mixin.py:188} INFO - [2025-04-02T16:42:23.995-0400] {dagbag.py:540} INFO - Filling up the DagBag from /Users/prasenjeet.gadhe/Documents/05. Nokia_PoV/Parallel_Test/venv/lib/python3.9/site-packages/airflow/example_dags/example_bash_decorator.py
[2025-04-02T16:42:24.011-0400] {processor.py:840} INFO - DAG(s) 'example_bash_decorator' retrieved from /Users/prasenjeet.gadhe/Documents/05. Nokia_PoV/Parallel_Test/venv/lib/python3.9/site-packages/airflow/example_dags/example_bash_decorator.py
[2025-04-02T16:42:24.109-0400] {logging_mixin.py:188} INFO - [2025-04-02T16:42:24.109-0400] {dag.py:3096} INFO - Sync 1 DAGs
[2025-04-02T16:42:24.112-0400] {logging_mixin.py:188} INFO - [2025-04-02T16:42:24.112-0400] {dag.py:3954} INFO - Setting next_dagrun for example_bash_decorator to None, run_after=None
[2025-04-02T16:42:24.119-0400] {processor.py:183} INFO - Processing /Users/prasenjeet.gadhe/Documents/05. Nokia_PoV/Parallel_Test/venv/lib/python3.9/site-packages/airflow/example_dags/example_bash_decorator.py took 0.127 seconds
[2025-04-02T16:46:50.911-0400] {processor.py:161} INFO - Started process (PID=21336) to work on /Users/prasenjeet.gadhe/Documents/05. Nokia_PoV/Parallel_Test/venv/lib/python3.9/site-packages/airflow/example_dags/example_bash_decorator.py
[2025-04-02T16:46:50.912-0400] {processor.py:830} INFO - Processing file /Users/prasenjeet.gadhe/Documents/05. Nokia_PoV/Parallel_Test/venv/lib/python3.9/site-packages/airflow/example_dags/example_bash_decorator.py for tasks to queue
[2025-04-02T16:46:50.912-0400] {logging_mixin.py:188} INFO - [2025-04-02T16:46:50.912-0400] {dagbag.py:540} INFO - Filling up the DagBag from /Users/prasenjeet.gadhe/Documents/05. Nokia_PoV/Parallel_Test/venv/lib/python3.9/site-packages/airflow/example_dags/example_bash_decorator.py
[2025-04-02T16:46:50.931-0400] {processor.py:840} INFO - DAG(s) 'example_bash_decorator' retrieved from /Users/prasenjeet.gadhe/Documents/05. Nokia_PoV/Parallel_Test/venv/lib/python3.9/site-packages/airflow/example_dags/example_bash_decorator.py
[2025-04-02T16:46:51.036-0400] {logging_mixin.py:188} INFO - [2025-04-02T16:46:51.035-0400] {dag.py:3096} INFO - Sync 1 DAGs
[2025-04-02T16:46:51.039-0400] {logging_mixin.py:188} INFO - [2025-04-02T16:46:51.039-0400] {dag.py:3954} INFO - Setting next_dagrun for example_bash_decorator to None, run_after=None
[2025-04-02T16:46:51.045-0400] {processor.py:183} INFO - Processing /Users/prasenjeet.gadhe/Documents/05. Nokia_PoV/Parallel_Test/venv/lib/python3.9/site-packages/airflow/example_dags/example_bash_decorator.py took 0.136 seconds
[2025-04-02T16:48:46.001-0400] {processor.py:161} INFO - Started process (PID=35645) to work on /Users/prasenjeet.gadhe/Documents/05. Nokia_PoV/Parallel_Test/venv/lib/python3.9/site-packages/airflow/example_dags/example_bash_decorator.py
[2025-04-02T16:48:46.004-0400] {processor.py:830} INFO - Processing file /Users/prasenjeet.gadhe/Documents/05. Nokia_PoV/Parallel_Test/venv/lib/python3.9/site-packages/airflow/example_dags/example_bash_decorator.py for tasks to queue
[2025-04-02T16:48:46.004-0400] {logging_mixin.py:188} INFO - [2025-04-02T16:48:46.004-0400] {dagbag.py:540} INFO - Filling up the DagBag from /Users/prasenjeet.gadhe/Documents/05. Nokia_PoV/Parallel_Test/venv/lib/python3.9/site-packages/airflow/example_dags/example_bash_decorator.py
[2025-04-02T16:48:46.022-0400] {processor.py:840} INFO - DAG(s) 'example_bash_decorator' retrieved from /Users/prasenjeet.gadhe/Documents/05. Nokia_PoV/Parallel_Test/venv/lib/python3.9/site-packages/airflow/example_dags/example_bash_decorator.py
[2025-04-02T16:48:46.132-0400] {logging_mixin.py:188} INFO - [2025-04-02T16:48:46.132-0400] {dag.py:3096} INFO - Sync 1 DAGs
[2025-04-02T16:48:46.136-0400] {logging_mixin.py:188} INFO - [2025-04-02T16:48:46.136-0400] {dag.py:3954} INFO - Setting next_dagrun for example_bash_decorator to None, run_after=None
[2025-04-02T16:48:46.143-0400] {processor.py:183} INFO - Processing /Users/prasenjeet.gadhe/Documents/05. Nokia_PoV/Parallel_Test/venv/lib/python3.9/site-packages/airflow/example_dags/example_bash_decorator.py took 0.142 seconds
[2025-04-02T16:52:01.922-0400] {processor.py:161} INFO - Started process (PID=59871) to work on /Users/prasenjeet.gadhe/Documents/05. Nokia_PoV/Parallel_Test/venv/lib/python3.9/site-packages/airflow/example_dags/example_bash_decorator.py
[2025-04-02T16:52:01.924-0400] {processor.py:830} INFO - Processing file /Users/prasenjeet.gadhe/Documents/05. Nokia_PoV/Parallel_Test/venv/lib/python3.9/site-packages/airflow/example_dags/example_bash_decorator.py for tasks to queue
[2025-04-02T16:52:01.925-0400] {logging_mixin.py:188} INFO - [2025-04-02T16:52:01.925-0400] {dagbag.py:540} INFO - Filling up the DagBag from /Users/prasenjeet.gadhe/Documents/05. Nokia_PoV/Parallel_Test/venv/lib/python3.9/site-packages/airflow/example_dags/example_bash_decorator.py
[2025-04-02T16:52:01.940-0400] {processor.py:840} INFO - DAG(s) 'example_bash_decorator' retrieved from /Users/prasenjeet.gadhe/Documents/05. Nokia_PoV/Parallel_Test/venv/lib/python3.9/site-packages/airflow/example_dags/example_bash_decorator.py
[2025-04-02T16:52:02.024-0400] {logging_mixin.py:188} INFO - [2025-04-02T16:52:02.023-0400] {dag.py:3096} INFO - Sync 1 DAGs
[2025-04-02T16:52:02.027-0400] {logging_mixin.py:188} INFO - [2025-04-02T16:52:02.027-0400] {dag.py:3954} INFO - Setting next_dagrun for example_bash_decorator to None, run_after=None
[2025-04-02T16:52:02.033-0400] {processor.py:183} INFO - Processing /Users/prasenjeet.gadhe/Documents/05. Nokia_PoV/Parallel_Test/venv/lib/python3.9/site-packages/airflow/example_dags/example_bash_decorator.py took 0.111 seconds
[2025-04-02T16:53:51.863-0400] {processor.py:161} INFO - Started process (PID=73381) to work on /Users/prasenjeet.gadhe/Documents/05. Nokia_PoV/Parallel_Test/venv/lib/python3.9/site-packages/airflow/example_dags/example_bash_decorator.py
[2025-04-02T16:53:51.865-0400] {processor.py:830} INFO - Processing file /Users/prasenjeet.gadhe/Documents/05. Nokia_PoV/Parallel_Test/venv/lib/python3.9/site-packages/airflow/example_dags/example_bash_decorator.py for tasks to queue
[2025-04-02T16:53:51.865-0400] {logging_mixin.py:188} INFO - [2025-04-02T16:53:51.865-0400] {dagbag.py:540} INFO - Filling up the DagBag from /Users/prasenjeet.gadhe/Documents/05. Nokia_PoV/Parallel_Test/venv/lib/python3.9/site-packages/airflow/example_dags/example_bash_decorator.py
[2025-04-02T16:53:51.884-0400] {processor.py:840} INFO - DAG(s) 'example_bash_decorator' retrieved from /Users/prasenjeet.gadhe/Documents/05. Nokia_PoV/Parallel_Test/venv/lib/python3.9/site-packages/airflow/example_dags/example_bash_decorator.py
[2025-04-02T16:53:51.984-0400] {logging_mixin.py:188} INFO - [2025-04-02T16:53:51.983-0400] {dag.py:3096} INFO - Sync 1 DAGs
[2025-04-02T16:53:51.987-0400] {logging_mixin.py:188} INFO - [2025-04-02T16:53:51.987-0400] {dag.py:3954} INFO - Setting next_dagrun for example_bash_decorator to None, run_after=None
[2025-04-02T16:53:51.993-0400] {processor.py:183} INFO - Processing /Users/prasenjeet.gadhe/Documents/05. Nokia_PoV/Parallel_Test/venv/lib/python3.9/site-packages/airflow/example_dags/example_bash_decorator.py took 0.131 seconds
[2025-04-02T16:55:47.528-0400] {processor.py:161} INFO - Started process (PID=87766) to work on /Users/prasenjeet.gadhe/Documents/05. Nokia_PoV/Parallel_Test/venv/lib/python3.9/site-packages/airflow/example_dags/example_bash_decorator.py
[2025-04-02T16:55:47.530-0400] {processor.py:830} INFO - Processing file /Users/prasenjeet.gadhe/Documents/05. Nokia_PoV/Parallel_Test/venv/lib/python3.9/site-packages/airflow/example_dags/example_bash_decorator.py for tasks to queue
[2025-04-02T16:55:47.530-0400] {logging_mixin.py:188} INFO - [2025-04-02T16:55:47.530-0400] {dagbag.py:540} INFO - Filling up the DagBag from /Users/prasenjeet.gadhe/Documents/05. Nokia_PoV/Parallel_Test/venv/lib/python3.9/site-packages/airflow/example_dags/example_bash_decorator.py
[2025-04-02T16:55:47.547-0400] {processor.py:840} INFO - DAG(s) 'example_bash_decorator' retrieved from /Users/prasenjeet.gadhe/Documents/05. Nokia_PoV/Parallel_Test/venv/lib/python3.9/site-packages/airflow/example_dags/example_bash_decorator.py
[2025-04-02T16:55:47.645-0400] {logging_mixin.py:188} INFO - [2025-04-02T16:55:47.645-0400] {dag.py:3096} INFO - Sync 1 DAGs
[2025-04-02T16:55:47.648-0400] {logging_mixin.py:188} INFO - [2025-04-02T16:55:47.648-0400] {dag.py:3954} INFO - Setting next_dagrun for example_bash_decorator to None, run_after=None
[2025-04-02T16:55:47.654-0400] {processor.py:183} INFO - Processing /Users/prasenjeet.gadhe/Documents/05. Nokia_PoV/Parallel_Test/venv/lib/python3.9/site-packages/airflow/example_dags/example_bash_decorator.py took 0.128 seconds
[2025-04-02T16:57:43.292-0400] {processor.py:161} INFO - Started process (PID=2408) to work on /Users/prasenjeet.gadhe/Documents/05. Nokia_PoV/Parallel_Test/venv/lib/python3.9/site-packages/airflow/example_dags/example_bash_decorator.py
[2025-04-02T16:57:43.293-0400] {processor.py:830} INFO - Processing file /Users/prasenjeet.gadhe/Documents/05. Nokia_PoV/Parallel_Test/venv/lib/python3.9/site-packages/airflow/example_dags/example_bash_decorator.py for tasks to queue
[2025-04-02T16:57:43.293-0400] {logging_mixin.py:188} INFO - [2025-04-02T16:57:43.293-0400] {dagbag.py:540} INFO - Filling up the DagBag from /Users/prasenjeet.gadhe/Documents/05. Nokia_PoV/Parallel_Test/venv/lib/python3.9/site-packages/airflow/example_dags/example_bash_decorator.py
[2025-04-02T16:57:43.314-0400] {processor.py:840} INFO - DAG(s) 'example_bash_decorator' retrieved from /Users/prasenjeet.gadhe/Documents/05. Nokia_PoV/Parallel_Test/venv/lib/python3.9/site-packages/airflow/example_dags/example_bash_decorator.py
[2025-04-02T16:57:43.417-0400] {logging_mixin.py:188} INFO - [2025-04-02T16:57:43.417-0400] {dag.py:3096} INFO - Sync 1 DAGs
[2025-04-02T16:57:43.420-0400] {logging_mixin.py:188} INFO - [2025-04-02T16:57:43.420-0400] {dag.py:3954} INFO - Setting next_dagrun for example_bash_decorator to None, run_after=None
[2025-04-02T16:57:43.426-0400] {processor.py:183} INFO - Processing /Users/prasenjeet.gadhe/Documents/05. Nokia_PoV/Parallel_Test/venv/lib/python3.9/site-packages/airflow/example_dags/example_bash_decorator.py took 0.136 seconds
[2025-04-02T16:59:32.975-0400] {processor.py:161} INFO - Started process (PID=15820) to work on /Users/prasenjeet.gadhe/Documents/05. Nokia_PoV/Parallel_Test/venv/lib/python3.9/site-packages/airflow/example_dags/example_bash_decorator.py
[2025-04-02T16:59:32.976-0400] {processor.py:830} INFO - Processing file /Users/prasenjeet.gadhe/Documents/05. Nokia_PoV/Parallel_Test/venv/lib/python3.9/site-packages/airflow/example_dags/example_bash_decorator.py for tasks to queue
[2025-04-02T16:59:32.976-0400] {logging_mixin.py:188} INFO - [2025-04-02T16:59:32.976-0400] {dagbag.py:540} INFO - Filling up the DagBag from /Users/prasenjeet.gadhe/Documents/05. Nokia_PoV/Parallel_Test/venv/lib/python3.9/site-packages/airflow/example_dags/example_bash_decorator.py
[2025-04-02T16:59:32.995-0400] {processor.py:840} INFO - DAG(s) 'example_bash_decorator' retrieved from /Users/prasenjeet.gadhe/Documents/05. Nokia_PoV/Parallel_Test/venv/lib/python3.9/site-packages/airflow/example_dags/example_bash_decorator.py
[2025-04-02T16:59:33.090-0400] {logging_mixin.py:188} INFO - [2025-04-02T16:59:33.090-0400] {dag.py:3096} INFO - Sync 1 DAGs
[2025-04-02T16:59:33.094-0400] {logging_mixin.py:188} INFO - [2025-04-02T16:59:33.094-0400] {dag.py:3954} INFO - Setting next_dagrun for example_bash_decorator to None, run_after=None
[2025-04-02T16:59:33.100-0400] {processor.py:183} INFO - Processing /Users/prasenjeet.gadhe/Documents/05. Nokia_PoV/Parallel_Test/venv/lib/python3.9/site-packages/airflow/example_dags/example_bash_decorator.py took 0.126 seconds
[2025-04-02T17:01:27.331-0400] {processor.py:161} INFO - Started process (PID=29944) to work on /Users/prasenjeet.gadhe/Documents/05. Nokia_PoV/Parallel_Test/venv/lib/python3.9/site-packages/airflow/example_dags/example_bash_decorator.py
[2025-04-02T17:01:27.333-0400] {processor.py:830} INFO - Processing file /Users/prasenjeet.gadhe/Documents/05. Nokia_PoV/Parallel_Test/venv/lib/python3.9/site-packages/airflow/example_dags/example_bash_decorator.py for tasks to queue
[2025-04-02T17:01:27.334-0400] {logging_mixin.py:188} INFO - [2025-04-02T17:01:27.333-0400] {dagbag.py:540} INFO - Filling up the DagBag from /Users/prasenjeet.gadhe/Documents/05. Nokia_PoV/Parallel_Test/venv/lib/python3.9/site-packages/airflow/example_dags/example_bash_decorator.py
[2025-04-02T17:01:27.350-0400] {processor.py:840} INFO - DAG(s) 'example_bash_decorator' retrieved from /Users/prasenjeet.gadhe/Documents/05. Nokia_PoV/Parallel_Test/venv/lib/python3.9/site-packages/airflow/example_dags/example_bash_decorator.py
[2025-04-02T17:01:27.443-0400] {logging_mixin.py:188} INFO - [2025-04-02T17:01:27.443-0400] {dag.py:3096} INFO - Sync 1 DAGs
[2025-04-02T17:01:27.446-0400] {logging_mixin.py:188} INFO - [2025-04-02T17:01:27.446-0400] {dag.py:3954} INFO - Setting next_dagrun for example_bash_decorator to None, run_after=None
[2025-04-02T17:01:27.453-0400] {processor.py:183} INFO - Processing /Users/prasenjeet.gadhe/Documents/05. Nokia_PoV/Parallel_Test/venv/lib/python3.9/site-packages/airflow/example_dags/example_bash_decorator.py took 0.123 seconds
[2025-04-02T17:03:19.912-0400] {processor.py:161} INFO - Started process (PID=43681) to work on /Users/prasenjeet.gadhe/Documents/05. Nokia_PoV/Parallel_Test/venv/lib/python3.9/site-packages/airflow/example_dags/example_bash_decorator.py
[2025-04-02T17:03:19.915-0400] {processor.py:830} INFO - Processing file /Users/prasenjeet.gadhe/Documents/05. Nokia_PoV/Parallel_Test/venv/lib/python3.9/site-packages/airflow/example_dags/example_bash_decorator.py for tasks to queue
[2025-04-02T17:03:19.915-0400] {logging_mixin.py:188} INFO - [2025-04-02T17:03:19.915-0400] {dagbag.py:540} INFO - Filling up the DagBag from /Users/prasenjeet.gadhe/Documents/05. Nokia_PoV/Parallel_Test/venv/lib/python3.9/site-packages/airflow/example_dags/example_bash_decorator.py
[2025-04-02T17:03:19.931-0400] {processor.py:840} INFO - DAG(s) 'example_bash_decorator' retrieved from /Users/prasenjeet.gadhe/Documents/05. Nokia_PoV/Parallel_Test/venv/lib/python3.9/site-packages/airflow/example_dags/example_bash_decorator.py
[2025-04-02T17:03:20.032-0400] {logging_mixin.py:188} INFO - [2025-04-02T17:03:20.032-0400] {dag.py:3096} INFO - Sync 1 DAGs
[2025-04-02T17:03:20.035-0400] {logging_mixin.py:188} INFO - [2025-04-02T17:03:20.035-0400] {dag.py:3954} INFO - Setting next_dagrun for example_bash_decorator to None, run_after=None
[2025-04-02T17:03:20.041-0400] {processor.py:183} INFO - Processing /Users/prasenjeet.gadhe/Documents/05. Nokia_PoV/Parallel_Test/venv/lib/python3.9/site-packages/airflow/example_dags/example_bash_decorator.py took 0.130 seconds
[2025-04-02T17:05:09.993-0400] {processor.py:161} INFO - Started process (PID=57262) to work on /Users/prasenjeet.gadhe/Documents/05. Nokia_PoV/Parallel_Test/venv/lib/python3.9/site-packages/airflow/example_dags/example_bash_decorator.py
[2025-04-02T17:05:09.995-0400] {processor.py:830} INFO - Processing file /Users/prasenjeet.gadhe/Documents/05. Nokia_PoV/Parallel_Test/venv/lib/python3.9/site-packages/airflow/example_dags/example_bash_decorator.py for tasks to queue
[2025-04-02T17:05:09.995-0400] {logging_mixin.py:188} INFO - [2025-04-02T17:05:09.995-0400] {dagbag.py:540} INFO - Filling up the DagBag from /Users/prasenjeet.gadhe/Documents/05. Nokia_PoV/Parallel_Test/venv/lib/python3.9/site-packages/airflow/example_dags/example_bash_decorator.py
[2025-04-02T17:05:10.011-0400] {processor.py:840} INFO - DAG(s) 'example_bash_decorator' retrieved from /Users/prasenjeet.gadhe/Documents/05. Nokia_PoV/Parallel_Test/venv/lib/python3.9/site-packages/airflow/example_dags/example_bash_decorator.py
[2025-04-02T17:05:10.098-0400] {logging_mixin.py:188} INFO - [2025-04-02T17:05:10.098-0400] {dag.py:3096} INFO - Sync 1 DAGs
[2025-04-02T17:05:10.101-0400] {logging_mixin.py:188} INFO - [2025-04-02T17:05:10.101-0400] {dag.py:3954} INFO - Setting next_dagrun for example_bash_decorator to None, run_after=None
[2025-04-02T17:05:10.108-0400] {processor.py:183} INFO - Processing /Users/prasenjeet.gadhe/Documents/05. Nokia_PoV/Parallel_Test/venv/lib/python3.9/site-packages/airflow/example_dags/example_bash_decorator.py took 0.116 seconds
[2025-04-02T17:07:00.519-0400] {processor.py:161} INFO - Started process (PID=70803) to work on /Users/prasenjeet.gadhe/Documents/05. Nokia_PoV/Parallel_Test/venv/lib/python3.9/site-packages/airflow/example_dags/example_bash_decorator.py
[2025-04-02T17:07:00.521-0400] {processor.py:830} INFO - Processing file /Users/prasenjeet.gadhe/Documents/05. Nokia_PoV/Parallel_Test/venv/lib/python3.9/site-packages/airflow/example_dags/example_bash_decorator.py for tasks to queue
[2025-04-02T17:07:00.521-0400] {logging_mixin.py:188} INFO - [2025-04-02T17:07:00.521-0400] {dagbag.py:540} INFO - Filling up the DagBag from /Users/prasenjeet.gadhe/Documents/05. Nokia_PoV/Parallel_Test/venv/lib/python3.9/site-packages/airflow/example_dags/example_bash_decorator.py
[2025-04-02T17:07:00.540-0400] {processor.py:840} INFO - DAG(s) 'example_bash_decorator' retrieved from /Users/prasenjeet.gadhe/Documents/05. Nokia_PoV/Parallel_Test/venv/lib/python3.9/site-packages/airflow/example_dags/example_bash_decorator.py
[2025-04-02T17:07:00.647-0400] {logging_mixin.py:188} INFO - [2025-04-02T17:07:00.646-0400] {dag.py:3096} INFO - Sync 1 DAGs
[2025-04-02T17:07:00.650-0400] {logging_mixin.py:188} INFO - [2025-04-02T17:07:00.650-0400] {dag.py:3954} INFO - Setting next_dagrun for example_bash_decorator to None, run_after=None
[2025-04-02T17:07:00.658-0400] {processor.py:183} INFO - Processing /Users/prasenjeet.gadhe/Documents/05. Nokia_PoV/Parallel_Test/venv/lib/python3.9/site-packages/airflow/example_dags/example_bash_decorator.py took 0.140 seconds
[2025-04-02T17:08:52.773-0400] {processor.py:161} INFO - Started process (PID=84718) to work on /Users/prasenjeet.gadhe/Documents/05. Nokia_PoV/Parallel_Test/venv/lib/python3.9/site-packages/airflow/example_dags/example_bash_decorator.py
[2025-04-02T17:08:52.775-0400] {processor.py:830} INFO - Processing file /Users/prasenjeet.gadhe/Documents/05. Nokia_PoV/Parallel_Test/venv/lib/python3.9/site-packages/airflow/example_dags/example_bash_decorator.py for tasks to queue
[2025-04-02T17:08:52.775-0400] {logging_mixin.py:188} INFO - [2025-04-02T17:08:52.775-0400] {dagbag.py:540} INFO - Filling up the DagBag from /Users/prasenjeet.gadhe/Documents/05. Nokia_PoV/Parallel_Test/venv/lib/python3.9/site-packages/airflow/example_dags/example_bash_decorator.py
[2025-04-02T17:08:52.792-0400] {processor.py:840} INFO - DAG(s) 'example_bash_decorator' retrieved from /Users/prasenjeet.gadhe/Documents/05. Nokia_PoV/Parallel_Test/venv/lib/python3.9/site-packages/airflow/example_dags/example_bash_decorator.py
[2025-04-02T17:08:52.893-0400] {logging_mixin.py:188} INFO - [2025-04-02T17:08:52.893-0400] {dag.py:3096} INFO - Sync 1 DAGs
[2025-04-02T17:08:52.897-0400] {logging_mixin.py:188} INFO - [2025-04-02T17:08:52.896-0400] {dag.py:3954} INFO - Setting next_dagrun for example_bash_decorator to None, run_after=None
[2025-04-02T17:08:52.904-0400] {processor.py:183} INFO - Processing /Users/prasenjeet.gadhe/Documents/05. Nokia_PoV/Parallel_Test/venv/lib/python3.9/site-packages/airflow/example_dags/example_bash_decorator.py took 0.132 seconds
[2025-04-02T17:10:48.312-0400] {processor.py:161} INFO - Started process (PID=98957) to work on /Users/prasenjeet.gadhe/Documents/05. Nokia_PoV/Parallel_Test/venv/lib/python3.9/site-packages/airflow/example_dags/example_bash_decorator.py
[2025-04-02T17:10:48.314-0400] {processor.py:830} INFO - Processing file /Users/prasenjeet.gadhe/Documents/05. Nokia_PoV/Parallel_Test/venv/lib/python3.9/site-packages/airflow/example_dags/example_bash_decorator.py for tasks to queue
[2025-04-02T17:10:48.314-0400] {logging_mixin.py:188} INFO - [2025-04-02T17:10:48.314-0400] {dagbag.py:540} INFO - Filling up the DagBag from /Users/prasenjeet.gadhe/Documents/05. Nokia_PoV/Parallel_Test/venv/lib/python3.9/site-packages/airflow/example_dags/example_bash_decorator.py
[2025-04-02T17:10:48.333-0400] {processor.py:840} INFO - DAG(s) 'example_bash_decorator' retrieved from /Users/prasenjeet.gadhe/Documents/05. Nokia_PoV/Parallel_Test/venv/lib/python3.9/site-packages/airflow/example_dags/example_bash_decorator.py
[2025-04-02T17:10:48.436-0400] {logging_mixin.py:188} INFO - [2025-04-02T17:10:48.436-0400] {dag.py:3096} INFO - Sync 1 DAGs
[2025-04-02T17:10:48.440-0400] {logging_mixin.py:188} INFO - [2025-04-02T17:10:48.440-0400] {dag.py:3954} INFO - Setting next_dagrun for example_bash_decorator to None, run_after=None
[2025-04-02T17:10:48.448-0400] {processor.py:183} INFO - Processing /Users/prasenjeet.gadhe/Documents/05. Nokia_PoV/Parallel_Test/venv/lib/python3.9/site-packages/airflow/example_dags/example_bash_decorator.py took 0.137 seconds
[2025-04-02T17:12:43.223-0400] {processor.py:161} INFO - Started process (PID=13612) to work on /Users/prasenjeet.gadhe/Documents/05. Nokia_PoV/Parallel_Test/venv/lib/python3.9/site-packages/airflow/example_dags/example_bash_decorator.py
[2025-04-02T17:12:43.225-0400] {processor.py:830} INFO - Processing file /Users/prasenjeet.gadhe/Documents/05. Nokia_PoV/Parallel_Test/venv/lib/python3.9/site-packages/airflow/example_dags/example_bash_decorator.py for tasks to queue
[2025-04-02T17:12:43.225-0400] {logging_mixin.py:188} INFO - [2025-04-02T17:12:43.225-0400] {dagbag.py:540} INFO - Filling up the DagBag from /Users/prasenjeet.gadhe/Documents/05. Nokia_PoV/Parallel_Test/venv/lib/python3.9/site-packages/airflow/example_dags/example_bash_decorator.py
[2025-04-02T17:12:43.242-0400] {processor.py:840} INFO - DAG(s) 'example_bash_decorator' retrieved from /Users/prasenjeet.gadhe/Documents/05. Nokia_PoV/Parallel_Test/venv/lib/python3.9/site-packages/airflow/example_dags/example_bash_decorator.py
[2025-04-02T17:12:43.343-0400] {logging_mixin.py:188} INFO - [2025-04-02T17:12:43.343-0400] {dag.py:3096} INFO - Sync 1 DAGs
[2025-04-02T17:12:43.346-0400] {logging_mixin.py:188} INFO - [2025-04-02T17:12:43.346-0400] {dag.py:3954} INFO - Setting next_dagrun for example_bash_decorator to None, run_after=None
[2025-04-02T17:12:43.352-0400] {processor.py:183} INFO - Processing /Users/prasenjeet.gadhe/Documents/05. Nokia_PoV/Parallel_Test/venv/lib/python3.9/site-packages/airflow/example_dags/example_bash_decorator.py took 0.130 seconds
