[2025-04-02T16:40:03.302-0400] {processor.py:161} INFO - Started process (PID=70359) to work on /Users/prasenjeet.gadhe/Documents/05. Nokia_PoV/Parallel_Test/venv/lib/python3.9/site-packages/airflow/example_dags/example_external_task_marker_dag.py
[2025-04-02T16:40:03.303-0400] {processor.py:830} INFO - Processing file /Users/prasenjeet.gadhe/Documents/05. Nokia_PoV/Parallel_Test/venv/lib/python3.9/site-packages/airflow/example_dags/example_external_task_marker_dag.py for tasks to queue
[2025-04-02T16:40:03.304-0400] {logging_mixin.py:188} INFO - [2025-04-02T16:40:03.304-0400] {dagbag.py:540} INFO - Filling up the DagBag from /Users/prasenjeet.gadhe/Documents/05. Nokia_PoV/Parallel_Test/venv/lib/python3.9/site-packages/airflow/example_dags/example_external_task_marker_dag.py
[2025-04-02T16:40:03.310-0400] {processor.py:840} INFO - DAG(s) 'example_external_task_marker_child', 'example_external_task_marker_parent' retrieved from /Users/prasenjeet.gadhe/Documents/05. Nokia_PoV/Parallel_Test/venv/lib/python3.9/site-packages/airflow/example_dags/example_external_task_marker_dag.py
[2025-04-02T16:40:03.393-0400] {logging_mixin.py:188} INFO - [2025-04-02T16:40:03.393-0400] {override.py:1829} INFO - Created Permission View: can read on DAG:example_external_task_marker_child
[2025-04-02T16:40:03.396-0400] {logging_mixin.py:188} INFO - [2025-04-02T16:40:03.396-0400] {override.py:1829} INFO - Created Permission View: can edit on DAG:example_external_task_marker_child
[2025-04-02T16:40:03.398-0400] {logging_mixin.py:188} INFO - [2025-04-02T16:40:03.398-0400] {override.py:1829} INFO - Created Permission View: can delete on DAG:example_external_task_marker_child
[2025-04-02T16:40:03.402-0400] {logging_mixin.py:188} INFO - [2025-04-02T16:40:03.402-0400] {override.py:1829} INFO - Created Permission View: can read on DAG:example_external_task_marker_parent
[2025-04-02T16:40:03.404-0400] {logging_mixin.py:188} INFO - [2025-04-02T16:40:03.404-0400] {override.py:1829} INFO - Created Permission View: can edit on DAG:example_external_task_marker_parent
[2025-04-02T16:40:03.405-0400] {logging_mixin.py:188} INFO - [2025-04-02T16:40:03.405-0400] {override.py:1829} INFO - Created Permission View: can delete on DAG:example_external_task_marker_parent
[2025-04-02T16:40:03.406-0400] {logging_mixin.py:188} INFO - [2025-04-02T16:40:03.405-0400] {dag.py:3096} INFO - Sync 2 DAGs
[2025-04-02T16:40:03.409-0400] {logging_mixin.py:188} INFO - [2025-04-02T16:40:03.409-0400] {dag.py:3118} INFO - Creating ORM DAG for example_external_task_marker_parent
[2025-04-02T16:40:03.409-0400] {logging_mixin.py:188} INFO - [2025-04-02T16:40:03.409-0400] {dag.py:3118} INFO - Creating ORM DAG for example_external_task_marker_child
[2025-04-02T16:40:03.410-0400] {logging_mixin.py:188} INFO - [2025-04-02T16:40:03.410-0400] {dag.py:3954} INFO - Setting next_dagrun for example_external_task_marker_child to None, run_after=None
[2025-04-02T16:40:03.410-0400] {logging_mixin.py:188} INFO - [2025-04-02T16:40:03.410-0400] {dag.py:3954} INFO - Setting next_dagrun for example_external_task_marker_parent to None, run_after=None
[2025-04-02T16:40:03.415-0400] {processor.py:183} INFO - Processing /Users/prasenjeet.gadhe/Documents/05. Nokia_PoV/Parallel_Test/venv/lib/python3.9/site-packages/airflow/example_dags/example_external_task_marker_dag.py took 0.114 seconds
[2025-04-02T16:41:59.608-0400] {processor.py:161} INFO - Started process (PID=84952) to work on /Users/prasenjeet.gadhe/Documents/05. Nokia_PoV/Parallel_Test/venv/lib/python3.9/site-packages/airflow/example_dags/example_external_task_marker_dag.py
[2025-04-02T16:41:59.610-0400] {processor.py:830} INFO - Processing file /Users/prasenjeet.gadhe/Documents/05. Nokia_PoV/Parallel_Test/venv/lib/python3.9/site-packages/airflow/example_dags/example_external_task_marker_dag.py for tasks to queue
[2025-04-02T16:41:59.610-0400] {logging_mixin.py:188} INFO - [2025-04-02T16:41:59.610-0400] {dagbag.py:540} INFO - Filling up the DagBag from /Users/prasenjeet.gadhe/Documents/05. Nokia_PoV/Parallel_Test/venv/lib/python3.9/site-packages/airflow/example_dags/example_external_task_marker_dag.py
[2025-04-02T16:41:59.615-0400] {processor.py:840} INFO - DAG(s) 'example_external_task_marker_child', 'example_external_task_marker_parent' retrieved from /Users/prasenjeet.gadhe/Documents/05. Nokia_PoV/Parallel_Test/venv/lib/python3.9/site-packages/airflow/example_dags/example_external_task_marker_dag.py
[2025-04-02T16:41:59.672-0400] {logging_mixin.py:188} INFO - [2025-04-02T16:41:59.672-0400] {dag.py:3096} INFO - Sync 2 DAGs
[2025-04-02T16:41:59.676-0400] {logging_mixin.py:188} INFO - [2025-04-02T16:41:59.675-0400] {dag.py:3954} INFO - Setting next_dagrun for example_external_task_marker_child to None, run_after=None
[2025-04-02T16:41:59.677-0400] {logging_mixin.py:188} INFO - [2025-04-02T16:41:59.676-0400] {dag.py:3954} INFO - Setting next_dagrun for example_external_task_marker_parent to None, run_after=None
[2025-04-02T16:41:59.682-0400] {processor.py:183} INFO - Processing /Users/prasenjeet.gadhe/Documents/05. Nokia_PoV/Parallel_Test/venv/lib/python3.9/site-packages/airflow/example_dags/example_external_task_marker_dag.py took 0.076 seconds
[2025-04-02T16:43:54.043-0400] {processor.py:161} INFO - Started process (PID=99023) to work on /Users/prasenjeet.gadhe/Documents/05. Nokia_PoV/Parallel_Test/venv/lib/python3.9/site-packages/airflow/example_dags/example_external_task_marker_dag.py
[2025-04-02T16:43:54.045-0400] {processor.py:830} INFO - Processing file /Users/prasenjeet.gadhe/Documents/05. Nokia_PoV/Parallel_Test/venv/lib/python3.9/site-packages/airflow/example_dags/example_external_task_marker_dag.py for tasks to queue
[2025-04-02T16:43:54.045-0400] {logging_mixin.py:188} INFO - [2025-04-02T16:43:54.045-0400] {dagbag.py:540} INFO - Filling up the DagBag from /Users/prasenjeet.gadhe/Documents/05. Nokia_PoV/Parallel_Test/venv/lib/python3.9/site-packages/airflow/example_dags/example_external_task_marker_dag.py
[2025-04-02T16:43:54.051-0400] {processor.py:840} INFO - DAG(s) 'example_external_task_marker_child', 'example_external_task_marker_parent' retrieved from /Users/prasenjeet.gadhe/Documents/05. Nokia_PoV/Parallel_Test/venv/lib/python3.9/site-packages/airflow/example_dags/example_external_task_marker_dag.py
[2025-04-02T16:43:54.107-0400] {logging_mixin.py:188} INFO - [2025-04-02T16:43:54.107-0400] {dag.py:3096} INFO - Sync 2 DAGs
[2025-04-02T16:43:54.110-0400] {logging_mixin.py:188} INFO - [2025-04-02T16:43:54.110-0400] {dag.py:3954} INFO - Setting next_dagrun for example_external_task_marker_child to None, run_after=None
[2025-04-02T16:43:54.111-0400] {logging_mixin.py:188} INFO - [2025-04-02T16:43:54.111-0400] {dag.py:3954} INFO - Setting next_dagrun for example_external_task_marker_parent to None, run_after=None
[2025-04-02T16:43:54.117-0400] {processor.py:183} INFO - Processing /Users/prasenjeet.gadhe/Documents/05. Nokia_PoV/Parallel_Test/venv/lib/python3.9/site-packages/airflow/example_dags/example_external_task_marker_dag.py took 0.075 seconds
[2025-04-02T16:46:25.712-0400] {processor.py:161} INFO - Started process (PID=18169) to work on /Users/prasenjeet.gadhe/Documents/05. Nokia_PoV/Parallel_Test/venv/lib/python3.9/site-packages/airflow/example_dags/example_external_task_marker_dag.py
[2025-04-02T16:46:25.714-0400] {processor.py:830} INFO - Processing file /Users/prasenjeet.gadhe/Documents/05. Nokia_PoV/Parallel_Test/venv/lib/python3.9/site-packages/airflow/example_dags/example_external_task_marker_dag.py for tasks to queue
[2025-04-02T16:46:25.714-0400] {logging_mixin.py:188} INFO - [2025-04-02T16:46:25.714-0400] {dagbag.py:540} INFO - Filling up the DagBag from /Users/prasenjeet.gadhe/Documents/05. Nokia_PoV/Parallel_Test/venv/lib/python3.9/site-packages/airflow/example_dags/example_external_task_marker_dag.py
[2025-04-02T16:46:25.720-0400] {processor.py:840} INFO - DAG(s) 'example_external_task_marker_parent', 'example_external_task_marker_child' retrieved from /Users/prasenjeet.gadhe/Documents/05. Nokia_PoV/Parallel_Test/venv/lib/python3.9/site-packages/airflow/example_dags/example_external_task_marker_dag.py
[2025-04-02T16:46:25.776-0400] {logging_mixin.py:188} INFO - [2025-04-02T16:46:25.776-0400] {dag.py:3096} INFO - Sync 2 DAGs
[2025-04-02T16:46:25.779-0400] {logging_mixin.py:188} INFO - [2025-04-02T16:46:25.779-0400] {dag.py:3954} INFO - Setting next_dagrun for example_external_task_marker_child to None, run_after=None
[2025-04-02T16:46:25.780-0400] {logging_mixin.py:188} INFO - [2025-04-02T16:46:25.780-0400] {dag.py:3954} INFO - Setting next_dagrun for example_external_task_marker_parent to None, run_after=None
[2025-04-02T16:46:25.786-0400] {processor.py:183} INFO - Processing /Users/prasenjeet.gadhe/Documents/05. Nokia_PoV/Parallel_Test/venv/lib/python3.9/site-packages/airflow/example_dags/example_external_task_marker_dag.py took 0.074 seconds
[2025-04-02T16:48:23.696-0400] {processor.py:161} INFO - Started process (PID=32809) to work on /Users/prasenjeet.gadhe/Documents/05. Nokia_PoV/Parallel_Test/venv/lib/python3.9/site-packages/airflow/example_dags/example_external_task_marker_dag.py
[2025-04-02T16:48:23.697-0400] {processor.py:830} INFO - Processing file /Users/prasenjeet.gadhe/Documents/05. Nokia_PoV/Parallel_Test/venv/lib/python3.9/site-packages/airflow/example_dags/example_external_task_marker_dag.py for tasks to queue
[2025-04-02T16:48:23.698-0400] {logging_mixin.py:188} INFO - [2025-04-02T16:48:23.698-0400] {dagbag.py:540} INFO - Filling up the DagBag from /Users/prasenjeet.gadhe/Documents/05. Nokia_PoV/Parallel_Test/venv/lib/python3.9/site-packages/airflow/example_dags/example_external_task_marker_dag.py
[2025-04-02T16:48:23.703-0400] {processor.py:840} INFO - DAG(s) 'example_external_task_marker_parent', 'example_external_task_marker_child' retrieved from /Users/prasenjeet.gadhe/Documents/05. Nokia_PoV/Parallel_Test/venv/lib/python3.9/site-packages/airflow/example_dags/example_external_task_marker_dag.py
[2025-04-02T16:48:23.759-0400] {logging_mixin.py:188} INFO - [2025-04-02T16:48:23.759-0400] {dag.py:3096} INFO - Sync 2 DAGs
[2025-04-02T16:48:23.762-0400] {logging_mixin.py:188} INFO - [2025-04-02T16:48:23.762-0400] {dag.py:3954} INFO - Setting next_dagrun for example_external_task_marker_child to None, run_after=None
[2025-04-02T16:48:23.763-0400] {logging_mixin.py:188} INFO - [2025-04-02T16:48:23.763-0400] {dag.py:3954} INFO - Setting next_dagrun for example_external_task_marker_parent to None, run_after=None
[2025-04-02T16:48:23.769-0400] {processor.py:183} INFO - Processing /Users/prasenjeet.gadhe/Documents/05. Nokia_PoV/Parallel_Test/venv/lib/python3.9/site-packages/airflow/example_dags/example_external_task_marker_dag.py took 0.074 seconds
[2025-04-02T16:51:36.946-0400] {processor.py:161} INFO - Started process (PID=56783) to work on /Users/prasenjeet.gadhe/Documents/05. Nokia_PoV/Parallel_Test/venv/lib/python3.9/site-packages/airflow/example_dags/example_external_task_marker_dag.py
[2025-04-02T16:51:36.947-0400] {processor.py:830} INFO - Processing file /Users/prasenjeet.gadhe/Documents/05. Nokia_PoV/Parallel_Test/venv/lib/python3.9/site-packages/airflow/example_dags/example_external_task_marker_dag.py for tasks to queue
[2025-04-02T16:51:36.948-0400] {logging_mixin.py:188} INFO - [2025-04-02T16:51:36.948-0400] {dagbag.py:540} INFO - Filling up the DagBag from /Users/prasenjeet.gadhe/Documents/05. Nokia_PoV/Parallel_Test/venv/lib/python3.9/site-packages/airflow/example_dags/example_external_task_marker_dag.py
[2025-04-02T16:51:36.954-0400] {processor.py:840} INFO - DAG(s) 'example_external_task_marker_child', 'example_external_task_marker_parent' retrieved from /Users/prasenjeet.gadhe/Documents/05. Nokia_PoV/Parallel_Test/venv/lib/python3.9/site-packages/airflow/example_dags/example_external_task_marker_dag.py
[2025-04-02T16:51:37.014-0400] {logging_mixin.py:188} INFO - [2025-04-02T16:51:37.014-0400] {dag.py:3096} INFO - Sync 2 DAGs
[2025-04-02T16:51:37.018-0400] {logging_mixin.py:188} INFO - [2025-04-02T16:51:37.018-0400] {dag.py:3954} INFO - Setting next_dagrun for example_external_task_marker_child to None, run_after=None
[2025-04-02T16:51:37.019-0400] {logging_mixin.py:188} INFO - [2025-04-02T16:51:37.019-0400] {dag.py:3954} INFO - Setting next_dagrun for example_external_task_marker_parent to None, run_after=None
[2025-04-02T16:51:37.025-0400] {processor.py:183} INFO - Processing /Users/prasenjeet.gadhe/Documents/05. Nokia_PoV/Parallel_Test/venv/lib/python3.9/site-packages/airflow/example_dags/example_external_task_marker_dag.py took 0.079 seconds
[2025-04-02T16:53:30.940-0400] {processor.py:161} INFO - Started process (PID=70830) to work on /Users/prasenjeet.gadhe/Documents/05. Nokia_PoV/Parallel_Test/venv/lib/python3.9/site-packages/airflow/example_dags/example_external_task_marker_dag.py
[2025-04-02T16:53:30.942-0400] {processor.py:830} INFO - Processing file /Users/prasenjeet.gadhe/Documents/05. Nokia_PoV/Parallel_Test/venv/lib/python3.9/site-packages/airflow/example_dags/example_external_task_marker_dag.py for tasks to queue
[2025-04-02T16:53:30.942-0400] {logging_mixin.py:188} INFO - [2025-04-02T16:53:30.942-0400] {dagbag.py:540} INFO - Filling up the DagBag from /Users/prasenjeet.gadhe/Documents/05. Nokia_PoV/Parallel_Test/venv/lib/python3.9/site-packages/airflow/example_dags/example_external_task_marker_dag.py
[2025-04-02T16:53:30.947-0400] {processor.py:840} INFO - DAG(s) 'example_external_task_marker_parent', 'example_external_task_marker_child' retrieved from /Users/prasenjeet.gadhe/Documents/05. Nokia_PoV/Parallel_Test/venv/lib/python3.9/site-packages/airflow/example_dags/example_external_task_marker_dag.py
[2025-04-02T16:53:31.004-0400] {logging_mixin.py:188} INFO - [2025-04-02T16:53:31.004-0400] {dag.py:3096} INFO - Sync 2 DAGs
[2025-04-02T16:53:31.007-0400] {logging_mixin.py:188} INFO - [2025-04-02T16:53:31.007-0400] {dag.py:3954} INFO - Setting next_dagrun for example_external_task_marker_child to None, run_after=None
[2025-04-02T16:53:31.008-0400] {logging_mixin.py:188} INFO - [2025-04-02T16:53:31.008-0400] {dag.py:3954} INFO - Setting next_dagrun for example_external_task_marker_parent to None, run_after=None
[2025-04-02T16:53:31.014-0400] {processor.py:183} INFO - Processing /Users/prasenjeet.gadhe/Documents/05. Nokia_PoV/Parallel_Test/venv/lib/python3.9/site-packages/airflow/example_dags/example_external_task_marker_dag.py took 0.075 seconds
[2025-04-02T16:55:24.213-0400] {processor.py:161} INFO - Started process (PID=84883) to work on /Users/prasenjeet.gadhe/Documents/05. Nokia_PoV/Parallel_Test/venv/lib/python3.9/site-packages/airflow/example_dags/example_external_task_marker_dag.py
[2025-04-02T16:55:24.215-0400] {processor.py:830} INFO - Processing file /Users/prasenjeet.gadhe/Documents/05. Nokia_PoV/Parallel_Test/venv/lib/python3.9/site-packages/airflow/example_dags/example_external_task_marker_dag.py for tasks to queue
[2025-04-02T16:55:24.215-0400] {logging_mixin.py:188} INFO - [2025-04-02T16:55:24.215-0400] {dagbag.py:540} INFO - Filling up the DagBag from /Users/prasenjeet.gadhe/Documents/05. Nokia_PoV/Parallel_Test/venv/lib/python3.9/site-packages/airflow/example_dags/example_external_task_marker_dag.py
[2025-04-02T16:55:24.221-0400] {processor.py:840} INFO - DAG(s) 'example_external_task_marker_child', 'example_external_task_marker_parent' retrieved from /Users/prasenjeet.gadhe/Documents/05. Nokia_PoV/Parallel_Test/venv/lib/python3.9/site-packages/airflow/example_dags/example_external_task_marker_dag.py
[2025-04-02T16:55:24.294-0400] {logging_mixin.py:188} INFO - [2025-04-02T16:55:24.294-0400] {dag.py:3096} INFO - Sync 2 DAGs
[2025-04-02T16:55:24.298-0400] {logging_mixin.py:188} INFO - [2025-04-02T16:55:24.298-0400] {dag.py:3954} INFO - Setting next_dagrun for example_external_task_marker_child to None, run_after=None
[2025-04-02T16:55:24.299-0400] {logging_mixin.py:188} INFO - [2025-04-02T16:55:24.299-0400] {dag.py:3954} INFO - Setting next_dagrun for example_external_task_marker_parent to None, run_after=None
[2025-04-02T16:55:24.307-0400] {processor.py:183} INFO - Processing /Users/prasenjeet.gadhe/Documents/05. Nokia_PoV/Parallel_Test/venv/lib/python3.9/site-packages/airflow/example_dags/example_external_task_marker_dag.py took 0.095 seconds
[2025-04-02T16:57:19.924-0400] {processor.py:161} INFO - Started process (PID=99223) to work on /Users/prasenjeet.gadhe/Documents/05. Nokia_PoV/Parallel_Test/venv/lib/python3.9/site-packages/airflow/example_dags/example_external_task_marker_dag.py
[2025-04-02T16:57:19.926-0400] {processor.py:830} INFO - Processing file /Users/prasenjeet.gadhe/Documents/05. Nokia_PoV/Parallel_Test/venv/lib/python3.9/site-packages/airflow/example_dags/example_external_task_marker_dag.py for tasks to queue
[2025-04-02T16:57:19.927-0400] {logging_mixin.py:188} INFO - [2025-04-02T16:57:19.927-0400] {dagbag.py:540} INFO - Filling up the DagBag from /Users/prasenjeet.gadhe/Documents/05. Nokia_PoV/Parallel_Test/venv/lib/python3.9/site-packages/airflow/example_dags/example_external_task_marker_dag.py
[2025-04-02T16:57:19.932-0400] {processor.py:840} INFO - DAG(s) 'example_external_task_marker_child', 'example_external_task_marker_parent' retrieved from /Users/prasenjeet.gadhe/Documents/05. Nokia_PoV/Parallel_Test/venv/lib/python3.9/site-packages/airflow/example_dags/example_external_task_marker_dag.py
[2025-04-02T16:57:20.007-0400] {logging_mixin.py:188} INFO - [2025-04-02T16:57:20.007-0400] {dag.py:3096} INFO - Sync 2 DAGs
[2025-04-02T16:57:20.012-0400] {logging_mixin.py:188} INFO - [2025-04-02T16:57:20.012-0400] {dag.py:3954} INFO - Setting next_dagrun for example_external_task_marker_child to None, run_after=None
[2025-04-02T16:57:20.014-0400] {logging_mixin.py:188} INFO - [2025-04-02T16:57:20.013-0400] {dag.py:3954} INFO - Setting next_dagrun for example_external_task_marker_parent to None, run_after=None
[2025-04-02T16:57:20.022-0400] {processor.py:183} INFO - Processing /Users/prasenjeet.gadhe/Documents/05. Nokia_PoV/Parallel_Test/venv/lib/python3.9/site-packages/airflow/example_dags/example_external_task_marker_dag.py took 0.099 seconds
[2025-04-02T16:59:10.930-0400] {processor.py:161} INFO - Started process (PID=13142) to work on /Users/prasenjeet.gadhe/Documents/05. Nokia_PoV/Parallel_Test/venv/lib/python3.9/site-packages/airflow/example_dags/example_external_task_marker_dag.py
[2025-04-02T16:59:10.931-0400] {processor.py:830} INFO - Processing file /Users/prasenjeet.gadhe/Documents/05. Nokia_PoV/Parallel_Test/venv/lib/python3.9/site-packages/airflow/example_dags/example_external_task_marker_dag.py for tasks to queue
[2025-04-02T16:59:10.932-0400] {logging_mixin.py:188} INFO - [2025-04-02T16:59:10.932-0400] {dagbag.py:540} INFO - Filling up the DagBag from /Users/prasenjeet.gadhe/Documents/05. Nokia_PoV/Parallel_Test/venv/lib/python3.9/site-packages/airflow/example_dags/example_external_task_marker_dag.py
[2025-04-02T16:59:10.937-0400] {processor.py:840} INFO - DAG(s) 'example_external_task_marker_parent', 'example_external_task_marker_child' retrieved from /Users/prasenjeet.gadhe/Documents/05. Nokia_PoV/Parallel_Test/venv/lib/python3.9/site-packages/airflow/example_dags/example_external_task_marker_dag.py
[2025-04-02T16:59:10.994-0400] {logging_mixin.py:188} INFO - [2025-04-02T16:59:10.994-0400] {dag.py:3096} INFO - Sync 2 DAGs
[2025-04-02T16:59:10.997-0400] {logging_mixin.py:188} INFO - [2025-04-02T16:59:10.997-0400] {dag.py:3954} INFO - Setting next_dagrun for example_external_task_marker_child to None, run_after=None
[2025-04-02T16:59:10.998-0400] {logging_mixin.py:188} INFO - [2025-04-02T16:59:10.998-0400] {dag.py:3954} INFO - Setting next_dagrun for example_external_task_marker_parent to None, run_after=None
[2025-04-02T16:59:11.004-0400] {processor.py:183} INFO - Processing /Users/prasenjeet.gadhe/Documents/05. Nokia_PoV/Parallel_Test/venv/lib/python3.9/site-packages/airflow/example_dags/example_external_task_marker_dag.py took 0.075 seconds
[2025-04-02T17:01:04.398-0400] {processor.py:161} INFO - Started process (PID=27120) to work on /Users/prasenjeet.gadhe/Documents/05. Nokia_PoV/Parallel_Test/venv/lib/python3.9/site-packages/airflow/example_dags/example_external_task_marker_dag.py
[2025-04-02T17:01:04.399-0400] {processor.py:830} INFO - Processing file /Users/prasenjeet.gadhe/Documents/05. Nokia_PoV/Parallel_Test/venv/lib/python3.9/site-packages/airflow/example_dags/example_external_task_marker_dag.py for tasks to queue
[2025-04-02T17:01:04.400-0400] {logging_mixin.py:188} INFO - [2025-04-02T17:01:04.400-0400] {dagbag.py:540} INFO - Filling up the DagBag from /Users/prasenjeet.gadhe/Documents/05. Nokia_PoV/Parallel_Test/venv/lib/python3.9/site-packages/airflow/example_dags/example_external_task_marker_dag.py
[2025-04-02T17:01:04.406-0400] {processor.py:840} INFO - DAG(s) 'example_external_task_marker_parent', 'example_external_task_marker_child' retrieved from /Users/prasenjeet.gadhe/Documents/05. Nokia_PoV/Parallel_Test/venv/lib/python3.9/site-packages/airflow/example_dags/example_external_task_marker_dag.py
[2025-04-02T17:01:04.475-0400] {logging_mixin.py:188} INFO - [2025-04-02T17:01:04.475-0400] {dag.py:3096} INFO - Sync 2 DAGs
[2025-04-02T17:01:04.479-0400] {logging_mixin.py:188} INFO - [2025-04-02T17:01:04.479-0400] {dag.py:3954} INFO - Setting next_dagrun for example_external_task_marker_child to None, run_after=None
[2025-04-02T17:01:04.480-0400] {logging_mixin.py:188} INFO - [2025-04-02T17:01:04.480-0400] {dag.py:3954} INFO - Setting next_dagrun for example_external_task_marker_parent to None, run_after=None
[2025-04-02T17:01:04.486-0400] {processor.py:183} INFO - Processing /Users/prasenjeet.gadhe/Documents/05. Nokia_PoV/Parallel_Test/venv/lib/python3.9/site-packages/airflow/example_dags/example_external_task_marker_dag.py took 0.089 seconds
[2025-04-02T17:02:57.872-0400] {processor.py:161} INFO - Started process (PID=40964) to work on /Users/prasenjeet.gadhe/Documents/05. Nokia_PoV/Parallel_Test/venv/lib/python3.9/site-packages/airflow/example_dags/example_external_task_marker_dag.py
[2025-04-02T17:02:57.873-0400] {processor.py:830} INFO - Processing file /Users/prasenjeet.gadhe/Documents/05. Nokia_PoV/Parallel_Test/venv/lib/python3.9/site-packages/airflow/example_dags/example_external_task_marker_dag.py for tasks to queue
[2025-04-02T17:02:57.873-0400] {logging_mixin.py:188} INFO - [2025-04-02T17:02:57.873-0400] {dagbag.py:540} INFO - Filling up the DagBag from /Users/prasenjeet.gadhe/Documents/05. Nokia_PoV/Parallel_Test/venv/lib/python3.9/site-packages/airflow/example_dags/example_external_task_marker_dag.py
[2025-04-02T17:02:57.879-0400] {processor.py:840} INFO - DAG(s) 'example_external_task_marker_parent', 'example_external_task_marker_child' retrieved from /Users/prasenjeet.gadhe/Documents/05. Nokia_PoV/Parallel_Test/venv/lib/python3.9/site-packages/airflow/example_dags/example_external_task_marker_dag.py
[2025-04-02T17:02:57.935-0400] {logging_mixin.py:188} INFO - [2025-04-02T17:02:57.935-0400] {dag.py:3096} INFO - Sync 2 DAGs
[2025-04-02T17:02:57.938-0400] {logging_mixin.py:188} INFO - [2025-04-02T17:02:57.938-0400] {dag.py:3954} INFO - Setting next_dagrun for example_external_task_marker_child to None, run_after=None
[2025-04-02T17:02:57.939-0400] {logging_mixin.py:188} INFO - [2025-04-02T17:02:57.939-0400] {dag.py:3954} INFO - Setting next_dagrun for example_external_task_marker_parent to None, run_after=None
[2025-04-02T17:02:57.945-0400] {processor.py:183} INFO - Processing /Users/prasenjeet.gadhe/Documents/05. Nokia_PoV/Parallel_Test/venv/lib/python3.9/site-packages/airflow/example_dags/example_external_task_marker_dag.py took 0.074 seconds
[2025-04-02T17:04:48.106-0400] {processor.py:161} INFO - Started process (PID=54552) to work on /Users/prasenjeet.gadhe/Documents/05. Nokia_PoV/Parallel_Test/venv/lib/python3.9/site-packages/airflow/example_dags/example_external_task_marker_dag.py
[2025-04-02T17:04:48.108-0400] {processor.py:830} INFO - Processing file /Users/prasenjeet.gadhe/Documents/05. Nokia_PoV/Parallel_Test/venv/lib/python3.9/site-packages/airflow/example_dags/example_external_task_marker_dag.py for tasks to queue
[2025-04-02T17:04:48.108-0400] {logging_mixin.py:188} INFO - [2025-04-02T17:04:48.108-0400] {dagbag.py:540} INFO - Filling up the DagBag from /Users/prasenjeet.gadhe/Documents/05. Nokia_PoV/Parallel_Test/venv/lib/python3.9/site-packages/airflow/example_dags/example_external_task_marker_dag.py
[2025-04-02T17:04:48.114-0400] {processor.py:840} INFO - DAG(s) 'example_external_task_marker_child', 'example_external_task_marker_parent' retrieved from /Users/prasenjeet.gadhe/Documents/05. Nokia_PoV/Parallel_Test/venv/lib/python3.9/site-packages/airflow/example_dags/example_external_task_marker_dag.py
[2025-04-02T17:04:48.170-0400] {logging_mixin.py:188} INFO - [2025-04-02T17:04:48.169-0400] {dag.py:3096} INFO - Sync 2 DAGs
[2025-04-02T17:04:48.173-0400] {logging_mixin.py:188} INFO - [2025-04-02T17:04:48.173-0400] {dag.py:3954} INFO - Setting next_dagrun for example_external_task_marker_child to None, run_after=None
[2025-04-02T17:04:48.174-0400] {logging_mixin.py:188} INFO - [2025-04-02T17:04:48.174-0400] {dag.py:3954} INFO - Setting next_dagrun for example_external_task_marker_parent to None, run_after=None
[2025-04-02T17:04:48.179-0400] {processor.py:183} INFO - Processing /Users/prasenjeet.gadhe/Documents/05. Nokia_PoV/Parallel_Test/venv/lib/python3.9/site-packages/airflow/example_dags/example_external_task_marker_dag.py took 0.074 seconds
[2025-04-02T17:06:36.631-0400] {processor.py:161} INFO - Started process (PID=67829) to work on /Users/prasenjeet.gadhe/Documents/05. Nokia_PoV/Parallel_Test/venv/lib/python3.9/site-packages/airflow/example_dags/example_external_task_marker_dag.py
[2025-04-02T17:06:36.633-0400] {processor.py:830} INFO - Processing file /Users/prasenjeet.gadhe/Documents/05. Nokia_PoV/Parallel_Test/venv/lib/python3.9/site-packages/airflow/example_dags/example_external_task_marker_dag.py for tasks to queue
[2025-04-02T17:06:36.633-0400] {logging_mixin.py:188} INFO - [2025-04-02T17:06:36.633-0400] {dagbag.py:540} INFO - Filling up the DagBag from /Users/prasenjeet.gadhe/Documents/05. Nokia_PoV/Parallel_Test/venv/lib/python3.9/site-packages/airflow/example_dags/example_external_task_marker_dag.py
[2025-04-02T17:06:36.639-0400] {processor.py:840} INFO - DAG(s) 'example_external_task_marker_parent', 'example_external_task_marker_child' retrieved from /Users/prasenjeet.gadhe/Documents/05. Nokia_PoV/Parallel_Test/venv/lib/python3.9/site-packages/airflow/example_dags/example_external_task_marker_dag.py
[2025-04-02T17:06:36.701-0400] {logging_mixin.py:188} INFO - [2025-04-02T17:06:36.700-0400] {dag.py:3096} INFO - Sync 2 DAGs
[2025-04-02T17:06:36.704-0400] {logging_mixin.py:188} INFO - [2025-04-02T17:06:36.704-0400] {dag.py:3954} INFO - Setting next_dagrun for example_external_task_marker_child to None, run_after=None
[2025-04-02T17:06:36.705-0400] {logging_mixin.py:188} INFO - [2025-04-02T17:06:36.705-0400] {dag.py:3954} INFO - Setting next_dagrun for example_external_task_marker_parent to None, run_after=None
[2025-04-02T17:06:36.711-0400] {processor.py:183} INFO - Processing /Users/prasenjeet.gadhe/Documents/05. Nokia_PoV/Parallel_Test/venv/lib/python3.9/site-packages/airflow/example_dags/example_external_task_marker_dag.py took 0.081 seconds
[2025-04-02T17:08:28.993-0400] {processor.py:161} INFO - Started process (PID=81810) to work on /Users/prasenjeet.gadhe/Documents/05. Nokia_PoV/Parallel_Test/venv/lib/python3.9/site-packages/airflow/example_dags/example_external_task_marker_dag.py
[2025-04-02T17:08:28.994-0400] {processor.py:830} INFO - Processing file /Users/prasenjeet.gadhe/Documents/05. Nokia_PoV/Parallel_Test/venv/lib/python3.9/site-packages/airflow/example_dags/example_external_task_marker_dag.py for tasks to queue
[2025-04-02T17:08:28.995-0400] {logging_mixin.py:188} INFO - [2025-04-02T17:08:28.995-0400] {dagbag.py:540} INFO - Filling up the DagBag from /Users/prasenjeet.gadhe/Documents/05. Nokia_PoV/Parallel_Test/venv/lib/python3.9/site-packages/airflow/example_dags/example_external_task_marker_dag.py
[2025-04-02T17:08:29.000-0400] {processor.py:840} INFO - DAG(s) 'example_external_task_marker_child', 'example_external_task_marker_parent' retrieved from /Users/prasenjeet.gadhe/Documents/05. Nokia_PoV/Parallel_Test/venv/lib/python3.9/site-packages/airflow/example_dags/example_external_task_marker_dag.py
[2025-04-02T17:08:29.058-0400] {logging_mixin.py:188} INFO - [2025-04-02T17:08:29.058-0400] {dag.py:3096} INFO - Sync 2 DAGs
[2025-04-02T17:08:29.061-0400] {logging_mixin.py:188} INFO - [2025-04-02T17:08:29.061-0400] {dag.py:3954} INFO - Setting next_dagrun for example_external_task_marker_child to None, run_after=None
[2025-04-02T17:08:29.062-0400] {logging_mixin.py:188} INFO - [2025-04-02T17:08:29.062-0400] {dag.py:3954} INFO - Setting next_dagrun for example_external_task_marker_parent to None, run_after=None
[2025-04-02T17:08:29.068-0400] {processor.py:183} INFO - Processing /Users/prasenjeet.gadhe/Documents/05. Nokia_PoV/Parallel_Test/venv/lib/python3.9/site-packages/airflow/example_dags/example_external_task_marker_dag.py took 0.076 seconds
[2025-04-02T17:10:26.816-0400] {processor.py:161} INFO - Started process (PID=96293) to work on /Users/prasenjeet.gadhe/Documents/05. Nokia_PoV/Parallel_Test/venv/lib/python3.9/site-packages/airflow/example_dags/example_external_task_marker_dag.py
[2025-04-02T17:10:26.818-0400] {processor.py:830} INFO - Processing file /Users/prasenjeet.gadhe/Documents/05. Nokia_PoV/Parallel_Test/venv/lib/python3.9/site-packages/airflow/example_dags/example_external_task_marker_dag.py for tasks to queue
[2025-04-02T17:10:26.818-0400] {logging_mixin.py:188} INFO - [2025-04-02T17:10:26.818-0400] {dagbag.py:540} INFO - Filling up the DagBag from /Users/prasenjeet.gadhe/Documents/05. Nokia_PoV/Parallel_Test/venv/lib/python3.9/site-packages/airflow/example_dags/example_external_task_marker_dag.py
[2025-04-02T17:10:26.824-0400] {processor.py:840} INFO - DAG(s) 'example_external_task_marker_parent', 'example_external_task_marker_child' retrieved from /Users/prasenjeet.gadhe/Documents/05. Nokia_PoV/Parallel_Test/venv/lib/python3.9/site-packages/airflow/example_dags/example_external_task_marker_dag.py
[2025-04-02T17:10:26.880-0400] {logging_mixin.py:188} INFO - [2025-04-02T17:10:26.880-0400] {dag.py:3096} INFO - Sync 2 DAGs
[2025-04-02T17:10:26.883-0400] {logging_mixin.py:188} INFO - [2025-04-02T17:10:26.883-0400] {dag.py:3954} INFO - Setting next_dagrun for example_external_task_marker_child to None, run_after=None
[2025-04-02T17:10:26.884-0400] {logging_mixin.py:188} INFO - [2025-04-02T17:10:26.884-0400] {dag.py:3954} INFO - Setting next_dagrun for example_external_task_marker_parent to None, run_after=None
[2025-04-02T17:10:26.890-0400] {processor.py:183} INFO - Processing /Users/prasenjeet.gadhe/Documents/05. Nokia_PoV/Parallel_Test/venv/lib/python3.9/site-packages/airflow/example_dags/example_external_task_marker_dag.py took 0.076 seconds
[2025-04-02T17:12:19.223-0400] {processor.py:161} INFO - Started process (PID=10542) to work on /Users/prasenjeet.gadhe/Documents/05. Nokia_PoV/Parallel_Test/venv/lib/python3.9/site-packages/airflow/example_dags/example_external_task_marker_dag.py
[2025-04-02T17:12:19.224-0400] {processor.py:830} INFO - Processing file /Users/prasenjeet.gadhe/Documents/05. Nokia_PoV/Parallel_Test/venv/lib/python3.9/site-packages/airflow/example_dags/example_external_task_marker_dag.py for tasks to queue
[2025-04-02T17:12:19.225-0400] {logging_mixin.py:188} INFO - [2025-04-02T17:12:19.225-0400] {dagbag.py:540} INFO - Filling up the DagBag from /Users/prasenjeet.gadhe/Documents/05. Nokia_PoV/Parallel_Test/venv/lib/python3.9/site-packages/airflow/example_dags/example_external_task_marker_dag.py
[2025-04-02T17:12:19.231-0400] {processor.py:840} INFO - DAG(s) 'example_external_task_marker_parent', 'example_external_task_marker_child' retrieved from /Users/prasenjeet.gadhe/Documents/05. Nokia_PoV/Parallel_Test/venv/lib/python3.9/site-packages/airflow/example_dags/example_external_task_marker_dag.py
[2025-04-02T17:12:19.290-0400] {logging_mixin.py:188} INFO - [2025-04-02T17:12:19.290-0400] {dag.py:3096} INFO - Sync 2 DAGs
[2025-04-02T17:12:19.294-0400] {logging_mixin.py:188} INFO - [2025-04-02T17:12:19.294-0400] {dag.py:3954} INFO - Setting next_dagrun for example_external_task_marker_child to None, run_after=None
[2025-04-02T17:12:19.295-0400] {logging_mixin.py:188} INFO - [2025-04-02T17:12:19.295-0400] {dag.py:3954} INFO - Setting next_dagrun for example_external_task_marker_parent to None, run_after=None
[2025-04-02T17:12:19.301-0400] {processor.py:183} INFO - Processing /Users/prasenjeet.gadhe/Documents/05. Nokia_PoV/Parallel_Test/venv/lib/python3.9/site-packages/airflow/example_dags/example_external_task_marker_dag.py took 0.079 seconds
