[2025-04-02T16:40:12.622-0400] {processor.py:161} INFO - Started process (PID=71482) to work on /Users/prasenjeet.gadhe/Documents/05. Nokia_PoV/Parallel_Test/venv/lib/python3.9/site-packages/airflow/example_dags/example_dag_decorator.py
[2025-04-02T16:40:12.623-0400] {processor.py:830} INFO - Processing file /Users/prasenjeet.gadhe/Documents/05. Nokia_PoV/Parallel_Test/venv/lib/python3.9/site-packages/airflow/example_dags/example_dag_decorator.py for tasks to queue
[2025-04-02T16:40:12.624-0400] {logging_mixin.py:188} INFO - [2025-04-02T16:40:12.624-0400] {dagbag.py:540} INFO - Filling up the DagBag from /Users/prasenjeet.gadhe/Documents/05. Nokia_PoV/Parallel_Test/venv/lib/python3.9/site-packages/airflow/example_dags/example_dag_decorator.py
[2025-04-02T16:40:12.725-0400] {processor.py:840} INFO - DAG(s) 'example_dag_decorator' retrieved from /Users/prasenjeet.gadhe/Documents/05. Nokia_PoV/Parallel_Test/venv/lib/python3.9/site-packages/airflow/example_dags/example_dag_decorator.py
[2025-04-02T16:40:12.792-0400] {logging_mixin.py:188} INFO - [2025-04-02T16:40:12.791-0400] {override.py:1829} INFO - Created Permission View: can delete on DAG:example_dag_decorator
[2025-04-02T16:40:12.794-0400] {logging_mixin.py:188} INFO - [2025-04-02T16:40:12.794-0400] {override.py:1829} INFO - Created Permission View: can read on DAG:example_dag_decorator
[2025-04-02T16:40:12.796-0400] {logging_mixin.py:188} INFO - [2025-04-02T16:40:12.796-0400] {override.py:1829} INFO - Created Permission View: can edit on DAG:example_dag_decorator
[2025-04-02T16:40:12.796-0400] {logging_mixin.py:188} INFO - [2025-04-02T16:40:12.796-0400] {dag.py:3096} INFO - Sync 1 DAGs
[2025-04-02T16:40:12.799-0400] {logging_mixin.py:188} INFO - [2025-04-02T16:40:12.799-0400] {dag.py:3118} INFO - Creating ORM DAG for example_dag_decorator
[2025-04-02T16:40:12.800-0400] {logging_mixin.py:188} INFO - [2025-04-02T16:40:12.800-0400] {dag.py:3954} INFO - Setting next_dagrun for example_dag_decorator to None, run_after=None
[2025-04-02T16:40:12.805-0400] {processor.py:183} INFO - Processing /Users/prasenjeet.gadhe/Documents/05. Nokia_PoV/Parallel_Test/venv/lib/python3.9/site-packages/airflow/example_dags/example_dag_decorator.py took 0.184 seconds
[2025-04-02T16:42:08.244-0400] {processor.py:161} INFO - Started process (PID=86039) to work on /Users/prasenjeet.gadhe/Documents/05. Nokia_PoV/Parallel_Test/venv/lib/python3.9/site-packages/airflow/example_dags/example_dag_decorator.py
[2025-04-02T16:42:08.245-0400] {processor.py:830} INFO - Processing file /Users/prasenjeet.gadhe/Documents/05. Nokia_PoV/Parallel_Test/venv/lib/python3.9/site-packages/airflow/example_dags/example_dag_decorator.py for tasks to queue
[2025-04-02T16:42:08.246-0400] {logging_mixin.py:188} INFO - [2025-04-02T16:42:08.246-0400] {dagbag.py:540} INFO - Filling up the DagBag from /Users/prasenjeet.gadhe/Documents/05. Nokia_PoV/Parallel_Test/venv/lib/python3.9/site-packages/airflow/example_dags/example_dag_decorator.py
[2025-04-02T16:42:08.350-0400] {processor.py:840} INFO - DAG(s) 'example_dag_decorator' retrieved from /Users/prasenjeet.gadhe/Documents/05. Nokia_PoV/Parallel_Test/venv/lib/python3.9/site-packages/airflow/example_dags/example_dag_decorator.py
[2025-04-02T16:42:08.435-0400] {logging_mixin.py:188} INFO - [2025-04-02T16:42:08.435-0400] {dag.py:3096} INFO - Sync 1 DAGs
[2025-04-02T16:42:08.439-0400] {logging_mixin.py:188} INFO - [2025-04-02T16:42:08.438-0400] {dag.py:3954} INFO - Setting next_dagrun for example_dag_decorator to None, run_after=None
[2025-04-02T16:42:08.445-0400] {processor.py:183} INFO - Processing /Users/prasenjeet.gadhe/Documents/05. Nokia_PoV/Parallel_Test/venv/lib/python3.9/site-packages/airflow/example_dags/example_dag_decorator.py took 0.202 seconds
[2025-04-02T16:44:01.655-0400] {processor.py:161} INFO - Started process (PID=99973) to work on /Users/prasenjeet.gadhe/Documents/05. Nokia_PoV/Parallel_Test/venv/lib/python3.9/site-packages/airflow/example_dags/example_dag_decorator.py
[2025-04-02T16:44:01.657-0400] {processor.py:830} INFO - Processing file /Users/prasenjeet.gadhe/Documents/05. Nokia_PoV/Parallel_Test/venv/lib/python3.9/site-packages/airflow/example_dags/example_dag_decorator.py for tasks to queue
[2025-04-02T16:44:01.657-0400] {logging_mixin.py:188} INFO - [2025-04-02T16:44:01.657-0400] {dagbag.py:540} INFO - Filling up the DagBag from /Users/prasenjeet.gadhe/Documents/05. Nokia_PoV/Parallel_Test/venv/lib/python3.9/site-packages/airflow/example_dags/example_dag_decorator.py
[2025-04-02T16:44:01.757-0400] {processor.py:840} INFO - DAG(s) 'example_dag_decorator' retrieved from /Users/prasenjeet.gadhe/Documents/05. Nokia_PoV/Parallel_Test/venv/lib/python3.9/site-packages/airflow/example_dags/example_dag_decorator.py
[2025-04-02T16:44:01.834-0400] {logging_mixin.py:188} INFO - [2025-04-02T16:44:01.834-0400] {dag.py:3096} INFO - Sync 1 DAGs
[2025-04-02T16:44:01.837-0400] {logging_mixin.py:188} INFO - [2025-04-02T16:44:01.837-0400] {dag.py:3954} INFO - Setting next_dagrun for example_dag_decorator to None, run_after=None
[2025-04-02T16:44:01.843-0400] {processor.py:183} INFO - Processing /Users/prasenjeet.gadhe/Documents/05. Nokia_PoV/Parallel_Test/venv/lib/python3.9/site-packages/airflow/example_dags/example_dag_decorator.py took 0.189 seconds
[2025-04-02T16:46:34.612-0400] {processor.py:161} INFO - Started process (PID=19357) to work on /Users/prasenjeet.gadhe/Documents/05. Nokia_PoV/Parallel_Test/venv/lib/python3.9/site-packages/airflow/example_dags/example_dag_decorator.py
[2025-04-02T16:46:34.615-0400] {processor.py:830} INFO - Processing file /Users/prasenjeet.gadhe/Documents/05. Nokia_PoV/Parallel_Test/venv/lib/python3.9/site-packages/airflow/example_dags/example_dag_decorator.py for tasks to queue
[2025-04-02T16:46:34.615-0400] {logging_mixin.py:188} INFO - [2025-04-02T16:46:34.615-0400] {dagbag.py:540} INFO - Filling up the DagBag from /Users/prasenjeet.gadhe/Documents/05. Nokia_PoV/Parallel_Test/venv/lib/python3.9/site-packages/airflow/example_dags/example_dag_decorator.py
[2025-04-02T16:46:34.710-0400] {processor.py:840} INFO - DAG(s) 'example_dag_decorator' retrieved from /Users/prasenjeet.gadhe/Documents/05. Nokia_PoV/Parallel_Test/venv/lib/python3.9/site-packages/airflow/example_dags/example_dag_decorator.py
[2025-04-02T16:46:34.784-0400] {logging_mixin.py:188} INFO - [2025-04-02T16:46:34.783-0400] {dag.py:3096} INFO - Sync 1 DAGs
[2025-04-02T16:46:34.787-0400] {logging_mixin.py:188} INFO - [2025-04-02T16:46:34.786-0400] {dag.py:3954} INFO - Setting next_dagrun for example_dag_decorator to None, run_after=None
[2025-04-02T16:46:34.793-0400] {processor.py:183} INFO - Processing /Users/prasenjeet.gadhe/Documents/05. Nokia_PoV/Parallel_Test/venv/lib/python3.9/site-packages/airflow/example_dags/example_dag_decorator.py took 0.181 seconds
[2025-04-02T16:48:30.503-0400] {processor.py:161} INFO - Started process (PID=33724) to work on /Users/prasenjeet.gadhe/Documents/05. Nokia_PoV/Parallel_Test/venv/lib/python3.9/site-packages/airflow/example_dags/example_dag_decorator.py
[2025-04-02T16:48:30.504-0400] {processor.py:830} INFO - Processing file /Users/prasenjeet.gadhe/Documents/05. Nokia_PoV/Parallel_Test/venv/lib/python3.9/site-packages/airflow/example_dags/example_dag_decorator.py for tasks to queue
[2025-04-02T16:48:30.505-0400] {logging_mixin.py:188} INFO - [2025-04-02T16:48:30.504-0400] {dagbag.py:540} INFO - Filling up the DagBag from /Users/prasenjeet.gadhe/Documents/05. Nokia_PoV/Parallel_Test/venv/lib/python3.9/site-packages/airflow/example_dags/example_dag_decorator.py
[2025-04-02T16:48:30.607-0400] {processor.py:840} INFO - DAG(s) 'example_dag_decorator' retrieved from /Users/prasenjeet.gadhe/Documents/05. Nokia_PoV/Parallel_Test/venv/lib/python3.9/site-packages/airflow/example_dags/example_dag_decorator.py
[2025-04-02T16:48:30.689-0400] {logging_mixin.py:188} INFO - [2025-04-02T16:48:30.688-0400] {dag.py:3096} INFO - Sync 1 DAGs
[2025-04-02T16:48:30.692-0400] {logging_mixin.py:188} INFO - [2025-04-02T16:48:30.691-0400] {dag.py:3954} INFO - Setting next_dagrun for example_dag_decorator to None, run_after=None
[2025-04-02T16:48:30.698-0400] {processor.py:183} INFO - Processing /Users/prasenjeet.gadhe/Documents/05. Nokia_PoV/Parallel_Test/venv/lib/python3.9/site-packages/airflow/example_dags/example_dag_decorator.py took 0.197 seconds
[2025-04-02T16:51:45.980-0400] {processor.py:161} INFO - Started process (PID=57964) to work on /Users/prasenjeet.gadhe/Documents/05. Nokia_PoV/Parallel_Test/venv/lib/python3.9/site-packages/airflow/example_dags/example_dag_decorator.py
[2025-04-02T16:51:45.982-0400] {processor.py:830} INFO - Processing file /Users/prasenjeet.gadhe/Documents/05. Nokia_PoV/Parallel_Test/venv/lib/python3.9/site-packages/airflow/example_dags/example_dag_decorator.py for tasks to queue
[2025-04-02T16:51:45.982-0400] {logging_mixin.py:188} INFO - [2025-04-02T16:51:45.982-0400] {dagbag.py:540} INFO - Filling up the DagBag from /Users/prasenjeet.gadhe/Documents/05. Nokia_PoV/Parallel_Test/venv/lib/python3.9/site-packages/airflow/example_dags/example_dag_decorator.py
[2025-04-02T16:51:46.080-0400] {processor.py:840} INFO - DAG(s) 'example_dag_decorator' retrieved from /Users/prasenjeet.gadhe/Documents/05. Nokia_PoV/Parallel_Test/venv/lib/python3.9/site-packages/airflow/example_dags/example_dag_decorator.py
[2025-04-02T16:51:46.157-0400] {logging_mixin.py:188} INFO - [2025-04-02T16:51:46.157-0400] {dag.py:3096} INFO - Sync 1 DAGs
[2025-04-02T16:51:46.160-0400] {logging_mixin.py:188} INFO - [2025-04-02T16:51:46.160-0400] {dag.py:3954} INFO - Setting next_dagrun for example_dag_decorator to None, run_after=None
[2025-04-02T16:51:46.167-0400] {processor.py:183} INFO - Processing /Users/prasenjeet.gadhe/Documents/05. Nokia_PoV/Parallel_Test/venv/lib/python3.9/site-packages/airflow/example_dags/example_dag_decorator.py took 0.188 seconds
[2025-04-02T16:53:38.618-0400] {processor.py:161} INFO - Started process (PID=71705) to work on /Users/prasenjeet.gadhe/Documents/05. Nokia_PoV/Parallel_Test/venv/lib/python3.9/site-packages/airflow/example_dags/example_dag_decorator.py
[2025-04-02T16:53:38.620-0400] {processor.py:830} INFO - Processing file /Users/prasenjeet.gadhe/Documents/05. Nokia_PoV/Parallel_Test/venv/lib/python3.9/site-packages/airflow/example_dags/example_dag_decorator.py for tasks to queue
[2025-04-02T16:53:38.620-0400] {logging_mixin.py:188} INFO - [2025-04-02T16:53:38.620-0400] {dagbag.py:540} INFO - Filling up the DagBag from /Users/prasenjeet.gadhe/Documents/05. Nokia_PoV/Parallel_Test/venv/lib/python3.9/site-packages/airflow/example_dags/example_dag_decorator.py
[2025-04-02T16:53:38.708-0400] {processor.py:840} INFO - DAG(s) 'example_dag_decorator' retrieved from /Users/prasenjeet.gadhe/Documents/05. Nokia_PoV/Parallel_Test/venv/lib/python3.9/site-packages/airflow/example_dags/example_dag_decorator.py
[2025-04-02T16:53:38.782-0400] {logging_mixin.py:188} INFO - [2025-04-02T16:53:38.782-0400] {dag.py:3096} INFO - Sync 1 DAGs
[2025-04-02T16:53:38.785-0400] {logging_mixin.py:188} INFO - [2025-04-02T16:53:38.785-0400] {dag.py:3954} INFO - Setting next_dagrun for example_dag_decorator to None, run_after=None
[2025-04-02T16:53:38.791-0400] {processor.py:183} INFO - Processing /Users/prasenjeet.gadhe/Documents/05. Nokia_PoV/Parallel_Test/venv/lib/python3.9/site-packages/airflow/example_dags/example_dag_decorator.py took 0.174 seconds
[2025-04-02T16:55:32.035-0400] {processor.py:161} INFO - Started process (PID=85844) to work on /Users/prasenjeet.gadhe/Documents/05. Nokia_PoV/Parallel_Test/venv/lib/python3.9/site-packages/airflow/example_dags/example_dag_decorator.py
[2025-04-02T16:55:32.037-0400] {processor.py:830} INFO - Processing file /Users/prasenjeet.gadhe/Documents/05. Nokia_PoV/Parallel_Test/venv/lib/python3.9/site-packages/airflow/example_dags/example_dag_decorator.py for tasks to queue
[2025-04-02T16:55:32.037-0400] {logging_mixin.py:188} INFO - [2025-04-02T16:55:32.037-0400] {dagbag.py:540} INFO - Filling up the DagBag from /Users/prasenjeet.gadhe/Documents/05. Nokia_PoV/Parallel_Test/venv/lib/python3.9/site-packages/airflow/example_dags/example_dag_decorator.py
[2025-04-02T16:55:32.135-0400] {processor.py:840} INFO - DAG(s) 'example_dag_decorator' retrieved from /Users/prasenjeet.gadhe/Documents/05. Nokia_PoV/Parallel_Test/venv/lib/python3.9/site-packages/airflow/example_dags/example_dag_decorator.py
[2025-04-02T16:55:32.209-0400] {logging_mixin.py:188} INFO - [2025-04-02T16:55:32.209-0400] {dag.py:3096} INFO - Sync 1 DAGs
[2025-04-02T16:55:32.212-0400] {logging_mixin.py:188} INFO - [2025-04-02T16:55:32.212-0400] {dag.py:3954} INFO - Setting next_dagrun for example_dag_decorator to None, run_after=None
[2025-04-02T16:55:32.218-0400] {processor.py:183} INFO - Processing /Users/prasenjeet.gadhe/Documents/05. Nokia_PoV/Parallel_Test/venv/lib/python3.9/site-packages/airflow/example_dags/example_dag_decorator.py took 0.185 seconds
[2025-04-02T16:57:28.888-0400] {processor.py:161} INFO - Started process (PID=475) to work on /Users/prasenjeet.gadhe/Documents/05. Nokia_PoV/Parallel_Test/venv/lib/python3.9/site-packages/airflow/example_dags/example_dag_decorator.py
[2025-04-02T16:57:28.889-0400] {processor.py:830} INFO - Processing file /Users/prasenjeet.gadhe/Documents/05. Nokia_PoV/Parallel_Test/venv/lib/python3.9/site-packages/airflow/example_dags/example_dag_decorator.py for tasks to queue
[2025-04-02T16:57:28.890-0400] {logging_mixin.py:188} INFO - [2025-04-02T16:57:28.890-0400] {dagbag.py:540} INFO - Filling up the DagBag from /Users/prasenjeet.gadhe/Documents/05. Nokia_PoV/Parallel_Test/venv/lib/python3.9/site-packages/airflow/example_dags/example_dag_decorator.py
[2025-04-02T16:57:28.984-0400] {processor.py:840} INFO - DAG(s) 'example_dag_decorator' retrieved from /Users/prasenjeet.gadhe/Documents/05. Nokia_PoV/Parallel_Test/venv/lib/python3.9/site-packages/airflow/example_dags/example_dag_decorator.py
[2025-04-02T16:57:29.068-0400] {logging_mixin.py:188} INFO - [2025-04-02T16:57:29.068-0400] {dag.py:3096} INFO - Sync 1 DAGs
[2025-04-02T16:57:29.071-0400] {logging_mixin.py:188} INFO - [2025-04-02T16:57:29.071-0400] {dag.py:3954} INFO - Setting next_dagrun for example_dag_decorator to None, run_after=None
[2025-04-02T16:57:29.080-0400] {processor.py:183} INFO - Processing /Users/prasenjeet.gadhe/Documents/05. Nokia_PoV/Parallel_Test/venv/lib/python3.9/site-packages/airflow/example_dags/example_dag_decorator.py took 0.193 seconds
[2025-04-02T16:59:18.806-0400] {processor.py:161} INFO - Started process (PID=14108) to work on /Users/prasenjeet.gadhe/Documents/05. Nokia_PoV/Parallel_Test/venv/lib/python3.9/site-packages/airflow/example_dags/example_dag_decorator.py
[2025-04-02T16:59:18.807-0400] {processor.py:830} INFO - Processing file /Users/prasenjeet.gadhe/Documents/05. Nokia_PoV/Parallel_Test/venv/lib/python3.9/site-packages/airflow/example_dags/example_dag_decorator.py for tasks to queue
[2025-04-02T16:59:18.808-0400] {logging_mixin.py:188} INFO - [2025-04-02T16:59:18.808-0400] {dagbag.py:540} INFO - Filling up the DagBag from /Users/prasenjeet.gadhe/Documents/05. Nokia_PoV/Parallel_Test/venv/lib/python3.9/site-packages/airflow/example_dags/example_dag_decorator.py
[2025-04-02T16:59:18.902-0400] {processor.py:840} INFO - DAG(s) 'example_dag_decorator' retrieved from /Users/prasenjeet.gadhe/Documents/05. Nokia_PoV/Parallel_Test/venv/lib/python3.9/site-packages/airflow/example_dags/example_dag_decorator.py
[2025-04-02T16:59:18.978-0400] {logging_mixin.py:188} INFO - [2025-04-02T16:59:18.978-0400] {dag.py:3096} INFO - Sync 1 DAGs
[2025-04-02T16:59:18.981-0400] {logging_mixin.py:188} INFO - [2025-04-02T16:59:18.981-0400] {dag.py:3954} INFO - Setting next_dagrun for example_dag_decorator to None, run_after=None
[2025-04-02T16:59:18.987-0400] {processor.py:183} INFO - Processing /Users/prasenjeet.gadhe/Documents/05. Nokia_PoV/Parallel_Test/venv/lib/python3.9/site-packages/airflow/example_dags/example_dag_decorator.py took 0.182 seconds
[2025-04-02T17:01:13.295-0400] {processor.py:161} INFO - Started process (PID=28204) to work on /Users/prasenjeet.gadhe/Documents/05. Nokia_PoV/Parallel_Test/venv/lib/python3.9/site-packages/airflow/example_dags/example_dag_decorator.py
[2025-04-02T17:01:13.297-0400] {processor.py:830} INFO - Processing file /Users/prasenjeet.gadhe/Documents/05. Nokia_PoV/Parallel_Test/venv/lib/python3.9/site-packages/airflow/example_dags/example_dag_decorator.py for tasks to queue
[2025-04-02T17:01:13.298-0400] {logging_mixin.py:188} INFO - [2025-04-02T17:01:13.298-0400] {dagbag.py:540} INFO - Filling up the DagBag from /Users/prasenjeet.gadhe/Documents/05. Nokia_PoV/Parallel_Test/venv/lib/python3.9/site-packages/airflow/example_dags/example_dag_decorator.py
[2025-04-02T17:01:13.405-0400] {processor.py:840} INFO - DAG(s) 'example_dag_decorator' retrieved from /Users/prasenjeet.gadhe/Documents/05. Nokia_PoV/Parallel_Test/venv/lib/python3.9/site-packages/airflow/example_dags/example_dag_decorator.py
[2025-04-02T17:01:13.481-0400] {logging_mixin.py:188} INFO - [2025-04-02T17:01:13.481-0400] {dag.py:3096} INFO - Sync 1 DAGs
[2025-04-02T17:01:13.484-0400] {logging_mixin.py:188} INFO - [2025-04-02T17:01:13.484-0400] {dag.py:3954} INFO - Setting next_dagrun for example_dag_decorator to None, run_after=None
[2025-04-02T17:01:13.491-0400] {processor.py:183} INFO - Processing /Users/prasenjeet.gadhe/Documents/05. Nokia_PoV/Parallel_Test/venv/lib/python3.9/site-packages/airflow/example_dags/example_dag_decorator.py took 0.197 seconds
[2025-04-02T17:03:05.898-0400] {processor.py:161} INFO - Started process (PID=42019) to work on /Users/prasenjeet.gadhe/Documents/05. Nokia_PoV/Parallel_Test/venv/lib/python3.9/site-packages/airflow/example_dags/example_dag_decorator.py
[2025-04-02T17:03:05.900-0400] {processor.py:830} INFO - Processing file /Users/prasenjeet.gadhe/Documents/05. Nokia_PoV/Parallel_Test/venv/lib/python3.9/site-packages/airflow/example_dags/example_dag_decorator.py for tasks to queue
[2025-04-02T17:03:05.901-0400] {logging_mixin.py:188} INFO - [2025-04-02T17:03:05.900-0400] {dagbag.py:540} INFO - Filling up the DagBag from /Users/prasenjeet.gadhe/Documents/05. Nokia_PoV/Parallel_Test/venv/lib/python3.9/site-packages/airflow/example_dags/example_dag_decorator.py
[2025-04-02T17:03:05.977-0400] {processor.py:840} INFO - DAG(s) 'example_dag_decorator' retrieved from /Users/prasenjeet.gadhe/Documents/05. Nokia_PoV/Parallel_Test/venv/lib/python3.9/site-packages/airflow/example_dags/example_dag_decorator.py
[2025-04-02T17:03:06.048-0400] {logging_mixin.py:188} INFO - [2025-04-02T17:03:06.048-0400] {dag.py:3096} INFO - Sync 1 DAGs
[2025-04-02T17:03:06.051-0400] {logging_mixin.py:188} INFO - [2025-04-02T17:03:06.051-0400] {dag.py:3954} INFO - Setting next_dagrun for example_dag_decorator to None, run_after=None
[2025-04-02T17:03:06.058-0400] {processor.py:183} INFO - Processing /Users/prasenjeet.gadhe/Documents/05. Nokia_PoV/Parallel_Test/venv/lib/python3.9/site-packages/airflow/example_dags/example_dag_decorator.py took 0.160 seconds
[2025-04-02T17:04:56.017-0400] {processor.py:161} INFO - Started process (PID=55504) to work on /Users/prasenjeet.gadhe/Documents/05. Nokia_PoV/Parallel_Test/venv/lib/python3.9/site-packages/airflow/example_dags/example_dag_decorator.py
[2025-04-02T17:04:56.019-0400] {processor.py:830} INFO - Processing file /Users/prasenjeet.gadhe/Documents/05. Nokia_PoV/Parallel_Test/venv/lib/python3.9/site-packages/airflow/example_dags/example_dag_decorator.py for tasks to queue
[2025-04-02T17:04:56.019-0400] {logging_mixin.py:188} INFO - [2025-04-02T17:04:56.019-0400] {dagbag.py:540} INFO - Filling up the DagBag from /Users/prasenjeet.gadhe/Documents/05. Nokia_PoV/Parallel_Test/venv/lib/python3.9/site-packages/airflow/example_dags/example_dag_decorator.py
[2025-04-02T17:04:56.113-0400] {processor.py:840} INFO - DAG(s) 'example_dag_decorator' retrieved from /Users/prasenjeet.gadhe/Documents/05. Nokia_PoV/Parallel_Test/venv/lib/python3.9/site-packages/airflow/example_dags/example_dag_decorator.py
[2025-04-02T17:04:56.192-0400] {logging_mixin.py:188} INFO - [2025-04-02T17:04:56.192-0400] {dag.py:3096} INFO - Sync 1 DAGs
[2025-04-02T17:04:56.195-0400] {logging_mixin.py:188} INFO - [2025-04-02T17:04:56.195-0400] {dag.py:3954} INFO - Setting next_dagrun for example_dag_decorator to None, run_after=None
[2025-04-02T17:04:56.201-0400] {processor.py:183} INFO - Processing /Users/prasenjeet.gadhe/Documents/05. Nokia_PoV/Parallel_Test/venv/lib/python3.9/site-packages/airflow/example_dags/example_dag_decorator.py took 0.186 seconds
[2025-04-02T17:06:44.160-0400] {processor.py:161} INFO - Started process (PID=68760) to work on /Users/prasenjeet.gadhe/Documents/05. Nokia_PoV/Parallel_Test/venv/lib/python3.9/site-packages/airflow/example_dags/example_dag_decorator.py
[2025-04-02T17:06:44.162-0400] {processor.py:830} INFO - Processing file /Users/prasenjeet.gadhe/Documents/05. Nokia_PoV/Parallel_Test/venv/lib/python3.9/site-packages/airflow/example_dags/example_dag_decorator.py for tasks to queue
[2025-04-02T17:06:44.162-0400] {logging_mixin.py:188} INFO - [2025-04-02T17:06:44.162-0400] {dagbag.py:540} INFO - Filling up the DagBag from /Users/prasenjeet.gadhe/Documents/05. Nokia_PoV/Parallel_Test/venv/lib/python3.9/site-packages/airflow/example_dags/example_dag_decorator.py
[2025-04-02T17:06:44.261-0400] {processor.py:840} INFO - DAG(s) 'example_dag_decorator' retrieved from /Users/prasenjeet.gadhe/Documents/05. Nokia_PoV/Parallel_Test/venv/lib/python3.9/site-packages/airflow/example_dags/example_dag_decorator.py
[2025-04-02T17:06:44.338-0400] {logging_mixin.py:188} INFO - [2025-04-02T17:06:44.338-0400] {dag.py:3096} INFO - Sync 1 DAGs
[2025-04-02T17:06:44.341-0400] {logging_mixin.py:188} INFO - [2025-04-02T17:06:44.341-0400] {dag.py:3954} INFO - Setting next_dagrun for example_dag_decorator to None, run_after=None
[2025-04-02T17:06:44.347-0400] {processor.py:183} INFO - Processing /Users/prasenjeet.gadhe/Documents/05. Nokia_PoV/Parallel_Test/venv/lib/python3.9/site-packages/airflow/example_dags/example_dag_decorator.py took 0.188 seconds
[2025-04-02T17:08:37.434-0400] {processor.py:161} INFO - Started process (PID=82807) to work on /Users/prasenjeet.gadhe/Documents/05. Nokia_PoV/Parallel_Test/venv/lib/python3.9/site-packages/airflow/example_dags/example_dag_decorator.py
[2025-04-02T17:08:37.436-0400] {processor.py:830} INFO - Processing file /Users/prasenjeet.gadhe/Documents/05. Nokia_PoV/Parallel_Test/venv/lib/python3.9/site-packages/airflow/example_dags/example_dag_decorator.py for tasks to queue
[2025-04-02T17:08:37.436-0400] {logging_mixin.py:188} INFO - [2025-04-02T17:08:37.436-0400] {dagbag.py:540} INFO - Filling up the DagBag from /Users/prasenjeet.gadhe/Documents/05. Nokia_PoV/Parallel_Test/venv/lib/python3.9/site-packages/airflow/example_dags/example_dag_decorator.py
[2025-04-02T17:08:37.533-0400] {processor.py:840} INFO - DAG(s) 'example_dag_decorator' retrieved from /Users/prasenjeet.gadhe/Documents/05. Nokia_PoV/Parallel_Test/venv/lib/python3.9/site-packages/airflow/example_dags/example_dag_decorator.py
[2025-04-02T17:08:37.609-0400] {logging_mixin.py:188} INFO - [2025-04-02T17:08:37.609-0400] {dag.py:3096} INFO - Sync 1 DAGs
[2025-04-02T17:08:37.612-0400] {logging_mixin.py:188} INFO - [2025-04-02T17:08:37.612-0400] {dag.py:3954} INFO - Setting next_dagrun for example_dag_decorator to None, run_after=None
[2025-04-02T17:08:37.619-0400] {processor.py:183} INFO - Processing /Users/prasenjeet.gadhe/Documents/05. Nokia_PoV/Parallel_Test/venv/lib/python3.9/site-packages/airflow/example_dags/example_dag_decorator.py took 0.186 seconds
[2025-04-02T17:10:34.502-0400] {processor.py:161} INFO - Started process (PID=97246) to work on /Users/prasenjeet.gadhe/Documents/05. Nokia_PoV/Parallel_Test/venv/lib/python3.9/site-packages/airflow/example_dags/example_dag_decorator.py
[2025-04-02T17:10:34.504-0400] {processor.py:830} INFO - Processing file /Users/prasenjeet.gadhe/Documents/05. Nokia_PoV/Parallel_Test/venv/lib/python3.9/site-packages/airflow/example_dags/example_dag_decorator.py for tasks to queue
[2025-04-02T17:10:34.504-0400] {logging_mixin.py:188} INFO - [2025-04-02T17:10:34.504-0400] {dagbag.py:540} INFO - Filling up the DagBag from /Users/prasenjeet.gadhe/Documents/05. Nokia_PoV/Parallel_Test/venv/lib/python3.9/site-packages/airflow/example_dags/example_dag_decorator.py
[2025-04-02T17:10:34.603-0400] {processor.py:840} INFO - DAG(s) 'example_dag_decorator' retrieved from /Users/prasenjeet.gadhe/Documents/05. Nokia_PoV/Parallel_Test/venv/lib/python3.9/site-packages/airflow/example_dags/example_dag_decorator.py
[2025-04-02T17:10:34.679-0400] {logging_mixin.py:188} INFO - [2025-04-02T17:10:34.679-0400] {dag.py:3096} INFO - Sync 1 DAGs
[2025-04-02T17:10:34.682-0400] {logging_mixin.py:188} INFO - [2025-04-02T17:10:34.682-0400] {dag.py:3954} INFO - Setting next_dagrun for example_dag_decorator to None, run_after=None
[2025-04-02T17:10:34.688-0400] {processor.py:183} INFO - Processing /Users/prasenjeet.gadhe/Documents/05. Nokia_PoV/Parallel_Test/venv/lib/python3.9/site-packages/airflow/example_dags/example_dag_decorator.py took 0.187 seconds
[2025-04-02T17:12:26.812-0400] {processor.py:161} INFO - Started process (PID=11498) to work on /Users/prasenjeet.gadhe/Documents/05. Nokia_PoV/Parallel_Test/venv/lib/python3.9/site-packages/airflow/example_dags/example_dag_decorator.py
[2025-04-02T17:12:26.813-0400] {processor.py:830} INFO - Processing file /Users/prasenjeet.gadhe/Documents/05. Nokia_PoV/Parallel_Test/venv/lib/python3.9/site-packages/airflow/example_dags/example_dag_decorator.py for tasks to queue
[2025-04-02T17:12:26.814-0400] {logging_mixin.py:188} INFO - [2025-04-02T17:12:26.814-0400] {dagbag.py:540} INFO - Filling up the DagBag from /Users/prasenjeet.gadhe/Documents/05. Nokia_PoV/Parallel_Test/venv/lib/python3.9/site-packages/airflow/example_dags/example_dag_decorator.py
[2025-04-02T17:12:26.918-0400] {processor.py:840} INFO - DAG(s) 'example_dag_decorator' retrieved from /Users/prasenjeet.gadhe/Documents/05. Nokia_PoV/Parallel_Test/venv/lib/python3.9/site-packages/airflow/example_dags/example_dag_decorator.py
[2025-04-02T17:12:26.998-0400] {logging_mixin.py:188} INFO - [2025-04-02T17:12:26.998-0400] {dag.py:3096} INFO - Sync 1 DAGs
[2025-04-02T17:12:27.001-0400] {logging_mixin.py:188} INFO - [2025-04-02T17:12:27.001-0400] {dag.py:3954} INFO - Setting next_dagrun for example_dag_decorator to None, run_after=None
[2025-04-02T17:12:27.008-0400] {processor.py:183} INFO - Processing /Users/prasenjeet.gadhe/Documents/05. Nokia_PoV/Parallel_Test/venv/lib/python3.9/site-packages/airflow/example_dags/example_dag_decorator.py took 0.197 seconds
