[2025-04-02T16:38:41.375-0400] {processor.py:161} INFO - Started process (PID=60206) to work on /Users/prasenjeet.gadhe/Documents/05. Nokia_PoV/Parallel_Test/venv/lib/python3.9/site-packages/airflow/example_dags/example_trigger_target_dag.py
[2025-04-02T16:38:41.376-0400] {processor.py:830} INFO - Processing file /Users/prasenjeet.gadhe/Documents/05. Nokia_PoV/Parallel_Test/venv/lib/python3.9/site-packages/airflow/example_dags/example_trigger_target_dag.py for tasks to queue
[2025-04-02T16:38:41.376-0400] {logging_mixin.py:188} INFO - [2025-04-02T16:38:41.376-0400] {dagbag.py:540} INFO - Filling up the DagBag from /Users/prasenjeet.gadhe/Documents/05. Nokia_PoV/Parallel_Test/venv/lib/python3.9/site-packages/airflow/example_dags/example_trigger_target_dag.py
[2025-04-02T16:38:41.391-0400] {processor.py:840} INFO - DAG(s) 'example_trigger_target_dag' retrieved from /Users/prasenjeet.gadhe/Documents/05. Nokia_PoV/Parallel_Test/venv/lib/python3.9/site-packages/airflow/example_dags/example_trigger_target_dag.py
[2025-04-02T16:38:41.477-0400] {logging_mixin.py:188} INFO - [2025-04-02T16:38:41.476-0400] {override.py:1829} INFO - Created Permission View: can edit on DAG:example_trigger_target_dag
[2025-04-02T16:38:41.479-0400] {logging_mixin.py:188} INFO - [2025-04-02T16:38:41.479-0400] {override.py:1829} INFO - Created Permission View: can read on DAG:example_trigger_target_dag
[2025-04-02T16:38:41.481-0400] {logging_mixin.py:188} INFO - [2025-04-02T16:38:41.481-0400] {override.py:1829} INFO - Created Permission View: can delete on DAG:example_trigger_target_dag
[2025-04-02T16:38:41.481-0400] {logging_mixin.py:188} INFO - [2025-04-02T16:38:41.481-0400] {dag.py:3096} INFO - Sync 1 DAGs
[2025-04-02T16:38:41.485-0400] {logging_mixin.py:188} INFO - [2025-04-02T16:38:41.485-0400] {dag.py:3118} INFO - Creating ORM DAG for example_trigger_target_dag
[2025-04-02T16:38:41.485-0400] {logging_mixin.py:188} INFO - [2025-04-02T16:38:41.485-0400] {dag.py:3954} INFO - Setting next_dagrun for example_trigger_target_dag to None, run_after=None
[2025-04-02T16:38:41.490-0400] {processor.py:183} INFO - Processing /Users/prasenjeet.gadhe/Documents/05. Nokia_PoV/Parallel_Test/venv/lib/python3.9/site-packages/airflow/example_dags/example_trigger_target_dag.py took 0.116 seconds
[2025-04-02T16:39:24.044-0400] {processor.py:161} INFO - Started process (PID=65469) to work on /Users/prasenjeet.gadhe/Documents/05. Nokia_PoV/Parallel_Test/venv/lib/python3.9/site-packages/airflow/example_dags/example_trigger_target_dag.py
[2025-04-02T16:39:24.045-0400] {processor.py:830} INFO - Processing file /Users/prasenjeet.gadhe/Documents/05. Nokia_PoV/Parallel_Test/venv/lib/python3.9/site-packages/airflow/example_dags/example_trigger_target_dag.py for tasks to queue
[2025-04-02T16:39:24.046-0400] {logging_mixin.py:188} INFO - [2025-04-02T16:39:24.046-0400] {dagbag.py:540} INFO - Filling up the DagBag from /Users/prasenjeet.gadhe/Documents/05. Nokia_PoV/Parallel_Test/venv/lib/python3.9/site-packages/airflow/example_dags/example_trigger_target_dag.py
[2025-04-02T16:39:24.062-0400] {processor.py:840} INFO - DAG(s) 'example_trigger_target_dag' retrieved from /Users/prasenjeet.gadhe/Documents/05. Nokia_PoV/Parallel_Test/venv/lib/python3.9/site-packages/airflow/example_dags/example_trigger_target_dag.py
[2025-04-02T16:39:24.120-0400] {logging_mixin.py:188} INFO - [2025-04-02T16:39:24.120-0400] {dag.py:3096} INFO - Sync 1 DAGs
[2025-04-02T16:39:24.123-0400] {logging_mixin.py:188} INFO - [2025-04-02T16:39:24.123-0400] {dag.py:3954} INFO - Setting next_dagrun for example_trigger_target_dag to None, run_after=None
[2025-04-02T16:39:24.130-0400] {processor.py:183} INFO - Processing /Users/prasenjeet.gadhe/Documents/05. Nokia_PoV/Parallel_Test/venv/lib/python3.9/site-packages/airflow/example_dags/example_trigger_target_dag.py took 0.087 seconds
[2025-04-02T16:40:52.275-0400] {processor.py:161} INFO - Started process (PID=76519) to work on /Users/prasenjeet.gadhe/Documents/05. Nokia_PoV/Parallel_Test/venv/lib/python3.9/site-packages/airflow/example_dags/example_trigger_target_dag.py
[2025-04-02T16:40:52.276-0400] {processor.py:830} INFO - Processing file /Users/prasenjeet.gadhe/Documents/05. Nokia_PoV/Parallel_Test/venv/lib/python3.9/site-packages/airflow/example_dags/example_trigger_target_dag.py for tasks to queue
[2025-04-02T16:40:52.276-0400] {logging_mixin.py:188} INFO - [2025-04-02T16:40:52.276-0400] {dagbag.py:540} INFO - Filling up the DagBag from /Users/prasenjeet.gadhe/Documents/05. Nokia_PoV/Parallel_Test/venv/lib/python3.9/site-packages/airflow/example_dags/example_trigger_target_dag.py
[2025-04-02T16:40:52.290-0400] {processor.py:840} INFO - DAG(s) 'example_trigger_target_dag' retrieved from /Users/prasenjeet.gadhe/Documents/05. Nokia_PoV/Parallel_Test/venv/lib/python3.9/site-packages/airflow/example_dags/example_trigger_target_dag.py
[2025-04-02T16:40:52.345-0400] {logging_mixin.py:188} INFO - [2025-04-02T16:40:52.344-0400] {dag.py:3096} INFO - Sync 1 DAGs
[2025-04-02T16:40:52.348-0400] {logging_mixin.py:188} INFO - [2025-04-02T16:40:52.348-0400] {dag.py:3954} INFO - Setting next_dagrun for example_trigger_target_dag to None, run_after=None
[2025-04-02T16:40:52.355-0400] {processor.py:183} INFO - Processing /Users/prasenjeet.gadhe/Documents/05. Nokia_PoV/Parallel_Test/venv/lib/python3.9/site-packages/airflow/example_dags/example_trigger_target_dag.py took 0.081 seconds
[2025-04-02T16:41:50.380-0400] {processor.py:161} INFO - Started process (PID=83782) to work on /Users/prasenjeet.gadhe/Documents/05. Nokia_PoV/Parallel_Test/venv/lib/python3.9/site-packages/airflow/example_dags/example_trigger_target_dag.py
[2025-04-02T16:41:50.382-0400] {processor.py:830} INFO - Processing file /Users/prasenjeet.gadhe/Documents/05. Nokia_PoV/Parallel_Test/venv/lib/python3.9/site-packages/airflow/example_dags/example_trigger_target_dag.py for tasks to queue
[2025-04-02T16:41:50.382-0400] {logging_mixin.py:188} INFO - [2025-04-02T16:41:50.382-0400] {dagbag.py:540} INFO - Filling up the DagBag from /Users/prasenjeet.gadhe/Documents/05. Nokia_PoV/Parallel_Test/venv/lib/python3.9/site-packages/airflow/example_dags/example_trigger_target_dag.py
[2025-04-02T16:41:50.397-0400] {processor.py:840} INFO - DAG(s) 'example_trigger_target_dag' retrieved from /Users/prasenjeet.gadhe/Documents/05. Nokia_PoV/Parallel_Test/venv/lib/python3.9/site-packages/airflow/example_dags/example_trigger_target_dag.py
[2025-04-02T16:41:50.452-0400] {logging_mixin.py:188} INFO - [2025-04-02T16:41:50.452-0400] {dag.py:3096} INFO - Sync 1 DAGs
[2025-04-02T16:41:50.455-0400] {logging_mixin.py:188} INFO - [2025-04-02T16:41:50.455-0400] {dag.py:3954} INFO - Setting next_dagrun for example_trigger_target_dag to None, run_after=None
[2025-04-02T16:41:50.462-0400] {processor.py:183} INFO - Processing /Users/prasenjeet.gadhe/Documents/05. Nokia_PoV/Parallel_Test/venv/lib/python3.9/site-packages/airflow/example_dags/example_trigger_target_dag.py took 0.082 seconds
[2025-04-02T16:42:48.701-0400] {processor.py:161} INFO - Started process (PID=90999) to work on /Users/prasenjeet.gadhe/Documents/05. Nokia_PoV/Parallel_Test/venv/lib/python3.9/site-packages/airflow/example_dags/example_trigger_target_dag.py
[2025-04-02T16:42:48.703-0400] {processor.py:830} INFO - Processing file /Users/prasenjeet.gadhe/Documents/05. Nokia_PoV/Parallel_Test/venv/lib/python3.9/site-packages/airflow/example_dags/example_trigger_target_dag.py for tasks to queue
[2025-04-02T16:42:48.703-0400] {logging_mixin.py:188} INFO - [2025-04-02T16:42:48.703-0400] {dagbag.py:540} INFO - Filling up the DagBag from /Users/prasenjeet.gadhe/Documents/05. Nokia_PoV/Parallel_Test/venv/lib/python3.9/site-packages/airflow/example_dags/example_trigger_target_dag.py
[2025-04-02T16:42:48.720-0400] {processor.py:840} INFO - DAG(s) 'example_trigger_target_dag' retrieved from /Users/prasenjeet.gadhe/Documents/05. Nokia_PoV/Parallel_Test/venv/lib/python3.9/site-packages/airflow/example_dags/example_trigger_target_dag.py
[2025-04-02T16:42:48.778-0400] {logging_mixin.py:188} INFO - [2025-04-02T16:42:48.778-0400] {dag.py:3096} INFO - Sync 1 DAGs
[2025-04-02T16:42:48.781-0400] {logging_mixin.py:188} INFO - [2025-04-02T16:42:48.781-0400] {dag.py:3954} INFO - Setting next_dagrun for example_trigger_target_dag to None, run_after=None
[2025-04-02T16:42:48.788-0400] {processor.py:183} INFO - Processing /Users/prasenjeet.gadhe/Documents/05. Nokia_PoV/Parallel_Test/venv/lib/python3.9/site-packages/airflow/example_dags/example_trigger_target_dag.py took 0.088 seconds
[2025-04-02T16:43:45.034-0400] {processor.py:161} INFO - Started process (PID=97927) to work on /Users/prasenjeet.gadhe/Documents/05. Nokia_PoV/Parallel_Test/venv/lib/python3.9/site-packages/airflow/example_dags/example_trigger_target_dag.py
[2025-04-02T16:43:45.036-0400] {processor.py:830} INFO - Processing file /Users/prasenjeet.gadhe/Documents/05. Nokia_PoV/Parallel_Test/venv/lib/python3.9/site-packages/airflow/example_dags/example_trigger_target_dag.py for tasks to queue
[2025-04-02T16:43:45.036-0400] {logging_mixin.py:188} INFO - [2025-04-02T16:43:45.036-0400] {dagbag.py:540} INFO - Filling up the DagBag from /Users/prasenjeet.gadhe/Documents/05. Nokia_PoV/Parallel_Test/venv/lib/python3.9/site-packages/airflow/example_dags/example_trigger_target_dag.py
[2025-04-02T16:43:45.051-0400] {processor.py:840} INFO - DAG(s) 'example_trigger_target_dag' retrieved from /Users/prasenjeet.gadhe/Documents/05. Nokia_PoV/Parallel_Test/venv/lib/python3.9/site-packages/airflow/example_dags/example_trigger_target_dag.py
[2025-04-02T16:43:45.110-0400] {logging_mixin.py:188} INFO - [2025-04-02T16:43:45.109-0400] {dag.py:3096} INFO - Sync 1 DAGs
[2025-04-02T16:43:45.113-0400] {logging_mixin.py:188} INFO - [2025-04-02T16:43:45.113-0400] {dag.py:3954} INFO - Setting next_dagrun for example_trigger_target_dag to None, run_after=None
[2025-04-02T16:43:45.120-0400] {processor.py:183} INFO - Processing /Users/prasenjeet.gadhe/Documents/05. Nokia_PoV/Parallel_Test/venv/lib/python3.9/site-packages/airflow/example_dags/example_trigger_target_dag.py took 0.086 seconds
[2025-04-02T16:45:44.977-0400] {processor.py:161} INFO - Started process (PID=13133) to work on /Users/prasenjeet.gadhe/Documents/05. Nokia_PoV/Parallel_Test/venv/lib/python3.9/site-packages/airflow/example_dags/example_trigger_target_dag.py
[2025-04-02T16:45:44.978-0400] {processor.py:830} INFO - Processing file /Users/prasenjeet.gadhe/Documents/05. Nokia_PoV/Parallel_Test/venv/lib/python3.9/site-packages/airflow/example_dags/example_trigger_target_dag.py for tasks to queue
[2025-04-02T16:45:44.978-0400] {logging_mixin.py:188} INFO - [2025-04-02T16:45:44.978-0400] {dagbag.py:540} INFO - Filling up the DagBag from /Users/prasenjeet.gadhe/Documents/05. Nokia_PoV/Parallel_Test/venv/lib/python3.9/site-packages/airflow/example_dags/example_trigger_target_dag.py
[2025-04-02T16:45:44.994-0400] {processor.py:840} INFO - DAG(s) 'example_trigger_target_dag' retrieved from /Users/prasenjeet.gadhe/Documents/05. Nokia_PoV/Parallel_Test/venv/lib/python3.9/site-packages/airflow/example_dags/example_trigger_target_dag.py
[2025-04-02T16:45:45.051-0400] {logging_mixin.py:188} INFO - [2025-04-02T16:45:45.051-0400] {dag.py:3096} INFO - Sync 1 DAGs
[2025-04-02T16:45:45.055-0400] {logging_mixin.py:188} INFO - [2025-04-02T16:45:45.055-0400] {dag.py:3954} INFO - Setting next_dagrun for example_trigger_target_dag to None, run_after=None
[2025-04-02T16:45:45.061-0400] {processor.py:183} INFO - Processing /Users/prasenjeet.gadhe/Documents/05. Nokia_PoV/Parallel_Test/venv/lib/python3.9/site-packages/airflow/example_dags/example_trigger_target_dag.py took 0.086 seconds
[2025-04-02T16:47:13.233-0400] {processor.py:161} INFO - Started process (PID=24129) to work on /Users/prasenjeet.gadhe/Documents/05. Nokia_PoV/Parallel_Test/venv/lib/python3.9/site-packages/airflow/example_dags/example_trigger_target_dag.py
[2025-04-02T16:47:13.234-0400] {processor.py:830} INFO - Processing file /Users/prasenjeet.gadhe/Documents/05. Nokia_PoV/Parallel_Test/venv/lib/python3.9/site-packages/airflow/example_dags/example_trigger_target_dag.py for tasks to queue
[2025-04-02T16:47:13.235-0400] {logging_mixin.py:188} INFO - [2025-04-02T16:47:13.235-0400] {dagbag.py:540} INFO - Filling up the DagBag from /Users/prasenjeet.gadhe/Documents/05. Nokia_PoV/Parallel_Test/venv/lib/python3.9/site-packages/airflow/example_dags/example_trigger_target_dag.py
[2025-04-02T16:47:13.251-0400] {processor.py:840} INFO - DAG(s) 'example_trigger_target_dag' retrieved from /Users/prasenjeet.gadhe/Documents/05. Nokia_PoV/Parallel_Test/venv/lib/python3.9/site-packages/airflow/example_dags/example_trigger_target_dag.py
[2025-04-02T16:47:13.308-0400] {logging_mixin.py:188} INFO - [2025-04-02T16:47:13.307-0400] {dag.py:3096} INFO - Sync 1 DAGs
[2025-04-02T16:47:13.311-0400] {logging_mixin.py:188} INFO - [2025-04-02T16:47:13.311-0400] {dag.py:3954} INFO - Setting next_dagrun for example_trigger_target_dag to None, run_after=None
[2025-04-02T16:47:13.317-0400] {processor.py:183} INFO - Processing /Users/prasenjeet.gadhe/Documents/05. Nokia_PoV/Parallel_Test/venv/lib/python3.9/site-packages/airflow/example_dags/example_trigger_target_dag.py took 0.086 seconds
[2025-04-02T16:48:12.641-0400] {processor.py:161} INFO - Started process (PID=31465) to work on /Users/prasenjeet.gadhe/Documents/05. Nokia_PoV/Parallel_Test/venv/lib/python3.9/site-packages/airflow/example_dags/example_trigger_target_dag.py
[2025-04-02T16:48:12.642-0400] {processor.py:830} INFO - Processing file /Users/prasenjeet.gadhe/Documents/05. Nokia_PoV/Parallel_Test/venv/lib/python3.9/site-packages/airflow/example_dags/example_trigger_target_dag.py for tasks to queue
[2025-04-02T16:48:12.643-0400] {logging_mixin.py:188} INFO - [2025-04-02T16:48:12.642-0400] {dagbag.py:540} INFO - Filling up the DagBag from /Users/prasenjeet.gadhe/Documents/05. Nokia_PoV/Parallel_Test/venv/lib/python3.9/site-packages/airflow/example_dags/example_trigger_target_dag.py
[2025-04-02T16:48:12.656-0400] {processor.py:840} INFO - DAG(s) 'example_trigger_target_dag' retrieved from /Users/prasenjeet.gadhe/Documents/05. Nokia_PoV/Parallel_Test/venv/lib/python3.9/site-packages/airflow/example_dags/example_trigger_target_dag.py
[2025-04-02T16:48:12.708-0400] {logging_mixin.py:188} INFO - [2025-04-02T16:48:12.708-0400] {dag.py:3096} INFO - Sync 1 DAGs
[2025-04-02T16:48:12.711-0400] {logging_mixin.py:188} INFO - [2025-04-02T16:48:12.711-0400] {dag.py:3954} INFO - Setting next_dagrun for example_trigger_target_dag to None, run_after=None
[2025-04-02T16:48:12.718-0400] {processor.py:183} INFO - Processing /Users/prasenjeet.gadhe/Documents/05. Nokia_PoV/Parallel_Test/venv/lib/python3.9/site-packages/airflow/example_dags/example_trigger_target_dag.py took 0.078 seconds
[2025-04-02T16:49:09.632-0400] {processor.py:161} INFO - Started process (PID=38517) to work on /Users/prasenjeet.gadhe/Documents/05. Nokia_PoV/Parallel_Test/venv/lib/python3.9/site-packages/airflow/example_dags/example_trigger_target_dag.py
[2025-04-02T16:49:09.633-0400] {processor.py:830} INFO - Processing file /Users/prasenjeet.gadhe/Documents/05. Nokia_PoV/Parallel_Test/venv/lib/python3.9/site-packages/airflow/example_dags/example_trigger_target_dag.py for tasks to queue
[2025-04-02T16:49:09.633-0400] {logging_mixin.py:188} INFO - [2025-04-02T16:49:09.633-0400] {dagbag.py:540} INFO - Filling up the DagBag from /Users/prasenjeet.gadhe/Documents/05. Nokia_PoV/Parallel_Test/venv/lib/python3.9/site-packages/airflow/example_dags/example_trigger_target_dag.py
[2025-04-02T16:49:09.648-0400] {processor.py:840} INFO - DAG(s) 'example_trigger_target_dag' retrieved from /Users/prasenjeet.gadhe/Documents/05. Nokia_PoV/Parallel_Test/venv/lib/python3.9/site-packages/airflow/example_dags/example_trigger_target_dag.py
[2025-04-02T16:49:09.702-0400] {logging_mixin.py:188} INFO - [2025-04-02T16:49:09.702-0400] {dag.py:3096} INFO - Sync 1 DAGs
[2025-04-02T16:49:09.705-0400] {logging_mixin.py:188} INFO - [2025-04-02T16:49:09.705-0400] {dag.py:3954} INFO - Setting next_dagrun for example_trigger_target_dag to None, run_after=None
[2025-04-02T16:49:09.713-0400] {processor.py:183} INFO - Processing /Users/prasenjeet.gadhe/Documents/05. Nokia_PoV/Parallel_Test/venv/lib/python3.9/site-packages/airflow/example_dags/example_trigger_target_dag.py took 0.082 seconds
[2025-04-02T16:50:55.871-0400] {processor.py:161} INFO - Started process (PID=51679) to work on /Users/prasenjeet.gadhe/Documents/05. Nokia_PoV/Parallel_Test/venv/lib/python3.9/site-packages/airflow/example_dags/example_trigger_target_dag.py
[2025-04-02T16:50:55.873-0400] {processor.py:830} INFO - Processing file /Users/prasenjeet.gadhe/Documents/05. Nokia_PoV/Parallel_Test/venv/lib/python3.9/site-packages/airflow/example_dags/example_trigger_target_dag.py for tasks to queue
[2025-04-02T16:50:55.873-0400] {logging_mixin.py:188} INFO - [2025-04-02T16:50:55.873-0400] {dagbag.py:540} INFO - Filling up the DagBag from /Users/prasenjeet.gadhe/Documents/05. Nokia_PoV/Parallel_Test/venv/lib/python3.9/site-packages/airflow/example_dags/example_trigger_target_dag.py
[2025-04-02T16:50:55.888-0400] {processor.py:840} INFO - DAG(s) 'example_trigger_target_dag' retrieved from /Users/prasenjeet.gadhe/Documents/05. Nokia_PoV/Parallel_Test/venv/lib/python3.9/site-packages/airflow/example_dags/example_trigger_target_dag.py
[2025-04-02T16:50:55.944-0400] {logging_mixin.py:188} INFO - [2025-04-02T16:50:55.944-0400] {dag.py:3096} INFO - Sync 1 DAGs
[2025-04-02T16:50:55.947-0400] {logging_mixin.py:188} INFO - [2025-04-02T16:50:55.947-0400] {dag.py:3954} INFO - Setting next_dagrun for example_trigger_target_dag to None, run_after=None
[2025-04-02T16:50:55.955-0400] {processor.py:183} INFO - Processing /Users/prasenjeet.gadhe/Documents/05. Nokia_PoV/Parallel_Test/venv/lib/python3.9/site-packages/airflow/example_dags/example_trigger_target_dag.py took 0.084 seconds
[2025-04-02T16:52:26.605-0400] {processor.py:161} INFO - Started process (PID=62872) to work on /Users/prasenjeet.gadhe/Documents/05. Nokia_PoV/Parallel_Test/venv/lib/python3.9/site-packages/airflow/example_dags/example_trigger_target_dag.py
[2025-04-02T16:52:26.606-0400] {processor.py:830} INFO - Processing file /Users/prasenjeet.gadhe/Documents/05. Nokia_PoV/Parallel_Test/venv/lib/python3.9/site-packages/airflow/example_dags/example_trigger_target_dag.py for tasks to queue
[2025-04-02T16:52:26.606-0400] {logging_mixin.py:188} INFO - [2025-04-02T16:52:26.606-0400] {dagbag.py:540} INFO - Filling up the DagBag from /Users/prasenjeet.gadhe/Documents/05. Nokia_PoV/Parallel_Test/venv/lib/python3.9/site-packages/airflow/example_dags/example_trigger_target_dag.py
[2025-04-02T16:52:26.622-0400] {processor.py:840} INFO - DAG(s) 'example_trigger_target_dag' retrieved from /Users/prasenjeet.gadhe/Documents/05. Nokia_PoV/Parallel_Test/venv/lib/python3.9/site-packages/airflow/example_dags/example_trigger_target_dag.py
[2025-04-02T16:52:26.679-0400] {logging_mixin.py:188} INFO - [2025-04-02T16:52:26.679-0400] {dag.py:3096} INFO - Sync 1 DAGs
[2025-04-02T16:52:26.683-0400] {logging_mixin.py:188} INFO - [2025-04-02T16:52:26.683-0400] {dag.py:3954} INFO - Setting next_dagrun for example_trigger_target_dag to None, run_after=None
[2025-04-02T16:52:26.689-0400] {processor.py:183} INFO - Processing /Users/prasenjeet.gadhe/Documents/05. Nokia_PoV/Parallel_Test/venv/lib/python3.9/site-packages/airflow/example_dags/example_trigger_target_dag.py took 0.086 seconds
[2025-04-02T16:53:22.683-0400] {processor.py:161} INFO - Started process (PID=69789) to work on /Users/prasenjeet.gadhe/Documents/05. Nokia_PoV/Parallel_Test/venv/lib/python3.9/site-packages/airflow/example_dags/example_trigger_target_dag.py
[2025-04-02T16:53:22.684-0400] {processor.py:830} INFO - Processing file /Users/prasenjeet.gadhe/Documents/05. Nokia_PoV/Parallel_Test/venv/lib/python3.9/site-packages/airflow/example_dags/example_trigger_target_dag.py for tasks to queue
[2025-04-02T16:53:22.685-0400] {logging_mixin.py:188} INFO - [2025-04-02T16:53:22.684-0400] {dagbag.py:540} INFO - Filling up the DagBag from /Users/prasenjeet.gadhe/Documents/05. Nokia_PoV/Parallel_Test/venv/lib/python3.9/site-packages/airflow/example_dags/example_trigger_target_dag.py
[2025-04-02T16:53:22.698-0400] {processor.py:840} INFO - DAG(s) 'example_trigger_target_dag' retrieved from /Users/prasenjeet.gadhe/Documents/05. Nokia_PoV/Parallel_Test/venv/lib/python3.9/site-packages/airflow/example_dags/example_trigger_target_dag.py
[2025-04-02T16:53:22.750-0400] {logging_mixin.py:188} INFO - [2025-04-02T16:53:22.749-0400] {dag.py:3096} INFO - Sync 1 DAGs
[2025-04-02T16:53:22.753-0400] {logging_mixin.py:188} INFO - [2025-04-02T16:53:22.753-0400] {dag.py:3954} INFO - Setting next_dagrun for example_trigger_target_dag to None, run_after=None
[2025-04-02T16:53:22.759-0400] {processor.py:183} INFO - Processing /Users/prasenjeet.gadhe/Documents/05. Nokia_PoV/Parallel_Test/venv/lib/python3.9/site-packages/airflow/example_dags/example_trigger_target_dag.py took 0.078 seconds
[2025-04-02T16:54:16.564-0400] {processor.py:161} INFO - Started process (PID=76504) to work on /Users/prasenjeet.gadhe/Documents/05. Nokia_PoV/Parallel_Test/venv/lib/python3.9/site-packages/airflow/example_dags/example_trigger_target_dag.py
[2025-04-02T16:54:16.566-0400] {processor.py:830} INFO - Processing file /Users/prasenjeet.gadhe/Documents/05. Nokia_PoV/Parallel_Test/venv/lib/python3.9/site-packages/airflow/example_dags/example_trigger_target_dag.py for tasks to queue
[2025-04-02T16:54:16.566-0400] {logging_mixin.py:188} INFO - [2025-04-02T16:54:16.566-0400] {dagbag.py:540} INFO - Filling up the DagBag from /Users/prasenjeet.gadhe/Documents/05. Nokia_PoV/Parallel_Test/venv/lib/python3.9/site-packages/airflow/example_dags/example_trigger_target_dag.py
[2025-04-02T16:54:16.581-0400] {processor.py:840} INFO - DAG(s) 'example_trigger_target_dag' retrieved from /Users/prasenjeet.gadhe/Documents/05. Nokia_PoV/Parallel_Test/venv/lib/python3.9/site-packages/airflow/example_dags/example_trigger_target_dag.py
[2025-04-02T16:54:16.637-0400] {logging_mixin.py:188} INFO - [2025-04-02T16:54:16.637-0400] {dag.py:3096} INFO - Sync 1 DAGs
[2025-04-02T16:54:16.640-0400] {logging_mixin.py:188} INFO - [2025-04-02T16:54:16.640-0400] {dag.py:3954} INFO - Setting next_dagrun for example_trigger_target_dag to None, run_after=None
[2025-04-02T16:54:16.647-0400] {processor.py:183} INFO - Processing /Users/prasenjeet.gadhe/Documents/05. Nokia_PoV/Parallel_Test/venv/lib/python3.9/site-packages/airflow/example_dags/example_trigger_target_dag.py took 0.083 seconds
[2025-04-02T16:55:13.385-0400] {processor.py:161} INFO - Started process (PID=83533) to work on /Users/prasenjeet.gadhe/Documents/05. Nokia_PoV/Parallel_Test/venv/lib/python3.9/site-packages/airflow/example_dags/example_trigger_target_dag.py
[2025-04-02T16:55:13.386-0400] {processor.py:830} INFO - Processing file /Users/prasenjeet.gadhe/Documents/05. Nokia_PoV/Parallel_Test/venv/lib/python3.9/site-packages/airflow/example_dags/example_trigger_target_dag.py for tasks to queue
[2025-04-02T16:55:13.386-0400] {logging_mixin.py:188} INFO - [2025-04-02T16:55:13.386-0400] {dagbag.py:540} INFO - Filling up the DagBag from /Users/prasenjeet.gadhe/Documents/05. Nokia_PoV/Parallel_Test/venv/lib/python3.9/site-packages/airflow/example_dags/example_trigger_target_dag.py
[2025-04-02T16:55:13.401-0400] {processor.py:840} INFO - DAG(s) 'example_trigger_target_dag' retrieved from /Users/prasenjeet.gadhe/Documents/05. Nokia_PoV/Parallel_Test/venv/lib/python3.9/site-packages/airflow/example_dags/example_trigger_target_dag.py
[2025-04-02T16:55:13.459-0400] {logging_mixin.py:188} INFO - [2025-04-02T16:55:13.459-0400] {dag.py:3096} INFO - Sync 1 DAGs
[2025-04-02T16:55:13.462-0400] {logging_mixin.py:188} INFO - [2025-04-02T16:55:13.462-0400] {dag.py:3954} INFO - Setting next_dagrun for example_trigger_target_dag to None, run_after=None
[2025-04-02T16:55:13.469-0400] {processor.py:183} INFO - Processing /Users/prasenjeet.gadhe/Documents/05. Nokia_PoV/Parallel_Test/venv/lib/python3.9/site-packages/airflow/example_dags/example_trigger_target_dag.py took 0.085 seconds
[2025-04-02T16:56:12.274-0400] {processor.py:161} INFO - Started process (PID=90934) to work on /Users/prasenjeet.gadhe/Documents/05. Nokia_PoV/Parallel_Test/venv/lib/python3.9/site-packages/airflow/example_dags/example_trigger_target_dag.py
[2025-04-02T16:56:12.275-0400] {processor.py:830} INFO - Processing file /Users/prasenjeet.gadhe/Documents/05. Nokia_PoV/Parallel_Test/venv/lib/python3.9/site-packages/airflow/example_dags/example_trigger_target_dag.py for tasks to queue
[2025-04-02T16:56:12.275-0400] {logging_mixin.py:188} INFO - [2025-04-02T16:56:12.275-0400] {dagbag.py:540} INFO - Filling up the DagBag from /Users/prasenjeet.gadhe/Documents/05. Nokia_PoV/Parallel_Test/venv/lib/python3.9/site-packages/airflow/example_dags/example_trigger_target_dag.py
[2025-04-02T16:56:12.289-0400] {processor.py:840} INFO - DAG(s) 'example_trigger_target_dag' retrieved from /Users/prasenjeet.gadhe/Documents/05. Nokia_PoV/Parallel_Test/venv/lib/python3.9/site-packages/airflow/example_dags/example_trigger_target_dag.py
[2025-04-02T16:56:12.346-0400] {logging_mixin.py:188} INFO - [2025-04-02T16:56:12.346-0400] {dag.py:3096} INFO - Sync 1 DAGs
[2025-04-02T16:56:12.350-0400] {logging_mixin.py:188} INFO - [2025-04-02T16:56:12.349-0400] {dag.py:3954} INFO - Setting next_dagrun for example_trigger_target_dag to None, run_after=None
[2025-04-02T16:56:12.356-0400] {processor.py:183} INFO - Processing /Users/prasenjeet.gadhe/Documents/05. Nokia_PoV/Parallel_Test/venv/lib/python3.9/site-packages/airflow/example_dags/example_trigger_target_dag.py took 0.084 seconds
[2025-04-02T16:57:09.497-0400] {processor.py:161} INFO - Started process (PID=97866) to work on /Users/prasenjeet.gadhe/Documents/05. Nokia_PoV/Parallel_Test/venv/lib/python3.9/site-packages/airflow/example_dags/example_trigger_target_dag.py
[2025-04-02T16:57:09.498-0400] {processor.py:830} INFO - Processing file /Users/prasenjeet.gadhe/Documents/05. Nokia_PoV/Parallel_Test/venv/lib/python3.9/site-packages/airflow/example_dags/example_trigger_target_dag.py for tasks to queue
[2025-04-02T16:57:09.499-0400] {logging_mixin.py:188} INFO - [2025-04-02T16:57:09.499-0400] {dagbag.py:540} INFO - Filling up the DagBag from /Users/prasenjeet.gadhe/Documents/05. Nokia_PoV/Parallel_Test/venv/lib/python3.9/site-packages/airflow/example_dags/example_trigger_target_dag.py
[2025-04-02T16:57:09.513-0400] {processor.py:840} INFO - DAG(s) 'example_trigger_target_dag' retrieved from /Users/prasenjeet.gadhe/Documents/05. Nokia_PoV/Parallel_Test/venv/lib/python3.9/site-packages/airflow/example_dags/example_trigger_target_dag.py
[2025-04-02T16:57:09.567-0400] {logging_mixin.py:188} INFO - [2025-04-02T16:57:09.566-0400] {dag.py:3096} INFO - Sync 1 DAGs
[2025-04-02T16:57:09.570-0400] {logging_mixin.py:188} INFO - [2025-04-02T16:57:09.570-0400] {dag.py:3954} INFO - Setting next_dagrun for example_trigger_target_dag to None, run_after=None
[2025-04-02T16:57:09.576-0400] {processor.py:183} INFO - Processing /Users/prasenjeet.gadhe/Documents/05. Nokia_PoV/Parallel_Test/venv/lib/python3.9/site-packages/airflow/example_dags/example_trigger_target_dag.py took 0.080 seconds
[2025-04-02T16:58:04.875-0400] {processor.py:161} INFO - Started process (PID=5023) to work on /Users/prasenjeet.gadhe/Documents/05. Nokia_PoV/Parallel_Test/venv/lib/python3.9/site-packages/airflow/example_dags/example_trigger_target_dag.py
[2025-04-02T16:58:04.877-0400] {processor.py:830} INFO - Processing file /Users/prasenjeet.gadhe/Documents/05. Nokia_PoV/Parallel_Test/venv/lib/python3.9/site-packages/airflow/example_dags/example_trigger_target_dag.py for tasks to queue
[2025-04-02T16:58:04.877-0400] {logging_mixin.py:188} INFO - [2025-04-02T16:58:04.877-0400] {dagbag.py:540} INFO - Filling up the DagBag from /Users/prasenjeet.gadhe/Documents/05. Nokia_PoV/Parallel_Test/venv/lib/python3.9/site-packages/airflow/example_dags/example_trigger_target_dag.py
[2025-04-02T16:58:04.891-0400] {processor.py:840} INFO - DAG(s) 'example_trigger_target_dag' retrieved from /Users/prasenjeet.gadhe/Documents/05. Nokia_PoV/Parallel_Test/venv/lib/python3.9/site-packages/airflow/example_dags/example_trigger_target_dag.py
[2025-04-02T16:58:04.945-0400] {logging_mixin.py:188} INFO - [2025-04-02T16:58:04.945-0400] {dag.py:3096} INFO - Sync 1 DAGs
[2025-04-02T16:58:04.948-0400] {logging_mixin.py:188} INFO - [2025-04-02T16:58:04.948-0400] {dag.py:3954} INFO - Setting next_dagrun for example_trigger_target_dag to None, run_after=None
[2025-04-02T16:58:04.955-0400] {processor.py:183} INFO - Processing /Users/prasenjeet.gadhe/Documents/05. Nokia_PoV/Parallel_Test/venv/lib/python3.9/site-packages/airflow/example_dags/example_trigger_target_dag.py took 0.081 seconds
[2025-04-02T16:59:01.645-0400] {processor.py:161} INFO - Started process (PID=12017) to work on /Users/prasenjeet.gadhe/Documents/05. Nokia_PoV/Parallel_Test/venv/lib/python3.9/site-packages/airflow/example_dags/example_trigger_target_dag.py
[2025-04-02T16:59:01.647-0400] {processor.py:830} INFO - Processing file /Users/prasenjeet.gadhe/Documents/05. Nokia_PoV/Parallel_Test/venv/lib/python3.9/site-packages/airflow/example_dags/example_trigger_target_dag.py for tasks to queue
[2025-04-02T16:59:01.647-0400] {logging_mixin.py:188} INFO - [2025-04-02T16:59:01.647-0400] {dagbag.py:540} INFO - Filling up the DagBag from /Users/prasenjeet.gadhe/Documents/05. Nokia_PoV/Parallel_Test/venv/lib/python3.9/site-packages/airflow/example_dags/example_trigger_target_dag.py
[2025-04-02T16:59:01.662-0400] {processor.py:840} INFO - DAG(s) 'example_trigger_target_dag' retrieved from /Users/prasenjeet.gadhe/Documents/05. Nokia_PoV/Parallel_Test/venv/lib/python3.9/site-packages/airflow/example_dags/example_trigger_target_dag.py
[2025-04-02T16:59:01.727-0400] {logging_mixin.py:188} INFO - [2025-04-02T16:59:01.727-0400] {dag.py:3096} INFO - Sync 1 DAGs
[2025-04-02T16:59:01.731-0400] {logging_mixin.py:188} INFO - [2025-04-02T16:59:01.731-0400] {dag.py:3954} INFO - Setting next_dagrun for example_trigger_target_dag to None, run_after=None
[2025-04-02T16:59:01.738-0400] {processor.py:183} INFO - Processing /Users/prasenjeet.gadhe/Documents/05. Nokia_PoV/Parallel_Test/venv/lib/python3.9/site-packages/airflow/example_dags/example_trigger_target_dag.py took 0.094 seconds
[2025-04-02T16:59:57.719-0400] {processor.py:161} INFO - Started process (PID=18956) to work on /Users/prasenjeet.gadhe/Documents/05. Nokia_PoV/Parallel_Test/venv/lib/python3.9/site-packages/airflow/example_dags/example_trigger_target_dag.py
[2025-04-02T16:59:57.721-0400] {processor.py:830} INFO - Processing file /Users/prasenjeet.gadhe/Documents/05. Nokia_PoV/Parallel_Test/venv/lib/python3.9/site-packages/airflow/example_dags/example_trigger_target_dag.py for tasks to queue
[2025-04-02T16:59:57.721-0400] {logging_mixin.py:188} INFO - [2025-04-02T16:59:57.721-0400] {dagbag.py:540} INFO - Filling up the DagBag from /Users/prasenjeet.gadhe/Documents/05. Nokia_PoV/Parallel_Test/venv/lib/python3.9/site-packages/airflow/example_dags/example_trigger_target_dag.py
[2025-04-02T16:59:57.736-0400] {processor.py:840} INFO - DAG(s) 'example_trigger_target_dag' retrieved from /Users/prasenjeet.gadhe/Documents/05. Nokia_PoV/Parallel_Test/venv/lib/python3.9/site-packages/airflow/example_dags/example_trigger_target_dag.py
[2025-04-02T16:59:57.789-0400] {logging_mixin.py:188} INFO - [2025-04-02T16:59:57.789-0400] {dag.py:3096} INFO - Sync 1 DAGs
[2025-04-02T16:59:57.793-0400] {logging_mixin.py:188} INFO - [2025-04-02T16:59:57.793-0400] {dag.py:3954} INFO - Setting next_dagrun for example_trigger_target_dag to None, run_after=None
[2025-04-02T16:59:57.799-0400] {processor.py:183} INFO - Processing /Users/prasenjeet.gadhe/Documents/05. Nokia_PoV/Parallel_Test/venv/lib/python3.9/site-packages/airflow/example_dags/example_trigger_target_dag.py took 0.081 seconds
[2025-04-02T17:00:53.115-0400] {processor.py:161} INFO - Started process (PID=25753) to work on /Users/prasenjeet.gadhe/Documents/05. Nokia_PoV/Parallel_Test/venv/lib/python3.9/site-packages/airflow/example_dags/example_trigger_target_dag.py
[2025-04-02T17:00:53.117-0400] {processor.py:830} INFO - Processing file /Users/prasenjeet.gadhe/Documents/05. Nokia_PoV/Parallel_Test/venv/lib/python3.9/site-packages/airflow/example_dags/example_trigger_target_dag.py for tasks to queue
[2025-04-02T17:00:53.117-0400] {logging_mixin.py:188} INFO - [2025-04-02T17:00:53.117-0400] {dagbag.py:540} INFO - Filling up the DagBag from /Users/prasenjeet.gadhe/Documents/05. Nokia_PoV/Parallel_Test/venv/lib/python3.9/site-packages/airflow/example_dags/example_trigger_target_dag.py
[2025-04-02T17:00:53.131-0400] {processor.py:840} INFO - DAG(s) 'example_trigger_target_dag' retrieved from /Users/prasenjeet.gadhe/Documents/05. Nokia_PoV/Parallel_Test/venv/lib/python3.9/site-packages/airflow/example_dags/example_trigger_target_dag.py
[2025-04-02T17:00:53.184-0400] {logging_mixin.py:188} INFO - [2025-04-02T17:00:53.184-0400] {dag.py:3096} INFO - Sync 1 DAGs
[2025-04-02T17:00:53.187-0400] {logging_mixin.py:188} INFO - [2025-04-02T17:00:53.187-0400] {dag.py:3954} INFO - Setting next_dagrun for example_trigger_target_dag to None, run_after=None
[2025-04-02T17:00:53.194-0400] {processor.py:183} INFO - Processing /Users/prasenjeet.gadhe/Documents/05. Nokia_PoV/Parallel_Test/venv/lib/python3.9/site-packages/airflow/example_dags/example_trigger_target_dag.py took 0.079 seconds
[2025-04-02T17:01:48.730-0400] {processor.py:161} INFO - Started process (PID=32526) to work on /Users/prasenjeet.gadhe/Documents/05. Nokia_PoV/Parallel_Test/venv/lib/python3.9/site-packages/airflow/example_dags/example_trigger_target_dag.py
[2025-04-02T17:01:48.732-0400] {processor.py:830} INFO - Processing file /Users/prasenjeet.gadhe/Documents/05. Nokia_PoV/Parallel_Test/venv/lib/python3.9/site-packages/airflow/example_dags/example_trigger_target_dag.py for tasks to queue
[2025-04-02T17:01:48.733-0400] {logging_mixin.py:188} INFO - [2025-04-02T17:01:48.732-0400] {dagbag.py:540} INFO - Filling up the DagBag from /Users/prasenjeet.gadhe/Documents/05. Nokia_PoV/Parallel_Test/venv/lib/python3.9/site-packages/airflow/example_dags/example_trigger_target_dag.py
[2025-04-02T17:01:48.748-0400] {processor.py:840} INFO - DAG(s) 'example_trigger_target_dag' retrieved from /Users/prasenjeet.gadhe/Documents/05. Nokia_PoV/Parallel_Test/venv/lib/python3.9/site-packages/airflow/example_dags/example_trigger_target_dag.py
[2025-04-02T17:01:48.811-0400] {logging_mixin.py:188} INFO - [2025-04-02T17:01:48.811-0400] {dag.py:3096} INFO - Sync 1 DAGs
[2025-04-02T17:01:48.815-0400] {logging_mixin.py:188} INFO - [2025-04-02T17:01:48.814-0400] {dag.py:3954} INFO - Setting next_dagrun for example_trigger_target_dag to None, run_after=None
[2025-04-02T17:01:48.822-0400] {processor.py:183} INFO - Processing /Users/prasenjeet.gadhe/Documents/05. Nokia_PoV/Parallel_Test/venv/lib/python3.9/site-packages/airflow/example_dags/example_trigger_target_dag.py took 0.093 seconds
[2025-04-02T17:02:47.160-0400] {processor.py:161} INFO - Started process (PID=39739) to work on /Users/prasenjeet.gadhe/Documents/05. Nokia_PoV/Parallel_Test/venv/lib/python3.9/site-packages/airflow/example_dags/example_trigger_target_dag.py
[2025-04-02T17:02:47.162-0400] {processor.py:830} INFO - Processing file /Users/prasenjeet.gadhe/Documents/05. Nokia_PoV/Parallel_Test/venv/lib/python3.9/site-packages/airflow/example_dags/example_trigger_target_dag.py for tasks to queue
[2025-04-02T17:02:47.162-0400] {logging_mixin.py:188} INFO - [2025-04-02T17:02:47.162-0400] {dagbag.py:540} INFO - Filling up the DagBag from /Users/prasenjeet.gadhe/Documents/05. Nokia_PoV/Parallel_Test/venv/lib/python3.9/site-packages/airflow/example_dags/example_trigger_target_dag.py
[2025-04-02T17:02:47.176-0400] {processor.py:840} INFO - DAG(s) 'example_trigger_target_dag' retrieved from /Users/prasenjeet.gadhe/Documents/05. Nokia_PoV/Parallel_Test/venv/lib/python3.9/site-packages/airflow/example_dags/example_trigger_target_dag.py
[2025-04-02T17:02:47.230-0400] {logging_mixin.py:188} INFO - [2025-04-02T17:02:47.230-0400] {dag.py:3096} INFO - Sync 1 DAGs
[2025-04-02T17:02:47.233-0400] {logging_mixin.py:188} INFO - [2025-04-02T17:02:47.233-0400] {dag.py:3954} INFO - Setting next_dagrun for example_trigger_target_dag to None, run_after=None
[2025-04-02T17:02:47.240-0400] {processor.py:183} INFO - Processing /Users/prasenjeet.gadhe/Documents/05. Nokia_PoV/Parallel_Test/venv/lib/python3.9/site-packages/airflow/example_dags/example_trigger_target_dag.py took 0.080 seconds
[2025-04-02T17:03:40.590-0400] {processor.py:161} INFO - Started process (PID=46269) to work on /Users/prasenjeet.gadhe/Documents/05. Nokia_PoV/Parallel_Test/venv/lib/python3.9/site-packages/airflow/example_dags/example_trigger_target_dag.py
[2025-04-02T17:03:40.592-0400] {processor.py:830} INFO - Processing file /Users/prasenjeet.gadhe/Documents/05. Nokia_PoV/Parallel_Test/venv/lib/python3.9/site-packages/airflow/example_dags/example_trigger_target_dag.py for tasks to queue
[2025-04-02T17:03:40.592-0400] {logging_mixin.py:188} INFO - [2025-04-02T17:03:40.592-0400] {dagbag.py:540} INFO - Filling up the DagBag from /Users/prasenjeet.gadhe/Documents/05. Nokia_PoV/Parallel_Test/venv/lib/python3.9/site-packages/airflow/example_dags/example_trigger_target_dag.py
[2025-04-02T17:03:40.606-0400] {processor.py:840} INFO - DAG(s) 'example_trigger_target_dag' retrieved from /Users/prasenjeet.gadhe/Documents/05. Nokia_PoV/Parallel_Test/venv/lib/python3.9/site-packages/airflow/example_dags/example_trigger_target_dag.py
[2025-04-02T17:03:40.661-0400] {logging_mixin.py:188} INFO - [2025-04-02T17:03:40.661-0400] {dag.py:3096} INFO - Sync 1 DAGs
[2025-04-02T17:03:40.664-0400] {logging_mixin.py:188} INFO - [2025-04-02T17:03:40.664-0400] {dag.py:3954} INFO - Setting next_dagrun for example_trigger_target_dag to None, run_after=None
[2025-04-02T17:03:40.671-0400] {processor.py:183} INFO - Processing /Users/prasenjeet.gadhe/Documents/05. Nokia_PoV/Parallel_Test/venv/lib/python3.9/site-packages/airflow/example_dags/example_trigger_target_dag.py took 0.082 seconds
[2025-04-02T17:04:37.321-0400] {processor.py:161} INFO - Started process (PID=53223) to work on /Users/prasenjeet.gadhe/Documents/05. Nokia_PoV/Parallel_Test/venv/lib/python3.9/site-packages/airflow/example_dags/example_trigger_target_dag.py
[2025-04-02T17:04:37.322-0400] {processor.py:830} INFO - Processing file /Users/prasenjeet.gadhe/Documents/05. Nokia_PoV/Parallel_Test/venv/lib/python3.9/site-packages/airflow/example_dags/example_trigger_target_dag.py for tasks to queue
[2025-04-02T17:04:37.322-0400] {logging_mixin.py:188} INFO - [2025-04-02T17:04:37.322-0400] {dagbag.py:540} INFO - Filling up the DagBag from /Users/prasenjeet.gadhe/Documents/05. Nokia_PoV/Parallel_Test/venv/lib/python3.9/site-packages/airflow/example_dags/example_trigger_target_dag.py
[2025-04-02T17:04:37.337-0400] {processor.py:840} INFO - DAG(s) 'example_trigger_target_dag' retrieved from /Users/prasenjeet.gadhe/Documents/05. Nokia_PoV/Parallel_Test/venv/lib/python3.9/site-packages/airflow/example_dags/example_trigger_target_dag.py
[2025-04-02T17:04:37.396-0400] {logging_mixin.py:188} INFO - [2025-04-02T17:04:37.396-0400] {dag.py:3096} INFO - Sync 1 DAGs
[2025-04-02T17:04:37.400-0400] {logging_mixin.py:188} INFO - [2025-04-02T17:04:37.400-0400] {dag.py:3954} INFO - Setting next_dagrun for example_trigger_target_dag to None, run_after=None
[2025-04-02T17:04:37.406-0400] {processor.py:183} INFO - Processing /Users/prasenjeet.gadhe/Documents/05. Nokia_PoV/Parallel_Test/venv/lib/python3.9/site-packages/airflow/example_dags/example_trigger_target_dag.py took 0.087 seconds
[2025-04-02T17:05:32.181-0400] {processor.py:161} INFO - Started process (PID=60007) to work on /Users/prasenjeet.gadhe/Documents/05. Nokia_PoV/Parallel_Test/venv/lib/python3.9/site-packages/airflow/example_dags/example_trigger_target_dag.py
[2025-04-02T17:05:32.183-0400] {processor.py:830} INFO - Processing file /Users/prasenjeet.gadhe/Documents/05. Nokia_PoV/Parallel_Test/venv/lib/python3.9/site-packages/airflow/example_dags/example_trigger_target_dag.py for tasks to queue
[2025-04-02T17:05:32.183-0400] {logging_mixin.py:188} INFO - [2025-04-02T17:05:32.183-0400] {dagbag.py:540} INFO - Filling up the DagBag from /Users/prasenjeet.gadhe/Documents/05. Nokia_PoV/Parallel_Test/venv/lib/python3.9/site-packages/airflow/example_dags/example_trigger_target_dag.py
[2025-04-02T17:05:32.197-0400] {processor.py:840} INFO - DAG(s) 'example_trigger_target_dag' retrieved from /Users/prasenjeet.gadhe/Documents/05. Nokia_PoV/Parallel_Test/venv/lib/python3.9/site-packages/airflow/example_dags/example_trigger_target_dag.py
[2025-04-02T17:05:32.253-0400] {logging_mixin.py:188} INFO - [2025-04-02T17:05:32.253-0400] {dag.py:3096} INFO - Sync 1 DAGs
[2025-04-02T17:05:32.257-0400] {logging_mixin.py:188} INFO - [2025-04-02T17:05:32.257-0400] {dag.py:3954} INFO - Setting next_dagrun for example_trigger_target_dag to None, run_after=None
[2025-04-02T17:05:32.264-0400] {processor.py:183} INFO - Processing /Users/prasenjeet.gadhe/Documents/05. Nokia_PoV/Parallel_Test/venv/lib/python3.9/site-packages/airflow/example_dags/example_trigger_target_dag.py took 0.084 seconds
[2025-04-02T17:06:26.289-0400] {processor.py:161} INFO - Started process (PID=66552) to work on /Users/prasenjeet.gadhe/Documents/05. Nokia_PoV/Parallel_Test/venv/lib/python3.9/site-packages/airflow/example_dags/example_trigger_target_dag.py
[2025-04-02T17:06:26.291-0400] {processor.py:830} INFO - Processing file /Users/prasenjeet.gadhe/Documents/05. Nokia_PoV/Parallel_Test/venv/lib/python3.9/site-packages/airflow/example_dags/example_trigger_target_dag.py for tasks to queue
[2025-04-02T17:06:26.291-0400] {logging_mixin.py:188} INFO - [2025-04-02T17:06:26.291-0400] {dagbag.py:540} INFO - Filling up the DagBag from /Users/prasenjeet.gadhe/Documents/05. Nokia_PoV/Parallel_Test/venv/lib/python3.9/site-packages/airflow/example_dags/example_trigger_target_dag.py
[2025-04-02T17:06:26.305-0400] {processor.py:840} INFO - DAG(s) 'example_trigger_target_dag' retrieved from /Users/prasenjeet.gadhe/Documents/05. Nokia_PoV/Parallel_Test/venv/lib/python3.9/site-packages/airflow/example_dags/example_trigger_target_dag.py
[2025-04-02T17:06:26.358-0400] {logging_mixin.py:188} INFO - [2025-04-02T17:06:26.358-0400] {dag.py:3096} INFO - Sync 1 DAGs
[2025-04-02T17:06:26.362-0400] {logging_mixin.py:188} INFO - [2025-04-02T17:06:26.362-0400] {dag.py:3954} INFO - Setting next_dagrun for example_trigger_target_dag to None, run_after=None
[2025-04-02T17:06:26.369-0400] {processor.py:183} INFO - Processing /Users/prasenjeet.gadhe/Documents/05. Nokia_PoV/Parallel_Test/venv/lib/python3.9/site-packages/airflow/example_dags/example_trigger_target_dag.py took 0.081 seconds
[2025-04-02T17:07:23.303-0400] {processor.py:161} INFO - Started process (PID=73692) to work on /Users/prasenjeet.gadhe/Documents/05. Nokia_PoV/Parallel_Test/venv/lib/python3.9/site-packages/airflow/example_dags/example_trigger_target_dag.py
[2025-04-02T17:07:23.304-0400] {processor.py:830} INFO - Processing file /Users/prasenjeet.gadhe/Documents/05. Nokia_PoV/Parallel_Test/venv/lib/python3.9/site-packages/airflow/example_dags/example_trigger_target_dag.py for tasks to queue
[2025-04-02T17:07:23.304-0400] {logging_mixin.py:188} INFO - [2025-04-02T17:07:23.304-0400] {dagbag.py:540} INFO - Filling up the DagBag from /Users/prasenjeet.gadhe/Documents/05. Nokia_PoV/Parallel_Test/venv/lib/python3.9/site-packages/airflow/example_dags/example_trigger_target_dag.py
[2025-04-02T17:07:23.318-0400] {processor.py:840} INFO - DAG(s) 'example_trigger_target_dag' retrieved from /Users/prasenjeet.gadhe/Documents/05. Nokia_PoV/Parallel_Test/venv/lib/python3.9/site-packages/airflow/example_dags/example_trigger_target_dag.py
[2025-04-02T17:07:23.371-0400] {logging_mixin.py:188} INFO - [2025-04-02T17:07:23.371-0400] {dag.py:3096} INFO - Sync 1 DAGs
[2025-04-02T17:07:23.374-0400] {logging_mixin.py:188} INFO - [2025-04-02T17:07:23.374-0400] {dag.py:3954} INFO - Setting next_dagrun for example_trigger_target_dag to None, run_after=None
[2025-04-02T17:07:23.381-0400] {processor.py:183} INFO - Processing /Users/prasenjeet.gadhe/Documents/05. Nokia_PoV/Parallel_Test/venv/lib/python3.9/site-packages/airflow/example_dags/example_trigger_target_dag.py took 0.079 seconds
[2025-04-02T17:08:20.049-0400] {processor.py:161} INFO - Started process (PID=80707) to work on /Users/prasenjeet.gadhe/Documents/05. Nokia_PoV/Parallel_Test/venv/lib/python3.9/site-packages/airflow/example_dags/example_trigger_target_dag.py
[2025-04-02T17:08:20.050-0400] {processor.py:830} INFO - Processing file /Users/prasenjeet.gadhe/Documents/05. Nokia_PoV/Parallel_Test/venv/lib/python3.9/site-packages/airflow/example_dags/example_trigger_target_dag.py for tasks to queue
[2025-04-02T17:08:20.051-0400] {logging_mixin.py:188} INFO - [2025-04-02T17:08:20.051-0400] {dagbag.py:540} INFO - Filling up the DagBag from /Users/prasenjeet.gadhe/Documents/05. Nokia_PoV/Parallel_Test/venv/lib/python3.9/site-packages/airflow/example_dags/example_trigger_target_dag.py
[2025-04-02T17:08:20.065-0400] {processor.py:840} INFO - DAG(s) 'example_trigger_target_dag' retrieved from /Users/prasenjeet.gadhe/Documents/05. Nokia_PoV/Parallel_Test/venv/lib/python3.9/site-packages/airflow/example_dags/example_trigger_target_dag.py
[2025-04-02T17:08:20.118-0400] {logging_mixin.py:188} INFO - [2025-04-02T17:08:20.118-0400] {dag.py:3096} INFO - Sync 1 DAGs
[2025-04-02T17:08:20.121-0400] {logging_mixin.py:188} INFO - [2025-04-02T17:08:20.121-0400] {dag.py:3954} INFO - Setting next_dagrun for example_trigger_target_dag to None, run_after=None
[2025-04-02T17:08:20.128-0400] {processor.py:183} INFO - Processing /Users/prasenjeet.gadhe/Documents/05. Nokia_PoV/Parallel_Test/venv/lib/python3.9/site-packages/airflow/example_dags/example_trigger_target_dag.py took 0.079 seconds
[2025-04-02T17:09:18.185-0400] {processor.py:161} INFO - Started process (PID=87856) to work on /Users/prasenjeet.gadhe/Documents/05. Nokia_PoV/Parallel_Test/venv/lib/python3.9/site-packages/airflow/example_dags/example_trigger_target_dag.py
[2025-04-02T17:09:18.187-0400] {processor.py:830} INFO - Processing file /Users/prasenjeet.gadhe/Documents/05. Nokia_PoV/Parallel_Test/venv/lib/python3.9/site-packages/airflow/example_dags/example_trigger_target_dag.py for tasks to queue
[2025-04-02T17:09:18.187-0400] {logging_mixin.py:188} INFO - [2025-04-02T17:09:18.187-0400] {dagbag.py:540} INFO - Filling up the DagBag from /Users/prasenjeet.gadhe/Documents/05. Nokia_PoV/Parallel_Test/venv/lib/python3.9/site-packages/airflow/example_dags/example_trigger_target_dag.py
[2025-04-02T17:09:18.203-0400] {processor.py:840} INFO - DAG(s) 'example_trigger_target_dag' retrieved from /Users/prasenjeet.gadhe/Documents/05. Nokia_PoV/Parallel_Test/venv/lib/python3.9/site-packages/airflow/example_dags/example_trigger_target_dag.py
[2025-04-02T17:09:18.260-0400] {logging_mixin.py:188} INFO - [2025-04-02T17:09:18.260-0400] {dag.py:3096} INFO - Sync 1 DAGs
[2025-04-02T17:09:18.264-0400] {logging_mixin.py:188} INFO - [2025-04-02T17:09:18.264-0400] {dag.py:3954} INFO - Setting next_dagrun for example_trigger_target_dag to None, run_after=None
[2025-04-02T17:09:18.270-0400] {processor.py:183} INFO - Processing /Users/prasenjeet.gadhe/Documents/05. Nokia_PoV/Parallel_Test/venv/lib/python3.9/site-packages/airflow/example_dags/example_trigger_target_dag.py took 0.087 seconds
[2025-04-02T17:10:17.825-0400] {processor.py:161} INFO - Started process (PID=95193) to work on /Users/prasenjeet.gadhe/Documents/05. Nokia_PoV/Parallel_Test/venv/lib/python3.9/site-packages/airflow/example_dags/example_trigger_target_dag.py
[2025-04-02T17:10:17.827-0400] {processor.py:830} INFO - Processing file /Users/prasenjeet.gadhe/Documents/05. Nokia_PoV/Parallel_Test/venv/lib/python3.9/site-packages/airflow/example_dags/example_trigger_target_dag.py for tasks to queue
[2025-04-02T17:10:17.827-0400] {logging_mixin.py:188} INFO - [2025-04-02T17:10:17.827-0400] {dagbag.py:540} INFO - Filling up the DagBag from /Users/prasenjeet.gadhe/Documents/05. Nokia_PoV/Parallel_Test/venv/lib/python3.9/site-packages/airflow/example_dags/example_trigger_target_dag.py
[2025-04-02T17:10:17.840-0400] {processor.py:840} INFO - DAG(s) 'example_trigger_target_dag' retrieved from /Users/prasenjeet.gadhe/Documents/05. Nokia_PoV/Parallel_Test/venv/lib/python3.9/site-packages/airflow/example_dags/example_trigger_target_dag.py
[2025-04-02T17:10:17.896-0400] {logging_mixin.py:188} INFO - [2025-04-02T17:10:17.896-0400] {dag.py:3096} INFO - Sync 1 DAGs
[2025-04-02T17:10:17.899-0400] {logging_mixin.py:188} INFO - [2025-04-02T17:10:17.899-0400] {dag.py:3954} INFO - Setting next_dagrun for example_trigger_target_dag to None, run_after=None
[2025-04-02T17:10:17.906-0400] {processor.py:183} INFO - Processing /Users/prasenjeet.gadhe/Documents/05. Nokia_PoV/Parallel_Test/venv/lib/python3.9/site-packages/airflow/example_dags/example_trigger_target_dag.py took 0.082 seconds
[2025-04-02T17:11:11.731-0400] {processor.py:161} INFO - Started process (PID=2155) to work on /Users/prasenjeet.gadhe/Documents/05. Nokia_PoV/Parallel_Test/venv/lib/python3.9/site-packages/airflow/example_dags/example_trigger_target_dag.py
[2025-04-02T17:11:11.733-0400] {processor.py:830} INFO - Processing file /Users/prasenjeet.gadhe/Documents/05. Nokia_PoV/Parallel_Test/venv/lib/python3.9/site-packages/airflow/example_dags/example_trigger_target_dag.py for tasks to queue
[2025-04-02T17:11:11.733-0400] {logging_mixin.py:188} INFO - [2025-04-02T17:11:11.733-0400] {dagbag.py:540} INFO - Filling up the DagBag from /Users/prasenjeet.gadhe/Documents/05. Nokia_PoV/Parallel_Test/venv/lib/python3.9/site-packages/airflow/example_dags/example_trigger_target_dag.py
[2025-04-02T17:11:11.747-0400] {processor.py:840} INFO - DAG(s) 'example_trigger_target_dag' retrieved from /Users/prasenjeet.gadhe/Documents/05. Nokia_PoV/Parallel_Test/venv/lib/python3.9/site-packages/airflow/example_dags/example_trigger_target_dag.py
[2025-04-02T17:11:11.800-0400] {logging_mixin.py:188} INFO - [2025-04-02T17:11:11.800-0400] {dag.py:3096} INFO - Sync 1 DAGs
[2025-04-02T17:11:11.803-0400] {logging_mixin.py:188} INFO - [2025-04-02T17:11:11.803-0400] {dag.py:3954} INFO - Setting next_dagrun for example_trigger_target_dag to None, run_after=None
[2025-04-02T17:11:11.810-0400] {processor.py:183} INFO - Processing /Users/prasenjeet.gadhe/Documents/05. Nokia_PoV/Parallel_Test/venv/lib/python3.9/site-packages/airflow/example_dags/example_trigger_target_dag.py took 0.080 seconds
[2025-04-02T17:12:08.079-0400] {processor.py:161} INFO - Started process (PID=9162) to work on /Users/prasenjeet.gadhe/Documents/05. Nokia_PoV/Parallel_Test/venv/lib/python3.9/site-packages/airflow/example_dags/example_trigger_target_dag.py
[2025-04-02T17:12:08.081-0400] {processor.py:830} INFO - Processing file /Users/prasenjeet.gadhe/Documents/05. Nokia_PoV/Parallel_Test/venv/lib/python3.9/site-packages/airflow/example_dags/example_trigger_target_dag.py for tasks to queue
[2025-04-02T17:12:08.081-0400] {logging_mixin.py:188} INFO - [2025-04-02T17:12:08.081-0400] {dagbag.py:540} INFO - Filling up the DagBag from /Users/prasenjeet.gadhe/Documents/05. Nokia_PoV/Parallel_Test/venv/lib/python3.9/site-packages/airflow/example_dags/example_trigger_target_dag.py
[2025-04-02T17:12:08.096-0400] {processor.py:840} INFO - DAG(s) 'example_trigger_target_dag' retrieved from /Users/prasenjeet.gadhe/Documents/05. Nokia_PoV/Parallel_Test/venv/lib/python3.9/site-packages/airflow/example_dags/example_trigger_target_dag.py
[2025-04-02T17:12:08.153-0400] {logging_mixin.py:188} INFO - [2025-04-02T17:12:08.153-0400] {dag.py:3096} INFO - Sync 1 DAGs
[2025-04-02T17:12:08.156-0400] {logging_mixin.py:188} INFO - [2025-04-02T17:12:08.156-0400] {dag.py:3954} INFO - Setting next_dagrun for example_trigger_target_dag to None, run_after=None
[2025-04-02T17:12:08.164-0400] {processor.py:183} INFO - Processing /Users/prasenjeet.gadhe/Documents/05. Nokia_PoV/Parallel_Test/venv/lib/python3.9/site-packages/airflow/example_dags/example_trigger_target_dag.py took 0.086 seconds
[2025-04-02T17:26:07.623-0400] {processor.py:161} INFO - Started process (PID=13812) to work on /Users/prasenjeet.gadhe/Documents/05. Nokia_PoV/Parallel_Test/venv/lib/python3.9/site-packages/airflow/example_dags/example_trigger_target_dag.py
[2025-04-02T17:26:07.624-0400] {processor.py:830} INFO - Processing file /Users/prasenjeet.gadhe/Documents/05. Nokia_PoV/Parallel_Test/venv/lib/python3.9/site-packages/airflow/example_dags/example_trigger_target_dag.py for tasks to queue
[2025-04-02T17:26:07.625-0400] {logging_mixin.py:188} INFO - [2025-04-02T17:26:07.625-0400] {dagbag.py:540} INFO - Filling up the DagBag from /Users/prasenjeet.gadhe/Documents/05. Nokia_PoV/Parallel_Test/venv/lib/python3.9/site-packages/airflow/example_dags/example_trigger_target_dag.py
[2025-04-02T17:26:07.640-0400] {processor.py:840} INFO - DAG(s) 'example_trigger_target_dag' retrieved from /Users/prasenjeet.gadhe/Documents/05. Nokia_PoV/Parallel_Test/venv/lib/python3.9/site-packages/airflow/example_dags/example_trigger_target_dag.py
[2025-04-02T17:26:07.733-0400] {logging_mixin.py:188} INFO - [2025-04-02T17:26:07.733-0400] {dag.py:3096} INFO - Sync 1 DAGs
[2025-04-02T17:26:07.736-0400] {logging_mixin.py:188} INFO - [2025-04-02T17:26:07.736-0400] {dag.py:3954} INFO - Setting next_dagrun for example_trigger_target_dag to None, run_after=None
[2025-04-02T17:26:07.744-0400] {processor.py:183} INFO - Processing /Users/prasenjeet.gadhe/Documents/05. Nokia_PoV/Parallel_Test/venv/lib/python3.9/site-packages/airflow/example_dags/example_trigger_target_dag.py took 0.122 seconds
