[2025-04-02T16:40:08.743-0400] {processor.py:161} INFO - Started process (PID=71046) to work on /Users/prasenjeet.gadhe/Documents/05. Nokia_PoV/Parallel_Test/venv/lib/python3.9/site-packages/airflow/example_dags/example_display_name.py
[2025-04-02T16:40:08.744-0400] {processor.py:830} INFO - Processing file /Users/prasenjeet.gadhe/Documents/05. Nokia_PoV/Parallel_Test/venv/lib/python3.9/site-packages/airflow/example_dags/example_display_name.py for tasks to queue
[2025-04-02T16:40:08.745-0400] {logging_mixin.py:188} INFO - [2025-04-02T16:40:08.745-0400] {dagbag.py:540} INFO - Filling up the DagBag from /Users/prasenjeet.gadhe/Documents/05. Nokia_PoV/Parallel_Test/venv/lib/python3.9/site-packages/airflow/example_dags/example_display_name.py
[2025-04-02T16:40:08.759-0400] {processor.py:840} INFO - DAG(s) 'example_display_name' retrieved from /Users/prasenjeet.gadhe/Documents/05. Nokia_PoV/Parallel_Test/venv/lib/python3.9/site-packages/airflow/example_dags/example_display_name.py
[2025-04-02T16:40:08.843-0400] {logging_mixin.py:188} INFO - [2025-04-02T16:40:08.842-0400] {override.py:1829} INFO - Created Permission View: can edit on DAG:example_display_name
[2025-04-02T16:40:08.845-0400] {logging_mixin.py:188} INFO - [2025-04-02T16:40:08.845-0400] {override.py:1829} INFO - Created Permission View: can delete on DAG:example_display_name
[2025-04-02T16:40:08.847-0400] {logging_mixin.py:188} INFO - [2025-04-02T16:40:08.847-0400] {override.py:1829} INFO - Created Permission View: can read on DAG:example_display_name
[2025-04-02T16:40:08.847-0400] {logging_mixin.py:188} INFO - [2025-04-02T16:40:08.847-0400] {dag.py:3096} INFO - Sync 1 DAGs
[2025-04-02T16:40:08.851-0400] {logging_mixin.py:188} INFO - [2025-04-02T16:40:08.850-0400] {dag.py:3118} INFO - Creating ORM DAG for example_display_name
[2025-04-02T16:40:08.851-0400] {logging_mixin.py:188} INFO - [2025-04-02T16:40:08.851-0400] {dag.py:3954} INFO - Setting next_dagrun for example_display_name to None, run_after=None
[2025-04-02T16:40:08.856-0400] {processor.py:183} INFO - Processing /Users/prasenjeet.gadhe/Documents/05. Nokia_PoV/Parallel_Test/venv/lib/python3.9/site-packages/airflow/example_dags/example_display_name.py took 0.114 seconds
[2025-04-02T16:42:04.668-0400] {processor.py:161} INFO - Started process (PID=85572) to work on /Users/prasenjeet.gadhe/Documents/05. Nokia_PoV/Parallel_Test/venv/lib/python3.9/site-packages/airflow/example_dags/example_display_name.py
[2025-04-02T16:42:04.670-0400] {processor.py:830} INFO - Processing file /Users/prasenjeet.gadhe/Documents/05. Nokia_PoV/Parallel_Test/venv/lib/python3.9/site-packages/airflow/example_dags/example_display_name.py for tasks to queue
[2025-04-02T16:42:04.671-0400] {logging_mixin.py:188} INFO - [2025-04-02T16:42:04.671-0400] {dagbag.py:540} INFO - Filling up the DagBag from /Users/prasenjeet.gadhe/Documents/05. Nokia_PoV/Parallel_Test/venv/lib/python3.9/site-packages/airflow/example_dags/example_display_name.py
[2025-04-02T16:42:04.684-0400] {processor.py:840} INFO - DAG(s) 'example_display_name' retrieved from /Users/prasenjeet.gadhe/Documents/05. Nokia_PoV/Parallel_Test/venv/lib/python3.9/site-packages/airflow/example_dags/example_display_name.py
[2025-04-02T16:42:04.737-0400] {logging_mixin.py:188} INFO - [2025-04-02T16:42:04.737-0400] {dag.py:3096} INFO - Sync 1 DAGs
[2025-04-02T16:42:04.740-0400] {logging_mixin.py:188} INFO - [2025-04-02T16:42:04.740-0400] {dag.py:3954} INFO - Setting next_dagrun for example_display_name to None, run_after=None
[2025-04-02T16:42:04.746-0400] {processor.py:183} INFO - Processing /Users/prasenjeet.gadhe/Documents/05. Nokia_PoV/Parallel_Test/venv/lib/python3.9/site-packages/airflow/example_dags/example_display_name.py took 0.079 seconds
[2025-04-02T16:43:58.001-0400] {processor.py:161} INFO - Started process (PID=99540) to work on /Users/prasenjeet.gadhe/Documents/05. Nokia_PoV/Parallel_Test/venv/lib/python3.9/site-packages/airflow/example_dags/example_display_name.py
[2025-04-02T16:43:58.002-0400] {processor.py:830} INFO - Processing file /Users/prasenjeet.gadhe/Documents/05. Nokia_PoV/Parallel_Test/venv/lib/python3.9/site-packages/airflow/example_dags/example_display_name.py for tasks to queue
[2025-04-02T16:43:58.003-0400] {logging_mixin.py:188} INFO - [2025-04-02T16:43:58.003-0400] {dagbag.py:540} INFO - Filling up the DagBag from /Users/prasenjeet.gadhe/Documents/05. Nokia_PoV/Parallel_Test/venv/lib/python3.9/site-packages/airflow/example_dags/example_display_name.py
[2025-04-02T16:43:58.018-0400] {processor.py:840} INFO - DAG(s) 'example_display_name' retrieved from /Users/prasenjeet.gadhe/Documents/05. Nokia_PoV/Parallel_Test/venv/lib/python3.9/site-packages/airflow/example_dags/example_display_name.py
[2025-04-02T16:43:58.075-0400] {logging_mixin.py:188} INFO - [2025-04-02T16:43:58.075-0400] {dag.py:3096} INFO - Sync 1 DAGs
[2025-04-02T16:43:58.078-0400] {logging_mixin.py:188} INFO - [2025-04-02T16:43:58.078-0400] {dag.py:3954} INFO - Setting next_dagrun for example_display_name to None, run_after=None
[2025-04-02T16:43:58.086-0400] {processor.py:183} INFO - Processing /Users/prasenjeet.gadhe/Documents/05. Nokia_PoV/Parallel_Test/venv/lib/python3.9/site-packages/airflow/example_dags/example_display_name.py took 0.086 seconds
[2025-04-02T16:46:31.042-0400] {processor.py:161} INFO - Started process (PID=18835) to work on /Users/prasenjeet.gadhe/Documents/05. Nokia_PoV/Parallel_Test/venv/lib/python3.9/site-packages/airflow/example_dags/example_display_name.py
[2025-04-02T16:46:31.044-0400] {processor.py:830} INFO - Processing file /Users/prasenjeet.gadhe/Documents/05. Nokia_PoV/Parallel_Test/venv/lib/python3.9/site-packages/airflow/example_dags/example_display_name.py for tasks to queue
[2025-04-02T16:46:31.044-0400] {logging_mixin.py:188} INFO - [2025-04-02T16:46:31.044-0400] {dagbag.py:540} INFO - Filling up the DagBag from /Users/prasenjeet.gadhe/Documents/05. Nokia_PoV/Parallel_Test/venv/lib/python3.9/site-packages/airflow/example_dags/example_display_name.py
[2025-04-02T16:46:31.057-0400] {processor.py:840} INFO - DAG(s) 'example_display_name' retrieved from /Users/prasenjeet.gadhe/Documents/05. Nokia_PoV/Parallel_Test/venv/lib/python3.9/site-packages/airflow/example_dags/example_display_name.py
[2025-04-02T16:46:31.109-0400] {logging_mixin.py:188} INFO - [2025-04-02T16:46:31.108-0400] {dag.py:3096} INFO - Sync 1 DAGs
[2025-04-02T16:46:31.112-0400] {logging_mixin.py:188} INFO - [2025-04-02T16:46:31.112-0400] {dag.py:3954} INFO - Setting next_dagrun for example_display_name to None, run_after=None
[2025-04-02T16:46:31.118-0400] {processor.py:183} INFO - Processing /Users/prasenjeet.gadhe/Documents/05. Nokia_PoV/Parallel_Test/venv/lib/python3.9/site-packages/airflow/example_dags/example_display_name.py took 0.077 seconds
[2025-04-02T16:48:28.390-0400] {processor.py:161} INFO - Started process (PID=33486) to work on /Users/prasenjeet.gadhe/Documents/05. Nokia_PoV/Parallel_Test/venv/lib/python3.9/site-packages/airflow/example_dags/example_display_name.py
[2025-04-02T16:48:28.391-0400] {processor.py:830} INFO - Processing file /Users/prasenjeet.gadhe/Documents/05. Nokia_PoV/Parallel_Test/venv/lib/python3.9/site-packages/airflow/example_dags/example_display_name.py for tasks to queue
[2025-04-02T16:48:28.392-0400] {logging_mixin.py:188} INFO - [2025-04-02T16:48:28.392-0400] {dagbag.py:540} INFO - Filling up the DagBag from /Users/prasenjeet.gadhe/Documents/05. Nokia_PoV/Parallel_Test/venv/lib/python3.9/site-packages/airflow/example_dags/example_display_name.py
[2025-04-02T16:48:28.405-0400] {processor.py:840} INFO - DAG(s) 'example_display_name' retrieved from /Users/prasenjeet.gadhe/Documents/05. Nokia_PoV/Parallel_Test/venv/lib/python3.9/site-packages/airflow/example_dags/example_display_name.py
[2025-04-02T16:48:28.455-0400] {logging_mixin.py:188} INFO - [2025-04-02T16:48:28.455-0400] {dag.py:3096} INFO - Sync 1 DAGs
[2025-04-02T16:48:28.459-0400] {logging_mixin.py:188} INFO - [2025-04-02T16:48:28.459-0400] {dag.py:3954} INFO - Setting next_dagrun for example_display_name to None, run_after=None
[2025-04-02T16:48:28.465-0400] {processor.py:183} INFO - Processing /Users/prasenjeet.gadhe/Documents/05. Nokia_PoV/Parallel_Test/venv/lib/python3.9/site-packages/airflow/example_dags/example_display_name.py took 0.076 seconds
[2025-04-02T16:51:42.350-0400] {processor.py:161} INFO - Started process (PID=57469) to work on /Users/prasenjeet.gadhe/Documents/05. Nokia_PoV/Parallel_Test/venv/lib/python3.9/site-packages/airflow/example_dags/example_display_name.py
[2025-04-02T16:51:42.351-0400] {processor.py:830} INFO - Processing file /Users/prasenjeet.gadhe/Documents/05. Nokia_PoV/Parallel_Test/venv/lib/python3.9/site-packages/airflow/example_dags/example_display_name.py for tasks to queue
[2025-04-02T16:51:42.352-0400] {logging_mixin.py:188} INFO - [2025-04-02T16:51:42.351-0400] {dagbag.py:540} INFO - Filling up the DagBag from /Users/prasenjeet.gadhe/Documents/05. Nokia_PoV/Parallel_Test/venv/lib/python3.9/site-packages/airflow/example_dags/example_display_name.py
[2025-04-02T16:51:42.366-0400] {processor.py:840} INFO - DAG(s) 'example_display_name' retrieved from /Users/prasenjeet.gadhe/Documents/05. Nokia_PoV/Parallel_Test/venv/lib/python3.9/site-packages/airflow/example_dags/example_display_name.py
[2025-04-02T16:51:42.419-0400] {logging_mixin.py:188} INFO - [2025-04-02T16:51:42.418-0400] {dag.py:3096} INFO - Sync 1 DAGs
[2025-04-02T16:51:42.422-0400] {logging_mixin.py:188} INFO - [2025-04-02T16:51:42.422-0400] {dag.py:3954} INFO - Setting next_dagrun for example_display_name to None, run_after=None
[2025-04-02T16:51:42.428-0400] {processor.py:183} INFO - Processing /Users/prasenjeet.gadhe/Documents/05. Nokia_PoV/Parallel_Test/venv/lib/python3.9/site-packages/airflow/example_dags/example_display_name.py took 0.079 seconds
[2025-04-02T16:53:34.982-0400] {processor.py:161} INFO - Started process (PID=71290) to work on /Users/prasenjeet.gadhe/Documents/05. Nokia_PoV/Parallel_Test/venv/lib/python3.9/site-packages/airflow/example_dags/example_display_name.py
[2025-04-02T16:53:34.983-0400] {processor.py:830} INFO - Processing file /Users/prasenjeet.gadhe/Documents/05. Nokia_PoV/Parallel_Test/venv/lib/python3.9/site-packages/airflow/example_dags/example_display_name.py for tasks to queue
[2025-04-02T16:53:34.983-0400] {logging_mixin.py:188} INFO - [2025-04-02T16:53:34.983-0400] {dagbag.py:540} INFO - Filling up the DagBag from /Users/prasenjeet.gadhe/Documents/05. Nokia_PoV/Parallel_Test/venv/lib/python3.9/site-packages/airflow/example_dags/example_display_name.py
[2025-04-02T16:53:34.998-0400] {processor.py:840} INFO - DAG(s) 'example_display_name' retrieved from /Users/prasenjeet.gadhe/Documents/05. Nokia_PoV/Parallel_Test/venv/lib/python3.9/site-packages/airflow/example_dags/example_display_name.py
[2025-04-02T16:53:35.049-0400] {logging_mixin.py:188} INFO - [2025-04-02T16:53:35.049-0400] {dag.py:3096} INFO - Sync 1 DAGs
[2025-04-02T16:53:35.052-0400] {logging_mixin.py:188} INFO - [2025-04-02T16:53:35.052-0400] {dag.py:3954} INFO - Setting next_dagrun for example_display_name to None, run_after=None
[2025-04-02T16:53:35.065-0400] {processor.py:183} INFO - Processing /Users/prasenjeet.gadhe/Documents/05. Nokia_PoV/Parallel_Test/venv/lib/python3.9/site-packages/airflow/example_dags/example_display_name.py took 0.084 seconds
[2025-04-02T16:55:29.512-0400] {processor.py:161} INFO - Started process (PID=85568) to work on /Users/prasenjeet.gadhe/Documents/05. Nokia_PoV/Parallel_Test/venv/lib/python3.9/site-packages/airflow/example_dags/example_display_name.py
[2025-04-02T16:55:29.514-0400] {processor.py:830} INFO - Processing file /Users/prasenjeet.gadhe/Documents/05. Nokia_PoV/Parallel_Test/venv/lib/python3.9/site-packages/airflow/example_dags/example_display_name.py for tasks to queue
[2025-04-02T16:55:29.514-0400] {logging_mixin.py:188} INFO - [2025-04-02T16:55:29.514-0400] {dagbag.py:540} INFO - Filling up the DagBag from /Users/prasenjeet.gadhe/Documents/05. Nokia_PoV/Parallel_Test/venv/lib/python3.9/site-packages/airflow/example_dags/example_display_name.py
[2025-04-02T16:55:29.528-0400] {processor.py:840} INFO - DAG(s) 'example_display_name' retrieved from /Users/prasenjeet.gadhe/Documents/05. Nokia_PoV/Parallel_Test/venv/lib/python3.9/site-packages/airflow/example_dags/example_display_name.py
[2025-04-02T16:55:29.584-0400] {logging_mixin.py:188} INFO - [2025-04-02T16:55:29.583-0400] {dag.py:3096} INFO - Sync 1 DAGs
[2025-04-02T16:55:29.587-0400] {logging_mixin.py:188} INFO - [2025-04-02T16:55:29.587-0400] {dag.py:3954} INFO - Setting next_dagrun for example_display_name to None, run_after=None
[2025-04-02T16:55:29.593-0400] {processor.py:183} INFO - Processing /Users/prasenjeet.gadhe/Documents/05. Nokia_PoV/Parallel_Test/venv/lib/python3.9/site-packages/airflow/example_dags/example_display_name.py took 0.082 seconds
[2025-04-02T16:57:25.326-0400] {processor.py:161} INFO - Started process (PID=99886) to work on /Users/prasenjeet.gadhe/Documents/05. Nokia_PoV/Parallel_Test/venv/lib/python3.9/site-packages/airflow/example_dags/example_display_name.py
[2025-04-02T16:57:25.327-0400] {processor.py:830} INFO - Processing file /Users/prasenjeet.gadhe/Documents/05. Nokia_PoV/Parallel_Test/venv/lib/python3.9/site-packages/airflow/example_dags/example_display_name.py for tasks to queue
[2025-04-02T16:57:25.327-0400] {logging_mixin.py:188} INFO - [2025-04-02T16:57:25.327-0400] {dagbag.py:540} INFO - Filling up the DagBag from /Users/prasenjeet.gadhe/Documents/05. Nokia_PoV/Parallel_Test/venv/lib/python3.9/site-packages/airflow/example_dags/example_display_name.py
[2025-04-02T16:57:25.342-0400] {processor.py:840} INFO - DAG(s) 'example_display_name' retrieved from /Users/prasenjeet.gadhe/Documents/05. Nokia_PoV/Parallel_Test/venv/lib/python3.9/site-packages/airflow/example_dags/example_display_name.py
[2025-04-02T16:57:25.397-0400] {logging_mixin.py:188} INFO - [2025-04-02T16:57:25.396-0400] {dag.py:3096} INFO - Sync 1 DAGs
[2025-04-02T16:57:25.400-0400] {logging_mixin.py:188} INFO - [2025-04-02T16:57:25.400-0400] {dag.py:3954} INFO - Setting next_dagrun for example_display_name to None, run_after=None
[2025-04-02T16:57:25.406-0400] {processor.py:183} INFO - Processing /Users/prasenjeet.gadhe/Documents/05. Nokia_PoV/Parallel_Test/venv/lib/python3.9/site-packages/airflow/example_dags/example_display_name.py took 0.081 seconds
[2025-04-02T16:59:16.197-0400] {processor.py:161} INFO - Started process (PID=13781) to work on /Users/prasenjeet.gadhe/Documents/05. Nokia_PoV/Parallel_Test/venv/lib/python3.9/site-packages/airflow/example_dags/example_display_name.py
[2025-04-02T16:59:16.198-0400] {processor.py:830} INFO - Processing file /Users/prasenjeet.gadhe/Documents/05. Nokia_PoV/Parallel_Test/venv/lib/python3.9/site-packages/airflow/example_dags/example_display_name.py for tasks to queue
[2025-04-02T16:59:16.199-0400] {logging_mixin.py:188} INFO - [2025-04-02T16:59:16.199-0400] {dagbag.py:540} INFO - Filling up the DagBag from /Users/prasenjeet.gadhe/Documents/05. Nokia_PoV/Parallel_Test/venv/lib/python3.9/site-packages/airflow/example_dags/example_display_name.py
[2025-04-02T16:59:16.212-0400] {processor.py:840} INFO - DAG(s) 'example_display_name' retrieved from /Users/prasenjeet.gadhe/Documents/05. Nokia_PoV/Parallel_Test/venv/lib/python3.9/site-packages/airflow/example_dags/example_display_name.py
[2025-04-02T16:59:16.265-0400] {logging_mixin.py:188} INFO - [2025-04-02T16:59:16.264-0400] {dag.py:3096} INFO - Sync 1 DAGs
[2025-04-02T16:59:16.268-0400] {logging_mixin.py:188} INFO - [2025-04-02T16:59:16.268-0400] {dag.py:3954} INFO - Setting next_dagrun for example_display_name to None, run_after=None
[2025-04-02T16:59:16.274-0400] {processor.py:183} INFO - Processing /Users/prasenjeet.gadhe/Documents/05. Nokia_PoV/Parallel_Test/venv/lib/python3.9/site-packages/airflow/example_dags/example_display_name.py took 0.079 seconds
[2025-04-02T17:01:09.751-0400] {processor.py:161} INFO - Started process (PID=27768) to work on /Users/prasenjeet.gadhe/Documents/05. Nokia_PoV/Parallel_Test/venv/lib/python3.9/site-packages/airflow/example_dags/example_display_name.py
[2025-04-02T17:01:09.753-0400] {processor.py:830} INFO - Processing file /Users/prasenjeet.gadhe/Documents/05. Nokia_PoV/Parallel_Test/venv/lib/python3.9/site-packages/airflow/example_dags/example_display_name.py for tasks to queue
[2025-04-02T17:01:09.753-0400] {logging_mixin.py:188} INFO - [2025-04-02T17:01:09.753-0400] {dagbag.py:540} INFO - Filling up the DagBag from /Users/prasenjeet.gadhe/Documents/05. Nokia_PoV/Parallel_Test/venv/lib/python3.9/site-packages/airflow/example_dags/example_display_name.py
[2025-04-02T17:01:09.767-0400] {processor.py:840} INFO - DAG(s) 'example_display_name' retrieved from /Users/prasenjeet.gadhe/Documents/05. Nokia_PoV/Parallel_Test/venv/lib/python3.9/site-packages/airflow/example_dags/example_display_name.py
[2025-04-02T17:01:09.819-0400] {logging_mixin.py:188} INFO - [2025-04-02T17:01:09.819-0400] {dag.py:3096} INFO - Sync 1 DAGs
[2025-04-02T17:01:09.822-0400] {logging_mixin.py:188} INFO - [2025-04-02T17:01:09.822-0400] {dag.py:3954} INFO - Setting next_dagrun for example_display_name to None, run_after=None
[2025-04-02T17:01:09.829-0400] {processor.py:183} INFO - Processing /Users/prasenjeet.gadhe/Documents/05. Nokia_PoV/Parallel_Test/venv/lib/python3.9/site-packages/airflow/example_dags/example_display_name.py took 0.079 seconds
[2025-04-02T17:03:03.170-0400] {processor.py:161} INFO - Started process (PID=41644) to work on /Users/prasenjeet.gadhe/Documents/05. Nokia_PoV/Parallel_Test/venv/lib/python3.9/site-packages/airflow/example_dags/example_display_name.py
[2025-04-02T17:03:03.171-0400] {processor.py:830} INFO - Processing file /Users/prasenjeet.gadhe/Documents/05. Nokia_PoV/Parallel_Test/venv/lib/python3.9/site-packages/airflow/example_dags/example_display_name.py for tasks to queue
[2025-04-02T17:03:03.172-0400] {logging_mixin.py:188} INFO - [2025-04-02T17:03:03.172-0400] {dagbag.py:540} INFO - Filling up the DagBag from /Users/prasenjeet.gadhe/Documents/05. Nokia_PoV/Parallel_Test/venv/lib/python3.9/site-packages/airflow/example_dags/example_display_name.py
[2025-04-02T17:03:03.187-0400] {processor.py:840} INFO - DAG(s) 'example_display_name' retrieved from /Users/prasenjeet.gadhe/Documents/05. Nokia_PoV/Parallel_Test/venv/lib/python3.9/site-packages/airflow/example_dags/example_display_name.py
[2025-04-02T17:03:03.244-0400] {logging_mixin.py:188} INFO - [2025-04-02T17:03:03.244-0400] {dag.py:3096} INFO - Sync 1 DAGs
[2025-04-02T17:03:03.247-0400] {logging_mixin.py:188} INFO - [2025-04-02T17:03:03.247-0400] {dag.py:3954} INFO - Setting next_dagrun for example_display_name to None, run_after=None
[2025-04-02T17:03:03.254-0400] {processor.py:183} INFO - Processing /Users/prasenjeet.gadhe/Documents/05. Nokia_PoV/Parallel_Test/venv/lib/python3.9/site-packages/airflow/example_dags/example_display_name.py took 0.084 seconds
[2025-04-02T17:04:52.816-0400] {processor.py:161} INFO - Started process (PID=55096) to work on /Users/prasenjeet.gadhe/Documents/05. Nokia_PoV/Parallel_Test/venv/lib/python3.9/site-packages/airflow/example_dags/example_display_name.py
[2025-04-02T17:04:52.818-0400] {processor.py:830} INFO - Processing file /Users/prasenjeet.gadhe/Documents/05. Nokia_PoV/Parallel_Test/venv/lib/python3.9/site-packages/airflow/example_dags/example_display_name.py for tasks to queue
[2025-04-02T17:04:52.818-0400] {logging_mixin.py:188} INFO - [2025-04-02T17:04:52.818-0400] {dagbag.py:540} INFO - Filling up the DagBag from /Users/prasenjeet.gadhe/Documents/05. Nokia_PoV/Parallel_Test/venv/lib/python3.9/site-packages/airflow/example_dags/example_display_name.py
[2025-04-02T17:04:52.832-0400] {processor.py:840} INFO - DAG(s) 'example_display_name' retrieved from /Users/prasenjeet.gadhe/Documents/05. Nokia_PoV/Parallel_Test/venv/lib/python3.9/site-packages/airflow/example_dags/example_display_name.py
[2025-04-02T17:04:52.891-0400] {logging_mixin.py:188} INFO - [2025-04-02T17:04:52.891-0400] {dag.py:3096} INFO - Sync 1 DAGs
[2025-04-02T17:04:52.894-0400] {logging_mixin.py:188} INFO - [2025-04-02T17:04:52.894-0400] {dag.py:3954} INFO - Setting next_dagrun for example_display_name to None, run_after=None
[2025-04-02T17:04:52.902-0400] {processor.py:183} INFO - Processing /Users/prasenjeet.gadhe/Documents/05. Nokia_PoV/Parallel_Test/venv/lib/python3.9/site-packages/airflow/example_dags/example_display_name.py took 0.086 seconds
[2025-04-02T17:06:41.156-0400] {processor.py:161} INFO - Started process (PID=68441) to work on /Users/prasenjeet.gadhe/Documents/05. Nokia_PoV/Parallel_Test/venv/lib/python3.9/site-packages/airflow/example_dags/example_display_name.py
[2025-04-02T17:06:41.158-0400] {processor.py:830} INFO - Processing file /Users/prasenjeet.gadhe/Documents/05. Nokia_PoV/Parallel_Test/venv/lib/python3.9/site-packages/airflow/example_dags/example_display_name.py for tasks to queue
[2025-04-02T17:06:41.158-0400] {logging_mixin.py:188} INFO - [2025-04-02T17:06:41.158-0400] {dagbag.py:540} INFO - Filling up the DagBag from /Users/prasenjeet.gadhe/Documents/05. Nokia_PoV/Parallel_Test/venv/lib/python3.9/site-packages/airflow/example_dags/example_display_name.py
[2025-04-02T17:06:41.174-0400] {processor.py:840} INFO - DAG(s) 'example_display_name' retrieved from /Users/prasenjeet.gadhe/Documents/05. Nokia_PoV/Parallel_Test/venv/lib/python3.9/site-packages/airflow/example_dags/example_display_name.py
[2025-04-02T17:06:41.238-0400] {logging_mixin.py:188} INFO - [2025-04-02T17:06:41.238-0400] {dag.py:3096} INFO - Sync 1 DAGs
[2025-04-02T17:06:41.242-0400] {logging_mixin.py:188} INFO - [2025-04-02T17:06:41.242-0400] {dag.py:3954} INFO - Setting next_dagrun for example_display_name to None, run_after=None
[2025-04-02T17:06:41.250-0400] {processor.py:183} INFO - Processing /Users/prasenjeet.gadhe/Documents/05. Nokia_PoV/Parallel_Test/venv/lib/python3.9/site-packages/airflow/example_dags/example_display_name.py took 0.095 seconds
[2025-04-02T17:08:34.134-0400] {processor.py:161} INFO - Started process (PID=82392) to work on /Users/prasenjeet.gadhe/Documents/05. Nokia_PoV/Parallel_Test/venv/lib/python3.9/site-packages/airflow/example_dags/example_display_name.py
[2025-04-02T17:08:34.135-0400] {processor.py:830} INFO - Processing file /Users/prasenjeet.gadhe/Documents/05. Nokia_PoV/Parallel_Test/venv/lib/python3.9/site-packages/airflow/example_dags/example_display_name.py for tasks to queue
[2025-04-02T17:08:34.135-0400] {logging_mixin.py:188} INFO - [2025-04-02T17:08:34.135-0400] {dagbag.py:540} INFO - Filling up the DagBag from /Users/prasenjeet.gadhe/Documents/05. Nokia_PoV/Parallel_Test/venv/lib/python3.9/site-packages/airflow/example_dags/example_display_name.py
[2025-04-02T17:08:34.151-0400] {processor.py:840} INFO - DAG(s) 'example_display_name' retrieved from /Users/prasenjeet.gadhe/Documents/05. Nokia_PoV/Parallel_Test/venv/lib/python3.9/site-packages/airflow/example_dags/example_display_name.py
[2025-04-02T17:08:34.207-0400] {logging_mixin.py:188} INFO - [2025-04-02T17:08:34.207-0400] {dag.py:3096} INFO - Sync 1 DAGs
[2025-04-02T17:08:34.210-0400] {logging_mixin.py:188} INFO - [2025-04-02T17:08:34.210-0400] {dag.py:3954} INFO - Setting next_dagrun for example_display_name to None, run_after=None
[2025-04-02T17:08:34.217-0400] {processor.py:183} INFO - Processing /Users/prasenjeet.gadhe/Documents/05. Nokia_PoV/Parallel_Test/venv/lib/python3.9/site-packages/airflow/example_dags/example_display_name.py took 0.084 seconds
[2025-04-02T17:10:31.096-0400] {processor.py:161} INFO - Started process (PID=96837) to work on /Users/prasenjeet.gadhe/Documents/05. Nokia_PoV/Parallel_Test/venv/lib/python3.9/site-packages/airflow/example_dags/example_display_name.py
[2025-04-02T17:10:31.098-0400] {processor.py:830} INFO - Processing file /Users/prasenjeet.gadhe/Documents/05. Nokia_PoV/Parallel_Test/venv/lib/python3.9/site-packages/airflow/example_dags/example_display_name.py for tasks to queue
[2025-04-02T17:10:31.099-0400] {logging_mixin.py:188} INFO - [2025-04-02T17:10:31.099-0400] {dagbag.py:540} INFO - Filling up the DagBag from /Users/prasenjeet.gadhe/Documents/05. Nokia_PoV/Parallel_Test/venv/lib/python3.9/site-packages/airflow/example_dags/example_display_name.py
[2025-04-02T17:10:31.112-0400] {processor.py:840} INFO - DAG(s) 'example_display_name' retrieved from /Users/prasenjeet.gadhe/Documents/05. Nokia_PoV/Parallel_Test/venv/lib/python3.9/site-packages/airflow/example_dags/example_display_name.py
[2025-04-02T17:10:31.164-0400] {logging_mixin.py:188} INFO - [2025-04-02T17:10:31.163-0400] {dag.py:3096} INFO - Sync 1 DAGs
[2025-04-02T17:10:31.167-0400] {logging_mixin.py:188} INFO - [2025-04-02T17:10:31.167-0400] {dag.py:3954} INFO - Setting next_dagrun for example_display_name to None, run_after=None
[2025-04-02T17:10:31.173-0400] {processor.py:183} INFO - Processing /Users/prasenjeet.gadhe/Documents/05. Nokia_PoV/Parallel_Test/venv/lib/python3.9/site-packages/airflow/example_dags/example_display_name.py took 0.078 seconds
[2025-04-02T17:12:23.855-0400] {processor.py:161} INFO - Started process (PID=11090) to work on /Users/prasenjeet.gadhe/Documents/05. Nokia_PoV/Parallel_Test/venv/lib/python3.9/site-packages/airflow/example_dags/example_display_name.py
[2025-04-02T17:12:23.857-0400] {processor.py:830} INFO - Processing file /Users/prasenjeet.gadhe/Documents/05. Nokia_PoV/Parallel_Test/venv/lib/python3.9/site-packages/airflow/example_dags/example_display_name.py for tasks to queue
[2025-04-02T17:12:23.857-0400] {logging_mixin.py:188} INFO - [2025-04-02T17:12:23.857-0400] {dagbag.py:540} INFO - Filling up the DagBag from /Users/prasenjeet.gadhe/Documents/05. Nokia_PoV/Parallel_Test/venv/lib/python3.9/site-packages/airflow/example_dags/example_display_name.py
[2025-04-02T17:12:23.872-0400] {processor.py:840} INFO - DAG(s) 'example_display_name' retrieved from /Users/prasenjeet.gadhe/Documents/05. Nokia_PoV/Parallel_Test/venv/lib/python3.9/site-packages/airflow/example_dags/example_display_name.py
[2025-04-02T17:12:23.927-0400] {logging_mixin.py:188} INFO - [2025-04-02T17:12:23.927-0400] {dag.py:3096} INFO - Sync 1 DAGs
[2025-04-02T17:12:23.931-0400] {logging_mixin.py:188} INFO - [2025-04-02T17:12:23.930-0400] {dag.py:3954} INFO - Setting next_dagrun for example_display_name to None, run_after=None
[2025-04-02T17:12:23.937-0400] {processor.py:183} INFO - Processing /Users/prasenjeet.gadhe/Documents/05. Nokia_PoV/Parallel_Test/venv/lib/python3.9/site-packages/airflow/example_dags/example_display_name.py took 0.083 seconds
