[2025-04-02T16:39:27.581-0400] {processor.py:161} INFO - Started process (PID=65879) to work on /Users/prasenjeet.gadhe/Documents/05. Nokia_PoV/Parallel_Test/venv/lib/python3.9/site-packages/airflow/example_dags/example_time_delta_sensor_async.py
[2025-04-02T16:39:27.582-0400] {processor.py:830} INFO - Processing file /Users/prasenjeet.gadhe/Documents/05. Nokia_PoV/Parallel_Test/venv/lib/python3.9/site-packages/airflow/example_dags/example_time_delta_sensor_async.py for tasks to queue
[2025-04-02T16:39:27.582-0400] {logging_mixin.py:188} INFO - [2025-04-02T16:39:27.582-0400] {dagbag.py:540} INFO - Filling up the DagBag from /Users/prasenjeet.gadhe/Documents/05. Nokia_PoV/Parallel_Test/venv/lib/python3.9/site-packages/airflow/example_dags/example_time_delta_sensor_async.py
[2025-04-02T16:39:27.586-0400] {processor.py:840} INFO - DAG(s) 'example_time_delta_sensor_async' retrieved from /Users/prasenjeet.gadhe/Documents/05. Nokia_PoV/Parallel_Test/venv/lib/python3.9/site-packages/airflow/example_dags/example_time_delta_sensor_async.py
[2025-04-02T16:39:27.688-0400] {logging_mixin.py:188} INFO - [2025-04-02T16:39:27.688-0400] {override.py:1829} INFO - Created Permission View: can edit on DAG:example_time_delta_sensor_async
[2025-04-02T16:39:27.691-0400] {logging_mixin.py:188} INFO - [2025-04-02T16:39:27.691-0400] {override.py:1829} INFO - Created Permission View: can delete on DAG:example_time_delta_sensor_async
[2025-04-02T16:39:27.693-0400] {logging_mixin.py:188} INFO - [2025-04-02T16:39:27.693-0400] {override.py:1829} INFO - Created Permission View: can read on DAG:example_time_delta_sensor_async
[2025-04-02T16:39:27.693-0400] {logging_mixin.py:188} INFO - [2025-04-02T16:39:27.693-0400] {dag.py:3096} INFO - Sync 1 DAGs
[2025-04-02T16:39:27.696-0400] {logging_mixin.py:188} INFO - [2025-04-02T16:39:27.696-0400] {dag.py:3118} INFO - Creating ORM DAG for example_time_delta_sensor_async
[2025-04-02T16:39:27.696-0400] {logging_mixin.py:188} INFO - [2025-04-02T16:39:27.696-0400] {dag.py:3954} INFO - Setting next_dagrun for example_time_delta_sensor_async to None, run_after=None
[2025-04-02T16:39:27.702-0400] {processor.py:183} INFO - Processing /Users/prasenjeet.gadhe/Documents/05. Nokia_PoV/Parallel_Test/venv/lib/python3.9/site-packages/airflow/example_dags/example_time_delta_sensor_async.py took 0.122 seconds
[2025-04-02T16:40:55.531-0400] {processor.py:161} INFO - Started process (PID=76918) to work on /Users/prasenjeet.gadhe/Documents/05. Nokia_PoV/Parallel_Test/venv/lib/python3.9/site-packages/airflow/example_dags/example_time_delta_sensor_async.py
[2025-04-02T16:40:55.533-0400] {processor.py:830} INFO - Processing file /Users/prasenjeet.gadhe/Documents/05. Nokia_PoV/Parallel_Test/venv/lib/python3.9/site-packages/airflow/example_dags/example_time_delta_sensor_async.py for tasks to queue
[2025-04-02T16:40:55.534-0400] {logging_mixin.py:188} INFO - [2025-04-02T16:40:55.533-0400] {dagbag.py:540} INFO - Filling up the DagBag from /Users/prasenjeet.gadhe/Documents/05. Nokia_PoV/Parallel_Test/venv/lib/python3.9/site-packages/airflow/example_dags/example_time_delta_sensor_async.py
[2025-04-02T16:40:55.538-0400] {processor.py:840} INFO - DAG(s) 'example_time_delta_sensor_async' retrieved from /Users/prasenjeet.gadhe/Documents/05. Nokia_PoV/Parallel_Test/venv/lib/python3.9/site-packages/airflow/example_dags/example_time_delta_sensor_async.py
[2025-04-02T16:40:55.596-0400] {logging_mixin.py:188} INFO - [2025-04-02T16:40:55.596-0400] {dag.py:3096} INFO - Sync 1 DAGs
[2025-04-02T16:40:55.600-0400] {logging_mixin.py:188} INFO - [2025-04-02T16:40:55.600-0400] {dag.py:3954} INFO - Setting next_dagrun for example_time_delta_sensor_async to None, run_after=None
[2025-04-02T16:40:55.606-0400] {processor.py:183} INFO - Processing /Users/prasenjeet.gadhe/Documents/05. Nokia_PoV/Parallel_Test/venv/lib/python3.9/site-packages/airflow/example_dags/example_time_delta_sensor_async.py took 0.075 seconds
[2025-04-02T16:41:52.951-0400] {processor.py:161} INFO - Started process (PID=84133) to work on /Users/prasenjeet.gadhe/Documents/05. Nokia_PoV/Parallel_Test/venv/lib/python3.9/site-packages/airflow/example_dags/example_time_delta_sensor_async.py
[2025-04-02T16:41:52.953-0400] {processor.py:830} INFO - Processing file /Users/prasenjeet.gadhe/Documents/05. Nokia_PoV/Parallel_Test/venv/lib/python3.9/site-packages/airflow/example_dags/example_time_delta_sensor_async.py for tasks to queue
[2025-04-02T16:41:52.953-0400] {logging_mixin.py:188} INFO - [2025-04-02T16:41:52.953-0400] {dagbag.py:540} INFO - Filling up the DagBag from /Users/prasenjeet.gadhe/Documents/05. Nokia_PoV/Parallel_Test/venv/lib/python3.9/site-packages/airflow/example_dags/example_time_delta_sensor_async.py
[2025-04-02T16:41:52.957-0400] {processor.py:840} INFO - DAG(s) 'example_time_delta_sensor_async' retrieved from /Users/prasenjeet.gadhe/Documents/05. Nokia_PoV/Parallel_Test/venv/lib/python3.9/site-packages/airflow/example_dags/example_time_delta_sensor_async.py
[2025-04-02T16:41:53.016-0400] {logging_mixin.py:188} INFO - [2025-04-02T16:41:53.016-0400] {dag.py:3096} INFO - Sync 1 DAGs
[2025-04-02T16:41:53.019-0400] {logging_mixin.py:188} INFO - [2025-04-02T16:41:53.019-0400] {dag.py:3954} INFO - Setting next_dagrun for example_time_delta_sensor_async to None, run_after=None
[2025-04-02T16:41:53.025-0400] {processor.py:183} INFO - Processing /Users/prasenjeet.gadhe/Documents/05. Nokia_PoV/Parallel_Test/venv/lib/python3.9/site-packages/airflow/example_dags/example_time_delta_sensor_async.py took 0.075 seconds
[2025-04-02T16:42:52.274-0400] {processor.py:161} INFO - Started process (PID=91444) to work on /Users/prasenjeet.gadhe/Documents/05. Nokia_PoV/Parallel_Test/venv/lib/python3.9/site-packages/airflow/example_dags/example_time_delta_sensor_async.py
[2025-04-02T16:42:52.275-0400] {processor.py:830} INFO - Processing file /Users/prasenjeet.gadhe/Documents/05. Nokia_PoV/Parallel_Test/venv/lib/python3.9/site-packages/airflow/example_dags/example_time_delta_sensor_async.py for tasks to queue
[2025-04-02T16:42:52.276-0400] {logging_mixin.py:188} INFO - [2025-04-02T16:42:52.276-0400] {dagbag.py:540} INFO - Filling up the DagBag from /Users/prasenjeet.gadhe/Documents/05. Nokia_PoV/Parallel_Test/venv/lib/python3.9/site-packages/airflow/example_dags/example_time_delta_sensor_async.py
[2025-04-02T16:42:52.281-0400] {processor.py:840} INFO - DAG(s) 'example_time_delta_sensor_async' retrieved from /Users/prasenjeet.gadhe/Documents/05. Nokia_PoV/Parallel_Test/venv/lib/python3.9/site-packages/airflow/example_dags/example_time_delta_sensor_async.py
[2025-04-02T16:42:52.344-0400] {logging_mixin.py:188} INFO - [2025-04-02T16:42:52.344-0400] {dag.py:3096} INFO - Sync 1 DAGs
[2025-04-02T16:42:52.348-0400] {logging_mixin.py:188} INFO - [2025-04-02T16:42:52.347-0400] {dag.py:3954} INFO - Setting next_dagrun for example_time_delta_sensor_async to None, run_after=None
[2025-04-02T16:42:52.354-0400] {processor.py:183} INFO - Processing /Users/prasenjeet.gadhe/Documents/05. Nokia_PoV/Parallel_Test/venv/lib/python3.9/site-packages/airflow/example_dags/example_time_delta_sensor_async.py took 0.081 seconds
[2025-04-02T16:43:48.624-0400] {processor.py:161} INFO - Started process (PID=98359) to work on /Users/prasenjeet.gadhe/Documents/05. Nokia_PoV/Parallel_Test/venv/lib/python3.9/site-packages/airflow/example_dags/example_time_delta_sensor_async.py
[2025-04-02T16:43:48.626-0400] {processor.py:830} INFO - Processing file /Users/prasenjeet.gadhe/Documents/05. Nokia_PoV/Parallel_Test/venv/lib/python3.9/site-packages/airflow/example_dags/example_time_delta_sensor_async.py for tasks to queue
[2025-04-02T16:43:48.626-0400] {logging_mixin.py:188} INFO - [2025-04-02T16:43:48.626-0400] {dagbag.py:540} INFO - Filling up the DagBag from /Users/prasenjeet.gadhe/Documents/05. Nokia_PoV/Parallel_Test/venv/lib/python3.9/site-packages/airflow/example_dags/example_time_delta_sensor_async.py
[2025-04-02T16:43:48.631-0400] {processor.py:840} INFO - DAG(s) 'example_time_delta_sensor_async' retrieved from /Users/prasenjeet.gadhe/Documents/05. Nokia_PoV/Parallel_Test/venv/lib/python3.9/site-packages/airflow/example_dags/example_time_delta_sensor_async.py
[2025-04-02T16:43:48.691-0400] {logging_mixin.py:188} INFO - [2025-04-02T16:43:48.691-0400] {dag.py:3096} INFO - Sync 1 DAGs
[2025-04-02T16:43:48.694-0400] {logging_mixin.py:188} INFO - [2025-04-02T16:43:48.694-0400] {dag.py:3954} INFO - Setting next_dagrun for example_time_delta_sensor_async to None, run_after=None
[2025-04-02T16:43:48.700-0400] {processor.py:183} INFO - Processing /Users/prasenjeet.gadhe/Documents/05. Nokia_PoV/Parallel_Test/venv/lib/python3.9/site-packages/airflow/example_dags/example_time_delta_sensor_async.py took 0.077 seconds
[2025-04-02T16:45:48.514-0400] {processor.py:161} INFO - Started process (PID=13544) to work on /Users/prasenjeet.gadhe/Documents/05. Nokia_PoV/Parallel_Test/venv/lib/python3.9/site-packages/airflow/example_dags/example_time_delta_sensor_async.py
[2025-04-02T16:45:48.515-0400] {processor.py:830} INFO - Processing file /Users/prasenjeet.gadhe/Documents/05. Nokia_PoV/Parallel_Test/venv/lib/python3.9/site-packages/airflow/example_dags/example_time_delta_sensor_async.py for tasks to queue
[2025-04-02T16:45:48.516-0400] {logging_mixin.py:188} INFO - [2025-04-02T16:45:48.516-0400] {dagbag.py:540} INFO - Filling up the DagBag from /Users/prasenjeet.gadhe/Documents/05. Nokia_PoV/Parallel_Test/venv/lib/python3.9/site-packages/airflow/example_dags/example_time_delta_sensor_async.py
[2025-04-02T16:45:48.520-0400] {processor.py:840} INFO - DAG(s) 'example_time_delta_sensor_async' retrieved from /Users/prasenjeet.gadhe/Documents/05. Nokia_PoV/Parallel_Test/venv/lib/python3.9/site-packages/airflow/example_dags/example_time_delta_sensor_async.py
[2025-04-02T16:45:48.579-0400] {logging_mixin.py:188} INFO - [2025-04-02T16:45:48.579-0400] {dag.py:3096} INFO - Sync 1 DAGs
[2025-04-02T16:45:48.582-0400] {logging_mixin.py:188} INFO - [2025-04-02T16:45:48.582-0400] {dag.py:3954} INFO - Setting next_dagrun for example_time_delta_sensor_async to None, run_after=None
[2025-04-02T16:45:48.589-0400] {processor.py:183} INFO - Processing /Users/prasenjeet.gadhe/Documents/05. Nokia_PoV/Parallel_Test/venv/lib/python3.9/site-packages/airflow/example_dags/example_time_delta_sensor_async.py took 0.076 seconds
[2025-04-02T16:47:16.750-0400] {processor.py:161} INFO - Started process (PID=24539) to work on /Users/prasenjeet.gadhe/Documents/05. Nokia_PoV/Parallel_Test/venv/lib/python3.9/site-packages/airflow/example_dags/example_time_delta_sensor_async.py
[2025-04-02T16:47:16.752-0400] {processor.py:830} INFO - Processing file /Users/prasenjeet.gadhe/Documents/05. Nokia_PoV/Parallel_Test/venv/lib/python3.9/site-packages/airflow/example_dags/example_time_delta_sensor_async.py for tasks to queue
[2025-04-02T16:47:16.752-0400] {logging_mixin.py:188} INFO - [2025-04-02T16:47:16.752-0400] {dagbag.py:540} INFO - Filling up the DagBag from /Users/prasenjeet.gadhe/Documents/05. Nokia_PoV/Parallel_Test/venv/lib/python3.9/site-packages/airflow/example_dags/example_time_delta_sensor_async.py
[2025-04-02T16:47:16.756-0400] {processor.py:840} INFO - DAG(s) 'example_time_delta_sensor_async' retrieved from /Users/prasenjeet.gadhe/Documents/05. Nokia_PoV/Parallel_Test/venv/lib/python3.9/site-packages/airflow/example_dags/example_time_delta_sensor_async.py
[2025-04-02T16:47:16.813-0400] {logging_mixin.py:188} INFO - [2025-04-02T16:47:16.813-0400] {dag.py:3096} INFO - Sync 1 DAGs
[2025-04-02T16:47:16.816-0400] {logging_mixin.py:188} INFO - [2025-04-02T16:47:16.816-0400] {dag.py:3954} INFO - Setting next_dagrun for example_time_delta_sensor_async to None, run_after=None
[2025-04-02T16:47:16.822-0400] {processor.py:183} INFO - Processing /Users/prasenjeet.gadhe/Documents/05. Nokia_PoV/Parallel_Test/venv/lib/python3.9/site-packages/airflow/example_dags/example_time_delta_sensor_async.py took 0.074 seconds
[2025-04-02T16:48:16.153-0400] {processor.py:161} INFO - Started process (PID=31973) to work on /Users/prasenjeet.gadhe/Documents/05. Nokia_PoV/Parallel_Test/venv/lib/python3.9/site-packages/airflow/example_dags/example_time_delta_sensor_async.py
[2025-04-02T16:48:16.154-0400] {processor.py:830} INFO - Processing file /Users/prasenjeet.gadhe/Documents/05. Nokia_PoV/Parallel_Test/venv/lib/python3.9/site-packages/airflow/example_dags/example_time_delta_sensor_async.py for tasks to queue
[2025-04-02T16:48:16.155-0400] {logging_mixin.py:188} INFO - [2025-04-02T16:48:16.155-0400] {dagbag.py:540} INFO - Filling up the DagBag from /Users/prasenjeet.gadhe/Documents/05. Nokia_PoV/Parallel_Test/venv/lib/python3.9/site-packages/airflow/example_dags/example_time_delta_sensor_async.py
[2025-04-02T16:48:16.159-0400] {processor.py:840} INFO - DAG(s) 'example_time_delta_sensor_async' retrieved from /Users/prasenjeet.gadhe/Documents/05. Nokia_PoV/Parallel_Test/venv/lib/python3.9/site-packages/airflow/example_dags/example_time_delta_sensor_async.py
[2025-04-02T16:48:16.214-0400] {logging_mixin.py:188} INFO - [2025-04-02T16:48:16.214-0400] {dag.py:3096} INFO - Sync 1 DAGs
[2025-04-02T16:48:16.217-0400] {logging_mixin.py:188} INFO - [2025-04-02T16:48:16.217-0400] {dag.py:3954} INFO - Setting next_dagrun for example_time_delta_sensor_async to None, run_after=None
[2025-04-02T16:48:16.223-0400] {processor.py:183} INFO - Processing /Users/prasenjeet.gadhe/Documents/05. Nokia_PoV/Parallel_Test/venv/lib/python3.9/site-packages/airflow/example_dags/example_time_delta_sensor_async.py took 0.071 seconds
[2025-04-02T16:49:12.491-0400] {processor.py:161} INFO - Started process (PID=38892) to work on /Users/prasenjeet.gadhe/Documents/05. Nokia_PoV/Parallel_Test/venv/lib/python3.9/site-packages/airflow/example_dags/example_time_delta_sensor_async.py
[2025-04-02T16:49:12.493-0400] {processor.py:830} INFO - Processing file /Users/prasenjeet.gadhe/Documents/05. Nokia_PoV/Parallel_Test/venv/lib/python3.9/site-packages/airflow/example_dags/example_time_delta_sensor_async.py for tasks to queue
[2025-04-02T16:49:12.493-0400] {logging_mixin.py:188} INFO - [2025-04-02T16:49:12.493-0400] {dagbag.py:540} INFO - Filling up the DagBag from /Users/prasenjeet.gadhe/Documents/05. Nokia_PoV/Parallel_Test/venv/lib/python3.9/site-packages/airflow/example_dags/example_time_delta_sensor_async.py
[2025-04-02T16:49:12.497-0400] {processor.py:840} INFO - DAG(s) 'example_time_delta_sensor_async' retrieved from /Users/prasenjeet.gadhe/Documents/05. Nokia_PoV/Parallel_Test/venv/lib/python3.9/site-packages/airflow/example_dags/example_time_delta_sensor_async.py
[2025-04-02T16:49:12.559-0400] {logging_mixin.py:188} INFO - [2025-04-02T16:49:12.559-0400] {dag.py:3096} INFO - Sync 1 DAGs
[2025-04-02T16:49:12.563-0400] {logging_mixin.py:188} INFO - [2025-04-02T16:49:12.563-0400] {dag.py:3954} INFO - Setting next_dagrun for example_time_delta_sensor_async to None, run_after=None
[2025-04-02T16:49:12.570-0400] {processor.py:183} INFO - Processing /Users/prasenjeet.gadhe/Documents/05. Nokia_PoV/Parallel_Test/venv/lib/python3.9/site-packages/airflow/example_dags/example_time_delta_sensor_async.py took 0.080 seconds
[2025-04-02T16:50:59.431-0400] {processor.py:161} INFO - Started process (PID=52086) to work on /Users/prasenjeet.gadhe/Documents/05. Nokia_PoV/Parallel_Test/venv/lib/python3.9/site-packages/airflow/example_dags/example_time_delta_sensor_async.py
[2025-04-02T16:50:59.433-0400] {processor.py:830} INFO - Processing file /Users/prasenjeet.gadhe/Documents/05. Nokia_PoV/Parallel_Test/venv/lib/python3.9/site-packages/airflow/example_dags/example_time_delta_sensor_async.py for tasks to queue
[2025-04-02T16:50:59.433-0400] {logging_mixin.py:188} INFO - [2025-04-02T16:50:59.433-0400] {dagbag.py:540} INFO - Filling up the DagBag from /Users/prasenjeet.gadhe/Documents/05. Nokia_PoV/Parallel_Test/venv/lib/python3.9/site-packages/airflow/example_dags/example_time_delta_sensor_async.py
[2025-04-02T16:50:59.437-0400] {processor.py:840} INFO - DAG(s) 'example_time_delta_sensor_async' retrieved from /Users/prasenjeet.gadhe/Documents/05. Nokia_PoV/Parallel_Test/venv/lib/python3.9/site-packages/airflow/example_dags/example_time_delta_sensor_async.py
[2025-04-02T16:50:59.494-0400] {logging_mixin.py:188} INFO - [2025-04-02T16:50:59.494-0400] {dag.py:3096} INFO - Sync 1 DAGs
[2025-04-02T16:50:59.497-0400] {logging_mixin.py:188} INFO - [2025-04-02T16:50:59.497-0400] {dag.py:3954} INFO - Setting next_dagrun for example_time_delta_sensor_async to None, run_after=None
[2025-04-02T16:50:59.503-0400] {processor.py:183} INFO - Processing /Users/prasenjeet.gadhe/Documents/05. Nokia_PoV/Parallel_Test/venv/lib/python3.9/site-packages/airflow/example_dags/example_time_delta_sensor_async.py took 0.074 seconds
[2025-04-02T16:52:30.141-0400] {processor.py:161} INFO - Started process (PID=63400) to work on /Users/prasenjeet.gadhe/Documents/05. Nokia_PoV/Parallel_Test/venv/lib/python3.9/site-packages/airflow/example_dags/example_time_delta_sensor_async.py
[2025-04-02T16:52:30.143-0400] {processor.py:830} INFO - Processing file /Users/prasenjeet.gadhe/Documents/05. Nokia_PoV/Parallel_Test/venv/lib/python3.9/site-packages/airflow/example_dags/example_time_delta_sensor_async.py for tasks to queue
[2025-04-02T16:52:30.144-0400] {logging_mixin.py:188} INFO - [2025-04-02T16:52:30.143-0400] {dagbag.py:540} INFO - Filling up the DagBag from /Users/prasenjeet.gadhe/Documents/05. Nokia_PoV/Parallel_Test/venv/lib/python3.9/site-packages/airflow/example_dags/example_time_delta_sensor_async.py
[2025-04-02T16:52:30.148-0400] {processor.py:840} INFO - DAG(s) 'example_time_delta_sensor_async' retrieved from /Users/prasenjeet.gadhe/Documents/05. Nokia_PoV/Parallel_Test/venv/lib/python3.9/site-packages/airflow/example_dags/example_time_delta_sensor_async.py
[2025-04-02T16:52:30.203-0400] {logging_mixin.py:188} INFO - [2025-04-02T16:52:30.203-0400] {dag.py:3096} INFO - Sync 1 DAGs
[2025-04-02T16:52:30.206-0400] {logging_mixin.py:188} INFO - [2025-04-02T16:52:30.206-0400] {dag.py:3954} INFO - Setting next_dagrun for example_time_delta_sensor_async to None, run_after=None
[2025-04-02T16:52:30.212-0400] {processor.py:183} INFO - Processing /Users/prasenjeet.gadhe/Documents/05. Nokia_PoV/Parallel_Test/venv/lib/python3.9/site-packages/airflow/example_dags/example_time_delta_sensor_async.py took 0.072 seconds
[2025-04-02T16:53:25.690-0400] {processor.py:161} INFO - Started process (PID=70197) to work on /Users/prasenjeet.gadhe/Documents/05. Nokia_PoV/Parallel_Test/venv/lib/python3.9/site-packages/airflow/example_dags/example_time_delta_sensor_async.py
[2025-04-02T16:53:25.692-0400] {processor.py:830} INFO - Processing file /Users/prasenjeet.gadhe/Documents/05. Nokia_PoV/Parallel_Test/venv/lib/python3.9/site-packages/airflow/example_dags/example_time_delta_sensor_async.py for tasks to queue
[2025-04-02T16:53:25.692-0400] {logging_mixin.py:188} INFO - [2025-04-02T16:53:25.692-0400] {dagbag.py:540} INFO - Filling up the DagBag from /Users/prasenjeet.gadhe/Documents/05. Nokia_PoV/Parallel_Test/venv/lib/python3.9/site-packages/airflow/example_dags/example_time_delta_sensor_async.py
[2025-04-02T16:53:25.696-0400] {processor.py:840} INFO - DAG(s) 'example_time_delta_sensor_async' retrieved from /Users/prasenjeet.gadhe/Documents/05. Nokia_PoV/Parallel_Test/venv/lib/python3.9/site-packages/airflow/example_dags/example_time_delta_sensor_async.py
[2025-04-02T16:53:25.752-0400] {logging_mixin.py:188} INFO - [2025-04-02T16:53:25.752-0400] {dag.py:3096} INFO - Sync 1 DAGs
[2025-04-02T16:53:25.755-0400] {logging_mixin.py:188} INFO - [2025-04-02T16:53:25.755-0400] {dag.py:3954} INFO - Setting next_dagrun for example_time_delta_sensor_async to None, run_after=None
[2025-04-02T16:53:25.761-0400] {processor.py:183} INFO - Processing /Users/prasenjeet.gadhe/Documents/05. Nokia_PoV/Parallel_Test/venv/lib/python3.9/site-packages/airflow/example_dags/example_time_delta_sensor_async.py took 0.072 seconds
[2025-04-02T16:55:15.317-0400] {processor.py:161} INFO - Started process (PID=83796) to work on /Users/prasenjeet.gadhe/Documents/05. Nokia_PoV/Parallel_Test/venv/lib/python3.9/site-packages/airflow/example_dags/example_time_delta_sensor_async.py
[2025-04-02T16:55:15.320-0400] {processor.py:830} INFO - Processing file /Users/prasenjeet.gadhe/Documents/05. Nokia_PoV/Parallel_Test/venv/lib/python3.9/site-packages/airflow/example_dags/example_time_delta_sensor_async.py for tasks to queue
[2025-04-02T16:55:15.320-0400] {logging_mixin.py:188} INFO - [2025-04-02T16:55:15.320-0400] {dagbag.py:540} INFO - Filling up the DagBag from /Users/prasenjeet.gadhe/Documents/05. Nokia_PoV/Parallel_Test/venv/lib/python3.9/site-packages/airflow/example_dags/example_time_delta_sensor_async.py
[2025-04-02T16:55:15.325-0400] {processor.py:840} INFO - DAG(s) 'example_time_delta_sensor_async' retrieved from /Users/prasenjeet.gadhe/Documents/05. Nokia_PoV/Parallel_Test/venv/lib/python3.9/site-packages/airflow/example_dags/example_time_delta_sensor_async.py
[2025-04-02T16:55:15.396-0400] {logging_mixin.py:188} INFO - [2025-04-02T16:55:15.396-0400] {dag.py:3096} INFO - Sync 1 DAGs
[2025-04-02T16:55:15.400-0400] {logging_mixin.py:188} INFO - [2025-04-02T16:55:15.400-0400] {dag.py:3954} INFO - Setting next_dagrun for example_time_delta_sensor_async to None, run_after=None
[2025-04-02T16:55:15.407-0400] {processor.py:183} INFO - Processing /Users/prasenjeet.gadhe/Documents/05. Nokia_PoV/Parallel_Test/venv/lib/python3.9/site-packages/airflow/example_dags/example_time_delta_sensor_async.py took 0.091 seconds
[2025-04-02T16:56:15.783-0400] {processor.py:161} INFO - Started process (PID=91343) to work on /Users/prasenjeet.gadhe/Documents/05. Nokia_PoV/Parallel_Test/venv/lib/python3.9/site-packages/airflow/example_dags/example_time_delta_sensor_async.py
[2025-04-02T16:56:15.785-0400] {processor.py:830} INFO - Processing file /Users/prasenjeet.gadhe/Documents/05. Nokia_PoV/Parallel_Test/venv/lib/python3.9/site-packages/airflow/example_dags/example_time_delta_sensor_async.py for tasks to queue
[2025-04-02T16:56:15.785-0400] {logging_mixin.py:188} INFO - [2025-04-02T16:56:15.785-0400] {dagbag.py:540} INFO - Filling up the DagBag from /Users/prasenjeet.gadhe/Documents/05. Nokia_PoV/Parallel_Test/venv/lib/python3.9/site-packages/airflow/example_dags/example_time_delta_sensor_async.py
[2025-04-02T16:56:15.790-0400] {processor.py:840} INFO - DAG(s) 'example_time_delta_sensor_async' retrieved from /Users/prasenjeet.gadhe/Documents/05. Nokia_PoV/Parallel_Test/venv/lib/python3.9/site-packages/airflow/example_dags/example_time_delta_sensor_async.py
[2025-04-02T16:56:15.856-0400] {logging_mixin.py:188} INFO - [2025-04-02T16:56:15.856-0400] {dag.py:3096} INFO - Sync 1 DAGs
[2025-04-02T16:56:15.860-0400] {logging_mixin.py:188} INFO - [2025-04-02T16:56:15.860-0400] {dag.py:3954} INFO - Setting next_dagrun for example_time_delta_sensor_async to None, run_after=None
[2025-04-02T16:56:15.866-0400] {processor.py:183} INFO - Processing /Users/prasenjeet.gadhe/Documents/05. Nokia_PoV/Parallel_Test/venv/lib/python3.9/site-packages/airflow/example_dags/example_time_delta_sensor_async.py took 0.084 seconds
[2025-04-02T16:57:13.039-0400] {processor.py:161} INFO - Started process (PID=98339) to work on /Users/prasenjeet.gadhe/Documents/05. Nokia_PoV/Parallel_Test/venv/lib/python3.9/site-packages/airflow/example_dags/example_time_delta_sensor_async.py
[2025-04-02T16:57:13.040-0400] {processor.py:830} INFO - Processing file /Users/prasenjeet.gadhe/Documents/05. Nokia_PoV/Parallel_Test/venv/lib/python3.9/site-packages/airflow/example_dags/example_time_delta_sensor_async.py for tasks to queue
[2025-04-02T16:57:13.041-0400] {logging_mixin.py:188} INFO - [2025-04-02T16:57:13.041-0400] {dagbag.py:540} INFO - Filling up the DagBag from /Users/prasenjeet.gadhe/Documents/05. Nokia_PoV/Parallel_Test/venv/lib/python3.9/site-packages/airflow/example_dags/example_time_delta_sensor_async.py
[2025-04-02T16:57:13.045-0400] {processor.py:840} INFO - DAG(s) 'example_time_delta_sensor_async' retrieved from /Users/prasenjeet.gadhe/Documents/05. Nokia_PoV/Parallel_Test/venv/lib/python3.9/site-packages/airflow/example_dags/example_time_delta_sensor_async.py
[2025-04-02T16:57:13.104-0400] {logging_mixin.py:188} INFO - [2025-04-02T16:57:13.103-0400] {dag.py:3096} INFO - Sync 1 DAGs
[2025-04-02T16:57:13.107-0400] {logging_mixin.py:188} INFO - [2025-04-02T16:57:13.107-0400] {dag.py:3954} INFO - Setting next_dagrun for example_time_delta_sensor_async to None, run_after=None
[2025-04-02T16:57:13.113-0400] {processor.py:183} INFO - Processing /Users/prasenjeet.gadhe/Documents/05. Nokia_PoV/Parallel_Test/venv/lib/python3.9/site-packages/airflow/example_dags/example_time_delta_sensor_async.py took 0.075 seconds
[2025-04-02T16:58:08.398-0400] {processor.py:161} INFO - Started process (PID=5481) to work on /Users/prasenjeet.gadhe/Documents/05. Nokia_PoV/Parallel_Test/venv/lib/python3.9/site-packages/airflow/example_dags/example_time_delta_sensor_async.py
[2025-04-02T16:58:08.400-0400] {processor.py:830} INFO - Processing file /Users/prasenjeet.gadhe/Documents/05. Nokia_PoV/Parallel_Test/venv/lib/python3.9/site-packages/airflow/example_dags/example_time_delta_sensor_async.py for tasks to queue
[2025-04-02T16:58:08.400-0400] {logging_mixin.py:188} INFO - [2025-04-02T16:58:08.400-0400] {dagbag.py:540} INFO - Filling up the DagBag from /Users/prasenjeet.gadhe/Documents/05. Nokia_PoV/Parallel_Test/venv/lib/python3.9/site-packages/airflow/example_dags/example_time_delta_sensor_async.py
[2025-04-02T16:58:08.405-0400] {processor.py:840} INFO - DAG(s) 'example_time_delta_sensor_async' retrieved from /Users/prasenjeet.gadhe/Documents/05. Nokia_PoV/Parallel_Test/venv/lib/python3.9/site-packages/airflow/example_dags/example_time_delta_sensor_async.py
[2025-04-02T16:58:08.469-0400] {logging_mixin.py:188} INFO - [2025-04-02T16:58:08.469-0400] {dag.py:3096} INFO - Sync 1 DAGs
[2025-04-02T16:58:08.472-0400] {logging_mixin.py:188} INFO - [2025-04-02T16:58:08.472-0400] {dag.py:3954} INFO - Setting next_dagrun for example_time_delta_sensor_async to None, run_after=None
[2025-04-02T16:58:08.479-0400] {processor.py:183} INFO - Processing /Users/prasenjeet.gadhe/Documents/05. Nokia_PoV/Parallel_Test/venv/lib/python3.9/site-packages/airflow/example_dags/example_time_delta_sensor_async.py took 0.081 seconds
[2025-04-02T16:59:05.174-0400] {processor.py:161} INFO - Started process (PID=12437) to work on /Users/prasenjeet.gadhe/Documents/05. Nokia_PoV/Parallel_Test/venv/lib/python3.9/site-packages/airflow/example_dags/example_time_delta_sensor_async.py
[2025-04-02T16:59:05.176-0400] {processor.py:830} INFO - Processing file /Users/prasenjeet.gadhe/Documents/05. Nokia_PoV/Parallel_Test/venv/lib/python3.9/site-packages/airflow/example_dags/example_time_delta_sensor_async.py for tasks to queue
[2025-04-02T16:59:05.176-0400] {logging_mixin.py:188} INFO - [2025-04-02T16:59:05.176-0400] {dagbag.py:540} INFO - Filling up the DagBag from /Users/prasenjeet.gadhe/Documents/05. Nokia_PoV/Parallel_Test/venv/lib/python3.9/site-packages/airflow/example_dags/example_time_delta_sensor_async.py
[2025-04-02T16:59:05.180-0400] {processor.py:840} INFO - DAG(s) 'example_time_delta_sensor_async' retrieved from /Users/prasenjeet.gadhe/Documents/05. Nokia_PoV/Parallel_Test/venv/lib/python3.9/site-packages/airflow/example_dags/example_time_delta_sensor_async.py
[2025-04-02T16:59:05.239-0400] {logging_mixin.py:188} INFO - [2025-04-02T16:59:05.239-0400] {dag.py:3096} INFO - Sync 1 DAGs
[2025-04-02T16:59:05.243-0400] {logging_mixin.py:188} INFO - [2025-04-02T16:59:05.242-0400] {dag.py:3954} INFO - Setting next_dagrun for example_time_delta_sensor_async to None, run_after=None
[2025-04-02T16:59:05.248-0400] {processor.py:183} INFO - Processing /Users/prasenjeet.gadhe/Documents/05. Nokia_PoV/Parallel_Test/venv/lib/python3.9/site-packages/airflow/example_dags/example_time_delta_sensor_async.py took 0.076 seconds
[2025-04-02T17:00:55.671-0400] {processor.py:161} INFO - Started process (PID=26025) to work on /Users/prasenjeet.gadhe/Documents/05. Nokia_PoV/Parallel_Test/venv/lib/python3.9/site-packages/airflow/example_dags/example_time_delta_sensor_async.py
[2025-04-02T17:00:55.673-0400] {processor.py:830} INFO - Processing file /Users/prasenjeet.gadhe/Documents/05. Nokia_PoV/Parallel_Test/venv/lib/python3.9/site-packages/airflow/example_dags/example_time_delta_sensor_async.py for tasks to queue
[2025-04-02T17:00:55.673-0400] {logging_mixin.py:188} INFO - [2025-04-02T17:00:55.673-0400] {dagbag.py:540} INFO - Filling up the DagBag from /Users/prasenjeet.gadhe/Documents/05. Nokia_PoV/Parallel_Test/venv/lib/python3.9/site-packages/airflow/example_dags/example_time_delta_sensor_async.py
[2025-04-02T17:00:55.677-0400] {processor.py:840} INFO - DAG(s) 'example_time_delta_sensor_async' retrieved from /Users/prasenjeet.gadhe/Documents/05. Nokia_PoV/Parallel_Test/venv/lib/python3.9/site-packages/airflow/example_dags/example_time_delta_sensor_async.py
[2025-04-02T17:00:55.744-0400] {logging_mixin.py:188} INFO - [2025-04-02T17:00:55.743-0400] {dag.py:3096} INFO - Sync 1 DAGs
[2025-04-02T17:00:55.748-0400] {logging_mixin.py:188} INFO - [2025-04-02T17:00:55.747-0400] {dag.py:3954} INFO - Setting next_dagrun for example_time_delta_sensor_async to None, run_after=None
[2025-04-02T17:00:55.755-0400] {processor.py:183} INFO - Processing /Users/prasenjeet.gadhe/Documents/05. Nokia_PoV/Parallel_Test/venv/lib/python3.9/site-packages/airflow/example_dags/example_time_delta_sensor_async.py took 0.085 seconds
[2025-04-02T17:01:52.254-0400] {processor.py:161} INFO - Started process (PID=32934) to work on /Users/prasenjeet.gadhe/Documents/05. Nokia_PoV/Parallel_Test/venv/lib/python3.9/site-packages/airflow/example_dags/example_time_delta_sensor_async.py
[2025-04-02T17:01:52.255-0400] {processor.py:830} INFO - Processing file /Users/prasenjeet.gadhe/Documents/05. Nokia_PoV/Parallel_Test/venv/lib/python3.9/site-packages/airflow/example_dags/example_time_delta_sensor_async.py for tasks to queue
[2025-04-02T17:01:52.255-0400] {logging_mixin.py:188} INFO - [2025-04-02T17:01:52.255-0400] {dagbag.py:540} INFO - Filling up the DagBag from /Users/prasenjeet.gadhe/Documents/05. Nokia_PoV/Parallel_Test/venv/lib/python3.9/site-packages/airflow/example_dags/example_time_delta_sensor_async.py
[2025-04-02T17:01:52.260-0400] {processor.py:840} INFO - DAG(s) 'example_time_delta_sensor_async' retrieved from /Users/prasenjeet.gadhe/Documents/05. Nokia_PoV/Parallel_Test/venv/lib/python3.9/site-packages/airflow/example_dags/example_time_delta_sensor_async.py
[2025-04-02T17:01:52.316-0400] {logging_mixin.py:188} INFO - [2025-04-02T17:01:52.316-0400] {dag.py:3096} INFO - Sync 1 DAGs
[2025-04-02T17:01:52.320-0400] {logging_mixin.py:188} INFO - [2025-04-02T17:01:52.319-0400] {dag.py:3954} INFO - Setting next_dagrun for example_time_delta_sensor_async to None, run_after=None
[2025-04-02T17:01:52.326-0400] {processor.py:183} INFO - Processing /Users/prasenjeet.gadhe/Documents/05. Nokia_PoV/Parallel_Test/venv/lib/python3.9/site-packages/airflow/example_dags/example_time_delta_sensor_async.py took 0.073 seconds
[2025-04-02T17:02:50.090-0400] {processor.py:161} INFO - Started process (PID=40012) to work on /Users/prasenjeet.gadhe/Documents/05. Nokia_PoV/Parallel_Test/venv/lib/python3.9/site-packages/airflow/example_dags/example_time_delta_sensor_async.py
[2025-04-02T17:02:50.092-0400] {processor.py:830} INFO - Processing file /Users/prasenjeet.gadhe/Documents/05. Nokia_PoV/Parallel_Test/venv/lib/python3.9/site-packages/airflow/example_dags/example_time_delta_sensor_async.py for tasks to queue
[2025-04-02T17:02:50.092-0400] {logging_mixin.py:188} INFO - [2025-04-02T17:02:50.092-0400] {dagbag.py:540} INFO - Filling up the DagBag from /Users/prasenjeet.gadhe/Documents/05. Nokia_PoV/Parallel_Test/venv/lib/python3.9/site-packages/airflow/example_dags/example_time_delta_sensor_async.py
[2025-04-02T17:02:50.096-0400] {processor.py:840} INFO - DAG(s) 'example_time_delta_sensor_async' retrieved from /Users/prasenjeet.gadhe/Documents/05. Nokia_PoV/Parallel_Test/venv/lib/python3.9/site-packages/airflow/example_dags/example_time_delta_sensor_async.py
[2025-04-02T17:02:50.153-0400] {logging_mixin.py:188} INFO - [2025-04-02T17:02:50.153-0400] {dag.py:3096} INFO - Sync 1 DAGs
[2025-04-02T17:02:50.156-0400] {logging_mixin.py:188} INFO - [2025-04-02T17:02:50.156-0400] {dag.py:3954} INFO - Setting next_dagrun for example_time_delta_sensor_async to None, run_after=None
[2025-04-02T17:02:50.162-0400] {processor.py:183} INFO - Processing /Users/prasenjeet.gadhe/Documents/05. Nokia_PoV/Parallel_Test/venv/lib/python3.9/site-packages/airflow/example_dags/example_time_delta_sensor_async.py took 0.073 seconds
[2025-04-02T17:03:44.164-0400] {processor.py:161} INFO - Started process (PID=46679) to work on /Users/prasenjeet.gadhe/Documents/05. Nokia_PoV/Parallel_Test/venv/lib/python3.9/site-packages/airflow/example_dags/example_time_delta_sensor_async.py
[2025-04-02T17:03:44.165-0400] {processor.py:830} INFO - Processing file /Users/prasenjeet.gadhe/Documents/05. Nokia_PoV/Parallel_Test/venv/lib/python3.9/site-packages/airflow/example_dags/example_time_delta_sensor_async.py for tasks to queue
[2025-04-02T17:03:44.166-0400] {logging_mixin.py:188} INFO - [2025-04-02T17:03:44.166-0400] {dagbag.py:540} INFO - Filling up the DagBag from /Users/prasenjeet.gadhe/Documents/05. Nokia_PoV/Parallel_Test/venv/lib/python3.9/site-packages/airflow/example_dags/example_time_delta_sensor_async.py
[2025-04-02T17:03:44.170-0400] {processor.py:840} INFO - DAG(s) 'example_time_delta_sensor_async' retrieved from /Users/prasenjeet.gadhe/Documents/05. Nokia_PoV/Parallel_Test/venv/lib/python3.9/site-packages/airflow/example_dags/example_time_delta_sensor_async.py
[2025-04-02T17:03:44.235-0400] {logging_mixin.py:188} INFO - [2025-04-02T17:03:44.234-0400] {dag.py:3096} INFO - Sync 1 DAGs
[2025-04-02T17:03:44.238-0400] {logging_mixin.py:188} INFO - [2025-04-02T17:03:44.238-0400] {dag.py:3954} INFO - Setting next_dagrun for example_time_delta_sensor_async to None, run_after=None
[2025-04-02T17:03:44.244-0400] {processor.py:183} INFO - Processing /Users/prasenjeet.gadhe/Documents/05. Nokia_PoV/Parallel_Test/venv/lib/python3.9/site-packages/airflow/example_dags/example_time_delta_sensor_async.py took 0.082 seconds
[2025-04-02T17:04:40.019-0400] {processor.py:161} INFO - Started process (PID=53518) to work on /Users/prasenjeet.gadhe/Documents/05. Nokia_PoV/Parallel_Test/venv/lib/python3.9/site-packages/airflow/example_dags/example_time_delta_sensor_async.py
[2025-04-02T17:04:40.021-0400] {processor.py:830} INFO - Processing file /Users/prasenjeet.gadhe/Documents/05. Nokia_PoV/Parallel_Test/venv/lib/python3.9/site-packages/airflow/example_dags/example_time_delta_sensor_async.py for tasks to queue
[2025-04-02T17:04:40.021-0400] {logging_mixin.py:188} INFO - [2025-04-02T17:04:40.021-0400] {dagbag.py:540} INFO - Filling up the DagBag from /Users/prasenjeet.gadhe/Documents/05. Nokia_PoV/Parallel_Test/venv/lib/python3.9/site-packages/airflow/example_dags/example_time_delta_sensor_async.py
[2025-04-02T17:04:40.025-0400] {processor.py:840} INFO - DAG(s) 'example_time_delta_sensor_async' retrieved from /Users/prasenjeet.gadhe/Documents/05. Nokia_PoV/Parallel_Test/venv/lib/python3.9/site-packages/airflow/example_dags/example_time_delta_sensor_async.py
[2025-04-02T17:04:40.087-0400] {logging_mixin.py:188} INFO - [2025-04-02T17:04:40.087-0400] {dag.py:3096} INFO - Sync 1 DAGs
[2025-04-02T17:04:40.090-0400] {logging_mixin.py:188} INFO - [2025-04-02T17:04:40.090-0400] {dag.py:3954} INFO - Setting next_dagrun for example_time_delta_sensor_async to None, run_after=None
[2025-04-02T17:04:40.097-0400] {processor.py:183} INFO - Processing /Users/prasenjeet.gadhe/Documents/05. Nokia_PoV/Parallel_Test/venv/lib/python3.9/site-packages/airflow/example_dags/example_time_delta_sensor_async.py took 0.078 seconds
[2025-04-02T17:05:35.086-0400] {processor.py:161} INFO - Started process (PID=60280) to work on /Users/prasenjeet.gadhe/Documents/05. Nokia_PoV/Parallel_Test/venv/lib/python3.9/site-packages/airflow/example_dags/example_time_delta_sensor_async.py
[2025-04-02T17:05:35.088-0400] {processor.py:830} INFO - Processing file /Users/prasenjeet.gadhe/Documents/05. Nokia_PoV/Parallel_Test/venv/lib/python3.9/site-packages/airflow/example_dags/example_time_delta_sensor_async.py for tasks to queue
[2025-04-02T17:05:35.088-0400] {logging_mixin.py:188} INFO - [2025-04-02T17:05:35.088-0400] {dagbag.py:540} INFO - Filling up the DagBag from /Users/prasenjeet.gadhe/Documents/05. Nokia_PoV/Parallel_Test/venv/lib/python3.9/site-packages/airflow/example_dags/example_time_delta_sensor_async.py
[2025-04-02T17:05:35.093-0400] {processor.py:840} INFO - DAG(s) 'example_time_delta_sensor_async' retrieved from /Users/prasenjeet.gadhe/Documents/05. Nokia_PoV/Parallel_Test/venv/lib/python3.9/site-packages/airflow/example_dags/example_time_delta_sensor_async.py
[2025-04-02T17:05:35.151-0400] {logging_mixin.py:188} INFO - [2025-04-02T17:05:35.151-0400] {dag.py:3096} INFO - Sync 1 DAGs
[2025-04-02T17:05:35.154-0400] {logging_mixin.py:188} INFO - [2025-04-02T17:05:35.154-0400] {dag.py:3954} INFO - Setting next_dagrun for example_time_delta_sensor_async to None, run_after=None
[2025-04-02T17:05:35.160-0400] {processor.py:183} INFO - Processing /Users/prasenjeet.gadhe/Documents/05. Nokia_PoV/Parallel_Test/venv/lib/python3.9/site-packages/airflow/example_dags/example_time_delta_sensor_async.py took 0.076 seconds
[2025-04-02T17:07:26.878-0400] {processor.py:161} INFO - Started process (PID=74147) to work on /Users/prasenjeet.gadhe/Documents/05. Nokia_PoV/Parallel_Test/venv/lib/python3.9/site-packages/airflow/example_dags/example_time_delta_sensor_async.py
[2025-04-02T17:07:26.880-0400] {processor.py:830} INFO - Processing file /Users/prasenjeet.gadhe/Documents/05. Nokia_PoV/Parallel_Test/venv/lib/python3.9/site-packages/airflow/example_dags/example_time_delta_sensor_async.py for tasks to queue
[2025-04-02T17:07:26.880-0400] {logging_mixin.py:188} INFO - [2025-04-02T17:07:26.880-0400] {dagbag.py:540} INFO - Filling up the DagBag from /Users/prasenjeet.gadhe/Documents/05. Nokia_PoV/Parallel_Test/venv/lib/python3.9/site-packages/airflow/example_dags/example_time_delta_sensor_async.py
[2025-04-02T17:07:26.884-0400] {processor.py:840} INFO - DAG(s) 'example_time_delta_sensor_async' retrieved from /Users/prasenjeet.gadhe/Documents/05. Nokia_PoV/Parallel_Test/venv/lib/python3.9/site-packages/airflow/example_dags/example_time_delta_sensor_async.py
[2025-04-02T17:07:26.952-0400] {logging_mixin.py:188} INFO - [2025-04-02T17:07:26.952-0400] {dag.py:3096} INFO - Sync 1 DAGs
[2025-04-02T17:07:26.955-0400] {logging_mixin.py:188} INFO - [2025-04-02T17:07:26.955-0400] {dag.py:3954} INFO - Setting next_dagrun for example_time_delta_sensor_async to None, run_after=None
[2025-04-02T17:07:26.962-0400] {processor.py:183} INFO - Processing /Users/prasenjeet.gadhe/Documents/05. Nokia_PoV/Parallel_Test/venv/lib/python3.9/site-packages/airflow/example_dags/example_time_delta_sensor_async.py took 0.085 seconds
[2025-04-02T17:08:23.683-0400] {processor.py:161} INFO - Started process (PID=81134) to work on /Users/prasenjeet.gadhe/Documents/05. Nokia_PoV/Parallel_Test/venv/lib/python3.9/site-packages/airflow/example_dags/example_time_delta_sensor_async.py
[2025-04-02T17:08:23.684-0400] {processor.py:830} INFO - Processing file /Users/prasenjeet.gadhe/Documents/05. Nokia_PoV/Parallel_Test/venv/lib/python3.9/site-packages/airflow/example_dags/example_time_delta_sensor_async.py for tasks to queue
[2025-04-02T17:08:23.684-0400] {logging_mixin.py:188} INFO - [2025-04-02T17:08:23.684-0400] {dagbag.py:540} INFO - Filling up the DagBag from /Users/prasenjeet.gadhe/Documents/05. Nokia_PoV/Parallel_Test/venv/lib/python3.9/site-packages/airflow/example_dags/example_time_delta_sensor_async.py
[2025-04-02T17:08:23.689-0400] {processor.py:840} INFO - DAG(s) 'example_time_delta_sensor_async' retrieved from /Users/prasenjeet.gadhe/Documents/05. Nokia_PoV/Parallel_Test/venv/lib/python3.9/site-packages/airflow/example_dags/example_time_delta_sensor_async.py
[2025-04-02T17:08:23.753-0400] {logging_mixin.py:188} INFO - [2025-04-02T17:08:23.753-0400] {dag.py:3096} INFO - Sync 1 DAGs
[2025-04-02T17:08:23.757-0400] {logging_mixin.py:188} INFO - [2025-04-02T17:08:23.757-0400] {dag.py:3954} INFO - Setting next_dagrun for example_time_delta_sensor_async to None, run_after=None
[2025-04-02T17:08:23.764-0400] {processor.py:183} INFO - Processing /Users/prasenjeet.gadhe/Documents/05. Nokia_PoV/Parallel_Test/venv/lib/python3.9/site-packages/airflow/example_dags/example_time_delta_sensor_async.py took 0.082 seconds
[2025-04-02T17:09:21.477-0400] {processor.py:161} INFO - Started process (PID=88250) to work on /Users/prasenjeet.gadhe/Documents/05. Nokia_PoV/Parallel_Test/venv/lib/python3.9/site-packages/airflow/example_dags/example_time_delta_sensor_async.py
[2025-04-02T17:09:21.480-0400] {processor.py:830} INFO - Processing file /Users/prasenjeet.gadhe/Documents/05. Nokia_PoV/Parallel_Test/venv/lib/python3.9/site-packages/airflow/example_dags/example_time_delta_sensor_async.py for tasks to queue
[2025-04-02T17:09:21.480-0400] {logging_mixin.py:188} INFO - [2025-04-02T17:09:21.480-0400] {dagbag.py:540} INFO - Filling up the DagBag from /Users/prasenjeet.gadhe/Documents/05. Nokia_PoV/Parallel_Test/venv/lib/python3.9/site-packages/airflow/example_dags/example_time_delta_sensor_async.py
[2025-04-02T17:09:21.484-0400] {processor.py:840} INFO - DAG(s) 'example_time_delta_sensor_async' retrieved from /Users/prasenjeet.gadhe/Documents/05. Nokia_PoV/Parallel_Test/venv/lib/python3.9/site-packages/airflow/example_dags/example_time_delta_sensor_async.py
[2025-04-02T17:09:21.546-0400] {logging_mixin.py:188} INFO - [2025-04-02T17:09:21.545-0400] {dag.py:3096} INFO - Sync 1 DAGs
[2025-04-02T17:09:21.549-0400] {logging_mixin.py:188} INFO - [2025-04-02T17:09:21.549-0400] {dag.py:3954} INFO - Setting next_dagrun for example_time_delta_sensor_async to None, run_after=None
[2025-04-02T17:09:21.554-0400] {processor.py:183} INFO - Processing /Users/prasenjeet.gadhe/Documents/05. Nokia_PoV/Parallel_Test/venv/lib/python3.9/site-packages/airflow/example_dags/example_time_delta_sensor_async.py took 0.078 seconds
[2025-04-02T17:10:21.365-0400] {processor.py:161} INFO - Started process (PID=95619) to work on /Users/prasenjeet.gadhe/Documents/05. Nokia_PoV/Parallel_Test/venv/lib/python3.9/site-packages/airflow/example_dags/example_time_delta_sensor_async.py
[2025-04-02T17:10:21.367-0400] {processor.py:830} INFO - Processing file /Users/prasenjeet.gadhe/Documents/05. Nokia_PoV/Parallel_Test/venv/lib/python3.9/site-packages/airflow/example_dags/example_time_delta_sensor_async.py for tasks to queue
[2025-04-02T17:10:21.367-0400] {logging_mixin.py:188} INFO - [2025-04-02T17:10:21.367-0400] {dagbag.py:540} INFO - Filling up the DagBag from /Users/prasenjeet.gadhe/Documents/05. Nokia_PoV/Parallel_Test/venv/lib/python3.9/site-packages/airflow/example_dags/example_time_delta_sensor_async.py
[2025-04-02T17:10:21.371-0400] {processor.py:840} INFO - DAG(s) 'example_time_delta_sensor_async' retrieved from /Users/prasenjeet.gadhe/Documents/05. Nokia_PoV/Parallel_Test/venv/lib/python3.9/site-packages/airflow/example_dags/example_time_delta_sensor_async.py
[2025-04-02T17:10:21.427-0400] {logging_mixin.py:188} INFO - [2025-04-02T17:10:21.427-0400] {dag.py:3096} INFO - Sync 1 DAGs
[2025-04-02T17:10:21.431-0400] {logging_mixin.py:188} INFO - [2025-04-02T17:10:21.431-0400] {dag.py:3954} INFO - Setting next_dagrun for example_time_delta_sensor_async to None, run_after=None
[2025-04-02T17:10:21.437-0400] {processor.py:183} INFO - Processing /Users/prasenjeet.gadhe/Documents/05. Nokia_PoV/Parallel_Test/venv/lib/python3.9/site-packages/airflow/example_dags/example_time_delta_sensor_async.py took 0.073 seconds
[2025-04-02T17:12:11.630-0400] {processor.py:161} INFO - Started process (PID=9585) to work on /Users/prasenjeet.gadhe/Documents/05. Nokia_PoV/Parallel_Test/venv/lib/python3.9/site-packages/airflow/example_dags/example_time_delta_sensor_async.py
[2025-04-02T17:12:11.632-0400] {processor.py:830} INFO - Processing file /Users/prasenjeet.gadhe/Documents/05. Nokia_PoV/Parallel_Test/venv/lib/python3.9/site-packages/airflow/example_dags/example_time_delta_sensor_async.py for tasks to queue
[2025-04-02T17:12:11.632-0400] {logging_mixin.py:188} INFO - [2025-04-02T17:12:11.632-0400] {dagbag.py:540} INFO - Filling up the DagBag from /Users/prasenjeet.gadhe/Documents/05. Nokia_PoV/Parallel_Test/venv/lib/python3.9/site-packages/airflow/example_dags/example_time_delta_sensor_async.py
[2025-04-02T17:12:11.637-0400] {processor.py:840} INFO - DAG(s) 'example_time_delta_sensor_async' retrieved from /Users/prasenjeet.gadhe/Documents/05. Nokia_PoV/Parallel_Test/venv/lib/python3.9/site-packages/airflow/example_dags/example_time_delta_sensor_async.py
[2025-04-02T17:12:11.701-0400] {logging_mixin.py:188} INFO - [2025-04-02T17:12:11.701-0400] {dag.py:3096} INFO - Sync 1 DAGs
[2025-04-02T17:12:11.704-0400] {logging_mixin.py:188} INFO - [2025-04-02T17:12:11.704-0400] {dag.py:3954} INFO - Setting next_dagrun for example_time_delta_sensor_async to None, run_after=None
[2025-04-02T17:12:11.711-0400] {processor.py:183} INFO - Processing /Users/prasenjeet.gadhe/Documents/05. Nokia_PoV/Parallel_Test/venv/lib/python3.9/site-packages/airflow/example_dags/example_time_delta_sensor_async.py took 0.082 seconds
[2025-04-02T17:26:11.250-0400] {processor.py:161} INFO - Started process (PID=14317) to work on /Users/prasenjeet.gadhe/Documents/05. Nokia_PoV/Parallel_Test/venv/lib/python3.9/site-packages/airflow/example_dags/example_time_delta_sensor_async.py
[2025-04-02T17:26:11.252-0400] {processor.py:830} INFO - Processing file /Users/prasenjeet.gadhe/Documents/05. Nokia_PoV/Parallel_Test/venv/lib/python3.9/site-packages/airflow/example_dags/example_time_delta_sensor_async.py for tasks to queue
[2025-04-02T17:26:11.253-0400] {logging_mixin.py:188} INFO - [2025-04-02T17:26:11.252-0400] {dagbag.py:540} INFO - Filling up the DagBag from /Users/prasenjeet.gadhe/Documents/05. Nokia_PoV/Parallel_Test/venv/lib/python3.9/site-packages/airflow/example_dags/example_time_delta_sensor_async.py
[2025-04-02T17:26:11.256-0400] {processor.py:840} INFO - DAG(s) 'example_time_delta_sensor_async' retrieved from /Users/prasenjeet.gadhe/Documents/05. Nokia_PoV/Parallel_Test/venv/lib/python3.9/site-packages/airflow/example_dags/example_time_delta_sensor_async.py
[2025-04-02T17:26:11.352-0400] {logging_mixin.py:188} INFO - [2025-04-02T17:26:11.352-0400] {dag.py:3096} INFO - Sync 1 DAGs
[2025-04-02T17:26:11.355-0400] {logging_mixin.py:188} INFO - [2025-04-02T17:26:11.355-0400] {dag.py:3954} INFO - Setting next_dagrun for example_time_delta_sensor_async to None, run_after=None
[2025-04-02T17:26:11.362-0400] {processor.py:183} INFO - Processing /Users/prasenjeet.gadhe/Documents/05. Nokia_PoV/Parallel_Test/venv/lib/python3.9/site-packages/airflow/example_dags/example_time_delta_sensor_async.py took 0.113 seconds
