[2025-04-02T16:40:06.930-0400] {processor.py:161} INFO - Started process (PID=70781) to work on /Users/prasenjeet.gadhe/Documents/05. Nokia_PoV/Parallel_Test/venv/lib/python3.9/site-packages/airflow/example_dags/example_dynamic_task_mapping.py
[2025-04-02T16:40:06.931-0400] {processor.py:830} INFO - Processing file /Users/prasenjeet.gadhe/Documents/05. Nokia_PoV/Parallel_Test/venv/lib/python3.9/site-packages/airflow/example_dags/example_dynamic_task_mapping.py for tasks to queue
[2025-04-02T16:40:06.931-0400] {logging_mixin.py:188} INFO - [2025-04-02T16:40:06.931-0400] {dagbag.py:540} INFO - Filling up the DagBag from /Users/prasenjeet.gadhe/Documents/05. Nokia_PoV/Parallel_Test/venv/lib/python3.9/site-packages/airflow/example_dags/example_dynamic_task_mapping.py
[2025-04-02T16:40:06.946-0400] {processor.py:840} INFO - DAG(s) 'example_dynamic_task_mapping' retrieved from /Users/prasenjeet.gadhe/Documents/05. Nokia_PoV/Parallel_Test/venv/lib/python3.9/site-packages/airflow/example_dags/example_dynamic_task_mapping.py
[2025-04-02T16:40:07.028-0400] {logging_mixin.py:188} INFO - [2025-04-02T16:40:07.028-0400] {override.py:1829} INFO - Created Permission View: can edit on DAG:example_dynamic_task_mapping
[2025-04-02T16:40:07.030-0400] {logging_mixin.py:188} INFO - [2025-04-02T16:40:07.030-0400] {override.py:1829} INFO - Created Permission View: can delete on DAG:example_dynamic_task_mapping
[2025-04-02T16:40:07.032-0400] {logging_mixin.py:188} INFO - [2025-04-02T16:40:07.032-0400] {override.py:1829} INFO - Created Permission View: can read on DAG:example_dynamic_task_mapping
[2025-04-02T16:40:07.032-0400] {logging_mixin.py:188} INFO - [2025-04-02T16:40:07.032-0400] {dag.py:3096} INFO - Sync 1 DAGs
[2025-04-02T16:40:07.036-0400] {logging_mixin.py:188} INFO - [2025-04-02T16:40:07.036-0400] {dag.py:3118} INFO - Creating ORM DAG for example_dynamic_task_mapping
[2025-04-02T16:40:07.040-0400] {logging_mixin.py:188} INFO - [2025-04-02T16:40:07.040-0400] {dag.py:3954} INFO - Setting next_dagrun for example_dynamic_task_mapping to 2022-03-04 00:00:00+00:00, run_after=2022-03-05 00:00:00+00:00
[2025-04-02T16:40:07.045-0400] {processor.py:183} INFO - Processing /Users/prasenjeet.gadhe/Documents/05. Nokia_PoV/Parallel_Test/venv/lib/python3.9/site-packages/airflow/example_dags/example_dynamic_task_mapping.py took 0.117 seconds
[2025-04-02T16:42:02.882-0400] {processor.py:161} INFO - Started process (PID=85361) to work on /Users/prasenjeet.gadhe/Documents/05. Nokia_PoV/Parallel_Test/venv/lib/python3.9/site-packages/airflow/example_dags/example_dynamic_task_mapping.py
[2025-04-02T16:42:02.884-0400] {processor.py:830} INFO - Processing file /Users/prasenjeet.gadhe/Documents/05. Nokia_PoV/Parallel_Test/venv/lib/python3.9/site-packages/airflow/example_dags/example_dynamic_task_mapping.py for tasks to queue
[2025-04-02T16:42:02.884-0400] {logging_mixin.py:188} INFO - [2025-04-02T16:42:02.884-0400] {dagbag.py:540} INFO - Filling up the DagBag from /Users/prasenjeet.gadhe/Documents/05. Nokia_PoV/Parallel_Test/venv/lib/python3.9/site-packages/airflow/example_dags/example_dynamic_task_mapping.py
[2025-04-02T16:42:02.898-0400] {processor.py:840} INFO - DAG(s) 'example_dynamic_task_mapping' retrieved from /Users/prasenjeet.gadhe/Documents/05. Nokia_PoV/Parallel_Test/venv/lib/python3.9/site-packages/airflow/example_dags/example_dynamic_task_mapping.py
[2025-04-02T16:42:02.954-0400] {logging_mixin.py:188} INFO - [2025-04-02T16:42:02.954-0400] {dag.py:3096} INFO - Sync 1 DAGs
[2025-04-02T16:42:02.961-0400] {logging_mixin.py:188} INFO - [2025-04-02T16:42:02.961-0400] {dag.py:3954} INFO - Setting next_dagrun for example_dynamic_task_mapping to 2022-03-04 00:00:00+00:00, run_after=2022-03-05 00:00:00+00:00
[2025-04-02T16:42:02.968-0400] {processor.py:183} INFO - Processing /Users/prasenjeet.gadhe/Documents/05. Nokia_PoV/Parallel_Test/venv/lib/python3.9/site-packages/airflow/example_dags/example_dynamic_task_mapping.py took 0.086 seconds
[2025-04-02T16:43:57.174-0400] {processor.py:161} INFO - Started process (PID=99422) to work on /Users/prasenjeet.gadhe/Documents/05. Nokia_PoV/Parallel_Test/venv/lib/python3.9/site-packages/airflow/example_dags/example_dynamic_task_mapping.py
[2025-04-02T16:43:57.176-0400] {processor.py:830} INFO - Processing file /Users/prasenjeet.gadhe/Documents/05. Nokia_PoV/Parallel_Test/venv/lib/python3.9/site-packages/airflow/example_dags/example_dynamic_task_mapping.py for tasks to queue
[2025-04-02T16:43:57.176-0400] {logging_mixin.py:188} INFO - [2025-04-02T16:43:57.176-0400] {dagbag.py:540} INFO - Filling up the DagBag from /Users/prasenjeet.gadhe/Documents/05. Nokia_PoV/Parallel_Test/venv/lib/python3.9/site-packages/airflow/example_dags/example_dynamic_task_mapping.py
[2025-04-02T16:43:57.191-0400] {processor.py:840} INFO - DAG(s) 'example_dynamic_task_mapping' retrieved from /Users/prasenjeet.gadhe/Documents/05. Nokia_PoV/Parallel_Test/venv/lib/python3.9/site-packages/airflow/example_dags/example_dynamic_task_mapping.py
[2025-04-02T16:43:57.246-0400] {logging_mixin.py:188} INFO - [2025-04-02T16:43:57.246-0400] {dag.py:3096} INFO - Sync 1 DAGs
[2025-04-02T16:43:57.253-0400] {logging_mixin.py:188} INFO - [2025-04-02T16:43:57.253-0400] {dag.py:3954} INFO - Setting next_dagrun for example_dynamic_task_mapping to 2022-03-04 00:00:00+00:00, run_after=2022-03-05 00:00:00+00:00
[2025-04-02T16:43:57.259-0400] {processor.py:183} INFO - Processing /Users/prasenjeet.gadhe/Documents/05. Nokia_PoV/Parallel_Test/venv/lib/python3.9/site-packages/airflow/example_dags/example_dynamic_task_mapping.py took 0.086 seconds
[2025-04-02T16:46:29.255-0400] {processor.py:161} INFO - Started process (PID=18680) to work on /Users/prasenjeet.gadhe/Documents/05. Nokia_PoV/Parallel_Test/venv/lib/python3.9/site-packages/airflow/example_dags/example_dynamic_task_mapping.py
[2025-04-02T16:46:29.257-0400] {processor.py:830} INFO - Processing file /Users/prasenjeet.gadhe/Documents/05. Nokia_PoV/Parallel_Test/venv/lib/python3.9/site-packages/airflow/example_dags/example_dynamic_task_mapping.py for tasks to queue
[2025-04-02T16:46:29.257-0400] {logging_mixin.py:188} INFO - [2025-04-02T16:46:29.257-0400] {dagbag.py:540} INFO - Filling up the DagBag from /Users/prasenjeet.gadhe/Documents/05. Nokia_PoV/Parallel_Test/venv/lib/python3.9/site-packages/airflow/example_dags/example_dynamic_task_mapping.py
[2025-04-02T16:46:29.272-0400] {processor.py:840} INFO - DAG(s) 'example_dynamic_task_mapping' retrieved from /Users/prasenjeet.gadhe/Documents/05. Nokia_PoV/Parallel_Test/venv/lib/python3.9/site-packages/airflow/example_dags/example_dynamic_task_mapping.py
[2025-04-02T16:46:29.326-0400] {logging_mixin.py:188} INFO - [2025-04-02T16:46:29.326-0400] {dag.py:3096} INFO - Sync 1 DAGs
[2025-04-02T16:46:29.333-0400] {logging_mixin.py:188} INFO - [2025-04-02T16:46:29.333-0400] {dag.py:3954} INFO - Setting next_dagrun for example_dynamic_task_mapping to 2022-03-04 00:00:00+00:00, run_after=2022-03-05 00:00:00+00:00
[2025-04-02T16:46:29.339-0400] {processor.py:183} INFO - Processing /Users/prasenjeet.gadhe/Documents/05. Nokia_PoV/Parallel_Test/venv/lib/python3.9/site-packages/airflow/example_dags/example_dynamic_task_mapping.py took 0.085 seconds
[2025-04-02T16:48:27.199-0400] {processor.py:161} INFO - Started process (PID=33341) to work on /Users/prasenjeet.gadhe/Documents/05. Nokia_PoV/Parallel_Test/venv/lib/python3.9/site-packages/airflow/example_dags/example_dynamic_task_mapping.py
[2025-04-02T16:48:27.200-0400] {processor.py:830} INFO - Processing file /Users/prasenjeet.gadhe/Documents/05. Nokia_PoV/Parallel_Test/venv/lib/python3.9/site-packages/airflow/example_dags/example_dynamic_task_mapping.py for tasks to queue
[2025-04-02T16:48:27.201-0400] {logging_mixin.py:188} INFO - [2025-04-02T16:48:27.201-0400] {dagbag.py:540} INFO - Filling up the DagBag from /Users/prasenjeet.gadhe/Documents/05. Nokia_PoV/Parallel_Test/venv/lib/python3.9/site-packages/airflow/example_dags/example_dynamic_task_mapping.py
[2025-04-02T16:48:27.214-0400] {processor.py:840} INFO - DAG(s) 'example_dynamic_task_mapping' retrieved from /Users/prasenjeet.gadhe/Documents/05. Nokia_PoV/Parallel_Test/venv/lib/python3.9/site-packages/airflow/example_dags/example_dynamic_task_mapping.py
[2025-04-02T16:48:27.267-0400] {logging_mixin.py:188} INFO - [2025-04-02T16:48:27.266-0400] {dag.py:3096} INFO - Sync 1 DAGs
[2025-04-02T16:48:27.274-0400] {logging_mixin.py:188} INFO - [2025-04-02T16:48:27.273-0400] {dag.py:3954} INFO - Setting next_dagrun for example_dynamic_task_mapping to 2022-03-04 00:00:00+00:00, run_after=2022-03-05 00:00:00+00:00
[2025-04-02T16:48:27.280-0400] {processor.py:183} INFO - Processing /Users/prasenjeet.gadhe/Documents/05. Nokia_PoV/Parallel_Test/venv/lib/python3.9/site-packages/airflow/example_dags/example_dynamic_task_mapping.py took 0.082 seconds
[2025-04-02T16:51:40.556-0400] {processor.py:161} INFO - Started process (PID=57286) to work on /Users/prasenjeet.gadhe/Documents/05. Nokia_PoV/Parallel_Test/venv/lib/python3.9/site-packages/airflow/example_dags/example_dynamic_task_mapping.py
[2025-04-02T16:51:40.558-0400] {processor.py:830} INFO - Processing file /Users/prasenjeet.gadhe/Documents/05. Nokia_PoV/Parallel_Test/venv/lib/python3.9/site-packages/airflow/example_dags/example_dynamic_task_mapping.py for tasks to queue
[2025-04-02T16:51:40.558-0400] {logging_mixin.py:188} INFO - [2025-04-02T16:51:40.558-0400] {dagbag.py:540} INFO - Filling up the DagBag from /Users/prasenjeet.gadhe/Documents/05. Nokia_PoV/Parallel_Test/venv/lib/python3.9/site-packages/airflow/example_dags/example_dynamic_task_mapping.py
[2025-04-02T16:51:40.576-0400] {processor.py:840} INFO - DAG(s) 'example_dynamic_task_mapping' retrieved from /Users/prasenjeet.gadhe/Documents/05. Nokia_PoV/Parallel_Test/venv/lib/python3.9/site-packages/airflow/example_dags/example_dynamic_task_mapping.py
[2025-04-02T16:51:40.638-0400] {logging_mixin.py:188} INFO - [2025-04-02T16:51:40.638-0400] {dag.py:3096} INFO - Sync 1 DAGs
[2025-04-02T16:51:40.646-0400] {logging_mixin.py:188} INFO - [2025-04-02T16:51:40.646-0400] {dag.py:3954} INFO - Setting next_dagrun for example_dynamic_task_mapping to 2022-03-04 00:00:00+00:00, run_after=2022-03-05 00:00:00+00:00
[2025-04-02T16:51:40.653-0400] {processor.py:183} INFO - Processing /Users/prasenjeet.gadhe/Documents/05. Nokia_PoV/Parallel_Test/venv/lib/python3.9/site-packages/airflow/example_dags/example_dynamic_task_mapping.py took 0.098 seconds
[2025-04-02T16:53:33.636-0400] {processor.py:161} INFO - Started process (PID=71154) to work on /Users/prasenjeet.gadhe/Documents/05. Nokia_PoV/Parallel_Test/venv/lib/python3.9/site-packages/airflow/example_dags/example_dynamic_task_mapping.py
[2025-04-02T16:53:33.638-0400] {processor.py:830} INFO - Processing file /Users/prasenjeet.gadhe/Documents/05. Nokia_PoV/Parallel_Test/venv/lib/python3.9/site-packages/airflow/example_dags/example_dynamic_task_mapping.py for tasks to queue
[2025-04-02T16:53:33.639-0400] {logging_mixin.py:188} INFO - [2025-04-02T16:53:33.639-0400] {dagbag.py:540} INFO - Filling up the DagBag from /Users/prasenjeet.gadhe/Documents/05. Nokia_PoV/Parallel_Test/venv/lib/python3.9/site-packages/airflow/example_dags/example_dynamic_task_mapping.py
[2025-04-02T16:53:33.653-0400] {processor.py:840} INFO - DAG(s) 'example_dynamic_task_mapping' retrieved from /Users/prasenjeet.gadhe/Documents/05. Nokia_PoV/Parallel_Test/venv/lib/python3.9/site-packages/airflow/example_dags/example_dynamic_task_mapping.py
[2025-04-02T16:53:33.717-0400] {logging_mixin.py:188} INFO - [2025-04-02T16:53:33.717-0400] {dag.py:3096} INFO - Sync 1 DAGs
[2025-04-02T16:53:33.725-0400] {logging_mixin.py:188} INFO - [2025-04-02T16:53:33.725-0400] {dag.py:3954} INFO - Setting next_dagrun for example_dynamic_task_mapping to 2022-03-04 00:00:00+00:00, run_after=2022-03-05 00:00:00+00:00
[2025-04-02T16:53:33.733-0400] {processor.py:183} INFO - Processing /Users/prasenjeet.gadhe/Documents/05. Nokia_PoV/Parallel_Test/venv/lib/python3.9/site-packages/airflow/example_dags/example_dynamic_task_mapping.py took 0.098 seconds
[2025-04-02T16:55:27.764-0400] {processor.py:161} INFO - Started process (PID=85296) to work on /Users/prasenjeet.gadhe/Documents/05. Nokia_PoV/Parallel_Test/venv/lib/python3.9/site-packages/airflow/example_dags/example_dynamic_task_mapping.py
[2025-04-02T16:55:27.765-0400] {processor.py:830} INFO - Processing file /Users/prasenjeet.gadhe/Documents/05. Nokia_PoV/Parallel_Test/venv/lib/python3.9/site-packages/airflow/example_dags/example_dynamic_task_mapping.py for tasks to queue
[2025-04-02T16:55:27.765-0400] {logging_mixin.py:188} INFO - [2025-04-02T16:55:27.765-0400] {dagbag.py:540} INFO - Filling up the DagBag from /Users/prasenjeet.gadhe/Documents/05. Nokia_PoV/Parallel_Test/venv/lib/python3.9/site-packages/airflow/example_dags/example_dynamic_task_mapping.py
[2025-04-02T16:55:27.779-0400] {processor.py:840} INFO - DAG(s) 'example_dynamic_task_mapping' retrieved from /Users/prasenjeet.gadhe/Documents/05. Nokia_PoV/Parallel_Test/venv/lib/python3.9/site-packages/airflow/example_dags/example_dynamic_task_mapping.py
[2025-04-02T16:55:27.832-0400] {logging_mixin.py:188} INFO - [2025-04-02T16:55:27.832-0400] {dag.py:3096} INFO - Sync 1 DAGs
[2025-04-02T16:55:27.839-0400] {logging_mixin.py:188} INFO - [2025-04-02T16:55:27.839-0400] {dag.py:3954} INFO - Setting next_dagrun for example_dynamic_task_mapping to 2022-03-04 00:00:00+00:00, run_after=2022-03-05 00:00:00+00:00
[2025-04-02T16:55:27.845-0400] {processor.py:183} INFO - Processing /Users/prasenjeet.gadhe/Documents/05. Nokia_PoV/Parallel_Test/venv/lib/python3.9/site-packages/airflow/example_dags/example_dynamic_task_mapping.py took 0.082 seconds
[2025-04-02T16:57:23.500-0400] {processor.py:161} INFO - Started process (PID=99632) to work on /Users/prasenjeet.gadhe/Documents/05. Nokia_PoV/Parallel_Test/venv/lib/python3.9/site-packages/airflow/example_dags/example_dynamic_task_mapping.py
[2025-04-02T16:57:23.501-0400] {processor.py:830} INFO - Processing file /Users/prasenjeet.gadhe/Documents/05. Nokia_PoV/Parallel_Test/venv/lib/python3.9/site-packages/airflow/example_dags/example_dynamic_task_mapping.py for tasks to queue
[2025-04-02T16:57:23.502-0400] {logging_mixin.py:188} INFO - [2025-04-02T16:57:23.502-0400] {dagbag.py:540} INFO - Filling up the DagBag from /Users/prasenjeet.gadhe/Documents/05. Nokia_PoV/Parallel_Test/venv/lib/python3.9/site-packages/airflow/example_dags/example_dynamic_task_mapping.py
[2025-04-02T16:57:23.517-0400] {processor.py:840} INFO - DAG(s) 'example_dynamic_task_mapping' retrieved from /Users/prasenjeet.gadhe/Documents/05. Nokia_PoV/Parallel_Test/venv/lib/python3.9/site-packages/airflow/example_dags/example_dynamic_task_mapping.py
[2025-04-02T16:57:23.580-0400] {logging_mixin.py:188} INFO - [2025-04-02T16:57:23.579-0400] {dag.py:3096} INFO - Sync 1 DAGs
[2025-04-02T16:57:23.588-0400] {logging_mixin.py:188} INFO - [2025-04-02T16:57:23.588-0400] {dag.py:3954} INFO - Setting next_dagrun for example_dynamic_task_mapping to 2022-03-04 00:00:00+00:00, run_after=2022-03-05 00:00:00+00:00
[2025-04-02T16:57:23.595-0400] {processor.py:183} INFO - Processing /Users/prasenjeet.gadhe/Documents/05. Nokia_PoV/Parallel_Test/venv/lib/python3.9/site-packages/airflow/example_dags/example_dynamic_task_mapping.py took 0.097 seconds
[2025-04-02T16:59:14.426-0400] {processor.py:161} INFO - Started process (PID=13602) to work on /Users/prasenjeet.gadhe/Documents/05. Nokia_PoV/Parallel_Test/venv/lib/python3.9/site-packages/airflow/example_dags/example_dynamic_task_mapping.py
[2025-04-02T16:59:14.428-0400] {processor.py:830} INFO - Processing file /Users/prasenjeet.gadhe/Documents/05. Nokia_PoV/Parallel_Test/venv/lib/python3.9/site-packages/airflow/example_dags/example_dynamic_task_mapping.py for tasks to queue
[2025-04-02T16:59:14.429-0400] {logging_mixin.py:188} INFO - [2025-04-02T16:59:14.428-0400] {dagbag.py:540} INFO - Filling up the DagBag from /Users/prasenjeet.gadhe/Documents/05. Nokia_PoV/Parallel_Test/venv/lib/python3.9/site-packages/airflow/example_dags/example_dynamic_task_mapping.py
[2025-04-02T16:59:14.442-0400] {processor.py:840} INFO - DAG(s) 'example_dynamic_task_mapping' retrieved from /Users/prasenjeet.gadhe/Documents/05. Nokia_PoV/Parallel_Test/venv/lib/python3.9/site-packages/airflow/example_dags/example_dynamic_task_mapping.py
[2025-04-02T16:59:14.495-0400] {logging_mixin.py:188} INFO - [2025-04-02T16:59:14.495-0400] {dag.py:3096} INFO - Sync 1 DAGs
[2025-04-02T16:59:14.502-0400] {logging_mixin.py:188} INFO - [2025-04-02T16:59:14.502-0400] {dag.py:3954} INFO - Setting next_dagrun for example_dynamic_task_mapping to 2022-03-04 00:00:00+00:00, run_after=2022-03-05 00:00:00+00:00
[2025-04-02T16:59:14.508-0400] {processor.py:183} INFO - Processing /Users/prasenjeet.gadhe/Documents/05. Nokia_PoV/Parallel_Test/venv/lib/python3.9/site-packages/airflow/example_dags/example_dynamic_task_mapping.py took 0.082 seconds
[2025-04-02T17:01:07.948-0400] {processor.py:161} INFO - Started process (PID=27535) to work on /Users/prasenjeet.gadhe/Documents/05. Nokia_PoV/Parallel_Test/venv/lib/python3.9/site-packages/airflow/example_dags/example_dynamic_task_mapping.py
[2025-04-02T17:01:07.949-0400] {processor.py:830} INFO - Processing file /Users/prasenjeet.gadhe/Documents/05. Nokia_PoV/Parallel_Test/venv/lib/python3.9/site-packages/airflow/example_dags/example_dynamic_task_mapping.py for tasks to queue
[2025-04-02T17:01:07.950-0400] {logging_mixin.py:188} INFO - [2025-04-02T17:01:07.950-0400] {dagbag.py:540} INFO - Filling up the DagBag from /Users/prasenjeet.gadhe/Documents/05. Nokia_PoV/Parallel_Test/venv/lib/python3.9/site-packages/airflow/example_dags/example_dynamic_task_mapping.py
[2025-04-02T17:01:07.964-0400] {processor.py:840} INFO - DAG(s) 'example_dynamic_task_mapping' retrieved from /Users/prasenjeet.gadhe/Documents/05. Nokia_PoV/Parallel_Test/venv/lib/python3.9/site-packages/airflow/example_dags/example_dynamic_task_mapping.py
[2025-04-02T17:01:08.017-0400] {logging_mixin.py:188} INFO - [2025-04-02T17:01:08.017-0400] {dag.py:3096} INFO - Sync 1 DAGs
[2025-04-02T17:01:08.024-0400] {logging_mixin.py:188} INFO - [2025-04-02T17:01:08.024-0400] {dag.py:3954} INFO - Setting next_dagrun for example_dynamic_task_mapping to 2022-03-04 00:00:00+00:00, run_after=2022-03-05 00:00:00+00:00
[2025-04-02T17:01:08.030-0400] {processor.py:183} INFO - Processing /Users/prasenjeet.gadhe/Documents/05. Nokia_PoV/Parallel_Test/venv/lib/python3.9/site-packages/airflow/example_dags/example_dynamic_task_mapping.py took 0.084 seconds
[2025-04-02T17:03:01.407-0400] {processor.py:161} INFO - Started process (PID=41394) to work on /Users/prasenjeet.gadhe/Documents/05. Nokia_PoV/Parallel_Test/venv/lib/python3.9/site-packages/airflow/example_dags/example_dynamic_task_mapping.py
[2025-04-02T17:03:01.409-0400] {processor.py:830} INFO - Processing file /Users/prasenjeet.gadhe/Documents/05. Nokia_PoV/Parallel_Test/venv/lib/python3.9/site-packages/airflow/example_dags/example_dynamic_task_mapping.py for tasks to queue
[2025-04-02T17:03:01.409-0400] {logging_mixin.py:188} INFO - [2025-04-02T17:03:01.409-0400] {dagbag.py:540} INFO - Filling up the DagBag from /Users/prasenjeet.gadhe/Documents/05. Nokia_PoV/Parallel_Test/venv/lib/python3.9/site-packages/airflow/example_dags/example_dynamic_task_mapping.py
[2025-04-02T17:03:01.423-0400] {processor.py:840} INFO - DAG(s) 'example_dynamic_task_mapping' retrieved from /Users/prasenjeet.gadhe/Documents/05. Nokia_PoV/Parallel_Test/venv/lib/python3.9/site-packages/airflow/example_dags/example_dynamic_task_mapping.py
[2025-04-02T17:03:01.477-0400] {logging_mixin.py:188} INFO - [2025-04-02T17:03:01.477-0400] {dag.py:3096} INFO - Sync 1 DAGs
[2025-04-02T17:03:01.484-0400] {logging_mixin.py:188} INFO - [2025-04-02T17:03:01.484-0400] {dag.py:3954} INFO - Setting next_dagrun for example_dynamic_task_mapping to 2022-03-04 00:00:00+00:00, run_after=2022-03-05 00:00:00+00:00
[2025-04-02T17:03:01.490-0400] {processor.py:183} INFO - Processing /Users/prasenjeet.gadhe/Documents/05. Nokia_PoV/Parallel_Test/venv/lib/python3.9/site-packages/airflow/example_dags/example_dynamic_task_mapping.py took 0.084 seconds
[2025-04-02T17:04:51.069-0400] {processor.py:161} INFO - Started process (PID=54884) to work on /Users/prasenjeet.gadhe/Documents/05. Nokia_PoV/Parallel_Test/venv/lib/python3.9/site-packages/airflow/example_dags/example_dynamic_task_mapping.py
[2025-04-02T17:04:51.071-0400] {processor.py:830} INFO - Processing file /Users/prasenjeet.gadhe/Documents/05. Nokia_PoV/Parallel_Test/venv/lib/python3.9/site-packages/airflow/example_dags/example_dynamic_task_mapping.py for tasks to queue
[2025-04-02T17:04:51.071-0400] {logging_mixin.py:188} INFO - [2025-04-02T17:04:51.071-0400] {dagbag.py:540} INFO - Filling up the DagBag from /Users/prasenjeet.gadhe/Documents/05. Nokia_PoV/Parallel_Test/venv/lib/python3.9/site-packages/airflow/example_dags/example_dynamic_task_mapping.py
[2025-04-02T17:04:51.085-0400] {processor.py:840} INFO - DAG(s) 'example_dynamic_task_mapping' retrieved from /Users/prasenjeet.gadhe/Documents/05. Nokia_PoV/Parallel_Test/venv/lib/python3.9/site-packages/airflow/example_dags/example_dynamic_task_mapping.py
[2025-04-02T17:04:51.138-0400] {logging_mixin.py:188} INFO - [2025-04-02T17:04:51.138-0400] {dag.py:3096} INFO - Sync 1 DAGs
[2025-04-02T17:04:51.145-0400] {logging_mixin.py:188} INFO - [2025-04-02T17:04:51.145-0400] {dag.py:3954} INFO - Setting next_dagrun for example_dynamic_task_mapping to 2022-03-04 00:00:00+00:00, run_after=2022-03-05 00:00:00+00:00
[2025-04-02T17:04:51.151-0400] {processor.py:183} INFO - Processing /Users/prasenjeet.gadhe/Documents/05. Nokia_PoV/Parallel_Test/venv/lib/python3.9/site-packages/airflow/example_dags/example_dynamic_task_mapping.py took 0.083 seconds
[2025-04-02T17:06:40.192-0400] {processor.py:161} INFO - Started process (PID=68304) to work on /Users/prasenjeet.gadhe/Documents/05. Nokia_PoV/Parallel_Test/venv/lib/python3.9/site-packages/airflow/example_dags/example_dynamic_task_mapping.py
[2025-04-02T17:06:40.194-0400] {processor.py:830} INFO - Processing file /Users/prasenjeet.gadhe/Documents/05. Nokia_PoV/Parallel_Test/venv/lib/python3.9/site-packages/airflow/example_dags/example_dynamic_task_mapping.py for tasks to queue
[2025-04-02T17:06:40.194-0400] {logging_mixin.py:188} INFO - [2025-04-02T17:06:40.194-0400] {dagbag.py:540} INFO - Filling up the DagBag from /Users/prasenjeet.gadhe/Documents/05. Nokia_PoV/Parallel_Test/venv/lib/python3.9/site-packages/airflow/example_dags/example_dynamic_task_mapping.py
[2025-04-02T17:06:40.209-0400] {processor.py:840} INFO - DAG(s) 'example_dynamic_task_mapping' retrieved from /Users/prasenjeet.gadhe/Documents/05. Nokia_PoV/Parallel_Test/venv/lib/python3.9/site-packages/airflow/example_dags/example_dynamic_task_mapping.py
[2025-04-02T17:06:40.262-0400] {logging_mixin.py:188} INFO - [2025-04-02T17:06:40.262-0400] {dag.py:3096} INFO - Sync 1 DAGs
[2025-04-02T17:06:40.270-0400] {logging_mixin.py:188} INFO - [2025-04-02T17:06:40.269-0400] {dag.py:3954} INFO - Setting next_dagrun for example_dynamic_task_mapping to 2022-03-04 00:00:00+00:00, run_after=2022-03-05 00:00:00+00:00
[2025-04-02T17:06:40.277-0400] {processor.py:183} INFO - Processing /Users/prasenjeet.gadhe/Documents/05. Nokia_PoV/Parallel_Test/venv/lib/python3.9/site-packages/airflow/example_dags/example_dynamic_task_mapping.py took 0.086 seconds
[2025-04-02T17:08:32.309-0400] {processor.py:161} INFO - Started process (PID=82197) to work on /Users/prasenjeet.gadhe/Documents/05. Nokia_PoV/Parallel_Test/venv/lib/python3.9/site-packages/airflow/example_dags/example_dynamic_task_mapping.py
[2025-04-02T17:08:32.310-0400] {processor.py:830} INFO - Processing file /Users/prasenjeet.gadhe/Documents/05. Nokia_PoV/Parallel_Test/venv/lib/python3.9/site-packages/airflow/example_dags/example_dynamic_task_mapping.py for tasks to queue
[2025-04-02T17:08:32.310-0400] {logging_mixin.py:188} INFO - [2025-04-02T17:08:32.310-0400] {dagbag.py:540} INFO - Filling up the DagBag from /Users/prasenjeet.gadhe/Documents/05. Nokia_PoV/Parallel_Test/venv/lib/python3.9/site-packages/airflow/example_dags/example_dynamic_task_mapping.py
[2025-04-02T17:08:32.324-0400] {processor.py:840} INFO - DAG(s) 'example_dynamic_task_mapping' retrieved from /Users/prasenjeet.gadhe/Documents/05. Nokia_PoV/Parallel_Test/venv/lib/python3.9/site-packages/airflow/example_dags/example_dynamic_task_mapping.py
[2025-04-02T17:08:32.377-0400] {logging_mixin.py:188} INFO - [2025-04-02T17:08:32.377-0400] {dag.py:3096} INFO - Sync 1 DAGs
[2025-04-02T17:08:32.384-0400] {logging_mixin.py:188} INFO - [2025-04-02T17:08:32.384-0400] {dag.py:3954} INFO - Setting next_dagrun for example_dynamic_task_mapping to 2022-03-04 00:00:00+00:00, run_after=2022-03-05 00:00:00+00:00
[2025-04-02T17:08:32.390-0400] {processor.py:183} INFO - Processing /Users/prasenjeet.gadhe/Documents/05. Nokia_PoV/Parallel_Test/venv/lib/python3.9/site-packages/airflow/example_dags/example_dynamic_task_mapping.py took 0.082 seconds
[2025-04-02T17:10:30.336-0400] {processor.py:161} INFO - Started process (PID=96721) to work on /Users/prasenjeet.gadhe/Documents/05. Nokia_PoV/Parallel_Test/venv/lib/python3.9/site-packages/airflow/example_dags/example_dynamic_task_mapping.py
[2025-04-02T17:10:30.338-0400] {processor.py:830} INFO - Processing file /Users/prasenjeet.gadhe/Documents/05. Nokia_PoV/Parallel_Test/venv/lib/python3.9/site-packages/airflow/example_dags/example_dynamic_task_mapping.py for tasks to queue
[2025-04-02T17:10:30.338-0400] {logging_mixin.py:188} INFO - [2025-04-02T17:10:30.338-0400] {dagbag.py:540} INFO - Filling up the DagBag from /Users/prasenjeet.gadhe/Documents/05. Nokia_PoV/Parallel_Test/venv/lib/python3.9/site-packages/airflow/example_dags/example_dynamic_task_mapping.py
[2025-04-02T17:10:30.352-0400] {processor.py:840} INFO - DAG(s) 'example_dynamic_task_mapping' retrieved from /Users/prasenjeet.gadhe/Documents/05. Nokia_PoV/Parallel_Test/venv/lib/python3.9/site-packages/airflow/example_dags/example_dynamic_task_mapping.py
[2025-04-02T17:10:30.408-0400] {logging_mixin.py:188} INFO - [2025-04-02T17:10:30.408-0400] {dag.py:3096} INFO - Sync 1 DAGs
[2025-04-02T17:10:30.416-0400] {logging_mixin.py:188} INFO - [2025-04-02T17:10:30.415-0400] {dag.py:3954} INFO - Setting next_dagrun for example_dynamic_task_mapping to 2022-03-04 00:00:00+00:00, run_after=2022-03-05 00:00:00+00:00
[2025-04-02T17:10:30.422-0400] {processor.py:183} INFO - Processing /Users/prasenjeet.gadhe/Documents/05. Nokia_PoV/Parallel_Test/venv/lib/python3.9/site-packages/airflow/example_dags/example_dynamic_task_mapping.py took 0.087 seconds
[2025-04-02T17:12:22.771-0400] {processor.py:161} INFO - Started process (PID=10954) to work on /Users/prasenjeet.gadhe/Documents/05. Nokia_PoV/Parallel_Test/venv/lib/python3.9/site-packages/airflow/example_dags/example_dynamic_task_mapping.py
[2025-04-02T17:12:22.772-0400] {processor.py:830} INFO - Processing file /Users/prasenjeet.gadhe/Documents/05. Nokia_PoV/Parallel_Test/venv/lib/python3.9/site-packages/airflow/example_dags/example_dynamic_task_mapping.py for tasks to queue
[2025-04-02T17:12:22.773-0400] {logging_mixin.py:188} INFO - [2025-04-02T17:12:22.773-0400] {dagbag.py:540} INFO - Filling up the DagBag from /Users/prasenjeet.gadhe/Documents/05. Nokia_PoV/Parallel_Test/venv/lib/python3.9/site-packages/airflow/example_dags/example_dynamic_task_mapping.py
[2025-04-02T17:12:22.788-0400] {processor.py:840} INFO - DAG(s) 'example_dynamic_task_mapping' retrieved from /Users/prasenjeet.gadhe/Documents/05. Nokia_PoV/Parallel_Test/venv/lib/python3.9/site-packages/airflow/example_dags/example_dynamic_task_mapping.py
[2025-04-02T17:12:22.841-0400] {logging_mixin.py:188} INFO - [2025-04-02T17:12:22.840-0400] {dag.py:3096} INFO - Sync 1 DAGs
[2025-04-02T17:12:22.847-0400] {logging_mixin.py:188} INFO - [2025-04-02T17:12:22.847-0400] {dag.py:3954} INFO - Setting next_dagrun for example_dynamic_task_mapping to 2022-03-04 00:00:00+00:00, run_after=2022-03-05 00:00:00+00:00
[2025-04-02T17:12:22.853-0400] {processor.py:183} INFO - Processing /Users/prasenjeet.gadhe/Documents/05. Nokia_PoV/Parallel_Test/venv/lib/python3.9/site-packages/airflow/example_dags/example_dynamic_task_mapping.py took 0.083 seconds
