[2025-04-02T16:39:43.506-0400] {processor.py:161} INFO - Started process (PID=67929) to work on /Users/prasenjeet.gadhe/Documents/05. Nokia_PoV/Parallel_Test/venv/lib/python3.9/site-packages/airflow/example_dags/example_setup_teardown.py
[2025-04-02T16:39:43.507-0400] {processor.py:830} INFO - Processing file /Users/prasenjeet.gadhe/Documents/05. Nokia_PoV/Parallel_Test/venv/lib/python3.9/site-packages/airflow/example_dags/example_setup_teardown.py for tasks to queue
[2025-04-02T16:39:43.507-0400] {logging_mixin.py:188} INFO - [2025-04-02T16:39:43.507-0400] {dagbag.py:540} INFO - Filling up the DagBag from /Users/prasenjeet.gadhe/Documents/05. Nokia_PoV/Parallel_Test/venv/lib/python3.9/site-packages/airflow/example_dags/example_setup_teardown.py
[2025-04-02T16:39:43.511-0400] {processor.py:840} INFO - DAG(s) 'example_setup_teardown' retrieved from /Users/prasenjeet.gadhe/Documents/05. Nokia_PoV/Parallel_Test/venv/lib/python3.9/site-packages/airflow/example_dags/example_setup_teardown.py
[2025-04-02T16:39:43.594-0400] {logging_mixin.py:188} INFO - [2025-04-02T16:39:43.594-0400] {override.py:1829} INFO - Created Permission View: can read on DAG:example_setup_teardown
[2025-04-02T16:39:43.597-0400] {logging_mixin.py:188} INFO - [2025-04-02T16:39:43.596-0400] {override.py:1829} INFO - Created Permission View: can edit on DAG:example_setup_teardown
[2025-04-02T16:39:43.598-0400] {logging_mixin.py:188} INFO - [2025-04-02T16:39:43.598-0400] {override.py:1829} INFO - Created Permission View: can delete on DAG:example_setup_teardown
[2025-04-02T16:39:43.598-0400] {logging_mixin.py:188} INFO - [2025-04-02T16:39:43.598-0400] {dag.py:3096} INFO - Sync 1 DAGs
[2025-04-02T16:39:43.603-0400] {logging_mixin.py:188} INFO - [2025-04-02T16:39:43.602-0400] {dag.py:3118} INFO - Creating ORM DAG for example_setup_teardown
[2025-04-02T16:39:43.606-0400] {logging_mixin.py:188} INFO - [2025-04-02T16:39:43.606-0400] {dag.py:3954} INFO - Setting next_dagrun for example_setup_teardown to 2025-04-01 00:00:00+00:00, run_after=2025-04-02 00:00:00+00:00
[2025-04-02T16:39:43.612-0400] {processor.py:183} INFO - Processing /Users/prasenjeet.gadhe/Documents/05. Nokia_PoV/Parallel_Test/venv/lib/python3.9/site-packages/airflow/example_dags/example_setup_teardown.py took 0.106 seconds
[2025-04-02T16:41:08.916-0400] {processor.py:161} INFO - Started process (PID=78692) to work on /Users/prasenjeet.gadhe/Documents/05. Nokia_PoV/Parallel_Test/venv/lib/python3.9/site-packages/airflow/example_dags/example_setup_teardown.py
[2025-04-02T16:41:08.918-0400] {processor.py:830} INFO - Processing file /Users/prasenjeet.gadhe/Documents/05. Nokia_PoV/Parallel_Test/venv/lib/python3.9/site-packages/airflow/example_dags/example_setup_teardown.py for tasks to queue
[2025-04-02T16:41:08.918-0400] {logging_mixin.py:188} INFO - [2025-04-02T16:41:08.918-0400] {dagbag.py:540} INFO - Filling up the DagBag from /Users/prasenjeet.gadhe/Documents/05. Nokia_PoV/Parallel_Test/venv/lib/python3.9/site-packages/airflow/example_dags/example_setup_teardown.py
[2025-04-02T16:41:08.922-0400] {processor.py:840} INFO - DAG(s) 'example_setup_teardown' retrieved from /Users/prasenjeet.gadhe/Documents/05. Nokia_PoV/Parallel_Test/venv/lib/python3.9/site-packages/airflow/example_dags/example_setup_teardown.py
[2025-04-02T16:41:08.978-0400] {logging_mixin.py:188} INFO - [2025-04-02T16:41:08.978-0400] {dag.py:3096} INFO - Sync 1 DAGs
[2025-04-02T16:41:08.985-0400] {logging_mixin.py:188} INFO - [2025-04-02T16:41:08.985-0400] {dag.py:3954} INFO - Setting next_dagrun for example_setup_teardown to 2025-04-01 00:00:00+00:00, run_after=2025-04-02 00:00:00+00:00
[2025-04-02T16:41:08.991-0400] {processor.py:183} INFO - Processing /Users/prasenjeet.gadhe/Documents/05. Nokia_PoV/Parallel_Test/venv/lib/python3.9/site-packages/airflow/example_dags/example_setup_teardown.py took 0.077 seconds
[2025-04-02T16:43:06.294-0400] {processor.py:161} INFO - Started process (PID=93180) to work on /Users/prasenjeet.gadhe/Documents/05. Nokia_PoV/Parallel_Test/venv/lib/python3.9/site-packages/airflow/example_dags/example_setup_teardown.py
[2025-04-02T16:43:06.296-0400] {processor.py:830} INFO - Processing file /Users/prasenjeet.gadhe/Documents/05. Nokia_PoV/Parallel_Test/venv/lib/python3.9/site-packages/airflow/example_dags/example_setup_teardown.py for tasks to queue
[2025-04-02T16:43:06.297-0400] {logging_mixin.py:188} INFO - [2025-04-02T16:43:06.297-0400] {dagbag.py:540} INFO - Filling up the DagBag from /Users/prasenjeet.gadhe/Documents/05. Nokia_PoV/Parallel_Test/venv/lib/python3.9/site-packages/airflow/example_dags/example_setup_teardown.py
[2025-04-02T16:43:06.301-0400] {processor.py:840} INFO - DAG(s) 'example_setup_teardown' retrieved from /Users/prasenjeet.gadhe/Documents/05. Nokia_PoV/Parallel_Test/venv/lib/python3.9/site-packages/airflow/example_dags/example_setup_teardown.py
[2025-04-02T16:43:06.356-0400] {logging_mixin.py:188} INFO - [2025-04-02T16:43:06.356-0400] {dag.py:3096} INFO - Sync 1 DAGs
[2025-04-02T16:43:06.363-0400] {logging_mixin.py:188} INFO - [2025-04-02T16:43:06.363-0400] {dag.py:3954} INFO - Setting next_dagrun for example_setup_teardown to 2025-04-01 00:00:00+00:00, run_after=2025-04-02 00:00:00+00:00
[2025-04-02T16:43:06.369-0400] {processor.py:183} INFO - Processing /Users/prasenjeet.gadhe/Documents/05. Nokia_PoV/Parallel_Test/venv/lib/python3.9/site-packages/airflow/example_dags/example_setup_teardown.py took 0.076 seconds
[2025-04-02T16:46:04.455-0400] {processor.py:161} INFO - Started process (PID=15577) to work on /Users/prasenjeet.gadhe/Documents/05. Nokia_PoV/Parallel_Test/venv/lib/python3.9/site-packages/airflow/example_dags/example_setup_teardown.py
[2025-04-02T16:46:04.456-0400] {processor.py:830} INFO - Processing file /Users/prasenjeet.gadhe/Documents/05. Nokia_PoV/Parallel_Test/venv/lib/python3.9/site-packages/airflow/example_dags/example_setup_teardown.py for tasks to queue
[2025-04-02T16:46:04.456-0400] {logging_mixin.py:188} INFO - [2025-04-02T16:46:04.456-0400] {dagbag.py:540} INFO - Filling up the DagBag from /Users/prasenjeet.gadhe/Documents/05. Nokia_PoV/Parallel_Test/venv/lib/python3.9/site-packages/airflow/example_dags/example_setup_teardown.py
[2025-04-02T16:46:04.462-0400] {processor.py:840} INFO - DAG(s) 'example_setup_teardown' retrieved from /Users/prasenjeet.gadhe/Documents/05. Nokia_PoV/Parallel_Test/venv/lib/python3.9/site-packages/airflow/example_dags/example_setup_teardown.py
[2025-04-02T16:46:04.519-0400] {logging_mixin.py:188} INFO - [2025-04-02T16:46:04.519-0400] {dag.py:3096} INFO - Sync 1 DAGs
[2025-04-02T16:46:04.525-0400] {logging_mixin.py:188} INFO - [2025-04-02T16:46:04.525-0400] {dag.py:3954} INFO - Setting next_dagrun for example_setup_teardown to 2025-04-01 00:00:00+00:00, run_after=2025-04-02 00:00:00+00:00
[2025-04-02T16:46:04.531-0400] {processor.py:183} INFO - Processing /Users/prasenjeet.gadhe/Documents/05. Nokia_PoV/Parallel_Test/venv/lib/python3.9/site-packages/airflow/example_dags/example_setup_teardown.py took 0.078 seconds
[2025-04-02T16:47:32.501-0400] {processor.py:161} INFO - Started process (PID=26481) to work on /Users/prasenjeet.gadhe/Documents/05. Nokia_PoV/Parallel_Test/venv/lib/python3.9/site-packages/airflow/example_dags/example_setup_teardown.py
[2025-04-02T16:47:32.503-0400] {processor.py:830} INFO - Processing file /Users/prasenjeet.gadhe/Documents/05. Nokia_PoV/Parallel_Test/venv/lib/python3.9/site-packages/airflow/example_dags/example_setup_teardown.py for tasks to queue
[2025-04-02T16:47:32.503-0400] {logging_mixin.py:188} INFO - [2025-04-02T16:47:32.503-0400] {dagbag.py:540} INFO - Filling up the DagBag from /Users/prasenjeet.gadhe/Documents/05. Nokia_PoV/Parallel_Test/venv/lib/python3.9/site-packages/airflow/example_dags/example_setup_teardown.py
[2025-04-02T16:47:32.507-0400] {processor.py:840} INFO - DAG(s) 'example_setup_teardown' retrieved from /Users/prasenjeet.gadhe/Documents/05. Nokia_PoV/Parallel_Test/venv/lib/python3.9/site-packages/airflow/example_dags/example_setup_teardown.py
[2025-04-02T16:47:32.562-0400] {logging_mixin.py:188} INFO - [2025-04-02T16:47:32.562-0400] {dag.py:3096} INFO - Sync 1 DAGs
[2025-04-02T16:47:32.569-0400] {logging_mixin.py:188} INFO - [2025-04-02T16:47:32.569-0400] {dag.py:3954} INFO - Setting next_dagrun for example_setup_teardown to 2025-04-01 00:00:00+00:00, run_after=2025-04-02 00:00:00+00:00
[2025-04-02T16:47:32.575-0400] {processor.py:183} INFO - Processing /Users/prasenjeet.gadhe/Documents/05. Nokia_PoV/Parallel_Test/venv/lib/python3.9/site-packages/airflow/example_dags/example_setup_teardown.py took 0.075 seconds
[2025-04-02T16:49:24.530-0400] {processor.py:161} INFO - Started process (PID=40391) to work on /Users/prasenjeet.gadhe/Documents/05. Nokia_PoV/Parallel_Test/venv/lib/python3.9/site-packages/airflow/example_dags/example_setup_teardown.py
[2025-04-02T16:49:24.532-0400] {processor.py:830} INFO - Processing file /Users/prasenjeet.gadhe/Documents/05. Nokia_PoV/Parallel_Test/venv/lib/python3.9/site-packages/airflow/example_dags/example_setup_teardown.py for tasks to queue
[2025-04-02T16:49:24.532-0400] {logging_mixin.py:188} INFO - [2025-04-02T16:49:24.532-0400] {dagbag.py:540} INFO - Filling up the DagBag from /Users/prasenjeet.gadhe/Documents/05. Nokia_PoV/Parallel_Test/venv/lib/python3.9/site-packages/airflow/example_dags/example_setup_teardown.py
[2025-04-02T16:49:24.536-0400] {processor.py:840} INFO - DAG(s) 'example_setup_teardown' retrieved from /Users/prasenjeet.gadhe/Documents/05. Nokia_PoV/Parallel_Test/venv/lib/python3.9/site-packages/airflow/example_dags/example_setup_teardown.py
[2025-04-02T16:49:24.598-0400] {logging_mixin.py:188} INFO - [2025-04-02T16:49:24.598-0400] {dag.py:3096} INFO - Sync 1 DAGs
[2025-04-02T16:49:24.606-0400] {logging_mixin.py:188} INFO - [2025-04-02T16:49:24.606-0400] {dag.py:3954} INFO - Setting next_dagrun for example_setup_teardown to 2025-04-01 00:00:00+00:00, run_after=2025-04-02 00:00:00+00:00
[2025-04-02T16:49:24.613-0400] {processor.py:183} INFO - Processing /Users/prasenjeet.gadhe/Documents/05. Nokia_PoV/Parallel_Test/venv/lib/python3.9/site-packages/airflow/example_dags/example_setup_teardown.py took 0.084 seconds
[2025-04-02T16:51:15.394-0400] {processor.py:161} INFO - Started process (PID=54147) to work on /Users/prasenjeet.gadhe/Documents/05. Nokia_PoV/Parallel_Test/venv/lib/python3.9/site-packages/airflow/example_dags/example_setup_teardown.py
[2025-04-02T16:51:15.396-0400] {processor.py:830} INFO - Processing file /Users/prasenjeet.gadhe/Documents/05. Nokia_PoV/Parallel_Test/venv/lib/python3.9/site-packages/airflow/example_dags/example_setup_teardown.py for tasks to queue
[2025-04-02T16:51:15.396-0400] {logging_mixin.py:188} INFO - [2025-04-02T16:51:15.396-0400] {dagbag.py:540} INFO - Filling up the DagBag from /Users/prasenjeet.gadhe/Documents/05. Nokia_PoV/Parallel_Test/venv/lib/python3.9/site-packages/airflow/example_dags/example_setup_teardown.py
[2025-04-02T16:51:15.400-0400] {processor.py:840} INFO - DAG(s) 'example_setup_teardown' retrieved from /Users/prasenjeet.gadhe/Documents/05. Nokia_PoV/Parallel_Test/venv/lib/python3.9/site-packages/airflow/example_dags/example_setup_teardown.py
[2025-04-02T16:51:15.460-0400] {logging_mixin.py:188} INFO - [2025-04-02T16:51:15.460-0400] {dag.py:3096} INFO - Sync 1 DAGs
[2025-04-02T16:51:15.467-0400] {logging_mixin.py:188} INFO - [2025-04-02T16:51:15.467-0400] {dag.py:3954} INFO - Setting next_dagrun for example_setup_teardown to 2025-04-01 00:00:00+00:00, run_after=2025-04-02 00:00:00+00:00
[2025-04-02T16:51:15.474-0400] {processor.py:183} INFO - Processing /Users/prasenjeet.gadhe/Documents/05. Nokia_PoV/Parallel_Test/venv/lib/python3.9/site-packages/airflow/example_dags/example_setup_teardown.py took 0.081 seconds
[2025-04-02T16:52:43.398-0400] {processor.py:161} INFO - Started process (PID=65029) to work on /Users/prasenjeet.gadhe/Documents/05. Nokia_PoV/Parallel_Test/venv/lib/python3.9/site-packages/airflow/example_dags/example_setup_teardown.py
[2025-04-02T16:52:43.399-0400] {processor.py:830} INFO - Processing file /Users/prasenjeet.gadhe/Documents/05. Nokia_PoV/Parallel_Test/venv/lib/python3.9/site-packages/airflow/example_dags/example_setup_teardown.py for tasks to queue
[2025-04-02T16:52:43.399-0400] {logging_mixin.py:188} INFO - [2025-04-02T16:52:43.399-0400] {dagbag.py:540} INFO - Filling up the DagBag from /Users/prasenjeet.gadhe/Documents/05. Nokia_PoV/Parallel_Test/venv/lib/python3.9/site-packages/airflow/example_dags/example_setup_teardown.py
[2025-04-02T16:52:43.403-0400] {processor.py:840} INFO - DAG(s) 'example_setup_teardown' retrieved from /Users/prasenjeet.gadhe/Documents/05. Nokia_PoV/Parallel_Test/venv/lib/python3.9/site-packages/airflow/example_dags/example_setup_teardown.py
[2025-04-02T16:52:43.457-0400] {logging_mixin.py:188} INFO - [2025-04-02T16:52:43.457-0400] {dag.py:3096} INFO - Sync 1 DAGs
[2025-04-02T16:52:43.464-0400] {logging_mixin.py:188} INFO - [2025-04-02T16:52:43.464-0400] {dag.py:3954} INFO - Setting next_dagrun for example_setup_teardown to 2025-04-01 00:00:00+00:00, run_after=2025-04-02 00:00:00+00:00
[2025-04-02T16:52:43.470-0400] {processor.py:183} INFO - Processing /Users/prasenjeet.gadhe/Documents/05. Nokia_PoV/Parallel_Test/venv/lib/python3.9/site-packages/airflow/example_dags/example_setup_teardown.py took 0.073 seconds
[2025-04-02T16:54:32.501-0400] {processor.py:161} INFO - Started process (PID=78505) to work on /Users/prasenjeet.gadhe/Documents/05. Nokia_PoV/Parallel_Test/venv/lib/python3.9/site-packages/airflow/example_dags/example_setup_teardown.py
[2025-04-02T16:54:32.503-0400] {processor.py:830} INFO - Processing file /Users/prasenjeet.gadhe/Documents/05. Nokia_PoV/Parallel_Test/venv/lib/python3.9/site-packages/airflow/example_dags/example_setup_teardown.py for tasks to queue
[2025-04-02T16:54:32.503-0400] {logging_mixin.py:188} INFO - [2025-04-02T16:54:32.503-0400] {dagbag.py:540} INFO - Filling up the DagBag from /Users/prasenjeet.gadhe/Documents/05. Nokia_PoV/Parallel_Test/venv/lib/python3.9/site-packages/airflow/example_dags/example_setup_teardown.py
[2025-04-02T16:54:32.507-0400] {processor.py:840} INFO - DAG(s) 'example_setup_teardown' retrieved from /Users/prasenjeet.gadhe/Documents/05. Nokia_PoV/Parallel_Test/venv/lib/python3.9/site-packages/airflow/example_dags/example_setup_teardown.py
[2025-04-02T16:54:32.567-0400] {logging_mixin.py:188} INFO - [2025-04-02T16:54:32.567-0400] {dag.py:3096} INFO - Sync 1 DAGs
[2025-04-02T16:54:32.575-0400] {logging_mixin.py:188} INFO - [2025-04-02T16:54:32.575-0400] {dag.py:3954} INFO - Setting next_dagrun for example_setup_teardown to 2025-04-01 00:00:00+00:00, run_after=2025-04-02 00:00:00+00:00
[2025-04-02T16:54:32.582-0400] {processor.py:183} INFO - Processing /Users/prasenjeet.gadhe/Documents/05. Nokia_PoV/Parallel_Test/venv/lib/python3.9/site-packages/airflow/example_dags/example_setup_teardown.py took 0.083 seconds
[2025-04-02T16:56:29.651-0400] {processor.py:161} INFO - Started process (PID=93048) to work on /Users/prasenjeet.gadhe/Documents/05. Nokia_PoV/Parallel_Test/venv/lib/python3.9/site-packages/airflow/example_dags/example_setup_teardown.py
[2025-04-02T16:56:29.653-0400] {processor.py:830} INFO - Processing file /Users/prasenjeet.gadhe/Documents/05. Nokia_PoV/Parallel_Test/venv/lib/python3.9/site-packages/airflow/example_dags/example_setup_teardown.py for tasks to queue
[2025-04-02T16:56:29.653-0400] {logging_mixin.py:188} INFO - [2025-04-02T16:56:29.653-0400] {dagbag.py:540} INFO - Filling up the DagBag from /Users/prasenjeet.gadhe/Documents/05. Nokia_PoV/Parallel_Test/venv/lib/python3.9/site-packages/airflow/example_dags/example_setup_teardown.py
[2025-04-02T16:56:29.656-0400] {processor.py:840} INFO - DAG(s) 'example_setup_teardown' retrieved from /Users/prasenjeet.gadhe/Documents/05. Nokia_PoV/Parallel_Test/venv/lib/python3.9/site-packages/airflow/example_dags/example_setup_teardown.py
[2025-04-02T16:56:29.710-0400] {logging_mixin.py:188} INFO - [2025-04-02T16:56:29.710-0400] {dag.py:3096} INFO - Sync 1 DAGs
[2025-04-02T16:56:29.717-0400] {logging_mixin.py:188} INFO - [2025-04-02T16:56:29.717-0400] {dag.py:3954} INFO - Setting next_dagrun for example_setup_teardown to 2025-04-01 00:00:00+00:00, run_after=2025-04-02 00:00:00+00:00
[2025-04-02T16:56:29.723-0400] {processor.py:183} INFO - Processing /Users/prasenjeet.gadhe/Documents/05. Nokia_PoV/Parallel_Test/venv/lib/python3.9/site-packages/airflow/example_dags/example_setup_teardown.py took 0.073 seconds
[2025-04-02T16:58:22.274-0400] {processor.py:161} INFO - Started process (PID=7160) to work on /Users/prasenjeet.gadhe/Documents/05. Nokia_PoV/Parallel_Test/venv/lib/python3.9/site-packages/airflow/example_dags/example_setup_teardown.py
[2025-04-02T16:58:22.276-0400] {processor.py:830} INFO - Processing file /Users/prasenjeet.gadhe/Documents/05. Nokia_PoV/Parallel_Test/venv/lib/python3.9/site-packages/airflow/example_dags/example_setup_teardown.py for tasks to queue
[2025-04-02T16:58:22.276-0400] {logging_mixin.py:188} INFO - [2025-04-02T16:58:22.276-0400] {dagbag.py:540} INFO - Filling up the DagBag from /Users/prasenjeet.gadhe/Documents/05. Nokia_PoV/Parallel_Test/venv/lib/python3.9/site-packages/airflow/example_dags/example_setup_teardown.py
[2025-04-02T16:58:22.280-0400] {processor.py:840} INFO - DAG(s) 'example_setup_teardown' retrieved from /Users/prasenjeet.gadhe/Documents/05. Nokia_PoV/Parallel_Test/venv/lib/python3.9/site-packages/airflow/example_dags/example_setup_teardown.py
[2025-04-02T16:58:22.339-0400] {logging_mixin.py:188} INFO - [2025-04-02T16:58:22.339-0400] {dag.py:3096} INFO - Sync 1 DAGs
[2025-04-02T16:58:22.346-0400] {logging_mixin.py:188} INFO - [2025-04-02T16:58:22.346-0400] {dag.py:3954} INFO - Setting next_dagrun for example_setup_teardown to 2025-04-01 00:00:00+00:00, run_after=2025-04-02 00:00:00+00:00
[2025-04-02T16:58:22.352-0400] {processor.py:183} INFO - Processing /Users/prasenjeet.gadhe/Documents/05. Nokia_PoV/Parallel_Test/venv/lib/python3.9/site-packages/airflow/example_dags/example_setup_teardown.py took 0.079 seconds
[2025-04-02T17:00:13.458-0400] {processor.py:161} INFO - Started process (PID=20858) to work on /Users/prasenjeet.gadhe/Documents/05. Nokia_PoV/Parallel_Test/venv/lib/python3.9/site-packages/airflow/example_dags/example_setup_teardown.py
[2025-04-02T17:00:13.460-0400] {processor.py:830} INFO - Processing file /Users/prasenjeet.gadhe/Documents/05. Nokia_PoV/Parallel_Test/venv/lib/python3.9/site-packages/airflow/example_dags/example_setup_teardown.py for tasks to queue
[2025-04-02T17:00:13.461-0400] {logging_mixin.py:188} INFO - [2025-04-02T17:00:13.461-0400] {dagbag.py:540} INFO - Filling up the DagBag from /Users/prasenjeet.gadhe/Documents/05. Nokia_PoV/Parallel_Test/venv/lib/python3.9/site-packages/airflow/example_dags/example_setup_teardown.py
[2025-04-02T17:00:13.465-0400] {processor.py:840} INFO - DAG(s) 'example_setup_teardown' retrieved from /Users/prasenjeet.gadhe/Documents/05. Nokia_PoV/Parallel_Test/venv/lib/python3.9/site-packages/airflow/example_dags/example_setup_teardown.py
[2025-04-02T17:00:13.535-0400] {logging_mixin.py:188} INFO - [2025-04-02T17:00:13.534-0400] {dag.py:3096} INFO - Sync 1 DAGs
[2025-04-02T17:00:13.543-0400] {logging_mixin.py:188} INFO - [2025-04-02T17:00:13.543-0400] {dag.py:3954} INFO - Setting next_dagrun for example_setup_teardown to 2025-04-01 00:00:00+00:00, run_after=2025-04-02 00:00:00+00:00
[2025-04-02T17:00:13.550-0400] {processor.py:183} INFO - Processing /Users/prasenjeet.gadhe/Documents/05. Nokia_PoV/Parallel_Test/venv/lib/python3.9/site-packages/airflow/example_dags/example_setup_teardown.py took 0.093 seconds
[2025-04-02T17:02:06.299-0400] {processor.py:161} INFO - Started process (PID=34703) to work on /Users/prasenjeet.gadhe/Documents/05. Nokia_PoV/Parallel_Test/venv/lib/python3.9/site-packages/airflow/example_dags/example_setup_teardown.py
[2025-04-02T17:02:06.301-0400] {processor.py:830} INFO - Processing file /Users/prasenjeet.gadhe/Documents/05. Nokia_PoV/Parallel_Test/venv/lib/python3.9/site-packages/airflow/example_dags/example_setup_teardown.py for tasks to queue
[2025-04-02T17:02:06.301-0400] {logging_mixin.py:188} INFO - [2025-04-02T17:02:06.301-0400] {dagbag.py:540} INFO - Filling up the DagBag from /Users/prasenjeet.gadhe/Documents/05. Nokia_PoV/Parallel_Test/venv/lib/python3.9/site-packages/airflow/example_dags/example_setup_teardown.py
[2025-04-02T17:02:06.305-0400] {processor.py:840} INFO - DAG(s) 'example_setup_teardown' retrieved from /Users/prasenjeet.gadhe/Documents/05. Nokia_PoV/Parallel_Test/venv/lib/python3.9/site-packages/airflow/example_dags/example_setup_teardown.py
[2025-04-02T17:02:06.370-0400] {logging_mixin.py:188} INFO - [2025-04-02T17:02:06.370-0400] {dag.py:3096} INFO - Sync 1 DAGs
[2025-04-02T17:02:06.379-0400] {logging_mixin.py:188} INFO - [2025-04-02T17:02:06.379-0400] {dag.py:3954} INFO - Setting next_dagrun for example_setup_teardown to 2025-04-01 00:00:00+00:00, run_after=2025-04-02 00:00:00+00:00
[2025-04-02T17:02:06.387-0400] {processor.py:183} INFO - Processing /Users/prasenjeet.gadhe/Documents/05. Nokia_PoV/Parallel_Test/venv/lib/python3.9/site-packages/airflow/example_dags/example_setup_teardown.py took 0.090 seconds
[2025-04-02T17:03:58.225-0400] {processor.py:161} INFO - Started process (PID=48454) to work on /Users/prasenjeet.gadhe/Documents/05. Nokia_PoV/Parallel_Test/venv/lib/python3.9/site-packages/airflow/example_dags/example_setup_teardown.py
[2025-04-02T17:03:58.226-0400] {processor.py:830} INFO - Processing file /Users/prasenjeet.gadhe/Documents/05. Nokia_PoV/Parallel_Test/venv/lib/python3.9/site-packages/airflow/example_dags/example_setup_teardown.py for tasks to queue
[2025-04-02T17:03:58.227-0400] {logging_mixin.py:188} INFO - [2025-04-02T17:03:58.227-0400] {dagbag.py:540} INFO - Filling up the DagBag from /Users/prasenjeet.gadhe/Documents/05. Nokia_PoV/Parallel_Test/venv/lib/python3.9/site-packages/airflow/example_dags/example_setup_teardown.py
[2025-04-02T17:03:58.230-0400] {processor.py:840} INFO - DAG(s) 'example_setup_teardown' retrieved from /Users/prasenjeet.gadhe/Documents/05. Nokia_PoV/Parallel_Test/venv/lib/python3.9/site-packages/airflow/example_dags/example_setup_teardown.py
[2025-04-02T17:03:58.286-0400] {logging_mixin.py:188} INFO - [2025-04-02T17:03:58.286-0400] {dag.py:3096} INFO - Sync 1 DAGs
[2025-04-02T17:03:58.293-0400] {logging_mixin.py:188} INFO - [2025-04-02T17:03:58.293-0400] {dag.py:3954} INFO - Setting next_dagrun for example_setup_teardown to 2025-04-01 00:00:00+00:00, run_after=2025-04-02 00:00:00+00:00
[2025-04-02T17:03:58.299-0400] {processor.py:183} INFO - Processing /Users/prasenjeet.gadhe/Documents/05. Nokia_PoV/Parallel_Test/venv/lib/python3.9/site-packages/airflow/example_dags/example_setup_teardown.py took 0.075 seconds
[2025-04-02T17:05:46.161-0400] {processor.py:161} INFO - Started process (PID=61640) to work on /Users/prasenjeet.gadhe/Documents/05. Nokia_PoV/Parallel_Test/venv/lib/python3.9/site-packages/airflow/example_dags/example_setup_teardown.py
[2025-04-02T17:05:46.163-0400] {processor.py:830} INFO - Processing file /Users/prasenjeet.gadhe/Documents/05. Nokia_PoV/Parallel_Test/venv/lib/python3.9/site-packages/airflow/example_dags/example_setup_teardown.py for tasks to queue
[2025-04-02T17:05:46.163-0400] {logging_mixin.py:188} INFO - [2025-04-02T17:05:46.163-0400] {dagbag.py:540} INFO - Filling up the DagBag from /Users/prasenjeet.gadhe/Documents/05. Nokia_PoV/Parallel_Test/venv/lib/python3.9/site-packages/airflow/example_dags/example_setup_teardown.py
[2025-04-02T17:05:46.167-0400] {processor.py:840} INFO - DAG(s) 'example_setup_teardown' retrieved from /Users/prasenjeet.gadhe/Documents/05. Nokia_PoV/Parallel_Test/venv/lib/python3.9/site-packages/airflow/example_dags/example_setup_teardown.py
[2025-04-02T17:05:46.224-0400] {logging_mixin.py:188} INFO - [2025-04-02T17:05:46.224-0400] {dag.py:3096} INFO - Sync 1 DAGs
[2025-04-02T17:05:46.231-0400] {logging_mixin.py:188} INFO - [2025-04-02T17:05:46.230-0400] {dag.py:3954} INFO - Setting next_dagrun for example_setup_teardown to 2025-04-01 00:00:00+00:00, run_after=2025-04-02 00:00:00+00:00
[2025-04-02T17:05:46.237-0400] {processor.py:183} INFO - Processing /Users/prasenjeet.gadhe/Documents/05. Nokia_PoV/Parallel_Test/venv/lib/python3.9/site-packages/airflow/example_dags/example_setup_teardown.py took 0.077 seconds
[2025-04-02T17:07:41.200-0400] {processor.py:161} INFO - Started process (PID=75927) to work on /Users/prasenjeet.gadhe/Documents/05. Nokia_PoV/Parallel_Test/venv/lib/python3.9/site-packages/airflow/example_dags/example_setup_teardown.py
[2025-04-02T17:07:41.202-0400] {processor.py:830} INFO - Processing file /Users/prasenjeet.gadhe/Documents/05. Nokia_PoV/Parallel_Test/venv/lib/python3.9/site-packages/airflow/example_dags/example_setup_teardown.py for tasks to queue
[2025-04-02T17:07:41.202-0400] {logging_mixin.py:188} INFO - [2025-04-02T17:07:41.202-0400] {dagbag.py:540} INFO - Filling up the DagBag from /Users/prasenjeet.gadhe/Documents/05. Nokia_PoV/Parallel_Test/venv/lib/python3.9/site-packages/airflow/example_dags/example_setup_teardown.py
[2025-04-02T17:07:41.206-0400] {processor.py:840} INFO - DAG(s) 'example_setup_teardown' retrieved from /Users/prasenjeet.gadhe/Documents/05. Nokia_PoV/Parallel_Test/venv/lib/python3.9/site-packages/airflow/example_dags/example_setup_teardown.py
[2025-04-02T17:07:41.261-0400] {logging_mixin.py:188} INFO - [2025-04-02T17:07:41.261-0400] {dag.py:3096} INFO - Sync 1 DAGs
[2025-04-02T17:07:41.267-0400] {logging_mixin.py:188} INFO - [2025-04-02T17:07:41.267-0400] {dag.py:3954} INFO - Setting next_dagrun for example_setup_teardown to 2025-04-01 00:00:00+00:00, run_after=2025-04-02 00:00:00+00:00
[2025-04-02T17:07:41.274-0400] {processor.py:183} INFO - Processing /Users/prasenjeet.gadhe/Documents/05. Nokia_PoV/Parallel_Test/venv/lib/python3.9/site-packages/airflow/example_dags/example_setup_teardown.py took 0.075 seconds
[2025-04-02T17:09:36.549-0400] {processor.py:161} INFO - Started process (PID=90123) to work on /Users/prasenjeet.gadhe/Documents/05. Nokia_PoV/Parallel_Test/venv/lib/python3.9/site-packages/airflow/example_dags/example_setup_teardown.py
[2025-04-02T17:09:36.551-0400] {processor.py:830} INFO - Processing file /Users/prasenjeet.gadhe/Documents/05. Nokia_PoV/Parallel_Test/venv/lib/python3.9/site-packages/airflow/example_dags/example_setup_teardown.py for tasks to queue
[2025-04-02T17:09:36.551-0400] {logging_mixin.py:188} INFO - [2025-04-02T17:09:36.551-0400] {dagbag.py:540} INFO - Filling up the DagBag from /Users/prasenjeet.gadhe/Documents/05. Nokia_PoV/Parallel_Test/venv/lib/python3.9/site-packages/airflow/example_dags/example_setup_teardown.py
[2025-04-02T17:09:36.554-0400] {processor.py:840} INFO - DAG(s) 'example_setup_teardown' retrieved from /Users/prasenjeet.gadhe/Documents/05. Nokia_PoV/Parallel_Test/venv/lib/python3.9/site-packages/airflow/example_dags/example_setup_teardown.py
[2025-04-02T17:09:36.612-0400] {logging_mixin.py:188} INFO - [2025-04-02T17:09:36.612-0400] {dag.py:3096} INFO - Sync 1 DAGs
[2025-04-02T17:09:36.619-0400] {logging_mixin.py:188} INFO - [2025-04-02T17:09:36.619-0400] {dag.py:3954} INFO - Setting next_dagrun for example_setup_teardown to 2025-04-01 00:00:00+00:00, run_after=2025-04-02 00:00:00+00:00
[2025-04-02T17:09:36.625-0400] {processor.py:183} INFO - Processing /Users/prasenjeet.gadhe/Documents/05. Nokia_PoV/Parallel_Test/venv/lib/python3.9/site-packages/airflow/example_dags/example_setup_teardown.py took 0.077 seconds
[2025-04-02T17:11:25.671-0400] {processor.py:161} INFO - Started process (PID=3888) to work on /Users/prasenjeet.gadhe/Documents/05. Nokia_PoV/Parallel_Test/venv/lib/python3.9/site-packages/airflow/example_dags/example_setup_teardown.py
[2025-04-02T17:11:25.672-0400] {processor.py:830} INFO - Processing file /Users/prasenjeet.gadhe/Documents/05. Nokia_PoV/Parallel_Test/venv/lib/python3.9/site-packages/airflow/example_dags/example_setup_teardown.py for tasks to queue
[2025-04-02T17:11:25.673-0400] {logging_mixin.py:188} INFO - [2025-04-02T17:11:25.673-0400] {dagbag.py:540} INFO - Filling up the DagBag from /Users/prasenjeet.gadhe/Documents/05. Nokia_PoV/Parallel_Test/venv/lib/python3.9/site-packages/airflow/example_dags/example_setup_teardown.py
[2025-04-02T17:11:25.677-0400] {processor.py:840} INFO - DAG(s) 'example_setup_teardown' retrieved from /Users/prasenjeet.gadhe/Documents/05. Nokia_PoV/Parallel_Test/venv/lib/python3.9/site-packages/airflow/example_dags/example_setup_teardown.py
[2025-04-02T17:11:25.740-0400] {logging_mixin.py:188} INFO - [2025-04-02T17:11:25.740-0400] {dag.py:3096} INFO - Sync 1 DAGs
[2025-04-02T17:11:25.748-0400] {logging_mixin.py:188} INFO - [2025-04-02T17:11:25.748-0400] {dag.py:3954} INFO - Setting next_dagrun for example_setup_teardown to 2025-04-01 00:00:00+00:00, run_after=2025-04-02 00:00:00+00:00
[2025-04-02T17:11:25.756-0400] {processor.py:183} INFO - Processing /Users/prasenjeet.gadhe/Documents/05. Nokia_PoV/Parallel_Test/venv/lib/python3.9/site-packages/airflow/example_dags/example_setup_teardown.py took 0.086 seconds
