[2025-04-02T16:38:39.189-0400] {processor.py:161} INFO - Started process (PID=59917) to work on /Users/prasenjeet.gadhe/Documents/05. Nokia_PoV/Parallel_Test/venv/lib/python3.9/site-packages/airflow/example_dags/example_xcomargs.py
[2025-04-02T16:38:39.190-0400] {processor.py:830} INFO - Processing file /Users/prasenjeet.gadhe/Documents/05. Nokia_PoV/Parallel_Test/venv/lib/python3.9/site-packages/airflow/example_dags/example_xcomargs.py for tasks to queue
[2025-04-02T16:38:39.190-0400] {logging_mixin.py:188} INFO - [2025-04-02T16:38:39.190-0400] {dagbag.py:540} INFO - Filling up the DagBag from /Users/prasenjeet.gadhe/Documents/05. Nokia_PoV/Parallel_Test/venv/lib/python3.9/site-packages/airflow/example_dags/example_xcomargs.py
[2025-04-02T16:38:39.206-0400] {processor.py:840} INFO - DAG(s) 'example_xcom_args_with_operators', 'example_xcom_args' retrieved from /Users/prasenjeet.gadhe/Documents/05. Nokia_PoV/Parallel_Test/venv/lib/python3.9/site-packages/airflow/example_dags/example_xcomargs.py
[2025-04-02T16:38:39.294-0400] {logging_mixin.py:188} INFO - [2025-04-02T16:38:39.294-0400] {override.py:1829} INFO - Created Permission View: can read on DAG:example_xcom_args_with_operators
[2025-04-02T16:38:39.297-0400] {logging_mixin.py:188} INFO - [2025-04-02T16:38:39.297-0400] {override.py:1829} INFO - Created Permission View: can delete on DAG:example_xcom_args_with_operators
[2025-04-02T16:38:39.299-0400] {logging_mixin.py:188} INFO - [2025-04-02T16:38:39.299-0400] {override.py:1829} INFO - Created Permission View: can edit on DAG:example_xcom_args_with_operators
[2025-04-02T16:38:39.303-0400] {logging_mixin.py:188} INFO - [2025-04-02T16:38:39.303-0400] {override.py:1829} INFO - Created Permission View: can read on DAG:example_xcom_args
[2025-04-02T16:38:39.305-0400] {logging_mixin.py:188} INFO - [2025-04-02T16:38:39.305-0400] {override.py:1829} INFO - Created Permission View: can delete on DAG:example_xcom_args
[2025-04-02T16:38:39.306-0400] {logging_mixin.py:188} INFO - [2025-04-02T16:38:39.306-0400] {override.py:1829} INFO - Created Permission View: can edit on DAG:example_xcom_args
[2025-04-02T16:38:39.306-0400] {logging_mixin.py:188} INFO - [2025-04-02T16:38:39.306-0400] {dag.py:3096} INFO - Sync 2 DAGs
[2025-04-02T16:38:39.310-0400] {logging_mixin.py:188} INFO - [2025-04-02T16:38:39.310-0400] {dag.py:3118} INFO - Creating ORM DAG for example_xcom_args
[2025-04-02T16:38:39.310-0400] {logging_mixin.py:188} INFO - [2025-04-02T16:38:39.310-0400] {dag.py:3118} INFO - Creating ORM DAG for example_xcom_args_with_operators
[2025-04-02T16:38:39.310-0400] {logging_mixin.py:188} INFO - [2025-04-02T16:38:39.310-0400] {dag.py:3954} INFO - Setting next_dagrun for example_xcom_args to None, run_after=None
[2025-04-02T16:38:39.310-0400] {logging_mixin.py:188} INFO - [2025-04-02T16:38:39.310-0400] {dag.py:3954} INFO - Setting next_dagrun for example_xcom_args_with_operators to None, run_after=None
[2025-04-02T16:38:39.316-0400] {processor.py:183} INFO - Processing /Users/prasenjeet.gadhe/Documents/05. Nokia_PoV/Parallel_Test/venv/lib/python3.9/site-packages/airflow/example_dags/example_xcomargs.py took 0.128 seconds
[2025-04-02T16:39:20.428-0400] {processor.py:161} INFO - Started process (PID=65052) to work on /Users/prasenjeet.gadhe/Documents/05. Nokia_PoV/Parallel_Test/venv/lib/python3.9/site-packages/airflow/example_dags/example_xcomargs.py
[2025-04-02T16:39:20.429-0400] {processor.py:830} INFO - Processing file /Users/prasenjeet.gadhe/Documents/05. Nokia_PoV/Parallel_Test/venv/lib/python3.9/site-packages/airflow/example_dags/example_xcomargs.py for tasks to queue
[2025-04-02T16:39:20.429-0400] {logging_mixin.py:188} INFO - [2025-04-02T16:39:20.429-0400] {dagbag.py:540} INFO - Filling up the DagBag from /Users/prasenjeet.gadhe/Documents/05. Nokia_PoV/Parallel_Test/venv/lib/python3.9/site-packages/airflow/example_dags/example_xcomargs.py
[2025-04-02T16:39:20.445-0400] {processor.py:840} INFO - DAG(s) 'example_xcom_args_with_operators', 'example_xcom_args' retrieved from /Users/prasenjeet.gadhe/Documents/05. Nokia_PoV/Parallel_Test/venv/lib/python3.9/site-packages/airflow/example_dags/example_xcomargs.py
[2025-04-02T16:39:20.503-0400] {logging_mixin.py:188} INFO - [2025-04-02T16:39:20.503-0400] {dag.py:3096} INFO - Sync 2 DAGs
[2025-04-02T16:39:20.507-0400] {logging_mixin.py:188} INFO - [2025-04-02T16:39:20.507-0400] {dag.py:3954} INFO - Setting next_dagrun for example_xcom_args to None, run_after=None
[2025-04-02T16:39:20.508-0400] {logging_mixin.py:188} INFO - [2025-04-02T16:39:20.508-0400] {dag.py:3954} INFO - Setting next_dagrun for example_xcom_args_with_operators to None, run_after=None
[2025-04-02T16:39:20.514-0400] {processor.py:183} INFO - Processing /Users/prasenjeet.gadhe/Documents/05. Nokia_PoV/Parallel_Test/venv/lib/python3.9/site-packages/airflow/example_dags/example_xcomargs.py took 0.087 seconds
[2025-04-02T16:40:48.740-0400] {processor.py:161} INFO - Started process (PID=76074) to work on /Users/prasenjeet.gadhe/Documents/05. Nokia_PoV/Parallel_Test/venv/lib/python3.9/site-packages/airflow/example_dags/example_xcomargs.py
[2025-04-02T16:40:48.741-0400] {processor.py:830} INFO - Processing file /Users/prasenjeet.gadhe/Documents/05. Nokia_PoV/Parallel_Test/venv/lib/python3.9/site-packages/airflow/example_dags/example_xcomargs.py for tasks to queue
[2025-04-02T16:40:48.741-0400] {logging_mixin.py:188} INFO - [2025-04-02T16:40:48.741-0400] {dagbag.py:540} INFO - Filling up the DagBag from /Users/prasenjeet.gadhe/Documents/05. Nokia_PoV/Parallel_Test/venv/lib/python3.9/site-packages/airflow/example_dags/example_xcomargs.py
[2025-04-02T16:40:48.757-0400] {processor.py:840} INFO - DAG(s) 'example_xcom_args_with_operators', 'example_xcom_args' retrieved from /Users/prasenjeet.gadhe/Documents/05. Nokia_PoV/Parallel_Test/venv/lib/python3.9/site-packages/airflow/example_dags/example_xcomargs.py
[2025-04-02T16:40:48.812-0400] {logging_mixin.py:188} INFO - [2025-04-02T16:40:48.812-0400] {dag.py:3096} INFO - Sync 2 DAGs
[2025-04-02T16:40:48.816-0400] {logging_mixin.py:188} INFO - [2025-04-02T16:40:48.816-0400] {dag.py:3954} INFO - Setting next_dagrun for example_xcom_args to None, run_after=None
[2025-04-02T16:40:48.818-0400] {logging_mixin.py:188} INFO - [2025-04-02T16:40:48.818-0400] {dag.py:3954} INFO - Setting next_dagrun for example_xcom_args_with_operators to None, run_after=None
[2025-04-02T16:40:48.823-0400] {processor.py:183} INFO - Processing /Users/prasenjeet.gadhe/Documents/05. Nokia_PoV/Parallel_Test/venv/lib/python3.9/site-packages/airflow/example_dags/example_xcomargs.py took 0.084 seconds
[2025-04-02T16:41:46.857-0400] {processor.py:161} INFO - Started process (PID=83337) to work on /Users/prasenjeet.gadhe/Documents/05. Nokia_PoV/Parallel_Test/venv/lib/python3.9/site-packages/airflow/example_dags/example_xcomargs.py
[2025-04-02T16:41:46.858-0400] {processor.py:830} INFO - Processing file /Users/prasenjeet.gadhe/Documents/05. Nokia_PoV/Parallel_Test/venv/lib/python3.9/site-packages/airflow/example_dags/example_xcomargs.py for tasks to queue
[2025-04-02T16:41:46.859-0400] {logging_mixin.py:188} INFO - [2025-04-02T16:41:46.858-0400] {dagbag.py:540} INFO - Filling up the DagBag from /Users/prasenjeet.gadhe/Documents/05. Nokia_PoV/Parallel_Test/venv/lib/python3.9/site-packages/airflow/example_dags/example_xcomargs.py
[2025-04-02T16:41:46.873-0400] {processor.py:840} INFO - DAG(s) 'example_xcom_args', 'example_xcom_args_with_operators' retrieved from /Users/prasenjeet.gadhe/Documents/05. Nokia_PoV/Parallel_Test/venv/lib/python3.9/site-packages/airflow/example_dags/example_xcomargs.py
[2025-04-02T16:41:46.929-0400] {logging_mixin.py:188} INFO - [2025-04-02T16:41:46.928-0400] {dag.py:3096} INFO - Sync 2 DAGs
[2025-04-02T16:41:46.932-0400] {logging_mixin.py:188} INFO - [2025-04-02T16:41:46.932-0400] {dag.py:3954} INFO - Setting next_dagrun for example_xcom_args to None, run_after=None
[2025-04-02T16:41:46.933-0400] {logging_mixin.py:188} INFO - [2025-04-02T16:41:46.933-0400] {dag.py:3954} INFO - Setting next_dagrun for example_xcom_args_with_operators to None, run_after=None
[2025-04-02T16:41:46.938-0400] {processor.py:183} INFO - Processing /Users/prasenjeet.gadhe/Documents/05. Nokia_PoV/Parallel_Test/venv/lib/python3.9/site-packages/airflow/example_dags/example_xcomargs.py took 0.082 seconds
[2025-04-02T16:42:45.159-0400] {processor.py:161} INFO - Started process (PID=90548) to work on /Users/prasenjeet.gadhe/Documents/05. Nokia_PoV/Parallel_Test/venv/lib/python3.9/site-packages/airflow/example_dags/example_xcomargs.py
[2025-04-02T16:42:45.160-0400] {processor.py:830} INFO - Processing file /Users/prasenjeet.gadhe/Documents/05. Nokia_PoV/Parallel_Test/venv/lib/python3.9/site-packages/airflow/example_dags/example_xcomargs.py for tasks to queue
[2025-04-02T16:42:45.161-0400] {logging_mixin.py:188} INFO - [2025-04-02T16:42:45.161-0400] {dagbag.py:540} INFO - Filling up the DagBag from /Users/prasenjeet.gadhe/Documents/05. Nokia_PoV/Parallel_Test/venv/lib/python3.9/site-packages/airflow/example_dags/example_xcomargs.py
[2025-04-02T16:42:45.175-0400] {processor.py:840} INFO - DAG(s) 'example_xcom_args_with_operators', 'example_xcom_args' retrieved from /Users/prasenjeet.gadhe/Documents/05. Nokia_PoV/Parallel_Test/venv/lib/python3.9/site-packages/airflow/example_dags/example_xcomargs.py
[2025-04-02T16:42:45.229-0400] {logging_mixin.py:188} INFO - [2025-04-02T16:42:45.229-0400] {dag.py:3096} INFO - Sync 2 DAGs
[2025-04-02T16:42:45.232-0400] {logging_mixin.py:188} INFO - [2025-04-02T16:42:45.232-0400] {dag.py:3954} INFO - Setting next_dagrun for example_xcom_args to None, run_after=None
[2025-04-02T16:42:45.233-0400] {logging_mixin.py:188} INFO - [2025-04-02T16:42:45.233-0400] {dag.py:3954} INFO - Setting next_dagrun for example_xcom_args_with_operators to None, run_after=None
[2025-04-02T16:42:45.239-0400] {processor.py:183} INFO - Processing /Users/prasenjeet.gadhe/Documents/05. Nokia_PoV/Parallel_Test/venv/lib/python3.9/site-packages/airflow/example_dags/example_xcomargs.py took 0.081 seconds
[2025-04-02T16:43:41.447-0400] {processor.py:161} INFO - Started process (PID=97484) to work on /Users/prasenjeet.gadhe/Documents/05. Nokia_PoV/Parallel_Test/venv/lib/python3.9/site-packages/airflow/example_dags/example_xcomargs.py
[2025-04-02T16:43:41.449-0400] {processor.py:830} INFO - Processing file /Users/prasenjeet.gadhe/Documents/05. Nokia_PoV/Parallel_Test/venv/lib/python3.9/site-packages/airflow/example_dags/example_xcomargs.py for tasks to queue
[2025-04-02T16:43:41.449-0400] {logging_mixin.py:188} INFO - [2025-04-02T16:43:41.449-0400] {dagbag.py:540} INFO - Filling up the DagBag from /Users/prasenjeet.gadhe/Documents/05. Nokia_PoV/Parallel_Test/venv/lib/python3.9/site-packages/airflow/example_dags/example_xcomargs.py
[2025-04-02T16:43:41.466-0400] {processor.py:840} INFO - DAG(s) 'example_xcom_args', 'example_xcom_args_with_operators' retrieved from /Users/prasenjeet.gadhe/Documents/05. Nokia_PoV/Parallel_Test/venv/lib/python3.9/site-packages/airflow/example_dags/example_xcomargs.py
[2025-04-02T16:43:41.522-0400] {logging_mixin.py:188} INFO - [2025-04-02T16:43:41.522-0400] {dag.py:3096} INFO - Sync 2 DAGs
[2025-04-02T16:43:41.525-0400] {logging_mixin.py:188} INFO - [2025-04-02T16:43:41.525-0400] {dag.py:3954} INFO - Setting next_dagrun for example_xcom_args to None, run_after=None
[2025-04-02T16:43:41.526-0400] {logging_mixin.py:188} INFO - [2025-04-02T16:43:41.526-0400] {dag.py:3954} INFO - Setting next_dagrun for example_xcom_args_with_operators to None, run_after=None
[2025-04-02T16:43:41.532-0400] {processor.py:183} INFO - Processing /Users/prasenjeet.gadhe/Documents/05. Nokia_PoV/Parallel_Test/venv/lib/python3.9/site-packages/airflow/example_dags/example_xcomargs.py took 0.086 seconds
[2025-04-02T16:45:41.418-0400] {processor.py:161} INFO - Started process (PID=12723) to work on /Users/prasenjeet.gadhe/Documents/05. Nokia_PoV/Parallel_Test/venv/lib/python3.9/site-packages/airflow/example_dags/example_xcomargs.py
[2025-04-02T16:45:41.420-0400] {processor.py:830} INFO - Processing file /Users/prasenjeet.gadhe/Documents/05. Nokia_PoV/Parallel_Test/venv/lib/python3.9/site-packages/airflow/example_dags/example_xcomargs.py for tasks to queue
[2025-04-02T16:45:41.421-0400] {logging_mixin.py:188} INFO - [2025-04-02T16:45:41.420-0400] {dagbag.py:540} INFO - Filling up the DagBag from /Users/prasenjeet.gadhe/Documents/05. Nokia_PoV/Parallel_Test/venv/lib/python3.9/site-packages/airflow/example_dags/example_xcomargs.py
[2025-04-02T16:45:41.436-0400] {processor.py:840} INFO - DAG(s) 'example_xcom_args', 'example_xcom_args_with_operators' retrieved from /Users/prasenjeet.gadhe/Documents/05. Nokia_PoV/Parallel_Test/venv/lib/python3.9/site-packages/airflow/example_dags/example_xcomargs.py
[2025-04-02T16:45:41.492-0400] {logging_mixin.py:188} INFO - [2025-04-02T16:45:41.492-0400] {dag.py:3096} INFO - Sync 2 DAGs
[2025-04-02T16:45:41.495-0400] {logging_mixin.py:188} INFO - [2025-04-02T16:45:41.495-0400] {dag.py:3954} INFO - Setting next_dagrun for example_xcom_args to None, run_after=None
[2025-04-02T16:45:41.496-0400] {logging_mixin.py:188} INFO - [2025-04-02T16:45:41.496-0400] {dag.py:3954} INFO - Setting next_dagrun for example_xcom_args_with_operators to None, run_after=None
[2025-04-02T16:45:41.502-0400] {processor.py:183} INFO - Processing /Users/prasenjeet.gadhe/Documents/05. Nokia_PoV/Parallel_Test/venv/lib/python3.9/site-packages/airflow/example_dags/example_xcomargs.py took 0.084 seconds
[2025-04-02T16:47:09.656-0400] {processor.py:161} INFO - Started process (PID=23719) to work on /Users/prasenjeet.gadhe/Documents/05. Nokia_PoV/Parallel_Test/venv/lib/python3.9/site-packages/airflow/example_dags/example_xcomargs.py
[2025-04-02T16:47:09.658-0400] {processor.py:830} INFO - Processing file /Users/prasenjeet.gadhe/Documents/05. Nokia_PoV/Parallel_Test/venv/lib/python3.9/site-packages/airflow/example_dags/example_xcomargs.py for tasks to queue
[2025-04-02T16:47:09.658-0400] {logging_mixin.py:188} INFO - [2025-04-02T16:47:09.658-0400] {dagbag.py:540} INFO - Filling up the DagBag from /Users/prasenjeet.gadhe/Documents/05. Nokia_PoV/Parallel_Test/venv/lib/python3.9/site-packages/airflow/example_dags/example_xcomargs.py
[2025-04-02T16:47:09.672-0400] {processor.py:840} INFO - DAG(s) 'example_xcom_args_with_operators', 'example_xcom_args' retrieved from /Users/prasenjeet.gadhe/Documents/05. Nokia_PoV/Parallel_Test/venv/lib/python3.9/site-packages/airflow/example_dags/example_xcomargs.py
[2025-04-02T16:47:09.729-0400] {logging_mixin.py:188} INFO - [2025-04-02T16:47:09.729-0400] {dag.py:3096} INFO - Sync 2 DAGs
[2025-04-02T16:47:09.734-0400] {logging_mixin.py:188} INFO - [2025-04-02T16:47:09.733-0400] {dag.py:3954} INFO - Setting next_dagrun for example_xcom_args to None, run_after=None
[2025-04-02T16:47:09.735-0400] {logging_mixin.py:188} INFO - [2025-04-02T16:47:09.735-0400] {dag.py:3954} INFO - Setting next_dagrun for example_xcom_args_with_operators to None, run_after=None
[2025-04-02T16:47:09.742-0400] {processor.py:183} INFO - Processing /Users/prasenjeet.gadhe/Documents/05. Nokia_PoV/Parallel_Test/venv/lib/python3.9/site-packages/airflow/example_dags/example_xcomargs.py took 0.087 seconds
[2025-04-02T16:48:09.478-0400] {processor.py:161} INFO - Started process (PID=31101) to work on /Users/prasenjeet.gadhe/Documents/05. Nokia_PoV/Parallel_Test/venv/lib/python3.9/site-packages/airflow/example_dags/example_xcomargs.py
[2025-04-02T16:48:09.480-0400] {processor.py:830} INFO - Processing file /Users/prasenjeet.gadhe/Documents/05. Nokia_PoV/Parallel_Test/venv/lib/python3.9/site-packages/airflow/example_dags/example_xcomargs.py for tasks to queue
[2025-04-02T16:48:09.480-0400] {logging_mixin.py:188} INFO - [2025-04-02T16:48:09.480-0400] {dagbag.py:540} INFO - Filling up the DagBag from /Users/prasenjeet.gadhe/Documents/05. Nokia_PoV/Parallel_Test/venv/lib/python3.9/site-packages/airflow/example_dags/example_xcomargs.py
[2025-04-02T16:48:09.495-0400] {processor.py:840} INFO - DAG(s) 'example_xcom_args_with_operators', 'example_xcom_args' retrieved from /Users/prasenjeet.gadhe/Documents/05. Nokia_PoV/Parallel_Test/venv/lib/python3.9/site-packages/airflow/example_dags/example_xcomargs.py
[2025-04-02T16:48:09.548-0400] {logging_mixin.py:188} INFO - [2025-04-02T16:48:09.548-0400] {dag.py:3096} INFO - Sync 2 DAGs
[2025-04-02T16:48:09.552-0400] {logging_mixin.py:188} INFO - [2025-04-02T16:48:09.552-0400] {dag.py:3954} INFO - Setting next_dagrun for example_xcom_args to None, run_after=None
[2025-04-02T16:48:09.553-0400] {logging_mixin.py:188} INFO - [2025-04-02T16:48:09.553-0400] {dag.py:3954} INFO - Setting next_dagrun for example_xcom_args_with_operators to None, run_after=None
[2025-04-02T16:48:09.558-0400] {processor.py:183} INFO - Processing /Users/prasenjeet.gadhe/Documents/05. Nokia_PoV/Parallel_Test/venv/lib/python3.9/site-packages/airflow/example_dags/example_xcomargs.py took 0.081 seconds
[2025-04-02T16:49:06.072-0400] {processor.py:161} INFO - Started process (PID=38077) to work on /Users/prasenjeet.gadhe/Documents/05. Nokia_PoV/Parallel_Test/venv/lib/python3.9/site-packages/airflow/example_dags/example_xcomargs.py
[2025-04-02T16:49:06.074-0400] {processor.py:830} INFO - Processing file /Users/prasenjeet.gadhe/Documents/05. Nokia_PoV/Parallel_Test/venv/lib/python3.9/site-packages/airflow/example_dags/example_xcomargs.py for tasks to queue
[2025-04-02T16:49:06.074-0400] {logging_mixin.py:188} INFO - [2025-04-02T16:49:06.074-0400] {dagbag.py:540} INFO - Filling up the DagBag from /Users/prasenjeet.gadhe/Documents/05. Nokia_PoV/Parallel_Test/venv/lib/python3.9/site-packages/airflow/example_dags/example_xcomargs.py
[2025-04-02T16:49:06.091-0400] {processor.py:840} INFO - DAG(s) 'example_xcom_args', 'example_xcom_args_with_operators' retrieved from /Users/prasenjeet.gadhe/Documents/05. Nokia_PoV/Parallel_Test/venv/lib/python3.9/site-packages/airflow/example_dags/example_xcomargs.py
[2025-04-02T16:49:06.152-0400] {logging_mixin.py:188} INFO - [2025-04-02T16:49:06.152-0400] {dag.py:3096} INFO - Sync 2 DAGs
[2025-04-02T16:49:06.157-0400] {logging_mixin.py:188} INFO - [2025-04-02T16:49:06.157-0400] {dag.py:3954} INFO - Setting next_dagrun for example_xcom_args to None, run_after=None
[2025-04-02T16:49:06.158-0400] {logging_mixin.py:188} INFO - [2025-04-02T16:49:06.158-0400] {dag.py:3954} INFO - Setting next_dagrun for example_xcom_args_with_operators to None, run_after=None
[2025-04-02T16:49:06.164-0400] {processor.py:183} INFO - Processing /Users/prasenjeet.gadhe/Documents/05. Nokia_PoV/Parallel_Test/venv/lib/python3.9/site-packages/airflow/example_dags/example_xcomargs.py took 0.093 seconds
[2025-04-02T16:50:52.366-0400] {processor.py:161} INFO - Started process (PID=51272) to work on /Users/prasenjeet.gadhe/Documents/05. Nokia_PoV/Parallel_Test/venv/lib/python3.9/site-packages/airflow/example_dags/example_xcomargs.py
[2025-04-02T16:50:52.368-0400] {processor.py:830} INFO - Processing file /Users/prasenjeet.gadhe/Documents/05. Nokia_PoV/Parallel_Test/venv/lib/python3.9/site-packages/airflow/example_dags/example_xcomargs.py for tasks to queue
[2025-04-02T16:50:52.368-0400] {logging_mixin.py:188} INFO - [2025-04-02T16:50:52.368-0400] {dagbag.py:540} INFO - Filling up the DagBag from /Users/prasenjeet.gadhe/Documents/05. Nokia_PoV/Parallel_Test/venv/lib/python3.9/site-packages/airflow/example_dags/example_xcomargs.py
[2025-04-02T16:50:52.385-0400] {processor.py:840} INFO - DAG(s) 'example_xcom_args', 'example_xcom_args_with_operators' retrieved from /Users/prasenjeet.gadhe/Documents/05. Nokia_PoV/Parallel_Test/venv/lib/python3.9/site-packages/airflow/example_dags/example_xcomargs.py
[2025-04-02T16:50:52.441-0400] {logging_mixin.py:188} INFO - [2025-04-02T16:50:52.441-0400] {dag.py:3096} INFO - Sync 2 DAGs
[2025-04-02T16:50:52.445-0400] {logging_mixin.py:188} INFO - [2025-04-02T16:50:52.445-0400] {dag.py:3954} INFO - Setting next_dagrun for example_xcom_args to None, run_after=None
[2025-04-02T16:50:52.446-0400] {logging_mixin.py:188} INFO - [2025-04-02T16:50:52.446-0400] {dag.py:3954} INFO - Setting next_dagrun for example_xcom_args_with_operators to None, run_after=None
[2025-04-02T16:50:52.451-0400] {processor.py:183} INFO - Processing /Users/prasenjeet.gadhe/Documents/05. Nokia_PoV/Parallel_Test/venv/lib/python3.9/site-packages/airflow/example_dags/example_xcomargs.py took 0.086 seconds
[2025-04-02T16:52:23.004-0400] {processor.py:161} INFO - Started process (PID=62449) to work on /Users/prasenjeet.gadhe/Documents/05. Nokia_PoV/Parallel_Test/venv/lib/python3.9/site-packages/airflow/example_dags/example_xcomargs.py
[2025-04-02T16:52:23.005-0400] {processor.py:830} INFO - Processing file /Users/prasenjeet.gadhe/Documents/05. Nokia_PoV/Parallel_Test/venv/lib/python3.9/site-packages/airflow/example_dags/example_xcomargs.py for tasks to queue
[2025-04-02T16:52:23.005-0400] {logging_mixin.py:188} INFO - [2025-04-02T16:52:23.005-0400] {dagbag.py:540} INFO - Filling up the DagBag from /Users/prasenjeet.gadhe/Documents/05. Nokia_PoV/Parallel_Test/venv/lib/python3.9/site-packages/airflow/example_dags/example_xcomargs.py
[2025-04-02T16:52:23.020-0400] {processor.py:840} INFO - DAG(s) 'example_xcom_args', 'example_xcom_args_with_operators' retrieved from /Users/prasenjeet.gadhe/Documents/05. Nokia_PoV/Parallel_Test/venv/lib/python3.9/site-packages/airflow/example_dags/example_xcomargs.py
[2025-04-02T16:52:23.073-0400] {logging_mixin.py:188} INFO - [2025-04-02T16:52:23.072-0400] {dag.py:3096} INFO - Sync 2 DAGs
[2025-04-02T16:52:23.076-0400] {logging_mixin.py:188} INFO - [2025-04-02T16:52:23.076-0400] {dag.py:3954} INFO - Setting next_dagrun for example_xcom_args to None, run_after=None
[2025-04-02T16:52:23.077-0400] {logging_mixin.py:188} INFO - [2025-04-02T16:52:23.077-0400] {dag.py:3954} INFO - Setting next_dagrun for example_xcom_args_with_operators to None, run_after=None
[2025-04-02T16:52:23.083-0400] {processor.py:183} INFO - Processing /Users/prasenjeet.gadhe/Documents/05. Nokia_PoV/Parallel_Test/venv/lib/python3.9/site-packages/airflow/example_dags/example_xcomargs.py took 0.080 seconds
[2025-04-02T16:53:19.136-0400] {processor.py:161} INFO - Started process (PID=69379) to work on /Users/prasenjeet.gadhe/Documents/05. Nokia_PoV/Parallel_Test/venv/lib/python3.9/site-packages/airflow/example_dags/example_xcomargs.py
[2025-04-02T16:53:19.138-0400] {processor.py:830} INFO - Processing file /Users/prasenjeet.gadhe/Documents/05. Nokia_PoV/Parallel_Test/venv/lib/python3.9/site-packages/airflow/example_dags/example_xcomargs.py for tasks to queue
[2025-04-02T16:53:19.138-0400] {logging_mixin.py:188} INFO - [2025-04-02T16:53:19.138-0400] {dagbag.py:540} INFO - Filling up the DagBag from /Users/prasenjeet.gadhe/Documents/05. Nokia_PoV/Parallel_Test/venv/lib/python3.9/site-packages/airflow/example_dags/example_xcomargs.py
[2025-04-02T16:53:19.154-0400] {processor.py:840} INFO - DAG(s) 'example_xcom_args', 'example_xcom_args_with_operators' retrieved from /Users/prasenjeet.gadhe/Documents/05. Nokia_PoV/Parallel_Test/venv/lib/python3.9/site-packages/airflow/example_dags/example_xcomargs.py
[2025-04-02T16:53:19.218-0400] {logging_mixin.py:188} INFO - [2025-04-02T16:53:19.218-0400] {dag.py:3096} INFO - Sync 2 DAGs
[2025-04-02T16:53:19.222-0400] {logging_mixin.py:188} INFO - [2025-04-02T16:53:19.222-0400] {dag.py:3954} INFO - Setting next_dagrun for example_xcom_args to None, run_after=None
[2025-04-02T16:53:19.224-0400] {logging_mixin.py:188} INFO - [2025-04-02T16:53:19.224-0400] {dag.py:3954} INFO - Setting next_dagrun for example_xcom_args_with_operators to None, run_after=None
[2025-04-02T16:53:19.230-0400] {processor.py:183} INFO - Processing /Users/prasenjeet.gadhe/Documents/05. Nokia_PoV/Parallel_Test/venv/lib/python3.9/site-packages/airflow/example_dags/example_xcomargs.py took 0.095 seconds
[2025-04-02T16:54:13.041-0400] {processor.py:161} INFO - Started process (PID=76079) to work on /Users/prasenjeet.gadhe/Documents/05. Nokia_PoV/Parallel_Test/venv/lib/python3.9/site-packages/airflow/example_dags/example_xcomargs.py
[2025-04-02T16:54:13.043-0400] {processor.py:830} INFO - Processing file /Users/prasenjeet.gadhe/Documents/05. Nokia_PoV/Parallel_Test/venv/lib/python3.9/site-packages/airflow/example_dags/example_xcomargs.py for tasks to queue
[2025-04-02T16:54:13.043-0400] {logging_mixin.py:188} INFO - [2025-04-02T16:54:13.043-0400] {dagbag.py:540} INFO - Filling up the DagBag from /Users/prasenjeet.gadhe/Documents/05. Nokia_PoV/Parallel_Test/venv/lib/python3.9/site-packages/airflow/example_dags/example_xcomargs.py
[2025-04-02T16:54:13.058-0400] {processor.py:840} INFO - DAG(s) 'example_xcom_args_with_operators', 'example_xcom_args' retrieved from /Users/prasenjeet.gadhe/Documents/05. Nokia_PoV/Parallel_Test/venv/lib/python3.9/site-packages/airflow/example_dags/example_xcomargs.py
[2025-04-02T16:54:13.112-0400] {logging_mixin.py:188} INFO - [2025-04-02T16:54:13.112-0400] {dag.py:3096} INFO - Sync 2 DAGs
[2025-04-02T16:54:13.116-0400] {logging_mixin.py:188} INFO - [2025-04-02T16:54:13.116-0400] {dag.py:3954} INFO - Setting next_dagrun for example_xcom_args to None, run_after=None
[2025-04-02T16:54:13.117-0400] {logging_mixin.py:188} INFO - [2025-04-02T16:54:13.117-0400] {dag.py:3954} INFO - Setting next_dagrun for example_xcom_args_with_operators to None, run_after=None
[2025-04-02T16:54:13.122-0400] {processor.py:183} INFO - Processing /Users/prasenjeet.gadhe/Documents/05. Nokia_PoV/Parallel_Test/venv/lib/python3.9/site-packages/airflow/example_dags/example_xcomargs.py took 0.082 seconds
[2025-04-02T16:55:09.832-0400] {processor.py:161} INFO - Started process (PID=83115) to work on /Users/prasenjeet.gadhe/Documents/05. Nokia_PoV/Parallel_Test/venv/lib/python3.9/site-packages/airflow/example_dags/example_xcomargs.py
[2025-04-02T16:55:09.833-0400] {processor.py:830} INFO - Processing file /Users/prasenjeet.gadhe/Documents/05. Nokia_PoV/Parallel_Test/venv/lib/python3.9/site-packages/airflow/example_dags/example_xcomargs.py for tasks to queue
[2025-04-02T16:55:09.833-0400] {logging_mixin.py:188} INFO - [2025-04-02T16:55:09.833-0400] {dagbag.py:540} INFO - Filling up the DagBag from /Users/prasenjeet.gadhe/Documents/05. Nokia_PoV/Parallel_Test/venv/lib/python3.9/site-packages/airflow/example_dags/example_xcomargs.py
[2025-04-02T16:55:09.848-0400] {processor.py:840} INFO - DAG(s) 'example_xcom_args', 'example_xcom_args_with_operators' retrieved from /Users/prasenjeet.gadhe/Documents/05. Nokia_PoV/Parallel_Test/venv/lib/python3.9/site-packages/airflow/example_dags/example_xcomargs.py
[2025-04-02T16:55:09.909-0400] {logging_mixin.py:188} INFO - [2025-04-02T16:55:09.909-0400] {dag.py:3096} INFO - Sync 2 DAGs
[2025-04-02T16:55:09.914-0400] {logging_mixin.py:188} INFO - [2025-04-02T16:55:09.914-0400] {dag.py:3954} INFO - Setting next_dagrun for example_xcom_args to None, run_after=None
[2025-04-02T16:55:09.915-0400] {logging_mixin.py:188} INFO - [2025-04-02T16:55:09.915-0400] {dag.py:3954} INFO - Setting next_dagrun for example_xcom_args_with_operators to None, run_after=None
[2025-04-02T16:55:09.921-0400] {processor.py:183} INFO - Processing /Users/prasenjeet.gadhe/Documents/05. Nokia_PoV/Parallel_Test/venv/lib/python3.9/site-packages/airflow/example_dags/example_xcomargs.py took 0.090 seconds
[2025-04-02T16:56:08.705-0400] {processor.py:161} INFO - Started process (PID=90435) to work on /Users/prasenjeet.gadhe/Documents/05. Nokia_PoV/Parallel_Test/venv/lib/python3.9/site-packages/airflow/example_dags/example_xcomargs.py
[2025-04-02T16:56:08.706-0400] {processor.py:830} INFO - Processing file /Users/prasenjeet.gadhe/Documents/05. Nokia_PoV/Parallel_Test/venv/lib/python3.9/site-packages/airflow/example_dags/example_xcomargs.py for tasks to queue
[2025-04-02T16:56:08.706-0400] {logging_mixin.py:188} INFO - [2025-04-02T16:56:08.706-0400] {dagbag.py:540} INFO - Filling up the DagBag from /Users/prasenjeet.gadhe/Documents/05. Nokia_PoV/Parallel_Test/venv/lib/python3.9/site-packages/airflow/example_dags/example_xcomargs.py
[2025-04-02T16:56:08.721-0400] {processor.py:840} INFO - DAG(s) 'example_xcom_args', 'example_xcom_args_with_operators' retrieved from /Users/prasenjeet.gadhe/Documents/05. Nokia_PoV/Parallel_Test/venv/lib/python3.9/site-packages/airflow/example_dags/example_xcomargs.py
[2025-04-02T16:56:08.777-0400] {logging_mixin.py:188} INFO - [2025-04-02T16:56:08.777-0400] {dag.py:3096} INFO - Sync 2 DAGs
[2025-04-02T16:56:08.781-0400] {logging_mixin.py:188} INFO - [2025-04-02T16:56:08.781-0400] {dag.py:3954} INFO - Setting next_dagrun for example_xcom_args to None, run_after=None
[2025-04-02T16:56:08.782-0400] {logging_mixin.py:188} INFO - [2025-04-02T16:56:08.782-0400] {dag.py:3954} INFO - Setting next_dagrun for example_xcom_args_with_operators to None, run_after=None
[2025-04-02T16:56:08.788-0400] {processor.py:183} INFO - Processing /Users/prasenjeet.gadhe/Documents/05. Nokia_PoV/Parallel_Test/venv/lib/python3.9/site-packages/airflow/example_dags/example_xcomargs.py took 0.084 seconds
[2025-04-02T16:57:05.963-0400] {processor.py:161} INFO - Started process (PID=97458) to work on /Users/prasenjeet.gadhe/Documents/05. Nokia_PoV/Parallel_Test/venv/lib/python3.9/site-packages/airflow/example_dags/example_xcomargs.py
[2025-04-02T16:57:05.965-0400] {processor.py:830} INFO - Processing file /Users/prasenjeet.gadhe/Documents/05. Nokia_PoV/Parallel_Test/venv/lib/python3.9/site-packages/airflow/example_dags/example_xcomargs.py for tasks to queue
[2025-04-02T16:57:05.965-0400] {logging_mixin.py:188} INFO - [2025-04-02T16:57:05.965-0400] {dagbag.py:540} INFO - Filling up the DagBag from /Users/prasenjeet.gadhe/Documents/05. Nokia_PoV/Parallel_Test/venv/lib/python3.9/site-packages/airflow/example_dags/example_xcomargs.py
[2025-04-02T16:57:05.980-0400] {processor.py:840} INFO - DAG(s) 'example_xcom_args', 'example_xcom_args_with_operators' retrieved from /Users/prasenjeet.gadhe/Documents/05. Nokia_PoV/Parallel_Test/venv/lib/python3.9/site-packages/airflow/example_dags/example_xcomargs.py
[2025-04-02T16:57:06.035-0400] {logging_mixin.py:188} INFO - [2025-04-02T16:57:06.035-0400] {dag.py:3096} INFO - Sync 2 DAGs
[2025-04-02T16:57:06.038-0400] {logging_mixin.py:188} INFO - [2025-04-02T16:57:06.038-0400] {dag.py:3954} INFO - Setting next_dagrun for example_xcom_args to None, run_after=None
[2025-04-02T16:57:06.039-0400] {logging_mixin.py:188} INFO - [2025-04-02T16:57:06.039-0400] {dag.py:3954} INFO - Setting next_dagrun for example_xcom_args_with_operators to None, run_after=None
[2025-04-02T16:57:06.045-0400] {processor.py:183} INFO - Processing /Users/prasenjeet.gadhe/Documents/05. Nokia_PoV/Parallel_Test/venv/lib/python3.9/site-packages/airflow/example_dags/example_xcomargs.py took 0.083 seconds
[2025-04-02T16:58:02.244-0400] {processor.py:161} INFO - Started process (PID=4692) to work on /Users/prasenjeet.gadhe/Documents/05. Nokia_PoV/Parallel_Test/venv/lib/python3.9/site-packages/airflow/example_dags/example_xcomargs.py
[2025-04-02T16:58:02.246-0400] {processor.py:830} INFO - Processing file /Users/prasenjeet.gadhe/Documents/05. Nokia_PoV/Parallel_Test/venv/lib/python3.9/site-packages/airflow/example_dags/example_xcomargs.py for tasks to queue
[2025-04-02T16:58:02.246-0400] {logging_mixin.py:188} INFO - [2025-04-02T16:58:02.246-0400] {dagbag.py:540} INFO - Filling up the DagBag from /Users/prasenjeet.gadhe/Documents/05. Nokia_PoV/Parallel_Test/venv/lib/python3.9/site-packages/airflow/example_dags/example_xcomargs.py
[2025-04-02T16:58:02.263-0400] {processor.py:840} INFO - DAG(s) 'example_xcom_args_with_operators', 'example_xcom_args' retrieved from /Users/prasenjeet.gadhe/Documents/05. Nokia_PoV/Parallel_Test/venv/lib/python3.9/site-packages/airflow/example_dags/example_xcomargs.py
[2025-04-02T16:58:02.321-0400] {logging_mixin.py:188} INFO - [2025-04-02T16:58:02.321-0400] {dag.py:3096} INFO - Sync 2 DAGs
[2025-04-02T16:58:02.325-0400] {logging_mixin.py:188} INFO - [2025-04-02T16:58:02.324-0400] {dag.py:3954} INFO - Setting next_dagrun for example_xcom_args to None, run_after=None
[2025-04-02T16:58:02.326-0400] {logging_mixin.py:188} INFO - [2025-04-02T16:58:02.325-0400] {dag.py:3954} INFO - Setting next_dagrun for example_xcom_args_with_operators to None, run_after=None
[2025-04-02T16:58:02.331-0400] {processor.py:183} INFO - Processing /Users/prasenjeet.gadhe/Documents/05. Nokia_PoV/Parallel_Test/venv/lib/python3.9/site-packages/airflow/example_dags/example_xcomargs.py took 0.088 seconds
[2025-04-02T16:58:58.084-0400] {processor.py:161} INFO - Started process (PID=11609) to work on /Users/prasenjeet.gadhe/Documents/05. Nokia_PoV/Parallel_Test/venv/lib/python3.9/site-packages/airflow/example_dags/example_xcomargs.py
[2025-04-02T16:58:58.086-0400] {processor.py:830} INFO - Processing file /Users/prasenjeet.gadhe/Documents/05. Nokia_PoV/Parallel_Test/venv/lib/python3.9/site-packages/airflow/example_dags/example_xcomargs.py for tasks to queue
[2025-04-02T16:58:58.086-0400] {logging_mixin.py:188} INFO - [2025-04-02T16:58:58.086-0400] {dagbag.py:540} INFO - Filling up the DagBag from /Users/prasenjeet.gadhe/Documents/05. Nokia_PoV/Parallel_Test/venv/lib/python3.9/site-packages/airflow/example_dags/example_xcomargs.py
[2025-04-02T16:58:58.100-0400] {processor.py:840} INFO - DAG(s) 'example_xcom_args', 'example_xcom_args_with_operators' retrieved from /Users/prasenjeet.gadhe/Documents/05. Nokia_PoV/Parallel_Test/venv/lib/python3.9/site-packages/airflow/example_dags/example_xcomargs.py
[2025-04-02T16:58:58.154-0400] {logging_mixin.py:188} INFO - [2025-04-02T16:58:58.154-0400] {dag.py:3096} INFO - Sync 2 DAGs
[2025-04-02T16:58:58.158-0400] {logging_mixin.py:188} INFO - [2025-04-02T16:58:58.158-0400] {dag.py:3954} INFO - Setting next_dagrun for example_xcom_args to None, run_after=None
[2025-04-02T16:58:58.159-0400] {logging_mixin.py:188} INFO - [2025-04-02T16:58:58.159-0400] {dag.py:3954} INFO - Setting next_dagrun for example_xcom_args_with_operators to None, run_after=None
[2025-04-02T16:58:58.165-0400] {processor.py:183} INFO - Processing /Users/prasenjeet.gadhe/Documents/05. Nokia_PoV/Parallel_Test/venv/lib/python3.9/site-packages/airflow/example_dags/example_xcomargs.py took 0.081 seconds
[2025-04-02T16:59:54.297-0400] {processor.py:161} INFO - Started process (PID=18541) to work on /Users/prasenjeet.gadhe/Documents/05. Nokia_PoV/Parallel_Test/venv/lib/python3.9/site-packages/airflow/example_dags/example_xcomargs.py
[2025-04-02T16:59:54.299-0400] {processor.py:830} INFO - Processing file /Users/prasenjeet.gadhe/Documents/05. Nokia_PoV/Parallel_Test/venv/lib/python3.9/site-packages/airflow/example_dags/example_xcomargs.py for tasks to queue
[2025-04-02T16:59:54.299-0400] {logging_mixin.py:188} INFO - [2025-04-02T16:59:54.299-0400] {dagbag.py:540} INFO - Filling up the DagBag from /Users/prasenjeet.gadhe/Documents/05. Nokia_PoV/Parallel_Test/venv/lib/python3.9/site-packages/airflow/example_dags/example_xcomargs.py
[2025-04-02T16:59:54.314-0400] {processor.py:840} INFO - DAG(s) 'example_xcom_args', 'example_xcom_args_with_operators' retrieved from /Users/prasenjeet.gadhe/Documents/05. Nokia_PoV/Parallel_Test/venv/lib/python3.9/site-packages/airflow/example_dags/example_xcomargs.py
[2025-04-02T16:59:54.369-0400] {logging_mixin.py:188} INFO - [2025-04-02T16:59:54.369-0400] {dag.py:3096} INFO - Sync 2 DAGs
[2025-04-02T16:59:54.372-0400] {logging_mixin.py:188} INFO - [2025-04-02T16:59:54.372-0400] {dag.py:3954} INFO - Setting next_dagrun for example_xcom_args to None, run_after=None
[2025-04-02T16:59:54.373-0400] {logging_mixin.py:188} INFO - [2025-04-02T16:59:54.373-0400] {dag.py:3954} INFO - Setting next_dagrun for example_xcom_args_with_operators to None, run_after=None
[2025-04-02T16:59:54.378-0400] {processor.py:183} INFO - Processing /Users/prasenjeet.gadhe/Documents/05. Nokia_PoV/Parallel_Test/venv/lib/python3.9/site-packages/airflow/example_dags/example_xcomargs.py took 0.082 seconds
[2025-04-02T17:00:49.613-0400] {processor.py:161} INFO - Started process (PID=25266) to work on /Users/prasenjeet.gadhe/Documents/05. Nokia_PoV/Parallel_Test/venv/lib/python3.9/site-packages/airflow/example_dags/example_xcomargs.py
[2025-04-02T17:00:49.615-0400] {processor.py:830} INFO - Processing file /Users/prasenjeet.gadhe/Documents/05. Nokia_PoV/Parallel_Test/venv/lib/python3.9/site-packages/airflow/example_dags/example_xcomargs.py for tasks to queue
[2025-04-02T17:00:49.615-0400] {logging_mixin.py:188} INFO - [2025-04-02T17:00:49.615-0400] {dagbag.py:540} INFO - Filling up the DagBag from /Users/prasenjeet.gadhe/Documents/05. Nokia_PoV/Parallel_Test/venv/lib/python3.9/site-packages/airflow/example_dags/example_xcomargs.py
[2025-04-02T17:00:49.630-0400] {processor.py:840} INFO - DAG(s) 'example_xcom_args', 'example_xcom_args_with_operators' retrieved from /Users/prasenjeet.gadhe/Documents/05. Nokia_PoV/Parallel_Test/venv/lib/python3.9/site-packages/airflow/example_dags/example_xcomargs.py
[2025-04-02T17:00:49.686-0400] {logging_mixin.py:188} INFO - [2025-04-02T17:00:49.686-0400] {dag.py:3096} INFO - Sync 2 DAGs
[2025-04-02T17:00:49.689-0400] {logging_mixin.py:188} INFO - [2025-04-02T17:00:49.689-0400] {dag.py:3954} INFO - Setting next_dagrun for example_xcom_args to None, run_after=None
[2025-04-02T17:00:49.690-0400] {logging_mixin.py:188} INFO - [2025-04-02T17:00:49.690-0400] {dag.py:3954} INFO - Setting next_dagrun for example_xcom_args_with_operators to None, run_after=None
[2025-04-02T17:00:49.696-0400] {processor.py:183} INFO - Processing /Users/prasenjeet.gadhe/Documents/05. Nokia_PoV/Parallel_Test/venv/lib/python3.9/site-packages/airflow/example_dags/example_xcomargs.py took 0.084 seconds
[2025-04-02T17:01:45.940-0400] {processor.py:161} INFO - Started process (PID=32139) to work on /Users/prasenjeet.gadhe/Documents/05. Nokia_PoV/Parallel_Test/venv/lib/python3.9/site-packages/airflow/example_dags/example_xcomargs.py
[2025-04-02T17:01:45.942-0400] {processor.py:830} INFO - Processing file /Users/prasenjeet.gadhe/Documents/05. Nokia_PoV/Parallel_Test/venv/lib/python3.9/site-packages/airflow/example_dags/example_xcomargs.py for tasks to queue
[2025-04-02T17:01:45.942-0400] {logging_mixin.py:188} INFO - [2025-04-02T17:01:45.942-0400] {dagbag.py:540} INFO - Filling up the DagBag from /Users/prasenjeet.gadhe/Documents/05. Nokia_PoV/Parallel_Test/venv/lib/python3.9/site-packages/airflow/example_dags/example_xcomargs.py
[2025-04-02T17:01:45.957-0400] {processor.py:840} INFO - DAG(s) 'example_xcom_args_with_operators', 'example_xcom_args' retrieved from /Users/prasenjeet.gadhe/Documents/05. Nokia_PoV/Parallel_Test/venv/lib/python3.9/site-packages/airflow/example_dags/example_xcomargs.py
[2025-04-02T17:01:46.010-0400] {logging_mixin.py:188} INFO - [2025-04-02T17:01:46.010-0400] {dag.py:3096} INFO - Sync 2 DAGs
[2025-04-02T17:01:46.014-0400] {logging_mixin.py:188} INFO - [2025-04-02T17:01:46.014-0400] {dag.py:3954} INFO - Setting next_dagrun for example_xcom_args to None, run_after=None
[2025-04-02T17:01:46.015-0400] {logging_mixin.py:188} INFO - [2025-04-02T17:01:46.015-0400] {dag.py:3954} INFO - Setting next_dagrun for example_xcom_args_with_operators to None, run_after=None
[2025-04-02T17:01:46.020-0400] {processor.py:183} INFO - Processing /Users/prasenjeet.gadhe/Documents/05. Nokia_PoV/Parallel_Test/venv/lib/python3.9/site-packages/airflow/example_dags/example_xcomargs.py took 0.081 seconds
[2025-04-02T17:02:43.661-0400] {processor.py:161} INFO - Started process (PID=39205) to work on /Users/prasenjeet.gadhe/Documents/05. Nokia_PoV/Parallel_Test/venv/lib/python3.9/site-packages/airflow/example_dags/example_xcomargs.py
[2025-04-02T17:02:43.663-0400] {processor.py:830} INFO - Processing file /Users/prasenjeet.gadhe/Documents/05. Nokia_PoV/Parallel_Test/venv/lib/python3.9/site-packages/airflow/example_dags/example_xcomargs.py for tasks to queue
[2025-04-02T17:02:43.663-0400] {logging_mixin.py:188} INFO - [2025-04-02T17:02:43.663-0400] {dagbag.py:540} INFO - Filling up the DagBag from /Users/prasenjeet.gadhe/Documents/05. Nokia_PoV/Parallel_Test/venv/lib/python3.9/site-packages/airflow/example_dags/example_xcomargs.py
[2025-04-02T17:02:43.677-0400] {processor.py:840} INFO - DAG(s) 'example_xcom_args_with_operators', 'example_xcom_args' retrieved from /Users/prasenjeet.gadhe/Documents/05. Nokia_PoV/Parallel_Test/venv/lib/python3.9/site-packages/airflow/example_dags/example_xcomargs.py
[2025-04-02T17:02:43.732-0400] {logging_mixin.py:188} INFO - [2025-04-02T17:02:43.732-0400] {dag.py:3096} INFO - Sync 2 DAGs
[2025-04-02T17:02:43.735-0400] {logging_mixin.py:188} INFO - [2025-04-02T17:02:43.735-0400] {dag.py:3954} INFO - Setting next_dagrun for example_xcom_args to None, run_after=None
[2025-04-02T17:02:43.736-0400] {logging_mixin.py:188} INFO - [2025-04-02T17:02:43.736-0400] {dag.py:3954} INFO - Setting next_dagrun for example_xcom_args_with_operators to None, run_after=None
[2025-04-02T17:02:43.742-0400] {processor.py:183} INFO - Processing /Users/prasenjeet.gadhe/Documents/05. Nokia_PoV/Parallel_Test/venv/lib/python3.9/site-packages/airflow/example_dags/example_xcomargs.py took 0.082 seconds
[2025-04-02T17:03:37.463-0400] {processor.py:161} INFO - Started process (PID=45858) to work on /Users/prasenjeet.gadhe/Documents/05. Nokia_PoV/Parallel_Test/venv/lib/python3.9/site-packages/airflow/example_dags/example_xcomargs.py
[2025-04-02T17:03:37.465-0400] {processor.py:830} INFO - Processing file /Users/prasenjeet.gadhe/Documents/05. Nokia_PoV/Parallel_Test/venv/lib/python3.9/site-packages/airflow/example_dags/example_xcomargs.py for tasks to queue
[2025-04-02T17:03:37.465-0400] {logging_mixin.py:188} INFO - [2025-04-02T17:03:37.465-0400] {dagbag.py:540} INFO - Filling up the DagBag from /Users/prasenjeet.gadhe/Documents/05. Nokia_PoV/Parallel_Test/venv/lib/python3.9/site-packages/airflow/example_dags/example_xcomargs.py
[2025-04-02T17:03:37.482-0400] {processor.py:840} INFO - DAG(s) 'example_xcom_args', 'example_xcom_args_with_operators' retrieved from /Users/prasenjeet.gadhe/Documents/05. Nokia_PoV/Parallel_Test/venv/lib/python3.9/site-packages/airflow/example_dags/example_xcomargs.py
[2025-04-02T17:03:37.546-0400] {logging_mixin.py:188} INFO - [2025-04-02T17:03:37.546-0400] {dag.py:3096} INFO - Sync 2 DAGs
[2025-04-02T17:03:37.550-0400] {logging_mixin.py:188} INFO - [2025-04-02T17:03:37.550-0400] {dag.py:3954} INFO - Setting next_dagrun for example_xcom_args to None, run_after=None
[2025-04-02T17:03:37.551-0400] {logging_mixin.py:188} INFO - [2025-04-02T17:03:37.551-0400] {dag.py:3954} INFO - Setting next_dagrun for example_xcom_args_with_operators to None, run_after=None
[2025-04-02T17:03:37.557-0400] {processor.py:183} INFO - Processing /Users/prasenjeet.gadhe/Documents/05. Nokia_PoV/Parallel_Test/venv/lib/python3.9/site-packages/airflow/example_dags/example_xcomargs.py took 0.096 seconds
[2025-04-02T17:04:34.677-0400] {processor.py:161} INFO - Started process (PID=52868) to work on /Users/prasenjeet.gadhe/Documents/05. Nokia_PoV/Parallel_Test/venv/lib/python3.9/site-packages/airflow/example_dags/example_xcomargs.py
[2025-04-02T17:04:34.679-0400] {processor.py:830} INFO - Processing file /Users/prasenjeet.gadhe/Documents/05. Nokia_PoV/Parallel_Test/venv/lib/python3.9/site-packages/airflow/example_dags/example_xcomargs.py for tasks to queue
[2025-04-02T17:04:34.679-0400] {logging_mixin.py:188} INFO - [2025-04-02T17:04:34.679-0400] {dagbag.py:540} INFO - Filling up the DagBag from /Users/prasenjeet.gadhe/Documents/05. Nokia_PoV/Parallel_Test/venv/lib/python3.9/site-packages/airflow/example_dags/example_xcomargs.py
[2025-04-02T17:04:34.695-0400] {processor.py:840} INFO - DAG(s) 'example_xcom_args_with_operators', 'example_xcom_args' retrieved from /Users/prasenjeet.gadhe/Documents/05. Nokia_PoV/Parallel_Test/venv/lib/python3.9/site-packages/airflow/example_dags/example_xcomargs.py
[2025-04-02T17:04:34.752-0400] {logging_mixin.py:188} INFO - [2025-04-02T17:04:34.752-0400] {dag.py:3096} INFO - Sync 2 DAGs
[2025-04-02T17:04:34.756-0400] {logging_mixin.py:188} INFO - [2025-04-02T17:04:34.756-0400] {dag.py:3954} INFO - Setting next_dagrun for example_xcom_args to None, run_after=None
[2025-04-02T17:04:34.757-0400] {logging_mixin.py:188} INFO - [2025-04-02T17:04:34.757-0400] {dag.py:3954} INFO - Setting next_dagrun for example_xcom_args_with_operators to None, run_after=None
[2025-04-02T17:04:34.763-0400] {processor.py:183} INFO - Processing /Users/prasenjeet.gadhe/Documents/05. Nokia_PoV/Parallel_Test/venv/lib/python3.9/site-packages/airflow/example_dags/example_xcomargs.py took 0.086 seconds
[2025-04-02T17:05:29.282-0400] {processor.py:161} INFO - Started process (PID=59599) to work on /Users/prasenjeet.gadhe/Documents/05. Nokia_PoV/Parallel_Test/venv/lib/python3.9/site-packages/airflow/example_dags/example_xcomargs.py
[2025-04-02T17:05:29.284-0400] {processor.py:830} INFO - Processing file /Users/prasenjeet.gadhe/Documents/05. Nokia_PoV/Parallel_Test/venv/lib/python3.9/site-packages/airflow/example_dags/example_xcomargs.py for tasks to queue
[2025-04-02T17:05:29.284-0400] {logging_mixin.py:188} INFO - [2025-04-02T17:05:29.284-0400] {dagbag.py:540} INFO - Filling up the DagBag from /Users/prasenjeet.gadhe/Documents/05. Nokia_PoV/Parallel_Test/venv/lib/python3.9/site-packages/airflow/example_dags/example_xcomargs.py
[2025-04-02T17:05:29.301-0400] {processor.py:840} INFO - DAG(s) 'example_xcom_args', 'example_xcom_args_with_operators' retrieved from /Users/prasenjeet.gadhe/Documents/05. Nokia_PoV/Parallel_Test/venv/lib/python3.9/site-packages/airflow/example_dags/example_xcomargs.py
[2025-04-02T17:05:29.366-0400] {logging_mixin.py:188} INFO - [2025-04-02T17:05:29.366-0400] {dag.py:3096} INFO - Sync 2 DAGs
[2025-04-02T17:05:29.370-0400] {logging_mixin.py:188} INFO - [2025-04-02T17:05:29.370-0400] {dag.py:3954} INFO - Setting next_dagrun for example_xcom_args to None, run_after=None
[2025-04-02T17:05:29.371-0400] {logging_mixin.py:188} INFO - [2025-04-02T17:05:29.371-0400] {dag.py:3954} INFO - Setting next_dagrun for example_xcom_args_with_operators to None, run_after=None
[2025-04-02T17:05:29.377-0400] {processor.py:183} INFO - Processing /Users/prasenjeet.gadhe/Documents/05. Nokia_PoV/Parallel_Test/venv/lib/python3.9/site-packages/airflow/example_dags/example_xcomargs.py took 0.096 seconds
[2025-04-02T17:06:23.202-0400] {processor.py:161} INFO - Started process (PID=66191) to work on /Users/prasenjeet.gadhe/Documents/05. Nokia_PoV/Parallel_Test/venv/lib/python3.9/site-packages/airflow/example_dags/example_xcomargs.py
[2025-04-02T17:06:23.204-0400] {processor.py:830} INFO - Processing file /Users/prasenjeet.gadhe/Documents/05. Nokia_PoV/Parallel_Test/venv/lib/python3.9/site-packages/airflow/example_dags/example_xcomargs.py for tasks to queue
[2025-04-02T17:06:23.204-0400] {logging_mixin.py:188} INFO - [2025-04-02T17:06:23.204-0400] {dagbag.py:540} INFO - Filling up the DagBag from /Users/prasenjeet.gadhe/Documents/05. Nokia_PoV/Parallel_Test/venv/lib/python3.9/site-packages/airflow/example_dags/example_xcomargs.py
[2025-04-02T17:06:23.218-0400] {processor.py:840} INFO - DAG(s) 'example_xcom_args_with_operators', 'example_xcom_args' retrieved from /Users/prasenjeet.gadhe/Documents/05. Nokia_PoV/Parallel_Test/venv/lib/python3.9/site-packages/airflow/example_dags/example_xcomargs.py
[2025-04-02T17:06:23.273-0400] {logging_mixin.py:188} INFO - [2025-04-02T17:06:23.273-0400] {dag.py:3096} INFO - Sync 2 DAGs
[2025-04-02T17:06:23.276-0400] {logging_mixin.py:188} INFO - [2025-04-02T17:06:23.276-0400] {dag.py:3954} INFO - Setting next_dagrun for example_xcom_args to None, run_after=None
[2025-04-02T17:06:23.277-0400] {logging_mixin.py:188} INFO - [2025-04-02T17:06:23.277-0400] {dag.py:3954} INFO - Setting next_dagrun for example_xcom_args_with_operators to None, run_after=None
[2025-04-02T17:06:23.283-0400] {processor.py:183} INFO - Processing /Users/prasenjeet.gadhe/Documents/05. Nokia_PoV/Parallel_Test/venv/lib/python3.9/site-packages/airflow/example_dags/example_xcomargs.py took 0.082 seconds
[2025-04-02T17:07:19.717-0400] {processor.py:161} INFO - Started process (PID=73200) to work on /Users/prasenjeet.gadhe/Documents/05. Nokia_PoV/Parallel_Test/venv/lib/python3.9/site-packages/airflow/example_dags/example_xcomargs.py
[2025-04-02T17:07:19.719-0400] {processor.py:830} INFO - Processing file /Users/prasenjeet.gadhe/Documents/05. Nokia_PoV/Parallel_Test/venv/lib/python3.9/site-packages/airflow/example_dags/example_xcomargs.py for tasks to queue
[2025-04-02T17:07:19.719-0400] {logging_mixin.py:188} INFO - [2025-04-02T17:07:19.719-0400] {dagbag.py:540} INFO - Filling up the DagBag from /Users/prasenjeet.gadhe/Documents/05. Nokia_PoV/Parallel_Test/venv/lib/python3.9/site-packages/airflow/example_dags/example_xcomargs.py
[2025-04-02T17:07:19.734-0400] {processor.py:840} INFO - DAG(s) 'example_xcom_args', 'example_xcom_args_with_operators' retrieved from /Users/prasenjeet.gadhe/Documents/05. Nokia_PoV/Parallel_Test/venv/lib/python3.9/site-packages/airflow/example_dags/example_xcomargs.py
[2025-04-02T17:07:19.790-0400] {logging_mixin.py:188} INFO - [2025-04-02T17:07:19.790-0400] {dag.py:3096} INFO - Sync 2 DAGs
[2025-04-02T17:07:19.795-0400] {logging_mixin.py:188} INFO - [2025-04-02T17:07:19.795-0400] {dag.py:3954} INFO - Setting next_dagrun for example_xcom_args to None, run_after=None
[2025-04-02T17:07:19.796-0400] {logging_mixin.py:188} INFO - [2025-04-02T17:07:19.795-0400] {dag.py:3954} INFO - Setting next_dagrun for example_xcom_args_with_operators to None, run_after=None
[2025-04-02T17:07:19.801-0400] {processor.py:183} INFO - Processing /Users/prasenjeet.gadhe/Documents/05. Nokia_PoV/Parallel_Test/venv/lib/python3.9/site-packages/airflow/example_dags/example_xcomargs.py took 0.085 seconds
[2025-04-02T17:08:16.550-0400] {processor.py:161} INFO - Started process (PID=80243) to work on /Users/prasenjeet.gadhe/Documents/05. Nokia_PoV/Parallel_Test/venv/lib/python3.9/site-packages/airflow/example_dags/example_xcomargs.py
[2025-04-02T17:08:16.552-0400] {processor.py:830} INFO - Processing file /Users/prasenjeet.gadhe/Documents/05. Nokia_PoV/Parallel_Test/venv/lib/python3.9/site-packages/airflow/example_dags/example_xcomargs.py for tasks to queue
[2025-04-02T17:08:16.553-0400] {logging_mixin.py:188} INFO - [2025-04-02T17:08:16.553-0400] {dagbag.py:540} INFO - Filling up the DagBag from /Users/prasenjeet.gadhe/Documents/05. Nokia_PoV/Parallel_Test/venv/lib/python3.9/site-packages/airflow/example_dags/example_xcomargs.py
[2025-04-02T17:08:16.567-0400] {processor.py:840} INFO - DAG(s) 'example_xcom_args_with_operators', 'example_xcom_args' retrieved from /Users/prasenjeet.gadhe/Documents/05. Nokia_PoV/Parallel_Test/venv/lib/python3.9/site-packages/airflow/example_dags/example_xcomargs.py
[2025-04-02T17:08:16.621-0400] {logging_mixin.py:188} INFO - [2025-04-02T17:08:16.621-0400] {dag.py:3096} INFO - Sync 2 DAGs
[2025-04-02T17:08:16.625-0400] {logging_mixin.py:188} INFO - [2025-04-02T17:08:16.625-0400] {dag.py:3954} INFO - Setting next_dagrun for example_xcom_args to None, run_after=None
[2025-04-02T17:08:16.626-0400] {logging_mixin.py:188} INFO - [2025-04-02T17:08:16.626-0400] {dag.py:3954} INFO - Setting next_dagrun for example_xcom_args_with_operators to None, run_after=None
[2025-04-02T17:08:16.632-0400] {processor.py:183} INFO - Processing /Users/prasenjeet.gadhe/Documents/05. Nokia_PoV/Parallel_Test/venv/lib/python3.9/site-packages/airflow/example_dags/example_xcomargs.py took 0.082 seconds
[2025-04-02T17:09:14.559-0400] {processor.py:161} INFO - Started process (PID=87406) to work on /Users/prasenjeet.gadhe/Documents/05. Nokia_PoV/Parallel_Test/venv/lib/python3.9/site-packages/airflow/example_dags/example_xcomargs.py
[2025-04-02T17:09:14.561-0400] {processor.py:830} INFO - Processing file /Users/prasenjeet.gadhe/Documents/05. Nokia_PoV/Parallel_Test/venv/lib/python3.9/site-packages/airflow/example_dags/example_xcomargs.py for tasks to queue
[2025-04-02T17:09:14.561-0400] {logging_mixin.py:188} INFO - [2025-04-02T17:09:14.561-0400] {dagbag.py:540} INFO - Filling up the DagBag from /Users/prasenjeet.gadhe/Documents/05. Nokia_PoV/Parallel_Test/venv/lib/python3.9/site-packages/airflow/example_dags/example_xcomargs.py
[2025-04-02T17:09:14.576-0400] {processor.py:840} INFO - DAG(s) 'example_xcom_args', 'example_xcom_args_with_operators' retrieved from /Users/prasenjeet.gadhe/Documents/05. Nokia_PoV/Parallel_Test/venv/lib/python3.9/site-packages/airflow/example_dags/example_xcomargs.py
[2025-04-02T17:09:14.630-0400] {logging_mixin.py:188} INFO - [2025-04-02T17:09:14.630-0400] {dag.py:3096} INFO - Sync 2 DAGs
[2025-04-02T17:09:14.634-0400] {logging_mixin.py:188} INFO - [2025-04-02T17:09:14.634-0400] {dag.py:3954} INFO - Setting next_dagrun for example_xcom_args to None, run_after=None
[2025-04-02T17:09:14.635-0400] {logging_mixin.py:188} INFO - [2025-04-02T17:09:14.635-0400] {dag.py:3954} INFO - Setting next_dagrun for example_xcom_args_with_operators to None, run_after=None
[2025-04-02T17:09:14.640-0400] {processor.py:183} INFO - Processing /Users/prasenjeet.gadhe/Documents/05. Nokia_PoV/Parallel_Test/venv/lib/python3.9/site-packages/airflow/example_dags/example_xcomargs.py took 0.082 seconds
[2025-04-02T17:10:14.223-0400] {processor.py:161} INFO - Started process (PID=94776) to work on /Users/prasenjeet.gadhe/Documents/05. Nokia_PoV/Parallel_Test/venv/lib/python3.9/site-packages/airflow/example_dags/example_xcomargs.py
[2025-04-02T17:10:14.225-0400] {processor.py:830} INFO - Processing file /Users/prasenjeet.gadhe/Documents/05. Nokia_PoV/Parallel_Test/venv/lib/python3.9/site-packages/airflow/example_dags/example_xcomargs.py for tasks to queue
[2025-04-02T17:10:14.225-0400] {logging_mixin.py:188} INFO - [2025-04-02T17:10:14.225-0400] {dagbag.py:540} INFO - Filling up the DagBag from /Users/prasenjeet.gadhe/Documents/05. Nokia_PoV/Parallel_Test/venv/lib/python3.9/site-packages/airflow/example_dags/example_xcomargs.py
[2025-04-02T17:10:14.240-0400] {processor.py:840} INFO - DAG(s) 'example_xcom_args', 'example_xcom_args_with_operators' retrieved from /Users/prasenjeet.gadhe/Documents/05. Nokia_PoV/Parallel_Test/venv/lib/python3.9/site-packages/airflow/example_dags/example_xcomargs.py
[2025-04-02T17:10:14.302-0400] {logging_mixin.py:188} INFO - [2025-04-02T17:10:14.302-0400] {dag.py:3096} INFO - Sync 2 DAGs
[2025-04-02T17:10:14.306-0400] {logging_mixin.py:188} INFO - [2025-04-02T17:10:14.306-0400] {dag.py:3954} INFO - Setting next_dagrun for example_xcom_args to None, run_after=None
[2025-04-02T17:10:14.307-0400] {logging_mixin.py:188} INFO - [2025-04-02T17:10:14.307-0400] {dag.py:3954} INFO - Setting next_dagrun for example_xcom_args_with_operators to None, run_after=None
[2025-04-02T17:10:14.314-0400] {processor.py:183} INFO - Processing /Users/prasenjeet.gadhe/Documents/05. Nokia_PoV/Parallel_Test/venv/lib/python3.9/site-packages/airflow/example_dags/example_xcomargs.py took 0.092 seconds
[2025-04-02T17:11:08.011-0400] {processor.py:161} INFO - Started process (PID=1688) to work on /Users/prasenjeet.gadhe/Documents/05. Nokia_PoV/Parallel_Test/venv/lib/python3.9/site-packages/airflow/example_dags/example_xcomargs.py
[2025-04-02T17:11:08.012-0400] {processor.py:830} INFO - Processing file /Users/prasenjeet.gadhe/Documents/05. Nokia_PoV/Parallel_Test/venv/lib/python3.9/site-packages/airflow/example_dags/example_xcomargs.py for tasks to queue
[2025-04-02T17:11:08.013-0400] {logging_mixin.py:188} INFO - [2025-04-02T17:11:08.013-0400] {dagbag.py:540} INFO - Filling up the DagBag from /Users/prasenjeet.gadhe/Documents/05. Nokia_PoV/Parallel_Test/venv/lib/python3.9/site-packages/airflow/example_dags/example_xcomargs.py
[2025-04-02T17:11:08.027-0400] {processor.py:840} INFO - DAG(s) 'example_xcom_args_with_operators', 'example_xcom_args' retrieved from /Users/prasenjeet.gadhe/Documents/05. Nokia_PoV/Parallel_Test/venv/lib/python3.9/site-packages/airflow/example_dags/example_xcomargs.py
[2025-04-02T17:11:08.083-0400] {logging_mixin.py:188} INFO - [2025-04-02T17:11:08.083-0400] {dag.py:3096} INFO - Sync 2 DAGs
[2025-04-02T17:11:08.088-0400] {logging_mixin.py:188} INFO - [2025-04-02T17:11:08.087-0400] {dag.py:3954} INFO - Setting next_dagrun for example_xcom_args to None, run_after=None
[2025-04-02T17:11:08.089-0400] {logging_mixin.py:188} INFO - [2025-04-02T17:11:08.089-0400] {dag.py:3954} INFO - Setting next_dagrun for example_xcom_args_with_operators to None, run_after=None
[2025-04-02T17:11:08.095-0400] {processor.py:183} INFO - Processing /Users/prasenjeet.gadhe/Documents/05. Nokia_PoV/Parallel_Test/venv/lib/python3.9/site-packages/airflow/example_dags/example_xcomargs.py took 0.085 seconds
[2025-04-02T17:12:04.451-0400] {processor.py:161} INFO - Started process (PID=8704) to work on /Users/prasenjeet.gadhe/Documents/05. Nokia_PoV/Parallel_Test/venv/lib/python3.9/site-packages/airflow/example_dags/example_xcomargs.py
[2025-04-02T17:12:04.452-0400] {processor.py:830} INFO - Processing file /Users/prasenjeet.gadhe/Documents/05. Nokia_PoV/Parallel_Test/venv/lib/python3.9/site-packages/airflow/example_dags/example_xcomargs.py for tasks to queue
[2025-04-02T17:12:04.453-0400] {logging_mixin.py:188} INFO - [2025-04-02T17:12:04.453-0400] {dagbag.py:540} INFO - Filling up the DagBag from /Users/prasenjeet.gadhe/Documents/05. Nokia_PoV/Parallel_Test/venv/lib/python3.9/site-packages/airflow/example_dags/example_xcomargs.py
[2025-04-02T17:12:04.467-0400] {processor.py:840} INFO - DAG(s) 'example_xcom_args', 'example_xcom_args_with_operators' retrieved from /Users/prasenjeet.gadhe/Documents/05. Nokia_PoV/Parallel_Test/venv/lib/python3.9/site-packages/airflow/example_dags/example_xcomargs.py
[2025-04-02T17:12:04.523-0400] {logging_mixin.py:188} INFO - [2025-04-02T17:12:04.523-0400] {dag.py:3096} INFO - Sync 2 DAGs
[2025-04-02T17:12:04.529-0400] {logging_mixin.py:188} INFO - [2025-04-02T17:12:04.529-0400] {dag.py:3954} INFO - Setting next_dagrun for example_xcom_args to None, run_after=None
[2025-04-02T17:12:04.530-0400] {logging_mixin.py:188} INFO - [2025-04-02T17:12:04.530-0400] {dag.py:3954} INFO - Setting next_dagrun for example_xcom_args_with_operators to None, run_after=None
[2025-04-02T17:12:04.536-0400] {processor.py:183} INFO - Processing /Users/prasenjeet.gadhe/Documents/05. Nokia_PoV/Parallel_Test/venv/lib/python3.9/site-packages/airflow/example_dags/example_xcomargs.py took 0.086 seconds
[2025-04-02T17:13:04.176-0400] {processor.py:161} INFO - Started process (PID=16178) to work on /Users/prasenjeet.gadhe/Documents/05. Nokia_PoV/Parallel_Test/venv/lib/python3.9/site-packages/airflow/example_dags/example_xcomargs.py
[2025-04-02T17:13:04.178-0400] {processor.py:830} INFO - Processing file /Users/prasenjeet.gadhe/Documents/05. Nokia_PoV/Parallel_Test/venv/lib/python3.9/site-packages/airflow/example_dags/example_xcomargs.py for tasks to queue
[2025-04-02T17:13:04.178-0400] {logging_mixin.py:188} INFO - [2025-04-02T17:13:04.178-0400] {dagbag.py:540} INFO - Filling up the DagBag from /Users/prasenjeet.gadhe/Documents/05. Nokia_PoV/Parallel_Test/venv/lib/python3.9/site-packages/airflow/example_dags/example_xcomargs.py
[2025-04-02T17:13:04.193-0400] {processor.py:840} INFO - DAG(s) 'example_xcom_args', 'example_xcom_args_with_operators' retrieved from /Users/prasenjeet.gadhe/Documents/05. Nokia_PoV/Parallel_Test/venv/lib/python3.9/site-packages/airflow/example_dags/example_xcomargs.py
[2025-04-02T17:13:04.253-0400] {logging_mixin.py:188} INFO - [2025-04-02T17:13:04.252-0400] {dag.py:3096} INFO - Sync 2 DAGs
[2025-04-02T17:13:04.257-0400] {logging_mixin.py:188} INFO - [2025-04-02T17:13:04.257-0400] {dag.py:3954} INFO - Setting next_dagrun for example_xcom_args to None, run_after=None
[2025-04-02T17:13:04.258-0400] {logging_mixin.py:188} INFO - [2025-04-02T17:13:04.258-0400] {dag.py:3954} INFO - Setting next_dagrun for example_xcom_args_with_operators to None, run_after=None
[2025-04-02T17:13:04.264-0400] {processor.py:183} INFO - Processing /Users/prasenjeet.gadhe/Documents/05. Nokia_PoV/Parallel_Test/venv/lib/python3.9/site-packages/airflow/example_dags/example_xcomargs.py took 0.089 seconds
[2025-04-02T17:26:03.850-0400] {processor.py:161} INFO - Started process (PID=13364) to work on /Users/prasenjeet.gadhe/Documents/05. Nokia_PoV/Parallel_Test/venv/lib/python3.9/site-packages/airflow/example_dags/example_xcomargs.py
[2025-04-02T17:26:03.852-0400] {processor.py:830} INFO - Processing file /Users/prasenjeet.gadhe/Documents/05. Nokia_PoV/Parallel_Test/venv/lib/python3.9/site-packages/airflow/example_dags/example_xcomargs.py for tasks to queue
[2025-04-02T17:26:03.852-0400] {logging_mixin.py:188} INFO - [2025-04-02T17:26:03.852-0400] {dagbag.py:540} INFO - Filling up the DagBag from /Users/prasenjeet.gadhe/Documents/05. Nokia_PoV/Parallel_Test/venv/lib/python3.9/site-packages/airflow/example_dags/example_xcomargs.py
[2025-04-02T17:26:03.869-0400] {processor.py:840} INFO - DAG(s) 'example_xcom_args_with_operators', 'example_xcom_args' retrieved from /Users/prasenjeet.gadhe/Documents/05. Nokia_PoV/Parallel_Test/venv/lib/python3.9/site-packages/airflow/example_dags/example_xcomargs.py
[2025-04-02T17:26:03.970-0400] {logging_mixin.py:188} INFO - [2025-04-02T17:26:03.970-0400] {dag.py:3096} INFO - Sync 2 DAGs
[2025-04-02T17:26:03.974-0400] {logging_mixin.py:188} INFO - [2025-04-02T17:26:03.974-0400] {dag.py:3954} INFO - Setting next_dagrun for example_xcom_args to None, run_after=None
[2025-04-02T17:26:03.975-0400] {logging_mixin.py:188} INFO - [2025-04-02T17:26:03.975-0400] {dag.py:3954} INFO - Setting next_dagrun for example_xcom_args_with_operators to None, run_after=None
[2025-04-02T17:26:03.982-0400] {processor.py:183} INFO - Processing /Users/prasenjeet.gadhe/Documents/05. Nokia_PoV/Parallel_Test/venv/lib/python3.9/site-packages/airflow/example_dags/example_xcomargs.py took 0.133 seconds
