[2025-04-02T16:39:59.732-0400] {processor.py:161} INFO - Started process (PID=69910) to work on /Users/prasenjeet.gadhe/Documents/05. Nokia_PoV/Parallel_Test/venv/lib/python3.9/site-packages/airflow/example_dags/example_latest_only_with_trigger.py
[2025-04-02T16:39:59.733-0400] {processor.py:830} INFO - Processing file /Users/prasenjeet.gadhe/Documents/05. Nokia_PoV/Parallel_Test/venv/lib/python3.9/site-packages/airflow/example_dags/example_latest_only_with_trigger.py for tasks to queue
[2025-04-02T16:39:59.733-0400] {logging_mixin.py:188} INFO - [2025-04-02T16:39:59.733-0400] {dagbag.py:540} INFO - Filling up the DagBag from /Users/prasenjeet.gadhe/Documents/05. Nokia_PoV/Parallel_Test/venv/lib/python3.9/site-packages/airflow/example_dags/example_latest_only_with_trigger.py
[2025-04-02T16:39:59.737-0400] {processor.py:840} INFO - DAG(s) 'latest_only_with_trigger' retrieved from /Users/prasenjeet.gadhe/Documents/05. Nokia_PoV/Parallel_Test/venv/lib/python3.9/site-packages/airflow/example_dags/example_latest_only_with_trigger.py
[2025-04-02T16:39:59.822-0400] {logging_mixin.py:188} INFO - [2025-04-02T16:39:59.822-0400] {override.py:1829} INFO - Created Permission View: can edit on DAG:latest_only_with_trigger
[2025-04-02T16:39:59.825-0400] {logging_mixin.py:188} INFO - [2025-04-02T16:39:59.825-0400] {override.py:1829} INFO - Created Permission View: can delete on DAG:latest_only_with_trigger
[2025-04-02T16:39:59.826-0400] {logging_mixin.py:188} INFO - [2025-04-02T16:39:59.826-0400] {override.py:1829} INFO - Created Permission View: can read on DAG:latest_only_with_trigger
[2025-04-02T16:39:59.827-0400] {logging_mixin.py:188} INFO - [2025-04-02T16:39:59.826-0400] {dag.py:3096} INFO - Sync 1 DAGs
[2025-04-02T16:39:59.830-0400] {logging_mixin.py:188} INFO - [2025-04-02T16:39:59.830-0400] {dag.py:3118} INFO - Creating ORM DAG for latest_only_with_trigger
[2025-04-02T16:39:59.834-0400] {logging_mixin.py:188} INFO - [2025-04-02T16:39:59.834-0400] {dag.py:3954} INFO - Setting next_dagrun for latest_only_with_trigger to 2025-04-02 16:00:00+00:00, run_after=2025-04-02 20:00:00+00:00
[2025-04-02T16:39:59.840-0400] {processor.py:183} INFO - Processing /Users/prasenjeet.gadhe/Documents/05. Nokia_PoV/Parallel_Test/venv/lib/python3.9/site-packages/airflow/example_dags/example_latest_only_with_trigger.py took 0.108 seconds
[2025-04-02T16:41:26.863-0400] {processor.py:161} INFO - Started process (PID=80898) to work on /Users/prasenjeet.gadhe/Documents/05. Nokia_PoV/Parallel_Test/venv/lib/python3.9/site-packages/airflow/example_dags/example_latest_only_with_trigger.py
[2025-04-02T16:41:26.865-0400] {processor.py:830} INFO - Processing file /Users/prasenjeet.gadhe/Documents/05. Nokia_PoV/Parallel_Test/venv/lib/python3.9/site-packages/airflow/example_dags/example_latest_only_with_trigger.py for tasks to queue
[2025-04-02T16:41:26.865-0400] {logging_mixin.py:188} INFO - [2025-04-02T16:41:26.865-0400] {dagbag.py:540} INFO - Filling up the DagBag from /Users/prasenjeet.gadhe/Documents/05. Nokia_PoV/Parallel_Test/venv/lib/python3.9/site-packages/airflow/example_dags/example_latest_only_with_trigger.py
[2025-04-02T16:41:26.869-0400] {processor.py:840} INFO - DAG(s) 'latest_only_with_trigger' retrieved from /Users/prasenjeet.gadhe/Documents/05. Nokia_PoV/Parallel_Test/venv/lib/python3.9/site-packages/airflow/example_dags/example_latest_only_with_trigger.py
[2025-04-02T16:41:26.938-0400] {logging_mixin.py:188} INFO - [2025-04-02T16:41:26.937-0400] {dag.py:3096} INFO - Sync 1 DAGs
[2025-04-02T16:41:26.946-0400] {logging_mixin.py:188} INFO - [2025-04-02T16:41:26.946-0400] {dag.py:3954} INFO - Setting next_dagrun for latest_only_with_trigger to 2025-04-02 16:00:00+00:00, run_after=2025-04-02 20:00:00+00:00
[2025-04-02T16:41:26.953-0400] {processor.py:183} INFO - Processing /Users/prasenjeet.gadhe/Documents/05. Nokia_PoV/Parallel_Test/venv/lib/python3.9/site-packages/airflow/example_dags/example_latest_only_with_trigger.py took 0.090 seconds
[2025-04-02T16:43:21.691-0400] {processor.py:161} INFO - Started process (PID=95060) to work on /Users/prasenjeet.gadhe/Documents/05. Nokia_PoV/Parallel_Test/venv/lib/python3.9/site-packages/airflow/example_dags/example_latest_only_with_trigger.py
[2025-04-02T16:43:21.692-0400] {processor.py:830} INFO - Processing file /Users/prasenjeet.gadhe/Documents/05. Nokia_PoV/Parallel_Test/venv/lib/python3.9/site-packages/airflow/example_dags/example_latest_only_with_trigger.py for tasks to queue
[2025-04-02T16:43:21.692-0400] {logging_mixin.py:188} INFO - [2025-04-02T16:43:21.692-0400] {dagbag.py:540} INFO - Filling up the DagBag from /Users/prasenjeet.gadhe/Documents/05. Nokia_PoV/Parallel_Test/venv/lib/python3.9/site-packages/airflow/example_dags/example_latest_only_with_trigger.py
[2025-04-02T16:43:21.697-0400] {processor.py:840} INFO - DAG(s) 'latest_only_with_trigger' retrieved from /Users/prasenjeet.gadhe/Documents/05. Nokia_PoV/Parallel_Test/venv/lib/python3.9/site-packages/airflow/example_dags/example_latest_only_with_trigger.py
[2025-04-02T16:43:21.753-0400] {logging_mixin.py:188} INFO - [2025-04-02T16:43:21.753-0400] {dag.py:3096} INFO - Sync 1 DAGs
[2025-04-02T16:43:21.761-0400] {logging_mixin.py:188} INFO - [2025-04-02T16:43:21.761-0400] {dag.py:3954} INFO - Setting next_dagrun for latest_only_with_trigger to 2025-04-02 16:00:00+00:00, run_after=2025-04-02 20:00:00+00:00
[2025-04-02T16:43:21.767-0400] {processor.py:183} INFO - Processing /Users/prasenjeet.gadhe/Documents/05. Nokia_PoV/Parallel_Test/venv/lib/python3.9/site-packages/airflow/example_dags/example_latest_only_with_trigger.py took 0.077 seconds
[2025-04-02T16:46:21.084-0400] {processor.py:161} INFO - Started process (PID=17607) to work on /Users/prasenjeet.gadhe/Documents/05. Nokia_PoV/Parallel_Test/venv/lib/python3.9/site-packages/airflow/example_dags/example_latest_only_with_trigger.py
[2025-04-02T16:46:21.085-0400] {processor.py:830} INFO - Processing file /Users/prasenjeet.gadhe/Documents/05. Nokia_PoV/Parallel_Test/venv/lib/python3.9/site-packages/airflow/example_dags/example_latest_only_with_trigger.py for tasks to queue
[2025-04-02T16:46:21.085-0400] {logging_mixin.py:188} INFO - [2025-04-02T16:46:21.085-0400] {dagbag.py:540} INFO - Filling up the DagBag from /Users/prasenjeet.gadhe/Documents/05. Nokia_PoV/Parallel_Test/venv/lib/python3.9/site-packages/airflow/example_dags/example_latest_only_with_trigger.py
[2025-04-02T16:46:21.089-0400] {processor.py:840} INFO - DAG(s) 'latest_only_with_trigger' retrieved from /Users/prasenjeet.gadhe/Documents/05. Nokia_PoV/Parallel_Test/venv/lib/python3.9/site-packages/airflow/example_dags/example_latest_only_with_trigger.py
[2025-04-02T16:46:21.147-0400] {logging_mixin.py:188} INFO - [2025-04-02T16:46:21.147-0400] {dag.py:3096} INFO - Sync 1 DAGs
[2025-04-02T16:46:21.155-0400] {logging_mixin.py:188} INFO - [2025-04-02T16:46:21.155-0400] {dag.py:3954} INFO - Setting next_dagrun for latest_only_with_trigger to 2025-04-02 16:00:00+00:00, run_after=2025-04-02 20:00:00+00:00
[2025-04-02T16:46:21.161-0400] {processor.py:183} INFO - Processing /Users/prasenjeet.gadhe/Documents/05. Nokia_PoV/Parallel_Test/venv/lib/python3.9/site-packages/airflow/example_dags/example_latest_only_with_trigger.py took 0.079 seconds
[2025-04-02T16:47:50.094-0400] {processor.py:161} INFO - Started process (PID=28720) to work on /Users/prasenjeet.gadhe/Documents/05. Nokia_PoV/Parallel_Test/venv/lib/python3.9/site-packages/airflow/example_dags/example_latest_only_with_trigger.py
[2025-04-02T16:47:50.096-0400] {processor.py:830} INFO - Processing file /Users/prasenjeet.gadhe/Documents/05. Nokia_PoV/Parallel_Test/venv/lib/python3.9/site-packages/airflow/example_dags/example_latest_only_with_trigger.py for tasks to queue
[2025-04-02T16:47:50.096-0400] {logging_mixin.py:188} INFO - [2025-04-02T16:47:50.096-0400] {dagbag.py:540} INFO - Filling up the DagBag from /Users/prasenjeet.gadhe/Documents/05. Nokia_PoV/Parallel_Test/venv/lib/python3.9/site-packages/airflow/example_dags/example_latest_only_with_trigger.py
[2025-04-02T16:47:50.100-0400] {processor.py:840} INFO - DAG(s) 'latest_only_with_trigger' retrieved from /Users/prasenjeet.gadhe/Documents/05. Nokia_PoV/Parallel_Test/venv/lib/python3.9/site-packages/airflow/example_dags/example_latest_only_with_trigger.py
[2025-04-02T16:47:50.155-0400] {logging_mixin.py:188} INFO - [2025-04-02T16:47:50.155-0400] {dag.py:3096} INFO - Sync 1 DAGs
[2025-04-02T16:47:50.163-0400] {logging_mixin.py:188} INFO - [2025-04-02T16:47:50.163-0400] {dag.py:3954} INFO - Setting next_dagrun for latest_only_with_trigger to 2025-04-02 16:00:00+00:00, run_after=2025-04-02 20:00:00+00:00
[2025-04-02T16:47:50.169-0400] {processor.py:183} INFO - Processing /Users/prasenjeet.gadhe/Documents/05. Nokia_PoV/Parallel_Test/venv/lib/python3.9/site-packages/airflow/example_dags/example_latest_only_with_trigger.py took 0.076 seconds
[2025-04-02T16:51:32.085-0400] {processor.py:161} INFO - Started process (PID=56208) to work on /Users/prasenjeet.gadhe/Documents/05. Nokia_PoV/Parallel_Test/venv/lib/python3.9/site-packages/airflow/example_dags/example_latest_only_with_trigger.py
[2025-04-02T16:51:32.087-0400] {processor.py:830} INFO - Processing file /Users/prasenjeet.gadhe/Documents/05. Nokia_PoV/Parallel_Test/venv/lib/python3.9/site-packages/airflow/example_dags/example_latest_only_with_trigger.py for tasks to queue
[2025-04-02T16:51:32.087-0400] {logging_mixin.py:188} INFO - [2025-04-02T16:51:32.087-0400] {dagbag.py:540} INFO - Filling up the DagBag from /Users/prasenjeet.gadhe/Documents/05. Nokia_PoV/Parallel_Test/venv/lib/python3.9/site-packages/airflow/example_dags/example_latest_only_with_trigger.py
[2025-04-02T16:51:32.091-0400] {processor.py:840} INFO - DAG(s) 'latest_only_with_trigger' retrieved from /Users/prasenjeet.gadhe/Documents/05. Nokia_PoV/Parallel_Test/venv/lib/python3.9/site-packages/airflow/example_dags/example_latest_only_with_trigger.py
[2025-04-02T16:51:32.156-0400] {logging_mixin.py:188} INFO - [2025-04-02T16:51:32.156-0400] {dag.py:3096} INFO - Sync 1 DAGs
[2025-04-02T16:51:32.164-0400] {logging_mixin.py:188} INFO - [2025-04-02T16:51:32.164-0400] {dag.py:3954} INFO - Setting next_dagrun for latest_only_with_trigger to 2025-04-02 16:00:00+00:00, run_after=2025-04-02 20:00:00+00:00
[2025-04-02T16:51:32.171-0400] {processor.py:183} INFO - Processing /Users/prasenjeet.gadhe/Documents/05. Nokia_PoV/Parallel_Test/venv/lib/python3.9/site-packages/airflow/example_dags/example_latest_only_with_trigger.py took 0.087 seconds
[2025-04-02T16:52:59.778-0400] {processor.py:161} INFO - Started process (PID=66987) to work on /Users/prasenjeet.gadhe/Documents/05. Nokia_PoV/Parallel_Test/venv/lib/python3.9/site-packages/airflow/example_dags/example_latest_only_with_trigger.py
[2025-04-02T16:52:59.779-0400] {processor.py:830} INFO - Processing file /Users/prasenjeet.gadhe/Documents/05. Nokia_PoV/Parallel_Test/venv/lib/python3.9/site-packages/airflow/example_dags/example_latest_only_with_trigger.py for tasks to queue
[2025-04-02T16:52:59.779-0400] {logging_mixin.py:188} INFO - [2025-04-02T16:52:59.779-0400] {dagbag.py:540} INFO - Filling up the DagBag from /Users/prasenjeet.gadhe/Documents/05. Nokia_PoV/Parallel_Test/venv/lib/python3.9/site-packages/airflow/example_dags/example_latest_only_with_trigger.py
[2025-04-02T16:52:59.784-0400] {processor.py:840} INFO - DAG(s) 'latest_only_with_trigger' retrieved from /Users/prasenjeet.gadhe/Documents/05. Nokia_PoV/Parallel_Test/venv/lib/python3.9/site-packages/airflow/example_dags/example_latest_only_with_trigger.py
[2025-04-02T16:52:59.837-0400] {logging_mixin.py:188} INFO - [2025-04-02T16:52:59.837-0400] {dag.py:3096} INFO - Sync 1 DAGs
[2025-04-02T16:52:59.844-0400] {logging_mixin.py:188} INFO - [2025-04-02T16:52:59.844-0400] {dag.py:3954} INFO - Setting next_dagrun for latest_only_with_trigger to 2025-04-02 16:00:00+00:00, run_after=2025-04-02 20:00:00+00:00
[2025-04-02T16:52:59.850-0400] {processor.py:183} INFO - Processing /Users/prasenjeet.gadhe/Documents/05. Nokia_PoV/Parallel_Test/venv/lib/python3.9/site-packages/airflow/example_dags/example_latest_only_with_trigger.py took 0.073 seconds
[2025-04-02T16:54:50.144-0400] {processor.py:161} INFO - Started process (PID=80690) to work on /Users/prasenjeet.gadhe/Documents/05. Nokia_PoV/Parallel_Test/venv/lib/python3.9/site-packages/airflow/example_dags/example_latest_only_with_trigger.py
[2025-04-02T16:54:50.145-0400] {processor.py:830} INFO - Processing file /Users/prasenjeet.gadhe/Documents/05. Nokia_PoV/Parallel_Test/venv/lib/python3.9/site-packages/airflow/example_dags/example_latest_only_with_trigger.py for tasks to queue
[2025-04-02T16:54:50.146-0400] {logging_mixin.py:188} INFO - [2025-04-02T16:54:50.146-0400] {dagbag.py:540} INFO - Filling up the DagBag from /Users/prasenjeet.gadhe/Documents/05. Nokia_PoV/Parallel_Test/venv/lib/python3.9/site-packages/airflow/example_dags/example_latest_only_with_trigger.py
[2025-04-02T16:54:50.150-0400] {processor.py:840} INFO - DAG(s) 'latest_only_with_trigger' retrieved from /Users/prasenjeet.gadhe/Documents/05. Nokia_PoV/Parallel_Test/venv/lib/python3.9/site-packages/airflow/example_dags/example_latest_only_with_trigger.py
[2025-04-02T16:54:50.220-0400] {logging_mixin.py:188} INFO - [2025-04-02T16:54:50.220-0400] {dag.py:3096} INFO - Sync 1 DAGs
[2025-04-02T16:54:50.227-0400] {logging_mixin.py:188} INFO - [2025-04-02T16:54:50.227-0400] {dag.py:3954} INFO - Setting next_dagrun for latest_only_with_trigger to 2025-04-02 16:00:00+00:00, run_after=2025-04-02 20:00:00+00:00
[2025-04-02T16:54:50.234-0400] {processor.py:183} INFO - Processing /Users/prasenjeet.gadhe/Documents/05. Nokia_PoV/Parallel_Test/venv/lib/python3.9/site-packages/airflow/example_dags/example_latest_only_with_trigger.py took 0.092 seconds
[2025-04-02T16:56:45.793-0400] {processor.py:161} INFO - Started process (PID=95011) to work on /Users/prasenjeet.gadhe/Documents/05. Nokia_PoV/Parallel_Test/venv/lib/python3.9/site-packages/airflow/example_dags/example_latest_only_with_trigger.py
[2025-04-02T16:56:45.794-0400] {processor.py:830} INFO - Processing file /Users/prasenjeet.gadhe/Documents/05. Nokia_PoV/Parallel_Test/venv/lib/python3.9/site-packages/airflow/example_dags/example_latest_only_with_trigger.py for tasks to queue
[2025-04-02T16:56:45.795-0400] {logging_mixin.py:188} INFO - [2025-04-02T16:56:45.795-0400] {dagbag.py:540} INFO - Filling up the DagBag from /Users/prasenjeet.gadhe/Documents/05. Nokia_PoV/Parallel_Test/venv/lib/python3.9/site-packages/airflow/example_dags/example_latest_only_with_trigger.py
[2025-04-02T16:56:45.799-0400] {processor.py:840} INFO - DAG(s) 'latest_only_with_trigger' retrieved from /Users/prasenjeet.gadhe/Documents/05. Nokia_PoV/Parallel_Test/venv/lib/python3.9/site-packages/airflow/example_dags/example_latest_only_with_trigger.py
[2025-04-02T16:56:45.857-0400] {logging_mixin.py:188} INFO - [2025-04-02T16:56:45.857-0400] {dag.py:3096} INFO - Sync 1 DAGs
[2025-04-02T16:56:45.865-0400] {logging_mixin.py:188} INFO - [2025-04-02T16:56:45.865-0400] {dag.py:3954} INFO - Setting next_dagrun for latest_only_with_trigger to 2025-04-02 16:00:00+00:00, run_after=2025-04-02 20:00:00+00:00
[2025-04-02T16:56:45.872-0400] {processor.py:183} INFO - Processing /Users/prasenjeet.gadhe/Documents/05. Nokia_PoV/Parallel_Test/venv/lib/python3.9/site-packages/airflow/example_dags/example_latest_only_with_trigger.py took 0.080 seconds
[2025-04-02T16:58:38.025-0400] {processor.py:161} INFO - Started process (PID=9095) to work on /Users/prasenjeet.gadhe/Documents/05. Nokia_PoV/Parallel_Test/venv/lib/python3.9/site-packages/airflow/example_dags/example_latest_only_with_trigger.py
[2025-04-02T16:58:38.027-0400] {processor.py:830} INFO - Processing file /Users/prasenjeet.gadhe/Documents/05. Nokia_PoV/Parallel_Test/venv/lib/python3.9/site-packages/airflow/example_dags/example_latest_only_with_trigger.py for tasks to queue
[2025-04-02T16:58:38.027-0400] {logging_mixin.py:188} INFO - [2025-04-02T16:58:38.027-0400] {dagbag.py:540} INFO - Filling up the DagBag from /Users/prasenjeet.gadhe/Documents/05. Nokia_PoV/Parallel_Test/venv/lib/python3.9/site-packages/airflow/example_dags/example_latest_only_with_trigger.py
[2025-04-02T16:58:38.031-0400] {processor.py:840} INFO - DAG(s) 'latest_only_with_trigger' retrieved from /Users/prasenjeet.gadhe/Documents/05. Nokia_PoV/Parallel_Test/venv/lib/python3.9/site-packages/airflow/example_dags/example_latest_only_with_trigger.py
[2025-04-02T16:58:38.086-0400] {logging_mixin.py:188} INFO - [2025-04-02T16:58:38.086-0400] {dag.py:3096} INFO - Sync 1 DAGs
[2025-04-02T16:58:38.093-0400] {logging_mixin.py:188} INFO - [2025-04-02T16:58:38.093-0400] {dag.py:3954} INFO - Setting next_dagrun for latest_only_with_trigger to 2025-04-02 16:00:00+00:00, run_after=2025-04-02 20:00:00+00:00
[2025-04-02T16:58:38.099-0400] {processor.py:183} INFO - Processing /Users/prasenjeet.gadhe/Documents/05. Nokia_PoV/Parallel_Test/venv/lib/python3.9/site-packages/airflow/example_dags/example_latest_only_with_trigger.py took 0.074 seconds
[2025-04-02T17:00:30.939-0400] {processor.py:161} INFO - Started process (PID=23034) to work on /Users/prasenjeet.gadhe/Documents/05. Nokia_PoV/Parallel_Test/venv/lib/python3.9/site-packages/airflow/example_dags/example_latest_only_with_trigger.py
[2025-04-02T17:00:30.941-0400] {processor.py:830} INFO - Processing file /Users/prasenjeet.gadhe/Documents/05. Nokia_PoV/Parallel_Test/venv/lib/python3.9/site-packages/airflow/example_dags/example_latest_only_with_trigger.py for tasks to queue
[2025-04-02T17:00:30.941-0400] {logging_mixin.py:188} INFO - [2025-04-02T17:00:30.941-0400] {dagbag.py:540} INFO - Filling up the DagBag from /Users/prasenjeet.gadhe/Documents/05. Nokia_PoV/Parallel_Test/venv/lib/python3.9/site-packages/airflow/example_dags/example_latest_only_with_trigger.py
[2025-04-02T17:00:30.945-0400] {processor.py:840} INFO - DAG(s) 'latest_only_with_trigger' retrieved from /Users/prasenjeet.gadhe/Documents/05. Nokia_PoV/Parallel_Test/venv/lib/python3.9/site-packages/airflow/example_dags/example_latest_only_with_trigger.py
[2025-04-02T17:00:30.999-0400] {logging_mixin.py:188} INFO - [2025-04-02T17:00:30.998-0400] {dag.py:3096} INFO - Sync 1 DAGs
[2025-04-02T17:00:31.006-0400] {logging_mixin.py:188} INFO - [2025-04-02T17:00:31.006-0400] {dag.py:3954} INFO - Setting next_dagrun for latest_only_with_trigger to 2025-04-02 16:00:00+00:00, run_after=2025-04-02 20:00:00+00:00
[2025-04-02T17:00:31.012-0400] {processor.py:183} INFO - Processing /Users/prasenjeet.gadhe/Documents/05. Nokia_PoV/Parallel_Test/venv/lib/python3.9/site-packages/airflow/example_dags/example_latest_only_with_trigger.py took 0.074 seconds
[2025-04-02T17:02:23.868-0400] {processor.py:161} INFO - Started process (PID=36880) to work on /Users/prasenjeet.gadhe/Documents/05. Nokia_PoV/Parallel_Test/venv/lib/python3.9/site-packages/airflow/example_dags/example_latest_only_with_trigger.py
[2025-04-02T17:02:23.869-0400] {processor.py:830} INFO - Processing file /Users/prasenjeet.gadhe/Documents/05. Nokia_PoV/Parallel_Test/venv/lib/python3.9/site-packages/airflow/example_dags/example_latest_only_with_trigger.py for tasks to queue
[2025-04-02T17:02:23.870-0400] {logging_mixin.py:188} INFO - [2025-04-02T17:02:23.870-0400] {dagbag.py:540} INFO - Filling up the DagBag from /Users/prasenjeet.gadhe/Documents/05. Nokia_PoV/Parallel_Test/venv/lib/python3.9/site-packages/airflow/example_dags/example_latest_only_with_trigger.py
[2025-04-02T17:02:23.874-0400] {processor.py:840} INFO - DAG(s) 'latest_only_with_trigger' retrieved from /Users/prasenjeet.gadhe/Documents/05. Nokia_PoV/Parallel_Test/venv/lib/python3.9/site-packages/airflow/example_dags/example_latest_only_with_trigger.py
[2025-04-02T17:02:23.929-0400] {logging_mixin.py:188} INFO - [2025-04-02T17:02:23.929-0400] {dag.py:3096} INFO - Sync 1 DAGs
[2025-04-02T17:02:23.937-0400] {logging_mixin.py:188} INFO - [2025-04-02T17:02:23.937-0400] {dag.py:3954} INFO - Setting next_dagrun for latest_only_with_trigger to 2025-04-02 16:00:00+00:00, run_after=2025-04-02 20:00:00+00:00
[2025-04-02T17:02:23.943-0400] {processor.py:183} INFO - Processing /Users/prasenjeet.gadhe/Documents/05. Nokia_PoV/Parallel_Test/venv/lib/python3.9/site-packages/airflow/example_dags/example_latest_only_with_trigger.py took 0.076 seconds
[2025-04-02T17:04:15.828-0400] {processor.py:161} INFO - Started process (PID=50628) to work on /Users/prasenjeet.gadhe/Documents/05. Nokia_PoV/Parallel_Test/venv/lib/python3.9/site-packages/airflow/example_dags/example_latest_only_with_trigger.py
[2025-04-02T17:04:15.830-0400] {processor.py:830} INFO - Processing file /Users/prasenjeet.gadhe/Documents/05. Nokia_PoV/Parallel_Test/venv/lib/python3.9/site-packages/airflow/example_dags/example_latest_only_with_trigger.py for tasks to queue
[2025-04-02T17:04:15.830-0400] {logging_mixin.py:188} INFO - [2025-04-02T17:04:15.830-0400] {dagbag.py:540} INFO - Filling up the DagBag from /Users/prasenjeet.gadhe/Documents/05. Nokia_PoV/Parallel_Test/venv/lib/python3.9/site-packages/airflow/example_dags/example_latest_only_with_trigger.py
[2025-04-02T17:04:15.834-0400] {processor.py:840} INFO - DAG(s) 'latest_only_with_trigger' retrieved from /Users/prasenjeet.gadhe/Documents/05. Nokia_PoV/Parallel_Test/venv/lib/python3.9/site-packages/airflow/example_dags/example_latest_only_with_trigger.py
[2025-04-02T17:04:15.894-0400] {logging_mixin.py:188} INFO - [2025-04-02T17:04:15.894-0400] {dag.py:3096} INFO - Sync 1 DAGs
[2025-04-02T17:04:15.901-0400] {logging_mixin.py:188} INFO - [2025-04-02T17:04:15.901-0400] {dag.py:3954} INFO - Setting next_dagrun for latest_only_with_trigger to 2025-04-02 16:00:00+00:00, run_after=2025-04-02 20:00:00+00:00
[2025-04-02T17:04:15.907-0400] {processor.py:183} INFO - Processing /Users/prasenjeet.gadhe/Documents/05. Nokia_PoV/Parallel_Test/venv/lib/python3.9/site-packages/airflow/example_dags/example_latest_only_with_trigger.py took 0.080 seconds
[2025-04-02T17:06:03.792-0400] {processor.py:161} INFO - Started process (PID=63812) to work on /Users/prasenjeet.gadhe/Documents/05. Nokia_PoV/Parallel_Test/venv/lib/python3.9/site-packages/airflow/example_dags/example_latest_only_with_trigger.py
[2025-04-02T17:06:03.794-0400] {processor.py:830} INFO - Processing file /Users/prasenjeet.gadhe/Documents/05. Nokia_PoV/Parallel_Test/venv/lib/python3.9/site-packages/airflow/example_dags/example_latest_only_with_trigger.py for tasks to queue
[2025-04-02T17:06:03.794-0400] {logging_mixin.py:188} INFO - [2025-04-02T17:06:03.794-0400] {dagbag.py:540} INFO - Filling up the DagBag from /Users/prasenjeet.gadhe/Documents/05. Nokia_PoV/Parallel_Test/venv/lib/python3.9/site-packages/airflow/example_dags/example_latest_only_with_trigger.py
[2025-04-02T17:06:03.799-0400] {processor.py:840} INFO - DAG(s) 'latest_only_with_trigger' retrieved from /Users/prasenjeet.gadhe/Documents/05. Nokia_PoV/Parallel_Test/venv/lib/python3.9/site-packages/airflow/example_dags/example_latest_only_with_trigger.py
[2025-04-02T17:06:03.867-0400] {logging_mixin.py:188} INFO - [2025-04-02T17:06:03.867-0400] {dag.py:3096} INFO - Sync 1 DAGs
[2025-04-02T17:06:03.876-0400] {logging_mixin.py:188} INFO - [2025-04-02T17:06:03.876-0400] {dag.py:3954} INFO - Setting next_dagrun for latest_only_with_trigger to 2025-04-02 16:00:00+00:00, run_after=2025-04-02 20:00:00+00:00
[2025-04-02T17:06:03.883-0400] {processor.py:183} INFO - Processing /Users/prasenjeet.gadhe/Documents/05. Nokia_PoV/Parallel_Test/venv/lib/python3.9/site-packages/airflow/example_dags/example_latest_only_with_trigger.py took 0.092 seconds
[2025-04-02T17:07:56.593-0400] {processor.py:161} INFO - Started process (PID=77845) to work on /Users/prasenjeet.gadhe/Documents/05. Nokia_PoV/Parallel_Test/venv/lib/python3.9/site-packages/airflow/example_dags/example_latest_only_with_trigger.py
[2025-04-02T17:07:56.594-0400] {processor.py:830} INFO - Processing file /Users/prasenjeet.gadhe/Documents/05. Nokia_PoV/Parallel_Test/venv/lib/python3.9/site-packages/airflow/example_dags/example_latest_only_with_trigger.py for tasks to queue
[2025-04-02T17:07:56.595-0400] {logging_mixin.py:188} INFO - [2025-04-02T17:07:56.595-0400] {dagbag.py:540} INFO - Filling up the DagBag from /Users/prasenjeet.gadhe/Documents/05. Nokia_PoV/Parallel_Test/venv/lib/python3.9/site-packages/airflow/example_dags/example_latest_only_with_trigger.py
[2025-04-02T17:07:56.598-0400] {processor.py:840} INFO - DAG(s) 'latest_only_with_trigger' retrieved from /Users/prasenjeet.gadhe/Documents/05. Nokia_PoV/Parallel_Test/venv/lib/python3.9/site-packages/airflow/example_dags/example_latest_only_with_trigger.py
[2025-04-02T17:07:56.653-0400] {logging_mixin.py:188} INFO - [2025-04-02T17:07:56.653-0400] {dag.py:3096} INFO - Sync 1 DAGs
[2025-04-02T17:07:56.660-0400] {logging_mixin.py:188} INFO - [2025-04-02T17:07:56.660-0400] {dag.py:3954} INFO - Setting next_dagrun for latest_only_with_trigger to 2025-04-02 16:00:00+00:00, run_after=2025-04-02 20:00:00+00:00
[2025-04-02T17:07:56.667-0400] {processor.py:183} INFO - Processing /Users/prasenjeet.gadhe/Documents/05. Nokia_PoV/Parallel_Test/venv/lib/python3.9/site-packages/airflow/example_dags/example_latest_only_with_trigger.py took 0.075 seconds
[2025-04-02T17:09:52.994-0400] {processor.py:161} INFO - Started process (PID=92183) to work on /Users/prasenjeet.gadhe/Documents/05. Nokia_PoV/Parallel_Test/venv/lib/python3.9/site-packages/airflow/example_dags/example_latest_only_with_trigger.py
[2025-04-02T17:09:52.996-0400] {processor.py:830} INFO - Processing file /Users/prasenjeet.gadhe/Documents/05. Nokia_PoV/Parallel_Test/venv/lib/python3.9/site-packages/airflow/example_dags/example_latest_only_with_trigger.py for tasks to queue
[2025-04-02T17:09:52.996-0400] {logging_mixin.py:188} INFO - [2025-04-02T17:09:52.996-0400] {dagbag.py:540} INFO - Filling up the DagBag from /Users/prasenjeet.gadhe/Documents/05. Nokia_PoV/Parallel_Test/venv/lib/python3.9/site-packages/airflow/example_dags/example_latest_only_with_trigger.py
[2025-04-02T17:09:53.001-0400] {processor.py:840} INFO - DAG(s) 'latest_only_with_trigger' retrieved from /Users/prasenjeet.gadhe/Documents/05. Nokia_PoV/Parallel_Test/venv/lib/python3.9/site-packages/airflow/example_dags/example_latest_only_with_trigger.py
[2025-04-02T17:09:53.057-0400] {logging_mixin.py:188} INFO - [2025-04-02T17:09:53.056-0400] {dag.py:3096} INFO - Sync 1 DAGs
[2025-04-02T17:09:53.063-0400] {logging_mixin.py:188} INFO - [2025-04-02T17:09:53.063-0400] {dag.py:3954} INFO - Setting next_dagrun for latest_only_with_trigger to 2025-04-02 16:00:00+00:00, run_after=2025-04-02 20:00:00+00:00
[2025-04-02T17:09:53.069-0400] {processor.py:183} INFO - Processing /Users/prasenjeet.gadhe/Documents/05. Nokia_PoV/Parallel_Test/venv/lib/python3.9/site-packages/airflow/example_dags/example_latest_only_with_trigger.py took 0.076 seconds
[2025-04-02T17:11:42.997-0400] {processor.py:161} INFO - Started process (PID=6042) to work on /Users/prasenjeet.gadhe/Documents/05. Nokia_PoV/Parallel_Test/venv/lib/python3.9/site-packages/airflow/example_dags/example_latest_only_with_trigger.py
[2025-04-02T17:11:42.999-0400] {processor.py:830} INFO - Processing file /Users/prasenjeet.gadhe/Documents/05. Nokia_PoV/Parallel_Test/venv/lib/python3.9/site-packages/airflow/example_dags/example_latest_only_with_trigger.py for tasks to queue
[2025-04-02T17:11:42.999-0400] {logging_mixin.py:188} INFO - [2025-04-02T17:11:42.999-0400] {dagbag.py:540} INFO - Filling up the DagBag from /Users/prasenjeet.gadhe/Documents/05. Nokia_PoV/Parallel_Test/venv/lib/python3.9/site-packages/airflow/example_dags/example_latest_only_with_trigger.py
[2025-04-02T17:11:43.003-0400] {processor.py:840} INFO - DAG(s) 'latest_only_with_trigger' retrieved from /Users/prasenjeet.gadhe/Documents/05. Nokia_PoV/Parallel_Test/venv/lib/python3.9/site-packages/airflow/example_dags/example_latest_only_with_trigger.py
[2025-04-02T17:11:43.056-0400] {logging_mixin.py:188} INFO - [2025-04-02T17:11:43.056-0400] {dag.py:3096} INFO - Sync 1 DAGs
[2025-04-02T17:11:43.063-0400] {logging_mixin.py:188} INFO - [2025-04-02T17:11:43.063-0400] {dag.py:3954} INFO - Setting next_dagrun for latest_only_with_trigger to 2025-04-02 16:00:00+00:00, run_after=2025-04-02 20:00:00+00:00
[2025-04-02T17:11:43.069-0400] {processor.py:183} INFO - Processing /Users/prasenjeet.gadhe/Documents/05. Nokia_PoV/Parallel_Test/venv/lib/python3.9/site-packages/airflow/example_dags/example_latest_only_with_trigger.py took 0.073 seconds
