[2025-04-02T16:38:40.056-0400] {processor.py:161} INFO - Started process (PID=59997) to work on /Users/prasenjeet.gadhe/Documents/05. Nokia_PoV/Parallel_Test/venv/lib/python3.9/site-packages/airflow/example_dags/example_xcom.py
[2025-04-02T16:38:40.057-0400] {processor.py:830} INFO - Processing file /Users/prasenjeet.gadhe/Documents/05. Nokia_PoV/Parallel_Test/venv/lib/python3.9/site-packages/airflow/example_dags/example_xcom.py for tasks to queue
[2025-04-02T16:38:40.057-0400] {logging_mixin.py:188} INFO - [2025-04-02T16:38:40.057-0400] {dagbag.py:540} INFO - Filling up the DagBag from /Users/prasenjeet.gadhe/Documents/05. Nokia_PoV/Parallel_Test/venv/lib/python3.9/site-packages/airflow/example_dags/example_xcom.py
[2025-04-02T16:38:40.071-0400] {processor.py:840} INFO - DAG(s) 'example_xcom' retrieved from /Users/prasenjeet.gadhe/Documents/05. Nokia_PoV/Parallel_Test/venv/lib/python3.9/site-packages/airflow/example_dags/example_xcom.py
[2025-04-02T16:38:40.155-0400] {logging_mixin.py:188} INFO - [2025-04-02T16:38:40.154-0400] {override.py:1829} INFO - Created Permission View: can delete on DAG:example_xcom
[2025-04-02T16:38:40.157-0400] {logging_mixin.py:188} INFO - [2025-04-02T16:38:40.157-0400] {override.py:1829} INFO - Created Permission View: can edit on DAG:example_xcom
[2025-04-02T16:38:40.159-0400] {logging_mixin.py:188} INFO - [2025-04-02T16:38:40.159-0400] {override.py:1829} INFO - Created Permission View: can read on DAG:example_xcom
[2025-04-02T16:38:40.159-0400] {logging_mixin.py:188} INFO - [2025-04-02T16:38:40.159-0400] {dag.py:3096} INFO - Sync 1 DAGs
[2025-04-02T16:38:40.163-0400] {logging_mixin.py:188} INFO - [2025-04-02T16:38:40.163-0400] {dag.py:3118} INFO - Creating ORM DAG for example_xcom
[2025-04-02T16:38:40.165-0400] {logging_mixin.py:188} INFO - [2025-04-02T16:38:40.165-0400] {dag.py:3954} INFO - Setting next_dagrun for example_xcom to 2021-01-01 00:00:00+00:00, run_after=2021-01-01 00:00:00+00:00
[2025-04-02T16:38:40.171-0400] {processor.py:183} INFO - Processing /Users/prasenjeet.gadhe/Documents/05. Nokia_PoV/Parallel_Test/venv/lib/python3.9/site-packages/airflow/example_dags/example_xcom.py took 0.116 seconds
[2025-04-02T16:39:22.255-0400] {processor.py:161} INFO - Started process (PID=65193) to work on /Users/prasenjeet.gadhe/Documents/05. Nokia_PoV/Parallel_Test/venv/lib/python3.9/site-packages/airflow/example_dags/example_xcom.py
[2025-04-02T16:39:22.256-0400] {processor.py:830} INFO - Processing file /Users/prasenjeet.gadhe/Documents/05. Nokia_PoV/Parallel_Test/venv/lib/python3.9/site-packages/airflow/example_dags/example_xcom.py for tasks to queue
[2025-04-02T16:39:22.256-0400] {logging_mixin.py:188} INFO - [2025-04-02T16:39:22.256-0400] {dagbag.py:540} INFO - Filling up the DagBag from /Users/prasenjeet.gadhe/Documents/05. Nokia_PoV/Parallel_Test/venv/lib/python3.9/site-packages/airflow/example_dags/example_xcom.py
[2025-04-02T16:39:22.272-0400] {processor.py:840} INFO - DAG(s) 'example_xcom' retrieved from /Users/prasenjeet.gadhe/Documents/05. Nokia_PoV/Parallel_Test/venv/lib/python3.9/site-packages/airflow/example_dags/example_xcom.py
[2025-04-02T16:39:22.332-0400] {logging_mixin.py:188} INFO - [2025-04-02T16:39:22.332-0400] {dag.py:3096} INFO - Sync 1 DAGs
[2025-04-02T16:39:22.339-0400] {logging_mixin.py:188} INFO - [2025-04-02T16:39:22.338-0400] {dag.py:3954} INFO - Setting next_dagrun for example_xcom to 2021-01-01 00:00:00+00:00, run_after=2021-01-01 00:00:00+00:00
[2025-04-02T16:39:22.344-0400] {processor.py:183} INFO - Processing /Users/prasenjeet.gadhe/Documents/05. Nokia_PoV/Parallel_Test/venv/lib/python3.9/site-packages/airflow/example_dags/example_xcom.py took 0.091 seconds
[2025-04-02T16:40:50.496-0400] {processor.py:161} INFO - Started process (PID=76319) to work on /Users/prasenjeet.gadhe/Documents/05. Nokia_PoV/Parallel_Test/venv/lib/python3.9/site-packages/airflow/example_dags/example_xcom.py
[2025-04-02T16:40:50.497-0400] {processor.py:830} INFO - Processing file /Users/prasenjeet.gadhe/Documents/05. Nokia_PoV/Parallel_Test/venv/lib/python3.9/site-packages/airflow/example_dags/example_xcom.py for tasks to queue
[2025-04-02T16:40:50.497-0400] {logging_mixin.py:188} INFO - [2025-04-02T16:40:50.497-0400] {dagbag.py:540} INFO - Filling up the DagBag from /Users/prasenjeet.gadhe/Documents/05. Nokia_PoV/Parallel_Test/venv/lib/python3.9/site-packages/airflow/example_dags/example_xcom.py
[2025-04-02T16:40:50.512-0400] {processor.py:840} INFO - DAG(s) 'example_xcom' retrieved from /Users/prasenjeet.gadhe/Documents/05. Nokia_PoV/Parallel_Test/venv/lib/python3.9/site-packages/airflow/example_dags/example_xcom.py
[2025-04-02T16:40:50.568-0400] {logging_mixin.py:188} INFO - [2025-04-02T16:40:50.568-0400] {dag.py:3096} INFO - Sync 1 DAGs
[2025-04-02T16:40:50.573-0400] {logging_mixin.py:188} INFO - [2025-04-02T16:40:50.573-0400] {dag.py:3954} INFO - Setting next_dagrun for example_xcom to 2021-01-01 00:00:00+00:00, run_after=2021-01-01 00:00:00+00:00
[2025-04-02T16:40:50.579-0400] {processor.py:183} INFO - Processing /Users/prasenjeet.gadhe/Documents/05. Nokia_PoV/Parallel_Test/venv/lib/python3.9/site-packages/airflow/example_dags/example_xcom.py took 0.084 seconds
[2025-04-02T16:41:48.610-0400] {processor.py:161} INFO - Started process (PID=83589) to work on /Users/prasenjeet.gadhe/Documents/05. Nokia_PoV/Parallel_Test/venv/lib/python3.9/site-packages/airflow/example_dags/example_xcom.py
[2025-04-02T16:41:48.612-0400] {processor.py:830} INFO - Processing file /Users/prasenjeet.gadhe/Documents/05. Nokia_PoV/Parallel_Test/venv/lib/python3.9/site-packages/airflow/example_dags/example_xcom.py for tasks to queue
[2025-04-02T16:41:48.612-0400] {logging_mixin.py:188} INFO - [2025-04-02T16:41:48.612-0400] {dagbag.py:540} INFO - Filling up the DagBag from /Users/prasenjeet.gadhe/Documents/05. Nokia_PoV/Parallel_Test/venv/lib/python3.9/site-packages/airflow/example_dags/example_xcom.py
[2025-04-02T16:41:48.628-0400] {processor.py:840} INFO - DAG(s) 'example_xcom' retrieved from /Users/prasenjeet.gadhe/Documents/05. Nokia_PoV/Parallel_Test/venv/lib/python3.9/site-packages/airflow/example_dags/example_xcom.py
[2025-04-02T16:41:48.684-0400] {logging_mixin.py:188} INFO - [2025-04-02T16:41:48.684-0400] {dag.py:3096} INFO - Sync 1 DAGs
[2025-04-02T16:41:48.690-0400] {logging_mixin.py:188} INFO - [2025-04-02T16:41:48.690-0400] {dag.py:3954} INFO - Setting next_dagrun for example_xcom to 2021-01-01 00:00:00+00:00, run_after=2021-01-01 00:00:00+00:00
[2025-04-02T16:41:48.696-0400] {processor.py:183} INFO - Processing /Users/prasenjeet.gadhe/Documents/05. Nokia_PoV/Parallel_Test/venv/lib/python3.9/site-packages/airflow/example_dags/example_xcom.py took 0.087 seconds
[2025-04-02T16:42:46.932-0400] {processor.py:161} INFO - Started process (PID=90764) to work on /Users/prasenjeet.gadhe/Documents/05. Nokia_PoV/Parallel_Test/venv/lib/python3.9/site-packages/airflow/example_dags/example_xcom.py
[2025-04-02T16:42:46.934-0400] {processor.py:830} INFO - Processing file /Users/prasenjeet.gadhe/Documents/05. Nokia_PoV/Parallel_Test/venv/lib/python3.9/site-packages/airflow/example_dags/example_xcom.py for tasks to queue
[2025-04-02T16:42:46.934-0400] {logging_mixin.py:188} INFO - [2025-04-02T16:42:46.934-0400] {dagbag.py:540} INFO - Filling up the DagBag from /Users/prasenjeet.gadhe/Documents/05. Nokia_PoV/Parallel_Test/venv/lib/python3.9/site-packages/airflow/example_dags/example_xcom.py
[2025-04-02T16:42:46.947-0400] {processor.py:840} INFO - DAG(s) 'example_xcom' retrieved from /Users/prasenjeet.gadhe/Documents/05. Nokia_PoV/Parallel_Test/venv/lib/python3.9/site-packages/airflow/example_dags/example_xcom.py
[2025-04-02T16:42:46.999-0400] {logging_mixin.py:188} INFO - [2025-04-02T16:42:46.999-0400] {dag.py:3096} INFO - Sync 1 DAGs
[2025-04-02T16:42:47.005-0400] {logging_mixin.py:188} INFO - [2025-04-02T16:42:47.005-0400] {dag.py:3954} INFO - Setting next_dagrun for example_xcom to 2021-01-01 00:00:00+00:00, run_after=2021-01-01 00:00:00+00:00
[2025-04-02T16:42:47.011-0400] {processor.py:183} INFO - Processing /Users/prasenjeet.gadhe/Documents/05. Nokia_PoV/Parallel_Test/venv/lib/python3.9/site-packages/airflow/example_dags/example_xcom.py took 0.080 seconds
[2025-04-02T16:43:43.244-0400] {processor.py:161} INFO - Started process (PID=97717) to work on /Users/prasenjeet.gadhe/Documents/05. Nokia_PoV/Parallel_Test/venv/lib/python3.9/site-packages/airflow/example_dags/example_xcom.py
[2025-04-02T16:43:43.246-0400] {processor.py:830} INFO - Processing file /Users/prasenjeet.gadhe/Documents/05. Nokia_PoV/Parallel_Test/venv/lib/python3.9/site-packages/airflow/example_dags/example_xcom.py for tasks to queue
[2025-04-02T16:43:43.246-0400] {logging_mixin.py:188} INFO - [2025-04-02T16:43:43.246-0400] {dagbag.py:540} INFO - Filling up the DagBag from /Users/prasenjeet.gadhe/Documents/05. Nokia_PoV/Parallel_Test/venv/lib/python3.9/site-packages/airflow/example_dags/example_xcom.py
[2025-04-02T16:43:43.260-0400] {processor.py:840} INFO - DAG(s) 'example_xcom' retrieved from /Users/prasenjeet.gadhe/Documents/05. Nokia_PoV/Parallel_Test/venv/lib/python3.9/site-packages/airflow/example_dags/example_xcom.py
[2025-04-02T16:43:43.322-0400] {logging_mixin.py:188} INFO - [2025-04-02T16:43:43.322-0400] {dag.py:3096} INFO - Sync 1 DAGs
[2025-04-02T16:43:43.328-0400] {logging_mixin.py:188} INFO - [2025-04-02T16:43:43.328-0400] {dag.py:3954} INFO - Setting next_dagrun for example_xcom to 2021-01-01 00:00:00+00:00, run_after=2021-01-01 00:00:00+00:00
[2025-04-02T16:43:43.335-0400] {processor.py:183} INFO - Processing /Users/prasenjeet.gadhe/Documents/05. Nokia_PoV/Parallel_Test/venv/lib/python3.9/site-packages/airflow/example_dags/example_xcom.py took 0.091 seconds
[2025-04-02T16:45:43.196-0400] {processor.py:161} INFO - Started process (PID=12874) to work on /Users/prasenjeet.gadhe/Documents/05. Nokia_PoV/Parallel_Test/venv/lib/python3.9/site-packages/airflow/example_dags/example_xcom.py
[2025-04-02T16:45:43.198-0400] {processor.py:830} INFO - Processing file /Users/prasenjeet.gadhe/Documents/05. Nokia_PoV/Parallel_Test/venv/lib/python3.9/site-packages/airflow/example_dags/example_xcom.py for tasks to queue
[2025-04-02T16:45:43.198-0400] {logging_mixin.py:188} INFO - [2025-04-02T16:45:43.198-0400] {dagbag.py:540} INFO - Filling up the DagBag from /Users/prasenjeet.gadhe/Documents/05. Nokia_PoV/Parallel_Test/venv/lib/python3.9/site-packages/airflow/example_dags/example_xcom.py
[2025-04-02T16:45:43.213-0400] {processor.py:840} INFO - DAG(s) 'example_xcom' retrieved from /Users/prasenjeet.gadhe/Documents/05. Nokia_PoV/Parallel_Test/venv/lib/python3.9/site-packages/airflow/example_dags/example_xcom.py
[2025-04-02T16:45:43.271-0400] {logging_mixin.py:188} INFO - [2025-04-02T16:45:43.271-0400] {dag.py:3096} INFO - Sync 1 DAGs
[2025-04-02T16:45:43.277-0400] {logging_mixin.py:188} INFO - [2025-04-02T16:45:43.277-0400] {dag.py:3954} INFO - Setting next_dagrun for example_xcom to 2021-01-01 00:00:00+00:00, run_after=2021-01-01 00:00:00+00:00
[2025-04-02T16:45:43.283-0400] {processor.py:183} INFO - Processing /Users/prasenjeet.gadhe/Documents/05. Nokia_PoV/Parallel_Test/venv/lib/python3.9/site-packages/airflow/example_dags/example_xcom.py took 0.088 seconds
[2025-04-02T16:47:11.465-0400] {processor.py:161} INFO - Started process (PID=23880) to work on /Users/prasenjeet.gadhe/Documents/05. Nokia_PoV/Parallel_Test/venv/lib/python3.9/site-packages/airflow/example_dags/example_xcom.py
[2025-04-02T16:47:11.467-0400] {processor.py:830} INFO - Processing file /Users/prasenjeet.gadhe/Documents/05. Nokia_PoV/Parallel_Test/venv/lib/python3.9/site-packages/airflow/example_dags/example_xcom.py for tasks to queue
[2025-04-02T16:47:11.467-0400] {logging_mixin.py:188} INFO - [2025-04-02T16:47:11.467-0400] {dagbag.py:540} INFO - Filling up the DagBag from /Users/prasenjeet.gadhe/Documents/05. Nokia_PoV/Parallel_Test/venv/lib/python3.9/site-packages/airflow/example_dags/example_xcom.py
[2025-04-02T16:47:11.483-0400] {processor.py:840} INFO - DAG(s) 'example_xcom' retrieved from /Users/prasenjeet.gadhe/Documents/05. Nokia_PoV/Parallel_Test/venv/lib/python3.9/site-packages/airflow/example_dags/example_xcom.py
[2025-04-02T16:47:11.540-0400] {logging_mixin.py:188} INFO - [2025-04-02T16:47:11.540-0400] {dag.py:3096} INFO - Sync 1 DAGs
[2025-04-02T16:47:11.546-0400] {logging_mixin.py:188} INFO - [2025-04-02T16:47:11.546-0400] {dag.py:3954} INFO - Setting next_dagrun for example_xcom to 2021-01-01 00:00:00+00:00, run_after=2021-01-01 00:00:00+00:00
[2025-04-02T16:47:11.553-0400] {processor.py:183} INFO - Processing /Users/prasenjeet.gadhe/Documents/05. Nokia_PoV/Parallel_Test/venv/lib/python3.9/site-packages/airflow/example_dags/example_xcom.py took 0.089 seconds
[2025-04-02T16:48:11.237-0400] {processor.py:161} INFO - Started process (PID=31308) to work on /Users/prasenjeet.gadhe/Documents/05. Nokia_PoV/Parallel_Test/venv/lib/python3.9/site-packages/airflow/example_dags/example_xcom.py
[2025-04-02T16:48:11.239-0400] {processor.py:830} INFO - Processing file /Users/prasenjeet.gadhe/Documents/05. Nokia_PoV/Parallel_Test/venv/lib/python3.9/site-packages/airflow/example_dags/example_xcom.py for tasks to queue
[2025-04-02T16:48:11.239-0400] {logging_mixin.py:188} INFO - [2025-04-02T16:48:11.239-0400] {dagbag.py:540} INFO - Filling up the DagBag from /Users/prasenjeet.gadhe/Documents/05. Nokia_PoV/Parallel_Test/venv/lib/python3.9/site-packages/airflow/example_dags/example_xcom.py
[2025-04-02T16:48:11.253-0400] {processor.py:840} INFO - DAG(s) 'example_xcom' retrieved from /Users/prasenjeet.gadhe/Documents/05. Nokia_PoV/Parallel_Test/venv/lib/python3.9/site-packages/airflow/example_dags/example_xcom.py
[2025-04-02T16:48:11.305-0400] {logging_mixin.py:188} INFO - [2025-04-02T16:48:11.305-0400] {dag.py:3096} INFO - Sync 1 DAGs
[2025-04-02T16:48:11.311-0400] {logging_mixin.py:188} INFO - [2025-04-02T16:48:11.311-0400] {dag.py:3954} INFO - Setting next_dagrun for example_xcom to 2021-01-01 00:00:00+00:00, run_after=2021-01-01 00:00:00+00:00
[2025-04-02T16:48:11.317-0400] {processor.py:183} INFO - Processing /Users/prasenjeet.gadhe/Documents/05. Nokia_PoV/Parallel_Test/venv/lib/python3.9/site-packages/airflow/example_dags/example_xcom.py took 0.081 seconds
[2025-04-02T16:49:07.844-0400] {processor.py:161} INFO - Started process (PID=38349) to work on /Users/prasenjeet.gadhe/Documents/05. Nokia_PoV/Parallel_Test/venv/lib/python3.9/site-packages/airflow/example_dags/example_xcom.py
[2025-04-02T16:49:07.845-0400] {processor.py:830} INFO - Processing file /Users/prasenjeet.gadhe/Documents/05. Nokia_PoV/Parallel_Test/venv/lib/python3.9/site-packages/airflow/example_dags/example_xcom.py for tasks to queue
[2025-04-02T16:49:07.846-0400] {logging_mixin.py:188} INFO - [2025-04-02T16:49:07.845-0400] {dagbag.py:540} INFO - Filling up the DagBag from /Users/prasenjeet.gadhe/Documents/05. Nokia_PoV/Parallel_Test/venv/lib/python3.9/site-packages/airflow/example_dags/example_xcom.py
[2025-04-02T16:49:07.860-0400] {processor.py:840} INFO - DAG(s) 'example_xcom' retrieved from /Users/prasenjeet.gadhe/Documents/05. Nokia_PoV/Parallel_Test/venv/lib/python3.9/site-packages/airflow/example_dags/example_xcom.py
[2025-04-02T16:49:07.917-0400] {logging_mixin.py:188} INFO - [2025-04-02T16:49:07.917-0400] {dag.py:3096} INFO - Sync 1 DAGs
[2025-04-02T16:49:07.923-0400] {logging_mixin.py:188} INFO - [2025-04-02T16:49:07.923-0400] {dag.py:3954} INFO - Setting next_dagrun for example_xcom to 2021-01-01 00:00:00+00:00, run_after=2021-01-01 00:00:00+00:00
[2025-04-02T16:49:07.929-0400] {processor.py:183} INFO - Processing /Users/prasenjeet.gadhe/Documents/05. Nokia_PoV/Parallel_Test/venv/lib/python3.9/site-packages/airflow/example_dags/example_xcom.py took 0.086 seconds
[2025-04-02T16:50:54.130-0400] {processor.py:161} INFO - Started process (PID=51444) to work on /Users/prasenjeet.gadhe/Documents/05. Nokia_PoV/Parallel_Test/venv/lib/python3.9/site-packages/airflow/example_dags/example_xcom.py
[2025-04-02T16:50:54.131-0400] {processor.py:830} INFO - Processing file /Users/prasenjeet.gadhe/Documents/05. Nokia_PoV/Parallel_Test/venv/lib/python3.9/site-packages/airflow/example_dags/example_xcom.py for tasks to queue
[2025-04-02T16:50:54.132-0400] {logging_mixin.py:188} INFO - [2025-04-02T16:50:54.132-0400] {dagbag.py:540} INFO - Filling up the DagBag from /Users/prasenjeet.gadhe/Documents/05. Nokia_PoV/Parallel_Test/venv/lib/python3.9/site-packages/airflow/example_dags/example_xcom.py
[2025-04-02T16:50:54.146-0400] {processor.py:840} INFO - DAG(s) 'example_xcom' retrieved from /Users/prasenjeet.gadhe/Documents/05. Nokia_PoV/Parallel_Test/venv/lib/python3.9/site-packages/airflow/example_dags/example_xcom.py
[2025-04-02T16:50:54.197-0400] {logging_mixin.py:188} INFO - [2025-04-02T16:50:54.197-0400] {dag.py:3096} INFO - Sync 1 DAGs
[2025-04-02T16:50:54.202-0400] {logging_mixin.py:188} INFO - [2025-04-02T16:50:54.202-0400] {dag.py:3954} INFO - Setting next_dagrun for example_xcom to 2021-01-01 00:00:00+00:00, run_after=2021-01-01 00:00:00+00:00
[2025-04-02T16:50:54.208-0400] {processor.py:183} INFO - Processing /Users/prasenjeet.gadhe/Documents/05. Nokia_PoV/Parallel_Test/venv/lib/python3.9/site-packages/airflow/example_dags/example_xcom.py took 0.080 seconds
[2025-04-02T16:52:24.757-0400] {processor.py:161} INFO - Started process (PID=62720) to work on /Users/prasenjeet.gadhe/Documents/05. Nokia_PoV/Parallel_Test/venv/lib/python3.9/site-packages/airflow/example_dags/example_xcom.py
[2025-04-02T16:52:24.758-0400] {processor.py:830} INFO - Processing file /Users/prasenjeet.gadhe/Documents/05. Nokia_PoV/Parallel_Test/venv/lib/python3.9/site-packages/airflow/example_dags/example_xcom.py for tasks to queue
[2025-04-02T16:52:24.759-0400] {logging_mixin.py:188} INFO - [2025-04-02T16:52:24.759-0400] {dagbag.py:540} INFO - Filling up the DagBag from /Users/prasenjeet.gadhe/Documents/05. Nokia_PoV/Parallel_Test/venv/lib/python3.9/site-packages/airflow/example_dags/example_xcom.py
[2025-04-02T16:52:24.774-0400] {processor.py:840} INFO - DAG(s) 'example_xcom' retrieved from /Users/prasenjeet.gadhe/Documents/05. Nokia_PoV/Parallel_Test/venv/lib/python3.9/site-packages/airflow/example_dags/example_xcom.py
[2025-04-02T16:52:24.830-0400] {logging_mixin.py:188} INFO - [2025-04-02T16:52:24.830-0400] {dag.py:3096} INFO - Sync 1 DAGs
[2025-04-02T16:52:24.836-0400] {logging_mixin.py:188} INFO - [2025-04-02T16:52:24.836-0400] {dag.py:3954} INFO - Setting next_dagrun for example_xcom to 2021-01-01 00:00:00+00:00, run_after=2021-01-01 00:00:00+00:00
[2025-04-02T16:52:24.843-0400] {processor.py:183} INFO - Processing /Users/prasenjeet.gadhe/Documents/05. Nokia_PoV/Parallel_Test/venv/lib/python3.9/site-packages/airflow/example_dags/example_xcom.py took 0.087 seconds
[2025-04-02T16:53:20.916-0400] {processor.py:161} INFO - Started process (PID=69606) to work on /Users/prasenjeet.gadhe/Documents/05. Nokia_PoV/Parallel_Test/venv/lib/python3.9/site-packages/airflow/example_dags/example_xcom.py
[2025-04-02T16:53:20.918-0400] {processor.py:830} INFO - Processing file /Users/prasenjeet.gadhe/Documents/05. Nokia_PoV/Parallel_Test/venv/lib/python3.9/site-packages/airflow/example_dags/example_xcom.py for tasks to queue
[2025-04-02T16:53:20.918-0400] {logging_mixin.py:188} INFO - [2025-04-02T16:53:20.918-0400] {dagbag.py:540} INFO - Filling up the DagBag from /Users/prasenjeet.gadhe/Documents/05. Nokia_PoV/Parallel_Test/venv/lib/python3.9/site-packages/airflow/example_dags/example_xcom.py
[2025-04-02T16:53:20.932-0400] {processor.py:840} INFO - DAG(s) 'example_xcom' retrieved from /Users/prasenjeet.gadhe/Documents/05. Nokia_PoV/Parallel_Test/venv/lib/python3.9/site-packages/airflow/example_dags/example_xcom.py
[2025-04-02T16:53:20.985-0400] {logging_mixin.py:188} INFO - [2025-04-02T16:53:20.985-0400] {dag.py:3096} INFO - Sync 1 DAGs
[2025-04-02T16:53:20.990-0400] {logging_mixin.py:188} INFO - [2025-04-02T16:53:20.990-0400] {dag.py:3954} INFO - Setting next_dagrun for example_xcom to 2021-01-01 00:00:00+00:00, run_after=2021-01-01 00:00:00+00:00
[2025-04-02T16:53:20.997-0400] {processor.py:183} INFO - Processing /Users/prasenjeet.gadhe/Documents/05. Nokia_PoV/Parallel_Test/venv/lib/python3.9/site-packages/airflow/example_dags/example_xcom.py took 0.082 seconds
[2025-04-02T16:54:14.808-0400] {processor.py:161} INFO - Started process (PID=76327) to work on /Users/prasenjeet.gadhe/Documents/05. Nokia_PoV/Parallel_Test/venv/lib/python3.9/site-packages/airflow/example_dags/example_xcom.py
[2025-04-02T16:54:14.810-0400] {processor.py:830} INFO - Processing file /Users/prasenjeet.gadhe/Documents/05. Nokia_PoV/Parallel_Test/venv/lib/python3.9/site-packages/airflow/example_dags/example_xcom.py for tasks to queue
[2025-04-02T16:54:14.810-0400] {logging_mixin.py:188} INFO - [2025-04-02T16:54:14.810-0400] {dagbag.py:540} INFO - Filling up the DagBag from /Users/prasenjeet.gadhe/Documents/05. Nokia_PoV/Parallel_Test/venv/lib/python3.9/site-packages/airflow/example_dags/example_xcom.py
[2025-04-02T16:54:14.824-0400] {processor.py:840} INFO - DAG(s) 'example_xcom' retrieved from /Users/prasenjeet.gadhe/Documents/05. Nokia_PoV/Parallel_Test/venv/lib/python3.9/site-packages/airflow/example_dags/example_xcom.py
[2025-04-02T16:54:14.877-0400] {logging_mixin.py:188} INFO - [2025-04-02T16:54:14.877-0400] {dag.py:3096} INFO - Sync 1 DAGs
[2025-04-02T16:54:14.883-0400] {logging_mixin.py:188} INFO - [2025-04-02T16:54:14.883-0400] {dag.py:3954} INFO - Setting next_dagrun for example_xcom to 2021-01-01 00:00:00+00:00, run_after=2021-01-01 00:00:00+00:00
[2025-04-02T16:54:14.889-0400] {processor.py:183} INFO - Processing /Users/prasenjeet.gadhe/Documents/05. Nokia_PoV/Parallel_Test/venv/lib/python3.9/site-packages/airflow/example_dags/example_xcom.py took 0.082 seconds
[2025-04-02T16:55:11.609-0400] {processor.py:161} INFO - Started process (PID=83304) to work on /Users/prasenjeet.gadhe/Documents/05. Nokia_PoV/Parallel_Test/venv/lib/python3.9/site-packages/airflow/example_dags/example_xcom.py
[2025-04-02T16:55:11.611-0400] {processor.py:830} INFO - Processing file /Users/prasenjeet.gadhe/Documents/05. Nokia_PoV/Parallel_Test/venv/lib/python3.9/site-packages/airflow/example_dags/example_xcom.py for tasks to queue
[2025-04-02T16:55:11.611-0400] {logging_mixin.py:188} INFO - [2025-04-02T16:55:11.611-0400] {dagbag.py:540} INFO - Filling up the DagBag from /Users/prasenjeet.gadhe/Documents/05. Nokia_PoV/Parallel_Test/venv/lib/python3.9/site-packages/airflow/example_dags/example_xcom.py
[2025-04-02T16:55:11.625-0400] {processor.py:840} INFO - DAG(s) 'example_xcom' retrieved from /Users/prasenjeet.gadhe/Documents/05. Nokia_PoV/Parallel_Test/venv/lib/python3.9/site-packages/airflow/example_dags/example_xcom.py
[2025-04-02T16:55:11.681-0400] {logging_mixin.py:188} INFO - [2025-04-02T16:55:11.681-0400] {dag.py:3096} INFO - Sync 1 DAGs
[2025-04-02T16:55:11.687-0400] {logging_mixin.py:188} INFO - [2025-04-02T16:55:11.687-0400] {dag.py:3954} INFO - Setting next_dagrun for example_xcom to 2021-01-01 00:00:00+00:00, run_after=2021-01-01 00:00:00+00:00
[2025-04-02T16:55:11.694-0400] {processor.py:183} INFO - Processing /Users/prasenjeet.gadhe/Documents/05. Nokia_PoV/Parallel_Test/venv/lib/python3.9/site-packages/airflow/example_dags/example_xcom.py took 0.085 seconds
[2025-04-02T16:56:10.498-0400] {processor.py:161} INFO - Started process (PID=90663) to work on /Users/prasenjeet.gadhe/Documents/05. Nokia_PoV/Parallel_Test/venv/lib/python3.9/site-packages/airflow/example_dags/example_xcom.py
[2025-04-02T16:56:10.499-0400] {processor.py:830} INFO - Processing file /Users/prasenjeet.gadhe/Documents/05. Nokia_PoV/Parallel_Test/venv/lib/python3.9/site-packages/airflow/example_dags/example_xcom.py for tasks to queue
[2025-04-02T16:56:10.499-0400] {logging_mixin.py:188} INFO - [2025-04-02T16:56:10.499-0400] {dagbag.py:540} INFO - Filling up the DagBag from /Users/prasenjeet.gadhe/Documents/05. Nokia_PoV/Parallel_Test/venv/lib/python3.9/site-packages/airflow/example_dags/example_xcom.py
[2025-04-02T16:56:10.515-0400] {processor.py:840} INFO - DAG(s) 'example_xcom' retrieved from /Users/prasenjeet.gadhe/Documents/05. Nokia_PoV/Parallel_Test/venv/lib/python3.9/site-packages/airflow/example_dags/example_xcom.py
[2025-04-02T16:56:10.572-0400] {logging_mixin.py:188} INFO - [2025-04-02T16:56:10.572-0400] {dag.py:3096} INFO - Sync 1 DAGs
[2025-04-02T16:56:10.577-0400] {logging_mixin.py:188} INFO - [2025-04-02T16:56:10.577-0400] {dag.py:3954} INFO - Setting next_dagrun for example_xcom to 2021-01-01 00:00:00+00:00, run_after=2021-01-01 00:00:00+00:00
[2025-04-02T16:56:10.583-0400] {processor.py:183} INFO - Processing /Users/prasenjeet.gadhe/Documents/05. Nokia_PoV/Parallel_Test/venv/lib/python3.9/site-packages/airflow/example_dags/example_xcom.py took 0.087 seconds
[2025-04-02T16:57:07.712-0400] {processor.py:161} INFO - Started process (PID=97729) to work on /Users/prasenjeet.gadhe/Documents/05. Nokia_PoV/Parallel_Test/venv/lib/python3.9/site-packages/airflow/example_dags/example_xcom.py
[2025-04-02T16:57:07.713-0400] {processor.py:830} INFO - Processing file /Users/prasenjeet.gadhe/Documents/05. Nokia_PoV/Parallel_Test/venv/lib/python3.9/site-packages/airflow/example_dags/example_xcom.py for tasks to queue
[2025-04-02T16:57:07.714-0400] {logging_mixin.py:188} INFO - [2025-04-02T16:57:07.714-0400] {dagbag.py:540} INFO - Filling up the DagBag from /Users/prasenjeet.gadhe/Documents/05. Nokia_PoV/Parallel_Test/venv/lib/python3.9/site-packages/airflow/example_dags/example_xcom.py
[2025-04-02T16:57:07.728-0400] {processor.py:840} INFO - DAG(s) 'example_xcom' retrieved from /Users/prasenjeet.gadhe/Documents/05. Nokia_PoV/Parallel_Test/venv/lib/python3.9/site-packages/airflow/example_dags/example_xcom.py
[2025-04-02T16:57:07.784-0400] {logging_mixin.py:188} INFO - [2025-04-02T16:57:07.784-0400] {dag.py:3096} INFO - Sync 1 DAGs
[2025-04-02T16:57:07.789-0400] {logging_mixin.py:188} INFO - [2025-04-02T16:57:07.789-0400] {dag.py:3954} INFO - Setting next_dagrun for example_xcom to 2021-01-01 00:00:00+00:00, run_after=2021-01-01 00:00:00+00:00
[2025-04-02T16:57:07.795-0400] {processor.py:183} INFO - Processing /Users/prasenjeet.gadhe/Documents/05. Nokia_PoV/Parallel_Test/venv/lib/python3.9/site-packages/airflow/example_dags/example_xcom.py took 0.084 seconds
[2025-04-02T16:58:03.992-0400] {processor.py:161} INFO - Started process (PID=4966) to work on /Users/prasenjeet.gadhe/Documents/05. Nokia_PoV/Parallel_Test/venv/lib/python3.9/site-packages/airflow/example_dags/example_xcom.py
[2025-04-02T16:58:03.993-0400] {processor.py:830} INFO - Processing file /Users/prasenjeet.gadhe/Documents/05. Nokia_PoV/Parallel_Test/venv/lib/python3.9/site-packages/airflow/example_dags/example_xcom.py for tasks to queue
[2025-04-02T16:58:03.994-0400] {logging_mixin.py:188} INFO - [2025-04-02T16:58:03.994-0400] {dagbag.py:540} INFO - Filling up the DagBag from /Users/prasenjeet.gadhe/Documents/05. Nokia_PoV/Parallel_Test/venv/lib/python3.9/site-packages/airflow/example_dags/example_xcom.py
[2025-04-02T16:58:04.009-0400] {processor.py:840} INFO - DAG(s) 'example_xcom' retrieved from /Users/prasenjeet.gadhe/Documents/05. Nokia_PoV/Parallel_Test/venv/lib/python3.9/site-packages/airflow/example_dags/example_xcom.py
[2025-04-02T16:58:04.066-0400] {logging_mixin.py:188} INFO - [2025-04-02T16:58:04.066-0400] {dag.py:3096} INFO - Sync 1 DAGs
[2025-04-02T16:58:04.072-0400] {logging_mixin.py:188} INFO - [2025-04-02T16:58:04.072-0400] {dag.py:3954} INFO - Setting next_dagrun for example_xcom to 2021-01-01 00:00:00+00:00, run_after=2021-01-01 00:00:00+00:00
[2025-04-02T16:58:04.078-0400] {processor.py:183} INFO - Processing /Users/prasenjeet.gadhe/Documents/05. Nokia_PoV/Parallel_Test/venv/lib/python3.9/site-packages/airflow/example_dags/example_xcom.py took 0.087 seconds
[2025-04-02T16:58:59.852-0400] {processor.py:161} INFO - Started process (PID=11785) to work on /Users/prasenjeet.gadhe/Documents/05. Nokia_PoV/Parallel_Test/venv/lib/python3.9/site-packages/airflow/example_dags/example_xcom.py
[2025-04-02T16:58:59.853-0400] {processor.py:830} INFO - Processing file /Users/prasenjeet.gadhe/Documents/05. Nokia_PoV/Parallel_Test/venv/lib/python3.9/site-packages/airflow/example_dags/example_xcom.py for tasks to queue
[2025-04-02T16:58:59.853-0400] {logging_mixin.py:188} INFO - [2025-04-02T16:58:59.853-0400] {dagbag.py:540} INFO - Filling up the DagBag from /Users/prasenjeet.gadhe/Documents/05. Nokia_PoV/Parallel_Test/venv/lib/python3.9/site-packages/airflow/example_dags/example_xcom.py
[2025-04-02T16:58:59.868-0400] {processor.py:840} INFO - DAG(s) 'example_xcom' retrieved from /Users/prasenjeet.gadhe/Documents/05. Nokia_PoV/Parallel_Test/venv/lib/python3.9/site-packages/airflow/example_dags/example_xcom.py
[2025-04-02T16:58:59.923-0400] {logging_mixin.py:188} INFO - [2025-04-02T16:58:59.923-0400] {dag.py:3096} INFO - Sync 1 DAGs
[2025-04-02T16:58:59.929-0400] {logging_mixin.py:188} INFO - [2025-04-02T16:58:59.929-0400] {dag.py:3954} INFO - Setting next_dagrun for example_xcom to 2021-01-01 00:00:00+00:00, run_after=2021-01-01 00:00:00+00:00
[2025-04-02T16:58:59.935-0400] {processor.py:183} INFO - Processing /Users/prasenjeet.gadhe/Documents/05. Nokia_PoV/Parallel_Test/venv/lib/python3.9/site-packages/airflow/example_dags/example_xcom.py took 0.085 seconds
[2025-04-02T16:59:55.920-0400] {processor.py:161} INFO - Started process (PID=18683) to work on /Users/prasenjeet.gadhe/Documents/05. Nokia_PoV/Parallel_Test/venv/lib/python3.9/site-packages/airflow/example_dags/example_xcom.py
[2025-04-02T16:59:55.922-0400] {processor.py:830} INFO - Processing file /Users/prasenjeet.gadhe/Documents/05. Nokia_PoV/Parallel_Test/venv/lib/python3.9/site-packages/airflow/example_dags/example_xcom.py for tasks to queue
[2025-04-02T16:59:55.922-0400] {logging_mixin.py:188} INFO - [2025-04-02T16:59:55.922-0400] {dagbag.py:540} INFO - Filling up the DagBag from /Users/prasenjeet.gadhe/Documents/05. Nokia_PoV/Parallel_Test/venv/lib/python3.9/site-packages/airflow/example_dags/example_xcom.py
[2025-04-02T16:59:55.938-0400] {processor.py:840} INFO - DAG(s) 'example_xcom' retrieved from /Users/prasenjeet.gadhe/Documents/05. Nokia_PoV/Parallel_Test/venv/lib/python3.9/site-packages/airflow/example_dags/example_xcom.py
[2025-04-02T16:59:55.996-0400] {logging_mixin.py:188} INFO - [2025-04-02T16:59:55.996-0400] {dag.py:3096} INFO - Sync 1 DAGs
[2025-04-02T16:59:56.002-0400] {logging_mixin.py:188} INFO - [2025-04-02T16:59:56.002-0400] {dag.py:3954} INFO - Setting next_dagrun for example_xcom to 2021-01-01 00:00:00+00:00, run_after=2021-01-01 00:00:00+00:00
[2025-04-02T16:59:56.008-0400] {processor.py:183} INFO - Processing /Users/prasenjeet.gadhe/Documents/05. Nokia_PoV/Parallel_Test/venv/lib/python3.9/site-packages/airflow/example_dags/example_xcom.py took 0.089 seconds
[2025-04-02T17:00:51.370-0400] {processor.py:161} INFO - Started process (PID=25482) to work on /Users/prasenjeet.gadhe/Documents/05. Nokia_PoV/Parallel_Test/venv/lib/python3.9/site-packages/airflow/example_dags/example_xcom.py
[2025-04-02T17:00:51.372-0400] {processor.py:830} INFO - Processing file /Users/prasenjeet.gadhe/Documents/05. Nokia_PoV/Parallel_Test/venv/lib/python3.9/site-packages/airflow/example_dags/example_xcom.py for tasks to queue
[2025-04-02T17:00:51.372-0400] {logging_mixin.py:188} INFO - [2025-04-02T17:00:51.372-0400] {dagbag.py:540} INFO - Filling up the DagBag from /Users/prasenjeet.gadhe/Documents/05. Nokia_PoV/Parallel_Test/venv/lib/python3.9/site-packages/airflow/example_dags/example_xcom.py
[2025-04-02T17:00:51.387-0400] {processor.py:840} INFO - DAG(s) 'example_xcom' retrieved from /Users/prasenjeet.gadhe/Documents/05. Nokia_PoV/Parallel_Test/venv/lib/python3.9/site-packages/airflow/example_dags/example_xcom.py
[2025-04-02T17:00:51.439-0400] {logging_mixin.py:188} INFO - [2025-04-02T17:00:51.439-0400] {dag.py:3096} INFO - Sync 1 DAGs
[2025-04-02T17:00:51.445-0400] {logging_mixin.py:188} INFO - [2025-04-02T17:00:51.445-0400] {dag.py:3954} INFO - Setting next_dagrun for example_xcom to 2021-01-01 00:00:00+00:00, run_after=2021-01-01 00:00:00+00:00
[2025-04-02T17:00:51.451-0400] {processor.py:183} INFO - Processing /Users/prasenjeet.gadhe/Documents/05. Nokia_PoV/Parallel_Test/venv/lib/python3.9/site-packages/airflow/example_dags/example_xcom.py took 0.082 seconds
[2025-04-02T17:01:46.976-0400] {processor.py:161} INFO - Started process (PID=32262) to work on /Users/prasenjeet.gadhe/Documents/05. Nokia_PoV/Parallel_Test/venv/lib/python3.9/site-packages/airflow/example_dags/example_xcom.py
[2025-04-02T17:01:46.978-0400] {processor.py:830} INFO - Processing file /Users/prasenjeet.gadhe/Documents/05. Nokia_PoV/Parallel_Test/venv/lib/python3.9/site-packages/airflow/example_dags/example_xcom.py for tasks to queue
[2025-04-02T17:01:46.978-0400] {logging_mixin.py:188} INFO - [2025-04-02T17:01:46.978-0400] {dagbag.py:540} INFO - Filling up the DagBag from /Users/prasenjeet.gadhe/Documents/05. Nokia_PoV/Parallel_Test/venv/lib/python3.9/site-packages/airflow/example_dags/example_xcom.py
[2025-04-02T17:01:46.992-0400] {processor.py:840} INFO - DAG(s) 'example_xcom' retrieved from /Users/prasenjeet.gadhe/Documents/05. Nokia_PoV/Parallel_Test/venv/lib/python3.9/site-packages/airflow/example_dags/example_xcom.py
[2025-04-02T17:01:47.046-0400] {logging_mixin.py:188} INFO - [2025-04-02T17:01:47.046-0400] {dag.py:3096} INFO - Sync 1 DAGs
[2025-04-02T17:01:47.051-0400] {logging_mixin.py:188} INFO - [2025-04-02T17:01:47.051-0400] {dag.py:3954} INFO - Setting next_dagrun for example_xcom to 2021-01-01 00:00:00+00:00, run_after=2021-01-01 00:00:00+00:00
[2025-04-02T17:01:47.057-0400] {processor.py:183} INFO - Processing /Users/prasenjeet.gadhe/Documents/05. Nokia_PoV/Parallel_Test/venv/lib/python3.9/site-packages/airflow/example_dags/example_xcom.py took 0.083 seconds
[2025-04-02T17:02:45.421-0400] {processor.py:161} INFO - Started process (PID=39465) to work on /Users/prasenjeet.gadhe/Documents/05. Nokia_PoV/Parallel_Test/venv/lib/python3.9/site-packages/airflow/example_dags/example_xcom.py
[2025-04-02T17:02:45.423-0400] {processor.py:830} INFO - Processing file /Users/prasenjeet.gadhe/Documents/05. Nokia_PoV/Parallel_Test/venv/lib/python3.9/site-packages/airflow/example_dags/example_xcom.py for tasks to queue
[2025-04-02T17:02:45.423-0400] {logging_mixin.py:188} INFO - [2025-04-02T17:02:45.423-0400] {dagbag.py:540} INFO - Filling up the DagBag from /Users/prasenjeet.gadhe/Documents/05. Nokia_PoV/Parallel_Test/venv/lib/python3.9/site-packages/airflow/example_dags/example_xcom.py
[2025-04-02T17:02:45.439-0400] {processor.py:840} INFO - DAG(s) 'example_xcom' retrieved from /Users/prasenjeet.gadhe/Documents/05. Nokia_PoV/Parallel_Test/venv/lib/python3.9/site-packages/airflow/example_dags/example_xcom.py
[2025-04-02T17:02:45.495-0400] {logging_mixin.py:188} INFO - [2025-04-02T17:02:45.495-0400] {dag.py:3096} INFO - Sync 1 DAGs
[2025-04-02T17:02:45.501-0400] {logging_mixin.py:188} INFO - [2025-04-02T17:02:45.501-0400] {dag.py:3954} INFO - Setting next_dagrun for example_xcom to 2021-01-01 00:00:00+00:00, run_after=2021-01-01 00:00:00+00:00
[2025-04-02T17:02:45.507-0400] {processor.py:183} INFO - Processing /Users/prasenjeet.gadhe/Documents/05. Nokia_PoV/Parallel_Test/venv/lib/python3.9/site-packages/airflow/example_dags/example_xcom.py took 0.088 seconds
[2025-04-02T17:03:39.251-0400] {processor.py:161} INFO - Started process (PID=46118) to work on /Users/prasenjeet.gadhe/Documents/05. Nokia_PoV/Parallel_Test/venv/lib/python3.9/site-packages/airflow/example_dags/example_xcom.py
[2025-04-02T17:03:39.252-0400] {processor.py:830} INFO - Processing file /Users/prasenjeet.gadhe/Documents/05. Nokia_PoV/Parallel_Test/venv/lib/python3.9/site-packages/airflow/example_dags/example_xcom.py for tasks to queue
[2025-04-02T17:03:39.253-0400] {logging_mixin.py:188} INFO - [2025-04-02T17:03:39.253-0400] {dagbag.py:540} INFO - Filling up the DagBag from /Users/prasenjeet.gadhe/Documents/05. Nokia_PoV/Parallel_Test/venv/lib/python3.9/site-packages/airflow/example_dags/example_xcom.py
[2025-04-02T17:03:39.267-0400] {processor.py:840} INFO - DAG(s) 'example_xcom' retrieved from /Users/prasenjeet.gadhe/Documents/05. Nokia_PoV/Parallel_Test/venv/lib/python3.9/site-packages/airflow/example_dags/example_xcom.py
[2025-04-02T17:03:39.325-0400] {logging_mixin.py:188} INFO - [2025-04-02T17:03:39.325-0400] {dag.py:3096} INFO - Sync 1 DAGs
[2025-04-02T17:03:39.331-0400] {logging_mixin.py:188} INFO - [2025-04-02T17:03:39.331-0400] {dag.py:3954} INFO - Setting next_dagrun for example_xcom to 2021-01-01 00:00:00+00:00, run_after=2021-01-01 00:00:00+00:00
[2025-04-02T17:03:39.338-0400] {processor.py:183} INFO - Processing /Users/prasenjeet.gadhe/Documents/05. Nokia_PoV/Parallel_Test/venv/lib/python3.9/site-packages/airflow/example_dags/example_xcom.py took 0.088 seconds
[2025-04-02T17:04:35.805-0400] {processor.py:161} INFO - Started process (PID=53011) to work on /Users/prasenjeet.gadhe/Documents/05. Nokia_PoV/Parallel_Test/venv/lib/python3.9/site-packages/airflow/example_dags/example_xcom.py
[2025-04-02T17:04:35.807-0400] {processor.py:830} INFO - Processing file /Users/prasenjeet.gadhe/Documents/05. Nokia_PoV/Parallel_Test/venv/lib/python3.9/site-packages/airflow/example_dags/example_xcom.py for tasks to queue
[2025-04-02T17:04:35.807-0400] {logging_mixin.py:188} INFO - [2025-04-02T17:04:35.807-0400] {dagbag.py:540} INFO - Filling up the DagBag from /Users/prasenjeet.gadhe/Documents/05. Nokia_PoV/Parallel_Test/venv/lib/python3.9/site-packages/airflow/example_dags/example_xcom.py
[2025-04-02T17:04:35.822-0400] {processor.py:840} INFO - DAG(s) 'example_xcom' retrieved from /Users/prasenjeet.gadhe/Documents/05. Nokia_PoV/Parallel_Test/venv/lib/python3.9/site-packages/airflow/example_dags/example_xcom.py
[2025-04-02T17:04:35.880-0400] {logging_mixin.py:188} INFO - [2025-04-02T17:04:35.880-0400] {dag.py:3096} INFO - Sync 1 DAGs
[2025-04-02T17:04:35.886-0400] {logging_mixin.py:188} INFO - [2025-04-02T17:04:35.885-0400] {dag.py:3954} INFO - Setting next_dagrun for example_xcom to 2021-01-01 00:00:00+00:00, run_after=2021-01-01 00:00:00+00:00
[2025-04-02T17:04:35.892-0400] {processor.py:183} INFO - Processing /Users/prasenjeet.gadhe/Documents/05. Nokia_PoV/Parallel_Test/venv/lib/python3.9/site-packages/airflow/example_dags/example_xcom.py took 0.087 seconds
[2025-04-02T17:05:30.427-0400] {processor.py:161} INFO - Started process (PID=59736) to work on /Users/prasenjeet.gadhe/Documents/05. Nokia_PoV/Parallel_Test/venv/lib/python3.9/site-packages/airflow/example_dags/example_xcom.py
[2025-04-02T17:05:30.430-0400] {processor.py:830} INFO - Processing file /Users/prasenjeet.gadhe/Documents/05. Nokia_PoV/Parallel_Test/venv/lib/python3.9/site-packages/airflow/example_dags/example_xcom.py for tasks to queue
[2025-04-02T17:05:30.430-0400] {logging_mixin.py:188} INFO - [2025-04-02T17:05:30.430-0400] {dagbag.py:540} INFO - Filling up the DagBag from /Users/prasenjeet.gadhe/Documents/05. Nokia_PoV/Parallel_Test/venv/lib/python3.9/site-packages/airflow/example_dags/example_xcom.py
[2025-04-02T17:05:30.447-0400] {processor.py:840} INFO - DAG(s) 'example_xcom' retrieved from /Users/prasenjeet.gadhe/Documents/05. Nokia_PoV/Parallel_Test/venv/lib/python3.9/site-packages/airflow/example_dags/example_xcom.py
[2025-04-02T17:05:30.506-0400] {logging_mixin.py:188} INFO - [2025-04-02T17:05:30.506-0400] {dag.py:3096} INFO - Sync 1 DAGs
[2025-04-02T17:05:30.512-0400] {logging_mixin.py:188} INFO - [2025-04-02T17:05:30.512-0400] {dag.py:3954} INFO - Setting next_dagrun for example_xcom to 2021-01-01 00:00:00+00:00, run_after=2021-01-01 00:00:00+00:00
[2025-04-02T17:05:30.518-0400] {processor.py:183} INFO - Processing /Users/prasenjeet.gadhe/Documents/05. Nokia_PoV/Parallel_Test/venv/lib/python3.9/site-packages/airflow/example_dags/example_xcom.py took 0.092 seconds
[2025-04-02T17:06:24.517-0400] {processor.py:161} INFO - Started process (PID=66396) to work on /Users/prasenjeet.gadhe/Documents/05. Nokia_PoV/Parallel_Test/venv/lib/python3.9/site-packages/airflow/example_dags/example_xcom.py
[2025-04-02T17:06:24.518-0400] {processor.py:830} INFO - Processing file /Users/prasenjeet.gadhe/Documents/05. Nokia_PoV/Parallel_Test/venv/lib/python3.9/site-packages/airflow/example_dags/example_xcom.py for tasks to queue
[2025-04-02T17:06:24.518-0400] {logging_mixin.py:188} INFO - [2025-04-02T17:06:24.518-0400] {dagbag.py:540} INFO - Filling up the DagBag from /Users/prasenjeet.gadhe/Documents/05. Nokia_PoV/Parallel_Test/venv/lib/python3.9/site-packages/airflow/example_dags/example_xcom.py
[2025-04-02T17:06:24.533-0400] {processor.py:840} INFO - DAG(s) 'example_xcom' retrieved from /Users/prasenjeet.gadhe/Documents/05. Nokia_PoV/Parallel_Test/venv/lib/python3.9/site-packages/airflow/example_dags/example_xcom.py
[2025-04-02T17:06:24.586-0400] {logging_mixin.py:188} INFO - [2025-04-02T17:06:24.586-0400] {dag.py:3096} INFO - Sync 1 DAGs
[2025-04-02T17:06:24.592-0400] {logging_mixin.py:188} INFO - [2025-04-02T17:06:24.592-0400] {dag.py:3954} INFO - Setting next_dagrun for example_xcom to 2021-01-01 00:00:00+00:00, run_after=2021-01-01 00:00:00+00:00
[2025-04-02T17:06:24.598-0400] {processor.py:183} INFO - Processing /Users/prasenjeet.gadhe/Documents/05. Nokia_PoV/Parallel_Test/venv/lib/python3.9/site-packages/airflow/example_dags/example_xcom.py took 0.082 seconds
[2025-04-02T17:07:21.510-0400] {processor.py:161} INFO - Started process (PID=73457) to work on /Users/prasenjeet.gadhe/Documents/05. Nokia_PoV/Parallel_Test/venv/lib/python3.9/site-packages/airflow/example_dags/example_xcom.py
[2025-04-02T17:07:21.512-0400] {processor.py:830} INFO - Processing file /Users/prasenjeet.gadhe/Documents/05. Nokia_PoV/Parallel_Test/venv/lib/python3.9/site-packages/airflow/example_dags/example_xcom.py for tasks to queue
[2025-04-02T17:07:21.512-0400] {logging_mixin.py:188} INFO - [2025-04-02T17:07:21.512-0400] {dagbag.py:540} INFO - Filling up the DagBag from /Users/prasenjeet.gadhe/Documents/05. Nokia_PoV/Parallel_Test/venv/lib/python3.9/site-packages/airflow/example_dags/example_xcom.py
[2025-04-02T17:07:21.527-0400] {processor.py:840} INFO - DAG(s) 'example_xcom' retrieved from /Users/prasenjeet.gadhe/Documents/05. Nokia_PoV/Parallel_Test/venv/lib/python3.9/site-packages/airflow/example_dags/example_xcom.py
[2025-04-02T17:07:21.584-0400] {logging_mixin.py:188} INFO - [2025-04-02T17:07:21.584-0400] {dag.py:3096} INFO - Sync 1 DAGs
[2025-04-02T17:07:21.590-0400] {logging_mixin.py:188} INFO - [2025-04-02T17:07:21.590-0400] {dag.py:3954} INFO - Setting next_dagrun for example_xcom to 2021-01-01 00:00:00+00:00, run_after=2021-01-01 00:00:00+00:00
[2025-04-02T17:07:21.596-0400] {processor.py:183} INFO - Processing /Users/prasenjeet.gadhe/Documents/05. Nokia_PoV/Parallel_Test/venv/lib/python3.9/site-packages/airflow/example_dags/example_xcom.py took 0.087 seconds
[2025-04-02T17:08:18.303-0400] {processor.py:161} INFO - Started process (PID=80474) to work on /Users/prasenjeet.gadhe/Documents/05. Nokia_PoV/Parallel_Test/venv/lib/python3.9/site-packages/airflow/example_dags/example_xcom.py
[2025-04-02T17:08:18.305-0400] {processor.py:830} INFO - Processing file /Users/prasenjeet.gadhe/Documents/05. Nokia_PoV/Parallel_Test/venv/lib/python3.9/site-packages/airflow/example_dags/example_xcom.py for tasks to queue
[2025-04-02T17:08:18.305-0400] {logging_mixin.py:188} INFO - [2025-04-02T17:08:18.305-0400] {dagbag.py:540} INFO - Filling up the DagBag from /Users/prasenjeet.gadhe/Documents/05. Nokia_PoV/Parallel_Test/venv/lib/python3.9/site-packages/airflow/example_dags/example_xcom.py
[2025-04-02T17:08:18.320-0400] {processor.py:840} INFO - DAG(s) 'example_xcom' retrieved from /Users/prasenjeet.gadhe/Documents/05. Nokia_PoV/Parallel_Test/venv/lib/python3.9/site-packages/airflow/example_dags/example_xcom.py
[2025-04-02T17:08:18.374-0400] {logging_mixin.py:188} INFO - [2025-04-02T17:08:18.374-0400] {dag.py:3096} INFO - Sync 1 DAGs
[2025-04-02T17:08:18.380-0400] {logging_mixin.py:188} INFO - [2025-04-02T17:08:18.380-0400] {dag.py:3954} INFO - Setting next_dagrun for example_xcom to 2021-01-01 00:00:00+00:00, run_after=2021-01-01 00:00:00+00:00
[2025-04-02T17:08:18.386-0400] {processor.py:183} INFO - Processing /Users/prasenjeet.gadhe/Documents/05. Nokia_PoV/Parallel_Test/venv/lib/python3.9/site-packages/airflow/example_dags/example_xcom.py took 0.084 seconds
[2025-04-02T17:09:16.326-0400] {processor.py:161} INFO - Started process (PID=87629) to work on /Users/prasenjeet.gadhe/Documents/05. Nokia_PoV/Parallel_Test/venv/lib/python3.9/site-packages/airflow/example_dags/example_xcom.py
[2025-04-02T17:09:16.327-0400] {processor.py:830} INFO - Processing file /Users/prasenjeet.gadhe/Documents/05. Nokia_PoV/Parallel_Test/venv/lib/python3.9/site-packages/airflow/example_dags/example_xcom.py for tasks to queue
[2025-04-02T17:09:16.327-0400] {logging_mixin.py:188} INFO - [2025-04-02T17:09:16.327-0400] {dagbag.py:540} INFO - Filling up the DagBag from /Users/prasenjeet.gadhe/Documents/05. Nokia_PoV/Parallel_Test/venv/lib/python3.9/site-packages/airflow/example_dags/example_xcom.py
[2025-04-02T17:09:16.342-0400] {processor.py:840} INFO - DAG(s) 'example_xcom' retrieved from /Users/prasenjeet.gadhe/Documents/05. Nokia_PoV/Parallel_Test/venv/lib/python3.9/site-packages/airflow/example_dags/example_xcom.py
[2025-04-02T17:09:16.400-0400] {logging_mixin.py:188} INFO - [2025-04-02T17:09:16.400-0400] {dag.py:3096} INFO - Sync 1 DAGs
[2025-04-02T17:09:16.406-0400] {logging_mixin.py:188} INFO - [2025-04-02T17:09:16.406-0400] {dag.py:3954} INFO - Setting next_dagrun for example_xcom to 2021-01-01 00:00:00+00:00, run_after=2021-01-01 00:00:00+00:00
[2025-04-02T17:09:16.413-0400] {processor.py:183} INFO - Processing /Users/prasenjeet.gadhe/Documents/05. Nokia_PoV/Parallel_Test/venv/lib/python3.9/site-packages/airflow/example_dags/example_xcom.py took 0.088 seconds
[2025-04-02T17:10:16.036-0400] {processor.py:161} INFO - Started process (PID=94970) to work on /Users/prasenjeet.gadhe/Documents/05. Nokia_PoV/Parallel_Test/venv/lib/python3.9/site-packages/airflow/example_dags/example_xcom.py
[2025-04-02T17:10:16.038-0400] {processor.py:830} INFO - Processing file /Users/prasenjeet.gadhe/Documents/05. Nokia_PoV/Parallel_Test/venv/lib/python3.9/site-packages/airflow/example_dags/example_xcom.py for tasks to queue
[2025-04-02T17:10:16.038-0400] {logging_mixin.py:188} INFO - [2025-04-02T17:10:16.038-0400] {dagbag.py:540} INFO - Filling up the DagBag from /Users/prasenjeet.gadhe/Documents/05. Nokia_PoV/Parallel_Test/venv/lib/python3.9/site-packages/airflow/example_dags/example_xcom.py
[2025-04-02T17:10:16.052-0400] {processor.py:840} INFO - DAG(s) 'example_xcom' retrieved from /Users/prasenjeet.gadhe/Documents/05. Nokia_PoV/Parallel_Test/venv/lib/python3.9/site-packages/airflow/example_dags/example_xcom.py
[2025-04-02T17:10:16.106-0400] {logging_mixin.py:188} INFO - [2025-04-02T17:10:16.106-0400] {dag.py:3096} INFO - Sync 1 DAGs
[2025-04-02T17:10:16.113-0400] {logging_mixin.py:188} INFO - [2025-04-02T17:10:16.112-0400] {dag.py:3954} INFO - Setting next_dagrun for example_xcom to 2021-01-01 00:00:00+00:00, run_after=2021-01-01 00:00:00+00:00
[2025-04-02T17:10:16.119-0400] {processor.py:183} INFO - Processing /Users/prasenjeet.gadhe/Documents/05. Nokia_PoV/Parallel_Test/venv/lib/python3.9/site-packages/airflow/example_dags/example_xcom.py took 0.084 seconds
[2025-04-02T17:11:09.897-0400] {processor.py:161} INFO - Started process (PID=1910) to work on /Users/prasenjeet.gadhe/Documents/05. Nokia_PoV/Parallel_Test/venv/lib/python3.9/site-packages/airflow/example_dags/example_xcom.py
[2025-04-02T17:11:09.900-0400] {processor.py:830} INFO - Processing file /Users/prasenjeet.gadhe/Documents/05. Nokia_PoV/Parallel_Test/venv/lib/python3.9/site-packages/airflow/example_dags/example_xcom.py for tasks to queue
[2025-04-02T17:11:09.900-0400] {logging_mixin.py:188} INFO - [2025-04-02T17:11:09.900-0400] {dagbag.py:540} INFO - Filling up the DagBag from /Users/prasenjeet.gadhe/Documents/05. Nokia_PoV/Parallel_Test/venv/lib/python3.9/site-packages/airflow/example_dags/example_xcom.py
[2025-04-02T17:11:09.914-0400] {processor.py:840} INFO - DAG(s) 'example_xcom' retrieved from /Users/prasenjeet.gadhe/Documents/05. Nokia_PoV/Parallel_Test/venv/lib/python3.9/site-packages/airflow/example_dags/example_xcom.py
[2025-04-02T17:11:09.973-0400] {logging_mixin.py:188} INFO - [2025-04-02T17:11:09.973-0400] {dag.py:3096} INFO - Sync 1 DAGs
[2025-04-02T17:11:09.979-0400] {logging_mixin.py:188} INFO - [2025-04-02T17:11:09.979-0400] {dag.py:3954} INFO - Setting next_dagrun for example_xcom to 2021-01-01 00:00:00+00:00, run_after=2021-01-01 00:00:00+00:00
[2025-04-02T17:11:09.985-0400] {processor.py:183} INFO - Processing /Users/prasenjeet.gadhe/Documents/05. Nokia_PoV/Parallel_Test/venv/lib/python3.9/site-packages/airflow/example_dags/example_xcom.py took 0.089 seconds
[2025-04-02T17:12:06.269-0400] {processor.py:161} INFO - Started process (PID=8898) to work on /Users/prasenjeet.gadhe/Documents/05. Nokia_PoV/Parallel_Test/venv/lib/python3.9/site-packages/airflow/example_dags/example_xcom.py
[2025-04-02T17:12:06.271-0400] {processor.py:830} INFO - Processing file /Users/prasenjeet.gadhe/Documents/05. Nokia_PoV/Parallel_Test/venv/lib/python3.9/site-packages/airflow/example_dags/example_xcom.py for tasks to queue
[2025-04-02T17:12:06.271-0400] {logging_mixin.py:188} INFO - [2025-04-02T17:12:06.271-0400] {dagbag.py:540} INFO - Filling up the DagBag from /Users/prasenjeet.gadhe/Documents/05. Nokia_PoV/Parallel_Test/venv/lib/python3.9/site-packages/airflow/example_dags/example_xcom.py
[2025-04-02T17:12:06.286-0400] {processor.py:840} INFO - DAG(s) 'example_xcom' retrieved from /Users/prasenjeet.gadhe/Documents/05. Nokia_PoV/Parallel_Test/venv/lib/python3.9/site-packages/airflow/example_dags/example_xcom.py
[2025-04-02T17:12:06.345-0400] {logging_mixin.py:188} INFO - [2025-04-02T17:12:06.345-0400] {dag.py:3096} INFO - Sync 1 DAGs
[2025-04-02T17:12:06.351-0400] {logging_mixin.py:188} INFO - [2025-04-02T17:12:06.351-0400] {dag.py:3954} INFO - Setting next_dagrun for example_xcom to 2021-01-01 00:00:00+00:00, run_after=2021-01-01 00:00:00+00:00
[2025-04-02T17:12:06.357-0400] {processor.py:183} INFO - Processing /Users/prasenjeet.gadhe/Documents/05. Nokia_PoV/Parallel_Test/venv/lib/python3.9/site-packages/airflow/example_dags/example_xcom.py took 0.089 seconds
[2025-04-02T17:13:06.059-0400] {processor.py:161} INFO - Started process (PID=16415) to work on /Users/prasenjeet.gadhe/Documents/05. Nokia_PoV/Parallel_Test/venv/lib/python3.9/site-packages/airflow/example_dags/example_xcom.py
[2025-04-02T17:13:06.061-0400] {processor.py:830} INFO - Processing file /Users/prasenjeet.gadhe/Documents/05. Nokia_PoV/Parallel_Test/venv/lib/python3.9/site-packages/airflow/example_dags/example_xcom.py for tasks to queue
[2025-04-02T17:13:06.061-0400] {logging_mixin.py:188} INFO - [2025-04-02T17:13:06.061-0400] {dagbag.py:540} INFO - Filling up the DagBag from /Users/prasenjeet.gadhe/Documents/05. Nokia_PoV/Parallel_Test/venv/lib/python3.9/site-packages/airflow/example_dags/example_xcom.py
[2025-04-02T17:13:06.077-0400] {processor.py:840} INFO - DAG(s) 'example_xcom' retrieved from /Users/prasenjeet.gadhe/Documents/05. Nokia_PoV/Parallel_Test/venv/lib/python3.9/site-packages/airflow/example_dags/example_xcom.py
[2025-04-02T17:13:06.146-0400] {logging_mixin.py:188} INFO - [2025-04-02T17:13:06.146-0400] {dag.py:3096} INFO - Sync 1 DAGs
[2025-04-02T17:13:06.154-0400] {logging_mixin.py:188} INFO - [2025-04-02T17:13:06.154-0400] {dag.py:3954} INFO - Setting next_dagrun for example_xcom to 2021-01-01 00:00:00+00:00, run_after=2021-01-01 00:00:00+00:00
[2025-04-02T17:13:06.161-0400] {processor.py:183} INFO - Processing /Users/prasenjeet.gadhe/Documents/05. Nokia_PoV/Parallel_Test/venv/lib/python3.9/site-packages/airflow/example_dags/example_xcom.py took 0.103 seconds
[2025-04-02T17:26:05.686-0400] {processor.py:161} INFO - Started process (PID=13637) to work on /Users/prasenjeet.gadhe/Documents/05. Nokia_PoV/Parallel_Test/venv/lib/python3.9/site-packages/airflow/example_dags/example_xcom.py
[2025-04-02T17:26:05.687-0400] {processor.py:830} INFO - Processing file /Users/prasenjeet.gadhe/Documents/05. Nokia_PoV/Parallel_Test/venv/lib/python3.9/site-packages/airflow/example_dags/example_xcom.py for tasks to queue
[2025-04-02T17:26:05.688-0400] {logging_mixin.py:188} INFO - [2025-04-02T17:26:05.687-0400] {dagbag.py:540} INFO - Filling up the DagBag from /Users/prasenjeet.gadhe/Documents/05. Nokia_PoV/Parallel_Test/venv/lib/python3.9/site-packages/airflow/example_dags/example_xcom.py
[2025-04-02T17:26:05.703-0400] {processor.py:840} INFO - DAG(s) 'example_xcom' retrieved from /Users/prasenjeet.gadhe/Documents/05. Nokia_PoV/Parallel_Test/venv/lib/python3.9/site-packages/airflow/example_dags/example_xcom.py
[2025-04-02T17:26:05.793-0400] {logging_mixin.py:188} INFO - [2025-04-02T17:26:05.793-0400] {dag.py:3096} INFO - Sync 1 DAGs
[2025-04-02T17:26:05.798-0400] {logging_mixin.py:188} INFO - [2025-04-02T17:26:05.798-0400] {dag.py:3954} INFO - Setting next_dagrun for example_xcom to 2021-01-01 00:00:00+00:00, run_after=2021-01-01 00:00:00+00:00
[2025-04-02T17:26:05.805-0400] {processor.py:183} INFO - Processing /Users/prasenjeet.gadhe/Documents/05. Nokia_PoV/Parallel_Test/venv/lib/python3.9/site-packages/airflow/example_dags/example_xcom.py took 0.120 seconds
