[2025-04-02T16:40:23.130-0400] {processor.py:161} INFO - Started process (PID=72854) to work on /Users/prasenjeet.gadhe/Documents/05. Nokia_PoV/Parallel_Test/venv/lib/python3.9/site-packages/airflow/example_dags/example_branch_day_of_week_operator.py
[2025-04-02T16:40:23.131-0400] {processor.py:830} INFO - Processing file /Users/prasenjeet.gadhe/Documents/05. Nokia_PoV/Parallel_Test/venv/lib/python3.9/site-packages/airflow/example_dags/example_branch_day_of_week_operator.py for tasks to queue
[2025-04-02T16:40:23.131-0400] {logging_mixin.py:188} INFO - [2025-04-02T16:40:23.131-0400] {dagbag.py:540} INFO - Filling up the DagBag from /Users/prasenjeet.gadhe/Documents/05. Nokia_PoV/Parallel_Test/venv/lib/python3.9/site-packages/airflow/example_dags/example_branch_day_of_week_operator.py
[2025-04-02T16:40:23.138-0400] {processor.py:840} INFO - DAG(s) 'example_weekday_branch_operator' retrieved from /Users/prasenjeet.gadhe/Documents/05. Nokia_PoV/Parallel_Test/venv/lib/python3.9/site-packages/airflow/example_dags/example_branch_day_of_week_operator.py
[2025-04-02T16:40:23.234-0400] {logging_mixin.py:188} INFO - [2025-04-02T16:40:23.233-0400] {override.py:1829} INFO - Created Permission View: can read on DAG:example_weekday_branch_operator
[2025-04-02T16:40:23.236-0400] {logging_mixin.py:188} INFO - [2025-04-02T16:40:23.236-0400] {override.py:1829} INFO - Created Permission View: can edit on DAG:example_weekday_branch_operator
[2025-04-02T16:40:23.238-0400] {logging_mixin.py:188} INFO - [2025-04-02T16:40:23.238-0400] {override.py:1829} INFO - Created Permission View: can delete on DAG:example_weekday_branch_operator
[2025-04-02T16:40:23.238-0400] {logging_mixin.py:188} INFO - [2025-04-02T16:40:23.238-0400] {dag.py:3096} INFO - Sync 1 DAGs
[2025-04-02T16:40:23.243-0400] {logging_mixin.py:188} INFO - [2025-04-02T16:40:23.243-0400] {dag.py:3118} INFO - Creating ORM DAG for example_weekday_branch_operator
[2025-04-02T16:40:23.246-0400] {logging_mixin.py:188} INFO - [2025-04-02T16:40:23.246-0400] {dag.py:3954} INFO - Setting next_dagrun for example_weekday_branch_operator to 2025-04-01 00:00:00+00:00, run_after=2025-04-02 00:00:00+00:00
[2025-04-02T16:40:23.252-0400] {processor.py:183} INFO - Processing /Users/prasenjeet.gadhe/Documents/05. Nokia_PoV/Parallel_Test/venv/lib/python3.9/site-packages/airflow/example_dags/example_branch_day_of_week_operator.py took 0.123 seconds
[2025-04-02T16:42:19.036-0400] {processor.py:161} INFO - Started process (PID=87341) to work on /Users/prasenjeet.gadhe/Documents/05. Nokia_PoV/Parallel_Test/venv/lib/python3.9/site-packages/airflow/example_dags/example_branch_day_of_week_operator.py
[2025-04-02T16:42:19.037-0400] {processor.py:830} INFO - Processing file /Users/prasenjeet.gadhe/Documents/05. Nokia_PoV/Parallel_Test/venv/lib/python3.9/site-packages/airflow/example_dags/example_branch_day_of_week_operator.py for tasks to queue
[2025-04-02T16:42:19.038-0400] {logging_mixin.py:188} INFO - [2025-04-02T16:42:19.038-0400] {dagbag.py:540} INFO - Filling up the DagBag from /Users/prasenjeet.gadhe/Documents/05. Nokia_PoV/Parallel_Test/venv/lib/python3.9/site-packages/airflow/example_dags/example_branch_day_of_week_operator.py
[2025-04-02T16:42:19.044-0400] {processor.py:840} INFO - DAG(s) 'example_weekday_branch_operator' retrieved from /Users/prasenjeet.gadhe/Documents/05. Nokia_PoV/Parallel_Test/venv/lib/python3.9/site-packages/airflow/example_dags/example_branch_day_of_week_operator.py
[2025-04-02T16:42:19.103-0400] {logging_mixin.py:188} INFO - [2025-04-02T16:42:19.103-0400] {dag.py:3096} INFO - Sync 1 DAGs
[2025-04-02T16:42:19.109-0400] {logging_mixin.py:188} INFO - [2025-04-02T16:42:19.109-0400] {dag.py:3954} INFO - Setting next_dagrun for example_weekday_branch_operator to 2025-04-01 00:00:00+00:00, run_after=2025-04-02 00:00:00+00:00
[2025-04-02T16:42:19.115-0400] {processor.py:183} INFO - Processing /Users/prasenjeet.gadhe/Documents/05. Nokia_PoV/Parallel_Test/venv/lib/python3.9/site-packages/airflow/example_dags/example_branch_day_of_week_operator.py took 0.080 seconds
[2025-04-02T16:44:11.095-0400] {processor.py:161} INFO - Started process (PID=1434) to work on /Users/prasenjeet.gadhe/Documents/05. Nokia_PoV/Parallel_Test/venv/lib/python3.9/site-packages/airflow/example_dags/example_branch_day_of_week_operator.py
[2025-04-02T16:44:11.097-0400] {processor.py:830} INFO - Processing file /Users/prasenjeet.gadhe/Documents/05. Nokia_PoV/Parallel_Test/venv/lib/python3.9/site-packages/airflow/example_dags/example_branch_day_of_week_operator.py for tasks to queue
[2025-04-02T16:44:11.098-0400] {logging_mixin.py:188} INFO - [2025-04-02T16:44:11.097-0400] {dagbag.py:540} INFO - Filling up the DagBag from /Users/prasenjeet.gadhe/Documents/05. Nokia_PoV/Parallel_Test/venv/lib/python3.9/site-packages/airflow/example_dags/example_branch_day_of_week_operator.py
[2025-04-02T16:44:11.103-0400] {processor.py:840} INFO - DAG(s) 'example_weekday_branch_operator' retrieved from /Users/prasenjeet.gadhe/Documents/05. Nokia_PoV/Parallel_Test/venv/lib/python3.9/site-packages/airflow/example_dags/example_branch_day_of_week_operator.py
[2025-04-02T16:44:11.160-0400] {logging_mixin.py:188} INFO - [2025-04-02T16:44:11.160-0400] {dag.py:3096} INFO - Sync 1 DAGs
[2025-04-02T16:44:11.166-0400] {logging_mixin.py:188} INFO - [2025-04-02T16:44:11.166-0400] {dag.py:3954} INFO - Setting next_dagrun for example_weekday_branch_operator to 2025-04-01 00:00:00+00:00, run_after=2025-04-02 00:00:00+00:00
[2025-04-02T16:44:11.173-0400] {processor.py:183} INFO - Processing /Users/prasenjeet.gadhe/Documents/05. Nokia_PoV/Parallel_Test/venv/lib/python3.9/site-packages/airflow/example_dags/example_branch_day_of_week_operator.py took 0.078 seconds
[2025-04-02T16:46:45.493-0400] {processor.py:161} INFO - Started process (PID=20693) to work on /Users/prasenjeet.gadhe/Documents/05. Nokia_PoV/Parallel_Test/venv/lib/python3.9/site-packages/airflow/example_dags/example_branch_day_of_week_operator.py
[2025-04-02T16:46:45.496-0400] {processor.py:830} INFO - Processing file /Users/prasenjeet.gadhe/Documents/05. Nokia_PoV/Parallel_Test/venv/lib/python3.9/site-packages/airflow/example_dags/example_branch_day_of_week_operator.py for tasks to queue
[2025-04-02T16:46:45.496-0400] {logging_mixin.py:188} INFO - [2025-04-02T16:46:45.496-0400] {dagbag.py:540} INFO - Filling up the DagBag from /Users/prasenjeet.gadhe/Documents/05. Nokia_PoV/Parallel_Test/venv/lib/python3.9/site-packages/airflow/example_dags/example_branch_day_of_week_operator.py
[2025-04-02T16:46:45.501-0400] {processor.py:840} INFO - DAG(s) 'example_weekday_branch_operator' retrieved from /Users/prasenjeet.gadhe/Documents/05. Nokia_PoV/Parallel_Test/venv/lib/python3.9/site-packages/airflow/example_dags/example_branch_day_of_week_operator.py
[2025-04-02T16:46:45.558-0400] {logging_mixin.py:188} INFO - [2025-04-02T16:46:45.558-0400] {dag.py:3096} INFO - Sync 1 DAGs
[2025-04-02T16:46:45.564-0400] {logging_mixin.py:188} INFO - [2025-04-02T16:46:45.563-0400] {dag.py:3954} INFO - Setting next_dagrun for example_weekday_branch_operator to 2025-04-01 00:00:00+00:00, run_after=2025-04-02 00:00:00+00:00
[2025-04-02T16:46:45.570-0400] {processor.py:183} INFO - Processing /Users/prasenjeet.gadhe/Documents/05. Nokia_PoV/Parallel_Test/venv/lib/python3.9/site-packages/airflow/example_dags/example_branch_day_of_week_operator.py took 0.079 seconds
[2025-04-02T16:48:40.733-0400] {processor.py:161} INFO - Started process (PID=34985) to work on /Users/prasenjeet.gadhe/Documents/05. Nokia_PoV/Parallel_Test/venv/lib/python3.9/site-packages/airflow/example_dags/example_branch_day_of_week_operator.py
[2025-04-02T16:48:40.734-0400] {processor.py:830} INFO - Processing file /Users/prasenjeet.gadhe/Documents/05. Nokia_PoV/Parallel_Test/venv/lib/python3.9/site-packages/airflow/example_dags/example_branch_day_of_week_operator.py for tasks to queue
[2025-04-02T16:48:40.734-0400] {logging_mixin.py:188} INFO - [2025-04-02T16:48:40.734-0400] {dagbag.py:540} INFO - Filling up the DagBag from /Users/prasenjeet.gadhe/Documents/05. Nokia_PoV/Parallel_Test/venv/lib/python3.9/site-packages/airflow/example_dags/example_branch_day_of_week_operator.py
[2025-04-02T16:48:40.740-0400] {processor.py:840} INFO - DAG(s) 'example_weekday_branch_operator' retrieved from /Users/prasenjeet.gadhe/Documents/05. Nokia_PoV/Parallel_Test/venv/lib/python3.9/site-packages/airflow/example_dags/example_branch_day_of_week_operator.py
[2025-04-02T16:48:40.795-0400] {logging_mixin.py:188} INFO - [2025-04-02T16:48:40.795-0400] {dag.py:3096} INFO - Sync 1 DAGs
[2025-04-02T16:48:40.801-0400] {logging_mixin.py:188} INFO - [2025-04-02T16:48:40.801-0400] {dag.py:3954} INFO - Setting next_dagrun for example_weekday_branch_operator to 2025-04-01 00:00:00+00:00, run_after=2025-04-02 00:00:00+00:00
[2025-04-02T16:48:40.807-0400] {processor.py:183} INFO - Processing /Users/prasenjeet.gadhe/Documents/05. Nokia_PoV/Parallel_Test/venv/lib/python3.9/site-packages/airflow/example_dags/example_branch_day_of_week_operator.py took 0.075 seconds
[2025-04-02T16:51:56.678-0400] {processor.py:161} INFO - Started process (PID=59227) to work on /Users/prasenjeet.gadhe/Documents/05. Nokia_PoV/Parallel_Test/venv/lib/python3.9/site-packages/airflow/example_dags/example_branch_day_of_week_operator.py
[2025-04-02T16:51:56.679-0400] {processor.py:830} INFO - Processing file /Users/prasenjeet.gadhe/Documents/05. Nokia_PoV/Parallel_Test/venv/lib/python3.9/site-packages/airflow/example_dags/example_branch_day_of_week_operator.py for tasks to queue
[2025-04-02T16:51:56.680-0400] {logging_mixin.py:188} INFO - [2025-04-02T16:51:56.680-0400] {dagbag.py:540} INFO - Filling up the DagBag from /Users/prasenjeet.gadhe/Documents/05. Nokia_PoV/Parallel_Test/venv/lib/python3.9/site-packages/airflow/example_dags/example_branch_day_of_week_operator.py
[2025-04-02T16:51:56.684-0400] {processor.py:840} INFO - DAG(s) 'example_weekday_branch_operator' retrieved from /Users/prasenjeet.gadhe/Documents/05. Nokia_PoV/Parallel_Test/venv/lib/python3.9/site-packages/airflow/example_dags/example_branch_day_of_week_operator.py
[2025-04-02T16:51:56.737-0400] {logging_mixin.py:188} INFO - [2025-04-02T16:51:56.736-0400] {dag.py:3096} INFO - Sync 1 DAGs
[2025-04-02T16:51:56.742-0400] {logging_mixin.py:188} INFO - [2025-04-02T16:51:56.742-0400] {dag.py:3954} INFO - Setting next_dagrun for example_weekday_branch_operator to 2025-04-01 00:00:00+00:00, run_after=2025-04-02 00:00:00+00:00
[2025-04-02T16:51:56.748-0400] {processor.py:183} INFO - Processing /Users/prasenjeet.gadhe/Documents/05. Nokia_PoV/Parallel_Test/venv/lib/python3.9/site-packages/airflow/example_dags/example_branch_day_of_week_operator.py took 0.071 seconds
[2025-04-02T16:53:47.868-0400] {processor.py:161} INFO - Started process (PID=72927) to work on /Users/prasenjeet.gadhe/Documents/05. Nokia_PoV/Parallel_Test/venv/lib/python3.9/site-packages/airflow/example_dags/example_branch_day_of_week_operator.py
[2025-04-02T16:53:47.870-0400] {processor.py:830} INFO - Processing file /Users/prasenjeet.gadhe/Documents/05. Nokia_PoV/Parallel_Test/venv/lib/python3.9/site-packages/airflow/example_dags/example_branch_day_of_week_operator.py for tasks to queue
[2025-04-02T16:53:47.870-0400] {logging_mixin.py:188} INFO - [2025-04-02T16:53:47.870-0400] {dagbag.py:540} INFO - Filling up the DagBag from /Users/prasenjeet.gadhe/Documents/05. Nokia_PoV/Parallel_Test/venv/lib/python3.9/site-packages/airflow/example_dags/example_branch_day_of_week_operator.py
[2025-04-02T16:53:47.876-0400] {processor.py:840} INFO - DAG(s) 'example_weekday_branch_operator' retrieved from /Users/prasenjeet.gadhe/Documents/05. Nokia_PoV/Parallel_Test/venv/lib/python3.9/site-packages/airflow/example_dags/example_branch_day_of_week_operator.py
[2025-04-02T16:53:47.934-0400] {logging_mixin.py:188} INFO - [2025-04-02T16:53:47.934-0400] {dag.py:3096} INFO - Sync 1 DAGs
[2025-04-02T16:53:47.940-0400] {logging_mixin.py:188} INFO - [2025-04-02T16:53:47.940-0400] {dag.py:3954} INFO - Setting next_dagrun for example_weekday_branch_operator to 2025-04-01 00:00:00+00:00, run_after=2025-04-02 00:00:00+00:00
[2025-04-02T16:53:47.946-0400] {processor.py:183} INFO - Processing /Users/prasenjeet.gadhe/Documents/05. Nokia_PoV/Parallel_Test/venv/lib/python3.9/site-packages/airflow/example_dags/example_branch_day_of_week_operator.py took 0.079 seconds
[2025-04-02T16:55:42.237-0400] {processor.py:161} INFO - Started process (PID=87083) to work on /Users/prasenjeet.gadhe/Documents/05. Nokia_PoV/Parallel_Test/venv/lib/python3.9/site-packages/airflow/example_dags/example_branch_day_of_week_operator.py
[2025-04-02T16:55:42.239-0400] {processor.py:830} INFO - Processing file /Users/prasenjeet.gadhe/Documents/05. Nokia_PoV/Parallel_Test/venv/lib/python3.9/site-packages/airflow/example_dags/example_branch_day_of_week_operator.py for tasks to queue
[2025-04-02T16:55:42.239-0400] {logging_mixin.py:188} INFO - [2025-04-02T16:55:42.239-0400] {dagbag.py:540} INFO - Filling up the DagBag from /Users/prasenjeet.gadhe/Documents/05. Nokia_PoV/Parallel_Test/venv/lib/python3.9/site-packages/airflow/example_dags/example_branch_day_of_week_operator.py
[2025-04-02T16:55:42.245-0400] {processor.py:840} INFO - DAG(s) 'example_weekday_branch_operator' retrieved from /Users/prasenjeet.gadhe/Documents/05. Nokia_PoV/Parallel_Test/venv/lib/python3.9/site-packages/airflow/example_dags/example_branch_day_of_week_operator.py
[2025-04-02T16:55:42.299-0400] {logging_mixin.py:188} INFO - [2025-04-02T16:55:42.299-0400] {dag.py:3096} INFO - Sync 1 DAGs
[2025-04-02T16:55:42.305-0400] {logging_mixin.py:188} INFO - [2025-04-02T16:55:42.305-0400] {dag.py:3954} INFO - Setting next_dagrun for example_weekday_branch_operator to 2025-04-01 00:00:00+00:00, run_after=2025-04-02 00:00:00+00:00
[2025-04-02T16:55:42.311-0400] {processor.py:183} INFO - Processing /Users/prasenjeet.gadhe/Documents/05. Nokia_PoV/Parallel_Test/venv/lib/python3.9/site-packages/airflow/example_dags/example_branch_day_of_week_operator.py took 0.076 seconds
[2025-04-02T16:57:38.337-0400] {processor.py:161} INFO - Started process (PID=1732) to work on /Users/prasenjeet.gadhe/Documents/05. Nokia_PoV/Parallel_Test/venv/lib/python3.9/site-packages/airflow/example_dags/example_branch_day_of_week_operator.py
[2025-04-02T16:57:38.338-0400] {processor.py:830} INFO - Processing file /Users/prasenjeet.gadhe/Documents/05. Nokia_PoV/Parallel_Test/venv/lib/python3.9/site-packages/airflow/example_dags/example_branch_day_of_week_operator.py for tasks to queue
[2025-04-02T16:57:38.338-0400] {logging_mixin.py:188} INFO - [2025-04-02T16:57:38.338-0400] {dagbag.py:540} INFO - Filling up the DagBag from /Users/prasenjeet.gadhe/Documents/05. Nokia_PoV/Parallel_Test/venv/lib/python3.9/site-packages/airflow/example_dags/example_branch_day_of_week_operator.py
[2025-04-02T16:57:38.344-0400] {processor.py:840} INFO - DAG(s) 'example_weekday_branch_operator' retrieved from /Users/prasenjeet.gadhe/Documents/05. Nokia_PoV/Parallel_Test/venv/lib/python3.9/site-packages/airflow/example_dags/example_branch_day_of_week_operator.py
[2025-04-02T16:57:38.396-0400] {logging_mixin.py:188} INFO - [2025-04-02T16:57:38.396-0400] {dag.py:3096} INFO - Sync 1 DAGs
[2025-04-02T16:57:38.402-0400] {logging_mixin.py:188} INFO - [2025-04-02T16:57:38.402-0400] {dag.py:3954} INFO - Setting next_dagrun for example_weekday_branch_operator to 2025-04-01 00:00:00+00:00, run_after=2025-04-02 00:00:00+00:00
[2025-04-02T16:57:38.408-0400] {processor.py:183} INFO - Processing /Users/prasenjeet.gadhe/Documents/05. Nokia_PoV/Parallel_Test/venv/lib/python3.9/site-packages/airflow/example_dags/example_branch_day_of_week_operator.py took 0.073 seconds
[2025-04-02T16:59:27.682-0400] {processor.py:161} INFO - Started process (PID=15229) to work on /Users/prasenjeet.gadhe/Documents/05. Nokia_PoV/Parallel_Test/venv/lib/python3.9/site-packages/airflow/example_dags/example_branch_day_of_week_operator.py
[2025-04-02T16:59:27.684-0400] {processor.py:830} INFO - Processing file /Users/prasenjeet.gadhe/Documents/05. Nokia_PoV/Parallel_Test/venv/lib/python3.9/site-packages/airflow/example_dags/example_branch_day_of_week_operator.py for tasks to queue
[2025-04-02T16:59:27.684-0400] {logging_mixin.py:188} INFO - [2025-04-02T16:59:27.684-0400] {dagbag.py:540} INFO - Filling up the DagBag from /Users/prasenjeet.gadhe/Documents/05. Nokia_PoV/Parallel_Test/venv/lib/python3.9/site-packages/airflow/example_dags/example_branch_day_of_week_operator.py
[2025-04-02T16:59:27.689-0400] {processor.py:840} INFO - DAG(s) 'example_weekday_branch_operator' retrieved from /Users/prasenjeet.gadhe/Documents/05. Nokia_PoV/Parallel_Test/venv/lib/python3.9/site-packages/airflow/example_dags/example_branch_day_of_week_operator.py
[2025-04-02T16:59:27.743-0400] {logging_mixin.py:188} INFO - [2025-04-02T16:59:27.743-0400] {dag.py:3096} INFO - Sync 1 DAGs
[2025-04-02T16:59:27.749-0400] {logging_mixin.py:188} INFO - [2025-04-02T16:59:27.749-0400] {dag.py:3954} INFO - Setting next_dagrun for example_weekday_branch_operator to 2025-04-01 00:00:00+00:00, run_after=2025-04-02 00:00:00+00:00
[2025-04-02T16:59:27.755-0400] {processor.py:183} INFO - Processing /Users/prasenjeet.gadhe/Documents/05. Nokia_PoV/Parallel_Test/venv/lib/python3.9/site-packages/airflow/example_dags/example_branch_day_of_week_operator.py took 0.073 seconds
[2025-04-02T17:01:22.693-0400] {processor.py:161} INFO - Started process (PID=29315) to work on /Users/prasenjeet.gadhe/Documents/05. Nokia_PoV/Parallel_Test/venv/lib/python3.9/site-packages/airflow/example_dags/example_branch_day_of_week_operator.py
[2025-04-02T17:01:22.695-0400] {processor.py:830} INFO - Processing file /Users/prasenjeet.gadhe/Documents/05. Nokia_PoV/Parallel_Test/venv/lib/python3.9/site-packages/airflow/example_dags/example_branch_day_of_week_operator.py for tasks to queue
[2025-04-02T17:01:22.695-0400] {logging_mixin.py:188} INFO - [2025-04-02T17:01:22.695-0400] {dagbag.py:540} INFO - Filling up the DagBag from /Users/prasenjeet.gadhe/Documents/05. Nokia_PoV/Parallel_Test/venv/lib/python3.9/site-packages/airflow/example_dags/example_branch_day_of_week_operator.py
[2025-04-02T17:01:22.700-0400] {processor.py:840} INFO - DAG(s) 'example_weekday_branch_operator' retrieved from /Users/prasenjeet.gadhe/Documents/05. Nokia_PoV/Parallel_Test/venv/lib/python3.9/site-packages/airflow/example_dags/example_branch_day_of_week_operator.py
[2025-04-02T17:01:22.759-0400] {logging_mixin.py:188} INFO - [2025-04-02T17:01:22.758-0400] {dag.py:3096} INFO - Sync 1 DAGs
[2025-04-02T17:01:22.765-0400] {logging_mixin.py:188} INFO - [2025-04-02T17:01:22.765-0400] {dag.py:3954} INFO - Setting next_dagrun for example_weekday_branch_operator to 2025-04-01 00:00:00+00:00, run_after=2025-04-02 00:00:00+00:00
[2025-04-02T17:01:22.771-0400] {processor.py:183} INFO - Processing /Users/prasenjeet.gadhe/Documents/05. Nokia_PoV/Parallel_Test/venv/lib/python3.9/site-packages/airflow/example_dags/example_branch_day_of_week_operator.py took 0.079 seconds
[2025-04-02T17:03:14.668-0400] {processor.py:161} INFO - Started process (PID=43026) to work on /Users/prasenjeet.gadhe/Documents/05. Nokia_PoV/Parallel_Test/venv/lib/python3.9/site-packages/airflow/example_dags/example_branch_day_of_week_operator.py
[2025-04-02T17:03:14.670-0400] {processor.py:830} INFO - Processing file /Users/prasenjeet.gadhe/Documents/05. Nokia_PoV/Parallel_Test/venv/lib/python3.9/site-packages/airflow/example_dags/example_branch_day_of_week_operator.py for tasks to queue
[2025-04-02T17:03:14.670-0400] {logging_mixin.py:188} INFO - [2025-04-02T17:03:14.670-0400] {dagbag.py:540} INFO - Filling up the DagBag from /Users/prasenjeet.gadhe/Documents/05. Nokia_PoV/Parallel_Test/venv/lib/python3.9/site-packages/airflow/example_dags/example_branch_day_of_week_operator.py
[2025-04-02T17:03:14.675-0400] {processor.py:840} INFO - DAG(s) 'example_weekday_branch_operator' retrieved from /Users/prasenjeet.gadhe/Documents/05. Nokia_PoV/Parallel_Test/venv/lib/python3.9/site-packages/airflow/example_dags/example_branch_day_of_week_operator.py
[2025-04-02T17:03:14.729-0400] {logging_mixin.py:188} INFO - [2025-04-02T17:03:14.729-0400] {dag.py:3096} INFO - Sync 1 DAGs
[2025-04-02T17:03:14.735-0400] {logging_mixin.py:188} INFO - [2025-04-02T17:03:14.735-0400] {dag.py:3954} INFO - Setting next_dagrun for example_weekday_branch_operator to 2025-04-01 00:00:00+00:00, run_after=2025-04-02 00:00:00+00:00
[2025-04-02T17:03:14.741-0400] {processor.py:183} INFO - Processing /Users/prasenjeet.gadhe/Documents/05. Nokia_PoV/Parallel_Test/venv/lib/python3.9/site-packages/airflow/example_dags/example_branch_day_of_week_operator.py took 0.073 seconds
[2025-04-02T17:05:05.426-0400] {processor.py:161} INFO - Started process (PID=56626) to work on /Users/prasenjeet.gadhe/Documents/05. Nokia_PoV/Parallel_Test/venv/lib/python3.9/site-packages/airflow/example_dags/example_branch_day_of_week_operator.py
[2025-04-02T17:05:05.428-0400] {processor.py:830} INFO - Processing file /Users/prasenjeet.gadhe/Documents/05. Nokia_PoV/Parallel_Test/venv/lib/python3.9/site-packages/airflow/example_dags/example_branch_day_of_week_operator.py for tasks to queue
[2025-04-02T17:05:05.428-0400] {logging_mixin.py:188} INFO - [2025-04-02T17:05:05.428-0400] {dagbag.py:540} INFO - Filling up the DagBag from /Users/prasenjeet.gadhe/Documents/05. Nokia_PoV/Parallel_Test/venv/lib/python3.9/site-packages/airflow/example_dags/example_branch_day_of_week_operator.py
[2025-04-02T17:05:05.433-0400] {processor.py:840} INFO - DAG(s) 'example_weekday_branch_operator' retrieved from /Users/prasenjeet.gadhe/Documents/05. Nokia_PoV/Parallel_Test/venv/lib/python3.9/site-packages/airflow/example_dags/example_branch_day_of_week_operator.py
[2025-04-02T17:05:05.488-0400] {logging_mixin.py:188} INFO - [2025-04-02T17:05:05.488-0400] {dag.py:3096} INFO - Sync 1 DAGs
[2025-04-02T17:05:05.493-0400] {logging_mixin.py:188} INFO - [2025-04-02T17:05:05.493-0400] {dag.py:3954} INFO - Setting next_dagrun for example_weekday_branch_operator to 2025-04-01 00:00:00+00:00, run_after=2025-04-02 00:00:00+00:00
[2025-04-02T17:05:05.500-0400] {processor.py:183} INFO - Processing /Users/prasenjeet.gadhe/Documents/05. Nokia_PoV/Parallel_Test/venv/lib/python3.9/site-packages/airflow/example_dags/example_branch_day_of_week_operator.py took 0.075 seconds
[2025-04-02T17:06:55.081-0400] {processor.py:161} INFO - Started process (PID=70137) to work on /Users/prasenjeet.gadhe/Documents/05. Nokia_PoV/Parallel_Test/venv/lib/python3.9/site-packages/airflow/example_dags/example_branch_day_of_week_operator.py
[2025-04-02T17:06:55.082-0400] {processor.py:830} INFO - Processing file /Users/prasenjeet.gadhe/Documents/05. Nokia_PoV/Parallel_Test/venv/lib/python3.9/site-packages/airflow/example_dags/example_branch_day_of_week_operator.py for tasks to queue
[2025-04-02T17:06:55.083-0400] {logging_mixin.py:188} INFO - [2025-04-02T17:06:55.083-0400] {dagbag.py:540} INFO - Filling up the DagBag from /Users/prasenjeet.gadhe/Documents/05. Nokia_PoV/Parallel_Test/venv/lib/python3.9/site-packages/airflow/example_dags/example_branch_day_of_week_operator.py
[2025-04-02T17:06:55.089-0400] {processor.py:840} INFO - DAG(s) 'example_weekday_branch_operator' retrieved from /Users/prasenjeet.gadhe/Documents/05. Nokia_PoV/Parallel_Test/venv/lib/python3.9/site-packages/airflow/example_dags/example_branch_day_of_week_operator.py
[2025-04-02T17:06:55.149-0400] {logging_mixin.py:188} INFO - [2025-04-02T17:06:55.149-0400] {dag.py:3096} INFO - Sync 1 DAGs
[2025-04-02T17:06:55.156-0400] {logging_mixin.py:188} INFO - [2025-04-02T17:06:55.155-0400] {dag.py:3954} INFO - Setting next_dagrun for example_weekday_branch_operator to 2025-04-01 00:00:00+00:00, run_after=2025-04-02 00:00:00+00:00
[2025-04-02T17:06:55.162-0400] {processor.py:183} INFO - Processing /Users/prasenjeet.gadhe/Documents/05. Nokia_PoV/Parallel_Test/venv/lib/python3.9/site-packages/airflow/example_dags/example_branch_day_of_week_operator.py took 0.082 seconds
[2025-04-02T17:08:48.128-0400] {processor.py:161} INFO - Started process (PID=84170) to work on /Users/prasenjeet.gadhe/Documents/05. Nokia_PoV/Parallel_Test/venv/lib/python3.9/site-packages/airflow/example_dags/example_branch_day_of_week_operator.py
[2025-04-02T17:08:48.130-0400] {processor.py:830} INFO - Processing file /Users/prasenjeet.gadhe/Documents/05. Nokia_PoV/Parallel_Test/venv/lib/python3.9/site-packages/airflow/example_dags/example_branch_day_of_week_operator.py for tasks to queue
[2025-04-02T17:08:48.130-0400] {logging_mixin.py:188} INFO - [2025-04-02T17:08:48.130-0400] {dagbag.py:540} INFO - Filling up the DagBag from /Users/prasenjeet.gadhe/Documents/05. Nokia_PoV/Parallel_Test/venv/lib/python3.9/site-packages/airflow/example_dags/example_branch_day_of_week_operator.py
[2025-04-02T17:08:48.136-0400] {processor.py:840} INFO - DAG(s) 'example_weekday_branch_operator' retrieved from /Users/prasenjeet.gadhe/Documents/05. Nokia_PoV/Parallel_Test/venv/lib/python3.9/site-packages/airflow/example_dags/example_branch_day_of_week_operator.py
[2025-04-02T17:08:48.205-0400] {logging_mixin.py:188} INFO - [2025-04-02T17:08:48.204-0400] {dag.py:3096} INFO - Sync 1 DAGs
[2025-04-02T17:08:48.211-0400] {logging_mixin.py:188} INFO - [2025-04-02T17:08:48.211-0400] {dag.py:3954} INFO - Setting next_dagrun for example_weekday_branch_operator to 2025-04-01 00:00:00+00:00, run_after=2025-04-02 00:00:00+00:00
[2025-04-02T17:08:48.217-0400] {processor.py:183} INFO - Processing /Users/prasenjeet.gadhe/Documents/05. Nokia_PoV/Parallel_Test/venv/lib/python3.9/site-packages/airflow/example_dags/example_branch_day_of_week_operator.py took 0.090 seconds
[2025-04-02T17:10:44.030-0400] {processor.py:161} INFO - Started process (PID=98414) to work on /Users/prasenjeet.gadhe/Documents/05. Nokia_PoV/Parallel_Test/venv/lib/python3.9/site-packages/airflow/example_dags/example_branch_day_of_week_operator.py
[2025-04-02T17:10:44.032-0400] {processor.py:830} INFO - Processing file /Users/prasenjeet.gadhe/Documents/05. Nokia_PoV/Parallel_Test/venv/lib/python3.9/site-packages/airflow/example_dags/example_branch_day_of_week_operator.py for tasks to queue
[2025-04-02T17:10:44.032-0400] {logging_mixin.py:188} INFO - [2025-04-02T17:10:44.032-0400] {dagbag.py:540} INFO - Filling up the DagBag from /Users/prasenjeet.gadhe/Documents/05. Nokia_PoV/Parallel_Test/venv/lib/python3.9/site-packages/airflow/example_dags/example_branch_day_of_week_operator.py
[2025-04-02T17:10:44.038-0400] {processor.py:840} INFO - DAG(s) 'example_weekday_branch_operator' retrieved from /Users/prasenjeet.gadhe/Documents/05. Nokia_PoV/Parallel_Test/venv/lib/python3.9/site-packages/airflow/example_dags/example_branch_day_of_week_operator.py
[2025-04-02T17:10:44.094-0400] {logging_mixin.py:188} INFO - [2025-04-02T17:10:44.094-0400] {dag.py:3096} INFO - Sync 1 DAGs
[2025-04-02T17:10:44.100-0400] {logging_mixin.py:188} INFO - [2025-04-02T17:10:44.100-0400] {dag.py:3954} INFO - Setting next_dagrun for example_weekday_branch_operator to 2025-04-01 00:00:00+00:00, run_after=2025-04-02 00:00:00+00:00
[2025-04-02T17:10:44.107-0400] {processor.py:183} INFO - Processing /Users/prasenjeet.gadhe/Documents/05. Nokia_PoV/Parallel_Test/venv/lib/python3.9/site-packages/airflow/example_dags/example_branch_day_of_week_operator.py took 0.078 seconds
[2025-04-02T17:12:37.850-0400] {processor.py:161} INFO - Started process (PID=12856) to work on /Users/prasenjeet.gadhe/Documents/05. Nokia_PoV/Parallel_Test/venv/lib/python3.9/site-packages/airflow/example_dags/example_branch_day_of_week_operator.py
[2025-04-02T17:12:37.851-0400] {processor.py:830} INFO - Processing file /Users/prasenjeet.gadhe/Documents/05. Nokia_PoV/Parallel_Test/venv/lib/python3.9/site-packages/airflow/example_dags/example_branch_day_of_week_operator.py for tasks to queue
[2025-04-02T17:12:37.851-0400] {logging_mixin.py:188} INFO - [2025-04-02T17:12:37.851-0400] {dagbag.py:540} INFO - Filling up the DagBag from /Users/prasenjeet.gadhe/Documents/05. Nokia_PoV/Parallel_Test/venv/lib/python3.9/site-packages/airflow/example_dags/example_branch_day_of_week_operator.py
[2025-04-02T17:12:37.857-0400] {processor.py:840} INFO - DAG(s) 'example_weekday_branch_operator' retrieved from /Users/prasenjeet.gadhe/Documents/05. Nokia_PoV/Parallel_Test/venv/lib/python3.9/site-packages/airflow/example_dags/example_branch_day_of_week_operator.py
[2025-04-02T17:12:37.924-0400] {logging_mixin.py:188} INFO - [2025-04-02T17:12:37.924-0400] {dag.py:3096} INFO - Sync 1 DAGs
[2025-04-02T17:12:37.931-0400] {logging_mixin.py:188} INFO - [2025-04-02T17:12:37.931-0400] {dag.py:3954} INFO - Setting next_dagrun for example_weekday_branch_operator to 2025-04-01 00:00:00+00:00, run_after=2025-04-02 00:00:00+00:00
[2025-04-02T17:12:37.938-0400] {processor.py:183} INFO - Processing /Users/prasenjeet.gadhe/Documents/05. Nokia_PoV/Parallel_Test/venv/lib/python3.9/site-packages/airflow/example_dags/example_branch_day_of_week_operator.py took 0.090 seconds
