[2025-04-02T16:39:32.710-0400] {processor.py:161} INFO - Started process (PID=66560) to work on /Users/prasenjeet.gadhe/Documents/05. Nokia_PoV/Parallel_Test/venv/lib/python3.9/site-packages/airflow/example_dags/example_subdag_operator.py
[2025-04-02T16:39:32.711-0400] {processor.py:830} INFO - Processing file /Users/prasenjeet.gadhe/Documents/05. Nokia_PoV/Parallel_Test/venv/lib/python3.9/site-packages/airflow/example_dags/example_subdag_operator.py for tasks to queue
[2025-04-02T16:39:32.712-0400] {logging_mixin.py:188} INFO - [2025-04-02T16:39:32.712-0400] {dagbag.py:540} INFO - Filling up the DagBag from /Users/prasenjeet.gadhe/Documents/05. Nokia_PoV/Parallel_Test/venv/lib/python3.9/site-packages/airflow/example_dags/example_subdag_operator.py
[2025-04-02T16:39:32.777-0400] {processor.py:840} INFO - DAG(s) 'example_subdag_operator.section-1', 'example_subdag_operator.section-2', 'example_subdag_operator' retrieved from /Users/prasenjeet.gadhe/Documents/05. Nokia_PoV/Parallel_Test/venv/lib/python3.9/site-packages/airflow/example_dags/example_subdag_operator.py
[2025-04-02T16:39:32.824-0400] {logging_mixin.py:188} INFO - [2025-04-02T16:39:32.824-0400] {override.py:1829} INFO - Created Permission View: can edit on DAG:example_subdag_operator
[2025-04-02T16:39:32.827-0400] {logging_mixin.py:188} INFO - [2025-04-02T16:39:32.827-0400] {override.py:1829} INFO - Created Permission View: can delete on DAG:example_subdag_operator
[2025-04-02T16:39:32.829-0400] {logging_mixin.py:188} INFO - [2025-04-02T16:39:32.829-0400] {override.py:1829} INFO - Created Permission View: can read on DAG:example_subdag_operator
[2025-04-02T16:39:32.829-0400] {logging_mixin.py:188} INFO - [2025-04-02T16:39:32.829-0400] {dag.py:3096} INFO - Sync 3 DAGs
[2025-04-02T16:39:32.833-0400] {logging_mixin.py:188} INFO - [2025-04-02T16:39:32.833-0400] {dag.py:3118} INFO - Creating ORM DAG for example_subdag_operator.section-2
[2025-04-02T16:39:32.833-0400] {logging_mixin.py:188} INFO - [2025-04-02T16:39:32.833-0400] {dag.py:3118} INFO - Creating ORM DAG for example_subdag_operator
[2025-04-02T16:39:32.833-0400] {logging_mixin.py:188} INFO - [2025-04-02T16:39:32.833-0400] {dag.py:3118} INFO - Creating ORM DAG for example_subdag_operator.section-1
[2025-04-02T16:39:32.836-0400] {logging_mixin.py:188} INFO - [2025-04-02T16:39:32.836-0400] {dag.py:3954} INFO - Setting next_dagrun for example_subdag_operator to 2022-01-01 00:00:00+00:00, run_after=2022-01-01 00:00:00+00:00
[2025-04-02T16:39:32.836-0400] {logging_mixin.py:188} INFO - [2025-04-02T16:39:32.836-0400] {dag.py:3954} INFO - Setting next_dagrun for example_subdag_operator.section-1 to None, run_after=None
[2025-04-02T16:39:32.836-0400] {logging_mixin.py:188} INFO - [2025-04-02T16:39:32.836-0400] {dag.py:3954} INFO - Setting next_dagrun for example_subdag_operator.section-2 to None, run_after=None
[2025-04-02T16:39:32.838-0400] {logging_mixin.py:188} INFO - [2025-04-02T16:39:32.838-0400] {dag.py:3096} INFO - Sync 2 DAGs
[2025-04-02T16:39:32.839-0400] {logging_mixin.py:188} INFO - [2025-04-02T16:39:32.839-0400] {dag.py:3954} INFO - Setting next_dagrun for example_subdag_operator.section-1 to None, run_after=None
[2025-04-02T16:39:32.840-0400] {logging_mixin.py:188} INFO - [2025-04-02T16:39:32.840-0400] {dag.py:3954} INFO - Setting next_dagrun for example_subdag_operator.section-2 to None, run_after=None
[2025-04-02T16:39:32.844-0400] {processor.py:183} INFO - Processing /Users/prasenjeet.gadhe/Documents/05. Nokia_PoV/Parallel_Test/venv/lib/python3.9/site-packages/airflow/example_dags/example_subdag_operator.py took 0.135 seconds
[2025-04-02T16:40:59.532-0400] {processor.py:161} INFO - Started process (PID=77436) to work on /Users/prasenjeet.gadhe/Documents/05. Nokia_PoV/Parallel_Test/venv/lib/python3.9/site-packages/airflow/example_dags/example_subdag_operator.py
[2025-04-02T16:40:59.534-0400] {processor.py:830} INFO - Processing file /Users/prasenjeet.gadhe/Documents/05. Nokia_PoV/Parallel_Test/venv/lib/python3.9/site-packages/airflow/example_dags/example_subdag_operator.py for tasks to queue
[2025-04-02T16:40:59.534-0400] {logging_mixin.py:188} INFO - [2025-04-02T16:40:59.534-0400] {dagbag.py:540} INFO - Filling up the DagBag from /Users/prasenjeet.gadhe/Documents/05. Nokia_PoV/Parallel_Test/venv/lib/python3.9/site-packages/airflow/example_dags/example_subdag_operator.py
[2025-04-02T16:40:59.590-0400] {processor.py:840} INFO - DAG(s) 'example_subdag_operator.section-1', 'example_subdag_operator.section-2', 'example_subdag_operator' retrieved from /Users/prasenjeet.gadhe/Documents/05. Nokia_PoV/Parallel_Test/venv/lib/python3.9/site-packages/airflow/example_dags/example_subdag_operator.py
[2025-04-02T16:40:59.603-0400] {logging_mixin.py:188} INFO - [2025-04-02T16:40:59.603-0400] {dag.py:3096} INFO - Sync 3 DAGs
[2025-04-02T16:40:59.609-0400] {logging_mixin.py:188} INFO - [2025-04-02T16:40:59.609-0400] {dag.py:3954} INFO - Setting next_dagrun for example_subdag_operator to 2022-01-01 00:00:00+00:00, run_after=2022-01-01 00:00:00+00:00
[2025-04-02T16:40:59.610-0400] {logging_mixin.py:188} INFO - [2025-04-02T16:40:59.610-0400] {dag.py:3954} INFO - Setting next_dagrun for example_subdag_operator.section-1 to None, run_after=None
[2025-04-02T16:40:59.610-0400] {logging_mixin.py:188} INFO - [2025-04-02T16:40:59.610-0400] {dag.py:3954} INFO - Setting next_dagrun for example_subdag_operator.section-2 to None, run_after=None
[2025-04-02T16:40:59.612-0400] {logging_mixin.py:188} INFO - [2025-04-02T16:40:59.612-0400] {dag.py:3096} INFO - Sync 2 DAGs
[2025-04-02T16:40:59.613-0400] {logging_mixin.py:188} INFO - [2025-04-02T16:40:59.613-0400] {dag.py:3954} INFO - Setting next_dagrun for example_subdag_operator.section-1 to None, run_after=None
[2025-04-02T16:40:59.613-0400] {logging_mixin.py:188} INFO - [2025-04-02T16:40:59.613-0400] {dag.py:3954} INFO - Setting next_dagrun for example_subdag_operator.section-2 to None, run_after=None
[2025-04-02T16:40:59.618-0400] {processor.py:183} INFO - Processing /Users/prasenjeet.gadhe/Documents/05. Nokia_PoV/Parallel_Test/venv/lib/python3.9/site-packages/airflow/example_dags/example_subdag_operator.py took 0.086 seconds
[2025-04-02T16:42:57.318-0400] {processor.py:161} INFO - Started process (PID=92067) to work on /Users/prasenjeet.gadhe/Documents/05. Nokia_PoV/Parallel_Test/venv/lib/python3.9/site-packages/airflow/example_dags/example_subdag_operator.py
[2025-04-02T16:42:57.320-0400] {processor.py:830} INFO - Processing file /Users/prasenjeet.gadhe/Documents/05. Nokia_PoV/Parallel_Test/venv/lib/python3.9/site-packages/airflow/example_dags/example_subdag_operator.py for tasks to queue
[2025-04-02T16:42:57.320-0400] {logging_mixin.py:188} INFO - [2025-04-02T16:42:57.320-0400] {dagbag.py:540} INFO - Filling up the DagBag from /Users/prasenjeet.gadhe/Documents/05. Nokia_PoV/Parallel_Test/venv/lib/python3.9/site-packages/airflow/example_dags/example_subdag_operator.py
[2025-04-02T16:42:57.372-0400] {processor.py:840} INFO - DAG(s) 'example_subdag_operator.section-1', 'example_subdag_operator.section-2', 'example_subdag_operator' retrieved from /Users/prasenjeet.gadhe/Documents/05. Nokia_PoV/Parallel_Test/venv/lib/python3.9/site-packages/airflow/example_dags/example_subdag_operator.py
[2025-04-02T16:42:57.385-0400] {logging_mixin.py:188} INFO - [2025-04-02T16:42:57.384-0400] {dag.py:3096} INFO - Sync 3 DAGs
[2025-04-02T16:42:57.390-0400] {logging_mixin.py:188} INFO - [2025-04-02T16:42:57.390-0400] {dag.py:3954} INFO - Setting next_dagrun for example_subdag_operator to 2022-01-01 00:00:00+00:00, run_after=2022-01-01 00:00:00+00:00
[2025-04-02T16:42:57.391-0400] {logging_mixin.py:188} INFO - [2025-04-02T16:42:57.391-0400] {dag.py:3954} INFO - Setting next_dagrun for example_subdag_operator.section-1 to None, run_after=None
[2025-04-02T16:42:57.391-0400] {logging_mixin.py:188} INFO - [2025-04-02T16:42:57.391-0400] {dag.py:3954} INFO - Setting next_dagrun for example_subdag_operator.section-2 to None, run_after=None
[2025-04-02T16:42:57.393-0400] {logging_mixin.py:188} INFO - [2025-04-02T16:42:57.393-0400] {dag.py:3096} INFO - Sync 2 DAGs
[2025-04-02T16:42:57.394-0400] {logging_mixin.py:188} INFO - [2025-04-02T16:42:57.394-0400] {dag.py:3954} INFO - Setting next_dagrun for example_subdag_operator.section-1 to None, run_after=None
[2025-04-02T16:42:57.394-0400] {logging_mixin.py:188} INFO - [2025-04-02T16:42:57.394-0400] {dag.py:3954} INFO - Setting next_dagrun for example_subdag_operator.section-2 to None, run_after=None
[2025-04-02T16:42:57.398-0400] {processor.py:183} INFO - Processing /Users/prasenjeet.gadhe/Documents/05. Nokia_PoV/Parallel_Test/venv/lib/python3.9/site-packages/airflow/example_dags/example_subdag_operator.py took 0.081 seconds
[2025-04-02T16:45:53.739-0400] {processor.py:161} INFO - Started process (PID=14225) to work on /Users/prasenjeet.gadhe/Documents/05. Nokia_PoV/Parallel_Test/venv/lib/python3.9/site-packages/airflow/example_dags/example_subdag_operator.py
[2025-04-02T16:45:53.741-0400] {processor.py:830} INFO - Processing file /Users/prasenjeet.gadhe/Documents/05. Nokia_PoV/Parallel_Test/venv/lib/python3.9/site-packages/airflow/example_dags/example_subdag_operator.py for tasks to queue
[2025-04-02T16:45:53.741-0400] {logging_mixin.py:188} INFO - [2025-04-02T16:45:53.741-0400] {dagbag.py:540} INFO - Filling up the DagBag from /Users/prasenjeet.gadhe/Documents/05. Nokia_PoV/Parallel_Test/venv/lib/python3.9/site-packages/airflow/example_dags/example_subdag_operator.py
[2025-04-02T16:45:53.803-0400] {processor.py:840} INFO - DAG(s) 'example_subdag_operator.section-1', 'example_subdag_operator.section-2', 'example_subdag_operator' retrieved from /Users/prasenjeet.gadhe/Documents/05. Nokia_PoV/Parallel_Test/venv/lib/python3.9/site-packages/airflow/example_dags/example_subdag_operator.py
[2025-04-02T16:45:53.817-0400] {logging_mixin.py:188} INFO - [2025-04-02T16:45:53.817-0400] {dag.py:3096} INFO - Sync 3 DAGs
[2025-04-02T16:45:53.823-0400] {logging_mixin.py:188} INFO - [2025-04-02T16:45:53.823-0400] {dag.py:3954} INFO - Setting next_dagrun for example_subdag_operator to 2022-01-01 00:00:00+00:00, run_after=2022-01-01 00:00:00+00:00
[2025-04-02T16:45:53.824-0400] {logging_mixin.py:188} INFO - [2025-04-02T16:45:53.824-0400] {dag.py:3954} INFO - Setting next_dagrun for example_subdag_operator.section-1 to None, run_after=None
[2025-04-02T16:45:53.825-0400] {logging_mixin.py:188} INFO - [2025-04-02T16:45:53.825-0400] {dag.py:3954} INFO - Setting next_dagrun for example_subdag_operator.section-2 to None, run_after=None
[2025-04-02T16:45:53.827-0400] {logging_mixin.py:188} INFO - [2025-04-02T16:45:53.827-0400] {dag.py:3096} INFO - Sync 2 DAGs
[2025-04-02T16:45:53.828-0400] {logging_mixin.py:188} INFO - [2025-04-02T16:45:53.828-0400] {dag.py:3954} INFO - Setting next_dagrun for example_subdag_operator.section-1 to None, run_after=None
[2025-04-02T16:45:53.828-0400] {logging_mixin.py:188} INFO - [2025-04-02T16:45:53.828-0400] {dag.py:3954} INFO - Setting next_dagrun for example_subdag_operator.section-2 to None, run_after=None
[2025-04-02T16:45:53.832-0400] {processor.py:183} INFO - Processing /Users/prasenjeet.gadhe/Documents/05. Nokia_PoV/Parallel_Test/venv/lib/python3.9/site-packages/airflow/example_dags/example_subdag_operator.py took 0.094 seconds
[2025-04-02T16:47:21.852-0400] {processor.py:161} INFO - Started process (PID=25215) to work on /Users/prasenjeet.gadhe/Documents/05. Nokia_PoV/Parallel_Test/venv/lib/python3.9/site-packages/airflow/example_dags/example_subdag_operator.py
[2025-04-02T16:47:21.853-0400] {processor.py:830} INFO - Processing file /Users/prasenjeet.gadhe/Documents/05. Nokia_PoV/Parallel_Test/venv/lib/python3.9/site-packages/airflow/example_dags/example_subdag_operator.py for tasks to queue
[2025-04-02T16:47:21.854-0400] {logging_mixin.py:188} INFO - [2025-04-02T16:47:21.854-0400] {dagbag.py:540} INFO - Filling up the DagBag from /Users/prasenjeet.gadhe/Documents/05. Nokia_PoV/Parallel_Test/venv/lib/python3.9/site-packages/airflow/example_dags/example_subdag_operator.py
[2025-04-02T16:47:21.910-0400] {processor.py:840} INFO - DAG(s) 'example_subdag_operator.section-1', 'example_subdag_operator.section-2', 'example_subdag_operator' retrieved from /Users/prasenjeet.gadhe/Documents/05. Nokia_PoV/Parallel_Test/venv/lib/python3.9/site-packages/airflow/example_dags/example_subdag_operator.py
[2025-04-02T16:47:21.925-0400] {logging_mixin.py:188} INFO - [2025-04-02T16:47:21.924-0400] {dag.py:3096} INFO - Sync 3 DAGs
[2025-04-02T16:47:21.930-0400] {logging_mixin.py:188} INFO - [2025-04-02T16:47:21.930-0400] {dag.py:3954} INFO - Setting next_dagrun for example_subdag_operator to 2022-01-01 00:00:00+00:00, run_after=2022-01-01 00:00:00+00:00
[2025-04-02T16:47:21.931-0400] {logging_mixin.py:188} INFO - [2025-04-02T16:47:21.931-0400] {dag.py:3954} INFO - Setting next_dagrun for example_subdag_operator.section-1 to None, run_after=None
[2025-04-02T16:47:21.932-0400] {logging_mixin.py:188} INFO - [2025-04-02T16:47:21.932-0400] {dag.py:3954} INFO - Setting next_dagrun for example_subdag_operator.section-2 to None, run_after=None
[2025-04-02T16:47:21.933-0400] {logging_mixin.py:188} INFO - [2025-04-02T16:47:21.933-0400] {dag.py:3096} INFO - Sync 2 DAGs
[2025-04-02T16:47:21.935-0400] {logging_mixin.py:188} INFO - [2025-04-02T16:47:21.935-0400] {dag.py:3954} INFO - Setting next_dagrun for example_subdag_operator.section-1 to None, run_after=None
[2025-04-02T16:47:21.935-0400] {logging_mixin.py:188} INFO - [2025-04-02T16:47:21.935-0400] {dag.py:3954} INFO - Setting next_dagrun for example_subdag_operator.section-2 to None, run_after=None
[2025-04-02T16:47:21.939-0400] {processor.py:183} INFO - Processing /Users/prasenjeet.gadhe/Documents/05. Nokia_PoV/Parallel_Test/venv/lib/python3.9/site-packages/airflow/example_dags/example_subdag_operator.py took 0.088 seconds
[2025-04-02T16:49:13.646-0400] {processor.py:161} INFO - Started process (PID=39028) to work on /Users/prasenjeet.gadhe/Documents/05. Nokia_PoV/Parallel_Test/venv/lib/python3.9/site-packages/airflow/example_dags/example_subdag_operator.py
[2025-04-02T16:49:13.649-0400] {processor.py:830} INFO - Processing file /Users/prasenjeet.gadhe/Documents/05. Nokia_PoV/Parallel_Test/venv/lib/python3.9/site-packages/airflow/example_dags/example_subdag_operator.py for tasks to queue
[2025-04-02T16:49:13.649-0400] {logging_mixin.py:188} INFO - [2025-04-02T16:49:13.649-0400] {dagbag.py:540} INFO - Filling up the DagBag from /Users/prasenjeet.gadhe/Documents/05. Nokia_PoV/Parallel_Test/venv/lib/python3.9/site-packages/airflow/example_dags/example_subdag_operator.py
[2025-04-02T16:49:13.709-0400] {processor.py:840} INFO - DAG(s) 'example_subdag_operator.section-1', 'example_subdag_operator.section-2', 'example_subdag_operator' retrieved from /Users/prasenjeet.gadhe/Documents/05. Nokia_PoV/Parallel_Test/venv/lib/python3.9/site-packages/airflow/example_dags/example_subdag_operator.py
[2025-04-02T16:49:13.725-0400] {logging_mixin.py:188} INFO - [2025-04-02T16:49:13.725-0400] {dag.py:3096} INFO - Sync 3 DAGs
[2025-04-02T16:49:13.731-0400] {logging_mixin.py:188} INFO - [2025-04-02T16:49:13.731-0400] {dag.py:3954} INFO - Setting next_dagrun for example_subdag_operator to 2022-01-01 00:00:00+00:00, run_after=2022-01-01 00:00:00+00:00
[2025-04-02T16:49:13.732-0400] {logging_mixin.py:188} INFO - [2025-04-02T16:49:13.732-0400] {dag.py:3954} INFO - Setting next_dagrun for example_subdag_operator.section-1 to None, run_after=None
[2025-04-02T16:49:13.733-0400] {logging_mixin.py:188} INFO - [2025-04-02T16:49:13.733-0400] {dag.py:3954} INFO - Setting next_dagrun for example_subdag_operator.section-2 to None, run_after=None
[2025-04-02T16:49:13.735-0400] {logging_mixin.py:188} INFO - [2025-04-02T16:49:13.735-0400] {dag.py:3096} INFO - Sync 2 DAGs
[2025-04-02T16:49:13.736-0400] {logging_mixin.py:188} INFO - [2025-04-02T16:49:13.736-0400] {dag.py:3954} INFO - Setting next_dagrun for example_subdag_operator.section-1 to None, run_after=None
[2025-04-02T16:49:13.737-0400] {logging_mixin.py:188} INFO - [2025-04-02T16:49:13.737-0400] {dag.py:3954} INFO - Setting next_dagrun for example_subdag_operator.section-2 to None, run_after=None
[2025-04-02T16:49:13.741-0400] {processor.py:183} INFO - Processing /Users/prasenjeet.gadhe/Documents/05. Nokia_PoV/Parallel_Test/venv/lib/python3.9/site-packages/airflow/example_dags/example_subdag_operator.py took 0.096 seconds
[2025-04-02T16:51:04.616-0400] {processor.py:161} INFO - Started process (PID=52774) to work on /Users/prasenjeet.gadhe/Documents/05. Nokia_PoV/Parallel_Test/venv/lib/python3.9/site-packages/airflow/example_dags/example_subdag_operator.py
[2025-04-02T16:51:04.618-0400] {processor.py:830} INFO - Processing file /Users/prasenjeet.gadhe/Documents/05. Nokia_PoV/Parallel_Test/venv/lib/python3.9/site-packages/airflow/example_dags/example_subdag_operator.py for tasks to queue
[2025-04-02T16:51:04.618-0400] {logging_mixin.py:188} INFO - [2025-04-02T16:51:04.618-0400] {dagbag.py:540} INFO - Filling up the DagBag from /Users/prasenjeet.gadhe/Documents/05. Nokia_PoV/Parallel_Test/venv/lib/python3.9/site-packages/airflow/example_dags/example_subdag_operator.py
[2025-04-02T16:51:04.677-0400] {processor.py:840} INFO - DAG(s) 'example_subdag_operator.section-1', 'example_subdag_operator.section-2', 'example_subdag_operator' retrieved from /Users/prasenjeet.gadhe/Documents/05. Nokia_PoV/Parallel_Test/venv/lib/python3.9/site-packages/airflow/example_dags/example_subdag_operator.py
[2025-04-02T16:51:04.692-0400] {logging_mixin.py:188} INFO - [2025-04-02T16:51:04.691-0400] {dag.py:3096} INFO - Sync 3 DAGs
[2025-04-02T16:51:04.697-0400] {logging_mixin.py:188} INFO - [2025-04-02T16:51:04.697-0400] {dag.py:3954} INFO - Setting next_dagrun for example_subdag_operator to 2022-01-01 00:00:00+00:00, run_after=2022-01-01 00:00:00+00:00
[2025-04-02T16:51:04.699-0400] {logging_mixin.py:188} INFO - [2025-04-02T16:51:04.698-0400] {dag.py:3954} INFO - Setting next_dagrun for example_subdag_operator.section-1 to None, run_after=None
[2025-04-02T16:51:04.699-0400] {logging_mixin.py:188} INFO - [2025-04-02T16:51:04.699-0400] {dag.py:3954} INFO - Setting next_dagrun for example_subdag_operator.section-2 to None, run_after=None
[2025-04-02T16:51:04.701-0400] {logging_mixin.py:188} INFO - [2025-04-02T16:51:04.701-0400] {dag.py:3096} INFO - Sync 2 DAGs
[2025-04-02T16:51:04.702-0400] {logging_mixin.py:188} INFO - [2025-04-02T16:51:04.702-0400] {dag.py:3954} INFO - Setting next_dagrun for example_subdag_operator.section-1 to None, run_after=None
[2025-04-02T16:51:04.702-0400] {logging_mixin.py:188} INFO - [2025-04-02T16:51:04.702-0400] {dag.py:3954} INFO - Setting next_dagrun for example_subdag_operator.section-2 to None, run_after=None
[2025-04-02T16:51:04.707-0400] {processor.py:183} INFO - Processing /Users/prasenjeet.gadhe/Documents/05. Nokia_PoV/Parallel_Test/venv/lib/python3.9/site-packages/airflow/example_dags/example_subdag_operator.py took 0.091 seconds
[2025-04-02T16:52:34.152-0400] {processor.py:161} INFO - Started process (PID=63811) to work on /Users/prasenjeet.gadhe/Documents/05. Nokia_PoV/Parallel_Test/venv/lib/python3.9/site-packages/airflow/example_dags/example_subdag_operator.py
[2025-04-02T16:52:34.154-0400] {processor.py:830} INFO - Processing file /Users/prasenjeet.gadhe/Documents/05. Nokia_PoV/Parallel_Test/venv/lib/python3.9/site-packages/airflow/example_dags/example_subdag_operator.py for tasks to queue
[2025-04-02T16:52:34.154-0400] {logging_mixin.py:188} INFO - [2025-04-02T16:52:34.154-0400] {dagbag.py:540} INFO - Filling up the DagBag from /Users/prasenjeet.gadhe/Documents/05. Nokia_PoV/Parallel_Test/venv/lib/python3.9/site-packages/airflow/example_dags/example_subdag_operator.py
[2025-04-02T16:52:34.209-0400] {processor.py:840} INFO - DAG(s) 'example_subdag_operator.section-1', 'example_subdag_operator.section-2', 'example_subdag_operator' retrieved from /Users/prasenjeet.gadhe/Documents/05. Nokia_PoV/Parallel_Test/venv/lib/python3.9/site-packages/airflow/example_dags/example_subdag_operator.py
[2025-04-02T16:52:34.223-0400] {logging_mixin.py:188} INFO - [2025-04-02T16:52:34.222-0400] {dag.py:3096} INFO - Sync 3 DAGs
[2025-04-02T16:52:34.228-0400] {logging_mixin.py:188} INFO - [2025-04-02T16:52:34.228-0400] {dag.py:3954} INFO - Setting next_dagrun for example_subdag_operator to 2022-01-01 00:00:00+00:00, run_after=2022-01-01 00:00:00+00:00
[2025-04-02T16:52:34.229-0400] {logging_mixin.py:188} INFO - [2025-04-02T16:52:34.229-0400] {dag.py:3954} INFO - Setting next_dagrun for example_subdag_operator.section-1 to None, run_after=None
[2025-04-02T16:52:34.229-0400] {logging_mixin.py:188} INFO - [2025-04-02T16:52:34.229-0400] {dag.py:3954} INFO - Setting next_dagrun for example_subdag_operator.section-2 to None, run_after=None
[2025-04-02T16:52:34.231-0400] {logging_mixin.py:188} INFO - [2025-04-02T16:52:34.231-0400] {dag.py:3096} INFO - Sync 2 DAGs
[2025-04-02T16:52:34.232-0400] {logging_mixin.py:188} INFO - [2025-04-02T16:52:34.232-0400] {dag.py:3954} INFO - Setting next_dagrun for example_subdag_operator.section-1 to None, run_after=None
[2025-04-02T16:52:34.232-0400] {logging_mixin.py:188} INFO - [2025-04-02T16:52:34.232-0400] {dag.py:3954} INFO - Setting next_dagrun for example_subdag_operator.section-2 to None, run_after=None
[2025-04-02T16:52:34.236-0400] {processor.py:183} INFO - Processing /Users/prasenjeet.gadhe/Documents/05. Nokia_PoV/Parallel_Test/venv/lib/python3.9/site-packages/airflow/example_dags/example_subdag_operator.py took 0.085 seconds
[2025-04-02T16:54:21.825-0400] {processor.py:161} INFO - Started process (PID=77160) to work on /Users/prasenjeet.gadhe/Documents/05. Nokia_PoV/Parallel_Test/venv/lib/python3.9/site-packages/airflow/example_dags/example_subdag_operator.py
[2025-04-02T16:54:21.826-0400] {processor.py:830} INFO - Processing file /Users/prasenjeet.gadhe/Documents/05. Nokia_PoV/Parallel_Test/venv/lib/python3.9/site-packages/airflow/example_dags/example_subdag_operator.py for tasks to queue
[2025-04-02T16:54:21.827-0400] {logging_mixin.py:188} INFO - [2025-04-02T16:54:21.827-0400] {dagbag.py:540} INFO - Filling up the DagBag from /Users/prasenjeet.gadhe/Documents/05. Nokia_PoV/Parallel_Test/venv/lib/python3.9/site-packages/airflow/example_dags/example_subdag_operator.py
[2025-04-02T16:54:21.887-0400] {processor.py:840} INFO - DAG(s) 'example_subdag_operator.section-1', 'example_subdag_operator.section-2', 'example_subdag_operator' retrieved from /Users/prasenjeet.gadhe/Documents/05. Nokia_PoV/Parallel_Test/venv/lib/python3.9/site-packages/airflow/example_dags/example_subdag_operator.py
[2025-04-02T16:54:21.903-0400] {logging_mixin.py:188} INFO - [2025-04-02T16:54:21.903-0400] {dag.py:3096} INFO - Sync 3 DAGs
[2025-04-02T16:54:21.910-0400] {logging_mixin.py:188} INFO - [2025-04-02T16:54:21.909-0400] {dag.py:3954} INFO - Setting next_dagrun for example_subdag_operator to 2022-01-01 00:00:00+00:00, run_after=2022-01-01 00:00:00+00:00
[2025-04-02T16:54:21.911-0400] {logging_mixin.py:188} INFO - [2025-04-02T16:54:21.911-0400] {dag.py:3954} INFO - Setting next_dagrun for example_subdag_operator.section-1 to None, run_after=None
[2025-04-02T16:54:21.911-0400] {logging_mixin.py:188} INFO - [2025-04-02T16:54:21.911-0400] {dag.py:3954} INFO - Setting next_dagrun for example_subdag_operator.section-2 to None, run_after=None
[2025-04-02T16:54:21.913-0400] {logging_mixin.py:188} INFO - [2025-04-02T16:54:21.913-0400] {dag.py:3096} INFO - Sync 2 DAGs
[2025-04-02T16:54:21.915-0400] {logging_mixin.py:188} INFO - [2025-04-02T16:54:21.915-0400] {dag.py:3954} INFO - Setting next_dagrun for example_subdag_operator.section-1 to None, run_after=None
[2025-04-02T16:54:21.915-0400] {logging_mixin.py:188} INFO - [2025-04-02T16:54:21.915-0400] {dag.py:3954} INFO - Setting next_dagrun for example_subdag_operator.section-2 to None, run_after=None
[2025-04-02T16:54:21.919-0400] {processor.py:183} INFO - Processing /Users/prasenjeet.gadhe/Documents/05. Nokia_PoV/Parallel_Test/venv/lib/python3.9/site-packages/airflow/example_dags/example_subdag_operator.py took 0.096 seconds
[2025-04-02T16:56:19.066-0400] {processor.py:161} INFO - Started process (PID=91750) to work on /Users/prasenjeet.gadhe/Documents/05. Nokia_PoV/Parallel_Test/venv/lib/python3.9/site-packages/airflow/example_dags/example_subdag_operator.py
[2025-04-02T16:56:19.068-0400] {processor.py:830} INFO - Processing file /Users/prasenjeet.gadhe/Documents/05. Nokia_PoV/Parallel_Test/venv/lib/python3.9/site-packages/airflow/example_dags/example_subdag_operator.py for tasks to queue
[2025-04-02T16:56:19.068-0400] {logging_mixin.py:188} INFO - [2025-04-02T16:56:19.068-0400] {dagbag.py:540} INFO - Filling up the DagBag from /Users/prasenjeet.gadhe/Documents/05. Nokia_PoV/Parallel_Test/venv/lib/python3.9/site-packages/airflow/example_dags/example_subdag_operator.py
[2025-04-02T16:56:19.130-0400] {processor.py:840} INFO - DAG(s) 'example_subdag_operator.section-1', 'example_subdag_operator.section-2', 'example_subdag_operator' retrieved from /Users/prasenjeet.gadhe/Documents/05. Nokia_PoV/Parallel_Test/venv/lib/python3.9/site-packages/airflow/example_dags/example_subdag_operator.py
[2025-04-02T16:56:19.146-0400] {logging_mixin.py:188} INFO - [2025-04-02T16:56:19.146-0400] {dag.py:3096} INFO - Sync 3 DAGs
[2025-04-02T16:56:19.152-0400] {logging_mixin.py:188} INFO - [2025-04-02T16:56:19.152-0400] {dag.py:3954} INFO - Setting next_dagrun for example_subdag_operator to 2022-01-01 00:00:00+00:00, run_after=2022-01-01 00:00:00+00:00
[2025-04-02T16:56:19.153-0400] {logging_mixin.py:188} INFO - [2025-04-02T16:56:19.153-0400] {dag.py:3954} INFO - Setting next_dagrun for example_subdag_operator.section-1 to None, run_after=None
[2025-04-02T16:56:19.154-0400] {logging_mixin.py:188} INFO - [2025-04-02T16:56:19.154-0400] {dag.py:3954} INFO - Setting next_dagrun for example_subdag_operator.section-2 to None, run_after=None
[2025-04-02T16:56:19.156-0400] {logging_mixin.py:188} INFO - [2025-04-02T16:56:19.156-0400] {dag.py:3096} INFO - Sync 2 DAGs
[2025-04-02T16:56:19.157-0400] {logging_mixin.py:188} INFO - [2025-04-02T16:56:19.157-0400] {dag.py:3954} INFO - Setting next_dagrun for example_subdag_operator.section-1 to None, run_after=None
[2025-04-02T16:56:19.157-0400] {logging_mixin.py:188} INFO - [2025-04-02T16:56:19.157-0400] {dag.py:3954} INFO - Setting next_dagrun for example_subdag_operator.section-2 to None, run_after=None
[2025-04-02T16:56:19.161-0400] {processor.py:183} INFO - Processing /Users/prasenjeet.gadhe/Documents/05. Nokia_PoV/Parallel_Test/venv/lib/python3.9/site-packages/airflow/example_dags/example_subdag_operator.py took 0.096 seconds
[2025-04-02T16:58:11.529-0400] {processor.py:161} INFO - Started process (PID=5842) to work on /Users/prasenjeet.gadhe/Documents/05. Nokia_PoV/Parallel_Test/venv/lib/python3.9/site-packages/airflow/example_dags/example_subdag_operator.py
[2025-04-02T16:58:11.531-0400] {processor.py:830} INFO - Processing file /Users/prasenjeet.gadhe/Documents/05. Nokia_PoV/Parallel_Test/venv/lib/python3.9/site-packages/airflow/example_dags/example_subdag_operator.py for tasks to queue
[2025-04-02T16:58:11.531-0400] {logging_mixin.py:188} INFO - [2025-04-02T16:58:11.531-0400] {dagbag.py:540} INFO - Filling up the DagBag from /Users/prasenjeet.gadhe/Documents/05. Nokia_PoV/Parallel_Test/venv/lib/python3.9/site-packages/airflow/example_dags/example_subdag_operator.py
[2025-04-02T16:58:11.585-0400] {processor.py:840} INFO - DAG(s) 'example_subdag_operator.section-1', 'example_subdag_operator.section-2', 'example_subdag_operator' retrieved from /Users/prasenjeet.gadhe/Documents/05. Nokia_PoV/Parallel_Test/venv/lib/python3.9/site-packages/airflow/example_dags/example_subdag_operator.py
[2025-04-02T16:58:11.598-0400] {logging_mixin.py:188} INFO - [2025-04-02T16:58:11.598-0400] {dag.py:3096} INFO - Sync 3 DAGs
[2025-04-02T16:58:11.603-0400] {logging_mixin.py:188} INFO - [2025-04-02T16:58:11.603-0400] {dag.py:3954} INFO - Setting next_dagrun for example_subdag_operator to 2022-01-01 00:00:00+00:00, run_after=2022-01-01 00:00:00+00:00
[2025-04-02T16:58:11.604-0400] {logging_mixin.py:188} INFO - [2025-04-02T16:58:11.604-0400] {dag.py:3954} INFO - Setting next_dagrun for example_subdag_operator.section-1 to None, run_after=None
[2025-04-02T16:58:11.605-0400] {logging_mixin.py:188} INFO - [2025-04-02T16:58:11.605-0400] {dag.py:3954} INFO - Setting next_dagrun for example_subdag_operator.section-2 to None, run_after=None
[2025-04-02T16:58:11.606-0400] {logging_mixin.py:188} INFO - [2025-04-02T16:58:11.606-0400] {dag.py:3096} INFO - Sync 2 DAGs
[2025-04-02T16:58:11.608-0400] {logging_mixin.py:188} INFO - [2025-04-02T16:58:11.608-0400] {dag.py:3954} INFO - Setting next_dagrun for example_subdag_operator.section-1 to None, run_after=None
[2025-04-02T16:58:11.608-0400] {logging_mixin.py:188} INFO - [2025-04-02T16:58:11.608-0400] {dag.py:3954} INFO - Setting next_dagrun for example_subdag_operator.section-2 to None, run_after=None
[2025-04-02T16:58:11.612-0400] {processor.py:183} INFO - Processing /Users/prasenjeet.gadhe/Documents/05. Nokia_PoV/Parallel_Test/venv/lib/python3.9/site-packages/airflow/example_dags/example_subdag_operator.py took 0.084 seconds
[2025-04-02T17:00:03.067-0400] {processor.py:161} INFO - Started process (PID=19544) to work on /Users/prasenjeet.gadhe/Documents/05. Nokia_PoV/Parallel_Test/venv/lib/python3.9/site-packages/airflow/example_dags/example_subdag_operator.py
[2025-04-02T17:00:03.068-0400] {processor.py:830} INFO - Processing file /Users/prasenjeet.gadhe/Documents/05. Nokia_PoV/Parallel_Test/venv/lib/python3.9/site-packages/airflow/example_dags/example_subdag_operator.py for tasks to queue
[2025-04-02T17:00:03.068-0400] {logging_mixin.py:188} INFO - [2025-04-02T17:00:03.068-0400] {dagbag.py:540} INFO - Filling up the DagBag from /Users/prasenjeet.gadhe/Documents/05. Nokia_PoV/Parallel_Test/venv/lib/python3.9/site-packages/airflow/example_dags/example_subdag_operator.py
[2025-04-02T17:00:03.122-0400] {processor.py:840} INFO - DAG(s) 'example_subdag_operator.section-1', 'example_subdag_operator.section-2', 'example_subdag_operator' retrieved from /Users/prasenjeet.gadhe/Documents/05. Nokia_PoV/Parallel_Test/venv/lib/python3.9/site-packages/airflow/example_dags/example_subdag_operator.py
[2025-04-02T17:00:03.137-0400] {logging_mixin.py:188} INFO - [2025-04-02T17:00:03.136-0400] {dag.py:3096} INFO - Sync 3 DAGs
[2025-04-02T17:00:03.142-0400] {logging_mixin.py:188} INFO - [2025-04-02T17:00:03.142-0400] {dag.py:3954} INFO - Setting next_dagrun for example_subdag_operator to 2022-01-01 00:00:00+00:00, run_after=2022-01-01 00:00:00+00:00
[2025-04-02T17:00:03.143-0400] {logging_mixin.py:188} INFO - [2025-04-02T17:00:03.143-0400] {dag.py:3954} INFO - Setting next_dagrun for example_subdag_operator.section-1 to None, run_after=None
[2025-04-02T17:00:03.143-0400] {logging_mixin.py:188} INFO - [2025-04-02T17:00:03.143-0400] {dag.py:3954} INFO - Setting next_dagrun for example_subdag_operator.section-2 to None, run_after=None
[2025-04-02T17:00:03.145-0400] {logging_mixin.py:188} INFO - [2025-04-02T17:00:03.145-0400] {dag.py:3096} INFO - Sync 2 DAGs
[2025-04-02T17:00:03.146-0400] {logging_mixin.py:188} INFO - [2025-04-02T17:00:03.146-0400] {dag.py:3954} INFO - Setting next_dagrun for example_subdag_operator.section-1 to None, run_after=None
[2025-04-02T17:00:03.146-0400] {logging_mixin.py:188} INFO - [2025-04-02T17:00:03.146-0400] {dag.py:3954} INFO - Setting next_dagrun for example_subdag_operator.section-2 to None, run_after=None
[2025-04-02T17:00:03.150-0400] {processor.py:183} INFO - Processing /Users/prasenjeet.gadhe/Documents/05. Nokia_PoV/Parallel_Test/venv/lib/python3.9/site-packages/airflow/example_dags/example_subdag_operator.py took 0.084 seconds
[2025-04-02T17:01:55.783-0400] {processor.py:161} INFO - Started process (PID=33343) to work on /Users/prasenjeet.gadhe/Documents/05. Nokia_PoV/Parallel_Test/venv/lib/python3.9/site-packages/airflow/example_dags/example_subdag_operator.py
[2025-04-02T17:01:55.785-0400] {processor.py:830} INFO - Processing file /Users/prasenjeet.gadhe/Documents/05. Nokia_PoV/Parallel_Test/venv/lib/python3.9/site-packages/airflow/example_dags/example_subdag_operator.py for tasks to queue
[2025-04-02T17:01:55.785-0400] {logging_mixin.py:188} INFO - [2025-04-02T17:01:55.785-0400] {dagbag.py:540} INFO - Filling up the DagBag from /Users/prasenjeet.gadhe/Documents/05. Nokia_PoV/Parallel_Test/venv/lib/python3.9/site-packages/airflow/example_dags/example_subdag_operator.py
[2025-04-02T17:01:55.838-0400] {processor.py:840} INFO - DAG(s) 'example_subdag_operator.section-1', 'example_subdag_operator.section-2', 'example_subdag_operator' retrieved from /Users/prasenjeet.gadhe/Documents/05. Nokia_PoV/Parallel_Test/venv/lib/python3.9/site-packages/airflow/example_dags/example_subdag_operator.py
[2025-04-02T17:01:55.851-0400] {logging_mixin.py:188} INFO - [2025-04-02T17:01:55.851-0400] {dag.py:3096} INFO - Sync 3 DAGs
[2025-04-02T17:01:55.857-0400] {logging_mixin.py:188} INFO - [2025-04-02T17:01:55.857-0400] {dag.py:3954} INFO - Setting next_dagrun for example_subdag_operator to 2022-01-01 00:00:00+00:00, run_after=2022-01-01 00:00:00+00:00
[2025-04-02T17:01:55.858-0400] {logging_mixin.py:188} INFO - [2025-04-02T17:01:55.858-0400] {dag.py:3954} INFO - Setting next_dagrun for example_subdag_operator.section-1 to None, run_after=None
[2025-04-02T17:01:55.858-0400] {logging_mixin.py:188} INFO - [2025-04-02T17:01:55.858-0400] {dag.py:3954} INFO - Setting next_dagrun for example_subdag_operator.section-2 to None, run_after=None
[2025-04-02T17:01:55.860-0400] {logging_mixin.py:188} INFO - [2025-04-02T17:01:55.860-0400] {dag.py:3096} INFO - Sync 2 DAGs
[2025-04-02T17:01:55.861-0400] {logging_mixin.py:188} INFO - [2025-04-02T17:01:55.861-0400] {dag.py:3954} INFO - Setting next_dagrun for example_subdag_operator.section-1 to None, run_after=None
[2025-04-02T17:01:55.861-0400] {logging_mixin.py:188} INFO - [2025-04-02T17:01:55.861-0400] {dag.py:3954} INFO - Setting next_dagrun for example_subdag_operator.section-2 to None, run_after=None
[2025-04-02T17:01:55.865-0400] {processor.py:183} INFO - Processing /Users/prasenjeet.gadhe/Documents/05. Nokia_PoV/Parallel_Test/venv/lib/python3.9/site-packages/airflow/example_dags/example_subdag_operator.py took 0.083 seconds
[2025-04-02T17:03:47.701-0400] {processor.py:161} INFO - Started process (PID=47093) to work on /Users/prasenjeet.gadhe/Documents/05. Nokia_PoV/Parallel_Test/venv/lib/python3.9/site-packages/airflow/example_dags/example_subdag_operator.py
[2025-04-02T17:03:47.703-0400] {processor.py:830} INFO - Processing file /Users/prasenjeet.gadhe/Documents/05. Nokia_PoV/Parallel_Test/venv/lib/python3.9/site-packages/airflow/example_dags/example_subdag_operator.py for tasks to queue
[2025-04-02T17:03:47.703-0400] {logging_mixin.py:188} INFO - [2025-04-02T17:03:47.703-0400] {dagbag.py:540} INFO - Filling up the DagBag from /Users/prasenjeet.gadhe/Documents/05. Nokia_PoV/Parallel_Test/venv/lib/python3.9/site-packages/airflow/example_dags/example_subdag_operator.py
[2025-04-02T17:03:47.760-0400] {processor.py:840} INFO - DAG(s) 'example_subdag_operator.section-1', 'example_subdag_operator.section-2', 'example_subdag_operator' retrieved from /Users/prasenjeet.gadhe/Documents/05. Nokia_PoV/Parallel_Test/venv/lib/python3.9/site-packages/airflow/example_dags/example_subdag_operator.py
[2025-04-02T17:03:47.773-0400] {logging_mixin.py:188} INFO - [2025-04-02T17:03:47.773-0400] {dag.py:3096} INFO - Sync 3 DAGs
[2025-04-02T17:03:47.778-0400] {logging_mixin.py:188} INFO - [2025-04-02T17:03:47.778-0400] {dag.py:3954} INFO - Setting next_dagrun for example_subdag_operator to 2022-01-01 00:00:00+00:00, run_after=2022-01-01 00:00:00+00:00
[2025-04-02T17:03:47.779-0400] {logging_mixin.py:188} INFO - [2025-04-02T17:03:47.779-0400] {dag.py:3954} INFO - Setting next_dagrun for example_subdag_operator.section-1 to None, run_after=None
[2025-04-02T17:03:47.780-0400] {logging_mixin.py:188} INFO - [2025-04-02T17:03:47.779-0400] {dag.py:3954} INFO - Setting next_dagrun for example_subdag_operator.section-2 to None, run_after=None
[2025-04-02T17:03:47.781-0400] {logging_mixin.py:188} INFO - [2025-04-02T17:03:47.781-0400] {dag.py:3096} INFO - Sync 2 DAGs
[2025-04-02T17:03:47.782-0400] {logging_mixin.py:188} INFO - [2025-04-02T17:03:47.782-0400] {dag.py:3954} INFO - Setting next_dagrun for example_subdag_operator.section-1 to None, run_after=None
[2025-04-02T17:03:47.783-0400] {logging_mixin.py:188} INFO - [2025-04-02T17:03:47.783-0400] {dag.py:3954} INFO - Setting next_dagrun for example_subdag_operator.section-2 to None, run_after=None
[2025-04-02T17:03:47.787-0400] {processor.py:183} INFO - Processing /Users/prasenjeet.gadhe/Documents/05. Nokia_PoV/Parallel_Test/venv/lib/python3.9/site-packages/airflow/example_dags/example_subdag_operator.py took 0.087 seconds
[2025-04-02T17:05:36.824-0400] {processor.py:161} INFO - Started process (PID=60553) to work on /Users/prasenjeet.gadhe/Documents/05. Nokia_PoV/Parallel_Test/venv/lib/python3.9/site-packages/airflow/example_dags/example_subdag_operator.py
[2025-04-02T17:05:36.826-0400] {processor.py:830} INFO - Processing file /Users/prasenjeet.gadhe/Documents/05. Nokia_PoV/Parallel_Test/venv/lib/python3.9/site-packages/airflow/example_dags/example_subdag_operator.py for tasks to queue
[2025-04-02T17:05:36.826-0400] {logging_mixin.py:188} INFO - [2025-04-02T17:05:36.826-0400] {dagbag.py:540} INFO - Filling up the DagBag from /Users/prasenjeet.gadhe/Documents/05. Nokia_PoV/Parallel_Test/venv/lib/python3.9/site-packages/airflow/example_dags/example_subdag_operator.py
[2025-04-02T17:05:36.886-0400] {processor.py:840} INFO - DAG(s) 'example_subdag_operator.section-1', 'example_subdag_operator.section-2', 'example_subdag_operator' retrieved from /Users/prasenjeet.gadhe/Documents/05. Nokia_PoV/Parallel_Test/venv/lib/python3.9/site-packages/airflow/example_dags/example_subdag_operator.py
[2025-04-02T17:05:36.900-0400] {logging_mixin.py:188} INFO - [2025-04-02T17:05:36.900-0400] {dag.py:3096} INFO - Sync 3 DAGs
[2025-04-02T17:05:36.906-0400] {logging_mixin.py:188} INFO - [2025-04-02T17:05:36.906-0400] {dag.py:3954} INFO - Setting next_dagrun for example_subdag_operator to 2022-01-01 00:00:00+00:00, run_after=2022-01-01 00:00:00+00:00
[2025-04-02T17:05:36.907-0400] {logging_mixin.py:188} INFO - [2025-04-02T17:05:36.907-0400] {dag.py:3954} INFO - Setting next_dagrun for example_subdag_operator.section-1 to None, run_after=None
[2025-04-02T17:05:36.908-0400] {logging_mixin.py:188} INFO - [2025-04-02T17:05:36.908-0400] {dag.py:3954} INFO - Setting next_dagrun for example_subdag_operator.section-2 to None, run_after=None
[2025-04-02T17:05:36.910-0400] {logging_mixin.py:188} INFO - [2025-04-02T17:05:36.910-0400] {dag.py:3096} INFO - Sync 2 DAGs
[2025-04-02T17:05:36.911-0400] {logging_mixin.py:188} INFO - [2025-04-02T17:05:36.911-0400] {dag.py:3954} INFO - Setting next_dagrun for example_subdag_operator.section-1 to None, run_after=None
[2025-04-02T17:05:36.911-0400] {logging_mixin.py:188} INFO - [2025-04-02T17:05:36.911-0400] {dag.py:3954} INFO - Setting next_dagrun for example_subdag_operator.section-2 to None, run_after=None
[2025-04-02T17:05:36.916-0400] {processor.py:183} INFO - Processing /Users/prasenjeet.gadhe/Documents/05. Nokia_PoV/Parallel_Test/venv/lib/python3.9/site-packages/airflow/example_dags/example_subdag_operator.py took 0.092 seconds
[2025-04-02T17:07:30.893-0400] {processor.py:161} INFO - Started process (PID=74605) to work on /Users/prasenjeet.gadhe/Documents/05. Nokia_PoV/Parallel_Test/venv/lib/python3.9/site-packages/airflow/example_dags/example_subdag_operator.py
[2025-04-02T17:07:30.894-0400] {processor.py:830} INFO - Processing file /Users/prasenjeet.gadhe/Documents/05. Nokia_PoV/Parallel_Test/venv/lib/python3.9/site-packages/airflow/example_dags/example_subdag_operator.py for tasks to queue
[2025-04-02T17:07:30.894-0400] {logging_mixin.py:188} INFO - [2025-04-02T17:07:30.894-0400] {dagbag.py:540} INFO - Filling up the DagBag from /Users/prasenjeet.gadhe/Documents/05. Nokia_PoV/Parallel_Test/venv/lib/python3.9/site-packages/airflow/example_dags/example_subdag_operator.py
[2025-04-02T17:07:30.953-0400] {processor.py:840} INFO - DAG(s) 'example_subdag_operator.section-1', 'example_subdag_operator.section-2', 'example_subdag_operator' retrieved from /Users/prasenjeet.gadhe/Documents/05. Nokia_PoV/Parallel_Test/venv/lib/python3.9/site-packages/airflow/example_dags/example_subdag_operator.py
[2025-04-02T17:07:30.968-0400] {logging_mixin.py:188} INFO - [2025-04-02T17:07:30.967-0400] {dag.py:3096} INFO - Sync 3 DAGs
[2025-04-02T17:07:30.974-0400] {logging_mixin.py:188} INFO - [2025-04-02T17:07:30.974-0400] {dag.py:3954} INFO - Setting next_dagrun for example_subdag_operator to 2022-01-01 00:00:00+00:00, run_after=2022-01-01 00:00:00+00:00
[2025-04-02T17:07:30.975-0400] {logging_mixin.py:188} INFO - [2025-04-02T17:07:30.975-0400] {dag.py:3954} INFO - Setting next_dagrun for example_subdag_operator.section-1 to None, run_after=None
[2025-04-02T17:07:30.976-0400] {logging_mixin.py:188} INFO - [2025-04-02T17:07:30.976-0400] {dag.py:3954} INFO - Setting next_dagrun for example_subdag_operator.section-2 to None, run_after=None
[2025-04-02T17:07:30.978-0400] {logging_mixin.py:188} INFO - [2025-04-02T17:07:30.978-0400] {dag.py:3096} INFO - Sync 2 DAGs
[2025-04-02T17:07:30.979-0400] {logging_mixin.py:188} INFO - [2025-04-02T17:07:30.979-0400] {dag.py:3954} INFO - Setting next_dagrun for example_subdag_operator.section-1 to None, run_after=None
[2025-04-02T17:07:30.979-0400] {logging_mixin.py:188} INFO - [2025-04-02T17:07:30.979-0400] {dag.py:3954} INFO - Setting next_dagrun for example_subdag_operator.section-2 to None, run_after=None
[2025-04-02T17:07:30.983-0400] {processor.py:183} INFO - Processing /Users/prasenjeet.gadhe/Documents/05. Nokia_PoV/Parallel_Test/venv/lib/python3.9/site-packages/airflow/example_dags/example_subdag_operator.py took 0.092 seconds
[2025-04-02T17:09:26.935-0400] {processor.py:161} INFO - Started process (PID=88906) to work on /Users/prasenjeet.gadhe/Documents/05. Nokia_PoV/Parallel_Test/venv/lib/python3.9/site-packages/airflow/example_dags/example_subdag_operator.py
[2025-04-02T17:09:26.937-0400] {processor.py:830} INFO - Processing file /Users/prasenjeet.gadhe/Documents/05. Nokia_PoV/Parallel_Test/venv/lib/python3.9/site-packages/airflow/example_dags/example_subdag_operator.py for tasks to queue
[2025-04-02T17:09:26.937-0400] {logging_mixin.py:188} INFO - [2025-04-02T17:09:26.937-0400] {dagbag.py:540} INFO - Filling up the DagBag from /Users/prasenjeet.gadhe/Documents/05. Nokia_PoV/Parallel_Test/venv/lib/python3.9/site-packages/airflow/example_dags/example_subdag_operator.py
[2025-04-02T17:09:26.996-0400] {processor.py:840} INFO - DAG(s) 'example_subdag_operator.section-1', 'example_subdag_operator.section-2', 'example_subdag_operator' retrieved from /Users/prasenjeet.gadhe/Documents/05. Nokia_PoV/Parallel_Test/venv/lib/python3.9/site-packages/airflow/example_dags/example_subdag_operator.py
[2025-04-02T17:09:27.011-0400] {logging_mixin.py:188} INFO - [2025-04-02T17:09:27.010-0400] {dag.py:3096} INFO - Sync 3 DAGs
[2025-04-02T17:09:27.016-0400] {logging_mixin.py:188} INFO - [2025-04-02T17:09:27.016-0400] {dag.py:3954} INFO - Setting next_dagrun for example_subdag_operator to 2022-01-01 00:00:00+00:00, run_after=2022-01-01 00:00:00+00:00
[2025-04-02T17:09:27.017-0400] {logging_mixin.py:188} INFO - [2025-04-02T17:09:27.017-0400] {dag.py:3954} INFO - Setting next_dagrun for example_subdag_operator.section-1 to None, run_after=None
[2025-04-02T17:09:27.018-0400] {logging_mixin.py:188} INFO - [2025-04-02T17:09:27.018-0400] {dag.py:3954} INFO - Setting next_dagrun for example_subdag_operator.section-2 to None, run_after=None
[2025-04-02T17:09:27.020-0400] {logging_mixin.py:188} INFO - [2025-04-02T17:09:27.020-0400] {dag.py:3096} INFO - Sync 2 DAGs
[2025-04-02T17:09:27.021-0400] {logging_mixin.py:188} INFO - [2025-04-02T17:09:27.021-0400] {dag.py:3954} INFO - Setting next_dagrun for example_subdag_operator.section-1 to None, run_after=None
[2025-04-02T17:09:27.021-0400] {logging_mixin.py:188} INFO - [2025-04-02T17:09:27.021-0400] {dag.py:3954} INFO - Setting next_dagrun for example_subdag_operator.section-2 to None, run_after=None
[2025-04-02T17:09:27.025-0400] {processor.py:183} INFO - Processing /Users/prasenjeet.gadhe/Documents/05. Nokia_PoV/Parallel_Test/venv/lib/python3.9/site-packages/airflow/example_dags/example_subdag_operator.py took 0.091 seconds
[2025-04-02T17:11:15.305-0400] {processor.py:161} INFO - Started process (PID=2629) to work on /Users/prasenjeet.gadhe/Documents/05. Nokia_PoV/Parallel_Test/venv/lib/python3.9/site-packages/airflow/example_dags/example_subdag_operator.py
[2025-04-02T17:11:15.307-0400] {processor.py:830} INFO - Processing file /Users/prasenjeet.gadhe/Documents/05. Nokia_PoV/Parallel_Test/venv/lib/python3.9/site-packages/airflow/example_dags/example_subdag_operator.py for tasks to queue
[2025-04-02T17:11:15.307-0400] {logging_mixin.py:188} INFO - [2025-04-02T17:11:15.307-0400] {dagbag.py:540} INFO - Filling up the DagBag from /Users/prasenjeet.gadhe/Documents/05. Nokia_PoV/Parallel_Test/venv/lib/python3.9/site-packages/airflow/example_dags/example_subdag_operator.py
[2025-04-02T17:11:15.369-0400] {processor.py:840} INFO - DAG(s) 'example_subdag_operator.section-1', 'example_subdag_operator.section-2', 'example_subdag_operator' retrieved from /Users/prasenjeet.gadhe/Documents/05. Nokia_PoV/Parallel_Test/venv/lib/python3.9/site-packages/airflow/example_dags/example_subdag_operator.py
[2025-04-02T17:11:15.383-0400] {logging_mixin.py:188} INFO - [2025-04-02T17:11:15.382-0400] {dag.py:3096} INFO - Sync 3 DAGs
[2025-04-02T17:11:15.388-0400] {logging_mixin.py:188} INFO - [2025-04-02T17:11:15.388-0400] {dag.py:3954} INFO - Setting next_dagrun for example_subdag_operator to 2022-01-01 00:00:00+00:00, run_after=2022-01-01 00:00:00+00:00
[2025-04-02T17:11:15.389-0400] {logging_mixin.py:188} INFO - [2025-04-02T17:11:15.389-0400] {dag.py:3954} INFO - Setting next_dagrun for example_subdag_operator.section-1 to None, run_after=None
[2025-04-02T17:11:15.389-0400] {logging_mixin.py:188} INFO - [2025-04-02T17:11:15.389-0400] {dag.py:3954} INFO - Setting next_dagrun for example_subdag_operator.section-2 to None, run_after=None
[2025-04-02T17:11:15.391-0400] {logging_mixin.py:188} INFO - [2025-04-02T17:11:15.391-0400] {dag.py:3096} INFO - Sync 2 DAGs
[2025-04-02T17:11:15.392-0400] {logging_mixin.py:188} INFO - [2025-04-02T17:11:15.392-0400] {dag.py:3954} INFO - Setting next_dagrun for example_subdag_operator.section-1 to None, run_after=None
[2025-04-02T17:11:15.392-0400] {logging_mixin.py:188} INFO - [2025-04-02T17:11:15.392-0400] {dag.py:3954} INFO - Setting next_dagrun for example_subdag_operator.section-2 to None, run_after=None
[2025-04-02T17:11:15.397-0400] {processor.py:183} INFO - Processing /Users/prasenjeet.gadhe/Documents/05. Nokia_PoV/Parallel_Test/venv/lib/python3.9/site-packages/airflow/example_dags/example_subdag_operator.py took 0.093 seconds
[2025-04-02T17:26:15.270-0400] {processor.py:161} INFO - Started process (PID=14765) to work on /Users/prasenjeet.gadhe/Documents/05. Nokia_PoV/Parallel_Test/venv/lib/python3.9/site-packages/airflow/example_dags/example_subdag_operator.py
[2025-04-02T17:26:15.271-0400] {processor.py:830} INFO - Processing file /Users/prasenjeet.gadhe/Documents/05. Nokia_PoV/Parallel_Test/venv/lib/python3.9/site-packages/airflow/example_dags/example_subdag_operator.py for tasks to queue
[2025-04-02T17:26:15.272-0400] {logging_mixin.py:188} INFO - [2025-04-02T17:26:15.272-0400] {dagbag.py:540} INFO - Filling up the DagBag from /Users/prasenjeet.gadhe/Documents/05. Nokia_PoV/Parallel_Test/venv/lib/python3.9/site-packages/airflow/example_dags/example_subdag_operator.py
[2025-04-02T17:26:15.330-0400] {processor.py:840} INFO - DAG(s) 'example_subdag_operator.section-1', 'example_subdag_operator.section-2', 'example_subdag_operator' retrieved from /Users/prasenjeet.gadhe/Documents/05. Nokia_PoV/Parallel_Test/venv/lib/python3.9/site-packages/airflow/example_dags/example_subdag_operator.py
[2025-04-02T17:26:15.377-0400] {logging_mixin.py:188} INFO - [2025-04-02T17:26:15.376-0400] {dag.py:3096} INFO - Sync 3 DAGs
[2025-04-02T17:26:15.383-0400] {logging_mixin.py:188} INFO - [2025-04-02T17:26:15.383-0400] {dag.py:3954} INFO - Setting next_dagrun for example_subdag_operator to 2022-01-01 00:00:00+00:00, run_after=2022-01-01 00:00:00+00:00
[2025-04-02T17:26:15.384-0400] {logging_mixin.py:188} INFO - [2025-04-02T17:26:15.384-0400] {dag.py:3954} INFO - Setting next_dagrun for example_subdag_operator.section-1 to None, run_after=None
[2025-04-02T17:26:15.384-0400] {logging_mixin.py:188} INFO - [2025-04-02T17:26:15.384-0400] {dag.py:3954} INFO - Setting next_dagrun for example_subdag_operator.section-2 to None, run_after=None
[2025-04-02T17:26:15.386-0400] {logging_mixin.py:188} INFO - [2025-04-02T17:26:15.386-0400] {dag.py:3096} INFO - Sync 2 DAGs
[2025-04-02T17:26:15.388-0400] {logging_mixin.py:188} INFO - [2025-04-02T17:26:15.388-0400] {dag.py:3954} INFO - Setting next_dagrun for example_subdag_operator.section-1 to None, run_after=None
[2025-04-02T17:26:15.388-0400] {logging_mixin.py:188} INFO - [2025-04-02T17:26:15.388-0400] {dag.py:3954} INFO - Setting next_dagrun for example_subdag_operator.section-2 to None, run_after=None
[2025-04-02T17:26:15.393-0400] {processor.py:183} INFO - Processing /Users/prasenjeet.gadhe/Documents/05. Nokia_PoV/Parallel_Test/venv/lib/python3.9/site-packages/airflow/example_dags/example_subdag_operator.py took 0.124 seconds
