[2025-04-02T16:39:54.312-0400] {processor.py:161} INFO - Started process (PID=69270) to work on /Users/prasenjeet.gadhe/Documents/05. Nokia_PoV/Parallel_Test/venv/lib/python3.9/site-packages/airflow/example_dags/example_params_trigger_ui.py
[2025-04-02T16:39:54.313-0400] {processor.py:830} INFO - Processing file /Users/prasenjeet.gadhe/Documents/05. Nokia_PoV/Parallel_Test/venv/lib/python3.9/site-packages/airflow/example_dags/example_params_trigger_ui.py for tasks to queue
[2025-04-02T16:39:54.314-0400] {logging_mixin.py:188} INFO - [2025-04-02T16:39:54.314-0400] {dagbag.py:540} INFO - Filling up the DagBag from /Users/prasenjeet.gadhe/Documents/05. Nokia_PoV/Parallel_Test/venv/lib/python3.9/site-packages/airflow/example_dags/example_params_trigger_ui.py
[2025-04-02T16:39:54.329-0400] {processor.py:840} INFO - DAG(s) 'example_params_trigger_ui' retrieved from /Users/prasenjeet.gadhe/Documents/05. Nokia_PoV/Parallel_Test/venv/lib/python3.9/site-packages/airflow/example_dags/example_params_trigger_ui.py
[2025-04-02T16:39:54.423-0400] {logging_mixin.py:188} INFO - [2025-04-02T16:39:54.423-0400] {override.py:1829} INFO - Created Permission View: can edit on DAG:example_params_trigger_ui
[2025-04-02T16:39:54.426-0400] {logging_mixin.py:188} INFO - [2025-04-02T16:39:54.426-0400] {override.py:1829} INFO - Created Permission View: can delete on DAG:example_params_trigger_ui
[2025-04-02T16:39:54.428-0400] {logging_mixin.py:188} INFO - [2025-04-02T16:39:54.428-0400] {override.py:1829} INFO - Created Permission View: can read on DAG:example_params_trigger_ui
[2025-04-02T16:39:54.428-0400] {logging_mixin.py:188} INFO - [2025-04-02T16:39:54.428-0400] {dag.py:3096} INFO - Sync 1 DAGs
[2025-04-02T16:39:54.432-0400] {logging_mixin.py:188} INFO - [2025-04-02T16:39:54.432-0400] {dag.py:3118} INFO - Creating ORM DAG for example_params_trigger_ui
[2025-04-02T16:39:54.432-0400] {logging_mixin.py:188} INFO - [2025-04-02T16:39:54.432-0400] {dag.py:3954} INFO - Setting next_dagrun for example_params_trigger_ui to None, run_after=None
[2025-04-02T16:39:54.439-0400] {processor.py:183} INFO - Processing /Users/prasenjeet.gadhe/Documents/05. Nokia_PoV/Parallel_Test/venv/lib/python3.9/site-packages/airflow/example_dags/example_params_trigger_ui.py took 0.127 seconds
[2025-04-02T16:41:21.544-0400] {processor.py:161} INFO - Started process (PID=80229) to work on /Users/prasenjeet.gadhe/Documents/05. Nokia_PoV/Parallel_Test/venv/lib/python3.9/site-packages/airflow/example_dags/example_params_trigger_ui.py
[2025-04-02T16:41:21.546-0400] {processor.py:830} INFO - Processing file /Users/prasenjeet.gadhe/Documents/05. Nokia_PoV/Parallel_Test/venv/lib/python3.9/site-packages/airflow/example_dags/example_params_trigger_ui.py for tasks to queue
[2025-04-02T16:41:21.546-0400] {logging_mixin.py:188} INFO - [2025-04-02T16:41:21.546-0400] {dagbag.py:540} INFO - Filling up the DagBag from /Users/prasenjeet.gadhe/Documents/05. Nokia_PoV/Parallel_Test/venv/lib/python3.9/site-packages/airflow/example_dags/example_params_trigger_ui.py
[2025-04-02T16:41:21.562-0400] {processor.py:840} INFO - DAG(s) 'example_params_trigger_ui' retrieved from /Users/prasenjeet.gadhe/Documents/05. Nokia_PoV/Parallel_Test/venv/lib/python3.9/site-packages/airflow/example_dags/example_params_trigger_ui.py
[2025-04-02T16:41:21.628-0400] {logging_mixin.py:188} INFO - [2025-04-02T16:41:21.628-0400] {dag.py:3096} INFO - Sync 1 DAGs
[2025-04-02T16:41:21.632-0400] {logging_mixin.py:188} INFO - [2025-04-02T16:41:21.632-0400] {dag.py:3954} INFO - Setting next_dagrun for example_params_trigger_ui to None, run_after=None
[2025-04-02T16:41:21.639-0400] {processor.py:183} INFO - Processing /Users/prasenjeet.gadhe/Documents/05. Nokia_PoV/Parallel_Test/venv/lib/python3.9/site-packages/airflow/example_dags/example_params_trigger_ui.py took 0.096 seconds
[2025-04-02T16:43:17.049-0400] {processor.py:161} INFO - Started process (PID=94491) to work on /Users/prasenjeet.gadhe/Documents/05. Nokia_PoV/Parallel_Test/venv/lib/python3.9/site-packages/airflow/example_dags/example_params_trigger_ui.py
[2025-04-02T16:43:17.050-0400] {processor.py:830} INFO - Processing file /Users/prasenjeet.gadhe/Documents/05. Nokia_PoV/Parallel_Test/venv/lib/python3.9/site-packages/airflow/example_dags/example_params_trigger_ui.py for tasks to queue
[2025-04-02T16:43:17.050-0400] {logging_mixin.py:188} INFO - [2025-04-02T16:43:17.050-0400] {dagbag.py:540} INFO - Filling up the DagBag from /Users/prasenjeet.gadhe/Documents/05. Nokia_PoV/Parallel_Test/venv/lib/python3.9/site-packages/airflow/example_dags/example_params_trigger_ui.py
[2025-04-02T16:43:17.065-0400] {processor.py:840} INFO - DAG(s) 'example_params_trigger_ui' retrieved from /Users/prasenjeet.gadhe/Documents/05. Nokia_PoV/Parallel_Test/venv/lib/python3.9/site-packages/airflow/example_dags/example_params_trigger_ui.py
[2025-04-02T16:43:17.128-0400] {logging_mixin.py:188} INFO - [2025-04-02T16:43:17.128-0400] {dag.py:3096} INFO - Sync 1 DAGs
[2025-04-02T16:43:17.132-0400] {logging_mixin.py:188} INFO - [2025-04-02T16:43:17.132-0400] {dag.py:3954} INFO - Setting next_dagrun for example_params_trigger_ui to None, run_after=None
[2025-04-02T16:43:17.138-0400] {processor.py:183} INFO - Processing /Users/prasenjeet.gadhe/Documents/05. Nokia_PoV/Parallel_Test/venv/lib/python3.9/site-packages/airflow/example_dags/example_params_trigger_ui.py took 0.090 seconds
[2025-04-02T16:46:16.685-0400] {processor.py:161} INFO - Started process (PID=17058) to work on /Users/prasenjeet.gadhe/Documents/05. Nokia_PoV/Parallel_Test/venv/lib/python3.9/site-packages/airflow/example_dags/example_params_trigger_ui.py
[2025-04-02T16:46:16.686-0400] {processor.py:830} INFO - Processing file /Users/prasenjeet.gadhe/Documents/05. Nokia_PoV/Parallel_Test/venv/lib/python3.9/site-packages/airflow/example_dags/example_params_trigger_ui.py for tasks to queue
[2025-04-02T16:46:16.687-0400] {logging_mixin.py:188} INFO - [2025-04-02T16:46:16.686-0400] {dagbag.py:540} INFO - Filling up the DagBag from /Users/prasenjeet.gadhe/Documents/05. Nokia_PoV/Parallel_Test/venv/lib/python3.9/site-packages/airflow/example_dags/example_params_trigger_ui.py
[2025-04-02T16:46:16.704-0400] {processor.py:840} INFO - DAG(s) 'example_params_trigger_ui' retrieved from /Users/prasenjeet.gadhe/Documents/05. Nokia_PoV/Parallel_Test/venv/lib/python3.9/site-packages/airflow/example_dags/example_params_trigger_ui.py
[2025-04-02T16:46:16.768-0400] {logging_mixin.py:188} INFO - [2025-04-02T16:46:16.767-0400] {dag.py:3096} INFO - Sync 1 DAGs
[2025-04-02T16:46:16.771-0400] {logging_mixin.py:188} INFO - [2025-04-02T16:46:16.771-0400] {dag.py:3954} INFO - Setting next_dagrun for example_params_trigger_ui to None, run_after=None
[2025-04-02T16:46:16.777-0400] {processor.py:183} INFO - Processing /Users/prasenjeet.gadhe/Documents/05. Nokia_PoV/Parallel_Test/venv/lib/python3.9/site-packages/airflow/example_dags/example_params_trigger_ui.py took 0.093 seconds
[2025-04-02T16:47:44.809-0400] {processor.py:161} INFO - Started process (PID=28061) to work on /Users/prasenjeet.gadhe/Documents/05. Nokia_PoV/Parallel_Test/venv/lib/python3.9/site-packages/airflow/example_dags/example_params_trigger_ui.py
[2025-04-02T16:47:44.810-0400] {processor.py:830} INFO - Processing file /Users/prasenjeet.gadhe/Documents/05. Nokia_PoV/Parallel_Test/venv/lib/python3.9/site-packages/airflow/example_dags/example_params_trigger_ui.py for tasks to queue
[2025-04-02T16:47:44.811-0400] {logging_mixin.py:188} INFO - [2025-04-02T16:47:44.811-0400] {dagbag.py:540} INFO - Filling up the DagBag from /Users/prasenjeet.gadhe/Documents/05. Nokia_PoV/Parallel_Test/venv/lib/python3.9/site-packages/airflow/example_dags/example_params_trigger_ui.py
[2025-04-02T16:47:44.826-0400] {processor.py:840} INFO - DAG(s) 'example_params_trigger_ui' retrieved from /Users/prasenjeet.gadhe/Documents/05. Nokia_PoV/Parallel_Test/venv/lib/python3.9/site-packages/airflow/example_dags/example_params_trigger_ui.py
[2025-04-02T16:47:44.890-0400] {logging_mixin.py:188} INFO - [2025-04-02T16:47:44.890-0400] {dag.py:3096} INFO - Sync 1 DAGs
[2025-04-02T16:47:44.894-0400] {logging_mixin.py:188} INFO - [2025-04-02T16:47:44.893-0400] {dag.py:3954} INFO - Setting next_dagrun for example_params_trigger_ui to None, run_after=None
[2025-04-02T16:47:44.900-0400] {processor.py:183} INFO - Processing /Users/prasenjeet.gadhe/Documents/05. Nokia_PoV/Parallel_Test/venv/lib/python3.9/site-packages/airflow/example_dags/example_params_trigger_ui.py took 0.092 seconds
[2025-04-02T16:49:36.661-0400] {processor.py:161} INFO - Started process (PID=41886) to work on /Users/prasenjeet.gadhe/Documents/05. Nokia_PoV/Parallel_Test/venv/lib/python3.9/site-packages/airflow/example_dags/example_params_trigger_ui.py
[2025-04-02T16:49:36.662-0400] {processor.py:830} INFO - Processing file /Users/prasenjeet.gadhe/Documents/05. Nokia_PoV/Parallel_Test/venv/lib/python3.9/site-packages/airflow/example_dags/example_params_trigger_ui.py for tasks to queue
[2025-04-02T16:49:36.663-0400] {logging_mixin.py:188} INFO - [2025-04-02T16:49:36.662-0400] {dagbag.py:540} INFO - Filling up the DagBag from /Users/prasenjeet.gadhe/Documents/05. Nokia_PoV/Parallel_Test/venv/lib/python3.9/site-packages/airflow/example_dags/example_params_trigger_ui.py
[2025-04-02T16:49:36.682-0400] {processor.py:840} INFO - DAG(s) 'example_params_trigger_ui' retrieved from /Users/prasenjeet.gadhe/Documents/05. Nokia_PoV/Parallel_Test/venv/lib/python3.9/site-packages/airflow/example_dags/example_params_trigger_ui.py
[2025-04-02T16:49:36.750-0400] {logging_mixin.py:188} INFO - [2025-04-02T16:49:36.749-0400] {dag.py:3096} INFO - Sync 1 DAGs
[2025-04-02T16:49:36.753-0400] {logging_mixin.py:188} INFO - [2025-04-02T16:49:36.753-0400] {dag.py:3954} INFO - Setting next_dagrun for example_params_trigger_ui to None, run_after=None
[2025-04-02T16:49:36.760-0400] {processor.py:183} INFO - Processing /Users/prasenjeet.gadhe/Documents/05. Nokia_PoV/Parallel_Test/venv/lib/python3.9/site-packages/airflow/example_dags/example_params_trigger_ui.py took 0.100 seconds
[2025-04-02T16:51:27.526-0400] {processor.py:161} INFO - Started process (PID=55648) to work on /Users/prasenjeet.gadhe/Documents/05. Nokia_PoV/Parallel_Test/venv/lib/python3.9/site-packages/airflow/example_dags/example_params_trigger_ui.py
[2025-04-02T16:51:27.528-0400] {processor.py:830} INFO - Processing file /Users/prasenjeet.gadhe/Documents/05. Nokia_PoV/Parallel_Test/venv/lib/python3.9/site-packages/airflow/example_dags/example_params_trigger_ui.py for tasks to queue
[2025-04-02T16:51:27.528-0400] {logging_mixin.py:188} INFO - [2025-04-02T16:51:27.528-0400] {dagbag.py:540} INFO - Filling up the DagBag from /Users/prasenjeet.gadhe/Documents/05. Nokia_PoV/Parallel_Test/venv/lib/python3.9/site-packages/airflow/example_dags/example_params_trigger_ui.py
[2025-04-02T16:51:27.545-0400] {processor.py:840} INFO - DAG(s) 'example_params_trigger_ui' retrieved from /Users/prasenjeet.gadhe/Documents/05. Nokia_PoV/Parallel_Test/venv/lib/python3.9/site-packages/airflow/example_dags/example_params_trigger_ui.py
[2025-04-02T16:51:27.617-0400] {logging_mixin.py:188} INFO - [2025-04-02T16:51:27.617-0400] {dag.py:3096} INFO - Sync 1 DAGs
[2025-04-02T16:51:27.621-0400] {logging_mixin.py:188} INFO - [2025-04-02T16:51:27.621-0400] {dag.py:3954} INFO - Setting next_dagrun for example_params_trigger_ui to None, run_after=None
[2025-04-02T16:51:27.628-0400] {processor.py:183} INFO - Processing /Users/prasenjeet.gadhe/Documents/05. Nokia_PoV/Parallel_Test/venv/lib/python3.9/site-packages/airflow/example_dags/example_params_trigger_ui.py took 0.103 seconds
[2025-04-02T16:52:54.395-0400] {processor.py:161} INFO - Started process (PID=66389) to work on /Users/prasenjeet.gadhe/Documents/05. Nokia_PoV/Parallel_Test/venv/lib/python3.9/site-packages/airflow/example_dags/example_params_trigger_ui.py
[2025-04-02T16:52:54.397-0400] {processor.py:830} INFO - Processing file /Users/prasenjeet.gadhe/Documents/05. Nokia_PoV/Parallel_Test/venv/lib/python3.9/site-packages/airflow/example_dags/example_params_trigger_ui.py for tasks to queue
[2025-04-02T16:52:54.397-0400] {logging_mixin.py:188} INFO - [2025-04-02T16:52:54.397-0400] {dagbag.py:540} INFO - Filling up the DagBag from /Users/prasenjeet.gadhe/Documents/05. Nokia_PoV/Parallel_Test/venv/lib/python3.9/site-packages/airflow/example_dags/example_params_trigger_ui.py
[2025-04-02T16:52:54.413-0400] {processor.py:840} INFO - DAG(s) 'example_params_trigger_ui' retrieved from /Users/prasenjeet.gadhe/Documents/05. Nokia_PoV/Parallel_Test/venv/lib/python3.9/site-packages/airflow/example_dags/example_params_trigger_ui.py
[2025-04-02T16:52:54.475-0400] {logging_mixin.py:188} INFO - [2025-04-02T16:52:54.475-0400] {dag.py:3096} INFO - Sync 1 DAGs
[2025-04-02T16:52:54.479-0400] {logging_mixin.py:188} INFO - [2025-04-02T16:52:54.479-0400] {dag.py:3954} INFO - Setting next_dagrun for example_params_trigger_ui to None, run_after=None
[2025-04-02T16:52:54.485-0400] {processor.py:183} INFO - Processing /Users/prasenjeet.gadhe/Documents/05. Nokia_PoV/Parallel_Test/venv/lib/python3.9/site-packages/airflow/example_dags/example_params_trigger_ui.py took 0.091 seconds
[2025-04-02T16:54:44.727-0400] {processor.py:161} INFO - Started process (PID=80004) to work on /Users/prasenjeet.gadhe/Documents/05. Nokia_PoV/Parallel_Test/venv/lib/python3.9/site-packages/airflow/example_dags/example_params_trigger_ui.py
[2025-04-02T16:54:44.728-0400] {processor.py:830} INFO - Processing file /Users/prasenjeet.gadhe/Documents/05. Nokia_PoV/Parallel_Test/venv/lib/python3.9/site-packages/airflow/example_dags/example_params_trigger_ui.py for tasks to queue
[2025-04-02T16:54:44.728-0400] {logging_mixin.py:188} INFO - [2025-04-02T16:54:44.728-0400] {dagbag.py:540} INFO - Filling up the DagBag from /Users/prasenjeet.gadhe/Documents/05. Nokia_PoV/Parallel_Test/venv/lib/python3.9/site-packages/airflow/example_dags/example_params_trigger_ui.py
[2025-04-02T16:54:44.744-0400] {processor.py:840} INFO - DAG(s) 'example_params_trigger_ui' retrieved from /Users/prasenjeet.gadhe/Documents/05. Nokia_PoV/Parallel_Test/venv/lib/python3.9/site-packages/airflow/example_dags/example_params_trigger_ui.py
[2025-04-02T16:54:44.810-0400] {logging_mixin.py:188} INFO - [2025-04-02T16:54:44.810-0400] {dag.py:3096} INFO - Sync 1 DAGs
[2025-04-02T16:54:44.814-0400] {logging_mixin.py:188} INFO - [2025-04-02T16:54:44.814-0400] {dag.py:3954} INFO - Setting next_dagrun for example_params_trigger_ui to None, run_after=None
[2025-04-02T16:54:44.821-0400] {processor.py:183} INFO - Processing /Users/prasenjeet.gadhe/Documents/05. Nokia_PoV/Parallel_Test/venv/lib/python3.9/site-packages/airflow/example_dags/example_params_trigger_ui.py took 0.095 seconds
[2025-04-02T16:56:40.416-0400] {processor.py:161} INFO - Started process (PID=94331) to work on /Users/prasenjeet.gadhe/Documents/05. Nokia_PoV/Parallel_Test/venv/lib/python3.9/site-packages/airflow/example_dags/example_params_trigger_ui.py
[2025-04-02T16:56:40.417-0400] {processor.py:830} INFO - Processing file /Users/prasenjeet.gadhe/Documents/05. Nokia_PoV/Parallel_Test/venv/lib/python3.9/site-packages/airflow/example_dags/example_params_trigger_ui.py for tasks to queue
[2025-04-02T16:56:40.418-0400] {logging_mixin.py:188} INFO - [2025-04-02T16:56:40.418-0400] {dagbag.py:540} INFO - Filling up the DagBag from /Users/prasenjeet.gadhe/Documents/05. Nokia_PoV/Parallel_Test/venv/lib/python3.9/site-packages/airflow/example_dags/example_params_trigger_ui.py
[2025-04-02T16:56:40.434-0400] {processor.py:840} INFO - DAG(s) 'example_params_trigger_ui' retrieved from /Users/prasenjeet.gadhe/Documents/05. Nokia_PoV/Parallel_Test/venv/lib/python3.9/site-packages/airflow/example_dags/example_params_trigger_ui.py
[2025-04-02T16:56:40.497-0400] {logging_mixin.py:188} INFO - [2025-04-02T16:56:40.497-0400] {dag.py:3096} INFO - Sync 1 DAGs
[2025-04-02T16:56:40.501-0400] {logging_mixin.py:188} INFO - [2025-04-02T16:56:40.501-0400] {dag.py:3954} INFO - Setting next_dagrun for example_params_trigger_ui to None, run_after=None
[2025-04-02T16:56:40.507-0400] {processor.py:183} INFO - Processing /Users/prasenjeet.gadhe/Documents/05. Nokia_PoV/Parallel_Test/venv/lib/python3.9/site-packages/airflow/example_dags/example_params_trigger_ui.py took 0.092 seconds
[2025-04-02T16:58:33.807-0400] {processor.py:161} INFO - Started process (PID=8613) to work on /Users/prasenjeet.gadhe/Documents/05. Nokia_PoV/Parallel_Test/venv/lib/python3.9/site-packages/airflow/example_dags/example_params_trigger_ui.py
[2025-04-02T16:58:33.809-0400] {processor.py:830} INFO - Processing file /Users/prasenjeet.gadhe/Documents/05. Nokia_PoV/Parallel_Test/venv/lib/python3.9/site-packages/airflow/example_dags/example_params_trigger_ui.py for tasks to queue
[2025-04-02T16:58:33.809-0400] {logging_mixin.py:188} INFO - [2025-04-02T16:58:33.809-0400] {dagbag.py:540} INFO - Filling up the DagBag from /Users/prasenjeet.gadhe/Documents/05. Nokia_PoV/Parallel_Test/venv/lib/python3.9/site-packages/airflow/example_dags/example_params_trigger_ui.py
[2025-04-02T16:58:33.825-0400] {processor.py:840} INFO - DAG(s) 'example_params_trigger_ui' retrieved from /Users/prasenjeet.gadhe/Documents/05. Nokia_PoV/Parallel_Test/venv/lib/python3.9/site-packages/airflow/example_dags/example_params_trigger_ui.py
[2025-04-02T16:58:33.887-0400] {logging_mixin.py:188} INFO - [2025-04-02T16:58:33.887-0400] {dag.py:3096} INFO - Sync 1 DAGs
[2025-04-02T16:58:33.891-0400] {logging_mixin.py:188} INFO - [2025-04-02T16:58:33.891-0400] {dag.py:3954} INFO - Setting next_dagrun for example_params_trigger_ui to None, run_after=None
[2025-04-02T16:58:33.897-0400] {processor.py:183} INFO - Processing /Users/prasenjeet.gadhe/Documents/05. Nokia_PoV/Parallel_Test/venv/lib/python3.9/site-packages/airflow/example_dags/example_params_trigger_ui.py took 0.091 seconds
[2025-04-02T17:00:25.799-0400] {processor.py:161} INFO - Started process (PID=22356) to work on /Users/prasenjeet.gadhe/Documents/05. Nokia_PoV/Parallel_Test/venv/lib/python3.9/site-packages/airflow/example_dags/example_params_trigger_ui.py
[2025-04-02T17:00:25.800-0400] {processor.py:830} INFO - Processing file /Users/prasenjeet.gadhe/Documents/05. Nokia_PoV/Parallel_Test/venv/lib/python3.9/site-packages/airflow/example_dags/example_params_trigger_ui.py for tasks to queue
[2025-04-02T17:00:25.801-0400] {logging_mixin.py:188} INFO - [2025-04-02T17:00:25.801-0400] {dagbag.py:540} INFO - Filling up the DagBag from /Users/prasenjeet.gadhe/Documents/05. Nokia_PoV/Parallel_Test/venv/lib/python3.9/site-packages/airflow/example_dags/example_params_trigger_ui.py
[2025-04-02T17:00:25.819-0400] {processor.py:840} INFO - DAG(s) 'example_params_trigger_ui' retrieved from /Users/prasenjeet.gadhe/Documents/05. Nokia_PoV/Parallel_Test/venv/lib/python3.9/site-packages/airflow/example_dags/example_params_trigger_ui.py
[2025-04-02T17:00:25.885-0400] {logging_mixin.py:188} INFO - [2025-04-02T17:00:25.884-0400] {dag.py:3096} INFO - Sync 1 DAGs
[2025-04-02T17:00:25.888-0400] {logging_mixin.py:188} INFO - [2025-04-02T17:00:25.888-0400] {dag.py:3954} INFO - Setting next_dagrun for example_params_trigger_ui to None, run_after=None
[2025-04-02T17:00:25.894-0400] {processor.py:183} INFO - Processing /Users/prasenjeet.gadhe/Documents/05. Nokia_PoV/Parallel_Test/venv/lib/python3.9/site-packages/airflow/example_dags/example_params_trigger_ui.py took 0.097 seconds
[2025-04-02T17:02:18.576-0400] {processor.py:161} INFO - Started process (PID=36198) to work on /Users/prasenjeet.gadhe/Documents/05. Nokia_PoV/Parallel_Test/venv/lib/python3.9/site-packages/airflow/example_dags/example_params_trigger_ui.py
[2025-04-02T17:02:18.578-0400] {processor.py:830} INFO - Processing file /Users/prasenjeet.gadhe/Documents/05. Nokia_PoV/Parallel_Test/venv/lib/python3.9/site-packages/airflow/example_dags/example_params_trigger_ui.py for tasks to queue
[2025-04-02T17:02:18.578-0400] {logging_mixin.py:188} INFO - [2025-04-02T17:02:18.578-0400] {dagbag.py:540} INFO - Filling up the DagBag from /Users/prasenjeet.gadhe/Documents/05. Nokia_PoV/Parallel_Test/venv/lib/python3.9/site-packages/airflow/example_dags/example_params_trigger_ui.py
[2025-04-02T17:02:18.596-0400] {processor.py:840} INFO - DAG(s) 'example_params_trigger_ui' retrieved from /Users/prasenjeet.gadhe/Documents/05. Nokia_PoV/Parallel_Test/venv/lib/python3.9/site-packages/airflow/example_dags/example_params_trigger_ui.py
[2025-04-02T17:02:18.673-0400] {logging_mixin.py:188} INFO - [2025-04-02T17:02:18.672-0400] {dag.py:3096} INFO - Sync 1 DAGs
[2025-04-02T17:02:18.677-0400] {logging_mixin.py:188} INFO - [2025-04-02T17:02:18.677-0400] {dag.py:3954} INFO - Setting next_dagrun for example_params_trigger_ui to None, run_after=None
[2025-04-02T17:02:18.684-0400] {processor.py:183} INFO - Processing /Users/prasenjeet.gadhe/Documents/05. Nokia_PoV/Parallel_Test/venv/lib/python3.9/site-packages/airflow/example_dags/example_params_trigger_ui.py took 0.110 seconds
[2025-04-02T17:04:10.533-0400] {processor.py:161} INFO - Started process (PID=49960) to work on /Users/prasenjeet.gadhe/Documents/05. Nokia_PoV/Parallel_Test/venv/lib/python3.9/site-packages/airflow/example_dags/example_params_trigger_ui.py
[2025-04-02T17:04:10.535-0400] {processor.py:830} INFO - Processing file /Users/prasenjeet.gadhe/Documents/05. Nokia_PoV/Parallel_Test/venv/lib/python3.9/site-packages/airflow/example_dags/example_params_trigger_ui.py for tasks to queue
[2025-04-02T17:04:10.535-0400] {logging_mixin.py:188} INFO - [2025-04-02T17:04:10.535-0400] {dagbag.py:540} INFO - Filling up the DagBag from /Users/prasenjeet.gadhe/Documents/05. Nokia_PoV/Parallel_Test/venv/lib/python3.9/site-packages/airflow/example_dags/example_params_trigger_ui.py
[2025-04-02T17:04:10.551-0400] {processor.py:840} INFO - DAG(s) 'example_params_trigger_ui' retrieved from /Users/prasenjeet.gadhe/Documents/05. Nokia_PoV/Parallel_Test/venv/lib/python3.9/site-packages/airflow/example_dags/example_params_trigger_ui.py
[2025-04-02T17:04:10.614-0400] {logging_mixin.py:188} INFO - [2025-04-02T17:04:10.614-0400] {dag.py:3096} INFO - Sync 1 DAGs
[2025-04-02T17:04:10.617-0400] {logging_mixin.py:188} INFO - [2025-04-02T17:04:10.617-0400] {dag.py:3954} INFO - Setting next_dagrun for example_params_trigger_ui to None, run_after=None
[2025-04-02T17:04:10.623-0400] {processor.py:183} INFO - Processing /Users/prasenjeet.gadhe/Documents/05. Nokia_PoV/Parallel_Test/venv/lib/python3.9/site-packages/airflow/example_dags/example_params_trigger_ui.py took 0.091 seconds
[2025-04-02T17:05:58.481-0400] {processor.py:161} INFO - Started process (PID=63134) to work on /Users/prasenjeet.gadhe/Documents/05. Nokia_PoV/Parallel_Test/venv/lib/python3.9/site-packages/airflow/example_dags/example_params_trigger_ui.py
[2025-04-02T17:05:58.483-0400] {processor.py:830} INFO - Processing file /Users/prasenjeet.gadhe/Documents/05. Nokia_PoV/Parallel_Test/venv/lib/python3.9/site-packages/airflow/example_dags/example_params_trigger_ui.py for tasks to queue
[2025-04-02T17:05:58.483-0400] {logging_mixin.py:188} INFO - [2025-04-02T17:05:58.483-0400] {dagbag.py:540} INFO - Filling up the DagBag from /Users/prasenjeet.gadhe/Documents/05. Nokia_PoV/Parallel_Test/venv/lib/python3.9/site-packages/airflow/example_dags/example_params_trigger_ui.py
[2025-04-02T17:05:58.499-0400] {processor.py:840} INFO - DAG(s) 'example_params_trigger_ui' retrieved from /Users/prasenjeet.gadhe/Documents/05. Nokia_PoV/Parallel_Test/venv/lib/python3.9/site-packages/airflow/example_dags/example_params_trigger_ui.py
[2025-04-02T17:05:58.561-0400] {logging_mixin.py:188} INFO - [2025-04-02T17:05:58.561-0400] {dag.py:3096} INFO - Sync 1 DAGs
[2025-04-02T17:05:58.564-0400] {logging_mixin.py:188} INFO - [2025-04-02T17:05:58.564-0400] {dag.py:3954} INFO - Setting next_dagrun for example_params_trigger_ui to None, run_after=None
[2025-04-02T17:05:58.571-0400] {processor.py:183} INFO - Processing /Users/prasenjeet.gadhe/Documents/05. Nokia_PoV/Parallel_Test/venv/lib/python3.9/site-packages/airflow/example_dags/example_params_trigger_ui.py took 0.091 seconds
[2025-04-02T17:07:51.982-0400] {processor.py:161} INFO - Started process (PID=77279) to work on /Users/prasenjeet.gadhe/Documents/05. Nokia_PoV/Parallel_Test/venv/lib/python3.9/site-packages/airflow/example_dags/example_params_trigger_ui.py
[2025-04-02T17:07:51.984-0400] {processor.py:830} INFO - Processing file /Users/prasenjeet.gadhe/Documents/05. Nokia_PoV/Parallel_Test/venv/lib/python3.9/site-packages/airflow/example_dags/example_params_trigger_ui.py for tasks to queue
[2025-04-02T17:07:51.984-0400] {logging_mixin.py:188} INFO - [2025-04-02T17:07:51.984-0400] {dagbag.py:540} INFO - Filling up the DagBag from /Users/prasenjeet.gadhe/Documents/05. Nokia_PoV/Parallel_Test/venv/lib/python3.9/site-packages/airflow/example_dags/example_params_trigger_ui.py
[2025-04-02T17:07:52.000-0400] {processor.py:840} INFO - DAG(s) 'example_params_trigger_ui' retrieved from /Users/prasenjeet.gadhe/Documents/05. Nokia_PoV/Parallel_Test/venv/lib/python3.9/site-packages/airflow/example_dags/example_params_trigger_ui.py
[2025-04-02T17:07:52.061-0400] {logging_mixin.py:188} INFO - [2025-04-02T17:07:52.061-0400] {dag.py:3096} INFO - Sync 1 DAGs
[2025-04-02T17:07:52.065-0400] {logging_mixin.py:188} INFO - [2025-04-02T17:07:52.065-0400] {dag.py:3954} INFO - Setting next_dagrun for example_params_trigger_ui to None, run_after=None
[2025-04-02T17:07:52.071-0400] {processor.py:183} INFO - Processing /Users/prasenjeet.gadhe/Documents/05. Nokia_PoV/Parallel_Test/venv/lib/python3.9/site-packages/airflow/example_dags/example_params_trigger_ui.py took 0.090 seconds
[2025-04-02T17:09:47.863-0400] {processor.py:161} INFO - Started process (PID=91534) to work on /Users/prasenjeet.gadhe/Documents/05. Nokia_PoV/Parallel_Test/venv/lib/python3.9/site-packages/airflow/example_dags/example_params_trigger_ui.py
[2025-04-02T17:09:47.865-0400] {processor.py:830} INFO - Processing file /Users/prasenjeet.gadhe/Documents/05. Nokia_PoV/Parallel_Test/venv/lib/python3.9/site-packages/airflow/example_dags/example_params_trigger_ui.py for tasks to queue
[2025-04-02T17:09:47.865-0400] {logging_mixin.py:188} INFO - [2025-04-02T17:09:47.865-0400] {dagbag.py:540} INFO - Filling up the DagBag from /Users/prasenjeet.gadhe/Documents/05. Nokia_PoV/Parallel_Test/venv/lib/python3.9/site-packages/airflow/example_dags/example_params_trigger_ui.py
[2025-04-02T17:09:47.883-0400] {processor.py:840} INFO - DAG(s) 'example_params_trigger_ui' retrieved from /Users/prasenjeet.gadhe/Documents/05. Nokia_PoV/Parallel_Test/venv/lib/python3.9/site-packages/airflow/example_dags/example_params_trigger_ui.py
[2025-04-02T17:09:47.949-0400] {logging_mixin.py:188} INFO - [2025-04-02T17:09:47.949-0400] {dag.py:3096} INFO - Sync 1 DAGs
[2025-04-02T17:09:47.952-0400] {logging_mixin.py:188} INFO - [2025-04-02T17:09:47.952-0400] {dag.py:3954} INFO - Setting next_dagrun for example_params_trigger_ui to None, run_after=None
[2025-04-02T17:09:47.958-0400] {processor.py:183} INFO - Processing /Users/prasenjeet.gadhe/Documents/05. Nokia_PoV/Parallel_Test/venv/lib/python3.9/site-packages/airflow/example_dags/example_params_trigger_ui.py took 0.096 seconds
[2025-04-02T17:11:38.127-0400] {processor.py:161} INFO - Started process (PID=5419) to work on /Users/prasenjeet.gadhe/Documents/05. Nokia_PoV/Parallel_Test/venv/lib/python3.9/site-packages/airflow/example_dags/example_params_trigger_ui.py
[2025-04-02T17:11:38.128-0400] {processor.py:830} INFO - Processing file /Users/prasenjeet.gadhe/Documents/05. Nokia_PoV/Parallel_Test/venv/lib/python3.9/site-packages/airflow/example_dags/example_params_trigger_ui.py for tasks to queue
[2025-04-02T17:11:38.128-0400] {logging_mixin.py:188} INFO - [2025-04-02T17:11:38.128-0400] {dagbag.py:540} INFO - Filling up the DagBag from /Users/prasenjeet.gadhe/Documents/05. Nokia_PoV/Parallel_Test/venv/lib/python3.9/site-packages/airflow/example_dags/example_params_trigger_ui.py
[2025-04-02T17:11:38.144-0400] {processor.py:840} INFO - DAG(s) 'example_params_trigger_ui' retrieved from /Users/prasenjeet.gadhe/Documents/05. Nokia_PoV/Parallel_Test/venv/lib/python3.9/site-packages/airflow/example_dags/example_params_trigger_ui.py
[2025-04-02T17:11:38.210-0400] {logging_mixin.py:188} INFO - [2025-04-02T17:11:38.210-0400] {dag.py:3096} INFO - Sync 1 DAGs
[2025-04-02T17:11:38.214-0400] {logging_mixin.py:188} INFO - [2025-04-02T17:11:38.214-0400] {dag.py:3954} INFO - Setting next_dagrun for example_params_trigger_ui to None, run_after=None
[2025-04-02T17:11:38.221-0400] {processor.py:183} INFO - Processing /Users/prasenjeet.gadhe/Documents/05. Nokia_PoV/Parallel_Test/venv/lib/python3.9/site-packages/airflow/example_dags/example_params_trigger_ui.py took 0.096 seconds
