[2025-04-02T16:39:39.938-0400] {processor.py:161} INFO - Started process (PID=67500) to work on /Users/prasenjeet.gadhe/Documents/05. Nokia_PoV/Parallel_Test/venv/lib/python3.9/site-packages/airflow/example_dags/example_short_circuit_decorator.py
[2025-04-02T16:39:39.939-0400] {processor.py:830} INFO - Processing file /Users/prasenjeet.gadhe/Documents/05. Nokia_PoV/Parallel_Test/venv/lib/python3.9/site-packages/airflow/example_dags/example_short_circuit_decorator.py for tasks to queue
[2025-04-02T16:39:39.940-0400] {logging_mixin.py:188} INFO - [2025-04-02T16:39:39.940-0400] {dagbag.py:540} INFO - Filling up the DagBag from /Users/prasenjeet.gadhe/Documents/05. Nokia_PoV/Parallel_Test/venv/lib/python3.9/site-packages/airflow/example_dags/example_short_circuit_decorator.py
[2025-04-02T16:39:39.954-0400] {processor.py:840} INFO - DAG(s) 'example_short_circuit_decorator' retrieved from /Users/prasenjeet.gadhe/Documents/05. Nokia_PoV/Parallel_Test/venv/lib/python3.9/site-packages/airflow/example_dags/example_short_circuit_decorator.py
[2025-04-02T16:39:40.039-0400] {logging_mixin.py:188} INFO - [2025-04-02T16:39:40.039-0400] {override.py:1829} INFO - Created Permission View: can delete on DAG:example_short_circuit_decorator
[2025-04-02T16:39:40.042-0400] {logging_mixin.py:188} INFO - [2025-04-02T16:39:40.042-0400] {override.py:1829} INFO - Created Permission View: can read on DAG:example_short_circuit_decorator
[2025-04-02T16:39:40.043-0400] {logging_mixin.py:188} INFO - [2025-04-02T16:39:40.043-0400] {override.py:1829} INFO - Created Permission View: can edit on DAG:example_short_circuit_decorator
[2025-04-02T16:39:40.044-0400] {logging_mixin.py:188} INFO - [2025-04-02T16:39:40.043-0400] {dag.py:3096} INFO - Sync 1 DAGs
[2025-04-02T16:39:40.047-0400] {logging_mixin.py:188} INFO - [2025-04-02T16:39:40.047-0400] {dag.py:3118} INFO - Creating ORM DAG for example_short_circuit_decorator
[2025-04-02T16:39:40.051-0400] {logging_mixin.py:188} INFO - [2025-04-02T16:39:40.051-0400] {dag.py:3954} INFO - Setting next_dagrun for example_short_circuit_decorator to 2025-04-01 00:00:00+00:00, run_after=2025-04-02 00:00:00+00:00
[2025-04-02T16:39:40.057-0400] {processor.py:183} INFO - Processing /Users/prasenjeet.gadhe/Documents/05. Nokia_PoV/Parallel_Test/venv/lib/python3.9/site-packages/airflow/example_dags/example_short_circuit_decorator.py took 0.119 seconds
[2025-04-02T16:41:05.344-0400] {processor.py:161} INFO - Started process (PID=78198) to work on /Users/prasenjeet.gadhe/Documents/05. Nokia_PoV/Parallel_Test/venv/lib/python3.9/site-packages/airflow/example_dags/example_short_circuit_decorator.py
[2025-04-02T16:41:05.346-0400] {processor.py:830} INFO - Processing file /Users/prasenjeet.gadhe/Documents/05. Nokia_PoV/Parallel_Test/venv/lib/python3.9/site-packages/airflow/example_dags/example_short_circuit_decorator.py for tasks to queue
[2025-04-02T16:41:05.347-0400] {logging_mixin.py:188} INFO - [2025-04-02T16:41:05.347-0400] {dagbag.py:540} INFO - Filling up the DagBag from /Users/prasenjeet.gadhe/Documents/05. Nokia_PoV/Parallel_Test/venv/lib/python3.9/site-packages/airflow/example_dags/example_short_circuit_decorator.py
[2025-04-02T16:41:05.361-0400] {processor.py:840} INFO - DAG(s) 'example_short_circuit_decorator' retrieved from /Users/prasenjeet.gadhe/Documents/05. Nokia_PoV/Parallel_Test/venv/lib/python3.9/site-packages/airflow/example_dags/example_short_circuit_decorator.py
[2025-04-02T16:41:05.415-0400] {logging_mixin.py:188} INFO - [2025-04-02T16:41:05.415-0400] {dag.py:3096} INFO - Sync 1 DAGs
[2025-04-02T16:41:05.422-0400] {logging_mixin.py:188} INFO - [2025-04-02T16:41:05.422-0400] {dag.py:3954} INFO - Setting next_dagrun for example_short_circuit_decorator to 2025-04-01 00:00:00+00:00, run_after=2025-04-02 00:00:00+00:00
[2025-04-02T16:41:05.428-0400] {processor.py:183} INFO - Processing /Users/prasenjeet.gadhe/Documents/05. Nokia_PoV/Parallel_Test/venv/lib/python3.9/site-packages/airflow/example_dags/example_short_circuit_decorator.py took 0.085 seconds
[2025-04-02T16:43:03.079-0400] {processor.py:161} INFO - Started process (PID=92784) to work on /Users/prasenjeet.gadhe/Documents/05. Nokia_PoV/Parallel_Test/venv/lib/python3.9/site-packages/airflow/example_dags/example_short_circuit_decorator.py
[2025-04-02T16:43:03.081-0400] {processor.py:830} INFO - Processing file /Users/prasenjeet.gadhe/Documents/05. Nokia_PoV/Parallel_Test/venv/lib/python3.9/site-packages/airflow/example_dags/example_short_circuit_decorator.py for tasks to queue
[2025-04-02T16:43:03.081-0400] {logging_mixin.py:188} INFO - [2025-04-02T16:43:03.081-0400] {dagbag.py:540} INFO - Filling up the DagBag from /Users/prasenjeet.gadhe/Documents/05. Nokia_PoV/Parallel_Test/venv/lib/python3.9/site-packages/airflow/example_dags/example_short_circuit_decorator.py
[2025-04-02T16:43:03.096-0400] {processor.py:840} INFO - DAG(s) 'example_short_circuit_decorator' retrieved from /Users/prasenjeet.gadhe/Documents/05. Nokia_PoV/Parallel_Test/venv/lib/python3.9/site-packages/airflow/example_dags/example_short_circuit_decorator.py
[2025-04-02T16:43:03.153-0400] {logging_mixin.py:188} INFO - [2025-04-02T16:43:03.153-0400] {dag.py:3096} INFO - Sync 1 DAGs
[2025-04-02T16:43:03.160-0400] {logging_mixin.py:188} INFO - [2025-04-02T16:43:03.160-0400] {dag.py:3954} INFO - Setting next_dagrun for example_short_circuit_decorator to 2025-04-01 00:00:00+00:00, run_after=2025-04-02 00:00:00+00:00
[2025-04-02T16:43:03.167-0400] {processor.py:183} INFO - Processing /Users/prasenjeet.gadhe/Documents/05. Nokia_PoV/Parallel_Test/venv/lib/python3.9/site-packages/airflow/example_dags/example_short_circuit_decorator.py took 0.088 seconds
[2025-04-02T16:46:00.879-0400] {processor.py:161} INFO - Started process (PID=15115) to work on /Users/prasenjeet.gadhe/Documents/05. Nokia_PoV/Parallel_Test/venv/lib/python3.9/site-packages/airflow/example_dags/example_short_circuit_decorator.py
[2025-04-02T16:46:00.881-0400] {processor.py:830} INFO - Processing file /Users/prasenjeet.gadhe/Documents/05. Nokia_PoV/Parallel_Test/venv/lib/python3.9/site-packages/airflow/example_dags/example_short_circuit_decorator.py for tasks to queue
[2025-04-02T16:46:00.881-0400] {logging_mixin.py:188} INFO - [2025-04-02T16:46:00.881-0400] {dagbag.py:540} INFO - Filling up the DagBag from /Users/prasenjeet.gadhe/Documents/05. Nokia_PoV/Parallel_Test/venv/lib/python3.9/site-packages/airflow/example_dags/example_short_circuit_decorator.py
[2025-04-02T16:46:00.897-0400] {processor.py:840} INFO - DAG(s) 'example_short_circuit_decorator' retrieved from /Users/prasenjeet.gadhe/Documents/05. Nokia_PoV/Parallel_Test/venv/lib/python3.9/site-packages/airflow/example_dags/example_short_circuit_decorator.py
[2025-04-02T16:46:00.952-0400] {logging_mixin.py:188} INFO - [2025-04-02T16:46:00.952-0400] {dag.py:3096} INFO - Sync 1 DAGs
[2025-04-02T16:46:00.960-0400] {logging_mixin.py:188} INFO - [2025-04-02T16:46:00.959-0400] {dag.py:3954} INFO - Setting next_dagrun for example_short_circuit_decorator to 2025-04-01 00:00:00+00:00, run_after=2025-04-02 00:00:00+00:00
[2025-04-02T16:46:00.967-0400] {processor.py:183} INFO - Processing /Users/prasenjeet.gadhe/Documents/05. Nokia_PoV/Parallel_Test/venv/lib/python3.9/site-packages/airflow/example_dags/example_short_circuit_decorator.py took 0.089 seconds
[2025-04-02T16:47:28.972-0400] {processor.py:161} INFO - Started process (PID=26044) to work on /Users/prasenjeet.gadhe/Documents/05. Nokia_PoV/Parallel_Test/venv/lib/python3.9/site-packages/airflow/example_dags/example_short_circuit_decorator.py
[2025-04-02T16:47:28.974-0400] {processor.py:830} INFO - Processing file /Users/prasenjeet.gadhe/Documents/05. Nokia_PoV/Parallel_Test/venv/lib/python3.9/site-packages/airflow/example_dags/example_short_circuit_decorator.py for tasks to queue
[2025-04-02T16:47:28.974-0400] {logging_mixin.py:188} INFO - [2025-04-02T16:47:28.974-0400] {dagbag.py:540} INFO - Filling up the DagBag from /Users/prasenjeet.gadhe/Documents/05. Nokia_PoV/Parallel_Test/venv/lib/python3.9/site-packages/airflow/example_dags/example_short_circuit_decorator.py
[2025-04-02T16:47:28.989-0400] {processor.py:840} INFO - DAG(s) 'example_short_circuit_decorator' retrieved from /Users/prasenjeet.gadhe/Documents/05. Nokia_PoV/Parallel_Test/venv/lib/python3.9/site-packages/airflow/example_dags/example_short_circuit_decorator.py
[2025-04-02T16:47:29.043-0400] {logging_mixin.py:188} INFO - [2025-04-02T16:47:29.043-0400] {dag.py:3096} INFO - Sync 1 DAGs
[2025-04-02T16:47:29.050-0400] {logging_mixin.py:188} INFO - [2025-04-02T16:47:29.050-0400] {dag.py:3954} INFO - Setting next_dagrun for example_short_circuit_decorator to 2025-04-01 00:00:00+00:00, run_after=2025-04-02 00:00:00+00:00
[2025-04-02T16:47:29.056-0400] {processor.py:183} INFO - Processing /Users/prasenjeet.gadhe/Documents/05. Nokia_PoV/Parallel_Test/venv/lib/python3.9/site-packages/airflow/example_dags/example_short_circuit_decorator.py took 0.085 seconds
[2025-04-02T16:49:20.900-0400] {processor.py:161} INFO - Started process (PID=39934) to work on /Users/prasenjeet.gadhe/Documents/05. Nokia_PoV/Parallel_Test/venv/lib/python3.9/site-packages/airflow/example_dags/example_short_circuit_decorator.py
[2025-04-02T16:49:20.902-0400] {processor.py:830} INFO - Processing file /Users/prasenjeet.gadhe/Documents/05. Nokia_PoV/Parallel_Test/venv/lib/python3.9/site-packages/airflow/example_dags/example_short_circuit_decorator.py for tasks to queue
[2025-04-02T16:49:20.902-0400] {logging_mixin.py:188} INFO - [2025-04-02T16:49:20.902-0400] {dagbag.py:540} INFO - Filling up the DagBag from /Users/prasenjeet.gadhe/Documents/05. Nokia_PoV/Parallel_Test/venv/lib/python3.9/site-packages/airflow/example_dags/example_short_circuit_decorator.py
[2025-04-02T16:49:20.920-0400] {processor.py:840} INFO - DAG(s) 'example_short_circuit_decorator' retrieved from /Users/prasenjeet.gadhe/Documents/05. Nokia_PoV/Parallel_Test/venv/lib/python3.9/site-packages/airflow/example_dags/example_short_circuit_decorator.py
[2025-04-02T16:49:20.984-0400] {logging_mixin.py:188} INFO - [2025-04-02T16:49:20.983-0400] {dag.py:3096} INFO - Sync 1 DAGs
[2025-04-02T16:49:20.992-0400] {logging_mixin.py:188} INFO - [2025-04-02T16:49:20.992-0400] {dag.py:3954} INFO - Setting next_dagrun for example_short_circuit_decorator to 2025-04-01 00:00:00+00:00, run_after=2025-04-02 00:00:00+00:00
[2025-04-02T16:49:20.999-0400] {processor.py:183} INFO - Processing /Users/prasenjeet.gadhe/Documents/05. Nokia_PoV/Parallel_Test/venv/lib/python3.9/site-packages/airflow/example_dags/example_short_circuit_decorator.py took 0.100 seconds
[2025-04-02T16:51:11.904-0400] {processor.py:161} INFO - Started process (PID=53696) to work on /Users/prasenjeet.gadhe/Documents/05. Nokia_PoV/Parallel_Test/venv/lib/python3.9/site-packages/airflow/example_dags/example_short_circuit_decorator.py
[2025-04-02T16:51:11.906-0400] {processor.py:830} INFO - Processing file /Users/prasenjeet.gadhe/Documents/05. Nokia_PoV/Parallel_Test/venv/lib/python3.9/site-packages/airflow/example_dags/example_short_circuit_decorator.py for tasks to queue
[2025-04-02T16:51:11.906-0400] {logging_mixin.py:188} INFO - [2025-04-02T16:51:11.906-0400] {dagbag.py:540} INFO - Filling up the DagBag from /Users/prasenjeet.gadhe/Documents/05. Nokia_PoV/Parallel_Test/venv/lib/python3.9/site-packages/airflow/example_dags/example_short_circuit_decorator.py
[2025-04-02T16:51:11.924-0400] {processor.py:840} INFO - DAG(s) 'example_short_circuit_decorator' retrieved from /Users/prasenjeet.gadhe/Documents/05. Nokia_PoV/Parallel_Test/venv/lib/python3.9/site-packages/airflow/example_dags/example_short_circuit_decorator.py
[2025-04-02T16:51:11.982-0400] {logging_mixin.py:188} INFO - [2025-04-02T16:51:11.982-0400] {dag.py:3096} INFO - Sync 1 DAGs
[2025-04-02T16:51:11.989-0400] {logging_mixin.py:188} INFO - [2025-04-02T16:51:11.989-0400] {dag.py:3954} INFO - Setting next_dagrun for example_short_circuit_decorator to 2025-04-01 00:00:00+00:00, run_after=2025-04-02 00:00:00+00:00
[2025-04-02T16:51:11.996-0400] {processor.py:183} INFO - Processing /Users/prasenjeet.gadhe/Documents/05. Nokia_PoV/Parallel_Test/venv/lib/python3.9/site-packages/airflow/example_dags/example_short_circuit_decorator.py took 0.092 seconds
[2025-04-02T16:52:39.882-0400] {processor.py:161} INFO - Started process (PID=64622) to work on /Users/prasenjeet.gadhe/Documents/05. Nokia_PoV/Parallel_Test/venv/lib/python3.9/site-packages/airflow/example_dags/example_short_circuit_decorator.py
[2025-04-02T16:52:39.884-0400] {processor.py:830} INFO - Processing file /Users/prasenjeet.gadhe/Documents/05. Nokia_PoV/Parallel_Test/venv/lib/python3.9/site-packages/airflow/example_dags/example_short_circuit_decorator.py for tasks to queue
[2025-04-02T16:52:39.884-0400] {logging_mixin.py:188} INFO - [2025-04-02T16:52:39.884-0400] {dagbag.py:540} INFO - Filling up the DagBag from /Users/prasenjeet.gadhe/Documents/05. Nokia_PoV/Parallel_Test/venv/lib/python3.9/site-packages/airflow/example_dags/example_short_circuit_decorator.py
[2025-04-02T16:52:39.898-0400] {processor.py:840} INFO - DAG(s) 'example_short_circuit_decorator' retrieved from /Users/prasenjeet.gadhe/Documents/05. Nokia_PoV/Parallel_Test/venv/lib/python3.9/site-packages/airflow/example_dags/example_short_circuit_decorator.py
[2025-04-02T16:52:39.950-0400] {logging_mixin.py:188} INFO - [2025-04-02T16:52:39.950-0400] {dag.py:3096} INFO - Sync 1 DAGs
[2025-04-02T16:52:39.957-0400] {logging_mixin.py:188} INFO - [2025-04-02T16:52:39.957-0400] {dag.py:3954} INFO - Setting next_dagrun for example_short_circuit_decorator to 2025-04-01 00:00:00+00:00, run_after=2025-04-02 00:00:00+00:00
[2025-04-02T16:52:39.963-0400] {processor.py:183} INFO - Processing /Users/prasenjeet.gadhe/Documents/05. Nokia_PoV/Parallel_Test/venv/lib/python3.9/site-packages/airflow/example_dags/example_short_circuit_decorator.py took 0.083 seconds
[2025-04-02T16:54:28.931-0400] {processor.py:161} INFO - Started process (PID=78044) to work on /Users/prasenjeet.gadhe/Documents/05. Nokia_PoV/Parallel_Test/venv/lib/python3.9/site-packages/airflow/example_dags/example_short_circuit_decorator.py
[2025-04-02T16:54:28.932-0400] {processor.py:830} INFO - Processing file /Users/prasenjeet.gadhe/Documents/05. Nokia_PoV/Parallel_Test/venv/lib/python3.9/site-packages/airflow/example_dags/example_short_circuit_decorator.py for tasks to queue
[2025-04-02T16:54:28.933-0400] {logging_mixin.py:188} INFO - [2025-04-02T16:54:28.933-0400] {dagbag.py:540} INFO - Filling up the DagBag from /Users/prasenjeet.gadhe/Documents/05. Nokia_PoV/Parallel_Test/venv/lib/python3.9/site-packages/airflow/example_dags/example_short_circuit_decorator.py
[2025-04-02T16:54:28.950-0400] {processor.py:840} INFO - DAG(s) 'example_short_circuit_decorator' retrieved from /Users/prasenjeet.gadhe/Documents/05. Nokia_PoV/Parallel_Test/venv/lib/python3.9/site-packages/airflow/example_dags/example_short_circuit_decorator.py
[2025-04-02T16:54:29.010-0400] {logging_mixin.py:188} INFO - [2025-04-02T16:54:29.010-0400] {dag.py:3096} INFO - Sync 1 DAGs
[2025-04-02T16:54:29.018-0400] {logging_mixin.py:188} INFO - [2025-04-02T16:54:29.018-0400] {dag.py:3954} INFO - Setting next_dagrun for example_short_circuit_decorator to 2025-04-01 00:00:00+00:00, run_after=2025-04-02 00:00:00+00:00
[2025-04-02T16:54:29.024-0400] {processor.py:183} INFO - Processing /Users/prasenjeet.gadhe/Documents/05. Nokia_PoV/Parallel_Test/venv/lib/python3.9/site-packages/airflow/example_dags/example_short_circuit_decorator.py took 0.094 seconds
[2025-04-02T16:56:26.128-0400] {processor.py:161} INFO - Started process (PID=92565) to work on /Users/prasenjeet.gadhe/Documents/05. Nokia_PoV/Parallel_Test/venv/lib/python3.9/site-packages/airflow/example_dags/example_short_circuit_decorator.py
[2025-04-02T16:56:26.130-0400] {processor.py:830} INFO - Processing file /Users/prasenjeet.gadhe/Documents/05. Nokia_PoV/Parallel_Test/venv/lib/python3.9/site-packages/airflow/example_dags/example_short_circuit_decorator.py for tasks to queue
[2025-04-02T16:56:26.130-0400] {logging_mixin.py:188} INFO - [2025-04-02T16:56:26.130-0400] {dagbag.py:540} INFO - Filling up the DagBag from /Users/prasenjeet.gadhe/Documents/05. Nokia_PoV/Parallel_Test/venv/lib/python3.9/site-packages/airflow/example_dags/example_short_circuit_decorator.py
[2025-04-02T16:56:26.145-0400] {processor.py:840} INFO - DAG(s) 'example_short_circuit_decorator' retrieved from /Users/prasenjeet.gadhe/Documents/05. Nokia_PoV/Parallel_Test/venv/lib/python3.9/site-packages/airflow/example_dags/example_short_circuit_decorator.py
[2025-04-02T16:56:26.203-0400] {logging_mixin.py:188} INFO - [2025-04-02T16:56:26.203-0400] {dag.py:3096} INFO - Sync 1 DAGs
[2025-04-02T16:56:26.211-0400] {logging_mixin.py:188} INFO - [2025-04-02T16:56:26.210-0400] {dag.py:3954} INFO - Setting next_dagrun for example_short_circuit_decorator to 2025-04-01 00:00:00+00:00, run_after=2025-04-02 00:00:00+00:00
[2025-04-02T16:56:26.217-0400] {processor.py:183} INFO - Processing /Users/prasenjeet.gadhe/Documents/05. Nokia_PoV/Parallel_Test/venv/lib/python3.9/site-packages/airflow/example_dags/example_short_circuit_decorator.py took 0.090 seconds
[2025-04-02T16:58:18.715-0400] {processor.py:161} INFO - Started process (PID=6742) to work on /Users/prasenjeet.gadhe/Documents/05. Nokia_PoV/Parallel_Test/venv/lib/python3.9/site-packages/airflow/example_dags/example_short_circuit_decorator.py
[2025-04-02T16:58:18.716-0400] {processor.py:830} INFO - Processing file /Users/prasenjeet.gadhe/Documents/05. Nokia_PoV/Parallel_Test/venv/lib/python3.9/site-packages/airflow/example_dags/example_short_circuit_decorator.py for tasks to queue
[2025-04-02T16:58:18.716-0400] {logging_mixin.py:188} INFO - [2025-04-02T16:58:18.716-0400] {dagbag.py:540} INFO - Filling up the DagBag from /Users/prasenjeet.gadhe/Documents/05. Nokia_PoV/Parallel_Test/venv/lib/python3.9/site-packages/airflow/example_dags/example_short_circuit_decorator.py
[2025-04-02T16:58:18.732-0400] {processor.py:840} INFO - DAG(s) 'example_short_circuit_decorator' retrieved from /Users/prasenjeet.gadhe/Documents/05. Nokia_PoV/Parallel_Test/venv/lib/python3.9/site-packages/airflow/example_dags/example_short_circuit_decorator.py
[2025-04-02T16:58:18.788-0400] {logging_mixin.py:188} INFO - [2025-04-02T16:58:18.788-0400] {dag.py:3096} INFO - Sync 1 DAGs
[2025-04-02T16:58:18.796-0400] {logging_mixin.py:188} INFO - [2025-04-02T16:58:18.795-0400] {dag.py:3954} INFO - Setting next_dagrun for example_short_circuit_decorator to 2025-04-01 00:00:00+00:00, run_after=2025-04-02 00:00:00+00:00
[2025-04-02T16:58:18.802-0400] {processor.py:183} INFO - Processing /Users/prasenjeet.gadhe/Documents/05. Nokia_PoV/Parallel_Test/venv/lib/python3.9/site-packages/airflow/example_dags/example_short_circuit_decorator.py took 0.088 seconds
[2025-04-02T17:00:10.112-0400] {processor.py:161} INFO - Started process (PID=20450) to work on /Users/prasenjeet.gadhe/Documents/05. Nokia_PoV/Parallel_Test/venv/lib/python3.9/site-packages/airflow/example_dags/example_short_circuit_decorator.py
[2025-04-02T17:00:10.114-0400] {processor.py:830} INFO - Processing file /Users/prasenjeet.gadhe/Documents/05. Nokia_PoV/Parallel_Test/venv/lib/python3.9/site-packages/airflow/example_dags/example_short_circuit_decorator.py for tasks to queue
[2025-04-02T17:00:10.114-0400] {logging_mixin.py:188} INFO - [2025-04-02T17:00:10.114-0400] {dagbag.py:540} INFO - Filling up the DagBag from /Users/prasenjeet.gadhe/Documents/05. Nokia_PoV/Parallel_Test/venv/lib/python3.9/site-packages/airflow/example_dags/example_short_circuit_decorator.py
[2025-04-02T17:00:10.130-0400] {processor.py:840} INFO - DAG(s) 'example_short_circuit_decorator' retrieved from /Users/prasenjeet.gadhe/Documents/05. Nokia_PoV/Parallel_Test/venv/lib/python3.9/site-packages/airflow/example_dags/example_short_circuit_decorator.py
[2025-04-02T17:00:10.194-0400] {logging_mixin.py:188} INFO - [2025-04-02T17:00:10.194-0400] {dag.py:3096} INFO - Sync 1 DAGs
[2025-04-02T17:00:10.203-0400] {logging_mixin.py:188} INFO - [2025-04-02T17:00:10.203-0400] {dag.py:3954} INFO - Setting next_dagrun for example_short_circuit_decorator to 2025-04-01 00:00:00+00:00, run_after=2025-04-02 00:00:00+00:00
[2025-04-02T17:00:10.211-0400] {processor.py:183} INFO - Processing /Users/prasenjeet.gadhe/Documents/05. Nokia_PoV/Parallel_Test/venv/lib/python3.9/site-packages/airflow/example_dags/example_short_circuit_decorator.py took 0.100 seconds
[2025-04-02T17:02:02.790-0400] {processor.py:161} INFO - Started process (PID=34292) to work on /Users/prasenjeet.gadhe/Documents/05. Nokia_PoV/Parallel_Test/venv/lib/python3.9/site-packages/airflow/example_dags/example_short_circuit_decorator.py
[2025-04-02T17:02:02.791-0400] {processor.py:830} INFO - Processing file /Users/prasenjeet.gadhe/Documents/05. Nokia_PoV/Parallel_Test/venv/lib/python3.9/site-packages/airflow/example_dags/example_short_circuit_decorator.py for tasks to queue
[2025-04-02T17:02:02.792-0400] {logging_mixin.py:188} INFO - [2025-04-02T17:02:02.792-0400] {dagbag.py:540} INFO - Filling up the DagBag from /Users/prasenjeet.gadhe/Documents/05. Nokia_PoV/Parallel_Test/venv/lib/python3.9/site-packages/airflow/example_dags/example_short_circuit_decorator.py
[2025-04-02T17:02:02.807-0400] {processor.py:840} INFO - DAG(s) 'example_short_circuit_decorator' retrieved from /Users/prasenjeet.gadhe/Documents/05. Nokia_PoV/Parallel_Test/venv/lib/python3.9/site-packages/airflow/example_dags/example_short_circuit_decorator.py
[2025-04-02T17:02:02.862-0400] {logging_mixin.py:188} INFO - [2025-04-02T17:02:02.862-0400] {dag.py:3096} INFO - Sync 1 DAGs
[2025-04-02T17:02:02.869-0400] {logging_mixin.py:188} INFO - [2025-04-02T17:02:02.869-0400] {dag.py:3954} INFO - Setting next_dagrun for example_short_circuit_decorator to 2025-04-01 00:00:00+00:00, run_after=2025-04-02 00:00:00+00:00
[2025-04-02T17:02:02.875-0400] {processor.py:183} INFO - Processing /Users/prasenjeet.gadhe/Documents/05. Nokia_PoV/Parallel_Test/venv/lib/python3.9/site-packages/airflow/example_dags/example_short_circuit_decorator.py took 0.087 seconds
[2025-04-02T17:03:54.719-0400] {processor.py:161} INFO - Started process (PID=48031) to work on /Users/prasenjeet.gadhe/Documents/05. Nokia_PoV/Parallel_Test/venv/lib/python3.9/site-packages/airflow/example_dags/example_short_circuit_decorator.py
[2025-04-02T17:03:54.721-0400] {processor.py:830} INFO - Processing file /Users/prasenjeet.gadhe/Documents/05. Nokia_PoV/Parallel_Test/venv/lib/python3.9/site-packages/airflow/example_dags/example_short_circuit_decorator.py for tasks to queue
[2025-04-02T17:03:54.721-0400] {logging_mixin.py:188} INFO - [2025-04-02T17:03:54.721-0400] {dagbag.py:540} INFO - Filling up the DagBag from /Users/prasenjeet.gadhe/Documents/05. Nokia_PoV/Parallel_Test/venv/lib/python3.9/site-packages/airflow/example_dags/example_short_circuit_decorator.py
[2025-04-02T17:03:54.736-0400] {processor.py:840} INFO - DAG(s) 'example_short_circuit_decorator' retrieved from /Users/prasenjeet.gadhe/Documents/05. Nokia_PoV/Parallel_Test/venv/lib/python3.9/site-packages/airflow/example_dags/example_short_circuit_decorator.py
[2025-04-02T17:03:54.791-0400] {logging_mixin.py:188} INFO - [2025-04-02T17:03:54.791-0400] {dag.py:3096} INFO - Sync 1 DAGs
[2025-04-02T17:03:54.798-0400] {logging_mixin.py:188} INFO - [2025-04-02T17:03:54.798-0400] {dag.py:3954} INFO - Setting next_dagrun for example_short_circuit_decorator to 2025-04-01 00:00:00+00:00, run_after=2025-04-02 00:00:00+00:00
[2025-04-02T17:03:54.804-0400] {processor.py:183} INFO - Processing /Users/prasenjeet.gadhe/Documents/05. Nokia_PoV/Parallel_Test/venv/lib/python3.9/site-packages/airflow/example_dags/example_short_circuit_decorator.py took 0.086 seconds
[2025-04-02T17:05:42.957-0400] {processor.py:161} INFO - Started process (PID=61233) to work on /Users/prasenjeet.gadhe/Documents/05. Nokia_PoV/Parallel_Test/venv/lib/python3.9/site-packages/airflow/example_dags/example_short_circuit_decorator.py
[2025-04-02T17:05:42.958-0400] {processor.py:830} INFO - Processing file /Users/prasenjeet.gadhe/Documents/05. Nokia_PoV/Parallel_Test/venv/lib/python3.9/site-packages/airflow/example_dags/example_short_circuit_decorator.py for tasks to queue
[2025-04-02T17:05:42.959-0400] {logging_mixin.py:188} INFO - [2025-04-02T17:05:42.959-0400] {dagbag.py:540} INFO - Filling up the DagBag from /Users/prasenjeet.gadhe/Documents/05. Nokia_PoV/Parallel_Test/venv/lib/python3.9/site-packages/airflow/example_dags/example_short_circuit_decorator.py
[2025-04-02T17:05:42.973-0400] {processor.py:840} INFO - DAG(s) 'example_short_circuit_decorator' retrieved from /Users/prasenjeet.gadhe/Documents/05. Nokia_PoV/Parallel_Test/venv/lib/python3.9/site-packages/airflow/example_dags/example_short_circuit_decorator.py
[2025-04-02T17:05:43.029-0400] {logging_mixin.py:188} INFO - [2025-04-02T17:05:43.028-0400] {dag.py:3096} INFO - Sync 1 DAGs
[2025-04-02T17:05:43.036-0400] {logging_mixin.py:188} INFO - [2025-04-02T17:05:43.036-0400] {dag.py:3954} INFO - Setting next_dagrun for example_short_circuit_decorator to 2025-04-01 00:00:00+00:00, run_after=2025-04-02 00:00:00+00:00
[2025-04-02T17:05:43.042-0400] {processor.py:183} INFO - Processing /Users/prasenjeet.gadhe/Documents/05. Nokia_PoV/Parallel_Test/venv/lib/python3.9/site-packages/airflow/example_dags/example_short_circuit_decorator.py took 0.086 seconds
[2025-04-02T17:07:37.649-0400] {processor.py:161} INFO - Started process (PID=75508) to work on /Users/prasenjeet.gadhe/Documents/05. Nokia_PoV/Parallel_Test/venv/lib/python3.9/site-packages/airflow/example_dags/example_short_circuit_decorator.py
[2025-04-02T17:07:37.651-0400] {processor.py:830} INFO - Processing file /Users/prasenjeet.gadhe/Documents/05. Nokia_PoV/Parallel_Test/venv/lib/python3.9/site-packages/airflow/example_dags/example_short_circuit_decorator.py for tasks to queue
[2025-04-02T17:07:37.651-0400] {logging_mixin.py:188} INFO - [2025-04-02T17:07:37.651-0400] {dagbag.py:540} INFO - Filling up the DagBag from /Users/prasenjeet.gadhe/Documents/05. Nokia_PoV/Parallel_Test/venv/lib/python3.9/site-packages/airflow/example_dags/example_short_circuit_decorator.py
[2025-04-02T17:07:37.667-0400] {processor.py:840} INFO - DAG(s) 'example_short_circuit_decorator' retrieved from /Users/prasenjeet.gadhe/Documents/05. Nokia_PoV/Parallel_Test/venv/lib/python3.9/site-packages/airflow/example_dags/example_short_circuit_decorator.py
[2025-04-02T17:07:37.728-0400] {logging_mixin.py:188} INFO - [2025-04-02T17:07:37.728-0400] {dag.py:3096} INFO - Sync 1 DAGs
[2025-04-02T17:07:37.736-0400] {logging_mixin.py:188} INFO - [2025-04-02T17:07:37.736-0400] {dag.py:3954} INFO - Setting next_dagrun for example_short_circuit_decorator to 2025-04-01 00:00:00+00:00, run_after=2025-04-02 00:00:00+00:00
[2025-04-02T17:07:37.742-0400] {processor.py:183} INFO - Processing /Users/prasenjeet.gadhe/Documents/05. Nokia_PoV/Parallel_Test/venv/lib/python3.9/site-packages/airflow/example_dags/example_short_circuit_decorator.py took 0.094 seconds
[2025-04-02T17:09:34.099-0400] {processor.py:161} INFO - Started process (PID=89814) to work on /Users/prasenjeet.gadhe/Documents/05. Nokia_PoV/Parallel_Test/venv/lib/python3.9/site-packages/airflow/example_dags/example_short_circuit_decorator.py
[2025-04-02T17:09:34.101-0400] {processor.py:830} INFO - Processing file /Users/prasenjeet.gadhe/Documents/05. Nokia_PoV/Parallel_Test/venv/lib/python3.9/site-packages/airflow/example_dags/example_short_circuit_decorator.py for tasks to queue
[2025-04-02T17:09:34.101-0400] {logging_mixin.py:188} INFO - [2025-04-02T17:09:34.101-0400] {dagbag.py:540} INFO - Filling up the DagBag from /Users/prasenjeet.gadhe/Documents/05. Nokia_PoV/Parallel_Test/venv/lib/python3.9/site-packages/airflow/example_dags/example_short_circuit_decorator.py
[2025-04-02T17:09:34.117-0400] {processor.py:840} INFO - DAG(s) 'example_short_circuit_decorator' retrieved from /Users/prasenjeet.gadhe/Documents/05. Nokia_PoV/Parallel_Test/venv/lib/python3.9/site-packages/airflow/example_dags/example_short_circuit_decorator.py
[2025-04-02T17:09:34.175-0400] {logging_mixin.py:188} INFO - [2025-04-02T17:09:34.174-0400] {dag.py:3096} INFO - Sync 1 DAGs
[2025-04-02T17:09:34.182-0400] {logging_mixin.py:188} INFO - [2025-04-02T17:09:34.182-0400] {dag.py:3954} INFO - Setting next_dagrun for example_short_circuit_decorator to 2025-04-01 00:00:00+00:00, run_after=2025-04-02 00:00:00+00:00
[2025-04-02T17:09:34.188-0400] {processor.py:183} INFO - Processing /Users/prasenjeet.gadhe/Documents/05. Nokia_PoV/Parallel_Test/venv/lib/python3.9/site-packages/airflow/example_dags/example_short_circuit_decorator.py took 0.090 seconds
[2025-04-02T17:11:22.392-0400] {processor.py:161} INFO - Started process (PID=3473) to work on /Users/prasenjeet.gadhe/Documents/05. Nokia_PoV/Parallel_Test/venv/lib/python3.9/site-packages/airflow/example_dags/example_short_circuit_decorator.py
[2025-04-02T17:11:22.393-0400] {processor.py:830} INFO - Processing file /Users/prasenjeet.gadhe/Documents/05. Nokia_PoV/Parallel_Test/venv/lib/python3.9/site-packages/airflow/example_dags/example_short_circuit_decorator.py for tasks to queue
[2025-04-02T17:11:22.394-0400] {logging_mixin.py:188} INFO - [2025-04-02T17:11:22.394-0400] {dagbag.py:540} INFO - Filling up the DagBag from /Users/prasenjeet.gadhe/Documents/05. Nokia_PoV/Parallel_Test/venv/lib/python3.9/site-packages/airflow/example_dags/example_short_circuit_decorator.py
[2025-04-02T17:11:22.410-0400] {processor.py:840} INFO - DAG(s) 'example_short_circuit_decorator' retrieved from /Users/prasenjeet.gadhe/Documents/05. Nokia_PoV/Parallel_Test/venv/lib/python3.9/site-packages/airflow/example_dags/example_short_circuit_decorator.py
[2025-04-02T17:11:22.485-0400] {logging_mixin.py:188} INFO - [2025-04-02T17:11:22.485-0400] {dag.py:3096} INFO - Sync 1 DAGs
[2025-04-02T17:11:22.494-0400] {logging_mixin.py:188} INFO - [2025-04-02T17:11:22.494-0400] {dag.py:3954} INFO - Setting next_dagrun for example_short_circuit_decorator to 2025-04-01 00:00:00+00:00, run_after=2025-04-02 00:00:00+00:00
[2025-04-02T17:11:22.502-0400] {processor.py:183} INFO - Processing /Users/prasenjeet.gadhe/Documents/05. Nokia_PoV/Parallel_Test/venv/lib/python3.9/site-packages/airflow/example_dags/example_short_circuit_decorator.py took 0.111 seconds
