[2025-04-02T16:40:01.554-0400] {processor.py:161} INFO - Started process (PID=70106) to work on /Users/prasenjeet.gadhe/Documents/05. Nokia_PoV/Parallel_Test/venv/lib/python3.9/site-packages/airflow/example_dags/example_latest_only.py
[2025-04-02T16:40:01.555-0400] {processor.py:830} INFO - Processing file /Users/prasenjeet.gadhe/Documents/05. Nokia_PoV/Parallel_Test/venv/lib/python3.9/site-packages/airflow/example_dags/example_latest_only.py for tasks to queue
[2025-04-02T16:40:01.555-0400] {logging_mixin.py:188} INFO - [2025-04-02T16:40:01.555-0400] {dagbag.py:540} INFO - Filling up the DagBag from /Users/prasenjeet.gadhe/Documents/05. Nokia_PoV/Parallel_Test/venv/lib/python3.9/site-packages/airflow/example_dags/example_latest_only.py
[2025-04-02T16:40:01.559-0400] {processor.py:840} INFO - DAG(s) 'latest_only' retrieved from /Users/prasenjeet.gadhe/Documents/05. Nokia_PoV/Parallel_Test/venv/lib/python3.9/site-packages/airflow/example_dags/example_latest_only.py
[2025-04-02T16:40:01.643-0400] {logging_mixin.py:188} INFO - [2025-04-02T16:40:01.643-0400] {override.py:1829} INFO - Created Permission View: can edit on DAG:latest_only
[2025-04-02T16:40:01.645-0400] {logging_mixin.py:188} INFO - [2025-04-02T16:40:01.645-0400] {override.py:1829} INFO - Created Permission View: can delete on DAG:latest_only
[2025-04-02T16:40:01.647-0400] {logging_mixin.py:188} INFO - [2025-04-02T16:40:01.647-0400] {override.py:1829} INFO - Created Permission View: can read on DAG:latest_only
[2025-04-02T16:40:01.647-0400] {logging_mixin.py:188} INFO - [2025-04-02T16:40:01.647-0400] {dag.py:3096} INFO - Sync 1 DAGs
[2025-04-02T16:40:01.651-0400] {logging_mixin.py:188} INFO - [2025-04-02T16:40:01.651-0400] {dag.py:3118} INFO - Creating ORM DAG for latest_only
[2025-04-02T16:40:01.655-0400] {logging_mixin.py:188} INFO - [2025-04-02T16:40:01.655-0400] {dag.py:3954} INFO - Setting next_dagrun for latest_only to 2025-04-02 16:00:00+00:00, run_after=2025-04-02 20:00:00+00:00
[2025-04-02T16:40:01.661-0400] {processor.py:183} INFO - Processing /Users/prasenjeet.gadhe/Documents/05. Nokia_PoV/Parallel_Test/venv/lib/python3.9/site-packages/airflow/example_dags/example_latest_only.py took 0.108 seconds
[2025-04-02T16:41:56.137-0400] {processor.py:161} INFO - Started process (PID=84542) to work on /Users/prasenjeet.gadhe/Documents/05. Nokia_PoV/Parallel_Test/venv/lib/python3.9/site-packages/airflow/example_dags/example_latest_only.py
[2025-04-02T16:41:56.138-0400] {processor.py:830} INFO - Processing file /Users/prasenjeet.gadhe/Documents/05. Nokia_PoV/Parallel_Test/venv/lib/python3.9/site-packages/airflow/example_dags/example_latest_only.py for tasks to queue
[2025-04-02T16:41:56.139-0400] {logging_mixin.py:188} INFO - [2025-04-02T16:41:56.139-0400] {dagbag.py:540} INFO - Filling up the DagBag from /Users/prasenjeet.gadhe/Documents/05. Nokia_PoV/Parallel_Test/venv/lib/python3.9/site-packages/airflow/example_dags/example_latest_only.py
[2025-04-02T16:41:56.143-0400] {processor.py:840} INFO - DAG(s) 'latest_only' retrieved from /Users/prasenjeet.gadhe/Documents/05. Nokia_PoV/Parallel_Test/venv/lib/python3.9/site-packages/airflow/example_dags/example_latest_only.py
[2025-04-02T16:41:56.198-0400] {logging_mixin.py:188} INFO - [2025-04-02T16:41:56.198-0400] {dag.py:3096} INFO - Sync 1 DAGs
[2025-04-02T16:41:56.205-0400] {logging_mixin.py:188} INFO - [2025-04-02T16:41:56.205-0400] {dag.py:3954} INFO - Setting next_dagrun for latest_only to 2025-04-02 16:00:00+00:00, run_after=2025-04-02 20:00:00+00:00
[2025-04-02T16:41:56.210-0400] {processor.py:183} INFO - Processing /Users/prasenjeet.gadhe/Documents/05. Nokia_PoV/Parallel_Test/venv/lib/python3.9/site-packages/airflow/example_dags/example_latest_only.py took 0.075 seconds
[2025-04-02T16:43:50.420-0400] {processor.py:161} INFO - Started process (PID=98589) to work on /Users/prasenjeet.gadhe/Documents/05. Nokia_PoV/Parallel_Test/venv/lib/python3.9/site-packages/airflow/example_dags/example_latest_only.py
[2025-04-02T16:43:50.422-0400] {processor.py:830} INFO - Processing file /Users/prasenjeet.gadhe/Documents/05. Nokia_PoV/Parallel_Test/venv/lib/python3.9/site-packages/airflow/example_dags/example_latest_only.py for tasks to queue
[2025-04-02T16:43:50.422-0400] {logging_mixin.py:188} INFO - [2025-04-02T16:43:50.422-0400] {dagbag.py:540} INFO - Filling up the DagBag from /Users/prasenjeet.gadhe/Documents/05. Nokia_PoV/Parallel_Test/venv/lib/python3.9/site-packages/airflow/example_dags/example_latest_only.py
[2025-04-02T16:43:50.426-0400] {processor.py:840} INFO - DAG(s) 'latest_only' retrieved from /Users/prasenjeet.gadhe/Documents/05. Nokia_PoV/Parallel_Test/venv/lib/python3.9/site-packages/airflow/example_dags/example_latest_only.py
[2025-04-02T16:43:50.485-0400] {logging_mixin.py:188} INFO - [2025-04-02T16:43:50.485-0400] {dag.py:3096} INFO - Sync 1 DAGs
[2025-04-02T16:43:50.493-0400] {logging_mixin.py:188} INFO - [2025-04-02T16:43:50.493-0400] {dag.py:3954} INFO - Setting next_dagrun for latest_only to 2025-04-02 16:00:00+00:00, run_after=2025-04-02 20:00:00+00:00
[2025-04-02T16:43:50.499-0400] {processor.py:183} INFO - Processing /Users/prasenjeet.gadhe/Documents/05. Nokia_PoV/Parallel_Test/venv/lib/python3.9/site-packages/airflow/example_dags/example_latest_only.py took 0.080 seconds
[2025-04-02T16:46:22.887-0400] {processor.py:161} INFO - Started process (PID=17879) to work on /Users/prasenjeet.gadhe/Documents/05. Nokia_PoV/Parallel_Test/venv/lib/python3.9/site-packages/airflow/example_dags/example_latest_only.py
[2025-04-02T16:46:22.889-0400] {processor.py:830} INFO - Processing file /Users/prasenjeet.gadhe/Documents/05. Nokia_PoV/Parallel_Test/venv/lib/python3.9/site-packages/airflow/example_dags/example_latest_only.py for tasks to queue
[2025-04-02T16:46:22.889-0400] {logging_mixin.py:188} INFO - [2025-04-02T16:46:22.889-0400] {dagbag.py:540} INFO - Filling up the DagBag from /Users/prasenjeet.gadhe/Documents/05. Nokia_PoV/Parallel_Test/venv/lib/python3.9/site-packages/airflow/example_dags/example_latest_only.py
[2025-04-02T16:46:22.893-0400] {processor.py:840} INFO - DAG(s) 'latest_only' retrieved from /Users/prasenjeet.gadhe/Documents/05. Nokia_PoV/Parallel_Test/venv/lib/python3.9/site-packages/airflow/example_dags/example_latest_only.py
[2025-04-02T16:46:22.959-0400] {logging_mixin.py:188} INFO - [2025-04-02T16:46:22.959-0400] {dag.py:3096} INFO - Sync 1 DAGs
[2025-04-02T16:46:22.966-0400] {logging_mixin.py:188} INFO - [2025-04-02T16:46:22.966-0400] {dag.py:3954} INFO - Setting next_dagrun for latest_only to 2025-04-02 16:00:00+00:00, run_after=2025-04-02 20:00:00+00:00
[2025-04-02T16:46:22.973-0400] {processor.py:183} INFO - Processing /Users/prasenjeet.gadhe/Documents/05. Nokia_PoV/Parallel_Test/venv/lib/python3.9/site-packages/airflow/example_dags/example_latest_only.py took 0.087 seconds
[2025-04-02T16:48:21.539-0400] {processor.py:161} INFO - Started process (PID=32540) to work on /Users/prasenjeet.gadhe/Documents/05. Nokia_PoV/Parallel_Test/venv/lib/python3.9/site-packages/airflow/example_dags/example_latest_only.py
[2025-04-02T16:48:21.541-0400] {processor.py:830} INFO - Processing file /Users/prasenjeet.gadhe/Documents/05. Nokia_PoV/Parallel_Test/venv/lib/python3.9/site-packages/airflow/example_dags/example_latest_only.py for tasks to queue
[2025-04-02T16:48:21.541-0400] {logging_mixin.py:188} INFO - [2025-04-02T16:48:21.541-0400] {dagbag.py:540} INFO - Filling up the DagBag from /Users/prasenjeet.gadhe/Documents/05. Nokia_PoV/Parallel_Test/venv/lib/python3.9/site-packages/airflow/example_dags/example_latest_only.py
[2025-04-02T16:48:21.545-0400] {processor.py:840} INFO - DAG(s) 'latest_only' retrieved from /Users/prasenjeet.gadhe/Documents/05. Nokia_PoV/Parallel_Test/venv/lib/python3.9/site-packages/airflow/example_dags/example_latest_only.py
[2025-04-02T16:48:21.602-0400] {logging_mixin.py:188} INFO - [2025-04-02T16:48:21.602-0400] {dag.py:3096} INFO - Sync 1 DAGs
[2025-04-02T16:48:21.609-0400] {logging_mixin.py:188} INFO - [2025-04-02T16:48:21.609-0400] {dag.py:3954} INFO - Setting next_dagrun for latest_only to 2025-04-02 16:00:00+00:00, run_after=2025-04-02 20:00:00+00:00
[2025-04-02T16:48:21.616-0400] {processor.py:183} INFO - Processing /Users/prasenjeet.gadhe/Documents/05. Nokia_PoV/Parallel_Test/venv/lib/python3.9/site-packages/airflow/example_dags/example_latest_only.py took 0.078 seconds
[2025-04-02T16:51:33.967-0400] {processor.py:161} INFO - Started process (PID=56464) to work on /Users/prasenjeet.gadhe/Documents/05. Nokia_PoV/Parallel_Test/venv/lib/python3.9/site-packages/airflow/example_dags/example_latest_only.py
[2025-04-02T16:51:33.969-0400] {processor.py:830} INFO - Processing file /Users/prasenjeet.gadhe/Documents/05. Nokia_PoV/Parallel_Test/venv/lib/python3.9/site-packages/airflow/example_dags/example_latest_only.py for tasks to queue
[2025-04-02T16:51:33.969-0400] {logging_mixin.py:188} INFO - [2025-04-02T16:51:33.969-0400] {dagbag.py:540} INFO - Filling up the DagBag from /Users/prasenjeet.gadhe/Documents/05. Nokia_PoV/Parallel_Test/venv/lib/python3.9/site-packages/airflow/example_dags/example_latest_only.py
[2025-04-02T16:51:33.972-0400] {processor.py:840} INFO - DAG(s) 'latest_only' retrieved from /Users/prasenjeet.gadhe/Documents/05. Nokia_PoV/Parallel_Test/venv/lib/python3.9/site-packages/airflow/example_dags/example_latest_only.py
[2025-04-02T16:51:34.024-0400] {logging_mixin.py:188} INFO - [2025-04-02T16:51:34.024-0400] {dag.py:3096} INFO - Sync 1 DAGs
[2025-04-02T16:51:34.030-0400] {logging_mixin.py:188} INFO - [2025-04-02T16:51:34.030-0400] {dag.py:3954} INFO - Setting next_dagrun for latest_only to 2025-04-02 16:00:00+00:00, run_after=2025-04-02 20:00:00+00:00
[2025-04-02T16:51:34.036-0400] {processor.py:183} INFO - Processing /Users/prasenjeet.gadhe/Documents/05. Nokia_PoV/Parallel_Test/venv/lib/python3.9/site-packages/airflow/example_dags/example_latest_only.py took 0.070 seconds
[2025-04-02T16:53:27.467-0400] {processor.py:161} INFO - Started process (PID=70335) to work on /Users/prasenjeet.gadhe/Documents/05. Nokia_PoV/Parallel_Test/venv/lib/python3.9/site-packages/airflow/example_dags/example_latest_only.py
[2025-04-02T16:53:27.469-0400] {processor.py:830} INFO - Processing file /Users/prasenjeet.gadhe/Documents/05. Nokia_PoV/Parallel_Test/venv/lib/python3.9/site-packages/airflow/example_dags/example_latest_only.py for tasks to queue
[2025-04-02T16:53:27.469-0400] {logging_mixin.py:188} INFO - [2025-04-02T16:53:27.469-0400] {dagbag.py:540} INFO - Filling up the DagBag from /Users/prasenjeet.gadhe/Documents/05. Nokia_PoV/Parallel_Test/venv/lib/python3.9/site-packages/airflow/example_dags/example_latest_only.py
[2025-04-02T16:53:27.473-0400] {processor.py:840} INFO - DAG(s) 'latest_only' retrieved from /Users/prasenjeet.gadhe/Documents/05. Nokia_PoV/Parallel_Test/venv/lib/python3.9/site-packages/airflow/example_dags/example_latest_only.py
[2025-04-02T16:53:27.526-0400] {logging_mixin.py:188} INFO - [2025-04-02T16:53:27.526-0400] {dag.py:3096} INFO - Sync 1 DAGs
[2025-04-02T16:53:27.532-0400] {logging_mixin.py:188} INFO - [2025-04-02T16:53:27.532-0400] {dag.py:3954} INFO - Setting next_dagrun for latest_only to 2025-04-02 16:00:00+00:00, run_after=2025-04-02 20:00:00+00:00
[2025-04-02T16:53:27.539-0400] {processor.py:183} INFO - Processing /Users/prasenjeet.gadhe/Documents/05. Nokia_PoV/Parallel_Test/venv/lib/python3.9/site-packages/airflow/example_dags/example_latest_only.py took 0.072 seconds
[2025-04-02T16:55:20.654-0400] {processor.py:161} INFO - Started process (PID=84475) to work on /Users/prasenjeet.gadhe/Documents/05. Nokia_PoV/Parallel_Test/venv/lib/python3.9/site-packages/airflow/example_dags/example_latest_only.py
[2025-04-02T16:55:20.656-0400] {processor.py:830} INFO - Processing file /Users/prasenjeet.gadhe/Documents/05. Nokia_PoV/Parallel_Test/venv/lib/python3.9/site-packages/airflow/example_dags/example_latest_only.py for tasks to queue
[2025-04-02T16:55:20.656-0400] {logging_mixin.py:188} INFO - [2025-04-02T16:55:20.656-0400] {dagbag.py:540} INFO - Filling up the DagBag from /Users/prasenjeet.gadhe/Documents/05. Nokia_PoV/Parallel_Test/venv/lib/python3.9/site-packages/airflow/example_dags/example_latest_only.py
[2025-04-02T16:55:20.660-0400] {processor.py:840} INFO - DAG(s) 'latest_only' retrieved from /Users/prasenjeet.gadhe/Documents/05. Nokia_PoV/Parallel_Test/venv/lib/python3.9/site-packages/airflow/example_dags/example_latest_only.py
[2025-04-02T16:55:20.713-0400] {logging_mixin.py:188} INFO - [2025-04-02T16:55:20.713-0400] {dag.py:3096} INFO - Sync 1 DAGs
[2025-04-02T16:55:20.720-0400] {logging_mixin.py:188} INFO - [2025-04-02T16:55:20.720-0400] {dag.py:3954} INFO - Setting next_dagrun for latest_only to 2025-04-02 16:00:00+00:00, run_after=2025-04-02 20:00:00+00:00
[2025-04-02T16:55:20.726-0400] {processor.py:183} INFO - Processing /Users/prasenjeet.gadhe/Documents/05. Nokia_PoV/Parallel_Test/venv/lib/python3.9/site-packages/airflow/example_dags/example_latest_only.py took 0.073 seconds
[2025-04-02T16:57:16.551-0400] {processor.py:161} INFO - Started process (PID=98815) to work on /Users/prasenjeet.gadhe/Documents/05. Nokia_PoV/Parallel_Test/venv/lib/python3.9/site-packages/airflow/example_dags/example_latest_only.py
[2025-04-02T16:57:16.552-0400] {processor.py:830} INFO - Processing file /Users/prasenjeet.gadhe/Documents/05. Nokia_PoV/Parallel_Test/venv/lib/python3.9/site-packages/airflow/example_dags/example_latest_only.py for tasks to queue
[2025-04-02T16:57:16.553-0400] {logging_mixin.py:188} INFO - [2025-04-02T16:57:16.553-0400] {dagbag.py:540} INFO - Filling up the DagBag from /Users/prasenjeet.gadhe/Documents/05. Nokia_PoV/Parallel_Test/venv/lib/python3.9/site-packages/airflow/example_dags/example_latest_only.py
[2025-04-02T16:57:16.557-0400] {processor.py:840} INFO - DAG(s) 'latest_only' retrieved from /Users/prasenjeet.gadhe/Documents/05. Nokia_PoV/Parallel_Test/venv/lib/python3.9/site-packages/airflow/example_dags/example_latest_only.py
[2025-04-02T16:57:16.613-0400] {logging_mixin.py:188} INFO - [2025-04-02T16:57:16.613-0400] {dag.py:3096} INFO - Sync 1 DAGs
[2025-04-02T16:57:16.620-0400] {logging_mixin.py:188} INFO - [2025-04-02T16:57:16.620-0400] {dag.py:3954} INFO - Setting next_dagrun for latest_only to 2025-04-02 16:00:00+00:00, run_after=2025-04-02 20:00:00+00:00
[2025-04-02T16:57:16.626-0400] {processor.py:183} INFO - Processing /Users/prasenjeet.gadhe/Documents/05. Nokia_PoV/Parallel_Test/venv/lib/python3.9/site-packages/airflow/example_dags/example_latest_only.py took 0.077 seconds
[2025-04-02T16:59:08.067-0400] {processor.py:161} INFO - Started process (PID=12830) to work on /Users/prasenjeet.gadhe/Documents/05. Nokia_PoV/Parallel_Test/venv/lib/python3.9/site-packages/airflow/example_dags/example_latest_only.py
[2025-04-02T16:59:08.069-0400] {processor.py:830} INFO - Processing file /Users/prasenjeet.gadhe/Documents/05. Nokia_PoV/Parallel_Test/venv/lib/python3.9/site-packages/airflow/example_dags/example_latest_only.py for tasks to queue
[2025-04-02T16:59:08.069-0400] {logging_mixin.py:188} INFO - [2025-04-02T16:59:08.069-0400] {dagbag.py:540} INFO - Filling up the DagBag from /Users/prasenjeet.gadhe/Documents/05. Nokia_PoV/Parallel_Test/venv/lib/python3.9/site-packages/airflow/example_dags/example_latest_only.py
[2025-04-02T16:59:08.074-0400] {processor.py:840} INFO - DAG(s) 'latest_only' retrieved from /Users/prasenjeet.gadhe/Documents/05. Nokia_PoV/Parallel_Test/venv/lib/python3.9/site-packages/airflow/example_dags/example_latest_only.py
[2025-04-02T16:59:08.132-0400] {logging_mixin.py:188} INFO - [2025-04-02T16:59:08.131-0400] {dag.py:3096} INFO - Sync 1 DAGs
[2025-04-02T16:59:08.138-0400] {logging_mixin.py:188} INFO - [2025-04-02T16:59:08.138-0400] {dag.py:3954} INFO - Setting next_dagrun for latest_only to 2025-04-02 16:00:00+00:00, run_after=2025-04-02 20:00:00+00:00
[2025-04-02T16:59:08.145-0400] {processor.py:183} INFO - Processing /Users/prasenjeet.gadhe/Documents/05. Nokia_PoV/Parallel_Test/venv/lib/python3.9/site-packages/airflow/example_dags/example_latest_only.py took 0.079 seconds
[2025-04-02T17:01:00.832-0400] {processor.py:161} INFO - Started process (PID=26686) to work on /Users/prasenjeet.gadhe/Documents/05. Nokia_PoV/Parallel_Test/venv/lib/python3.9/site-packages/airflow/example_dags/example_latest_only.py
[2025-04-02T17:01:00.834-0400] {processor.py:830} INFO - Processing file /Users/prasenjeet.gadhe/Documents/05. Nokia_PoV/Parallel_Test/venv/lib/python3.9/site-packages/airflow/example_dags/example_latest_only.py for tasks to queue
[2025-04-02T17:01:00.834-0400] {logging_mixin.py:188} INFO - [2025-04-02T17:01:00.834-0400] {dagbag.py:540} INFO - Filling up the DagBag from /Users/prasenjeet.gadhe/Documents/05. Nokia_PoV/Parallel_Test/venv/lib/python3.9/site-packages/airflow/example_dags/example_latest_only.py
[2025-04-02T17:01:00.838-0400] {processor.py:840} INFO - DAG(s) 'latest_only' retrieved from /Users/prasenjeet.gadhe/Documents/05. Nokia_PoV/Parallel_Test/venv/lib/python3.9/site-packages/airflow/example_dags/example_latest_only.py
[2025-04-02T17:01:00.901-0400] {logging_mixin.py:188} INFO - [2025-04-02T17:01:00.901-0400] {dag.py:3096} INFO - Sync 1 DAGs
[2025-04-02T17:01:00.909-0400] {logging_mixin.py:188} INFO - [2025-04-02T17:01:00.909-0400] {dag.py:3954} INFO - Setting next_dagrun for latest_only to 2025-04-02 16:00:00+00:00, run_after=2025-04-02 20:00:00+00:00
[2025-04-02T17:01:00.916-0400] {processor.py:183} INFO - Processing /Users/prasenjeet.gadhe/Documents/05. Nokia_PoV/Parallel_Test/venv/lib/python3.9/site-packages/airflow/example_dags/example_latest_only.py took 0.086 seconds
[2025-04-02T17:02:54.377-0400] {processor.py:161} INFO - Started process (PID=40557) to work on /Users/prasenjeet.gadhe/Documents/05. Nokia_PoV/Parallel_Test/venv/lib/python3.9/site-packages/airflow/example_dags/example_latest_only.py
[2025-04-02T17:02:54.379-0400] {processor.py:830} INFO - Processing file /Users/prasenjeet.gadhe/Documents/05. Nokia_PoV/Parallel_Test/venv/lib/python3.9/site-packages/airflow/example_dags/example_latest_only.py for tasks to queue
[2025-04-02T17:02:54.379-0400] {logging_mixin.py:188} INFO - [2025-04-02T17:02:54.379-0400] {dagbag.py:540} INFO - Filling up the DagBag from /Users/prasenjeet.gadhe/Documents/05. Nokia_PoV/Parallel_Test/venv/lib/python3.9/site-packages/airflow/example_dags/example_latest_only.py
[2025-04-02T17:02:54.383-0400] {processor.py:840} INFO - DAG(s) 'latest_only' retrieved from /Users/prasenjeet.gadhe/Documents/05. Nokia_PoV/Parallel_Test/venv/lib/python3.9/site-packages/airflow/example_dags/example_latest_only.py
[2025-04-02T17:02:54.436-0400] {logging_mixin.py:188} INFO - [2025-04-02T17:02:54.436-0400] {dag.py:3096} INFO - Sync 1 DAGs
[2025-04-02T17:02:54.443-0400] {logging_mixin.py:188} INFO - [2025-04-02T17:02:54.443-0400] {dag.py:3954} INFO - Setting next_dagrun for latest_only to 2025-04-02 16:00:00+00:00, run_after=2025-04-02 20:00:00+00:00
[2025-04-02T17:02:54.449-0400] {processor.py:183} INFO - Processing /Users/prasenjeet.gadhe/Documents/05. Nokia_PoV/Parallel_Test/venv/lib/python3.9/site-packages/airflow/example_dags/example_latest_only.py took 0.073 seconds
[2025-04-02T17:04:45.325-0400] {processor.py:161} INFO - Started process (PID=54204) to work on /Users/prasenjeet.gadhe/Documents/05. Nokia_PoV/Parallel_Test/venv/lib/python3.9/site-packages/airflow/example_dags/example_latest_only.py
[2025-04-02T17:04:45.326-0400] {processor.py:830} INFO - Processing file /Users/prasenjeet.gadhe/Documents/05. Nokia_PoV/Parallel_Test/venv/lib/python3.9/site-packages/airflow/example_dags/example_latest_only.py for tasks to queue
[2025-04-02T17:04:45.326-0400] {logging_mixin.py:188} INFO - [2025-04-02T17:04:45.326-0400] {dagbag.py:540} INFO - Filling up the DagBag from /Users/prasenjeet.gadhe/Documents/05. Nokia_PoV/Parallel_Test/venv/lib/python3.9/site-packages/airflow/example_dags/example_latest_only.py
[2025-04-02T17:04:45.330-0400] {processor.py:840} INFO - DAG(s) 'latest_only' retrieved from /Users/prasenjeet.gadhe/Documents/05. Nokia_PoV/Parallel_Test/venv/lib/python3.9/site-packages/airflow/example_dags/example_latest_only.py
[2025-04-02T17:04:45.386-0400] {logging_mixin.py:188} INFO - [2025-04-02T17:04:45.386-0400] {dag.py:3096} INFO - Sync 1 DAGs
[2025-04-02T17:04:45.393-0400] {logging_mixin.py:188} INFO - [2025-04-02T17:04:45.393-0400] {dag.py:3954} INFO - Setting next_dagrun for latest_only to 2025-04-02 16:00:00+00:00, run_after=2025-04-02 20:00:00+00:00
[2025-04-02T17:04:45.399-0400] {processor.py:183} INFO - Processing /Users/prasenjeet.gadhe/Documents/05. Nokia_PoV/Parallel_Test/venv/lib/python3.9/site-packages/airflow/example_dags/example_latest_only.py took 0.075 seconds
[2025-04-02T17:06:33.346-0400] {processor.py:161} INFO - Started process (PID=67483) to work on /Users/prasenjeet.gadhe/Documents/05. Nokia_PoV/Parallel_Test/venv/lib/python3.9/site-packages/airflow/example_dags/example_latest_only.py
[2025-04-02T17:06:33.348-0400] {processor.py:830} INFO - Processing file /Users/prasenjeet.gadhe/Documents/05. Nokia_PoV/Parallel_Test/venv/lib/python3.9/site-packages/airflow/example_dags/example_latest_only.py for tasks to queue
[2025-04-02T17:06:33.348-0400] {logging_mixin.py:188} INFO - [2025-04-02T17:06:33.348-0400] {dagbag.py:540} INFO - Filling up the DagBag from /Users/prasenjeet.gadhe/Documents/05. Nokia_PoV/Parallel_Test/venv/lib/python3.9/site-packages/airflow/example_dags/example_latest_only.py
[2025-04-02T17:06:33.352-0400] {processor.py:840} INFO - DAG(s) 'latest_only' retrieved from /Users/prasenjeet.gadhe/Documents/05. Nokia_PoV/Parallel_Test/venv/lib/python3.9/site-packages/airflow/example_dags/example_latest_only.py
[2025-04-02T17:06:33.409-0400] {logging_mixin.py:188} INFO - [2025-04-02T17:06:33.409-0400] {dag.py:3096} INFO - Sync 1 DAGs
[2025-04-02T17:06:33.416-0400] {logging_mixin.py:188} INFO - [2025-04-02T17:06:33.416-0400] {dag.py:3954} INFO - Setting next_dagrun for latest_only to 2025-04-02 16:00:00+00:00, run_after=2025-04-02 20:00:00+00:00
[2025-04-02T17:06:33.423-0400] {processor.py:183} INFO - Processing /Users/prasenjeet.gadhe/Documents/05. Nokia_PoV/Parallel_Test/venv/lib/python3.9/site-packages/airflow/example_dags/example_latest_only.py took 0.078 seconds
[2025-04-02T17:08:25.475-0400] {processor.py:161} INFO - Started process (PID=81349) to work on /Users/prasenjeet.gadhe/Documents/05. Nokia_PoV/Parallel_Test/venv/lib/python3.9/site-packages/airflow/example_dags/example_latest_only.py
[2025-04-02T17:08:25.476-0400] {processor.py:830} INFO - Processing file /Users/prasenjeet.gadhe/Documents/05. Nokia_PoV/Parallel_Test/venv/lib/python3.9/site-packages/airflow/example_dags/example_latest_only.py for tasks to queue
[2025-04-02T17:08:25.476-0400] {logging_mixin.py:188} INFO - [2025-04-02T17:08:25.476-0400] {dagbag.py:540} INFO - Filling up the DagBag from /Users/prasenjeet.gadhe/Documents/05. Nokia_PoV/Parallel_Test/venv/lib/python3.9/site-packages/airflow/example_dags/example_latest_only.py
[2025-04-02T17:08:25.480-0400] {processor.py:840} INFO - DAG(s) 'latest_only' retrieved from /Users/prasenjeet.gadhe/Documents/05. Nokia_PoV/Parallel_Test/venv/lib/python3.9/site-packages/airflow/example_dags/example_latest_only.py
[2025-04-02T17:08:25.533-0400] {logging_mixin.py:188} INFO - [2025-04-02T17:08:25.533-0400] {dag.py:3096} INFO - Sync 1 DAGs
[2025-04-02T17:08:25.540-0400] {logging_mixin.py:188} INFO - [2025-04-02T17:08:25.540-0400] {dag.py:3954} INFO - Setting next_dagrun for latest_only to 2025-04-02 16:00:00+00:00, run_after=2025-04-02 20:00:00+00:00
[2025-04-02T17:08:25.546-0400] {processor.py:183} INFO - Processing /Users/prasenjeet.gadhe/Documents/05. Nokia_PoV/Parallel_Test/venv/lib/python3.9/site-packages/airflow/example_dags/example_latest_only.py took 0.072 seconds
[2025-04-02T17:10:24.559-0400] {processor.py:161} INFO - Started process (PID=96020) to work on /Users/prasenjeet.gadhe/Documents/05. Nokia_PoV/Parallel_Test/venv/lib/python3.9/site-packages/airflow/example_dags/example_latest_only.py
[2025-04-02T17:10:24.560-0400] {processor.py:830} INFO - Processing file /Users/prasenjeet.gadhe/Documents/05. Nokia_PoV/Parallel_Test/venv/lib/python3.9/site-packages/airflow/example_dags/example_latest_only.py for tasks to queue
[2025-04-02T17:10:24.560-0400] {logging_mixin.py:188} INFO - [2025-04-02T17:10:24.560-0400] {dagbag.py:540} INFO - Filling up the DagBag from /Users/prasenjeet.gadhe/Documents/05. Nokia_PoV/Parallel_Test/venv/lib/python3.9/site-packages/airflow/example_dags/example_latest_only.py
[2025-04-02T17:10:24.564-0400] {processor.py:840} INFO - DAG(s) 'latest_only' retrieved from /Users/prasenjeet.gadhe/Documents/05. Nokia_PoV/Parallel_Test/venv/lib/python3.9/site-packages/airflow/example_dags/example_latest_only.py
[2025-04-02T17:10:24.619-0400] {logging_mixin.py:188} INFO - [2025-04-02T17:10:24.619-0400] {dag.py:3096} INFO - Sync 1 DAGs
[2025-04-02T17:10:24.626-0400] {logging_mixin.py:188} INFO - [2025-04-02T17:10:24.626-0400] {dag.py:3954} INFO - Setting next_dagrun for latest_only to 2025-04-02 16:00:00+00:00, run_after=2025-04-02 20:00:00+00:00
[2025-04-02T17:10:24.632-0400] {processor.py:183} INFO - Processing /Users/prasenjeet.gadhe/Documents/05. Nokia_PoV/Parallel_Test/venv/lib/python3.9/site-packages/airflow/example_dags/example_latest_only.py took 0.074 seconds
[2025-04-02T17:12:15.658-0400] {processor.py:161} INFO - Started process (PID=10111) to work on /Users/prasenjeet.gadhe/Documents/05. Nokia_PoV/Parallel_Test/venv/lib/python3.9/site-packages/airflow/example_dags/example_latest_only.py
[2025-04-02T17:12:15.660-0400] {processor.py:830} INFO - Processing file /Users/prasenjeet.gadhe/Documents/05. Nokia_PoV/Parallel_Test/venv/lib/python3.9/site-packages/airflow/example_dags/example_latest_only.py for tasks to queue
[2025-04-02T17:12:15.660-0400] {logging_mixin.py:188} INFO - [2025-04-02T17:12:15.660-0400] {dagbag.py:540} INFO - Filling up the DagBag from /Users/prasenjeet.gadhe/Documents/05. Nokia_PoV/Parallel_Test/venv/lib/python3.9/site-packages/airflow/example_dags/example_latest_only.py
[2025-04-02T17:12:15.664-0400] {processor.py:840} INFO - DAG(s) 'latest_only' retrieved from /Users/prasenjeet.gadhe/Documents/05. Nokia_PoV/Parallel_Test/venv/lib/python3.9/site-packages/airflow/example_dags/example_latest_only.py
[2025-04-02T17:12:15.726-0400] {logging_mixin.py:188} INFO - [2025-04-02T17:12:15.726-0400] {dag.py:3096} INFO - Sync 1 DAGs
[2025-04-02T17:12:15.736-0400] {logging_mixin.py:188} INFO - [2025-04-02T17:12:15.736-0400] {dag.py:3954} INFO - Setting next_dagrun for latest_only to 2025-04-02 16:00:00+00:00, run_after=2025-04-02 20:00:00+00:00
[2025-04-02T17:12:15.744-0400] {processor.py:183} INFO - Processing /Users/prasenjeet.gadhe/Documents/05. Nokia_PoV/Parallel_Test/venv/lib/python3.9/site-packages/airflow/example_dags/example_latest_only.py took 0.087 seconds
