[2025-04-02T16:39:56.123-0400] {processor.py:161} INFO - Started process (PID=69426) to work on /Users/prasenjeet.gadhe/Documents/05. Nokia_PoV/Parallel_Test/venv/lib/python3.9/site-packages/airflow/example_dags/example_nested_branch_dag.py
[2025-04-02T16:39:56.124-0400] {processor.py:830} INFO - Processing file /Users/prasenjeet.gadhe/Documents/05. Nokia_PoV/Parallel_Test/venv/lib/python3.9/site-packages/airflow/example_dags/example_nested_branch_dag.py for tasks to queue
[2025-04-02T16:39:56.124-0400] {logging_mixin.py:188} INFO - [2025-04-02T16:39:56.124-0400] {dagbag.py:540} INFO - Filling up the DagBag from /Users/prasenjeet.gadhe/Documents/05. Nokia_PoV/Parallel_Test/venv/lib/python3.9/site-packages/airflow/example_dags/example_nested_branch_dag.py
[2025-04-02T16:39:56.140-0400] {processor.py:840} INFO - DAG(s) 'example_nested_branch_dag' retrieved from /Users/prasenjeet.gadhe/Documents/05. Nokia_PoV/Parallel_Test/venv/lib/python3.9/site-packages/airflow/example_dags/example_nested_branch_dag.py
[2025-04-02T16:39:56.225-0400] {logging_mixin.py:188} INFO - [2025-04-02T16:39:56.225-0400] {override.py:1829} INFO - Created Permission View: can delete on DAG:example_nested_branch_dag
[2025-04-02T16:39:56.228-0400] {logging_mixin.py:188} INFO - [2025-04-02T16:39:56.228-0400] {override.py:1829} INFO - Created Permission View: can edit on DAG:example_nested_branch_dag
[2025-04-02T16:39:56.230-0400] {logging_mixin.py:188} INFO - [2025-04-02T16:39:56.230-0400] {override.py:1829} INFO - Created Permission View: can read on DAG:example_nested_branch_dag
[2025-04-02T16:39:56.230-0400] {logging_mixin.py:188} INFO - [2025-04-02T16:39:56.230-0400] {dag.py:3096} INFO - Sync 1 DAGs
[2025-04-02T16:39:56.233-0400] {logging_mixin.py:188} INFO - [2025-04-02T16:39:56.233-0400] {dag.py:3118} INFO - Creating ORM DAG for example_nested_branch_dag
[2025-04-02T16:39:56.236-0400] {logging_mixin.py:188} INFO - [2025-04-02T16:39:56.236-0400] {dag.py:3954} INFO - Setting next_dagrun for example_nested_branch_dag to 2025-04-01 00:00:00+00:00, run_after=2025-04-02 00:00:00+00:00
[2025-04-02T16:39:56.243-0400] {processor.py:183} INFO - Processing /Users/prasenjeet.gadhe/Documents/05. Nokia_PoV/Parallel_Test/venv/lib/python3.9/site-packages/airflow/example_dags/example_nested_branch_dag.py took 0.121 seconds
[2025-04-02T16:41:23.313-0400] {processor.py:161} INFO - Started process (PID=80467) to work on /Users/prasenjeet.gadhe/Documents/05. Nokia_PoV/Parallel_Test/venv/lib/python3.9/site-packages/airflow/example_dags/example_nested_branch_dag.py
[2025-04-02T16:41:23.314-0400] {processor.py:830} INFO - Processing file /Users/prasenjeet.gadhe/Documents/05. Nokia_PoV/Parallel_Test/venv/lib/python3.9/site-packages/airflow/example_dags/example_nested_branch_dag.py for tasks to queue
[2025-04-02T16:41:23.314-0400] {logging_mixin.py:188} INFO - [2025-04-02T16:41:23.314-0400] {dagbag.py:540} INFO - Filling up the DagBag from /Users/prasenjeet.gadhe/Documents/05. Nokia_PoV/Parallel_Test/venv/lib/python3.9/site-packages/airflow/example_dags/example_nested_branch_dag.py
[2025-04-02T16:41:23.329-0400] {processor.py:840} INFO - DAG(s) 'example_nested_branch_dag' retrieved from /Users/prasenjeet.gadhe/Documents/05. Nokia_PoV/Parallel_Test/venv/lib/python3.9/site-packages/airflow/example_dags/example_nested_branch_dag.py
[2025-04-02T16:41:23.385-0400] {logging_mixin.py:188} INFO - [2025-04-02T16:41:23.384-0400] {dag.py:3096} INFO - Sync 1 DAGs
[2025-04-02T16:41:23.391-0400] {logging_mixin.py:188} INFO - [2025-04-02T16:41:23.391-0400] {dag.py:3954} INFO - Setting next_dagrun for example_nested_branch_dag to 2025-04-01 00:00:00+00:00, run_after=2025-04-02 00:00:00+00:00
[2025-04-02T16:41:23.397-0400] {processor.py:183} INFO - Processing /Users/prasenjeet.gadhe/Documents/05. Nokia_PoV/Parallel_Test/venv/lib/python3.9/site-packages/airflow/example_dags/example_nested_branch_dag.py took 0.085 seconds
[2025-04-02T16:43:18.818-0400] {processor.py:161} INFO - Started process (PID=94707) to work on /Users/prasenjeet.gadhe/Documents/05. Nokia_PoV/Parallel_Test/venv/lib/python3.9/site-packages/airflow/example_dags/example_nested_branch_dag.py
[2025-04-02T16:43:18.819-0400] {processor.py:830} INFO - Processing file /Users/prasenjeet.gadhe/Documents/05. Nokia_PoV/Parallel_Test/venv/lib/python3.9/site-packages/airflow/example_dags/example_nested_branch_dag.py for tasks to queue
[2025-04-02T16:43:18.819-0400] {logging_mixin.py:188} INFO - [2025-04-02T16:43:18.819-0400] {dagbag.py:540} INFO - Filling up the DagBag from /Users/prasenjeet.gadhe/Documents/05. Nokia_PoV/Parallel_Test/venv/lib/python3.9/site-packages/airflow/example_dags/example_nested_branch_dag.py
[2025-04-02T16:43:18.835-0400] {processor.py:840} INFO - DAG(s) 'example_nested_branch_dag' retrieved from /Users/prasenjeet.gadhe/Documents/05. Nokia_PoV/Parallel_Test/venv/lib/python3.9/site-packages/airflow/example_dags/example_nested_branch_dag.py
[2025-04-02T16:43:18.894-0400] {logging_mixin.py:188} INFO - [2025-04-02T16:43:18.894-0400] {dag.py:3096} INFO - Sync 1 DAGs
[2025-04-02T16:43:18.901-0400] {logging_mixin.py:188} INFO - [2025-04-02T16:43:18.901-0400] {dag.py:3954} INFO - Setting next_dagrun for example_nested_branch_dag to 2025-04-01 00:00:00+00:00, run_after=2025-04-02 00:00:00+00:00
[2025-04-02T16:43:18.908-0400] {processor.py:183} INFO - Processing /Users/prasenjeet.gadhe/Documents/05. Nokia_PoV/Parallel_Test/venv/lib/python3.9/site-packages/airflow/example_dags/example_nested_branch_dag.py took 0.092 seconds
[2025-04-02T16:46:18.439-0400] {processor.py:161} INFO - Started process (PID=17330) to work on /Users/prasenjeet.gadhe/Documents/05. Nokia_PoV/Parallel_Test/venv/lib/python3.9/site-packages/airflow/example_dags/example_nested_branch_dag.py
[2025-04-02T16:46:18.440-0400] {processor.py:830} INFO - Processing file /Users/prasenjeet.gadhe/Documents/05. Nokia_PoV/Parallel_Test/venv/lib/python3.9/site-packages/airflow/example_dags/example_nested_branch_dag.py for tasks to queue
[2025-04-02T16:46:18.440-0400] {logging_mixin.py:188} INFO - [2025-04-02T16:46:18.440-0400] {dagbag.py:540} INFO - Filling up the DagBag from /Users/prasenjeet.gadhe/Documents/05. Nokia_PoV/Parallel_Test/venv/lib/python3.9/site-packages/airflow/example_dags/example_nested_branch_dag.py
[2025-04-02T16:46:18.457-0400] {processor.py:840} INFO - DAG(s) 'example_nested_branch_dag' retrieved from /Users/prasenjeet.gadhe/Documents/05. Nokia_PoV/Parallel_Test/venv/lib/python3.9/site-packages/airflow/example_dags/example_nested_branch_dag.py
[2025-04-02T16:46:18.519-0400] {logging_mixin.py:188} INFO - [2025-04-02T16:46:18.518-0400] {dag.py:3096} INFO - Sync 1 DAGs
[2025-04-02T16:46:18.527-0400] {logging_mixin.py:188} INFO - [2025-04-02T16:46:18.527-0400] {dag.py:3954} INFO - Setting next_dagrun for example_nested_branch_dag to 2025-04-01 00:00:00+00:00, run_after=2025-04-02 00:00:00+00:00
[2025-04-02T16:46:18.536-0400] {processor.py:183} INFO - Processing /Users/prasenjeet.gadhe/Documents/05. Nokia_PoV/Parallel_Test/venv/lib/python3.9/site-packages/airflow/example_dags/example_nested_branch_dag.py took 0.098 seconds
[2025-04-02T16:47:46.587-0400] {processor.py:161} INFO - Started process (PID=28219) to work on /Users/prasenjeet.gadhe/Documents/05. Nokia_PoV/Parallel_Test/venv/lib/python3.9/site-packages/airflow/example_dags/example_nested_branch_dag.py
[2025-04-02T16:47:46.589-0400] {processor.py:830} INFO - Processing file /Users/prasenjeet.gadhe/Documents/05. Nokia_PoV/Parallel_Test/venv/lib/python3.9/site-packages/airflow/example_dags/example_nested_branch_dag.py for tasks to queue
[2025-04-02T16:47:46.589-0400] {logging_mixin.py:188} INFO - [2025-04-02T16:47:46.589-0400] {dagbag.py:540} INFO - Filling up the DagBag from /Users/prasenjeet.gadhe/Documents/05. Nokia_PoV/Parallel_Test/venv/lib/python3.9/site-packages/airflow/example_dags/example_nested_branch_dag.py
[2025-04-02T16:47:46.606-0400] {processor.py:840} INFO - DAG(s) 'example_nested_branch_dag' retrieved from /Users/prasenjeet.gadhe/Documents/05. Nokia_PoV/Parallel_Test/venv/lib/python3.9/site-packages/airflow/example_dags/example_nested_branch_dag.py
[2025-04-02T16:47:46.664-0400] {logging_mixin.py:188} INFO - [2025-04-02T16:47:46.663-0400] {dag.py:3096} INFO - Sync 1 DAGs
[2025-04-02T16:47:46.670-0400] {logging_mixin.py:188} INFO - [2025-04-02T16:47:46.670-0400] {dag.py:3954} INFO - Setting next_dagrun for example_nested_branch_dag to 2025-04-01 00:00:00+00:00, run_after=2025-04-02 00:00:00+00:00
[2025-04-02T16:47:46.676-0400] {processor.py:183} INFO - Processing /Users/prasenjeet.gadhe/Documents/05. Nokia_PoV/Parallel_Test/venv/lib/python3.9/site-packages/airflow/example_dags/example_nested_branch_dag.py took 0.089 seconds
[2025-04-02T16:51:29.351-0400] {processor.py:161} INFO - Started process (PID=55850) to work on /Users/prasenjeet.gadhe/Documents/05. Nokia_PoV/Parallel_Test/venv/lib/python3.9/site-packages/airflow/example_dags/example_nested_branch_dag.py
[2025-04-02T16:51:29.353-0400] {processor.py:830} INFO - Processing file /Users/prasenjeet.gadhe/Documents/05. Nokia_PoV/Parallel_Test/venv/lib/python3.9/site-packages/airflow/example_dags/example_nested_branch_dag.py for tasks to queue
[2025-04-02T16:51:29.354-0400] {logging_mixin.py:188} INFO - [2025-04-02T16:51:29.354-0400] {dagbag.py:540} INFO - Filling up the DagBag from /Users/prasenjeet.gadhe/Documents/05. Nokia_PoV/Parallel_Test/venv/lib/python3.9/site-packages/airflow/example_dags/example_nested_branch_dag.py
[2025-04-02T16:51:29.369-0400] {processor.py:840} INFO - DAG(s) 'example_nested_branch_dag' retrieved from /Users/prasenjeet.gadhe/Documents/05. Nokia_PoV/Parallel_Test/venv/lib/python3.9/site-packages/airflow/example_dags/example_nested_branch_dag.py
[2025-04-02T16:51:29.424-0400] {logging_mixin.py:188} INFO - [2025-04-02T16:51:29.424-0400] {dag.py:3096} INFO - Sync 1 DAGs
[2025-04-02T16:51:29.430-0400] {logging_mixin.py:188} INFO - [2025-04-02T16:51:29.430-0400] {dag.py:3954} INFO - Setting next_dagrun for example_nested_branch_dag to 2025-04-01 00:00:00+00:00, run_after=2025-04-02 00:00:00+00:00
[2025-04-02T16:51:29.436-0400] {processor.py:183} INFO - Processing /Users/prasenjeet.gadhe/Documents/05. Nokia_PoV/Parallel_Test/venv/lib/python3.9/site-packages/airflow/example_dags/example_nested_branch_dag.py took 0.085 seconds
[2025-04-02T16:52:56.229-0400] {processor.py:161} INFO - Started process (PID=66526) to work on /Users/prasenjeet.gadhe/Documents/05. Nokia_PoV/Parallel_Test/venv/lib/python3.9/site-packages/airflow/example_dags/example_nested_branch_dag.py
[2025-04-02T16:52:56.231-0400] {processor.py:830} INFO - Processing file /Users/prasenjeet.gadhe/Documents/05. Nokia_PoV/Parallel_Test/venv/lib/python3.9/site-packages/airflow/example_dags/example_nested_branch_dag.py for tasks to queue
[2025-04-02T16:52:56.231-0400] {logging_mixin.py:188} INFO - [2025-04-02T16:52:56.231-0400] {dagbag.py:540} INFO - Filling up the DagBag from /Users/prasenjeet.gadhe/Documents/05. Nokia_PoV/Parallel_Test/venv/lib/python3.9/site-packages/airflow/example_dags/example_nested_branch_dag.py
[2025-04-02T16:52:56.246-0400] {processor.py:840} INFO - DAG(s) 'example_nested_branch_dag' retrieved from /Users/prasenjeet.gadhe/Documents/05. Nokia_PoV/Parallel_Test/venv/lib/python3.9/site-packages/airflow/example_dags/example_nested_branch_dag.py
[2025-04-02T16:52:56.298-0400] {logging_mixin.py:188} INFO - [2025-04-02T16:52:56.298-0400] {dag.py:3096} INFO - Sync 1 DAGs
[2025-04-02T16:52:56.304-0400] {logging_mixin.py:188} INFO - [2025-04-02T16:52:56.304-0400] {dag.py:3954} INFO - Setting next_dagrun for example_nested_branch_dag to 2025-04-01 00:00:00+00:00, run_after=2025-04-02 00:00:00+00:00
[2025-04-02T16:52:56.310-0400] {processor.py:183} INFO - Processing /Users/prasenjeet.gadhe/Documents/05. Nokia_PoV/Parallel_Test/venv/lib/python3.9/site-packages/airflow/example_dags/example_nested_branch_dag.py took 0.082 seconds
[2025-04-02T16:54:46.568-0400] {processor.py:161} INFO - Started process (PID=80194) to work on /Users/prasenjeet.gadhe/Documents/05. Nokia_PoV/Parallel_Test/venv/lib/python3.9/site-packages/airflow/example_dags/example_nested_branch_dag.py
[2025-04-02T16:54:46.570-0400] {processor.py:830} INFO - Processing file /Users/prasenjeet.gadhe/Documents/05. Nokia_PoV/Parallel_Test/venv/lib/python3.9/site-packages/airflow/example_dags/example_nested_branch_dag.py for tasks to queue
[2025-04-02T16:54:46.571-0400] {logging_mixin.py:188} INFO - [2025-04-02T16:54:46.570-0400] {dagbag.py:540} INFO - Filling up the DagBag from /Users/prasenjeet.gadhe/Documents/05. Nokia_PoV/Parallel_Test/venv/lib/python3.9/site-packages/airflow/example_dags/example_nested_branch_dag.py
[2025-04-02T16:54:46.587-0400] {processor.py:840} INFO - DAG(s) 'example_nested_branch_dag' retrieved from /Users/prasenjeet.gadhe/Documents/05. Nokia_PoV/Parallel_Test/venv/lib/python3.9/site-packages/airflow/example_dags/example_nested_branch_dag.py
[2025-04-02T16:54:46.645-0400] {logging_mixin.py:188} INFO - [2025-04-02T16:54:46.645-0400] {dag.py:3096} INFO - Sync 1 DAGs
[2025-04-02T16:54:46.651-0400] {logging_mixin.py:188} INFO - [2025-04-02T16:54:46.651-0400] {dag.py:3954} INFO - Setting next_dagrun for example_nested_branch_dag to 2025-04-01 00:00:00+00:00, run_after=2025-04-02 00:00:00+00:00
[2025-04-02T16:54:46.658-0400] {processor.py:183} INFO - Processing /Users/prasenjeet.gadhe/Documents/05. Nokia_PoV/Parallel_Test/venv/lib/python3.9/site-packages/airflow/example_dags/example_nested_branch_dag.py took 0.091 seconds
[2025-04-02T16:56:42.228-0400] {processor.py:161} INFO - Started process (PID=94588) to work on /Users/prasenjeet.gadhe/Documents/05. Nokia_PoV/Parallel_Test/venv/lib/python3.9/site-packages/airflow/example_dags/example_nested_branch_dag.py
[2025-04-02T16:56:42.229-0400] {processor.py:830} INFO - Processing file /Users/prasenjeet.gadhe/Documents/05. Nokia_PoV/Parallel_Test/venv/lib/python3.9/site-packages/airflow/example_dags/example_nested_branch_dag.py for tasks to queue
[2025-04-02T16:56:42.230-0400] {logging_mixin.py:188} INFO - [2025-04-02T16:56:42.229-0400] {dagbag.py:540} INFO - Filling up the DagBag from /Users/prasenjeet.gadhe/Documents/05. Nokia_PoV/Parallel_Test/venv/lib/python3.9/site-packages/airflow/example_dags/example_nested_branch_dag.py
[2025-04-02T16:56:42.246-0400] {processor.py:840} INFO - DAG(s) 'example_nested_branch_dag' retrieved from /Users/prasenjeet.gadhe/Documents/05. Nokia_PoV/Parallel_Test/venv/lib/python3.9/site-packages/airflow/example_dags/example_nested_branch_dag.py
[2025-04-02T16:56:42.310-0400] {logging_mixin.py:188} INFO - [2025-04-02T16:56:42.310-0400] {dag.py:3096} INFO - Sync 1 DAGs
[2025-04-02T16:56:42.317-0400] {logging_mixin.py:188} INFO - [2025-04-02T16:56:42.317-0400] {dag.py:3954} INFO - Setting next_dagrun for example_nested_branch_dag to 2025-04-01 00:00:00+00:00, run_after=2025-04-02 00:00:00+00:00
[2025-04-02T16:56:42.324-0400] {processor.py:183} INFO - Processing /Users/prasenjeet.gadhe/Documents/05. Nokia_PoV/Parallel_Test/venv/lib/python3.9/site-packages/airflow/example_dags/example_nested_branch_dag.py took 0.098 seconds
[2025-04-02T16:58:35.584-0400] {processor.py:161} INFO - Started process (PID=8792) to work on /Users/prasenjeet.gadhe/Documents/05. Nokia_PoV/Parallel_Test/venv/lib/python3.9/site-packages/airflow/example_dags/example_nested_branch_dag.py
[2025-04-02T16:58:35.585-0400] {processor.py:830} INFO - Processing file /Users/prasenjeet.gadhe/Documents/05. Nokia_PoV/Parallel_Test/venv/lib/python3.9/site-packages/airflow/example_dags/example_nested_branch_dag.py for tasks to queue
[2025-04-02T16:58:35.585-0400] {logging_mixin.py:188} INFO - [2025-04-02T16:58:35.585-0400] {dagbag.py:540} INFO - Filling up the DagBag from /Users/prasenjeet.gadhe/Documents/05. Nokia_PoV/Parallel_Test/venv/lib/python3.9/site-packages/airflow/example_dags/example_nested_branch_dag.py
[2025-04-02T16:58:35.601-0400] {processor.py:840} INFO - DAG(s) 'example_nested_branch_dag' retrieved from /Users/prasenjeet.gadhe/Documents/05. Nokia_PoV/Parallel_Test/venv/lib/python3.9/site-packages/airflow/example_dags/example_nested_branch_dag.py
[2025-04-02T16:58:35.654-0400] {logging_mixin.py:188} INFO - [2025-04-02T16:58:35.654-0400] {dag.py:3096} INFO - Sync 1 DAGs
[2025-04-02T16:58:35.660-0400] {logging_mixin.py:188} INFO - [2025-04-02T16:58:35.660-0400] {dag.py:3954} INFO - Setting next_dagrun for example_nested_branch_dag to 2025-04-01 00:00:00+00:00, run_after=2025-04-02 00:00:00+00:00
[2025-04-02T16:58:35.666-0400] {processor.py:183} INFO - Processing /Users/prasenjeet.gadhe/Documents/05. Nokia_PoV/Parallel_Test/venv/lib/python3.9/site-packages/airflow/example_dags/example_nested_branch_dag.py took 0.083 seconds
[2025-04-02T17:00:27.440-0400] {processor.py:161} INFO - Started process (PID=22602) to work on /Users/prasenjeet.gadhe/Documents/05. Nokia_PoV/Parallel_Test/venv/lib/python3.9/site-packages/airflow/example_dags/example_nested_branch_dag.py
[2025-04-02T17:00:27.442-0400] {processor.py:830} INFO - Processing file /Users/prasenjeet.gadhe/Documents/05. Nokia_PoV/Parallel_Test/venv/lib/python3.9/site-packages/airflow/example_dags/example_nested_branch_dag.py for tasks to queue
[2025-04-02T17:00:27.443-0400] {logging_mixin.py:188} INFO - [2025-04-02T17:00:27.442-0400] {dagbag.py:540} INFO - Filling up the DagBag from /Users/prasenjeet.gadhe/Documents/05. Nokia_PoV/Parallel_Test/venv/lib/python3.9/site-packages/airflow/example_dags/example_nested_branch_dag.py
[2025-04-02T17:00:27.458-0400] {processor.py:840} INFO - DAG(s) 'example_nested_branch_dag' retrieved from /Users/prasenjeet.gadhe/Documents/05. Nokia_PoV/Parallel_Test/venv/lib/python3.9/site-packages/airflow/example_dags/example_nested_branch_dag.py
[2025-04-02T17:00:27.511-0400] {logging_mixin.py:188} INFO - [2025-04-02T17:00:27.511-0400] {dag.py:3096} INFO - Sync 1 DAGs
[2025-04-02T17:00:27.517-0400] {logging_mixin.py:188} INFO - [2025-04-02T17:00:27.517-0400] {dag.py:3954} INFO - Setting next_dagrun for example_nested_branch_dag to 2025-04-01 00:00:00+00:00, run_after=2025-04-02 00:00:00+00:00
[2025-04-02T17:00:27.523-0400] {processor.py:183} INFO - Processing /Users/prasenjeet.gadhe/Documents/05. Nokia_PoV/Parallel_Test/venv/lib/python3.9/site-packages/airflow/example_dags/example_nested_branch_dag.py took 0.084 seconds
[2025-04-02T17:02:20.351-0400] {processor.py:161} INFO - Started process (PID=36439) to work on /Users/prasenjeet.gadhe/Documents/05. Nokia_PoV/Parallel_Test/venv/lib/python3.9/site-packages/airflow/example_dags/example_nested_branch_dag.py
[2025-04-02T17:02:20.353-0400] {processor.py:830} INFO - Processing file /Users/prasenjeet.gadhe/Documents/05. Nokia_PoV/Parallel_Test/venv/lib/python3.9/site-packages/airflow/example_dags/example_nested_branch_dag.py for tasks to queue
[2025-04-02T17:02:20.353-0400] {logging_mixin.py:188} INFO - [2025-04-02T17:02:20.353-0400] {dagbag.py:540} INFO - Filling up the DagBag from /Users/prasenjeet.gadhe/Documents/05. Nokia_PoV/Parallel_Test/venv/lib/python3.9/site-packages/airflow/example_dags/example_nested_branch_dag.py
[2025-04-02T17:02:20.367-0400] {processor.py:840} INFO - DAG(s) 'example_nested_branch_dag' retrieved from /Users/prasenjeet.gadhe/Documents/05. Nokia_PoV/Parallel_Test/venv/lib/python3.9/site-packages/airflow/example_dags/example_nested_branch_dag.py
[2025-04-02T17:02:20.420-0400] {logging_mixin.py:188} INFO - [2025-04-02T17:02:20.420-0400] {dag.py:3096} INFO - Sync 1 DAGs
[2025-04-02T17:02:20.426-0400] {logging_mixin.py:188} INFO - [2025-04-02T17:02:20.426-0400] {dag.py:3954} INFO - Setting next_dagrun for example_nested_branch_dag to 2025-04-01 00:00:00+00:00, run_after=2025-04-02 00:00:00+00:00
[2025-04-02T17:02:20.432-0400] {processor.py:183} INFO - Processing /Users/prasenjeet.gadhe/Documents/05. Nokia_PoV/Parallel_Test/venv/lib/python3.9/site-packages/airflow/example_dags/example_nested_branch_dag.py took 0.083 seconds
[2025-04-02T17:04:12.331-0400] {processor.py:161} INFO - Started process (PID=50118) to work on /Users/prasenjeet.gadhe/Documents/05. Nokia_PoV/Parallel_Test/venv/lib/python3.9/site-packages/airflow/example_dags/example_nested_branch_dag.py
[2025-04-02T17:04:12.332-0400] {processor.py:830} INFO - Processing file /Users/prasenjeet.gadhe/Documents/05. Nokia_PoV/Parallel_Test/venv/lib/python3.9/site-packages/airflow/example_dags/example_nested_branch_dag.py for tasks to queue
[2025-04-02T17:04:12.333-0400] {logging_mixin.py:188} INFO - [2025-04-02T17:04:12.333-0400] {dagbag.py:540} INFO - Filling up the DagBag from /Users/prasenjeet.gadhe/Documents/05. Nokia_PoV/Parallel_Test/venv/lib/python3.9/site-packages/airflow/example_dags/example_nested_branch_dag.py
[2025-04-02T17:04:12.348-0400] {processor.py:840} INFO - DAG(s) 'example_nested_branch_dag' retrieved from /Users/prasenjeet.gadhe/Documents/05. Nokia_PoV/Parallel_Test/venv/lib/python3.9/site-packages/airflow/example_dags/example_nested_branch_dag.py
[2025-04-02T17:04:12.402-0400] {logging_mixin.py:188} INFO - [2025-04-02T17:04:12.402-0400] {dag.py:3096} INFO - Sync 1 DAGs
[2025-04-02T17:04:12.408-0400] {logging_mixin.py:188} INFO - [2025-04-02T17:04:12.408-0400] {dag.py:3954} INFO - Setting next_dagrun for example_nested_branch_dag to 2025-04-01 00:00:00+00:00, run_after=2025-04-02 00:00:00+00:00
[2025-04-02T17:04:12.414-0400] {processor.py:183} INFO - Processing /Users/prasenjeet.gadhe/Documents/05. Nokia_PoV/Parallel_Test/venv/lib/python3.9/site-packages/airflow/example_dags/example_nested_branch_dag.py took 0.084 seconds
[2025-04-02T17:06:00.223-0400] {processor.py:161} INFO - Started process (PID=63405) to work on /Users/prasenjeet.gadhe/Documents/05. Nokia_PoV/Parallel_Test/venv/lib/python3.9/site-packages/airflow/example_dags/example_nested_branch_dag.py
[2025-04-02T17:06:00.225-0400] {processor.py:830} INFO - Processing file /Users/prasenjeet.gadhe/Documents/05. Nokia_PoV/Parallel_Test/venv/lib/python3.9/site-packages/airflow/example_dags/example_nested_branch_dag.py for tasks to queue
[2025-04-02T17:06:00.225-0400] {logging_mixin.py:188} INFO - [2025-04-02T17:06:00.225-0400] {dagbag.py:540} INFO - Filling up the DagBag from /Users/prasenjeet.gadhe/Documents/05. Nokia_PoV/Parallel_Test/venv/lib/python3.9/site-packages/airflow/example_dags/example_nested_branch_dag.py
[2025-04-02T17:06:00.240-0400] {processor.py:840} INFO - DAG(s) 'example_nested_branch_dag' retrieved from /Users/prasenjeet.gadhe/Documents/05. Nokia_PoV/Parallel_Test/venv/lib/python3.9/site-packages/airflow/example_dags/example_nested_branch_dag.py
[2025-04-02T17:06:00.293-0400] {logging_mixin.py:188} INFO - [2025-04-02T17:06:00.293-0400] {dag.py:3096} INFO - Sync 1 DAGs
[2025-04-02T17:06:00.299-0400] {logging_mixin.py:188} INFO - [2025-04-02T17:06:00.299-0400] {dag.py:3954} INFO - Setting next_dagrun for example_nested_branch_dag to 2025-04-01 00:00:00+00:00, run_after=2025-04-02 00:00:00+00:00
[2025-04-02T17:06:00.305-0400] {processor.py:183} INFO - Processing /Users/prasenjeet.gadhe/Documents/05. Nokia_PoV/Parallel_Test/venv/lib/python3.9/site-packages/airflow/example_dags/example_nested_branch_dag.py took 0.083 seconds
[2025-04-02T17:07:53.072-0400] {processor.py:161} INFO - Started process (PID=77373) to work on /Users/prasenjeet.gadhe/Documents/05. Nokia_PoV/Parallel_Test/venv/lib/python3.9/site-packages/airflow/example_dags/example_nested_branch_dag.py
[2025-04-02T17:07:53.073-0400] {processor.py:830} INFO - Processing file /Users/prasenjeet.gadhe/Documents/05. Nokia_PoV/Parallel_Test/venv/lib/python3.9/site-packages/airflow/example_dags/example_nested_branch_dag.py for tasks to queue
[2025-04-02T17:07:53.073-0400] {logging_mixin.py:188} INFO - [2025-04-02T17:07:53.073-0400] {dagbag.py:540} INFO - Filling up the DagBag from /Users/prasenjeet.gadhe/Documents/05. Nokia_PoV/Parallel_Test/venv/lib/python3.9/site-packages/airflow/example_dags/example_nested_branch_dag.py
[2025-04-02T17:07:53.089-0400] {processor.py:840} INFO - DAG(s) 'example_nested_branch_dag' retrieved from /Users/prasenjeet.gadhe/Documents/05. Nokia_PoV/Parallel_Test/venv/lib/python3.9/site-packages/airflow/example_dags/example_nested_branch_dag.py
[2025-04-02T17:07:53.143-0400] {logging_mixin.py:188} INFO - [2025-04-02T17:07:53.143-0400] {dag.py:3096} INFO - Sync 1 DAGs
[2025-04-02T17:07:53.150-0400] {logging_mixin.py:188} INFO - [2025-04-02T17:07:53.150-0400] {dag.py:3954} INFO - Setting next_dagrun for example_nested_branch_dag to 2025-04-01 00:00:00+00:00, run_after=2025-04-02 00:00:00+00:00
[2025-04-02T17:07:53.156-0400] {processor.py:183} INFO - Processing /Users/prasenjeet.gadhe/Documents/05. Nokia_PoV/Parallel_Test/venv/lib/python3.9/site-packages/airflow/example_dags/example_nested_branch_dag.py took 0.086 seconds
[2025-04-02T17:09:49.720-0400] {processor.py:161} INFO - Started process (PID=91748) to work on /Users/prasenjeet.gadhe/Documents/05. Nokia_PoV/Parallel_Test/venv/lib/python3.9/site-packages/airflow/example_dags/example_nested_branch_dag.py
[2025-04-02T17:09:49.722-0400] {processor.py:830} INFO - Processing file /Users/prasenjeet.gadhe/Documents/05. Nokia_PoV/Parallel_Test/venv/lib/python3.9/site-packages/airflow/example_dags/example_nested_branch_dag.py for tasks to queue
[2025-04-02T17:09:49.722-0400] {logging_mixin.py:188} INFO - [2025-04-02T17:09:49.722-0400] {dagbag.py:540} INFO - Filling up the DagBag from /Users/prasenjeet.gadhe/Documents/05. Nokia_PoV/Parallel_Test/venv/lib/python3.9/site-packages/airflow/example_dags/example_nested_branch_dag.py
[2025-04-02T17:09:49.737-0400] {processor.py:840} INFO - DAG(s) 'example_nested_branch_dag' retrieved from /Users/prasenjeet.gadhe/Documents/05. Nokia_PoV/Parallel_Test/venv/lib/python3.9/site-packages/airflow/example_dags/example_nested_branch_dag.py
[2025-04-02T17:09:49.795-0400] {logging_mixin.py:188} INFO - [2025-04-02T17:09:49.794-0400] {dag.py:3096} INFO - Sync 1 DAGs
[2025-04-02T17:09:49.801-0400] {logging_mixin.py:188} INFO - [2025-04-02T17:09:49.801-0400] {dag.py:3954} INFO - Setting next_dagrun for example_nested_branch_dag to 2025-04-01 00:00:00+00:00, run_after=2025-04-02 00:00:00+00:00
[2025-04-02T17:09:49.807-0400] {processor.py:183} INFO - Processing /Users/prasenjeet.gadhe/Documents/05. Nokia_PoV/Parallel_Test/venv/lib/python3.9/site-packages/airflow/example_dags/example_nested_branch_dag.py took 0.088 seconds
[2025-04-02T17:11:39.896-0400] {processor.py:161} INFO - Started process (PID=5635) to work on /Users/prasenjeet.gadhe/Documents/05. Nokia_PoV/Parallel_Test/venv/lib/python3.9/site-packages/airflow/example_dags/example_nested_branch_dag.py
[2025-04-02T17:11:39.898-0400] {processor.py:830} INFO - Processing file /Users/prasenjeet.gadhe/Documents/05. Nokia_PoV/Parallel_Test/venv/lib/python3.9/site-packages/airflow/example_dags/example_nested_branch_dag.py for tasks to queue
[2025-04-02T17:11:39.898-0400] {logging_mixin.py:188} INFO - [2025-04-02T17:11:39.898-0400] {dagbag.py:540} INFO - Filling up the DagBag from /Users/prasenjeet.gadhe/Documents/05. Nokia_PoV/Parallel_Test/venv/lib/python3.9/site-packages/airflow/example_dags/example_nested_branch_dag.py
[2025-04-02T17:11:39.913-0400] {processor.py:840} INFO - DAG(s) 'example_nested_branch_dag' retrieved from /Users/prasenjeet.gadhe/Documents/05. Nokia_PoV/Parallel_Test/venv/lib/python3.9/site-packages/airflow/example_dags/example_nested_branch_dag.py
[2025-04-02T17:11:39.970-0400] {logging_mixin.py:188} INFO - [2025-04-02T17:11:39.970-0400] {dag.py:3096} INFO - Sync 1 DAGs
[2025-04-02T17:11:39.976-0400] {logging_mixin.py:188} INFO - [2025-04-02T17:11:39.976-0400] {dag.py:3954} INFO - Setting next_dagrun for example_nested_branch_dag to 2025-04-01 00:00:00+00:00, run_after=2025-04-02 00:00:00+00:00
[2025-04-02T17:11:39.983-0400] {processor.py:183} INFO - Processing /Users/prasenjeet.gadhe/Documents/05. Nokia_PoV/Parallel_Test/venv/lib/python3.9/site-packages/airflow/example_dags/example_nested_branch_dag.py took 0.088 seconds
