[2025-04-02T16:39:29.401-0400] {processor.py:161} INFO - Started process (PID=66152) to work on /Users/prasenjeet.gadhe/Documents/05. Nokia_PoV/Parallel_Test/venv/lib/python3.9/site-packages/airflow/example_dags/example_task_group_decorator.py
[2025-04-02T16:39:29.402-0400] {processor.py:830} INFO - Processing file /Users/prasenjeet.gadhe/Documents/05. Nokia_PoV/Parallel_Test/venv/lib/python3.9/site-packages/airflow/example_dags/example_task_group_decorator.py for tasks to queue
[2025-04-02T16:39:29.402-0400] {logging_mixin.py:188} INFO - [2025-04-02T16:39:29.402-0400] {dagbag.py:540} INFO - Filling up the DagBag from /Users/prasenjeet.gadhe/Documents/05. Nokia_PoV/Parallel_Test/venv/lib/python3.9/site-packages/airflow/example_dags/example_task_group_decorator.py
[2025-04-02T16:39:29.422-0400] {processor.py:840} INFO - DAG(s) 'example_task_group_decorator' retrieved from /Users/prasenjeet.gadhe/Documents/05. Nokia_PoV/Parallel_Test/venv/lib/python3.9/site-packages/airflow/example_dags/example_task_group_decorator.py
[2025-04-02T16:39:29.520-0400] {logging_mixin.py:188} INFO - [2025-04-02T16:39:29.520-0400] {override.py:1829} INFO - Created Permission View: can delete on DAG:example_task_group_decorator
[2025-04-02T16:39:29.523-0400] {logging_mixin.py:188} INFO - [2025-04-02T16:39:29.523-0400] {override.py:1829} INFO - Created Permission View: can read on DAG:example_task_group_decorator
[2025-04-02T16:39:29.525-0400] {logging_mixin.py:188} INFO - [2025-04-02T16:39:29.525-0400] {override.py:1829} INFO - Created Permission View: can edit on DAG:example_task_group_decorator
[2025-04-02T16:39:29.525-0400] {logging_mixin.py:188} INFO - [2025-04-02T16:39:29.525-0400] {dag.py:3096} INFO - Sync 1 DAGs
[2025-04-02T16:39:29.529-0400] {logging_mixin.py:188} INFO - [2025-04-02T16:39:29.529-0400] {dag.py:3118} INFO - Creating ORM DAG for example_task_group_decorator
[2025-04-02T16:39:29.533-0400] {logging_mixin.py:188} INFO - [2025-04-02T16:39:29.533-0400] {dag.py:3954} INFO - Setting next_dagrun for example_task_group_decorator to 2025-04-01 00:00:00+00:00, run_after=2025-04-02 00:00:00+00:00
[2025-04-02T16:39:29.539-0400] {processor.py:183} INFO - Processing /Users/prasenjeet.gadhe/Documents/05. Nokia_PoV/Parallel_Test/venv/lib/python3.9/site-packages/airflow/example_dags/example_task_group_decorator.py took 0.140 seconds
[2025-04-02T16:40:56.923-0400] {processor.py:161} INFO - Started process (PID=77118) to work on /Users/prasenjeet.gadhe/Documents/05. Nokia_PoV/Parallel_Test/venv/lib/python3.9/site-packages/airflow/example_dags/example_task_group_decorator.py
[2025-04-02T16:40:56.925-0400] {processor.py:830} INFO - Processing file /Users/prasenjeet.gadhe/Documents/05. Nokia_PoV/Parallel_Test/venv/lib/python3.9/site-packages/airflow/example_dags/example_task_group_decorator.py for tasks to queue
[2025-04-02T16:40:56.925-0400] {logging_mixin.py:188} INFO - [2025-04-02T16:40:56.925-0400] {dagbag.py:540} INFO - Filling up the DagBag from /Users/prasenjeet.gadhe/Documents/05. Nokia_PoV/Parallel_Test/venv/lib/python3.9/site-packages/airflow/example_dags/example_task_group_decorator.py
[2025-04-02T16:40:56.942-0400] {processor.py:840} INFO - DAG(s) 'example_task_group_decorator' retrieved from /Users/prasenjeet.gadhe/Documents/05. Nokia_PoV/Parallel_Test/venv/lib/python3.9/site-packages/airflow/example_dags/example_task_group_decorator.py
[2025-04-02T16:40:56.999-0400] {logging_mixin.py:188} INFO - [2025-04-02T16:40:56.999-0400] {dag.py:3096} INFO - Sync 1 DAGs
[2025-04-02T16:40:57.007-0400] {logging_mixin.py:188} INFO - [2025-04-02T16:40:57.007-0400] {dag.py:3954} INFO - Setting next_dagrun for example_task_group_decorator to 2025-04-01 00:00:00+00:00, run_after=2025-04-02 00:00:00+00:00
[2025-04-02T16:40:57.014-0400] {processor.py:183} INFO - Processing /Users/prasenjeet.gadhe/Documents/05. Nokia_PoV/Parallel_Test/venv/lib/python3.9/site-packages/airflow/example_dags/example_task_group_decorator.py took 0.092 seconds
[2025-04-02T16:41:54.389-0400] {processor.py:161} INFO - Started process (PID=84272) to work on /Users/prasenjeet.gadhe/Documents/05. Nokia_PoV/Parallel_Test/venv/lib/python3.9/site-packages/airflow/example_dags/example_task_group_decorator.py
[2025-04-02T16:41:54.391-0400] {processor.py:830} INFO - Processing file /Users/prasenjeet.gadhe/Documents/05. Nokia_PoV/Parallel_Test/venv/lib/python3.9/site-packages/airflow/example_dags/example_task_group_decorator.py for tasks to queue
[2025-04-02T16:41:54.391-0400] {logging_mixin.py:188} INFO - [2025-04-02T16:41:54.391-0400] {dagbag.py:540} INFO - Filling up the DagBag from /Users/prasenjeet.gadhe/Documents/05. Nokia_PoV/Parallel_Test/venv/lib/python3.9/site-packages/airflow/example_dags/example_task_group_decorator.py
[2025-04-02T16:41:54.408-0400] {processor.py:840} INFO - DAG(s) 'example_task_group_decorator' retrieved from /Users/prasenjeet.gadhe/Documents/05. Nokia_PoV/Parallel_Test/venv/lib/python3.9/site-packages/airflow/example_dags/example_task_group_decorator.py
[2025-04-02T16:41:54.465-0400] {logging_mixin.py:188} INFO - [2025-04-02T16:41:54.465-0400] {dag.py:3096} INFO - Sync 1 DAGs
[2025-04-02T16:41:54.472-0400] {logging_mixin.py:188} INFO - [2025-04-02T16:41:54.472-0400] {dag.py:3954} INFO - Setting next_dagrun for example_task_group_decorator to 2025-04-01 00:00:00+00:00, run_after=2025-04-02 00:00:00+00:00
[2025-04-02T16:41:54.478-0400] {processor.py:183} INFO - Processing /Users/prasenjeet.gadhe/Documents/05. Nokia_PoV/Parallel_Test/venv/lib/python3.9/site-packages/airflow/example_dags/example_task_group_decorator.py took 0.090 seconds
[2025-04-02T16:42:53.751-0400] {processor.py:161} INFO - Started process (PID=91581) to work on /Users/prasenjeet.gadhe/Documents/05. Nokia_PoV/Parallel_Test/venv/lib/python3.9/site-packages/airflow/example_dags/example_task_group_decorator.py
[2025-04-02T16:42:53.753-0400] {processor.py:830} INFO - Processing file /Users/prasenjeet.gadhe/Documents/05. Nokia_PoV/Parallel_Test/venv/lib/python3.9/site-packages/airflow/example_dags/example_task_group_decorator.py for tasks to queue
[2025-04-02T16:42:53.754-0400] {logging_mixin.py:188} INFO - [2025-04-02T16:42:53.753-0400] {dagbag.py:540} INFO - Filling up the DagBag from /Users/prasenjeet.gadhe/Documents/05. Nokia_PoV/Parallel_Test/venv/lib/python3.9/site-packages/airflow/example_dags/example_task_group_decorator.py
[2025-04-02T16:42:53.771-0400] {processor.py:840} INFO - DAG(s) 'example_task_group_decorator' retrieved from /Users/prasenjeet.gadhe/Documents/05. Nokia_PoV/Parallel_Test/venv/lib/python3.9/site-packages/airflow/example_dags/example_task_group_decorator.py
[2025-04-02T16:42:53.828-0400] {logging_mixin.py:188} INFO - [2025-04-02T16:42:53.828-0400] {dag.py:3096} INFO - Sync 1 DAGs
[2025-04-02T16:42:53.836-0400] {logging_mixin.py:188} INFO - [2025-04-02T16:42:53.836-0400] {dag.py:3954} INFO - Setting next_dagrun for example_task_group_decorator to 2025-04-01 00:00:00+00:00, run_after=2025-04-02 00:00:00+00:00
[2025-04-02T16:42:53.842-0400] {processor.py:183} INFO - Processing /Users/prasenjeet.gadhe/Documents/05. Nokia_PoV/Parallel_Test/venv/lib/python3.9/site-packages/airflow/example_dags/example_task_group_decorator.py took 0.092 seconds
[2025-04-02T16:45:50.255-0400] {processor.py:161} INFO - Started process (PID=13818) to work on /Users/prasenjeet.gadhe/Documents/05. Nokia_PoV/Parallel_Test/venv/lib/python3.9/site-packages/airflow/example_dags/example_task_group_decorator.py
[2025-04-02T16:45:50.256-0400] {processor.py:830} INFO - Processing file /Users/prasenjeet.gadhe/Documents/05. Nokia_PoV/Parallel_Test/venv/lib/python3.9/site-packages/airflow/example_dags/example_task_group_decorator.py for tasks to queue
[2025-04-02T16:45:50.256-0400] {logging_mixin.py:188} INFO - [2025-04-02T16:45:50.256-0400] {dagbag.py:540} INFO - Filling up the DagBag from /Users/prasenjeet.gadhe/Documents/05. Nokia_PoV/Parallel_Test/venv/lib/python3.9/site-packages/airflow/example_dags/example_task_group_decorator.py
[2025-04-02T16:45:50.274-0400] {processor.py:840} INFO - DAG(s) 'example_task_group_decorator' retrieved from /Users/prasenjeet.gadhe/Documents/05. Nokia_PoV/Parallel_Test/venv/lib/python3.9/site-packages/airflow/example_dags/example_task_group_decorator.py
[2025-04-02T16:45:50.336-0400] {logging_mixin.py:188} INFO - [2025-04-02T16:45:50.335-0400] {dag.py:3096} INFO - Sync 1 DAGs
[2025-04-02T16:45:50.343-0400] {logging_mixin.py:188} INFO - [2025-04-02T16:45:50.343-0400] {dag.py:3954} INFO - Setting next_dagrun for example_task_group_decorator to 2025-04-01 00:00:00+00:00, run_after=2025-04-02 00:00:00+00:00
[2025-04-02T16:45:50.349-0400] {processor.py:183} INFO - Processing /Users/prasenjeet.gadhe/Documents/05. Nokia_PoV/Parallel_Test/venv/lib/python3.9/site-packages/airflow/example_dags/example_task_group_decorator.py took 0.096 seconds
[2025-04-02T16:47:18.539-0400] {processor.py:161} INFO - Started process (PID=24808) to work on /Users/prasenjeet.gadhe/Documents/05. Nokia_PoV/Parallel_Test/venv/lib/python3.9/site-packages/airflow/example_dags/example_task_group_decorator.py
[2025-04-02T16:47:18.541-0400] {processor.py:830} INFO - Processing file /Users/prasenjeet.gadhe/Documents/05. Nokia_PoV/Parallel_Test/venv/lib/python3.9/site-packages/airflow/example_dags/example_task_group_decorator.py for tasks to queue
[2025-04-02T16:47:18.541-0400] {logging_mixin.py:188} INFO - [2025-04-02T16:47:18.541-0400] {dagbag.py:540} INFO - Filling up the DagBag from /Users/prasenjeet.gadhe/Documents/05. Nokia_PoV/Parallel_Test/venv/lib/python3.9/site-packages/airflow/example_dags/example_task_group_decorator.py
[2025-04-02T16:47:18.563-0400] {processor.py:840} INFO - DAG(s) 'example_task_group_decorator' retrieved from /Users/prasenjeet.gadhe/Documents/05. Nokia_PoV/Parallel_Test/venv/lib/python3.9/site-packages/airflow/example_dags/example_task_group_decorator.py
[2025-04-02T16:47:18.637-0400] {logging_mixin.py:188} INFO - [2025-04-02T16:47:18.637-0400] {dag.py:3096} INFO - Sync 1 DAGs
[2025-04-02T16:47:18.647-0400] {logging_mixin.py:188} INFO - [2025-04-02T16:47:18.646-0400] {dag.py:3954} INFO - Setting next_dagrun for example_task_group_decorator to 2025-04-01 00:00:00+00:00, run_after=2025-04-02 00:00:00+00:00
[2025-04-02T16:47:18.656-0400] {processor.py:183} INFO - Processing /Users/prasenjeet.gadhe/Documents/05. Nokia_PoV/Parallel_Test/venv/lib/python3.9/site-packages/airflow/example_dags/example_task_group_decorator.py took 0.119 seconds
[2025-04-02T16:48:17.915-0400] {processor.py:161} INFO - Started process (PID=32124) to work on /Users/prasenjeet.gadhe/Documents/05. Nokia_PoV/Parallel_Test/venv/lib/python3.9/site-packages/airflow/example_dags/example_task_group_decorator.py
[2025-04-02T16:48:17.916-0400] {processor.py:830} INFO - Processing file /Users/prasenjeet.gadhe/Documents/05. Nokia_PoV/Parallel_Test/venv/lib/python3.9/site-packages/airflow/example_dags/example_task_group_decorator.py for tasks to queue
[2025-04-02T16:48:17.916-0400] {logging_mixin.py:188} INFO - [2025-04-02T16:48:17.916-0400] {dagbag.py:540} INFO - Filling up the DagBag from /Users/prasenjeet.gadhe/Documents/05. Nokia_PoV/Parallel_Test/venv/lib/python3.9/site-packages/airflow/example_dags/example_task_group_decorator.py
[2025-04-02T16:48:17.933-0400] {processor.py:840} INFO - DAG(s) 'example_task_group_decorator' retrieved from /Users/prasenjeet.gadhe/Documents/05. Nokia_PoV/Parallel_Test/venv/lib/python3.9/site-packages/airflow/example_dags/example_task_group_decorator.py
[2025-04-02T16:48:17.986-0400] {logging_mixin.py:188} INFO - [2025-04-02T16:48:17.986-0400] {dag.py:3096} INFO - Sync 1 DAGs
[2025-04-02T16:48:17.993-0400] {logging_mixin.py:188} INFO - [2025-04-02T16:48:17.993-0400] {dag.py:3954} INFO - Setting next_dagrun for example_task_group_decorator to 2025-04-01 00:00:00+00:00, run_after=2025-04-02 00:00:00+00:00
[2025-04-02T16:48:18.000-0400] {processor.py:183} INFO - Processing /Users/prasenjeet.gadhe/Documents/05. Nokia_PoV/Parallel_Test/venv/lib/python3.9/site-packages/airflow/example_dags/example_task_group_decorator.py took 0.086 seconds
[2025-04-02T16:51:01.208-0400] {processor.py:161} INFO - Started process (PID=52357) to work on /Users/prasenjeet.gadhe/Documents/05. Nokia_PoV/Parallel_Test/venv/lib/python3.9/site-packages/airflow/example_dags/example_task_group_decorator.py
[2025-04-02T16:51:01.209-0400] {processor.py:830} INFO - Processing file /Users/prasenjeet.gadhe/Documents/05. Nokia_PoV/Parallel_Test/venv/lib/python3.9/site-packages/airflow/example_dags/example_task_group_decorator.py for tasks to queue
[2025-04-02T16:51:01.210-0400] {logging_mixin.py:188} INFO - [2025-04-02T16:51:01.210-0400] {dagbag.py:540} INFO - Filling up the DagBag from /Users/prasenjeet.gadhe/Documents/05. Nokia_PoV/Parallel_Test/venv/lib/python3.9/site-packages/airflow/example_dags/example_task_group_decorator.py
[2025-04-02T16:51:01.227-0400] {processor.py:840} INFO - DAG(s) 'example_task_group_decorator' retrieved from /Users/prasenjeet.gadhe/Documents/05. Nokia_PoV/Parallel_Test/venv/lib/python3.9/site-packages/airflow/example_dags/example_task_group_decorator.py
[2025-04-02T16:51:01.289-0400] {logging_mixin.py:188} INFO - [2025-04-02T16:51:01.288-0400] {dag.py:3096} INFO - Sync 1 DAGs
[2025-04-02T16:51:01.297-0400] {logging_mixin.py:188} INFO - [2025-04-02T16:51:01.296-0400] {dag.py:3954} INFO - Setting next_dagrun for example_task_group_decorator to 2025-04-01 00:00:00+00:00, run_after=2025-04-02 00:00:00+00:00
[2025-04-02T16:51:01.303-0400] {processor.py:183} INFO - Processing /Users/prasenjeet.gadhe/Documents/05. Nokia_PoV/Parallel_Test/venv/lib/python3.9/site-packages/airflow/example_dags/example_task_group_decorator.py took 0.097 seconds
[2025-04-02T16:52:31.931-0400] {processor.py:161} INFO - Started process (PID=63537) to work on /Users/prasenjeet.gadhe/Documents/05. Nokia_PoV/Parallel_Test/venv/lib/python3.9/site-packages/airflow/example_dags/example_task_group_decorator.py
[2025-04-02T16:52:31.933-0400] {processor.py:830} INFO - Processing file /Users/prasenjeet.gadhe/Documents/05. Nokia_PoV/Parallel_Test/venv/lib/python3.9/site-packages/airflow/example_dags/example_task_group_decorator.py for tasks to queue
[2025-04-02T16:52:31.933-0400] {logging_mixin.py:188} INFO - [2025-04-02T16:52:31.933-0400] {dagbag.py:540} INFO - Filling up the DagBag from /Users/prasenjeet.gadhe/Documents/05. Nokia_PoV/Parallel_Test/venv/lib/python3.9/site-packages/airflow/example_dags/example_task_group_decorator.py
[2025-04-02T16:52:31.950-0400] {processor.py:840} INFO - DAG(s) 'example_task_group_decorator' retrieved from /Users/prasenjeet.gadhe/Documents/05. Nokia_PoV/Parallel_Test/venv/lib/python3.9/site-packages/airflow/example_dags/example_task_group_decorator.py
[2025-04-02T16:52:32.005-0400] {logging_mixin.py:188} INFO - [2025-04-02T16:52:32.004-0400] {dag.py:3096} INFO - Sync 1 DAGs
[2025-04-02T16:52:32.012-0400] {logging_mixin.py:188} INFO - [2025-04-02T16:52:32.012-0400] {dag.py:3954} INFO - Setting next_dagrun for example_task_group_decorator to 2025-04-01 00:00:00+00:00, run_after=2025-04-02 00:00:00+00:00
[2025-04-02T16:52:32.018-0400] {processor.py:183} INFO - Processing /Users/prasenjeet.gadhe/Documents/05. Nokia_PoV/Parallel_Test/venv/lib/python3.9/site-packages/airflow/example_dags/example_task_group_decorator.py took 0.087 seconds
[2025-04-02T16:54:18.305-0400] {processor.py:161} INFO - Started process (PID=76743) to work on /Users/prasenjeet.gadhe/Documents/05. Nokia_PoV/Parallel_Test/venv/lib/python3.9/site-packages/airflow/example_dags/example_task_group_decorator.py
[2025-04-02T16:54:18.307-0400] {processor.py:830} INFO - Processing file /Users/prasenjeet.gadhe/Documents/05. Nokia_PoV/Parallel_Test/venv/lib/python3.9/site-packages/airflow/example_dags/example_task_group_decorator.py for tasks to queue
[2025-04-02T16:54:18.308-0400] {logging_mixin.py:188} INFO - [2025-04-02T16:54:18.308-0400] {dagbag.py:540} INFO - Filling up the DagBag from /Users/prasenjeet.gadhe/Documents/05. Nokia_PoV/Parallel_Test/venv/lib/python3.9/site-packages/airflow/example_dags/example_task_group_decorator.py
[2025-04-02T16:54:18.323-0400] {processor.py:840} INFO - DAG(s) 'example_task_group_decorator' retrieved from /Users/prasenjeet.gadhe/Documents/05. Nokia_PoV/Parallel_Test/venv/lib/python3.9/site-packages/airflow/example_dags/example_task_group_decorator.py
[2025-04-02T16:54:18.377-0400] {logging_mixin.py:188} INFO - [2025-04-02T16:54:18.377-0400] {dag.py:3096} INFO - Sync 1 DAGs
[2025-04-02T16:54:18.385-0400] {logging_mixin.py:188} INFO - [2025-04-02T16:54:18.385-0400] {dag.py:3954} INFO - Setting next_dagrun for example_task_group_decorator to 2025-04-01 00:00:00+00:00, run_after=2025-04-02 00:00:00+00:00
[2025-04-02T16:54:18.391-0400] {processor.py:183} INFO - Processing /Users/prasenjeet.gadhe/Documents/05. Nokia_PoV/Parallel_Test/venv/lib/python3.9/site-packages/airflow/example_dags/example_task_group_decorator.py took 0.087 seconds
[2025-04-02T16:55:17.094-0400] {processor.py:161} INFO - Started process (PID=84015) to work on /Users/prasenjeet.gadhe/Documents/05. Nokia_PoV/Parallel_Test/venv/lib/python3.9/site-packages/airflow/example_dags/example_task_group_decorator.py
[2025-04-02T16:55:17.095-0400] {processor.py:830} INFO - Processing file /Users/prasenjeet.gadhe/Documents/05. Nokia_PoV/Parallel_Test/venv/lib/python3.9/site-packages/airflow/example_dags/example_task_group_decorator.py for tasks to queue
[2025-04-02T16:55:17.095-0400] {logging_mixin.py:188} INFO - [2025-04-02T16:55:17.095-0400] {dagbag.py:540} INFO - Filling up the DagBag from /Users/prasenjeet.gadhe/Documents/05. Nokia_PoV/Parallel_Test/venv/lib/python3.9/site-packages/airflow/example_dags/example_task_group_decorator.py
[2025-04-02T16:55:17.113-0400] {processor.py:840} INFO - DAG(s) 'example_task_group_decorator' retrieved from /Users/prasenjeet.gadhe/Documents/05. Nokia_PoV/Parallel_Test/venv/lib/python3.9/site-packages/airflow/example_dags/example_task_group_decorator.py
[2025-04-02T16:55:17.169-0400] {logging_mixin.py:188} INFO - [2025-04-02T16:55:17.169-0400] {dag.py:3096} INFO - Sync 1 DAGs
[2025-04-02T16:55:17.177-0400] {logging_mixin.py:188} INFO - [2025-04-02T16:55:17.177-0400] {dag.py:3954} INFO - Setting next_dagrun for example_task_group_decorator to 2025-04-01 00:00:00+00:00, run_after=2025-04-02 00:00:00+00:00
[2025-04-02T16:55:17.183-0400] {processor.py:183} INFO - Processing /Users/prasenjeet.gadhe/Documents/05. Nokia_PoV/Parallel_Test/venv/lib/python3.9/site-packages/airflow/example_dags/example_task_group_decorator.py took 0.090 seconds
[2025-04-02T16:56:17.311-0400] {processor.py:161} INFO - Started process (PID=91481) to work on /Users/prasenjeet.gadhe/Documents/05. Nokia_PoV/Parallel_Test/venv/lib/python3.9/site-packages/airflow/example_dags/example_task_group_decorator.py
[2025-04-02T16:56:17.313-0400] {processor.py:830} INFO - Processing file /Users/prasenjeet.gadhe/Documents/05. Nokia_PoV/Parallel_Test/venv/lib/python3.9/site-packages/airflow/example_dags/example_task_group_decorator.py for tasks to queue
[2025-04-02T16:56:17.313-0400] {logging_mixin.py:188} INFO - [2025-04-02T16:56:17.313-0400] {dagbag.py:540} INFO - Filling up the DagBag from /Users/prasenjeet.gadhe/Documents/05. Nokia_PoV/Parallel_Test/venv/lib/python3.9/site-packages/airflow/example_dags/example_task_group_decorator.py
[2025-04-02T16:56:17.330-0400] {processor.py:840} INFO - DAG(s) 'example_task_group_decorator' retrieved from /Users/prasenjeet.gadhe/Documents/05. Nokia_PoV/Parallel_Test/venv/lib/python3.9/site-packages/airflow/example_dags/example_task_group_decorator.py
[2025-04-02T16:56:17.387-0400] {logging_mixin.py:188} INFO - [2025-04-02T16:56:17.387-0400] {dag.py:3096} INFO - Sync 1 DAGs
[2025-04-02T16:56:17.394-0400] {logging_mixin.py:188} INFO - [2025-04-02T16:56:17.394-0400] {dag.py:3954} INFO - Setting next_dagrun for example_task_group_decorator to 2025-04-01 00:00:00+00:00, run_after=2025-04-02 00:00:00+00:00
[2025-04-02T16:56:17.400-0400] {processor.py:183} INFO - Processing /Users/prasenjeet.gadhe/Documents/05. Nokia_PoV/Parallel_Test/venv/lib/python3.9/site-packages/airflow/example_dags/example_task_group_decorator.py took 0.090 seconds
[2025-04-02T16:58:09.755-0400] {processor.py:161} INFO - Started process (PID=5646) to work on /Users/prasenjeet.gadhe/Documents/05. Nokia_PoV/Parallel_Test/venv/lib/python3.9/site-packages/airflow/example_dags/example_task_group_decorator.py
[2025-04-02T16:58:09.756-0400] {processor.py:830} INFO - Processing file /Users/prasenjeet.gadhe/Documents/05. Nokia_PoV/Parallel_Test/venv/lib/python3.9/site-packages/airflow/example_dags/example_task_group_decorator.py for tasks to queue
[2025-04-02T16:58:09.756-0400] {logging_mixin.py:188} INFO - [2025-04-02T16:58:09.756-0400] {dagbag.py:540} INFO - Filling up the DagBag from /Users/prasenjeet.gadhe/Documents/05. Nokia_PoV/Parallel_Test/venv/lib/python3.9/site-packages/airflow/example_dags/example_task_group_decorator.py
[2025-04-02T16:58:09.773-0400] {processor.py:840} INFO - DAG(s) 'example_task_group_decorator' retrieved from /Users/prasenjeet.gadhe/Documents/05. Nokia_PoV/Parallel_Test/venv/lib/python3.9/site-packages/airflow/example_dags/example_task_group_decorator.py
[2025-04-02T16:58:09.835-0400] {logging_mixin.py:188} INFO - [2025-04-02T16:58:09.835-0400] {dag.py:3096} INFO - Sync 1 DAGs
[2025-04-02T16:58:09.843-0400] {logging_mixin.py:188} INFO - [2025-04-02T16:58:09.843-0400] {dag.py:3954} INFO - Setting next_dagrun for example_task_group_decorator to 2025-04-01 00:00:00+00:00, run_after=2025-04-02 00:00:00+00:00
[2025-04-02T16:58:09.849-0400] {processor.py:183} INFO - Processing /Users/prasenjeet.gadhe/Documents/05. Nokia_PoV/Parallel_Test/venv/lib/python3.9/site-packages/airflow/example_dags/example_task_group_decorator.py took 0.095 seconds
[2025-04-02T17:00:01.262-0400] {processor.py:161} INFO - Started process (PID=19363) to work on /Users/prasenjeet.gadhe/Documents/05. Nokia_PoV/Parallel_Test/venv/lib/python3.9/site-packages/airflow/example_dags/example_task_group_decorator.py
[2025-04-02T17:00:01.264-0400] {processor.py:830} INFO - Processing file /Users/prasenjeet.gadhe/Documents/05. Nokia_PoV/Parallel_Test/venv/lib/python3.9/site-packages/airflow/example_dags/example_task_group_decorator.py for tasks to queue
[2025-04-02T17:00:01.264-0400] {logging_mixin.py:188} INFO - [2025-04-02T17:00:01.264-0400] {dagbag.py:540} INFO - Filling up the DagBag from /Users/prasenjeet.gadhe/Documents/05. Nokia_PoV/Parallel_Test/venv/lib/python3.9/site-packages/airflow/example_dags/example_task_group_decorator.py
[2025-04-02T17:00:01.281-0400] {processor.py:840} INFO - DAG(s) 'example_task_group_decorator' retrieved from /Users/prasenjeet.gadhe/Documents/05. Nokia_PoV/Parallel_Test/venv/lib/python3.9/site-packages/airflow/example_dags/example_task_group_decorator.py
[2025-04-02T17:00:01.336-0400] {logging_mixin.py:188} INFO - [2025-04-02T17:00:01.336-0400] {dag.py:3096} INFO - Sync 1 DAGs
[2025-04-02T17:00:01.344-0400] {logging_mixin.py:188} INFO - [2025-04-02T17:00:01.343-0400] {dag.py:3954} INFO - Setting next_dagrun for example_task_group_decorator to 2025-04-01 00:00:00+00:00, run_after=2025-04-02 00:00:00+00:00
[2025-04-02T17:00:01.350-0400] {processor.py:183} INFO - Processing /Users/prasenjeet.gadhe/Documents/05. Nokia_PoV/Parallel_Test/venv/lib/python3.9/site-packages/airflow/example_dags/example_task_group_decorator.py took 0.089 seconds
[2025-04-02T17:00:57.136-0400] {processor.py:161} INFO - Started process (PID=26161) to work on /Users/prasenjeet.gadhe/Documents/05. Nokia_PoV/Parallel_Test/venv/lib/python3.9/site-packages/airflow/example_dags/example_task_group_decorator.py
[2025-04-02T17:00:57.137-0400] {processor.py:830} INFO - Processing file /Users/prasenjeet.gadhe/Documents/05. Nokia_PoV/Parallel_Test/venv/lib/python3.9/site-packages/airflow/example_dags/example_task_group_decorator.py for tasks to queue
[2025-04-02T17:00:57.137-0400] {logging_mixin.py:188} INFO - [2025-04-02T17:00:57.137-0400] {dagbag.py:540} INFO - Filling up the DagBag from /Users/prasenjeet.gadhe/Documents/05. Nokia_PoV/Parallel_Test/venv/lib/python3.9/site-packages/airflow/example_dags/example_task_group_decorator.py
[2025-04-02T17:00:57.156-0400] {processor.py:840} INFO - DAG(s) 'example_task_group_decorator' retrieved from /Users/prasenjeet.gadhe/Documents/05. Nokia_PoV/Parallel_Test/venv/lib/python3.9/site-packages/airflow/example_dags/example_task_group_decorator.py
[2025-04-02T17:00:57.216-0400] {logging_mixin.py:188} INFO - [2025-04-02T17:00:57.216-0400] {dag.py:3096} INFO - Sync 1 DAGs
[2025-04-02T17:00:57.223-0400] {logging_mixin.py:188} INFO - [2025-04-02T17:00:57.223-0400] {dag.py:3954} INFO - Setting next_dagrun for example_task_group_decorator to 2025-04-01 00:00:00+00:00, run_after=2025-04-02 00:00:00+00:00
[2025-04-02T17:00:57.229-0400] {processor.py:183} INFO - Processing /Users/prasenjeet.gadhe/Documents/05. Nokia_PoV/Parallel_Test/venv/lib/python3.9/site-packages/airflow/example_dags/example_task_group_decorator.py took 0.095 seconds
[2025-04-02T17:01:53.990-0400] {processor.py:161} INFO - Started process (PID=33205) to work on /Users/prasenjeet.gadhe/Documents/05. Nokia_PoV/Parallel_Test/venv/lib/python3.9/site-packages/airflow/example_dags/example_task_group_decorator.py
[2025-04-02T17:01:53.991-0400] {processor.py:830} INFO - Processing file /Users/prasenjeet.gadhe/Documents/05. Nokia_PoV/Parallel_Test/venv/lib/python3.9/site-packages/airflow/example_dags/example_task_group_decorator.py for tasks to queue
[2025-04-02T17:01:53.991-0400] {logging_mixin.py:188} INFO - [2025-04-02T17:01:53.991-0400] {dagbag.py:540} INFO - Filling up the DagBag from /Users/prasenjeet.gadhe/Documents/05. Nokia_PoV/Parallel_Test/venv/lib/python3.9/site-packages/airflow/example_dags/example_task_group_decorator.py
[2025-04-02T17:01:54.008-0400] {processor.py:840} INFO - DAG(s) 'example_task_group_decorator' retrieved from /Users/prasenjeet.gadhe/Documents/05. Nokia_PoV/Parallel_Test/venv/lib/python3.9/site-packages/airflow/example_dags/example_task_group_decorator.py
[2025-04-02T17:01:54.064-0400] {logging_mixin.py:188} INFO - [2025-04-02T17:01:54.064-0400] {dag.py:3096} INFO - Sync 1 DAGs
[2025-04-02T17:01:54.071-0400] {logging_mixin.py:188} INFO - [2025-04-02T17:01:54.071-0400] {dag.py:3954} INFO - Setting next_dagrun for example_task_group_decorator to 2025-04-01 00:00:00+00:00, run_after=2025-04-02 00:00:00+00:00
[2025-04-02T17:01:54.077-0400] {processor.py:183} INFO - Processing /Users/prasenjeet.gadhe/Documents/05. Nokia_PoV/Parallel_Test/venv/lib/python3.9/site-packages/airflow/example_dags/example_task_group_decorator.py took 0.088 seconds
[2025-04-02T17:02:50.824-0400] {processor.py:161} INFO - Started process (PID=40148) to work on /Users/prasenjeet.gadhe/Documents/05. Nokia_PoV/Parallel_Test/venv/lib/python3.9/site-packages/airflow/example_dags/example_task_group_decorator.py
[2025-04-02T17:02:50.825-0400] {processor.py:830} INFO - Processing file /Users/prasenjeet.gadhe/Documents/05. Nokia_PoV/Parallel_Test/venv/lib/python3.9/site-packages/airflow/example_dags/example_task_group_decorator.py for tasks to queue
[2025-04-02T17:02:50.826-0400] {logging_mixin.py:188} INFO - [2025-04-02T17:02:50.826-0400] {dagbag.py:540} INFO - Filling up the DagBag from /Users/prasenjeet.gadhe/Documents/05. Nokia_PoV/Parallel_Test/venv/lib/python3.9/site-packages/airflow/example_dags/example_task_group_decorator.py
[2025-04-02T17:02:50.843-0400] {processor.py:840} INFO - DAG(s) 'example_task_group_decorator' retrieved from /Users/prasenjeet.gadhe/Documents/05. Nokia_PoV/Parallel_Test/venv/lib/python3.9/site-packages/airflow/example_dags/example_task_group_decorator.py
[2025-04-02T17:02:50.906-0400] {logging_mixin.py:188} INFO - [2025-04-02T17:02:50.906-0400] {dag.py:3096} INFO - Sync 1 DAGs
[2025-04-02T17:02:50.915-0400] {logging_mixin.py:188} INFO - [2025-04-02T17:02:50.914-0400] {dag.py:3954} INFO - Setting next_dagrun for example_task_group_decorator to 2025-04-01 00:00:00+00:00, run_after=2025-04-02 00:00:00+00:00
[2025-04-02T17:02:50.922-0400] {processor.py:183} INFO - Processing /Users/prasenjeet.gadhe/Documents/05. Nokia_PoV/Parallel_Test/venv/lib/python3.9/site-packages/airflow/example_dags/example_task_group_decorator.py took 0.100 seconds
[2025-04-02T17:03:45.909-0400] {processor.py:161} INFO - Started process (PID=46952) to work on /Users/prasenjeet.gadhe/Documents/05. Nokia_PoV/Parallel_Test/venv/lib/python3.9/site-packages/airflow/example_dags/example_task_group_decorator.py
[2025-04-02T17:03:45.911-0400] {processor.py:830} INFO - Processing file /Users/prasenjeet.gadhe/Documents/05. Nokia_PoV/Parallel_Test/venv/lib/python3.9/site-packages/airflow/example_dags/example_task_group_decorator.py for tasks to queue
[2025-04-02T17:03:45.911-0400] {logging_mixin.py:188} INFO - [2025-04-02T17:03:45.911-0400] {dagbag.py:540} INFO - Filling up the DagBag from /Users/prasenjeet.gadhe/Documents/05. Nokia_PoV/Parallel_Test/venv/lib/python3.9/site-packages/airflow/example_dags/example_task_group_decorator.py
[2025-04-02T17:03:45.929-0400] {processor.py:840} INFO - DAG(s) 'example_task_group_decorator' retrieved from /Users/prasenjeet.gadhe/Documents/05. Nokia_PoV/Parallel_Test/venv/lib/python3.9/site-packages/airflow/example_dags/example_task_group_decorator.py
[2025-04-02T17:03:45.986-0400] {logging_mixin.py:188} INFO - [2025-04-02T17:03:45.986-0400] {dag.py:3096} INFO - Sync 1 DAGs
[2025-04-02T17:03:45.994-0400] {logging_mixin.py:188} INFO - [2025-04-02T17:03:45.994-0400] {dag.py:3954} INFO - Setting next_dagrun for example_task_group_decorator to 2025-04-01 00:00:00+00:00, run_after=2025-04-02 00:00:00+00:00
[2025-04-02T17:03:46.001-0400] {processor.py:183} INFO - Processing /Users/prasenjeet.gadhe/Documents/05. Nokia_PoV/Parallel_Test/venv/lib/python3.9/site-packages/airflow/example_dags/example_task_group_decorator.py took 0.092 seconds
[2025-04-02T17:04:41.790-0400] {processor.py:161} INFO - Started process (PID=53738) to work on /Users/prasenjeet.gadhe/Documents/05. Nokia_PoV/Parallel_Test/venv/lib/python3.9/site-packages/airflow/example_dags/example_task_group_decorator.py
[2025-04-02T17:04:41.792-0400] {processor.py:830} INFO - Processing file /Users/prasenjeet.gadhe/Documents/05. Nokia_PoV/Parallel_Test/venv/lib/python3.9/site-packages/airflow/example_dags/example_task_group_decorator.py for tasks to queue
[2025-04-02T17:04:41.792-0400] {logging_mixin.py:188} INFO - [2025-04-02T17:04:41.792-0400] {dagbag.py:540} INFO - Filling up the DagBag from /Users/prasenjeet.gadhe/Documents/05. Nokia_PoV/Parallel_Test/venv/lib/python3.9/site-packages/airflow/example_dags/example_task_group_decorator.py
[2025-04-02T17:04:41.809-0400] {processor.py:840} INFO - DAG(s) 'example_task_group_decorator' retrieved from /Users/prasenjeet.gadhe/Documents/05. Nokia_PoV/Parallel_Test/venv/lib/python3.9/site-packages/airflow/example_dags/example_task_group_decorator.py
[2025-04-02T17:04:41.876-0400] {logging_mixin.py:188} INFO - [2025-04-02T17:04:41.875-0400] {dag.py:3096} INFO - Sync 1 DAGs
[2025-04-02T17:04:41.883-0400] {logging_mixin.py:188} INFO - [2025-04-02T17:04:41.883-0400] {dag.py:3954} INFO - Setting next_dagrun for example_task_group_decorator to 2025-04-01 00:00:00+00:00, run_after=2025-04-02 00:00:00+00:00
[2025-04-02T17:04:41.889-0400] {processor.py:183} INFO - Processing /Users/prasenjeet.gadhe/Documents/05. Nokia_PoV/Parallel_Test/venv/lib/python3.9/site-packages/airflow/example_dags/example_task_group_decorator.py took 0.101 seconds
[2025-04-02T17:06:29.828-0400] {processor.py:161} INFO - Started process (PID=66988) to work on /Users/prasenjeet.gadhe/Documents/05. Nokia_PoV/Parallel_Test/venv/lib/python3.9/site-packages/airflow/example_dags/example_task_group_decorator.py
[2025-04-02T17:06:29.830-0400] {processor.py:830} INFO - Processing file /Users/prasenjeet.gadhe/Documents/05. Nokia_PoV/Parallel_Test/venv/lib/python3.9/site-packages/airflow/example_dags/example_task_group_decorator.py for tasks to queue
[2025-04-02T17:06:29.830-0400] {logging_mixin.py:188} INFO - [2025-04-02T17:06:29.830-0400] {dagbag.py:540} INFO - Filling up the DagBag from /Users/prasenjeet.gadhe/Documents/05. Nokia_PoV/Parallel_Test/venv/lib/python3.9/site-packages/airflow/example_dags/example_task_group_decorator.py
[2025-04-02T17:06:29.847-0400] {processor.py:840} INFO - DAG(s) 'example_task_group_decorator' retrieved from /Users/prasenjeet.gadhe/Documents/05. Nokia_PoV/Parallel_Test/venv/lib/python3.9/site-packages/airflow/example_dags/example_task_group_decorator.py
[2025-04-02T17:06:29.902-0400] {logging_mixin.py:188} INFO - [2025-04-02T17:06:29.902-0400] {dag.py:3096} INFO - Sync 1 DAGs
[2025-04-02T17:06:29.909-0400] {logging_mixin.py:188} INFO - [2025-04-02T17:06:29.909-0400] {dag.py:3954} INFO - Setting next_dagrun for example_task_group_decorator to 2025-04-01 00:00:00+00:00, run_after=2025-04-02 00:00:00+00:00
[2025-04-02T17:06:29.915-0400] {processor.py:183} INFO - Processing /Users/prasenjeet.gadhe/Documents/05. Nokia_PoV/Parallel_Test/venv/lib/python3.9/site-packages/airflow/example_dags/example_task_group_decorator.py took 0.088 seconds
[2025-04-02T17:07:28.674-0400] {processor.py:161} INFO - Started process (PID=74352) to work on /Users/prasenjeet.gadhe/Documents/05. Nokia_PoV/Parallel_Test/venv/lib/python3.9/site-packages/airflow/example_dags/example_task_group_decorator.py
[2025-04-02T17:07:28.676-0400] {processor.py:830} INFO - Processing file /Users/prasenjeet.gadhe/Documents/05. Nokia_PoV/Parallel_Test/venv/lib/python3.9/site-packages/airflow/example_dags/example_task_group_decorator.py for tasks to queue
[2025-04-02T17:07:28.676-0400] {logging_mixin.py:188} INFO - [2025-04-02T17:07:28.676-0400] {dagbag.py:540} INFO - Filling up the DagBag from /Users/prasenjeet.gadhe/Documents/05. Nokia_PoV/Parallel_Test/venv/lib/python3.9/site-packages/airflow/example_dags/example_task_group_decorator.py
[2025-04-02T17:07:28.694-0400] {processor.py:840} INFO - DAG(s) 'example_task_group_decorator' retrieved from /Users/prasenjeet.gadhe/Documents/05. Nokia_PoV/Parallel_Test/venv/lib/python3.9/site-packages/airflow/example_dags/example_task_group_decorator.py
[2025-04-02T17:07:28.752-0400] {logging_mixin.py:188} INFO - [2025-04-02T17:07:28.752-0400] {dag.py:3096} INFO - Sync 1 DAGs
[2025-04-02T17:07:28.760-0400] {logging_mixin.py:188} INFO - [2025-04-02T17:07:28.760-0400] {dag.py:3954} INFO - Setting next_dagrun for example_task_group_decorator to 2025-04-01 00:00:00+00:00, run_after=2025-04-02 00:00:00+00:00
[2025-04-02T17:07:28.766-0400] {processor.py:183} INFO - Processing /Users/prasenjeet.gadhe/Documents/05. Nokia_PoV/Parallel_Test/venv/lib/python3.9/site-packages/airflow/example_dags/example_task_group_decorator.py took 0.093 seconds
[2025-04-02T17:09:23.266-0400] {processor.py:161} INFO - Started process (PID=88488) to work on /Users/prasenjeet.gadhe/Documents/05. Nokia_PoV/Parallel_Test/venv/lib/python3.9/site-packages/airflow/example_dags/example_task_group_decorator.py
[2025-04-02T17:09:23.268-0400] {processor.py:830} INFO - Processing file /Users/prasenjeet.gadhe/Documents/05. Nokia_PoV/Parallel_Test/venv/lib/python3.9/site-packages/airflow/example_dags/example_task_group_decorator.py for tasks to queue
[2025-04-02T17:09:23.268-0400] {logging_mixin.py:188} INFO - [2025-04-02T17:09:23.268-0400] {dagbag.py:540} INFO - Filling up the DagBag from /Users/prasenjeet.gadhe/Documents/05. Nokia_PoV/Parallel_Test/venv/lib/python3.9/site-packages/airflow/example_dags/example_task_group_decorator.py
[2025-04-02T17:09:23.285-0400] {processor.py:840} INFO - DAG(s) 'example_task_group_decorator' retrieved from /Users/prasenjeet.gadhe/Documents/05. Nokia_PoV/Parallel_Test/venv/lib/python3.9/site-packages/airflow/example_dags/example_task_group_decorator.py
[2025-04-02T17:09:23.340-0400] {logging_mixin.py:188} INFO - [2025-04-02T17:09:23.340-0400] {dag.py:3096} INFO - Sync 1 DAGs
[2025-04-02T17:09:23.348-0400] {logging_mixin.py:188} INFO - [2025-04-02T17:09:23.348-0400] {dag.py:3954} INFO - Setting next_dagrun for example_task_group_decorator to 2025-04-01 00:00:00+00:00, run_after=2025-04-02 00:00:00+00:00
[2025-04-02T17:09:23.355-0400] {processor.py:183} INFO - Processing /Users/prasenjeet.gadhe/Documents/05. Nokia_PoV/Parallel_Test/venv/lib/python3.9/site-packages/airflow/example_dags/example_task_group_decorator.py took 0.090 seconds
[2025-04-02T17:10:22.779-0400] {processor.py:161} INFO - Started process (PID=95824) to work on /Users/prasenjeet.gadhe/Documents/05. Nokia_PoV/Parallel_Test/venv/lib/python3.9/site-packages/airflow/example_dags/example_task_group_decorator.py
[2025-04-02T17:10:22.780-0400] {processor.py:830} INFO - Processing file /Users/prasenjeet.gadhe/Documents/05. Nokia_PoV/Parallel_Test/venv/lib/python3.9/site-packages/airflow/example_dags/example_task_group_decorator.py for tasks to queue
[2025-04-02T17:10:22.781-0400] {logging_mixin.py:188} INFO - [2025-04-02T17:10:22.780-0400] {dagbag.py:540} INFO - Filling up the DagBag from /Users/prasenjeet.gadhe/Documents/05. Nokia_PoV/Parallel_Test/venv/lib/python3.9/site-packages/airflow/example_dags/example_task_group_decorator.py
[2025-04-02T17:10:22.797-0400] {processor.py:840} INFO - DAG(s) 'example_task_group_decorator' retrieved from /Users/prasenjeet.gadhe/Documents/05. Nokia_PoV/Parallel_Test/venv/lib/python3.9/site-packages/airflow/example_dags/example_task_group_decorator.py
[2025-04-02T17:10:22.856-0400] {logging_mixin.py:188} INFO - [2025-04-02T17:10:22.856-0400] {dag.py:3096} INFO - Sync 1 DAGs
[2025-04-02T17:10:22.864-0400] {logging_mixin.py:188} INFO - [2025-04-02T17:10:22.864-0400] {dag.py:3954} INFO - Setting next_dagrun for example_task_group_decorator to 2025-04-01 00:00:00+00:00, run_after=2025-04-02 00:00:00+00:00
[2025-04-02T17:10:22.870-0400] {processor.py:183} INFO - Processing /Users/prasenjeet.gadhe/Documents/05. Nokia_PoV/Parallel_Test/venv/lib/python3.9/site-packages/airflow/example_dags/example_task_group_decorator.py took 0.093 seconds
[2025-04-02T17:12:13.072-0400] {processor.py:161} INFO - Started process (PID=9775) to work on /Users/prasenjeet.gadhe/Documents/05. Nokia_PoV/Parallel_Test/venv/lib/python3.9/site-packages/airflow/example_dags/example_task_group_decorator.py
[2025-04-02T17:12:13.074-0400] {processor.py:830} INFO - Processing file /Users/prasenjeet.gadhe/Documents/05. Nokia_PoV/Parallel_Test/venv/lib/python3.9/site-packages/airflow/example_dags/example_task_group_decorator.py for tasks to queue
[2025-04-02T17:12:13.074-0400] {logging_mixin.py:188} INFO - [2025-04-02T17:12:13.074-0400] {dagbag.py:540} INFO - Filling up the DagBag from /Users/prasenjeet.gadhe/Documents/05. Nokia_PoV/Parallel_Test/venv/lib/python3.9/site-packages/airflow/example_dags/example_task_group_decorator.py
[2025-04-02T17:12:13.091-0400] {processor.py:840} INFO - DAG(s) 'example_task_group_decorator' retrieved from /Users/prasenjeet.gadhe/Documents/05. Nokia_PoV/Parallel_Test/venv/lib/python3.9/site-packages/airflow/example_dags/example_task_group_decorator.py
[2025-04-02T17:12:13.148-0400] {logging_mixin.py:188} INFO - [2025-04-02T17:12:13.148-0400] {dag.py:3096} INFO - Sync 1 DAGs
[2025-04-02T17:12:13.155-0400] {logging_mixin.py:188} INFO - [2025-04-02T17:12:13.155-0400] {dag.py:3954} INFO - Setting next_dagrun for example_task_group_decorator to 2025-04-01 00:00:00+00:00, run_after=2025-04-02 00:00:00+00:00
[2025-04-02T17:12:13.161-0400] {processor.py:183} INFO - Processing /Users/prasenjeet.gadhe/Documents/05. Nokia_PoV/Parallel_Test/venv/lib/python3.9/site-packages/airflow/example_dags/example_task_group_decorator.py took 0.090 seconds
[2025-04-02T17:26:13.094-0400] {processor.py:161} INFO - Started process (PID=14492) to work on /Users/prasenjeet.gadhe/Documents/05. Nokia_PoV/Parallel_Test/venv/lib/python3.9/site-packages/airflow/example_dags/example_task_group_decorator.py
[2025-04-02T17:26:13.095-0400] {processor.py:830} INFO - Processing file /Users/prasenjeet.gadhe/Documents/05. Nokia_PoV/Parallel_Test/venv/lib/python3.9/site-packages/airflow/example_dags/example_task_group_decorator.py for tasks to queue
[2025-04-02T17:26:13.095-0400] {logging_mixin.py:188} INFO - [2025-04-02T17:26:13.095-0400] {dagbag.py:540} INFO - Filling up the DagBag from /Users/prasenjeet.gadhe/Documents/05. Nokia_PoV/Parallel_Test/venv/lib/python3.9/site-packages/airflow/example_dags/example_task_group_decorator.py
[2025-04-02T17:26:13.113-0400] {processor.py:840} INFO - DAG(s) 'example_task_group_decorator' retrieved from /Users/prasenjeet.gadhe/Documents/05. Nokia_PoV/Parallel_Test/venv/lib/python3.9/site-packages/airflow/example_dags/example_task_group_decorator.py
[2025-04-02T17:26:13.204-0400] {logging_mixin.py:188} INFO - [2025-04-02T17:26:13.204-0400] {dag.py:3096} INFO - Sync 1 DAGs
[2025-04-02T17:26:13.211-0400] {logging_mixin.py:188} INFO - [2025-04-02T17:26:13.211-0400] {dag.py:3954} INFO - Setting next_dagrun for example_task_group_decorator to 2025-04-01 00:00:00+00:00, run_after=2025-04-02 00:00:00+00:00
[2025-04-02T17:26:13.219-0400] {processor.py:183} INFO - Processing /Users/prasenjeet.gadhe/Documents/05. Nokia_PoV/Parallel_Test/venv/lib/python3.9/site-packages/airflow/example_dags/example_task_group_decorator.py took 0.126 seconds
