[2025-04-02T16:40:21.323-0400] {processor.py:161} INFO - Started process (PID=72572) to work on /Users/prasenjeet.gadhe/Documents/05. Nokia_PoV/Parallel_Test/venv/lib/python3.9/site-packages/airflow/example_dags/example_branch_labels.py
[2025-04-02T16:40:21.324-0400] {processor.py:830} INFO - Processing file /Users/prasenjeet.gadhe/Documents/05. Nokia_PoV/Parallel_Test/venv/lib/python3.9/site-packages/airflow/example_dags/example_branch_labels.py for tasks to queue
[2025-04-02T16:40:21.325-0400] {logging_mixin.py:188} INFO - [2025-04-02T16:40:21.325-0400] {dagbag.py:540} INFO - Filling up the DagBag from /Users/prasenjeet.gadhe/Documents/05. Nokia_PoV/Parallel_Test/venv/lib/python3.9/site-packages/airflow/example_dags/example_branch_labels.py
[2025-04-02T16:40:21.330-0400] {processor.py:840} INFO - DAG(s) 'example_branch_labels' retrieved from /Users/prasenjeet.gadhe/Documents/05. Nokia_PoV/Parallel_Test/venv/lib/python3.9/site-packages/airflow/example_dags/example_branch_labels.py
[2025-04-02T16:40:21.419-0400] {logging_mixin.py:188} INFO - [2025-04-02T16:40:21.419-0400] {override.py:1829} INFO - Created Permission View: can read on DAG:example_branch_labels
[2025-04-02T16:40:21.422-0400] {logging_mixin.py:188} INFO - [2025-04-02T16:40:21.422-0400] {override.py:1829} INFO - Created Permission View: can delete on DAG:example_branch_labels
[2025-04-02T16:40:21.424-0400] {logging_mixin.py:188} INFO - [2025-04-02T16:40:21.424-0400] {override.py:1829} INFO - Created Permission View: can edit on DAG:example_branch_labels
[2025-04-02T16:40:21.424-0400] {logging_mixin.py:188} INFO - [2025-04-02T16:40:21.424-0400] {dag.py:3096} INFO - Sync 1 DAGs
[2025-04-02T16:40:21.428-0400] {logging_mixin.py:188} INFO - [2025-04-02T16:40:21.428-0400] {dag.py:3118} INFO - Creating ORM DAG for example_branch_labels
[2025-04-02T16:40:21.431-0400] {logging_mixin.py:188} INFO - [2025-04-02T16:40:21.431-0400] {dag.py:3954} INFO - Setting next_dagrun for example_branch_labels to 2025-04-01 00:00:00+00:00, run_after=2025-04-02 00:00:00+00:00
[2025-04-02T16:40:21.436-0400] {processor.py:183} INFO - Processing /Users/prasenjeet.gadhe/Documents/05. Nokia_PoV/Parallel_Test/venv/lib/python3.9/site-packages/airflow/example_dags/example_branch_labels.py took 0.114 seconds
[2025-04-02T16:42:17.212-0400] {processor.py:161} INFO - Started process (PID=87134) to work on /Users/prasenjeet.gadhe/Documents/05. Nokia_PoV/Parallel_Test/venv/lib/python3.9/site-packages/airflow/example_dags/example_branch_labels.py
[2025-04-02T16:42:17.214-0400] {processor.py:830} INFO - Processing file /Users/prasenjeet.gadhe/Documents/05. Nokia_PoV/Parallel_Test/venv/lib/python3.9/site-packages/airflow/example_dags/example_branch_labels.py for tasks to queue
[2025-04-02T16:42:17.214-0400] {logging_mixin.py:188} INFO - [2025-04-02T16:42:17.214-0400] {dagbag.py:540} INFO - Filling up the DagBag from /Users/prasenjeet.gadhe/Documents/05. Nokia_PoV/Parallel_Test/venv/lib/python3.9/site-packages/airflow/example_dags/example_branch_labels.py
[2025-04-02T16:42:17.219-0400] {processor.py:840} INFO - DAG(s) 'example_branch_labels' retrieved from /Users/prasenjeet.gadhe/Documents/05. Nokia_PoV/Parallel_Test/venv/lib/python3.9/site-packages/airflow/example_dags/example_branch_labels.py
[2025-04-02T16:42:17.278-0400] {logging_mixin.py:188} INFO - [2025-04-02T16:42:17.278-0400] {dag.py:3096} INFO - Sync 1 DAGs
[2025-04-02T16:42:17.284-0400] {logging_mixin.py:188} INFO - [2025-04-02T16:42:17.284-0400] {dag.py:3954} INFO - Setting next_dagrun for example_branch_labels to 2025-04-01 00:00:00+00:00, run_after=2025-04-02 00:00:00+00:00
[2025-04-02T16:42:17.290-0400] {processor.py:183} INFO - Processing /Users/prasenjeet.gadhe/Documents/05. Nokia_PoV/Parallel_Test/venv/lib/python3.9/site-packages/airflow/example_dags/example_branch_labels.py took 0.078 seconds
[2025-04-02T16:44:09.284-0400] {processor.py:161} INFO - Started process (PID=1139) to work on /Users/prasenjeet.gadhe/Documents/05. Nokia_PoV/Parallel_Test/venv/lib/python3.9/site-packages/airflow/example_dags/example_branch_labels.py
[2025-04-02T16:44:09.285-0400] {processor.py:830} INFO - Processing file /Users/prasenjeet.gadhe/Documents/05. Nokia_PoV/Parallel_Test/venv/lib/python3.9/site-packages/airflow/example_dags/example_branch_labels.py for tasks to queue
[2025-04-02T16:44:09.286-0400] {logging_mixin.py:188} INFO - [2025-04-02T16:44:09.286-0400] {dagbag.py:540} INFO - Filling up the DagBag from /Users/prasenjeet.gadhe/Documents/05. Nokia_PoV/Parallel_Test/venv/lib/python3.9/site-packages/airflow/example_dags/example_branch_labels.py
[2025-04-02T16:44:09.290-0400] {processor.py:840} INFO - DAG(s) 'example_branch_labels' retrieved from /Users/prasenjeet.gadhe/Documents/05. Nokia_PoV/Parallel_Test/venv/lib/python3.9/site-packages/airflow/example_dags/example_branch_labels.py
[2025-04-02T16:44:09.359-0400] {logging_mixin.py:188} INFO - [2025-04-02T16:44:09.359-0400] {dag.py:3096} INFO - Sync 1 DAGs
[2025-04-02T16:44:09.365-0400] {logging_mixin.py:188} INFO - [2025-04-02T16:44:09.365-0400] {dag.py:3954} INFO - Setting next_dagrun for example_branch_labels to 2025-04-01 00:00:00+00:00, run_after=2025-04-02 00:00:00+00:00
[2025-04-02T16:44:09.372-0400] {processor.py:183} INFO - Processing /Users/prasenjeet.gadhe/Documents/05. Nokia_PoV/Parallel_Test/venv/lib/python3.9/site-packages/airflow/example_dags/example_branch_labels.py took 0.089 seconds
[2025-04-02T16:46:43.690-0400] {processor.py:161} INFO - Started process (PID=20480) to work on /Users/prasenjeet.gadhe/Documents/05. Nokia_PoV/Parallel_Test/venv/lib/python3.9/site-packages/airflow/example_dags/example_branch_labels.py
[2025-04-02T16:46:43.692-0400] {processor.py:830} INFO - Processing file /Users/prasenjeet.gadhe/Documents/05. Nokia_PoV/Parallel_Test/venv/lib/python3.9/site-packages/airflow/example_dags/example_branch_labels.py for tasks to queue
[2025-04-02T16:46:43.692-0400] {logging_mixin.py:188} INFO - [2025-04-02T16:46:43.692-0400] {dagbag.py:540} INFO - Filling up the DagBag from /Users/prasenjeet.gadhe/Documents/05. Nokia_PoV/Parallel_Test/venv/lib/python3.9/site-packages/airflow/example_dags/example_branch_labels.py
[2025-04-02T16:46:43.697-0400] {processor.py:840} INFO - DAG(s) 'example_branch_labels' retrieved from /Users/prasenjeet.gadhe/Documents/05. Nokia_PoV/Parallel_Test/venv/lib/python3.9/site-packages/airflow/example_dags/example_branch_labels.py
[2025-04-02T16:46:43.762-0400] {logging_mixin.py:188} INFO - [2025-04-02T16:46:43.762-0400] {dag.py:3096} INFO - Sync 1 DAGs
[2025-04-02T16:46:43.768-0400] {logging_mixin.py:188} INFO - [2025-04-02T16:46:43.768-0400] {dag.py:3954} INFO - Setting next_dagrun for example_branch_labels to 2025-04-01 00:00:00+00:00, run_after=2025-04-02 00:00:00+00:00
[2025-04-02T16:46:43.775-0400] {processor.py:183} INFO - Processing /Users/prasenjeet.gadhe/Documents/05. Nokia_PoV/Parallel_Test/venv/lib/python3.9/site-packages/airflow/example_dags/example_branch_labels.py took 0.086 seconds
[2025-04-02T16:48:38.906-0400] {processor.py:161} INFO - Started process (PID=34714) to work on /Users/prasenjeet.gadhe/Documents/05. Nokia_PoV/Parallel_Test/venv/lib/python3.9/site-packages/airflow/example_dags/example_branch_labels.py
[2025-04-02T16:48:38.908-0400] {processor.py:830} INFO - Processing file /Users/prasenjeet.gadhe/Documents/05. Nokia_PoV/Parallel_Test/venv/lib/python3.9/site-packages/airflow/example_dags/example_branch_labels.py for tasks to queue
[2025-04-02T16:48:38.909-0400] {logging_mixin.py:188} INFO - [2025-04-02T16:48:38.909-0400] {dagbag.py:540} INFO - Filling up the DagBag from /Users/prasenjeet.gadhe/Documents/05. Nokia_PoV/Parallel_Test/venv/lib/python3.9/site-packages/airflow/example_dags/example_branch_labels.py
[2025-04-02T16:48:38.913-0400] {processor.py:840} INFO - DAG(s) 'example_branch_labels' retrieved from /Users/prasenjeet.gadhe/Documents/05. Nokia_PoV/Parallel_Test/venv/lib/python3.9/site-packages/airflow/example_dags/example_branch_labels.py
[2025-04-02T16:48:38.977-0400] {logging_mixin.py:188} INFO - [2025-04-02T16:48:38.977-0400] {dag.py:3096} INFO - Sync 1 DAGs
[2025-04-02T16:48:38.984-0400] {logging_mixin.py:188} INFO - [2025-04-02T16:48:38.983-0400] {dag.py:3954} INFO - Setting next_dagrun for example_branch_labels to 2025-04-01 00:00:00+00:00, run_after=2025-04-02 00:00:00+00:00
[2025-04-02T16:48:38.991-0400] {processor.py:183} INFO - Processing /Users/prasenjeet.gadhe/Documents/05. Nokia_PoV/Parallel_Test/venv/lib/python3.9/site-packages/airflow/example_dags/example_branch_labels.py took 0.086 seconds
[2025-04-02T16:51:54.889-0400] {processor.py:161} INFO - Started process (PID=59055) to work on /Users/prasenjeet.gadhe/Documents/05. Nokia_PoV/Parallel_Test/venv/lib/python3.9/site-packages/airflow/example_dags/example_branch_labels.py
[2025-04-02T16:51:54.891-0400] {processor.py:830} INFO - Processing file /Users/prasenjeet.gadhe/Documents/05. Nokia_PoV/Parallel_Test/venv/lib/python3.9/site-packages/airflow/example_dags/example_branch_labels.py for tasks to queue
[2025-04-02T16:51:54.891-0400] {logging_mixin.py:188} INFO - [2025-04-02T16:51:54.891-0400] {dagbag.py:540} INFO - Filling up the DagBag from /Users/prasenjeet.gadhe/Documents/05. Nokia_PoV/Parallel_Test/venv/lib/python3.9/site-packages/airflow/example_dags/example_branch_labels.py
[2025-04-02T16:51:54.895-0400] {processor.py:840} INFO - DAG(s) 'example_branch_labels' retrieved from /Users/prasenjeet.gadhe/Documents/05. Nokia_PoV/Parallel_Test/venv/lib/python3.9/site-packages/airflow/example_dags/example_branch_labels.py
[2025-04-02T16:51:54.950-0400] {logging_mixin.py:188} INFO - [2025-04-02T16:51:54.950-0400] {dag.py:3096} INFO - Sync 1 DAGs
[2025-04-02T16:51:54.956-0400] {logging_mixin.py:188} INFO - [2025-04-02T16:51:54.956-0400] {dag.py:3954} INFO - Setting next_dagrun for example_branch_labels to 2025-04-01 00:00:00+00:00, run_after=2025-04-02 00:00:00+00:00
[2025-04-02T16:51:54.962-0400] {processor.py:183} INFO - Processing /Users/prasenjeet.gadhe/Documents/05. Nokia_PoV/Parallel_Test/venv/lib/python3.9/site-packages/airflow/example_dags/example_branch_labels.py took 0.075 seconds
[2025-04-02T16:53:46.075-0400] {processor.py:161} INFO - Started process (PID=72655) to work on /Users/prasenjeet.gadhe/Documents/05. Nokia_PoV/Parallel_Test/venv/lib/python3.9/site-packages/airflow/example_dags/example_branch_labels.py
[2025-04-02T16:53:46.077-0400] {processor.py:830} INFO - Processing file /Users/prasenjeet.gadhe/Documents/05. Nokia_PoV/Parallel_Test/venv/lib/python3.9/site-packages/airflow/example_dags/example_branch_labels.py for tasks to queue
[2025-04-02T16:53:46.077-0400] {logging_mixin.py:188} INFO - [2025-04-02T16:53:46.077-0400] {dagbag.py:540} INFO - Filling up the DagBag from /Users/prasenjeet.gadhe/Documents/05. Nokia_PoV/Parallel_Test/venv/lib/python3.9/site-packages/airflow/example_dags/example_branch_labels.py
[2025-04-02T16:53:46.081-0400] {processor.py:840} INFO - DAG(s) 'example_branch_labels' retrieved from /Users/prasenjeet.gadhe/Documents/05. Nokia_PoV/Parallel_Test/venv/lib/python3.9/site-packages/airflow/example_dags/example_branch_labels.py
[2025-04-02T16:53:46.138-0400] {logging_mixin.py:188} INFO - [2025-04-02T16:53:46.138-0400] {dag.py:3096} INFO - Sync 1 DAGs
[2025-04-02T16:53:46.143-0400] {logging_mixin.py:188} INFO - [2025-04-02T16:53:46.143-0400] {dag.py:3954} INFO - Setting next_dagrun for example_branch_labels to 2025-04-01 00:00:00+00:00, run_after=2025-04-02 00:00:00+00:00
[2025-04-02T16:53:46.149-0400] {processor.py:183} INFO - Processing /Users/prasenjeet.gadhe/Documents/05. Nokia_PoV/Parallel_Test/venv/lib/python3.9/site-packages/airflow/example_dags/example_branch_labels.py took 0.075 seconds
[2025-04-02T16:55:40.388-0400] {processor.py:161} INFO - Started process (PID=86942) to work on /Users/prasenjeet.gadhe/Documents/05. Nokia_PoV/Parallel_Test/venv/lib/python3.9/site-packages/airflow/example_dags/example_branch_labels.py
[2025-04-02T16:55:40.389-0400] {processor.py:830} INFO - Processing file /Users/prasenjeet.gadhe/Documents/05. Nokia_PoV/Parallel_Test/venv/lib/python3.9/site-packages/airflow/example_dags/example_branch_labels.py for tasks to queue
[2025-04-02T16:55:40.390-0400] {logging_mixin.py:188} INFO - [2025-04-02T16:55:40.390-0400] {dagbag.py:540} INFO - Filling up the DagBag from /Users/prasenjeet.gadhe/Documents/05. Nokia_PoV/Parallel_Test/venv/lib/python3.9/site-packages/airflow/example_dags/example_branch_labels.py
[2025-04-02T16:55:40.395-0400] {processor.py:840} INFO - DAG(s) 'example_branch_labels' retrieved from /Users/prasenjeet.gadhe/Documents/05. Nokia_PoV/Parallel_Test/venv/lib/python3.9/site-packages/airflow/example_dags/example_branch_labels.py
[2025-04-02T16:55:40.457-0400] {logging_mixin.py:188} INFO - [2025-04-02T16:55:40.457-0400] {dag.py:3096} INFO - Sync 1 DAGs
[2025-04-02T16:55:40.464-0400] {logging_mixin.py:188} INFO - [2025-04-02T16:55:40.463-0400] {dag.py:3954} INFO - Setting next_dagrun for example_branch_labels to 2025-04-01 00:00:00+00:00, run_after=2025-04-02 00:00:00+00:00
[2025-04-02T16:55:40.470-0400] {processor.py:183} INFO - Processing /Users/prasenjeet.gadhe/Documents/05. Nokia_PoV/Parallel_Test/venv/lib/python3.9/site-packages/airflow/example_dags/example_branch_labels.py took 0.083 seconds
[2025-04-02T16:57:36.551-0400] {processor.py:161} INFO - Started process (PID=1564) to work on /Users/prasenjeet.gadhe/Documents/05. Nokia_PoV/Parallel_Test/venv/lib/python3.9/site-packages/airflow/example_dags/example_branch_labels.py
[2025-04-02T16:57:36.553-0400] {processor.py:830} INFO - Processing file /Users/prasenjeet.gadhe/Documents/05. Nokia_PoV/Parallel_Test/venv/lib/python3.9/site-packages/airflow/example_dags/example_branch_labels.py for tasks to queue
[2025-04-02T16:57:36.553-0400] {logging_mixin.py:188} INFO - [2025-04-02T16:57:36.553-0400] {dagbag.py:540} INFO - Filling up the DagBag from /Users/prasenjeet.gadhe/Documents/05. Nokia_PoV/Parallel_Test/venv/lib/python3.9/site-packages/airflow/example_dags/example_branch_labels.py
[2025-04-02T16:57:36.557-0400] {processor.py:840} INFO - DAG(s) 'example_branch_labels' retrieved from /Users/prasenjeet.gadhe/Documents/05. Nokia_PoV/Parallel_Test/venv/lib/python3.9/site-packages/airflow/example_dags/example_branch_labels.py
[2025-04-02T16:57:36.614-0400] {logging_mixin.py:188} INFO - [2025-04-02T16:57:36.614-0400] {dag.py:3096} INFO - Sync 1 DAGs
[2025-04-02T16:57:36.620-0400] {logging_mixin.py:188} INFO - [2025-04-02T16:57:36.620-0400] {dag.py:3954} INFO - Setting next_dagrun for example_branch_labels to 2025-04-01 00:00:00+00:00, run_after=2025-04-02 00:00:00+00:00
[2025-04-02T16:57:36.626-0400] {processor.py:183} INFO - Processing /Users/prasenjeet.gadhe/Documents/05. Nokia_PoV/Parallel_Test/venv/lib/python3.9/site-packages/airflow/example_dags/example_branch_labels.py took 0.076 seconds
[2025-04-02T16:59:25.911-0400] {processor.py:161} INFO - Started process (PID=15005) to work on /Users/prasenjeet.gadhe/Documents/05. Nokia_PoV/Parallel_Test/venv/lib/python3.9/site-packages/airflow/example_dags/example_branch_labels.py
[2025-04-02T16:59:25.913-0400] {processor.py:830} INFO - Processing file /Users/prasenjeet.gadhe/Documents/05. Nokia_PoV/Parallel_Test/venv/lib/python3.9/site-packages/airflow/example_dags/example_branch_labels.py for tasks to queue
[2025-04-02T16:59:25.913-0400] {logging_mixin.py:188} INFO - [2025-04-02T16:59:25.913-0400] {dagbag.py:540} INFO - Filling up the DagBag from /Users/prasenjeet.gadhe/Documents/05. Nokia_PoV/Parallel_Test/venv/lib/python3.9/site-packages/airflow/example_dags/example_branch_labels.py
[2025-04-02T16:59:25.917-0400] {processor.py:840} INFO - DAG(s) 'example_branch_labels' retrieved from /Users/prasenjeet.gadhe/Documents/05. Nokia_PoV/Parallel_Test/venv/lib/python3.9/site-packages/airflow/example_dags/example_branch_labels.py
[2025-04-02T16:59:25.982-0400] {logging_mixin.py:188} INFO - [2025-04-02T16:59:25.981-0400] {dag.py:3096} INFO - Sync 1 DAGs
[2025-04-02T16:59:25.989-0400] {logging_mixin.py:188} INFO - [2025-04-02T16:59:25.988-0400] {dag.py:3954} INFO - Setting next_dagrun for example_branch_labels to 2025-04-01 00:00:00+00:00, run_after=2025-04-02 00:00:00+00:00
[2025-04-02T16:59:25.996-0400] {processor.py:183} INFO - Processing /Users/prasenjeet.gadhe/Documents/05. Nokia_PoV/Parallel_Test/venv/lib/python3.9/site-packages/airflow/example_dags/example_branch_labels.py took 0.086 seconds
[2025-04-02T17:01:20.920-0400] {processor.py:161} INFO - Started process (PID=29130) to work on /Users/prasenjeet.gadhe/Documents/05. Nokia_PoV/Parallel_Test/venv/lib/python3.9/site-packages/airflow/example_dags/example_branch_labels.py
[2025-04-02T17:01:20.922-0400] {processor.py:830} INFO - Processing file /Users/prasenjeet.gadhe/Documents/05. Nokia_PoV/Parallel_Test/venv/lib/python3.9/site-packages/airflow/example_dags/example_branch_labels.py for tasks to queue
[2025-04-02T17:01:20.922-0400] {logging_mixin.py:188} INFO - [2025-04-02T17:01:20.922-0400] {dagbag.py:540} INFO - Filling up the DagBag from /Users/prasenjeet.gadhe/Documents/05. Nokia_PoV/Parallel_Test/venv/lib/python3.9/site-packages/airflow/example_dags/example_branch_labels.py
[2025-04-02T17:01:20.926-0400] {processor.py:840} INFO - DAG(s) 'example_branch_labels' retrieved from /Users/prasenjeet.gadhe/Documents/05. Nokia_PoV/Parallel_Test/venv/lib/python3.9/site-packages/airflow/example_dags/example_branch_labels.py
[2025-04-02T17:01:20.983-0400] {logging_mixin.py:188} INFO - [2025-04-02T17:01:20.983-0400] {dag.py:3096} INFO - Sync 1 DAGs
[2025-04-02T17:01:20.989-0400] {logging_mixin.py:188} INFO - [2025-04-02T17:01:20.989-0400] {dag.py:3954} INFO - Setting next_dagrun for example_branch_labels to 2025-04-01 00:00:00+00:00, run_after=2025-04-02 00:00:00+00:00
[2025-04-02T17:01:20.995-0400] {processor.py:183} INFO - Processing /Users/prasenjeet.gadhe/Documents/05. Nokia_PoV/Parallel_Test/venv/lib/python3.9/site-packages/airflow/example_dags/example_branch_labels.py took 0.077 seconds
[2025-04-02T17:03:12.877-0400] {processor.py:161} INFO - Started process (PID=42866) to work on /Users/prasenjeet.gadhe/Documents/05. Nokia_PoV/Parallel_Test/venv/lib/python3.9/site-packages/airflow/example_dags/example_branch_labels.py
[2025-04-02T17:03:12.879-0400] {processor.py:830} INFO - Processing file /Users/prasenjeet.gadhe/Documents/05. Nokia_PoV/Parallel_Test/venv/lib/python3.9/site-packages/airflow/example_dags/example_branch_labels.py for tasks to queue
[2025-04-02T17:03:12.879-0400] {logging_mixin.py:188} INFO - [2025-04-02T17:03:12.879-0400] {dagbag.py:540} INFO - Filling up the DagBag from /Users/prasenjeet.gadhe/Documents/05. Nokia_PoV/Parallel_Test/venv/lib/python3.9/site-packages/airflow/example_dags/example_branch_labels.py
[2025-04-02T17:03:12.884-0400] {processor.py:840} INFO - DAG(s) 'example_branch_labels' retrieved from /Users/prasenjeet.gadhe/Documents/05. Nokia_PoV/Parallel_Test/venv/lib/python3.9/site-packages/airflow/example_dags/example_branch_labels.py
[2025-04-02T17:03:12.943-0400] {logging_mixin.py:188} INFO - [2025-04-02T17:03:12.942-0400] {dag.py:3096} INFO - Sync 1 DAGs
[2025-04-02T17:03:12.948-0400] {logging_mixin.py:188} INFO - [2025-04-02T17:03:12.948-0400] {dag.py:3954} INFO - Setting next_dagrun for example_branch_labels to 2025-04-01 00:00:00+00:00, run_after=2025-04-02 00:00:00+00:00
[2025-04-02T17:03:12.955-0400] {processor.py:183} INFO - Processing /Users/prasenjeet.gadhe/Documents/05. Nokia_PoV/Parallel_Test/venv/lib/python3.9/site-packages/airflow/example_dags/example_branch_labels.py took 0.080 seconds
[2025-04-02T17:05:03.651-0400] {processor.py:161} INFO - Started process (PID=56468) to work on /Users/prasenjeet.gadhe/Documents/05. Nokia_PoV/Parallel_Test/venv/lib/python3.9/site-packages/airflow/example_dags/example_branch_labels.py
[2025-04-02T17:05:03.653-0400] {processor.py:830} INFO - Processing file /Users/prasenjeet.gadhe/Documents/05. Nokia_PoV/Parallel_Test/venv/lib/python3.9/site-packages/airflow/example_dags/example_branch_labels.py for tasks to queue
[2025-04-02T17:05:03.653-0400] {logging_mixin.py:188} INFO - [2025-04-02T17:05:03.653-0400] {dagbag.py:540} INFO - Filling up the DagBag from /Users/prasenjeet.gadhe/Documents/05. Nokia_PoV/Parallel_Test/venv/lib/python3.9/site-packages/airflow/example_dags/example_branch_labels.py
[2025-04-02T17:05:03.658-0400] {processor.py:840} INFO - DAG(s) 'example_branch_labels' retrieved from /Users/prasenjeet.gadhe/Documents/05. Nokia_PoV/Parallel_Test/venv/lib/python3.9/site-packages/airflow/example_dags/example_branch_labels.py
[2025-04-02T17:05:03.713-0400] {logging_mixin.py:188} INFO - [2025-04-02T17:05:03.713-0400] {dag.py:3096} INFO - Sync 1 DAGs
[2025-04-02T17:05:03.718-0400] {logging_mixin.py:188} INFO - [2025-04-02T17:05:03.718-0400] {dag.py:3954} INFO - Setting next_dagrun for example_branch_labels to 2025-04-01 00:00:00+00:00, run_after=2025-04-02 00:00:00+00:00
[2025-04-02T17:05:03.724-0400] {processor.py:183} INFO - Processing /Users/prasenjeet.gadhe/Documents/05. Nokia_PoV/Parallel_Test/venv/lib/python3.9/site-packages/airflow/example_dags/example_branch_labels.py took 0.074 seconds
[2025-04-02T17:06:53.453-0400] {processor.py:161} INFO - Started process (PID=69941) to work on /Users/prasenjeet.gadhe/Documents/05. Nokia_PoV/Parallel_Test/venv/lib/python3.9/site-packages/airflow/example_dags/example_branch_labels.py
[2025-04-02T17:06:53.455-0400] {processor.py:830} INFO - Processing file /Users/prasenjeet.gadhe/Documents/05. Nokia_PoV/Parallel_Test/venv/lib/python3.9/site-packages/airflow/example_dags/example_branch_labels.py for tasks to queue
[2025-04-02T17:06:53.455-0400] {logging_mixin.py:188} INFO - [2025-04-02T17:06:53.455-0400] {dagbag.py:540} INFO - Filling up the DagBag from /Users/prasenjeet.gadhe/Documents/05. Nokia_PoV/Parallel_Test/venv/lib/python3.9/site-packages/airflow/example_dags/example_branch_labels.py
[2025-04-02T17:06:53.460-0400] {processor.py:840} INFO - DAG(s) 'example_branch_labels' retrieved from /Users/prasenjeet.gadhe/Documents/05. Nokia_PoV/Parallel_Test/venv/lib/python3.9/site-packages/airflow/example_dags/example_branch_labels.py
[2025-04-02T17:06:53.522-0400] {logging_mixin.py:188} INFO - [2025-04-02T17:06:53.522-0400] {dag.py:3096} INFO - Sync 1 DAGs
[2025-04-02T17:06:53.528-0400] {logging_mixin.py:188} INFO - [2025-04-02T17:06:53.528-0400] {dag.py:3954} INFO - Setting next_dagrun for example_branch_labels to 2025-04-01 00:00:00+00:00, run_after=2025-04-02 00:00:00+00:00
[2025-04-02T17:06:53.533-0400] {processor.py:183} INFO - Processing /Users/prasenjeet.gadhe/Documents/05. Nokia_PoV/Parallel_Test/venv/lib/python3.9/site-packages/airflow/example_dags/example_branch_labels.py took 0.082 seconds
[2025-04-02T17:08:46.960-0400] {processor.py:161} INFO - Started process (PID=83997) to work on /Users/prasenjeet.gadhe/Documents/05. Nokia_PoV/Parallel_Test/venv/lib/python3.9/site-packages/airflow/example_dags/example_branch_labels.py
[2025-04-02T17:08:46.961-0400] {processor.py:830} INFO - Processing file /Users/prasenjeet.gadhe/Documents/05. Nokia_PoV/Parallel_Test/venv/lib/python3.9/site-packages/airflow/example_dags/example_branch_labels.py for tasks to queue
[2025-04-02T17:08:46.962-0400] {logging_mixin.py:188} INFO - [2025-04-02T17:08:46.962-0400] {dagbag.py:540} INFO - Filling up the DagBag from /Users/prasenjeet.gadhe/Documents/05. Nokia_PoV/Parallel_Test/venv/lib/python3.9/site-packages/airflow/example_dags/example_branch_labels.py
[2025-04-02T17:08:46.966-0400] {processor.py:840} INFO - DAG(s) 'example_branch_labels' retrieved from /Users/prasenjeet.gadhe/Documents/05. Nokia_PoV/Parallel_Test/venv/lib/python3.9/site-packages/airflow/example_dags/example_branch_labels.py
[2025-04-02T17:08:47.029-0400] {logging_mixin.py:188} INFO - [2025-04-02T17:08:47.028-0400] {dag.py:3096} INFO - Sync 1 DAGs
[2025-04-02T17:08:47.035-0400] {logging_mixin.py:188} INFO - [2025-04-02T17:08:47.035-0400] {dag.py:3954} INFO - Setting next_dagrun for example_branch_labels to 2025-04-01 00:00:00+00:00, run_after=2025-04-02 00:00:00+00:00
[2025-04-02T17:08:47.042-0400] {processor.py:183} INFO - Processing /Users/prasenjeet.gadhe/Documents/05. Nokia_PoV/Parallel_Test/venv/lib/python3.9/site-packages/airflow/example_dags/example_branch_labels.py took 0.083 seconds
[2025-04-02T17:10:42.238-0400] {processor.py:161} INFO - Started process (PID=98196) to work on /Users/prasenjeet.gadhe/Documents/05. Nokia_PoV/Parallel_Test/venv/lib/python3.9/site-packages/airflow/example_dags/example_branch_labels.py
[2025-04-02T17:10:42.239-0400] {processor.py:830} INFO - Processing file /Users/prasenjeet.gadhe/Documents/05. Nokia_PoV/Parallel_Test/venv/lib/python3.9/site-packages/airflow/example_dags/example_branch_labels.py for tasks to queue
[2025-04-02T17:10:42.239-0400] {logging_mixin.py:188} INFO - [2025-04-02T17:10:42.239-0400] {dagbag.py:540} INFO - Filling up the DagBag from /Users/prasenjeet.gadhe/Documents/05. Nokia_PoV/Parallel_Test/venv/lib/python3.9/site-packages/airflow/example_dags/example_branch_labels.py
[2025-04-02T17:10:42.244-0400] {processor.py:840} INFO - DAG(s) 'example_branch_labels' retrieved from /Users/prasenjeet.gadhe/Documents/05. Nokia_PoV/Parallel_Test/venv/lib/python3.9/site-packages/airflow/example_dags/example_branch_labels.py
[2025-04-02T17:10:42.298-0400] {logging_mixin.py:188} INFO - [2025-04-02T17:10:42.298-0400] {dag.py:3096} INFO - Sync 1 DAGs
[2025-04-02T17:10:42.303-0400] {logging_mixin.py:188} INFO - [2025-04-02T17:10:42.303-0400] {dag.py:3954} INFO - Setting next_dagrun for example_branch_labels to 2025-04-01 00:00:00+00:00, run_after=2025-04-02 00:00:00+00:00
[2025-04-02T17:10:42.309-0400] {processor.py:183} INFO - Processing /Users/prasenjeet.gadhe/Documents/05. Nokia_PoV/Parallel_Test/venv/lib/python3.9/site-packages/airflow/example_dags/example_branch_labels.py took 0.072 seconds
[2025-04-02T17:12:36.048-0400] {processor.py:161} INFO - Started process (PID=12599) to work on /Users/prasenjeet.gadhe/Documents/05. Nokia_PoV/Parallel_Test/venv/lib/python3.9/site-packages/airflow/example_dags/example_branch_labels.py
[2025-04-02T17:12:36.049-0400] {processor.py:830} INFO - Processing file /Users/prasenjeet.gadhe/Documents/05. Nokia_PoV/Parallel_Test/venv/lib/python3.9/site-packages/airflow/example_dags/example_branch_labels.py for tasks to queue
[2025-04-02T17:12:36.049-0400] {logging_mixin.py:188} INFO - [2025-04-02T17:12:36.049-0400] {dagbag.py:540} INFO - Filling up the DagBag from /Users/prasenjeet.gadhe/Documents/05. Nokia_PoV/Parallel_Test/venv/lib/python3.9/site-packages/airflow/example_dags/example_branch_labels.py
[2025-04-02T17:12:36.053-0400] {processor.py:840} INFO - DAG(s) 'example_branch_labels' retrieved from /Users/prasenjeet.gadhe/Documents/05. Nokia_PoV/Parallel_Test/venv/lib/python3.9/site-packages/airflow/example_dags/example_branch_labels.py
[2025-04-02T17:12:36.107-0400] {logging_mixin.py:188} INFO - [2025-04-02T17:12:36.107-0400] {dag.py:3096} INFO - Sync 1 DAGs
[2025-04-02T17:12:36.113-0400] {logging_mixin.py:188} INFO - [2025-04-02T17:12:36.113-0400] {dag.py:3954} INFO - Setting next_dagrun for example_branch_labels to 2025-04-01 00:00:00+00:00, run_after=2025-04-02 00:00:00+00:00
[2025-04-02T17:12:36.119-0400] {processor.py:183} INFO - Processing /Users/prasenjeet.gadhe/Documents/05. Nokia_PoV/Parallel_Test/venv/lib/python3.9/site-packages/airflow/example_dags/example_branch_labels.py took 0.072 seconds
