[2025-04-02T16:40:25.283-0400] {processor.py:161} INFO - Started process (PID=73032) to work on /Users/prasenjeet.gadhe/Documents/05. Nokia_PoV/Parallel_Test/venv/lib/python3.9/site-packages/airflow/example_dags/example_branch_datetime_operator.py
[2025-04-02T16:40:25.284-0400] {processor.py:830} INFO - Processing file /Users/prasenjeet.gadhe/Documents/05. Nokia_PoV/Parallel_Test/venv/lib/python3.9/site-packages/airflow/example_dags/example_branch_datetime_operator.py for tasks to queue
[2025-04-02T16:40:25.284-0400] {logging_mixin.py:188} INFO - [2025-04-02T16:40:25.284-0400] {dagbag.py:540} INFO - Filling up the DagBag from /Users/prasenjeet.gadhe/Documents/05. Nokia_PoV/Parallel_Test/venv/lib/python3.9/site-packages/airflow/example_dags/example_branch_datetime_operator.py
[2025-04-02T16:40:25.292-0400] {processor.py:840} INFO - DAG(s) 'example_branch_datetime_operator_3', 'example_branch_datetime_operator', 'example_branch_datetime_operator_2' retrieved from /Users/prasenjeet.gadhe/Documents/05. Nokia_PoV/Parallel_Test/venv/lib/python3.9/site-packages/airflow/example_dags/example_branch_datetime_operator.py
[2025-04-02T16:40:25.382-0400] {logging_mixin.py:188} INFO - [2025-04-02T16:40:25.382-0400] {override.py:1829} INFO - Created Permission View: can read on DAG:example_branch_datetime_operator_3
[2025-04-02T16:40:25.385-0400] {logging_mixin.py:188} INFO - [2025-04-02T16:40:25.385-0400] {override.py:1829} INFO - Created Permission View: can delete on DAG:example_branch_datetime_operator_3
[2025-04-02T16:40:25.387-0400] {logging_mixin.py:188} INFO - [2025-04-02T16:40:25.387-0400] {override.py:1829} INFO - Created Permission View: can edit on DAG:example_branch_datetime_operator_3
[2025-04-02T16:40:25.390-0400] {logging_mixin.py:188} INFO - [2025-04-02T16:40:25.390-0400] {override.py:1829} INFO - Created Permission View: can read on DAG:example_branch_datetime_operator
[2025-04-02T16:40:25.392-0400] {logging_mixin.py:188} INFO - [2025-04-02T16:40:25.392-0400] {override.py:1829} INFO - Created Permission View: can delete on DAG:example_branch_datetime_operator
[2025-04-02T16:40:25.394-0400] {logging_mixin.py:188} INFO - [2025-04-02T16:40:25.394-0400] {override.py:1829} INFO - Created Permission View: can edit on DAG:example_branch_datetime_operator
[2025-04-02T16:40:25.400-0400] {logging_mixin.py:188} INFO - [2025-04-02T16:40:25.400-0400] {override.py:1829} INFO - Created Permission View: can read on DAG:example_branch_datetime_operator_2
[2025-04-02T16:40:25.402-0400] {logging_mixin.py:188} INFO - [2025-04-02T16:40:25.402-0400] {override.py:1829} INFO - Created Permission View: can delete on DAG:example_branch_datetime_operator_2
[2025-04-02T16:40:25.403-0400] {logging_mixin.py:188} INFO - [2025-04-02T16:40:25.403-0400] {override.py:1829} INFO - Created Permission View: can edit on DAG:example_branch_datetime_operator_2
[2025-04-02T16:40:25.404-0400] {logging_mixin.py:188} INFO - [2025-04-02T16:40:25.404-0400] {dag.py:3096} INFO - Sync 3 DAGs
[2025-04-02T16:40:25.408-0400] {logging_mixin.py:188} INFO - [2025-04-02T16:40:25.408-0400] {dag.py:3118} INFO - Creating ORM DAG for example_branch_datetime_operator_3
[2025-04-02T16:40:25.408-0400] {logging_mixin.py:188} INFO - [2025-04-02T16:40:25.408-0400] {dag.py:3118} INFO - Creating ORM DAG for example_branch_datetime_operator_2
[2025-04-02T16:40:25.408-0400] {logging_mixin.py:188} INFO - [2025-04-02T16:40:25.408-0400] {dag.py:3118} INFO - Creating ORM DAG for example_branch_datetime_operator
[2025-04-02T16:40:25.411-0400] {logging_mixin.py:188} INFO - [2025-04-02T16:40:25.411-0400] {dag.py:3954} INFO - Setting next_dagrun for example_branch_datetime_operator to 2025-04-01 00:00:00+00:00, run_after=2025-04-02 00:00:00+00:00
[2025-04-02T16:40:25.412-0400] {logging_mixin.py:188} INFO - [2025-04-02T16:40:25.412-0400] {dag.py:3954} INFO - Setting next_dagrun for example_branch_datetime_operator_2 to 2025-04-01 00:00:00+00:00, run_after=2025-04-02 00:00:00+00:00
[2025-04-02T16:40:25.412-0400] {logging_mixin.py:188} INFO - [2025-04-02T16:40:25.412-0400] {dag.py:3954} INFO - Setting next_dagrun for example_branch_datetime_operator_3 to 2025-04-01 00:00:00+00:00, run_after=2025-04-02 00:00:00+00:00
[2025-04-02T16:40:25.418-0400] {processor.py:183} INFO - Processing /Users/prasenjeet.gadhe/Documents/05. Nokia_PoV/Parallel_Test/venv/lib/python3.9/site-packages/airflow/example_dags/example_branch_datetime_operator.py took 0.136 seconds
[2025-04-02T16:42:20.832-0400] {processor.py:161} INFO - Started process (PID=87542) to work on /Users/prasenjeet.gadhe/Documents/05. Nokia_PoV/Parallel_Test/venv/lib/python3.9/site-packages/airflow/example_dags/example_branch_datetime_operator.py
[2025-04-02T16:42:20.834-0400] {processor.py:830} INFO - Processing file /Users/prasenjeet.gadhe/Documents/05. Nokia_PoV/Parallel_Test/venv/lib/python3.9/site-packages/airflow/example_dags/example_branch_datetime_operator.py for tasks to queue
[2025-04-02T16:42:20.834-0400] {logging_mixin.py:188} INFO - [2025-04-02T16:42:20.834-0400] {dagbag.py:540} INFO - Filling up the DagBag from /Users/prasenjeet.gadhe/Documents/05. Nokia_PoV/Parallel_Test/venv/lib/python3.9/site-packages/airflow/example_dags/example_branch_datetime_operator.py
[2025-04-02T16:42:20.840-0400] {processor.py:840} INFO - DAG(s) 'example_branch_datetime_operator', 'example_branch_datetime_operator_2', 'example_branch_datetime_operator_3' retrieved from /Users/prasenjeet.gadhe/Documents/05. Nokia_PoV/Parallel_Test/venv/lib/python3.9/site-packages/airflow/example_dags/example_branch_datetime_operator.py
[2025-04-02T16:42:20.894-0400] {logging_mixin.py:188} INFO - [2025-04-02T16:42:20.894-0400] {dag.py:3096} INFO - Sync 3 DAGs
[2025-04-02T16:42:20.900-0400] {logging_mixin.py:188} INFO - [2025-04-02T16:42:20.900-0400] {dag.py:3954} INFO - Setting next_dagrun for example_branch_datetime_operator to 2025-04-01 00:00:00+00:00, run_after=2025-04-02 00:00:00+00:00
[2025-04-02T16:42:20.901-0400] {logging_mixin.py:188} INFO - [2025-04-02T16:42:20.901-0400] {dag.py:3954} INFO - Setting next_dagrun for example_branch_datetime_operator_2 to 2025-04-01 00:00:00+00:00, run_after=2025-04-02 00:00:00+00:00
[2025-04-02T16:42:20.902-0400] {logging_mixin.py:188} INFO - [2025-04-02T16:42:20.902-0400] {dag.py:3954} INFO - Setting next_dagrun for example_branch_datetime_operator_3 to 2025-04-01 00:00:00+00:00, run_after=2025-04-02 00:00:00+00:00
[2025-04-02T16:42:20.909-0400] {processor.py:183} INFO - Processing /Users/prasenjeet.gadhe/Documents/05. Nokia_PoV/Parallel_Test/venv/lib/python3.9/site-packages/airflow/example_dags/example_branch_datetime_operator.py took 0.078 seconds
[2025-04-02T16:44:12.872-0400] {processor.py:161} INFO - Started process (PID=1658) to work on /Users/prasenjeet.gadhe/Documents/05. Nokia_PoV/Parallel_Test/venv/lib/python3.9/site-packages/airflow/example_dags/example_branch_datetime_operator.py
[2025-04-02T16:44:12.875-0400] {processor.py:830} INFO - Processing file /Users/prasenjeet.gadhe/Documents/05. Nokia_PoV/Parallel_Test/venv/lib/python3.9/site-packages/airflow/example_dags/example_branch_datetime_operator.py for tasks to queue
[2025-04-02T16:44:12.876-0400] {logging_mixin.py:188} INFO - [2025-04-02T16:44:12.876-0400] {dagbag.py:540} INFO - Filling up the DagBag from /Users/prasenjeet.gadhe/Documents/05. Nokia_PoV/Parallel_Test/venv/lib/python3.9/site-packages/airflow/example_dags/example_branch_datetime_operator.py
[2025-04-02T16:44:12.887-0400] {processor.py:840} INFO - DAG(s) 'example_branch_datetime_operator_2', 'example_branch_datetime_operator_3', 'example_branch_datetime_operator' retrieved from /Users/prasenjeet.gadhe/Documents/05. Nokia_PoV/Parallel_Test/venv/lib/python3.9/site-packages/airflow/example_dags/example_branch_datetime_operator.py
[2025-04-02T16:44:12.947-0400] {logging_mixin.py:188} INFO - [2025-04-02T16:44:12.947-0400] {dag.py:3096} INFO - Sync 3 DAGs
[2025-04-02T16:44:12.953-0400] {logging_mixin.py:188} INFO - [2025-04-02T16:44:12.953-0400] {dag.py:3954} INFO - Setting next_dagrun for example_branch_datetime_operator to 2025-04-01 00:00:00+00:00, run_after=2025-04-02 00:00:00+00:00
[2025-04-02T16:44:12.955-0400] {logging_mixin.py:188} INFO - [2025-04-02T16:44:12.955-0400] {dag.py:3954} INFO - Setting next_dagrun for example_branch_datetime_operator_2 to 2025-04-01 00:00:00+00:00, run_after=2025-04-02 00:00:00+00:00
[2025-04-02T16:44:12.955-0400] {logging_mixin.py:188} INFO - [2025-04-02T16:44:12.955-0400] {dag.py:3954} INFO - Setting next_dagrun for example_branch_datetime_operator_3 to 2025-04-01 00:00:00+00:00, run_after=2025-04-02 00:00:00+00:00
[2025-04-02T16:44:12.961-0400] {processor.py:183} INFO - Processing /Users/prasenjeet.gadhe/Documents/05. Nokia_PoV/Parallel_Test/venv/lib/python3.9/site-packages/airflow/example_dags/example_branch_datetime_operator.py took 0.090 seconds
[2025-04-02T16:46:47.329-0400] {processor.py:161} INFO - Started process (PID=20890) to work on /Users/prasenjeet.gadhe/Documents/05. Nokia_PoV/Parallel_Test/venv/lib/python3.9/site-packages/airflow/example_dags/example_branch_datetime_operator.py
[2025-04-02T16:46:47.331-0400] {processor.py:830} INFO - Processing file /Users/prasenjeet.gadhe/Documents/05. Nokia_PoV/Parallel_Test/venv/lib/python3.9/site-packages/airflow/example_dags/example_branch_datetime_operator.py for tasks to queue
[2025-04-02T16:46:47.331-0400] {logging_mixin.py:188} INFO - [2025-04-02T16:46:47.331-0400] {dagbag.py:540} INFO - Filling up the DagBag from /Users/prasenjeet.gadhe/Documents/05. Nokia_PoV/Parallel_Test/venv/lib/python3.9/site-packages/airflow/example_dags/example_branch_datetime_operator.py
[2025-04-02T16:46:47.337-0400] {processor.py:840} INFO - DAG(s) 'example_branch_datetime_operator_3', 'example_branch_datetime_operator', 'example_branch_datetime_operator_2' retrieved from /Users/prasenjeet.gadhe/Documents/05. Nokia_PoV/Parallel_Test/venv/lib/python3.9/site-packages/airflow/example_dags/example_branch_datetime_operator.py
[2025-04-02T16:46:47.400-0400] {logging_mixin.py:188} INFO - [2025-04-02T16:46:47.400-0400] {dag.py:3096} INFO - Sync 3 DAGs
[2025-04-02T16:46:47.407-0400] {logging_mixin.py:188} INFO - [2025-04-02T16:46:47.406-0400] {dag.py:3954} INFO - Setting next_dagrun for example_branch_datetime_operator to 2025-04-01 00:00:00+00:00, run_after=2025-04-02 00:00:00+00:00
[2025-04-02T16:46:47.408-0400] {logging_mixin.py:188} INFO - [2025-04-02T16:46:47.408-0400] {dag.py:3954} INFO - Setting next_dagrun for example_branch_datetime_operator_2 to 2025-04-01 00:00:00+00:00, run_after=2025-04-02 00:00:00+00:00
[2025-04-02T16:46:47.409-0400] {logging_mixin.py:188} INFO - [2025-04-02T16:46:47.409-0400] {dag.py:3954} INFO - Setting next_dagrun for example_branch_datetime_operator_3 to 2025-04-01 00:00:00+00:00, run_after=2025-04-02 00:00:00+00:00
[2025-04-02T16:46:47.415-0400] {processor.py:183} INFO - Processing /Users/prasenjeet.gadhe/Documents/05. Nokia_PoV/Parallel_Test/venv/lib/python3.9/site-packages/airflow/example_dags/example_branch_datetime_operator.py took 0.086 seconds
[2025-04-02T16:48:42.493-0400] {processor.py:161} INFO - Started process (PID=35216) to work on /Users/prasenjeet.gadhe/Documents/05. Nokia_PoV/Parallel_Test/venv/lib/python3.9/site-packages/airflow/example_dags/example_branch_datetime_operator.py
[2025-04-02T16:48:42.496-0400] {processor.py:830} INFO - Processing file /Users/prasenjeet.gadhe/Documents/05. Nokia_PoV/Parallel_Test/venv/lib/python3.9/site-packages/airflow/example_dags/example_branch_datetime_operator.py for tasks to queue
[2025-04-02T16:48:42.496-0400] {logging_mixin.py:188} INFO - [2025-04-02T16:48:42.496-0400] {dagbag.py:540} INFO - Filling up the DagBag from /Users/prasenjeet.gadhe/Documents/05. Nokia_PoV/Parallel_Test/venv/lib/python3.9/site-packages/airflow/example_dags/example_branch_datetime_operator.py
[2025-04-02T16:48:42.502-0400] {processor.py:840} INFO - DAG(s) 'example_branch_datetime_operator', 'example_branch_datetime_operator_3', 'example_branch_datetime_operator_2' retrieved from /Users/prasenjeet.gadhe/Documents/05. Nokia_PoV/Parallel_Test/venv/lib/python3.9/site-packages/airflow/example_dags/example_branch_datetime_operator.py
[2025-04-02T16:48:42.563-0400] {logging_mixin.py:188} INFO - [2025-04-02T16:48:42.562-0400] {dag.py:3096} INFO - Sync 3 DAGs
[2025-04-02T16:48:42.569-0400] {logging_mixin.py:188} INFO - [2025-04-02T16:48:42.569-0400] {dag.py:3954} INFO - Setting next_dagrun for example_branch_datetime_operator to 2025-04-01 00:00:00+00:00, run_after=2025-04-02 00:00:00+00:00
[2025-04-02T16:48:42.570-0400] {logging_mixin.py:188} INFO - [2025-04-02T16:48:42.570-0400] {dag.py:3954} INFO - Setting next_dagrun for example_branch_datetime_operator_2 to 2025-04-01 00:00:00+00:00, run_after=2025-04-02 00:00:00+00:00
[2025-04-02T16:48:42.571-0400] {logging_mixin.py:188} INFO - [2025-04-02T16:48:42.571-0400] {dag.py:3954} INFO - Setting next_dagrun for example_branch_datetime_operator_3 to 2025-04-01 00:00:00+00:00, run_after=2025-04-02 00:00:00+00:00
[2025-04-02T16:48:42.576-0400] {processor.py:183} INFO - Processing /Users/prasenjeet.gadhe/Documents/05. Nokia_PoV/Parallel_Test/venv/lib/python3.9/site-packages/airflow/example_dags/example_branch_datetime_operator.py took 0.084 seconds
[2025-04-02T16:51:58.412-0400] {processor.py:161} INFO - Started process (PID=59462) to work on /Users/prasenjeet.gadhe/Documents/05. Nokia_PoV/Parallel_Test/venv/lib/python3.9/site-packages/airflow/example_dags/example_branch_datetime_operator.py
[2025-04-02T16:51:58.414-0400] {processor.py:830} INFO - Processing file /Users/prasenjeet.gadhe/Documents/05. Nokia_PoV/Parallel_Test/venv/lib/python3.9/site-packages/airflow/example_dags/example_branch_datetime_operator.py for tasks to queue
[2025-04-02T16:51:58.415-0400] {logging_mixin.py:188} INFO - [2025-04-02T16:51:58.415-0400] {dagbag.py:540} INFO - Filling up the DagBag from /Users/prasenjeet.gadhe/Documents/05. Nokia_PoV/Parallel_Test/venv/lib/python3.9/site-packages/airflow/example_dags/example_branch_datetime_operator.py
[2025-04-02T16:51:58.421-0400] {processor.py:840} INFO - DAG(s) 'example_branch_datetime_operator', 'example_branch_datetime_operator_2', 'example_branch_datetime_operator_3' retrieved from /Users/prasenjeet.gadhe/Documents/05. Nokia_PoV/Parallel_Test/venv/lib/python3.9/site-packages/airflow/example_dags/example_branch_datetime_operator.py
[2025-04-02T16:51:58.485-0400] {logging_mixin.py:188} INFO - [2025-04-02T16:51:58.485-0400] {dag.py:3096} INFO - Sync 3 DAGs
[2025-04-02T16:51:58.491-0400] {logging_mixin.py:188} INFO - [2025-04-02T16:51:58.491-0400] {dag.py:3954} INFO - Setting next_dagrun for example_branch_datetime_operator to 2025-04-01 00:00:00+00:00, run_after=2025-04-02 00:00:00+00:00
[2025-04-02T16:51:58.493-0400] {logging_mixin.py:188} INFO - [2025-04-02T16:51:58.493-0400] {dag.py:3954} INFO - Setting next_dagrun for example_branch_datetime_operator_2 to 2025-04-01 00:00:00+00:00, run_after=2025-04-02 00:00:00+00:00
[2025-04-02T16:51:58.493-0400] {logging_mixin.py:188} INFO - [2025-04-02T16:51:58.493-0400] {dag.py:3954} INFO - Setting next_dagrun for example_branch_datetime_operator_3 to 2025-04-01 00:00:00+00:00, run_after=2025-04-02 00:00:00+00:00
[2025-04-02T16:51:58.499-0400] {processor.py:183} INFO - Processing /Users/prasenjeet.gadhe/Documents/05. Nokia_PoV/Parallel_Test/venv/lib/python3.9/site-packages/airflow/example_dags/example_branch_datetime_operator.py took 0.088 seconds
[2025-04-02T16:53:49.695-0400] {processor.py:161} INFO - Started process (PID=73090) to work on /Users/prasenjeet.gadhe/Documents/05. Nokia_PoV/Parallel_Test/venv/lib/python3.9/site-packages/airflow/example_dags/example_branch_datetime_operator.py
[2025-04-02T16:53:49.697-0400] {processor.py:830} INFO - Processing file /Users/prasenjeet.gadhe/Documents/05. Nokia_PoV/Parallel_Test/venv/lib/python3.9/site-packages/airflow/example_dags/example_branch_datetime_operator.py for tasks to queue
[2025-04-02T16:53:49.697-0400] {logging_mixin.py:188} INFO - [2025-04-02T16:53:49.697-0400] {dagbag.py:540} INFO - Filling up the DagBag from /Users/prasenjeet.gadhe/Documents/05. Nokia_PoV/Parallel_Test/venv/lib/python3.9/site-packages/airflow/example_dags/example_branch_datetime_operator.py
[2025-04-02T16:53:49.702-0400] {processor.py:840} INFO - DAG(s) 'example_branch_datetime_operator_2', 'example_branch_datetime_operator_3', 'example_branch_datetime_operator' retrieved from /Users/prasenjeet.gadhe/Documents/05. Nokia_PoV/Parallel_Test/venv/lib/python3.9/site-packages/airflow/example_dags/example_branch_datetime_operator.py
[2025-04-02T16:53:49.756-0400] {logging_mixin.py:188} INFO - [2025-04-02T16:53:49.756-0400] {dag.py:3096} INFO - Sync 3 DAGs
[2025-04-02T16:53:49.762-0400] {logging_mixin.py:188} INFO - [2025-04-02T16:53:49.762-0400] {dag.py:3954} INFO - Setting next_dagrun for example_branch_datetime_operator to 2025-04-01 00:00:00+00:00, run_after=2025-04-02 00:00:00+00:00
[2025-04-02T16:53:49.763-0400] {logging_mixin.py:188} INFO - [2025-04-02T16:53:49.763-0400] {dag.py:3954} INFO - Setting next_dagrun for example_branch_datetime_operator_2 to 2025-04-01 00:00:00+00:00, run_after=2025-04-02 00:00:00+00:00
[2025-04-02T16:53:49.764-0400] {logging_mixin.py:188} INFO - [2025-04-02T16:53:49.764-0400] {dag.py:3954} INFO - Setting next_dagrun for example_branch_datetime_operator_3 to 2025-04-01 00:00:00+00:00, run_after=2025-04-02 00:00:00+00:00
[2025-04-02T16:53:49.770-0400] {processor.py:183} INFO - Processing /Users/prasenjeet.gadhe/Documents/05. Nokia_PoV/Parallel_Test/venv/lib/python3.9/site-packages/airflow/example_dags/example_branch_datetime_operator.py took 0.075 seconds
[2025-04-02T16:55:43.996-0400] {processor.py:161} INFO - Started process (PID=87358) to work on /Users/prasenjeet.gadhe/Documents/05. Nokia_PoV/Parallel_Test/venv/lib/python3.9/site-packages/airflow/example_dags/example_branch_datetime_operator.py
[2025-04-02T16:55:43.997-0400] {processor.py:830} INFO - Processing file /Users/prasenjeet.gadhe/Documents/05. Nokia_PoV/Parallel_Test/venv/lib/python3.9/site-packages/airflow/example_dags/example_branch_datetime_operator.py for tasks to queue
[2025-04-02T16:55:43.998-0400] {logging_mixin.py:188} INFO - [2025-04-02T16:55:43.998-0400] {dagbag.py:540} INFO - Filling up the DagBag from /Users/prasenjeet.gadhe/Documents/05. Nokia_PoV/Parallel_Test/venv/lib/python3.9/site-packages/airflow/example_dags/example_branch_datetime_operator.py
[2025-04-02T16:55:44.004-0400] {processor.py:840} INFO - DAG(s) 'example_branch_datetime_operator', 'example_branch_datetime_operator_2', 'example_branch_datetime_operator_3' retrieved from /Users/prasenjeet.gadhe/Documents/05. Nokia_PoV/Parallel_Test/venv/lib/python3.9/site-packages/airflow/example_dags/example_branch_datetime_operator.py
[2025-04-02T16:55:44.074-0400] {logging_mixin.py:188} INFO - [2025-04-02T16:55:44.074-0400] {dag.py:3096} INFO - Sync 3 DAGs
[2025-04-02T16:55:44.081-0400] {logging_mixin.py:188} INFO - [2025-04-02T16:55:44.081-0400] {dag.py:3954} INFO - Setting next_dagrun for example_branch_datetime_operator to 2025-04-01 00:00:00+00:00, run_after=2025-04-02 00:00:00+00:00
[2025-04-02T16:55:44.082-0400] {logging_mixin.py:188} INFO - [2025-04-02T16:55:44.082-0400] {dag.py:3954} INFO - Setting next_dagrun for example_branch_datetime_operator_2 to 2025-04-01 00:00:00+00:00, run_after=2025-04-02 00:00:00+00:00
[2025-04-02T16:55:44.083-0400] {logging_mixin.py:188} INFO - [2025-04-02T16:55:44.083-0400] {dag.py:3954} INFO - Setting next_dagrun for example_branch_datetime_operator_3 to 2025-04-01 00:00:00+00:00, run_after=2025-04-02 00:00:00+00:00
[2025-04-02T16:55:44.089-0400] {processor.py:183} INFO - Processing /Users/prasenjeet.gadhe/Documents/05. Nokia_PoV/Parallel_Test/venv/lib/python3.9/site-packages/airflow/example_dags/example_branch_datetime_operator.py took 0.094 seconds
[2025-04-02T16:57:40.079-0400] {processor.py:161} INFO - Started process (PID=1993) to work on /Users/prasenjeet.gadhe/Documents/05. Nokia_PoV/Parallel_Test/venv/lib/python3.9/site-packages/airflow/example_dags/example_branch_datetime_operator.py
[2025-04-02T16:57:40.080-0400] {processor.py:830} INFO - Processing file /Users/prasenjeet.gadhe/Documents/05. Nokia_PoV/Parallel_Test/venv/lib/python3.9/site-packages/airflow/example_dags/example_branch_datetime_operator.py for tasks to queue
[2025-04-02T16:57:40.080-0400] {logging_mixin.py:188} INFO - [2025-04-02T16:57:40.080-0400] {dagbag.py:540} INFO - Filling up the DagBag from /Users/prasenjeet.gadhe/Documents/05. Nokia_PoV/Parallel_Test/venv/lib/python3.9/site-packages/airflow/example_dags/example_branch_datetime_operator.py
[2025-04-02T16:57:40.086-0400] {processor.py:840} INFO - DAG(s) 'example_branch_datetime_operator', 'example_branch_datetime_operator_2', 'example_branch_datetime_operator_3' retrieved from /Users/prasenjeet.gadhe/Documents/05. Nokia_PoV/Parallel_Test/venv/lib/python3.9/site-packages/airflow/example_dags/example_branch_datetime_operator.py
[2025-04-02T16:57:40.145-0400] {logging_mixin.py:188} INFO - [2025-04-02T16:57:40.145-0400] {dag.py:3096} INFO - Sync 3 DAGs
[2025-04-02T16:57:40.151-0400] {logging_mixin.py:188} INFO - [2025-04-02T16:57:40.151-0400] {dag.py:3954} INFO - Setting next_dagrun for example_branch_datetime_operator to 2025-04-01 00:00:00+00:00, run_after=2025-04-02 00:00:00+00:00
[2025-04-02T16:57:40.152-0400] {logging_mixin.py:188} INFO - [2025-04-02T16:57:40.152-0400] {dag.py:3954} INFO - Setting next_dagrun for example_branch_datetime_operator_2 to 2025-04-01 00:00:00+00:00, run_after=2025-04-02 00:00:00+00:00
[2025-04-02T16:57:40.153-0400] {logging_mixin.py:188} INFO - [2025-04-02T16:57:40.153-0400] {dag.py:3954} INFO - Setting next_dagrun for example_branch_datetime_operator_3 to 2025-04-01 00:00:00+00:00, run_after=2025-04-02 00:00:00+00:00
[2025-04-02T16:57:40.158-0400] {processor.py:183} INFO - Processing /Users/prasenjeet.gadhe/Documents/05. Nokia_PoV/Parallel_Test/venv/lib/python3.9/site-packages/airflow/example_dags/example_branch_datetime_operator.py took 0.081 seconds
[2025-04-02T16:59:29.449-0400] {processor.py:161} INFO - Started process (PID=15412) to work on /Users/prasenjeet.gadhe/Documents/05. Nokia_PoV/Parallel_Test/venv/lib/python3.9/site-packages/airflow/example_dags/example_branch_datetime_operator.py
[2025-04-02T16:59:29.451-0400] {processor.py:830} INFO - Processing file /Users/prasenjeet.gadhe/Documents/05. Nokia_PoV/Parallel_Test/venv/lib/python3.9/site-packages/airflow/example_dags/example_branch_datetime_operator.py for tasks to queue
[2025-04-02T16:59:29.451-0400] {logging_mixin.py:188} INFO - [2025-04-02T16:59:29.451-0400] {dagbag.py:540} INFO - Filling up the DagBag from /Users/prasenjeet.gadhe/Documents/05. Nokia_PoV/Parallel_Test/venv/lib/python3.9/site-packages/airflow/example_dags/example_branch_datetime_operator.py
[2025-04-02T16:59:29.457-0400] {processor.py:840} INFO - DAG(s) 'example_branch_datetime_operator_2', 'example_branch_datetime_operator_3', 'example_branch_datetime_operator' retrieved from /Users/prasenjeet.gadhe/Documents/05. Nokia_PoV/Parallel_Test/venv/lib/python3.9/site-packages/airflow/example_dags/example_branch_datetime_operator.py
[2025-04-02T16:59:29.513-0400] {logging_mixin.py:188} INFO - [2025-04-02T16:59:29.512-0400] {dag.py:3096} INFO - Sync 3 DAGs
[2025-04-02T16:59:29.519-0400] {logging_mixin.py:188} INFO - [2025-04-02T16:59:29.519-0400] {dag.py:3954} INFO - Setting next_dagrun for example_branch_datetime_operator to 2025-04-01 00:00:00+00:00, run_after=2025-04-02 00:00:00+00:00
[2025-04-02T16:59:29.520-0400] {logging_mixin.py:188} INFO - [2025-04-02T16:59:29.520-0400] {dag.py:3954} INFO - Setting next_dagrun for example_branch_datetime_operator_2 to 2025-04-01 00:00:00+00:00, run_after=2025-04-02 00:00:00+00:00
[2025-04-02T16:59:29.521-0400] {logging_mixin.py:188} INFO - [2025-04-02T16:59:29.521-0400] {dag.py:3954} INFO - Setting next_dagrun for example_branch_datetime_operator_3 to 2025-04-01 00:00:00+00:00, run_after=2025-04-02 00:00:00+00:00
[2025-04-02T16:59:29.526-0400] {processor.py:183} INFO - Processing /Users/prasenjeet.gadhe/Documents/05. Nokia_PoV/Parallel_Test/venv/lib/python3.9/site-packages/airflow/example_dags/example_branch_datetime_operator.py took 0.078 seconds
[2025-04-02T17:01:24.453-0400] {processor.py:161} INFO - Started process (PID=29545) to work on /Users/prasenjeet.gadhe/Documents/05. Nokia_PoV/Parallel_Test/venv/lib/python3.9/site-packages/airflow/example_dags/example_branch_datetime_operator.py
[2025-04-02T17:01:24.455-0400] {processor.py:830} INFO - Processing file /Users/prasenjeet.gadhe/Documents/05. Nokia_PoV/Parallel_Test/venv/lib/python3.9/site-packages/airflow/example_dags/example_branch_datetime_operator.py for tasks to queue
[2025-04-02T17:01:24.456-0400] {logging_mixin.py:188} INFO - [2025-04-02T17:01:24.456-0400] {dagbag.py:540} INFO - Filling up the DagBag from /Users/prasenjeet.gadhe/Documents/05. Nokia_PoV/Parallel_Test/venv/lib/python3.9/site-packages/airflow/example_dags/example_branch_datetime_operator.py
[2025-04-02T17:01:24.462-0400] {processor.py:840} INFO - DAG(s) 'example_branch_datetime_operator_2', 'example_branch_datetime_operator', 'example_branch_datetime_operator_3' retrieved from /Users/prasenjeet.gadhe/Documents/05. Nokia_PoV/Parallel_Test/venv/lib/python3.9/site-packages/airflow/example_dags/example_branch_datetime_operator.py
[2025-04-02T17:01:24.520-0400] {logging_mixin.py:188} INFO - [2025-04-02T17:01:24.520-0400] {dag.py:3096} INFO - Sync 3 DAGs
[2025-04-02T17:01:24.526-0400] {logging_mixin.py:188} INFO - [2025-04-02T17:01:24.526-0400] {dag.py:3954} INFO - Setting next_dagrun for example_branch_datetime_operator to 2025-04-01 00:00:00+00:00, run_after=2025-04-02 00:00:00+00:00
[2025-04-02T17:01:24.527-0400] {logging_mixin.py:188} INFO - [2025-04-02T17:01:24.527-0400] {dag.py:3954} INFO - Setting next_dagrun for example_branch_datetime_operator_2 to 2025-04-01 00:00:00+00:00, run_after=2025-04-02 00:00:00+00:00
[2025-04-02T17:01:24.528-0400] {logging_mixin.py:188} INFO - [2025-04-02T17:01:24.528-0400] {dag.py:3954} INFO - Setting next_dagrun for example_branch_datetime_operator_3 to 2025-04-01 00:00:00+00:00, run_after=2025-04-02 00:00:00+00:00
[2025-04-02T17:01:24.534-0400] {processor.py:183} INFO - Processing /Users/prasenjeet.gadhe/Documents/05. Nokia_PoV/Parallel_Test/venv/lib/python3.9/site-packages/airflow/example_dags/example_branch_datetime_operator.py took 0.082 seconds
[2025-04-02T17:03:16.396-0400] {processor.py:161} INFO - Started process (PID=43273) to work on /Users/prasenjeet.gadhe/Documents/05. Nokia_PoV/Parallel_Test/venv/lib/python3.9/site-packages/airflow/example_dags/example_branch_datetime_operator.py
[2025-04-02T17:03:16.399-0400] {processor.py:830} INFO - Processing file /Users/prasenjeet.gadhe/Documents/05. Nokia_PoV/Parallel_Test/venv/lib/python3.9/site-packages/airflow/example_dags/example_branch_datetime_operator.py for tasks to queue
[2025-04-02T17:03:16.399-0400] {logging_mixin.py:188} INFO - [2025-04-02T17:03:16.399-0400] {dagbag.py:540} INFO - Filling up the DagBag from /Users/prasenjeet.gadhe/Documents/05. Nokia_PoV/Parallel_Test/venv/lib/python3.9/site-packages/airflow/example_dags/example_branch_datetime_operator.py
[2025-04-02T17:03:16.406-0400] {processor.py:840} INFO - DAG(s) 'example_branch_datetime_operator_2', 'example_branch_datetime_operator_3', 'example_branch_datetime_operator' retrieved from /Users/prasenjeet.gadhe/Documents/05. Nokia_PoV/Parallel_Test/venv/lib/python3.9/site-packages/airflow/example_dags/example_branch_datetime_operator.py
[2025-04-02T17:03:16.477-0400] {logging_mixin.py:188} INFO - [2025-04-02T17:03:16.476-0400] {dag.py:3096} INFO - Sync 3 DAGs
[2025-04-02T17:03:16.483-0400] {logging_mixin.py:188} INFO - [2025-04-02T17:03:16.483-0400] {dag.py:3954} INFO - Setting next_dagrun for example_branch_datetime_operator to 2025-04-01 00:00:00+00:00, run_after=2025-04-02 00:00:00+00:00
[2025-04-02T17:03:16.485-0400] {logging_mixin.py:188} INFO - [2025-04-02T17:03:16.485-0400] {dag.py:3954} INFO - Setting next_dagrun for example_branch_datetime_operator_2 to 2025-04-01 00:00:00+00:00, run_after=2025-04-02 00:00:00+00:00
[2025-04-02T17:03:16.486-0400] {logging_mixin.py:188} INFO - [2025-04-02T17:03:16.486-0400] {dag.py:3954} INFO - Setting next_dagrun for example_branch_datetime_operator_3 to 2025-04-01 00:00:00+00:00, run_after=2025-04-02 00:00:00+00:00
[2025-04-02T17:03:16.492-0400] {processor.py:183} INFO - Processing /Users/prasenjeet.gadhe/Documents/05. Nokia_PoV/Parallel_Test/venv/lib/python3.9/site-packages/airflow/example_dags/example_branch_datetime_operator.py took 0.097 seconds
[2025-04-02T17:05:07.163-0400] {processor.py:161} INFO - Started process (PID=56876) to work on /Users/prasenjeet.gadhe/Documents/05. Nokia_PoV/Parallel_Test/venv/lib/python3.9/site-packages/airflow/example_dags/example_branch_datetime_operator.py
[2025-04-02T17:05:07.165-0400] {processor.py:830} INFO - Processing file /Users/prasenjeet.gadhe/Documents/05. Nokia_PoV/Parallel_Test/venv/lib/python3.9/site-packages/airflow/example_dags/example_branch_datetime_operator.py for tasks to queue
[2025-04-02T17:05:07.165-0400] {logging_mixin.py:188} INFO - [2025-04-02T17:05:07.165-0400] {dagbag.py:540} INFO - Filling up the DagBag from /Users/prasenjeet.gadhe/Documents/05. Nokia_PoV/Parallel_Test/venv/lib/python3.9/site-packages/airflow/example_dags/example_branch_datetime_operator.py
[2025-04-02T17:05:07.172-0400] {processor.py:840} INFO - DAG(s) 'example_branch_datetime_operator', 'example_branch_datetime_operator_2', 'example_branch_datetime_operator_3' retrieved from /Users/prasenjeet.gadhe/Documents/05. Nokia_PoV/Parallel_Test/venv/lib/python3.9/site-packages/airflow/example_dags/example_branch_datetime_operator.py
[2025-04-02T17:05:07.238-0400] {logging_mixin.py:188} INFO - [2025-04-02T17:05:07.238-0400] {dag.py:3096} INFO - Sync 3 DAGs
[2025-04-02T17:05:07.244-0400] {logging_mixin.py:188} INFO - [2025-04-02T17:05:07.244-0400] {dag.py:3954} INFO - Setting next_dagrun for example_branch_datetime_operator to 2025-04-01 00:00:00+00:00, run_after=2025-04-02 00:00:00+00:00
[2025-04-02T17:05:07.246-0400] {logging_mixin.py:188} INFO - [2025-04-02T17:05:07.246-0400] {dag.py:3954} INFO - Setting next_dagrun for example_branch_datetime_operator_2 to 2025-04-01 00:00:00+00:00, run_after=2025-04-02 00:00:00+00:00
[2025-04-02T17:05:07.247-0400] {logging_mixin.py:188} INFO - [2025-04-02T17:05:07.247-0400] {dag.py:3954} INFO - Setting next_dagrun for example_branch_datetime_operator_3 to 2025-04-01 00:00:00+00:00, run_after=2025-04-02 00:00:00+00:00
[2025-04-02T17:05:07.253-0400] {processor.py:183} INFO - Processing /Users/prasenjeet.gadhe/Documents/05. Nokia_PoV/Parallel_Test/venv/lib/python3.9/site-packages/airflow/example_dags/example_branch_datetime_operator.py took 0.091 seconds
[2025-04-02T17:06:56.852-0400] {processor.py:161} INFO - Started process (PID=70349) to work on /Users/prasenjeet.gadhe/Documents/05. Nokia_PoV/Parallel_Test/venv/lib/python3.9/site-packages/airflow/example_dags/example_branch_datetime_operator.py
[2025-04-02T17:06:56.854-0400] {processor.py:830} INFO - Processing file /Users/prasenjeet.gadhe/Documents/05. Nokia_PoV/Parallel_Test/venv/lib/python3.9/site-packages/airflow/example_dags/example_branch_datetime_operator.py for tasks to queue
[2025-04-02T17:06:56.855-0400] {logging_mixin.py:188} INFO - [2025-04-02T17:06:56.855-0400] {dagbag.py:540} INFO - Filling up the DagBag from /Users/prasenjeet.gadhe/Documents/05. Nokia_PoV/Parallel_Test/venv/lib/python3.9/site-packages/airflow/example_dags/example_branch_datetime_operator.py
[2025-04-02T17:06:56.860-0400] {processor.py:840} INFO - DAG(s) 'example_branch_datetime_operator', 'example_branch_datetime_operator_2', 'example_branch_datetime_operator_3' retrieved from /Users/prasenjeet.gadhe/Documents/05. Nokia_PoV/Parallel_Test/venv/lib/python3.9/site-packages/airflow/example_dags/example_branch_datetime_operator.py
[2025-04-02T17:06:56.919-0400] {logging_mixin.py:188} INFO - [2025-04-02T17:06:56.919-0400] {dag.py:3096} INFO - Sync 3 DAGs
[2025-04-02T17:06:56.925-0400] {logging_mixin.py:188} INFO - [2025-04-02T17:06:56.925-0400] {dag.py:3954} INFO - Setting next_dagrun for example_branch_datetime_operator to 2025-04-01 00:00:00+00:00, run_after=2025-04-02 00:00:00+00:00
[2025-04-02T17:06:56.927-0400] {logging_mixin.py:188} INFO - [2025-04-02T17:06:56.927-0400] {dag.py:3954} INFO - Setting next_dagrun for example_branch_datetime_operator_2 to 2025-04-01 00:00:00+00:00, run_after=2025-04-02 00:00:00+00:00
[2025-04-02T17:06:56.927-0400] {logging_mixin.py:188} INFO - [2025-04-02T17:06:56.927-0400] {dag.py:3954} INFO - Setting next_dagrun for example_branch_datetime_operator_3 to 2025-04-01 00:00:00+00:00, run_after=2025-04-02 00:00:00+00:00
[2025-04-02T17:06:56.934-0400] {processor.py:183} INFO - Processing /Users/prasenjeet.gadhe/Documents/05. Nokia_PoV/Parallel_Test/venv/lib/python3.9/site-packages/airflow/example_dags/example_branch_datetime_operator.py took 0.082 seconds
[2025-04-02T17:08:49.946-0400] {processor.py:161} INFO - Started process (PID=84381) to work on /Users/prasenjeet.gadhe/Documents/05. Nokia_PoV/Parallel_Test/venv/lib/python3.9/site-packages/airflow/example_dags/example_branch_datetime_operator.py
[2025-04-02T17:08:49.948-0400] {processor.py:830} INFO - Processing file /Users/prasenjeet.gadhe/Documents/05. Nokia_PoV/Parallel_Test/venv/lib/python3.9/site-packages/airflow/example_dags/example_branch_datetime_operator.py for tasks to queue
[2025-04-02T17:08:49.948-0400] {logging_mixin.py:188} INFO - [2025-04-02T17:08:49.948-0400] {dagbag.py:540} INFO - Filling up the DagBag from /Users/prasenjeet.gadhe/Documents/05. Nokia_PoV/Parallel_Test/venv/lib/python3.9/site-packages/airflow/example_dags/example_branch_datetime_operator.py
[2025-04-02T17:08:49.954-0400] {processor.py:840} INFO - DAG(s) 'example_branch_datetime_operator_2', 'example_branch_datetime_operator_3', 'example_branch_datetime_operator' retrieved from /Users/prasenjeet.gadhe/Documents/05. Nokia_PoV/Parallel_Test/venv/lib/python3.9/site-packages/airflow/example_dags/example_branch_datetime_operator.py
[2025-04-02T17:08:50.015-0400] {logging_mixin.py:188} INFO - [2025-04-02T17:08:50.015-0400] {dag.py:3096} INFO - Sync 3 DAGs
[2025-04-02T17:08:50.021-0400] {logging_mixin.py:188} INFO - [2025-04-02T17:08:50.021-0400] {dag.py:3954} INFO - Setting next_dagrun for example_branch_datetime_operator to 2025-04-01 00:00:00+00:00, run_after=2025-04-02 00:00:00+00:00
[2025-04-02T17:08:50.023-0400] {logging_mixin.py:188} INFO - [2025-04-02T17:08:50.023-0400] {dag.py:3954} INFO - Setting next_dagrun for example_branch_datetime_operator_2 to 2025-04-01 00:00:00+00:00, run_after=2025-04-02 00:00:00+00:00
[2025-04-02T17:08:50.024-0400] {logging_mixin.py:188} INFO - [2025-04-02T17:08:50.024-0400] {dag.py:3954} INFO - Setting next_dagrun for example_branch_datetime_operator_3 to 2025-04-01 00:00:00+00:00, run_after=2025-04-02 00:00:00+00:00
[2025-04-02T17:08:50.030-0400] {processor.py:183} INFO - Processing /Users/prasenjeet.gadhe/Documents/05. Nokia_PoV/Parallel_Test/venv/lib/python3.9/site-packages/airflow/example_dags/example_branch_datetime_operator.py took 0.084 seconds
[2025-04-02T17:10:45.820-0400] {processor.py:161} INFO - Started process (PID=98656) to work on /Users/prasenjeet.gadhe/Documents/05. Nokia_PoV/Parallel_Test/venv/lib/python3.9/site-packages/airflow/example_dags/example_branch_datetime_operator.py
[2025-04-02T17:10:45.822-0400] {processor.py:830} INFO - Processing file /Users/prasenjeet.gadhe/Documents/05. Nokia_PoV/Parallel_Test/venv/lib/python3.9/site-packages/airflow/example_dags/example_branch_datetime_operator.py for tasks to queue
[2025-04-02T17:10:45.822-0400] {logging_mixin.py:188} INFO - [2025-04-02T17:10:45.822-0400] {dagbag.py:540} INFO - Filling up the DagBag from /Users/prasenjeet.gadhe/Documents/05. Nokia_PoV/Parallel_Test/venv/lib/python3.9/site-packages/airflow/example_dags/example_branch_datetime_operator.py
[2025-04-02T17:10:45.829-0400] {processor.py:840} INFO - DAG(s) 'example_branch_datetime_operator_3', 'example_branch_datetime_operator', 'example_branch_datetime_operator_2' retrieved from /Users/prasenjeet.gadhe/Documents/05. Nokia_PoV/Parallel_Test/venv/lib/python3.9/site-packages/airflow/example_dags/example_branch_datetime_operator.py
[2025-04-02T17:10:45.884-0400] {logging_mixin.py:188} INFO - [2025-04-02T17:10:45.883-0400] {dag.py:3096} INFO - Sync 3 DAGs
[2025-04-02T17:10:45.890-0400] {logging_mixin.py:188} INFO - [2025-04-02T17:10:45.889-0400] {dag.py:3954} INFO - Setting next_dagrun for example_branch_datetime_operator to 2025-04-01 00:00:00+00:00, run_after=2025-04-02 00:00:00+00:00
[2025-04-02T17:10:45.891-0400] {logging_mixin.py:188} INFO - [2025-04-02T17:10:45.891-0400] {dag.py:3954} INFO - Setting next_dagrun for example_branch_datetime_operator_2 to 2025-04-01 00:00:00+00:00, run_after=2025-04-02 00:00:00+00:00
[2025-04-02T17:10:45.892-0400] {logging_mixin.py:188} INFO - [2025-04-02T17:10:45.892-0400] {dag.py:3954} INFO - Setting next_dagrun for example_branch_datetime_operator_3 to 2025-04-01 00:00:00+00:00, run_after=2025-04-02 00:00:00+00:00
[2025-04-02T17:10:45.897-0400] {processor.py:183} INFO - Processing /Users/prasenjeet.gadhe/Documents/05. Nokia_PoV/Parallel_Test/venv/lib/python3.9/site-packages/airflow/example_dags/example_branch_datetime_operator.py took 0.078 seconds
[2025-04-02T17:12:39.678-0400] {processor.py:161} INFO - Started process (PID=13153) to work on /Users/prasenjeet.gadhe/Documents/05. Nokia_PoV/Parallel_Test/venv/lib/python3.9/site-packages/airflow/example_dags/example_branch_datetime_operator.py
[2025-04-02T17:12:39.679-0400] {processor.py:830} INFO - Processing file /Users/prasenjeet.gadhe/Documents/05. Nokia_PoV/Parallel_Test/venv/lib/python3.9/site-packages/airflow/example_dags/example_branch_datetime_operator.py for tasks to queue
[2025-04-02T17:12:39.679-0400] {logging_mixin.py:188} INFO - [2025-04-02T17:12:39.679-0400] {dagbag.py:540} INFO - Filling up the DagBag from /Users/prasenjeet.gadhe/Documents/05. Nokia_PoV/Parallel_Test/venv/lib/python3.9/site-packages/airflow/example_dags/example_branch_datetime_operator.py
[2025-04-02T17:12:39.685-0400] {processor.py:840} INFO - DAG(s) 'example_branch_datetime_operator_2', 'example_branch_datetime_operator', 'example_branch_datetime_operator_3' retrieved from /Users/prasenjeet.gadhe/Documents/05. Nokia_PoV/Parallel_Test/venv/lib/python3.9/site-packages/airflow/example_dags/example_branch_datetime_operator.py
[2025-04-02T17:12:39.741-0400] {logging_mixin.py:188} INFO - [2025-04-02T17:12:39.740-0400] {dag.py:3096} INFO - Sync 3 DAGs
[2025-04-02T17:12:39.747-0400] {logging_mixin.py:188} INFO - [2025-04-02T17:12:39.747-0400] {dag.py:3954} INFO - Setting next_dagrun for example_branch_datetime_operator to 2025-04-01 00:00:00+00:00, run_after=2025-04-02 00:00:00+00:00
[2025-04-02T17:12:39.748-0400] {logging_mixin.py:188} INFO - [2025-04-02T17:12:39.748-0400] {dag.py:3954} INFO - Setting next_dagrun for example_branch_datetime_operator_2 to 2025-04-01 00:00:00+00:00, run_after=2025-04-02 00:00:00+00:00
[2025-04-02T17:12:39.749-0400] {logging_mixin.py:188} INFO - [2025-04-02T17:12:39.749-0400] {dag.py:3954} INFO - Setting next_dagrun for example_branch_datetime_operator_3 to 2025-04-01 00:00:00+00:00, run_after=2025-04-02 00:00:00+00:00
[2025-04-02T17:12:39.754-0400] {processor.py:183} INFO - Processing /Users/prasenjeet.gadhe/Documents/05. Nokia_PoV/Parallel_Test/venv/lib/python3.9/site-packages/airflow/example_dags/example_branch_datetime_operator.py took 0.077 seconds
