[2025-04-02T16:39:52.505-0400] {processor.py:161} INFO - Started process (PID=69019) to work on /Users/prasenjeet.gadhe/Documents/05. Nokia_PoV/Parallel_Test/venv/lib/python3.9/site-packages/airflow/example_dags/example_params_ui_tutorial.py
[2025-04-02T16:39:52.506-0400] {processor.py:830} INFO - Processing file /Users/prasenjeet.gadhe/Documents/05. Nokia_PoV/Parallel_Test/venv/lib/python3.9/site-packages/airflow/example_dags/example_params_ui_tutorial.py for tasks to queue
[2025-04-02T16:39:52.506-0400] {logging_mixin.py:188} INFO - [2025-04-02T16:39:52.506-0400] {dagbag.py:540} INFO - Filling up the DagBag from /Users/prasenjeet.gadhe/Documents/05. Nokia_PoV/Parallel_Test/venv/lib/python3.9/site-packages/airflow/example_dags/example_params_ui_tutorial.py
[2025-04-02T16:39:52.526-0400] {processor.py:840} INFO - DAG(s) 'example_params_ui_tutorial' retrieved from /Users/prasenjeet.gadhe/Documents/05. Nokia_PoV/Parallel_Test/venv/lib/python3.9/site-packages/airflow/example_dags/example_params_ui_tutorial.py
[2025-04-02T16:39:52.627-0400] {logging_mixin.py:188} INFO - [2025-04-02T16:39:52.627-0400] {override.py:1829} INFO - Created Permission View: can edit on DAG:example_params_ui_tutorial
[2025-04-02T16:39:52.630-0400] {logging_mixin.py:188} INFO - [2025-04-02T16:39:52.630-0400] {override.py:1829} INFO - Created Permission View: can read on DAG:example_params_ui_tutorial
[2025-04-02T16:39:52.632-0400] {logging_mixin.py:188} INFO - [2025-04-02T16:39:52.632-0400] {override.py:1829} INFO - Created Permission View: can delete on DAG:example_params_ui_tutorial
[2025-04-02T16:39:52.632-0400] {logging_mixin.py:188} INFO - [2025-04-02T16:39:52.632-0400] {dag.py:3096} INFO - Sync 1 DAGs
[2025-04-02T16:39:52.635-0400] {logging_mixin.py:188} INFO - [2025-04-02T16:39:52.635-0400] {dag.py:3118} INFO - Creating ORM DAG for example_params_ui_tutorial
[2025-04-02T16:39:52.635-0400] {logging_mixin.py:188} INFO - [2025-04-02T16:39:52.635-0400] {dag.py:3954} INFO - Setting next_dagrun for example_params_ui_tutorial to None, run_after=None
[2025-04-02T16:39:52.641-0400] {processor.py:183} INFO - Processing /Users/prasenjeet.gadhe/Documents/05. Nokia_PoV/Parallel_Test/venv/lib/python3.9/site-packages/airflow/example_dags/example_params_ui_tutorial.py took 0.137 seconds
[2025-04-02T16:41:19.696-0400] {processor.py:161} INFO - Started process (PID=79993) to work on /Users/prasenjeet.gadhe/Documents/05. Nokia_PoV/Parallel_Test/venv/lib/python3.9/site-packages/airflow/example_dags/example_params_ui_tutorial.py
[2025-04-02T16:41:19.698-0400] {processor.py:830} INFO - Processing file /Users/prasenjeet.gadhe/Documents/05. Nokia_PoV/Parallel_Test/venv/lib/python3.9/site-packages/airflow/example_dags/example_params_ui_tutorial.py for tasks to queue
[2025-04-02T16:41:19.698-0400] {logging_mixin.py:188} INFO - [2025-04-02T16:41:19.698-0400] {dagbag.py:540} INFO - Filling up the DagBag from /Users/prasenjeet.gadhe/Documents/05. Nokia_PoV/Parallel_Test/venv/lib/python3.9/site-packages/airflow/example_dags/example_params_ui_tutorial.py
[2025-04-02T16:41:19.713-0400] {processor.py:840} INFO - DAG(s) 'example_params_ui_tutorial' retrieved from /Users/prasenjeet.gadhe/Documents/05. Nokia_PoV/Parallel_Test/venv/lib/python3.9/site-packages/airflow/example_dags/example_params_ui_tutorial.py
[2025-04-02T16:41:19.777-0400] {logging_mixin.py:188} INFO - [2025-04-02T16:41:19.777-0400] {dag.py:3096} INFO - Sync 1 DAGs
[2025-04-02T16:41:19.781-0400] {logging_mixin.py:188} INFO - [2025-04-02T16:41:19.781-0400] {dag.py:3954} INFO - Setting next_dagrun for example_params_ui_tutorial to None, run_after=None
[2025-04-02T16:41:19.787-0400] {processor.py:183} INFO - Processing /Users/prasenjeet.gadhe/Documents/05. Nokia_PoV/Parallel_Test/venv/lib/python3.9/site-packages/airflow/example_dags/example_params_ui_tutorial.py took 0.092 seconds
[2025-04-02T16:43:15.291-0400] {processor.py:161} INFO - Started process (PID=94298) to work on /Users/prasenjeet.gadhe/Documents/05. Nokia_PoV/Parallel_Test/venv/lib/python3.9/site-packages/airflow/example_dags/example_params_ui_tutorial.py
[2025-04-02T16:43:15.292-0400] {processor.py:830} INFO - Processing file /Users/prasenjeet.gadhe/Documents/05. Nokia_PoV/Parallel_Test/venv/lib/python3.9/site-packages/airflow/example_dags/example_params_ui_tutorial.py for tasks to queue
[2025-04-02T16:43:15.293-0400] {logging_mixin.py:188} INFO - [2025-04-02T16:43:15.293-0400] {dagbag.py:540} INFO - Filling up the DagBag from /Users/prasenjeet.gadhe/Documents/05. Nokia_PoV/Parallel_Test/venv/lib/python3.9/site-packages/airflow/example_dags/example_params_ui_tutorial.py
[2025-04-02T16:43:15.308-0400] {processor.py:840} INFO - DAG(s) 'example_params_ui_tutorial' retrieved from /Users/prasenjeet.gadhe/Documents/05. Nokia_PoV/Parallel_Test/venv/lib/python3.9/site-packages/airflow/example_dags/example_params_ui_tutorial.py
[2025-04-02T16:43:15.375-0400] {logging_mixin.py:188} INFO - [2025-04-02T16:43:15.375-0400] {dag.py:3096} INFO - Sync 1 DAGs
[2025-04-02T16:43:15.378-0400] {logging_mixin.py:188} INFO - [2025-04-02T16:43:15.378-0400] {dag.py:3954} INFO - Setting next_dagrun for example_params_ui_tutorial to None, run_after=None
[2025-04-02T16:43:15.384-0400] {processor.py:183} INFO - Processing /Users/prasenjeet.gadhe/Documents/05. Nokia_PoV/Parallel_Test/venv/lib/python3.9/site-packages/airflow/example_dags/example_params_ui_tutorial.py took 0.095 seconds
[2025-04-02T16:46:14.884-0400] {processor.py:161} INFO - Started process (PID=16842) to work on /Users/prasenjeet.gadhe/Documents/05. Nokia_PoV/Parallel_Test/venv/lib/python3.9/site-packages/airflow/example_dags/example_params_ui_tutorial.py
[2025-04-02T16:46:14.886-0400] {processor.py:830} INFO - Processing file /Users/prasenjeet.gadhe/Documents/05. Nokia_PoV/Parallel_Test/venv/lib/python3.9/site-packages/airflow/example_dags/example_params_ui_tutorial.py for tasks to queue
[2025-04-02T16:46:14.886-0400] {logging_mixin.py:188} INFO - [2025-04-02T16:46:14.886-0400] {dagbag.py:540} INFO - Filling up the DagBag from /Users/prasenjeet.gadhe/Documents/05. Nokia_PoV/Parallel_Test/venv/lib/python3.9/site-packages/airflow/example_dags/example_params_ui_tutorial.py
[2025-04-02T16:46:14.902-0400] {processor.py:840} INFO - DAG(s) 'example_params_ui_tutorial' retrieved from /Users/prasenjeet.gadhe/Documents/05. Nokia_PoV/Parallel_Test/venv/lib/python3.9/site-packages/airflow/example_dags/example_params_ui_tutorial.py
[2025-04-02T16:46:14.965-0400] {logging_mixin.py:188} INFO - [2025-04-02T16:46:14.965-0400] {dag.py:3096} INFO - Sync 1 DAGs
[2025-04-02T16:46:14.969-0400] {logging_mixin.py:188} INFO - [2025-04-02T16:46:14.969-0400] {dag.py:3954} INFO - Setting next_dagrun for example_params_ui_tutorial to None, run_after=None
[2025-04-02T16:46:14.975-0400] {processor.py:183} INFO - Processing /Users/prasenjeet.gadhe/Documents/05. Nokia_PoV/Parallel_Test/venv/lib/python3.9/site-packages/airflow/example_dags/example_params_ui_tutorial.py took 0.092 seconds
[2025-04-02T16:47:43.037-0400] {processor.py:161} INFO - Started process (PID=27810) to work on /Users/prasenjeet.gadhe/Documents/05. Nokia_PoV/Parallel_Test/venv/lib/python3.9/site-packages/airflow/example_dags/example_params_ui_tutorial.py
[2025-04-02T16:47:43.038-0400] {processor.py:830} INFO - Processing file /Users/prasenjeet.gadhe/Documents/05. Nokia_PoV/Parallel_Test/venv/lib/python3.9/site-packages/airflow/example_dags/example_params_ui_tutorial.py for tasks to queue
[2025-04-02T16:47:43.039-0400] {logging_mixin.py:188} INFO - [2025-04-02T16:47:43.039-0400] {dagbag.py:540} INFO - Filling up the DagBag from /Users/prasenjeet.gadhe/Documents/05. Nokia_PoV/Parallel_Test/venv/lib/python3.9/site-packages/airflow/example_dags/example_params_ui_tutorial.py
[2025-04-02T16:47:43.055-0400] {processor.py:840} INFO - DAG(s) 'example_params_ui_tutorial' retrieved from /Users/prasenjeet.gadhe/Documents/05. Nokia_PoV/Parallel_Test/venv/lib/python3.9/site-packages/airflow/example_dags/example_params_ui_tutorial.py
[2025-04-02T16:47:43.121-0400] {logging_mixin.py:188} INFO - [2025-04-02T16:47:43.121-0400] {dag.py:3096} INFO - Sync 1 DAGs
[2025-04-02T16:47:43.124-0400] {logging_mixin.py:188} INFO - [2025-04-02T16:47:43.124-0400] {dag.py:3954} INFO - Setting next_dagrun for example_params_ui_tutorial to None, run_after=None
[2025-04-02T16:47:43.130-0400] {processor.py:183} INFO - Processing /Users/prasenjeet.gadhe/Documents/05. Nokia_PoV/Parallel_Test/venv/lib/python3.9/site-packages/airflow/example_dags/example_params_ui_tutorial.py took 0.094 seconds
[2025-04-02T16:49:34.846-0400] {processor.py:161} INFO - Started process (PID=41617) to work on /Users/prasenjeet.gadhe/Documents/05. Nokia_PoV/Parallel_Test/venv/lib/python3.9/site-packages/airflow/example_dags/example_params_ui_tutorial.py
[2025-04-02T16:49:34.847-0400] {processor.py:830} INFO - Processing file /Users/prasenjeet.gadhe/Documents/05. Nokia_PoV/Parallel_Test/venv/lib/python3.9/site-packages/airflow/example_dags/example_params_ui_tutorial.py for tasks to queue
[2025-04-02T16:49:34.847-0400] {logging_mixin.py:188} INFO - [2025-04-02T16:49:34.847-0400] {dagbag.py:540} INFO - Filling up the DagBag from /Users/prasenjeet.gadhe/Documents/05. Nokia_PoV/Parallel_Test/venv/lib/python3.9/site-packages/airflow/example_dags/example_params_ui_tutorial.py
[2025-04-02T16:49:34.864-0400] {processor.py:840} INFO - DAG(s) 'example_params_ui_tutorial' retrieved from /Users/prasenjeet.gadhe/Documents/05. Nokia_PoV/Parallel_Test/venv/lib/python3.9/site-packages/airflow/example_dags/example_params_ui_tutorial.py
[2025-04-02T16:49:34.930-0400] {logging_mixin.py:188} INFO - [2025-04-02T16:49:34.930-0400] {dag.py:3096} INFO - Sync 1 DAGs
[2025-04-02T16:49:34.934-0400] {logging_mixin.py:188} INFO - [2025-04-02T16:49:34.934-0400] {dag.py:3954} INFO - Setting next_dagrun for example_params_ui_tutorial to None, run_after=None
[2025-04-02T16:49:34.940-0400] {processor.py:183} INFO - Processing /Users/prasenjeet.gadhe/Documents/05. Nokia_PoV/Parallel_Test/venv/lib/python3.9/site-packages/airflow/example_dags/example_params_ui_tutorial.py took 0.095 seconds
[2025-04-02T16:51:25.732-0400] {processor.py:161} INFO - Started process (PID=55375) to work on /Users/prasenjeet.gadhe/Documents/05. Nokia_PoV/Parallel_Test/venv/lib/python3.9/site-packages/airflow/example_dags/example_params_ui_tutorial.py
[2025-04-02T16:51:25.733-0400] {processor.py:830} INFO - Processing file /Users/prasenjeet.gadhe/Documents/05. Nokia_PoV/Parallel_Test/venv/lib/python3.9/site-packages/airflow/example_dags/example_params_ui_tutorial.py for tasks to queue
[2025-04-02T16:51:25.734-0400] {logging_mixin.py:188} INFO - [2025-04-02T16:51:25.734-0400] {dagbag.py:540} INFO - Filling up the DagBag from /Users/prasenjeet.gadhe/Documents/05. Nokia_PoV/Parallel_Test/venv/lib/python3.9/site-packages/airflow/example_dags/example_params_ui_tutorial.py
[2025-04-02T16:51:25.749-0400] {processor.py:840} INFO - DAG(s) 'example_params_ui_tutorial' retrieved from /Users/prasenjeet.gadhe/Documents/05. Nokia_PoV/Parallel_Test/venv/lib/python3.9/site-packages/airflow/example_dags/example_params_ui_tutorial.py
[2025-04-02T16:51:25.815-0400] {logging_mixin.py:188} INFO - [2025-04-02T16:51:25.815-0400] {dag.py:3096} INFO - Sync 1 DAGs
[2025-04-02T16:51:25.819-0400] {logging_mixin.py:188} INFO - [2025-04-02T16:51:25.819-0400] {dag.py:3954} INFO - Setting next_dagrun for example_params_ui_tutorial to None, run_after=None
[2025-04-02T16:51:25.825-0400] {processor.py:183} INFO - Processing /Users/prasenjeet.gadhe/Documents/05. Nokia_PoV/Parallel_Test/venv/lib/python3.9/site-packages/airflow/example_dags/example_params_ui_tutorial.py took 0.094 seconds
[2025-04-02T16:52:52.641-0400] {processor.py:161} INFO - Started process (PID=66118) to work on /Users/prasenjeet.gadhe/Documents/05. Nokia_PoV/Parallel_Test/venv/lib/python3.9/site-packages/airflow/example_dags/example_params_ui_tutorial.py
[2025-04-02T16:52:52.642-0400] {processor.py:830} INFO - Processing file /Users/prasenjeet.gadhe/Documents/05. Nokia_PoV/Parallel_Test/venv/lib/python3.9/site-packages/airflow/example_dags/example_params_ui_tutorial.py for tasks to queue
[2025-04-02T16:52:52.643-0400] {logging_mixin.py:188} INFO - [2025-04-02T16:52:52.643-0400] {dagbag.py:540} INFO - Filling up the DagBag from /Users/prasenjeet.gadhe/Documents/05. Nokia_PoV/Parallel_Test/venv/lib/python3.9/site-packages/airflow/example_dags/example_params_ui_tutorial.py
[2025-04-02T16:52:52.659-0400] {processor.py:840} INFO - DAG(s) 'example_params_ui_tutorial' retrieved from /Users/prasenjeet.gadhe/Documents/05. Nokia_PoV/Parallel_Test/venv/lib/python3.9/site-packages/airflow/example_dags/example_params_ui_tutorial.py
[2025-04-02T16:52:52.723-0400] {logging_mixin.py:188} INFO - [2025-04-02T16:52:52.722-0400] {dag.py:3096} INFO - Sync 1 DAGs
[2025-04-02T16:52:52.726-0400] {logging_mixin.py:188} INFO - [2025-04-02T16:52:52.726-0400] {dag.py:3954} INFO - Setting next_dagrun for example_params_ui_tutorial to None, run_after=None
[2025-04-02T16:52:52.732-0400] {processor.py:183} INFO - Processing /Users/prasenjeet.gadhe/Documents/05. Nokia_PoV/Parallel_Test/venv/lib/python3.9/site-packages/airflow/example_dags/example_params_ui_tutorial.py took 0.093 seconds
[2025-04-02T16:54:42.936-0400] {processor.py:161} INFO - Started process (PID=79732) to work on /Users/prasenjeet.gadhe/Documents/05. Nokia_PoV/Parallel_Test/venv/lib/python3.9/site-packages/airflow/example_dags/example_params_ui_tutorial.py
[2025-04-02T16:54:42.938-0400] {processor.py:830} INFO - Processing file /Users/prasenjeet.gadhe/Documents/05. Nokia_PoV/Parallel_Test/venv/lib/python3.9/site-packages/airflow/example_dags/example_params_ui_tutorial.py for tasks to queue
[2025-04-02T16:54:42.938-0400] {logging_mixin.py:188} INFO - [2025-04-02T16:54:42.938-0400] {dagbag.py:540} INFO - Filling up the DagBag from /Users/prasenjeet.gadhe/Documents/05. Nokia_PoV/Parallel_Test/venv/lib/python3.9/site-packages/airflow/example_dags/example_params_ui_tutorial.py
[2025-04-02T16:54:42.953-0400] {processor.py:840} INFO - DAG(s) 'example_params_ui_tutorial' retrieved from /Users/prasenjeet.gadhe/Documents/05. Nokia_PoV/Parallel_Test/venv/lib/python3.9/site-packages/airflow/example_dags/example_params_ui_tutorial.py
[2025-04-02T16:54:43.017-0400] {logging_mixin.py:188} INFO - [2025-04-02T16:54:43.017-0400] {dag.py:3096} INFO - Sync 1 DAGs
[2025-04-02T16:54:43.020-0400] {logging_mixin.py:188} INFO - [2025-04-02T16:54:43.020-0400] {dag.py:3954} INFO - Setting next_dagrun for example_params_ui_tutorial to None, run_after=None
[2025-04-02T16:54:43.026-0400] {processor.py:183} INFO - Processing /Users/prasenjeet.gadhe/Documents/05. Nokia_PoV/Parallel_Test/venv/lib/python3.9/site-packages/airflow/example_dags/example_params_ui_tutorial.py took 0.091 seconds
[2025-04-02T16:56:38.934-0400] {processor.py:161} INFO - Started process (PID=94185) to work on /Users/prasenjeet.gadhe/Documents/05. Nokia_PoV/Parallel_Test/venv/lib/python3.9/site-packages/airflow/example_dags/example_params_ui_tutorial.py
[2025-04-02T16:56:38.936-0400] {processor.py:830} INFO - Processing file /Users/prasenjeet.gadhe/Documents/05. Nokia_PoV/Parallel_Test/venv/lib/python3.9/site-packages/airflow/example_dags/example_params_ui_tutorial.py for tasks to queue
[2025-04-02T16:56:38.936-0400] {logging_mixin.py:188} INFO - [2025-04-02T16:56:38.936-0400] {dagbag.py:540} INFO - Filling up the DagBag from /Users/prasenjeet.gadhe/Documents/05. Nokia_PoV/Parallel_Test/venv/lib/python3.9/site-packages/airflow/example_dags/example_params_ui_tutorial.py
[2025-04-02T16:56:38.952-0400] {processor.py:840} INFO - DAG(s) 'example_params_ui_tutorial' retrieved from /Users/prasenjeet.gadhe/Documents/05. Nokia_PoV/Parallel_Test/venv/lib/python3.9/site-packages/airflow/example_dags/example_params_ui_tutorial.py
[2025-04-02T16:56:39.023-0400] {logging_mixin.py:188} INFO - [2025-04-02T16:56:39.023-0400] {dag.py:3096} INFO - Sync 1 DAGs
[2025-04-02T16:56:39.027-0400] {logging_mixin.py:188} INFO - [2025-04-02T16:56:39.027-0400] {dag.py:3954} INFO - Setting next_dagrun for example_params_ui_tutorial to None, run_after=None
[2025-04-02T16:56:39.034-0400] {processor.py:183} INFO - Processing /Users/prasenjeet.gadhe/Documents/05. Nokia_PoV/Parallel_Test/venv/lib/python3.9/site-packages/airflow/example_dags/example_params_ui_tutorial.py took 0.100 seconds
[2025-04-02T16:58:32.884-0400] {processor.py:161} INFO - Started process (PID=8520) to work on /Users/prasenjeet.gadhe/Documents/05. Nokia_PoV/Parallel_Test/venv/lib/python3.9/site-packages/airflow/example_dags/example_params_ui_tutorial.py
[2025-04-02T16:58:32.886-0400] {processor.py:830} INFO - Processing file /Users/prasenjeet.gadhe/Documents/05. Nokia_PoV/Parallel_Test/venv/lib/python3.9/site-packages/airflow/example_dags/example_params_ui_tutorial.py for tasks to queue
[2025-04-02T16:58:32.886-0400] {logging_mixin.py:188} INFO - [2025-04-02T16:58:32.886-0400] {dagbag.py:540} INFO - Filling up the DagBag from /Users/prasenjeet.gadhe/Documents/05. Nokia_PoV/Parallel_Test/venv/lib/python3.9/site-packages/airflow/example_dags/example_params_ui_tutorial.py
[2025-04-02T16:58:32.902-0400] {processor.py:840} INFO - DAG(s) 'example_params_ui_tutorial' retrieved from /Users/prasenjeet.gadhe/Documents/05. Nokia_PoV/Parallel_Test/venv/lib/python3.9/site-packages/airflow/example_dags/example_params_ui_tutorial.py
[2025-04-02T16:58:32.966-0400] {logging_mixin.py:188} INFO - [2025-04-02T16:58:32.965-0400] {dag.py:3096} INFO - Sync 1 DAGs
[2025-04-02T16:58:32.969-0400] {logging_mixin.py:188} INFO - [2025-04-02T16:58:32.969-0400] {dag.py:3954} INFO - Setting next_dagrun for example_params_ui_tutorial to None, run_after=None
[2025-04-02T16:58:32.975-0400] {processor.py:183} INFO - Processing /Users/prasenjeet.gadhe/Documents/05. Nokia_PoV/Parallel_Test/venv/lib/python3.9/site-packages/airflow/example_dags/example_params_ui_tutorial.py took 0.092 seconds
[2025-04-02T17:00:24.029-0400] {processor.py:161} INFO - Started process (PID=22156) to work on /Users/prasenjeet.gadhe/Documents/05. Nokia_PoV/Parallel_Test/venv/lib/python3.9/site-packages/airflow/example_dags/example_params_ui_tutorial.py
[2025-04-02T17:00:24.031-0400] {processor.py:830} INFO - Processing file /Users/prasenjeet.gadhe/Documents/05. Nokia_PoV/Parallel_Test/venv/lib/python3.9/site-packages/airflow/example_dags/example_params_ui_tutorial.py for tasks to queue
[2025-04-02T17:00:24.031-0400] {logging_mixin.py:188} INFO - [2025-04-02T17:00:24.031-0400] {dagbag.py:540} INFO - Filling up the DagBag from /Users/prasenjeet.gadhe/Documents/05. Nokia_PoV/Parallel_Test/venv/lib/python3.9/site-packages/airflow/example_dags/example_params_ui_tutorial.py
[2025-04-02T17:00:24.048-0400] {processor.py:840} INFO - DAG(s) 'example_params_ui_tutorial' retrieved from /Users/prasenjeet.gadhe/Documents/05. Nokia_PoV/Parallel_Test/venv/lib/python3.9/site-packages/airflow/example_dags/example_params_ui_tutorial.py
[2025-04-02T17:00:24.113-0400] {logging_mixin.py:188} INFO - [2025-04-02T17:00:24.113-0400] {dag.py:3096} INFO - Sync 1 DAGs
[2025-04-02T17:00:24.117-0400] {logging_mixin.py:188} INFO - [2025-04-02T17:00:24.116-0400] {dag.py:3954} INFO - Setting next_dagrun for example_params_ui_tutorial to None, run_after=None
[2025-04-02T17:00:24.123-0400] {processor.py:183} INFO - Processing /Users/prasenjeet.gadhe/Documents/05. Nokia_PoV/Parallel_Test/venv/lib/python3.9/site-packages/airflow/example_dags/example_params_ui_tutorial.py took 0.094 seconds
[2025-04-02T17:02:16.829-0400] {processor.py:161} INFO - Started process (PID=35926) to work on /Users/prasenjeet.gadhe/Documents/05. Nokia_PoV/Parallel_Test/venv/lib/python3.9/site-packages/airflow/example_dags/example_params_ui_tutorial.py
[2025-04-02T17:02:16.831-0400] {processor.py:830} INFO - Processing file /Users/prasenjeet.gadhe/Documents/05. Nokia_PoV/Parallel_Test/venv/lib/python3.9/site-packages/airflow/example_dags/example_params_ui_tutorial.py for tasks to queue
[2025-04-02T17:02:16.831-0400] {logging_mixin.py:188} INFO - [2025-04-02T17:02:16.831-0400] {dagbag.py:540} INFO - Filling up the DagBag from /Users/prasenjeet.gadhe/Documents/05. Nokia_PoV/Parallel_Test/venv/lib/python3.9/site-packages/airflow/example_dags/example_params_ui_tutorial.py
[2025-04-02T17:02:16.849-0400] {processor.py:840} INFO - DAG(s) 'example_params_ui_tutorial' retrieved from /Users/prasenjeet.gadhe/Documents/05. Nokia_PoV/Parallel_Test/venv/lib/python3.9/site-packages/airflow/example_dags/example_params_ui_tutorial.py
[2025-04-02T17:02:16.914-0400] {logging_mixin.py:188} INFO - [2025-04-02T17:02:16.914-0400] {dag.py:3096} INFO - Sync 1 DAGs
[2025-04-02T17:02:16.918-0400] {logging_mixin.py:188} INFO - [2025-04-02T17:02:16.918-0400] {dag.py:3954} INFO - Setting next_dagrun for example_params_ui_tutorial to None, run_after=None
[2025-04-02T17:02:16.924-0400] {processor.py:183} INFO - Processing /Users/prasenjeet.gadhe/Documents/05. Nokia_PoV/Parallel_Test/venv/lib/python3.9/site-packages/airflow/example_dags/example_params_ui_tutorial.py took 0.096 seconds
[2025-04-02T17:04:08.760-0400] {processor.py:161} INFO - Started process (PID=49702) to work on /Users/prasenjeet.gadhe/Documents/05. Nokia_PoV/Parallel_Test/venv/lib/python3.9/site-packages/airflow/example_dags/example_params_ui_tutorial.py
[2025-04-02T17:04:08.762-0400] {processor.py:830} INFO - Processing file /Users/prasenjeet.gadhe/Documents/05. Nokia_PoV/Parallel_Test/venv/lib/python3.9/site-packages/airflow/example_dags/example_params_ui_tutorial.py for tasks to queue
[2025-04-02T17:04:08.762-0400] {logging_mixin.py:188} INFO - [2025-04-02T17:04:08.762-0400] {dagbag.py:540} INFO - Filling up the DagBag from /Users/prasenjeet.gadhe/Documents/05. Nokia_PoV/Parallel_Test/venv/lib/python3.9/site-packages/airflow/example_dags/example_params_ui_tutorial.py
[2025-04-02T17:04:08.778-0400] {processor.py:840} INFO - DAG(s) 'example_params_ui_tutorial' retrieved from /Users/prasenjeet.gadhe/Documents/05. Nokia_PoV/Parallel_Test/venv/lib/python3.9/site-packages/airflow/example_dags/example_params_ui_tutorial.py
[2025-04-02T17:04:08.848-0400] {logging_mixin.py:188} INFO - [2025-04-02T17:04:08.848-0400] {dag.py:3096} INFO - Sync 1 DAGs
[2025-04-02T17:04:08.852-0400] {logging_mixin.py:188} INFO - [2025-04-02T17:04:08.852-0400] {dag.py:3954} INFO - Setting next_dagrun for example_params_ui_tutorial to None, run_after=None
[2025-04-02T17:04:08.858-0400] {processor.py:183} INFO - Processing /Users/prasenjeet.gadhe/Documents/05. Nokia_PoV/Parallel_Test/venv/lib/python3.9/site-packages/airflow/example_dags/example_params_ui_tutorial.py took 0.099 seconds
[2025-04-02T17:05:56.710-0400] {processor.py:161} INFO - Started process (PID=62998) to work on /Users/prasenjeet.gadhe/Documents/05. Nokia_PoV/Parallel_Test/venv/lib/python3.9/site-packages/airflow/example_dags/example_params_ui_tutorial.py
[2025-04-02T17:05:56.711-0400] {processor.py:830} INFO - Processing file /Users/prasenjeet.gadhe/Documents/05. Nokia_PoV/Parallel_Test/venv/lib/python3.9/site-packages/airflow/example_dags/example_params_ui_tutorial.py for tasks to queue
[2025-04-02T17:05:56.711-0400] {logging_mixin.py:188} INFO - [2025-04-02T17:05:56.711-0400] {dagbag.py:540} INFO - Filling up the DagBag from /Users/prasenjeet.gadhe/Documents/05. Nokia_PoV/Parallel_Test/venv/lib/python3.9/site-packages/airflow/example_dags/example_params_ui_tutorial.py
[2025-04-02T17:05:56.727-0400] {processor.py:840} INFO - DAG(s) 'example_params_ui_tutorial' retrieved from /Users/prasenjeet.gadhe/Documents/05. Nokia_PoV/Parallel_Test/venv/lib/python3.9/site-packages/airflow/example_dags/example_params_ui_tutorial.py
[2025-04-02T17:05:56.791-0400] {logging_mixin.py:188} INFO - [2025-04-02T17:05:56.791-0400] {dag.py:3096} INFO - Sync 1 DAGs
[2025-04-02T17:05:56.794-0400] {logging_mixin.py:188} INFO - [2025-04-02T17:05:56.794-0400] {dag.py:3954} INFO - Setting next_dagrun for example_params_ui_tutorial to None, run_after=None
[2025-04-02T17:05:56.800-0400] {processor.py:183} INFO - Processing /Users/prasenjeet.gadhe/Documents/05. Nokia_PoV/Parallel_Test/venv/lib/python3.9/site-packages/airflow/example_dags/example_params_ui_tutorial.py took 0.091 seconds
[2025-04-02T17:07:50.193-0400] {processor.py:161} INFO - Started process (PID=77029) to work on /Users/prasenjeet.gadhe/Documents/05. Nokia_PoV/Parallel_Test/venv/lib/python3.9/site-packages/airflow/example_dags/example_params_ui_tutorial.py
[2025-04-02T17:07:50.195-0400] {processor.py:830} INFO - Processing file /Users/prasenjeet.gadhe/Documents/05. Nokia_PoV/Parallel_Test/venv/lib/python3.9/site-packages/airflow/example_dags/example_params_ui_tutorial.py for tasks to queue
[2025-04-02T17:07:50.195-0400] {logging_mixin.py:188} INFO - [2025-04-02T17:07:50.195-0400] {dagbag.py:540} INFO - Filling up the DagBag from /Users/prasenjeet.gadhe/Documents/05. Nokia_PoV/Parallel_Test/venv/lib/python3.9/site-packages/airflow/example_dags/example_params_ui_tutorial.py
[2025-04-02T17:07:50.213-0400] {processor.py:840} INFO - DAG(s) 'example_params_ui_tutorial' retrieved from /Users/prasenjeet.gadhe/Documents/05. Nokia_PoV/Parallel_Test/venv/lib/python3.9/site-packages/airflow/example_dags/example_params_ui_tutorial.py
[2025-04-02T17:07:50.287-0400] {logging_mixin.py:188} INFO - [2025-04-02T17:07:50.287-0400] {dag.py:3096} INFO - Sync 1 DAGs
[2025-04-02T17:07:50.291-0400] {logging_mixin.py:188} INFO - [2025-04-02T17:07:50.291-0400] {dag.py:3954} INFO - Setting next_dagrun for example_params_ui_tutorial to None, run_after=None
[2025-04-02T17:07:50.297-0400] {processor.py:183} INFO - Processing /Users/prasenjeet.gadhe/Documents/05. Nokia_PoV/Parallel_Test/venv/lib/python3.9/site-packages/airflow/example_dags/example_params_ui_tutorial.py took 0.106 seconds
[2025-04-02T17:09:46.710-0400] {processor.py:161} INFO - Started process (PID=91395) to work on /Users/prasenjeet.gadhe/Documents/05. Nokia_PoV/Parallel_Test/venv/lib/python3.9/site-packages/airflow/example_dags/example_params_ui_tutorial.py
[2025-04-02T17:09:46.712-0400] {processor.py:830} INFO - Processing file /Users/prasenjeet.gadhe/Documents/05. Nokia_PoV/Parallel_Test/venv/lib/python3.9/site-packages/airflow/example_dags/example_params_ui_tutorial.py for tasks to queue
[2025-04-02T17:09:46.713-0400] {logging_mixin.py:188} INFO - [2025-04-02T17:09:46.712-0400] {dagbag.py:540} INFO - Filling up the DagBag from /Users/prasenjeet.gadhe/Documents/05. Nokia_PoV/Parallel_Test/venv/lib/python3.9/site-packages/airflow/example_dags/example_params_ui_tutorial.py
[2025-04-02T17:09:46.731-0400] {processor.py:840} INFO - DAG(s) 'example_params_ui_tutorial' retrieved from /Users/prasenjeet.gadhe/Documents/05. Nokia_PoV/Parallel_Test/venv/lib/python3.9/site-packages/airflow/example_dags/example_params_ui_tutorial.py
[2025-04-02T17:09:46.803-0400] {logging_mixin.py:188} INFO - [2025-04-02T17:09:46.803-0400] {dag.py:3096} INFO - Sync 1 DAGs
[2025-04-02T17:09:46.807-0400] {logging_mixin.py:188} INFO - [2025-04-02T17:09:46.807-0400] {dag.py:3954} INFO - Setting next_dagrun for example_params_ui_tutorial to None, run_after=None
[2025-04-02T17:09:46.813-0400] {processor.py:183} INFO - Processing /Users/prasenjeet.gadhe/Documents/05. Nokia_PoV/Parallel_Test/venv/lib/python3.9/site-packages/airflow/example_dags/example_params_ui_tutorial.py took 0.103 seconds
[2025-04-02T17:11:36.335-0400] {processor.py:161} INFO - Started process (PID=5211) to work on /Users/prasenjeet.gadhe/Documents/05. Nokia_PoV/Parallel_Test/venv/lib/python3.9/site-packages/airflow/example_dags/example_params_ui_tutorial.py
[2025-04-02T17:11:36.337-0400] {processor.py:830} INFO - Processing file /Users/prasenjeet.gadhe/Documents/05. Nokia_PoV/Parallel_Test/venv/lib/python3.9/site-packages/airflow/example_dags/example_params_ui_tutorial.py for tasks to queue
[2025-04-02T17:11:36.337-0400] {logging_mixin.py:188} INFO - [2025-04-02T17:11:36.337-0400] {dagbag.py:540} INFO - Filling up the DagBag from /Users/prasenjeet.gadhe/Documents/05. Nokia_PoV/Parallel_Test/venv/lib/python3.9/site-packages/airflow/example_dags/example_params_ui_tutorial.py
[2025-04-02T17:11:36.352-0400] {processor.py:840} INFO - DAG(s) 'example_params_ui_tutorial' retrieved from /Users/prasenjeet.gadhe/Documents/05. Nokia_PoV/Parallel_Test/venv/lib/python3.9/site-packages/airflow/example_dags/example_params_ui_tutorial.py
[2025-04-02T17:11:36.415-0400] {logging_mixin.py:188} INFO - [2025-04-02T17:11:36.415-0400] {dag.py:3096} INFO - Sync 1 DAGs
[2025-04-02T17:11:36.419-0400] {logging_mixin.py:188} INFO - [2025-04-02T17:11:36.419-0400] {dag.py:3954} INFO - Setting next_dagrun for example_params_ui_tutorial to None, run_after=None
[2025-04-02T17:11:36.425-0400] {processor.py:183} INFO - Processing /Users/prasenjeet.gadhe/Documents/05. Nokia_PoV/Parallel_Test/venv/lib/python3.9/site-packages/airflow/example_dags/example_params_ui_tutorial.py took 0.091 seconds
