[2025-04-02T16:39:46.667-0400] {processor.py:161} INFO - Started process (PID=68338) to work on /Users/prasenjeet.gadhe/Documents/05. Nokia_PoV/Parallel_Test/venv/lib/python3.9/site-packages/airflow/example_dags/example_sensor_decorator.py
[2025-04-02T16:39:46.668-0400] {processor.py:830} INFO - Processing file /Users/prasenjeet.gadhe/Documents/05. Nokia_PoV/Parallel_Test/venv/lib/python3.9/site-packages/airflow/example_dags/example_sensor_decorator.py for tasks to queue
[2025-04-02T16:39:46.668-0400] {logging_mixin.py:188} INFO - [2025-04-02T16:39:46.668-0400] {dagbag.py:540} INFO - Filling up the DagBag from /Users/prasenjeet.gadhe/Documents/05. Nokia_PoV/Parallel_Test/venv/lib/python3.9/site-packages/airflow/example_dags/example_sensor_decorator.py
[2025-04-02T16:39:46.683-0400] {processor.py:840} INFO - DAG(s) 'example_sensor_decorator' retrieved from /Users/prasenjeet.gadhe/Documents/05. Nokia_PoV/Parallel_Test/venv/lib/python3.9/site-packages/airflow/example_dags/example_sensor_decorator.py
[2025-04-02T16:39:46.772-0400] {logging_mixin.py:188} INFO - [2025-04-02T16:39:46.772-0400] {override.py:1829} INFO - Created Permission View: can read on DAG:example_sensor_decorator
[2025-04-02T16:39:46.775-0400] {logging_mixin.py:188} INFO - [2025-04-02T16:39:46.775-0400] {override.py:1829} INFO - Created Permission View: can delete on DAG:example_sensor_decorator
[2025-04-02T16:39:46.777-0400] {logging_mixin.py:188} INFO - [2025-04-02T16:39:46.777-0400] {override.py:1829} INFO - Created Permission View: can edit on DAG:example_sensor_decorator
[2025-04-02T16:39:46.777-0400] {logging_mixin.py:188} INFO - [2025-04-02T16:39:46.777-0400] {dag.py:3096} INFO - Sync 1 DAGs
[2025-04-02T16:39:46.780-0400] {logging_mixin.py:188} INFO - [2025-04-02T16:39:46.780-0400] {dag.py:3118} INFO - Creating ORM DAG for example_sensor_decorator
[2025-04-02T16:39:46.780-0400] {logging_mixin.py:188} INFO - [2025-04-02T16:39:46.780-0400] {dag.py:3954} INFO - Setting next_dagrun for example_sensor_decorator to None, run_after=None
[2025-04-02T16:39:46.786-0400] {processor.py:183} INFO - Processing /Users/prasenjeet.gadhe/Documents/05. Nokia_PoV/Parallel_Test/venv/lib/python3.9/site-packages/airflow/example_dags/example_sensor_decorator.py took 0.120 seconds
[2025-04-02T16:41:12.507-0400] {processor.py:161} INFO - Started process (PID=79118) to work on /Users/prasenjeet.gadhe/Documents/05. Nokia_PoV/Parallel_Test/venv/lib/python3.9/site-packages/airflow/example_dags/example_sensor_decorator.py
[2025-04-02T16:41:12.508-0400] {processor.py:830} INFO - Processing file /Users/prasenjeet.gadhe/Documents/05. Nokia_PoV/Parallel_Test/venv/lib/python3.9/site-packages/airflow/example_dags/example_sensor_decorator.py for tasks to queue
[2025-04-02T16:41:12.509-0400] {logging_mixin.py:188} INFO - [2025-04-02T16:41:12.509-0400] {dagbag.py:540} INFO - Filling up the DagBag from /Users/prasenjeet.gadhe/Documents/05. Nokia_PoV/Parallel_Test/venv/lib/python3.9/site-packages/airflow/example_dags/example_sensor_decorator.py
[2025-04-02T16:41:12.525-0400] {processor.py:840} INFO - DAG(s) 'example_sensor_decorator' retrieved from /Users/prasenjeet.gadhe/Documents/05. Nokia_PoV/Parallel_Test/venv/lib/python3.9/site-packages/airflow/example_dags/example_sensor_decorator.py
[2025-04-02T16:41:12.588-0400] {logging_mixin.py:188} INFO - [2025-04-02T16:41:12.588-0400] {dag.py:3096} INFO - Sync 1 DAGs
[2025-04-02T16:41:12.592-0400] {logging_mixin.py:188} INFO - [2025-04-02T16:41:12.592-0400] {dag.py:3954} INFO - Setting next_dagrun for example_sensor_decorator to None, run_after=None
[2025-04-02T16:41:12.598-0400] {processor.py:183} INFO - Processing /Users/prasenjeet.gadhe/Documents/05. Nokia_PoV/Parallel_Test/venv/lib/python3.9/site-packages/airflow/example_dags/example_sensor_decorator.py took 0.092 seconds
[2025-04-02T16:43:08.819-0400] {processor.py:161} INFO - Started process (PID=93482) to work on /Users/prasenjeet.gadhe/Documents/05. Nokia_PoV/Parallel_Test/venv/lib/python3.9/site-packages/airflow/example_dags/example_sensor_decorator.py
[2025-04-02T16:43:08.821-0400] {processor.py:830} INFO - Processing file /Users/prasenjeet.gadhe/Documents/05. Nokia_PoV/Parallel_Test/venv/lib/python3.9/site-packages/airflow/example_dags/example_sensor_decorator.py for tasks to queue
[2025-04-02T16:43:08.821-0400] {logging_mixin.py:188} INFO - [2025-04-02T16:43:08.821-0400] {dagbag.py:540} INFO - Filling up the DagBag from /Users/prasenjeet.gadhe/Documents/05. Nokia_PoV/Parallel_Test/venv/lib/python3.9/site-packages/airflow/example_dags/example_sensor_decorator.py
[2025-04-02T16:43:08.835-0400] {processor.py:840} INFO - DAG(s) 'example_sensor_decorator' retrieved from /Users/prasenjeet.gadhe/Documents/05. Nokia_PoV/Parallel_Test/venv/lib/python3.9/site-packages/airflow/example_dags/example_sensor_decorator.py
[2025-04-02T16:43:08.894-0400] {logging_mixin.py:188} INFO - [2025-04-02T16:43:08.894-0400] {dag.py:3096} INFO - Sync 1 DAGs
[2025-04-02T16:43:08.898-0400] {logging_mixin.py:188} INFO - [2025-04-02T16:43:08.898-0400] {dag.py:3954} INFO - Setting next_dagrun for example_sensor_decorator to None, run_after=None
[2025-04-02T16:43:08.905-0400] {processor.py:183} INFO - Processing /Users/prasenjeet.gadhe/Documents/05. Nokia_PoV/Parallel_Test/venv/lib/python3.9/site-packages/airflow/example_dags/example_sensor_decorator.py took 0.087 seconds
[2025-04-02T16:46:07.677-0400] {processor.py:161} INFO - Started process (PID=15961) to work on /Users/prasenjeet.gadhe/Documents/05. Nokia_PoV/Parallel_Test/venv/lib/python3.9/site-packages/airflow/example_dags/example_sensor_decorator.py
[2025-04-02T16:46:07.679-0400] {processor.py:830} INFO - Processing file /Users/prasenjeet.gadhe/Documents/05. Nokia_PoV/Parallel_Test/venv/lib/python3.9/site-packages/airflow/example_dags/example_sensor_decorator.py for tasks to queue
[2025-04-02T16:46:07.679-0400] {logging_mixin.py:188} INFO - [2025-04-02T16:46:07.679-0400] {dagbag.py:540} INFO - Filling up the DagBag from /Users/prasenjeet.gadhe/Documents/05. Nokia_PoV/Parallel_Test/venv/lib/python3.9/site-packages/airflow/example_dags/example_sensor_decorator.py
[2025-04-02T16:46:07.693-0400] {processor.py:840} INFO - DAG(s) 'example_sensor_decorator' retrieved from /Users/prasenjeet.gadhe/Documents/05. Nokia_PoV/Parallel_Test/venv/lib/python3.9/site-packages/airflow/example_dags/example_sensor_decorator.py
[2025-04-02T16:46:07.748-0400] {logging_mixin.py:188} INFO - [2025-04-02T16:46:07.748-0400] {dag.py:3096} INFO - Sync 1 DAGs
[2025-04-02T16:46:07.752-0400] {logging_mixin.py:188} INFO - [2025-04-02T16:46:07.752-0400] {dag.py:3954} INFO - Setting next_dagrun for example_sensor_decorator to None, run_after=None
[2025-04-02T16:46:07.758-0400] {processor.py:183} INFO - Processing /Users/prasenjeet.gadhe/Documents/05. Nokia_PoV/Parallel_Test/venv/lib/python3.9/site-packages/airflow/example_dags/example_sensor_decorator.py took 0.081 seconds
[2025-04-02T16:47:35.995-0400] {processor.py:161} INFO - Started process (PID=26984) to work on /Users/prasenjeet.gadhe/Documents/05. Nokia_PoV/Parallel_Test/venv/lib/python3.9/site-packages/airflow/example_dags/example_sensor_decorator.py
[2025-04-02T16:47:35.996-0400] {processor.py:830} INFO - Processing file /Users/prasenjeet.gadhe/Documents/05. Nokia_PoV/Parallel_Test/venv/lib/python3.9/site-packages/airflow/example_dags/example_sensor_decorator.py for tasks to queue
[2025-04-02T16:47:35.997-0400] {logging_mixin.py:188} INFO - [2025-04-02T16:47:35.997-0400] {dagbag.py:540} INFO - Filling up the DagBag from /Users/prasenjeet.gadhe/Documents/05. Nokia_PoV/Parallel_Test/venv/lib/python3.9/site-packages/airflow/example_dags/example_sensor_decorator.py
[2025-04-02T16:47:36.010-0400] {processor.py:840} INFO - DAG(s) 'example_sensor_decorator' retrieved from /Users/prasenjeet.gadhe/Documents/05. Nokia_PoV/Parallel_Test/venv/lib/python3.9/site-packages/airflow/example_dags/example_sensor_decorator.py
[2025-04-02T16:47:36.067-0400] {logging_mixin.py:188} INFO - [2025-04-02T16:47:36.066-0400] {dag.py:3096} INFO - Sync 1 DAGs
[2025-04-02T16:47:36.070-0400] {logging_mixin.py:188} INFO - [2025-04-02T16:47:36.070-0400] {dag.py:3954} INFO - Setting next_dagrun for example_sensor_decorator to None, run_after=None
[2025-04-02T16:47:36.076-0400] {processor.py:183} INFO - Processing /Users/prasenjeet.gadhe/Documents/05. Nokia_PoV/Parallel_Test/venv/lib/python3.9/site-packages/airflow/example_dags/example_sensor_decorator.py took 0.083 seconds
[2025-04-02T16:49:28.082-0400] {processor.py:161} INFO - Started process (PID=40798) to work on /Users/prasenjeet.gadhe/Documents/05. Nokia_PoV/Parallel_Test/venv/lib/python3.9/site-packages/airflow/example_dags/example_sensor_decorator.py
[2025-04-02T16:49:28.084-0400] {processor.py:830} INFO - Processing file /Users/prasenjeet.gadhe/Documents/05. Nokia_PoV/Parallel_Test/venv/lib/python3.9/site-packages/airflow/example_dags/example_sensor_decorator.py for tasks to queue
[2025-04-02T16:49:28.084-0400] {logging_mixin.py:188} INFO - [2025-04-02T16:49:28.084-0400] {dagbag.py:540} INFO - Filling up the DagBag from /Users/prasenjeet.gadhe/Documents/05. Nokia_PoV/Parallel_Test/venv/lib/python3.9/site-packages/airflow/example_dags/example_sensor_decorator.py
[2025-04-02T16:49:28.099-0400] {processor.py:840} INFO - DAG(s) 'example_sensor_decorator' retrieved from /Users/prasenjeet.gadhe/Documents/05. Nokia_PoV/Parallel_Test/venv/lib/python3.9/site-packages/airflow/example_dags/example_sensor_decorator.py
[2025-04-02T16:49:28.156-0400] {logging_mixin.py:188} INFO - [2025-04-02T16:49:28.156-0400] {dag.py:3096} INFO - Sync 1 DAGs
[2025-04-02T16:49:28.160-0400] {logging_mixin.py:188} INFO - [2025-04-02T16:49:28.160-0400] {dag.py:3954} INFO - Setting next_dagrun for example_sensor_decorator to None, run_after=None
[2025-04-02T16:49:28.166-0400] {processor.py:183} INFO - Processing /Users/prasenjeet.gadhe/Documents/05. Nokia_PoV/Parallel_Test/venv/lib/python3.9/site-packages/airflow/example_dags/example_sensor_decorator.py took 0.084 seconds
[2025-04-02T16:51:18.581-0400] {processor.py:161} INFO - Started process (PID=54557) to work on /Users/prasenjeet.gadhe/Documents/05. Nokia_PoV/Parallel_Test/venv/lib/python3.9/site-packages/airflow/example_dags/example_sensor_decorator.py
[2025-04-02T16:51:18.583-0400] {processor.py:830} INFO - Processing file /Users/prasenjeet.gadhe/Documents/05. Nokia_PoV/Parallel_Test/venv/lib/python3.9/site-packages/airflow/example_dags/example_sensor_decorator.py for tasks to queue
[2025-04-02T16:51:18.583-0400] {logging_mixin.py:188} INFO - [2025-04-02T16:51:18.583-0400] {dagbag.py:540} INFO - Filling up the DagBag from /Users/prasenjeet.gadhe/Documents/05. Nokia_PoV/Parallel_Test/venv/lib/python3.9/site-packages/airflow/example_dags/example_sensor_decorator.py
[2025-04-02T16:51:18.598-0400] {processor.py:840} INFO - DAG(s) 'example_sensor_decorator' retrieved from /Users/prasenjeet.gadhe/Documents/05. Nokia_PoV/Parallel_Test/venv/lib/python3.9/site-packages/airflow/example_dags/example_sensor_decorator.py
[2025-04-02T16:51:18.655-0400] {logging_mixin.py:188} INFO - [2025-04-02T16:51:18.655-0400] {dag.py:3096} INFO - Sync 1 DAGs
[2025-04-02T16:51:18.659-0400] {logging_mixin.py:188} INFO - [2025-04-02T16:51:18.659-0400] {dag.py:3954} INFO - Setting next_dagrun for example_sensor_decorator to None, run_after=None
[2025-04-02T16:51:18.665-0400] {processor.py:183} INFO - Processing /Users/prasenjeet.gadhe/Documents/05. Nokia_PoV/Parallel_Test/venv/lib/python3.9/site-packages/airflow/example_dags/example_sensor_decorator.py took 0.085 seconds
[2025-04-02T16:52:46.898-0400] {processor.py:161} INFO - Started process (PID=65437) to work on /Users/prasenjeet.gadhe/Documents/05. Nokia_PoV/Parallel_Test/venv/lib/python3.9/site-packages/airflow/example_dags/example_sensor_decorator.py
[2025-04-02T16:52:46.900-0400] {processor.py:830} INFO - Processing file /Users/prasenjeet.gadhe/Documents/05. Nokia_PoV/Parallel_Test/venv/lib/python3.9/site-packages/airflow/example_dags/example_sensor_decorator.py for tasks to queue
[2025-04-02T16:52:46.900-0400] {logging_mixin.py:188} INFO - [2025-04-02T16:52:46.900-0400] {dagbag.py:540} INFO - Filling up the DagBag from /Users/prasenjeet.gadhe/Documents/05. Nokia_PoV/Parallel_Test/venv/lib/python3.9/site-packages/airflow/example_dags/example_sensor_decorator.py
[2025-04-02T16:52:46.915-0400] {processor.py:840} INFO - DAG(s) 'example_sensor_decorator' retrieved from /Users/prasenjeet.gadhe/Documents/05. Nokia_PoV/Parallel_Test/venv/lib/python3.9/site-packages/airflow/example_dags/example_sensor_decorator.py
[2025-04-02T16:52:46.984-0400] {logging_mixin.py:188} INFO - [2025-04-02T16:52:46.983-0400] {dag.py:3096} INFO - Sync 1 DAGs
[2025-04-02T16:52:46.988-0400] {logging_mixin.py:188} INFO - [2025-04-02T16:52:46.988-0400] {dag.py:3954} INFO - Setting next_dagrun for example_sensor_decorator to None, run_after=None
[2025-04-02T16:52:46.995-0400] {processor.py:183} INFO - Processing /Users/prasenjeet.gadhe/Documents/05. Nokia_PoV/Parallel_Test/venv/lib/python3.9/site-packages/airflow/example_dags/example_sensor_decorator.py took 0.098 seconds
[2025-04-02T16:54:36.019-0400] {processor.py:161} INFO - Started process (PID=78912) to work on /Users/prasenjeet.gadhe/Documents/05. Nokia_PoV/Parallel_Test/venv/lib/python3.9/site-packages/airflow/example_dags/example_sensor_decorator.py
[2025-04-02T16:54:36.021-0400] {processor.py:830} INFO - Processing file /Users/prasenjeet.gadhe/Documents/05. Nokia_PoV/Parallel_Test/venv/lib/python3.9/site-packages/airflow/example_dags/example_sensor_decorator.py for tasks to queue
[2025-04-02T16:54:36.021-0400] {logging_mixin.py:188} INFO - [2025-04-02T16:54:36.021-0400] {dagbag.py:540} INFO - Filling up the DagBag from /Users/prasenjeet.gadhe/Documents/05. Nokia_PoV/Parallel_Test/venv/lib/python3.9/site-packages/airflow/example_dags/example_sensor_decorator.py
[2025-04-02T16:54:36.037-0400] {processor.py:840} INFO - DAG(s) 'example_sensor_decorator' retrieved from /Users/prasenjeet.gadhe/Documents/05. Nokia_PoV/Parallel_Test/venv/lib/python3.9/site-packages/airflow/example_dags/example_sensor_decorator.py
[2025-04-02T16:54:36.106-0400] {logging_mixin.py:188} INFO - [2025-04-02T16:54:36.106-0400] {dag.py:3096} INFO - Sync 1 DAGs
[2025-04-02T16:54:36.110-0400] {logging_mixin.py:188} INFO - [2025-04-02T16:54:36.110-0400] {dag.py:3954} INFO - Setting next_dagrun for example_sensor_decorator to None, run_after=None
[2025-04-02T16:54:36.116-0400] {processor.py:183} INFO - Processing /Users/prasenjeet.gadhe/Documents/05. Nokia_PoV/Parallel_Test/venv/lib/python3.9/site-packages/airflow/example_dags/example_sensor_decorator.py took 0.099 seconds
[2025-04-02T16:56:33.055-0400] {processor.py:161} INFO - Started process (PID=93462) to work on /Users/prasenjeet.gadhe/Documents/05. Nokia_PoV/Parallel_Test/venv/lib/python3.9/site-packages/airflow/example_dags/example_sensor_decorator.py
[2025-04-02T16:56:33.057-0400] {processor.py:830} INFO - Processing file /Users/prasenjeet.gadhe/Documents/05. Nokia_PoV/Parallel_Test/venv/lib/python3.9/site-packages/airflow/example_dags/example_sensor_decorator.py for tasks to queue
[2025-04-02T16:56:33.057-0400] {logging_mixin.py:188} INFO - [2025-04-02T16:56:33.057-0400] {dagbag.py:540} INFO - Filling up the DagBag from /Users/prasenjeet.gadhe/Documents/05. Nokia_PoV/Parallel_Test/venv/lib/python3.9/site-packages/airflow/example_dags/example_sensor_decorator.py
[2025-04-02T16:56:33.071-0400] {processor.py:840} INFO - DAG(s) 'example_sensor_decorator' retrieved from /Users/prasenjeet.gadhe/Documents/05. Nokia_PoV/Parallel_Test/venv/lib/python3.9/site-packages/airflow/example_dags/example_sensor_decorator.py
[2025-04-02T16:56:33.129-0400] {logging_mixin.py:188} INFO - [2025-04-02T16:56:33.129-0400] {dag.py:3096} INFO - Sync 1 DAGs
[2025-04-02T16:56:33.133-0400] {logging_mixin.py:188} INFO - [2025-04-02T16:56:33.132-0400] {dag.py:3954} INFO - Setting next_dagrun for example_sensor_decorator to None, run_after=None
[2025-04-02T16:56:33.139-0400] {processor.py:183} INFO - Processing /Users/prasenjeet.gadhe/Documents/05. Nokia_PoV/Parallel_Test/venv/lib/python3.9/site-packages/airflow/example_dags/example_sensor_decorator.py took 0.085 seconds
[2025-04-02T16:58:25.855-0400] {processor.py:161} INFO - Started process (PID=7576) to work on /Users/prasenjeet.gadhe/Documents/05. Nokia_PoV/Parallel_Test/venv/lib/python3.9/site-packages/airflow/example_dags/example_sensor_decorator.py
[2025-04-02T16:58:25.857-0400] {processor.py:830} INFO - Processing file /Users/prasenjeet.gadhe/Documents/05. Nokia_PoV/Parallel_Test/venv/lib/python3.9/site-packages/airflow/example_dags/example_sensor_decorator.py for tasks to queue
[2025-04-02T16:58:25.857-0400] {logging_mixin.py:188} INFO - [2025-04-02T16:58:25.857-0400] {dagbag.py:540} INFO - Filling up the DagBag from /Users/prasenjeet.gadhe/Documents/05. Nokia_PoV/Parallel_Test/venv/lib/python3.9/site-packages/airflow/example_dags/example_sensor_decorator.py
[2025-04-02T16:58:25.871-0400] {processor.py:840} INFO - DAG(s) 'example_sensor_decorator' retrieved from /Users/prasenjeet.gadhe/Documents/05. Nokia_PoV/Parallel_Test/venv/lib/python3.9/site-packages/airflow/example_dags/example_sensor_decorator.py
[2025-04-02T16:58:25.928-0400] {logging_mixin.py:188} INFO - [2025-04-02T16:58:25.927-0400] {dag.py:3096} INFO - Sync 1 DAGs
[2025-04-02T16:58:25.931-0400] {logging_mixin.py:188} INFO - [2025-04-02T16:58:25.931-0400] {dag.py:3954} INFO - Setting next_dagrun for example_sensor_decorator to None, run_after=None
[2025-04-02T16:58:25.938-0400] {processor.py:183} INFO - Processing /Users/prasenjeet.gadhe/Documents/05. Nokia_PoV/Parallel_Test/venv/lib/python3.9/site-packages/airflow/example_dags/example_sensor_decorator.py took 0.083 seconds
[2025-04-02T17:00:16.990-0400] {processor.py:161} INFO - Started process (PID=21266) to work on /Users/prasenjeet.gadhe/Documents/05. Nokia_PoV/Parallel_Test/venv/lib/python3.9/site-packages/airflow/example_dags/example_sensor_decorator.py
[2025-04-02T17:00:16.991-0400] {processor.py:830} INFO - Processing file /Users/prasenjeet.gadhe/Documents/05. Nokia_PoV/Parallel_Test/venv/lib/python3.9/site-packages/airflow/example_dags/example_sensor_decorator.py for tasks to queue
[2025-04-02T17:00:16.992-0400] {logging_mixin.py:188} INFO - [2025-04-02T17:00:16.992-0400] {dagbag.py:540} INFO - Filling up the DagBag from /Users/prasenjeet.gadhe/Documents/05. Nokia_PoV/Parallel_Test/venv/lib/python3.9/site-packages/airflow/example_dags/example_sensor_decorator.py
[2025-04-02T17:00:17.006-0400] {processor.py:840} INFO - DAG(s) 'example_sensor_decorator' retrieved from /Users/prasenjeet.gadhe/Documents/05. Nokia_PoV/Parallel_Test/venv/lib/python3.9/site-packages/airflow/example_dags/example_sensor_decorator.py
[2025-04-02T17:00:17.063-0400] {logging_mixin.py:188} INFO - [2025-04-02T17:00:17.063-0400] {dag.py:3096} INFO - Sync 1 DAGs
[2025-04-02T17:00:17.067-0400] {logging_mixin.py:188} INFO - [2025-04-02T17:00:17.067-0400] {dag.py:3954} INFO - Setting next_dagrun for example_sensor_decorator to None, run_after=None
[2025-04-02T17:00:17.073-0400] {processor.py:183} INFO - Processing /Users/prasenjeet.gadhe/Documents/05. Nokia_PoV/Parallel_Test/venv/lib/python3.9/site-packages/airflow/example_dags/example_sensor_decorator.py took 0.085 seconds
[2025-04-02T17:02:09.880-0400] {processor.py:161} INFO - Started process (PID=35110) to work on /Users/prasenjeet.gadhe/Documents/05. Nokia_PoV/Parallel_Test/venv/lib/python3.9/site-packages/airflow/example_dags/example_sensor_decorator.py
[2025-04-02T17:02:09.881-0400] {processor.py:830} INFO - Processing file /Users/prasenjeet.gadhe/Documents/05. Nokia_PoV/Parallel_Test/venv/lib/python3.9/site-packages/airflow/example_dags/example_sensor_decorator.py for tasks to queue
[2025-04-02T17:02:09.882-0400] {logging_mixin.py:188} INFO - [2025-04-02T17:02:09.882-0400] {dagbag.py:540} INFO - Filling up the DagBag from /Users/prasenjeet.gadhe/Documents/05. Nokia_PoV/Parallel_Test/venv/lib/python3.9/site-packages/airflow/example_dags/example_sensor_decorator.py
[2025-04-02T17:02:09.895-0400] {processor.py:840} INFO - DAG(s) 'example_sensor_decorator' retrieved from /Users/prasenjeet.gadhe/Documents/05. Nokia_PoV/Parallel_Test/venv/lib/python3.9/site-packages/airflow/example_dags/example_sensor_decorator.py
[2025-04-02T17:02:09.952-0400] {logging_mixin.py:188} INFO - [2025-04-02T17:02:09.952-0400] {dag.py:3096} INFO - Sync 1 DAGs
[2025-04-02T17:02:09.955-0400] {logging_mixin.py:188} INFO - [2025-04-02T17:02:09.955-0400] {dag.py:3954} INFO - Setting next_dagrun for example_sensor_decorator to None, run_after=None
[2025-04-02T17:02:09.961-0400] {processor.py:183} INFO - Processing /Users/prasenjeet.gadhe/Documents/05. Nokia_PoV/Parallel_Test/venv/lib/python3.9/site-packages/airflow/example_dags/example_sensor_decorator.py took 0.083 seconds
[2025-04-02T17:04:01.741-0400] {processor.py:161} INFO - Started process (PID=48868) to work on /Users/prasenjeet.gadhe/Documents/05. Nokia_PoV/Parallel_Test/venv/lib/python3.9/site-packages/airflow/example_dags/example_sensor_decorator.py
[2025-04-02T17:04:01.743-0400] {processor.py:830} INFO - Processing file /Users/prasenjeet.gadhe/Documents/05. Nokia_PoV/Parallel_Test/venv/lib/python3.9/site-packages/airflow/example_dags/example_sensor_decorator.py for tasks to queue
[2025-04-02T17:04:01.743-0400] {logging_mixin.py:188} INFO - [2025-04-02T17:04:01.743-0400] {dagbag.py:540} INFO - Filling up the DagBag from /Users/prasenjeet.gadhe/Documents/05. Nokia_PoV/Parallel_Test/venv/lib/python3.9/site-packages/airflow/example_dags/example_sensor_decorator.py
[2025-04-02T17:04:01.756-0400] {processor.py:840} INFO - DAG(s) 'example_sensor_decorator' retrieved from /Users/prasenjeet.gadhe/Documents/05. Nokia_PoV/Parallel_Test/venv/lib/python3.9/site-packages/airflow/example_dags/example_sensor_decorator.py
[2025-04-02T17:04:01.813-0400] {logging_mixin.py:188} INFO - [2025-04-02T17:04:01.813-0400] {dag.py:3096} INFO - Sync 1 DAGs
[2025-04-02T17:04:01.816-0400] {logging_mixin.py:188} INFO - [2025-04-02T17:04:01.816-0400] {dag.py:3954} INFO - Setting next_dagrun for example_sensor_decorator to None, run_after=None
[2025-04-02T17:04:01.822-0400] {processor.py:183} INFO - Processing /Users/prasenjeet.gadhe/Documents/05. Nokia_PoV/Parallel_Test/venv/lib/python3.9/site-packages/airflow/example_dags/example_sensor_decorator.py took 0.083 seconds
[2025-04-02T17:05:49.673-0400] {processor.py:161} INFO - Started process (PID=62047) to work on /Users/prasenjeet.gadhe/Documents/05. Nokia_PoV/Parallel_Test/venv/lib/python3.9/site-packages/airflow/example_dags/example_sensor_decorator.py
[2025-04-02T17:05:49.674-0400] {processor.py:830} INFO - Processing file /Users/prasenjeet.gadhe/Documents/05. Nokia_PoV/Parallel_Test/venv/lib/python3.9/site-packages/airflow/example_dags/example_sensor_decorator.py for tasks to queue
[2025-04-02T17:05:49.675-0400] {logging_mixin.py:188} INFO - [2025-04-02T17:05:49.675-0400] {dagbag.py:540} INFO - Filling up the DagBag from /Users/prasenjeet.gadhe/Documents/05. Nokia_PoV/Parallel_Test/venv/lib/python3.9/site-packages/airflow/example_dags/example_sensor_decorator.py
[2025-04-02T17:05:49.689-0400] {processor.py:840} INFO - DAG(s) 'example_sensor_decorator' retrieved from /Users/prasenjeet.gadhe/Documents/05. Nokia_PoV/Parallel_Test/venv/lib/python3.9/site-packages/airflow/example_dags/example_sensor_decorator.py
[2025-04-02T17:05:49.746-0400] {logging_mixin.py:188} INFO - [2025-04-02T17:05:49.746-0400] {dag.py:3096} INFO - Sync 1 DAGs
[2025-04-02T17:05:49.750-0400] {logging_mixin.py:188} INFO - [2025-04-02T17:05:49.750-0400] {dag.py:3954} INFO - Setting next_dagrun for example_sensor_decorator to None, run_after=None
[2025-04-02T17:05:49.756-0400] {processor.py:183} INFO - Processing /Users/prasenjeet.gadhe/Documents/05. Nokia_PoV/Parallel_Test/venv/lib/python3.9/site-packages/airflow/example_dags/example_sensor_decorator.py took 0.084 seconds
[2025-04-02T17:07:43.926-0400] {processor.py:161} INFO - Started process (PID=76247) to work on /Users/prasenjeet.gadhe/Documents/05. Nokia_PoV/Parallel_Test/venv/lib/python3.9/site-packages/airflow/example_dags/example_sensor_decorator.py
[2025-04-02T17:07:43.928-0400] {processor.py:830} INFO - Processing file /Users/prasenjeet.gadhe/Documents/05. Nokia_PoV/Parallel_Test/venv/lib/python3.9/site-packages/airflow/example_dags/example_sensor_decorator.py for tasks to queue
[2025-04-02T17:07:43.928-0400] {logging_mixin.py:188} INFO - [2025-04-02T17:07:43.928-0400] {dagbag.py:540} INFO - Filling up the DagBag from /Users/prasenjeet.gadhe/Documents/05. Nokia_PoV/Parallel_Test/venv/lib/python3.9/site-packages/airflow/example_dags/example_sensor_decorator.py
[2025-04-02T17:07:43.942-0400] {processor.py:840} INFO - DAG(s) 'example_sensor_decorator' retrieved from /Users/prasenjeet.gadhe/Documents/05. Nokia_PoV/Parallel_Test/venv/lib/python3.9/site-packages/airflow/example_dags/example_sensor_decorator.py
[2025-04-02T17:07:43.999-0400] {logging_mixin.py:188} INFO - [2025-04-02T17:07:43.999-0400] {dag.py:3096} INFO - Sync 1 DAGs
[2025-04-02T17:07:44.003-0400] {logging_mixin.py:188} INFO - [2025-04-02T17:07:44.003-0400] {dag.py:3954} INFO - Setting next_dagrun for example_sensor_decorator to None, run_after=None
[2025-04-02T17:07:44.009-0400] {processor.py:183} INFO - Processing /Users/prasenjeet.gadhe/Documents/05. Nokia_PoV/Parallel_Test/venv/lib/python3.9/site-packages/airflow/example_dags/example_sensor_decorator.py took 0.084 seconds
[2025-04-02T17:09:40.169-0400] {processor.py:161} INFO - Started process (PID=90577) to work on /Users/prasenjeet.gadhe/Documents/05. Nokia_PoV/Parallel_Test/venv/lib/python3.9/site-packages/airflow/example_dags/example_sensor_decorator.py
[2025-04-02T17:09:40.171-0400] {processor.py:830} INFO - Processing file /Users/prasenjeet.gadhe/Documents/05. Nokia_PoV/Parallel_Test/venv/lib/python3.9/site-packages/airflow/example_dags/example_sensor_decorator.py for tasks to queue
[2025-04-02T17:09:40.171-0400] {logging_mixin.py:188} INFO - [2025-04-02T17:09:40.171-0400] {dagbag.py:540} INFO - Filling up the DagBag from /Users/prasenjeet.gadhe/Documents/05. Nokia_PoV/Parallel_Test/venv/lib/python3.9/site-packages/airflow/example_dags/example_sensor_decorator.py
[2025-04-02T17:09:40.187-0400] {processor.py:840} INFO - DAG(s) 'example_sensor_decorator' retrieved from /Users/prasenjeet.gadhe/Documents/05. Nokia_PoV/Parallel_Test/venv/lib/python3.9/site-packages/airflow/example_dags/example_sensor_decorator.py
[2025-04-02T17:09:40.249-0400] {logging_mixin.py:188} INFO - [2025-04-02T17:09:40.249-0400] {dag.py:3096} INFO - Sync 1 DAGs
[2025-04-02T17:09:40.252-0400] {logging_mixin.py:188} INFO - [2025-04-02T17:09:40.252-0400] {dag.py:3954} INFO - Setting next_dagrun for example_sensor_decorator to None, run_after=None
[2025-04-02T17:09:40.258-0400] {processor.py:183} INFO - Processing /Users/prasenjeet.gadhe/Documents/05. Nokia_PoV/Parallel_Test/venv/lib/python3.9/site-packages/airflow/example_dags/example_sensor_decorator.py took 0.090 seconds
[2025-04-02T17:11:29.238-0400] {processor.py:161} INFO - Started process (PID=4330) to work on /Users/prasenjeet.gadhe/Documents/05. Nokia_PoV/Parallel_Test/venv/lib/python3.9/site-packages/airflow/example_dags/example_sensor_decorator.py
[2025-04-02T17:11:29.240-0400] {processor.py:830} INFO - Processing file /Users/prasenjeet.gadhe/Documents/05. Nokia_PoV/Parallel_Test/venv/lib/python3.9/site-packages/airflow/example_dags/example_sensor_decorator.py for tasks to queue
[2025-04-02T17:11:29.240-0400] {logging_mixin.py:188} INFO - [2025-04-02T17:11:29.240-0400] {dagbag.py:540} INFO - Filling up the DagBag from /Users/prasenjeet.gadhe/Documents/05. Nokia_PoV/Parallel_Test/venv/lib/python3.9/site-packages/airflow/example_dags/example_sensor_decorator.py
[2025-04-02T17:11:29.254-0400] {processor.py:840} INFO - DAG(s) 'example_sensor_decorator' retrieved from /Users/prasenjeet.gadhe/Documents/05. Nokia_PoV/Parallel_Test/venv/lib/python3.9/site-packages/airflow/example_dags/example_sensor_decorator.py
[2025-04-02T17:11:29.310-0400] {logging_mixin.py:188} INFO - [2025-04-02T17:11:29.310-0400] {dag.py:3096} INFO - Sync 1 DAGs
[2025-04-02T17:11:29.314-0400] {logging_mixin.py:188} INFO - [2025-04-02T17:11:29.314-0400] {dag.py:3954} INFO - Setting next_dagrun for example_sensor_decorator to None, run_after=None
[2025-04-02T17:11:29.320-0400] {processor.py:183} INFO - Processing /Users/prasenjeet.gadhe/Documents/05. Nokia_PoV/Parallel_Test/venv/lib/python3.9/site-packages/airflow/example_dags/example_sensor_decorator.py took 0.083 seconds
