[2025-04-02T16:40:27.194-0400] {processor.py:161} INFO - Started process (PID=73309) to work on /Users/prasenjeet.gadhe/Documents/05. Nokia_PoV/Parallel_Test/venv/lib/python3.9/site-packages/airflow/example_dags/example_bash_operator.py
[2025-04-02T16:40:27.195-0400] {processor.py:830} INFO - Processing file /Users/prasenjeet.gadhe/Documents/05. Nokia_PoV/Parallel_Test/venv/lib/python3.9/site-packages/airflow/example_dags/example_bash_operator.py for tasks to queue
[2025-04-02T16:40:27.195-0400] {logging_mixin.py:188} INFO - [2025-04-02T16:40:27.195-0400] {dagbag.py:540} INFO - Filling up the DagBag from /Users/prasenjeet.gadhe/Documents/05. Nokia_PoV/Parallel_Test/venv/lib/python3.9/site-packages/airflow/example_dags/example_bash_operator.py
[2025-04-02T16:40:27.201-0400] {processor.py:840} INFO - DAG(s) 'example_bash_operator' retrieved from /Users/prasenjeet.gadhe/Documents/05. Nokia_PoV/Parallel_Test/venv/lib/python3.9/site-packages/airflow/example_dags/example_bash_operator.py
[2025-04-02T16:40:27.292-0400] {logging_mixin.py:188} INFO - [2025-04-02T16:40:27.292-0400] {override.py:1829} INFO - Created Permission View: can delete on DAG:example_bash_operator
[2025-04-02T16:40:27.295-0400] {logging_mixin.py:188} INFO - [2025-04-02T16:40:27.295-0400] {override.py:1829} INFO - Created Permission View: can edit on DAG:example_bash_operator
[2025-04-02T16:40:27.297-0400] {logging_mixin.py:188} INFO - [2025-04-02T16:40:27.297-0400] {override.py:1829} INFO - Created Permission View: can read on DAG:example_bash_operator
[2025-04-02T16:40:27.297-0400] {logging_mixin.py:188} INFO - [2025-04-02T16:40:27.297-0400] {dag.py:3096} INFO - Sync 1 DAGs
[2025-04-02T16:40:27.301-0400] {logging_mixin.py:188} INFO - [2025-04-02T16:40:27.301-0400] {dag.py:3118} INFO - Creating ORM DAG for example_bash_operator
[2025-04-02T16:40:27.304-0400] {logging_mixin.py:188} INFO - [2025-04-02T16:40:27.304-0400] {dag.py:3954} INFO - Setting next_dagrun for example_bash_operator to 2025-04-01 00:00:00+00:00, run_after=2025-04-02 00:00:00+00:00
[2025-04-02T16:40:27.309-0400] {processor.py:183} INFO - Processing /Users/prasenjeet.gadhe/Documents/05. Nokia_PoV/Parallel_Test/venv/lib/python3.9/site-packages/airflow/example_dags/example_bash_operator.py took 0.116 seconds
[2025-04-02T16:42:22.221-0400] {processor.py:161} INFO - Started process (PID=87736) to work on /Users/prasenjeet.gadhe/Documents/05. Nokia_PoV/Parallel_Test/venv/lib/python3.9/site-packages/airflow/example_dags/example_bash_operator.py
[2025-04-02T16:42:22.223-0400] {processor.py:830} INFO - Processing file /Users/prasenjeet.gadhe/Documents/05. Nokia_PoV/Parallel_Test/venv/lib/python3.9/site-packages/airflow/example_dags/example_bash_operator.py for tasks to queue
[2025-04-02T16:42:22.223-0400] {logging_mixin.py:188} INFO - [2025-04-02T16:42:22.223-0400] {dagbag.py:540} INFO - Filling up the DagBag from /Users/prasenjeet.gadhe/Documents/05. Nokia_PoV/Parallel_Test/venv/lib/python3.9/site-packages/airflow/example_dags/example_bash_operator.py
[2025-04-02T16:42:22.229-0400] {processor.py:840} INFO - DAG(s) 'example_bash_operator' retrieved from /Users/prasenjeet.gadhe/Documents/05. Nokia_PoV/Parallel_Test/venv/lib/python3.9/site-packages/airflow/example_dags/example_bash_operator.py
[2025-04-02T16:42:22.292-0400] {logging_mixin.py:188} INFO - [2025-04-02T16:42:22.292-0400] {dag.py:3096} INFO - Sync 1 DAGs
[2025-04-02T16:42:22.298-0400] {logging_mixin.py:188} INFO - [2025-04-02T16:42:22.298-0400] {dag.py:3954} INFO - Setting next_dagrun for example_bash_operator to 2025-04-01 00:00:00+00:00, run_after=2025-04-02 00:00:00+00:00
[2025-04-02T16:42:22.305-0400] {processor.py:183} INFO - Processing /Users/prasenjeet.gadhe/Documents/05. Nokia_PoV/Parallel_Test/venv/lib/python3.9/site-packages/airflow/example_dags/example_bash_operator.py took 0.084 seconds
[2025-04-02T16:44:14.645-0400] {processor.py:161} INFO - Started process (PID=1917) to work on /Users/prasenjeet.gadhe/Documents/05. Nokia_PoV/Parallel_Test/venv/lib/python3.9/site-packages/airflow/example_dags/example_bash_operator.py
[2025-04-02T16:44:14.647-0400] {processor.py:830} INFO - Processing file /Users/prasenjeet.gadhe/Documents/05. Nokia_PoV/Parallel_Test/venv/lib/python3.9/site-packages/airflow/example_dags/example_bash_operator.py for tasks to queue
[2025-04-02T16:44:14.647-0400] {logging_mixin.py:188} INFO - [2025-04-02T16:44:14.647-0400] {dagbag.py:540} INFO - Filling up the DagBag from /Users/prasenjeet.gadhe/Documents/05. Nokia_PoV/Parallel_Test/venv/lib/python3.9/site-packages/airflow/example_dags/example_bash_operator.py
[2025-04-02T16:44:14.654-0400] {processor.py:840} INFO - DAG(s) 'example_bash_operator' retrieved from /Users/prasenjeet.gadhe/Documents/05. Nokia_PoV/Parallel_Test/venv/lib/python3.9/site-packages/airflow/example_dags/example_bash_operator.py
[2025-04-02T16:44:14.731-0400] {logging_mixin.py:188} INFO - [2025-04-02T16:44:14.731-0400] {dag.py:3096} INFO - Sync 1 DAGs
[2025-04-02T16:44:14.739-0400] {logging_mixin.py:188} INFO - [2025-04-02T16:44:14.739-0400] {dag.py:3954} INFO - Setting next_dagrun for example_bash_operator to 2025-04-01 00:00:00+00:00, run_after=2025-04-02 00:00:00+00:00
[2025-04-02T16:44:14.746-0400] {processor.py:183} INFO - Processing /Users/prasenjeet.gadhe/Documents/05. Nokia_PoV/Parallel_Test/venv/lib/python3.9/site-packages/airflow/example_dags/example_bash_operator.py took 0.103 seconds
[2025-04-02T16:46:49.082-0400] {processor.py:161} INFO - Started process (PID=21155) to work on /Users/prasenjeet.gadhe/Documents/05. Nokia_PoV/Parallel_Test/venv/lib/python3.9/site-packages/airflow/example_dags/example_bash_operator.py
[2025-04-02T16:46:49.084-0400] {processor.py:830} INFO - Processing file /Users/prasenjeet.gadhe/Documents/05. Nokia_PoV/Parallel_Test/venv/lib/python3.9/site-packages/airflow/example_dags/example_bash_operator.py for tasks to queue
[2025-04-02T16:46:49.084-0400] {logging_mixin.py:188} INFO - [2025-04-02T16:46:49.084-0400] {dagbag.py:540} INFO - Filling up the DagBag from /Users/prasenjeet.gadhe/Documents/05. Nokia_PoV/Parallel_Test/venv/lib/python3.9/site-packages/airflow/example_dags/example_bash_operator.py
[2025-04-02T16:46:49.090-0400] {processor.py:840} INFO - DAG(s) 'example_bash_operator' retrieved from /Users/prasenjeet.gadhe/Documents/05. Nokia_PoV/Parallel_Test/venv/lib/python3.9/site-packages/airflow/example_dags/example_bash_operator.py
[2025-04-02T16:46:49.149-0400] {logging_mixin.py:188} INFO - [2025-04-02T16:46:49.149-0400] {dag.py:3096} INFO - Sync 1 DAGs
[2025-04-02T16:46:49.155-0400] {logging_mixin.py:188} INFO - [2025-04-02T16:46:49.155-0400] {dag.py:3954} INFO - Setting next_dagrun for example_bash_operator to 2025-04-01 00:00:00+00:00, run_after=2025-04-02 00:00:00+00:00
[2025-04-02T16:46:49.162-0400] {processor.py:183} INFO - Processing /Users/prasenjeet.gadhe/Documents/05. Nokia_PoV/Parallel_Test/venv/lib/python3.9/site-packages/airflow/example_dags/example_bash_operator.py took 0.081 seconds
[2025-04-02T16:48:44.168-0400] {processor.py:161} INFO - Started process (PID=35392) to work on /Users/prasenjeet.gadhe/Documents/05. Nokia_PoV/Parallel_Test/venv/lib/python3.9/site-packages/airflow/example_dags/example_bash_operator.py
[2025-04-02T16:48:44.169-0400] {processor.py:830} INFO - Processing file /Users/prasenjeet.gadhe/Documents/05. Nokia_PoV/Parallel_Test/venv/lib/python3.9/site-packages/airflow/example_dags/example_bash_operator.py for tasks to queue
[2025-04-02T16:48:44.169-0400] {logging_mixin.py:188} INFO - [2025-04-02T16:48:44.169-0400] {dagbag.py:540} INFO - Filling up the DagBag from /Users/prasenjeet.gadhe/Documents/05. Nokia_PoV/Parallel_Test/venv/lib/python3.9/site-packages/airflow/example_dags/example_bash_operator.py
[2025-04-02T16:48:44.175-0400] {processor.py:840} INFO - DAG(s) 'example_bash_operator' retrieved from /Users/prasenjeet.gadhe/Documents/05. Nokia_PoV/Parallel_Test/venv/lib/python3.9/site-packages/airflow/example_dags/example_bash_operator.py
[2025-04-02T16:48:44.234-0400] {logging_mixin.py:188} INFO - [2025-04-02T16:48:44.234-0400] {dag.py:3096} INFO - Sync 1 DAGs
[2025-04-02T16:48:44.240-0400] {logging_mixin.py:188} INFO - [2025-04-02T16:48:44.240-0400] {dag.py:3954} INFO - Setting next_dagrun for example_bash_operator to 2025-04-01 00:00:00+00:00, run_after=2025-04-02 00:00:00+00:00
[2025-04-02T16:48:44.246-0400] {processor.py:183} INFO - Processing /Users/prasenjeet.gadhe/Documents/05. Nokia_PoV/Parallel_Test/venv/lib/python3.9/site-packages/airflow/example_dags/example_bash_operator.py took 0.080 seconds
[2025-04-02T16:52:00.151-0400] {processor.py:161} INFO - Started process (PID=59728) to work on /Users/prasenjeet.gadhe/Documents/05. Nokia_PoV/Parallel_Test/venv/lib/python3.9/site-packages/airflow/example_dags/example_bash_operator.py
[2025-04-02T16:52:00.153-0400] {processor.py:830} INFO - Processing file /Users/prasenjeet.gadhe/Documents/05. Nokia_PoV/Parallel_Test/venv/lib/python3.9/site-packages/airflow/example_dags/example_bash_operator.py for tasks to queue
[2025-04-02T16:52:00.153-0400] {logging_mixin.py:188} INFO - [2025-04-02T16:52:00.153-0400] {dagbag.py:540} INFO - Filling up the DagBag from /Users/prasenjeet.gadhe/Documents/05. Nokia_PoV/Parallel_Test/venv/lib/python3.9/site-packages/airflow/example_dags/example_bash_operator.py
[2025-04-02T16:52:00.159-0400] {processor.py:840} INFO - DAG(s) 'example_bash_operator' retrieved from /Users/prasenjeet.gadhe/Documents/05. Nokia_PoV/Parallel_Test/venv/lib/python3.9/site-packages/airflow/example_dags/example_bash_operator.py
[2025-04-02T16:52:00.215-0400] {logging_mixin.py:188} INFO - [2025-04-02T16:52:00.215-0400] {dag.py:3096} INFO - Sync 1 DAGs
[2025-04-02T16:52:00.221-0400] {logging_mixin.py:188} INFO - [2025-04-02T16:52:00.221-0400] {dag.py:3954} INFO - Setting next_dagrun for example_bash_operator to 2025-04-01 00:00:00+00:00, run_after=2025-04-02 00:00:00+00:00
[2025-04-02T16:52:00.227-0400] {processor.py:183} INFO - Processing /Users/prasenjeet.gadhe/Documents/05. Nokia_PoV/Parallel_Test/venv/lib/python3.9/site-packages/airflow/example_dags/example_bash_operator.py took 0.077 seconds
[2025-04-02T16:53:50.453-0400] {processor.py:161} INFO - Started process (PID=73203) to work on /Users/prasenjeet.gadhe/Documents/05. Nokia_PoV/Parallel_Test/venv/lib/python3.9/site-packages/airflow/example_dags/example_bash_operator.py
[2025-04-02T16:53:50.455-0400] {processor.py:830} INFO - Processing file /Users/prasenjeet.gadhe/Documents/05. Nokia_PoV/Parallel_Test/venv/lib/python3.9/site-packages/airflow/example_dags/example_bash_operator.py for tasks to queue
[2025-04-02T16:53:50.455-0400] {logging_mixin.py:188} INFO - [2025-04-02T16:53:50.455-0400] {dagbag.py:540} INFO - Filling up the DagBag from /Users/prasenjeet.gadhe/Documents/05. Nokia_PoV/Parallel_Test/venv/lib/python3.9/site-packages/airflow/example_dags/example_bash_operator.py
[2025-04-02T16:53:50.461-0400] {processor.py:840} INFO - DAG(s) 'example_bash_operator' retrieved from /Users/prasenjeet.gadhe/Documents/05. Nokia_PoV/Parallel_Test/venv/lib/python3.9/site-packages/airflow/example_dags/example_bash_operator.py
[2025-04-02T16:53:50.519-0400] {logging_mixin.py:188} INFO - [2025-04-02T16:53:50.519-0400] {dag.py:3096} INFO - Sync 1 DAGs
[2025-04-02T16:53:50.525-0400] {logging_mixin.py:188} INFO - [2025-04-02T16:53:50.525-0400] {dag.py:3954} INFO - Setting next_dagrun for example_bash_operator to 2025-04-01 00:00:00+00:00, run_after=2025-04-02 00:00:00+00:00
[2025-04-02T16:53:50.532-0400] {processor.py:183} INFO - Processing /Users/prasenjeet.gadhe/Documents/05. Nokia_PoV/Parallel_Test/venv/lib/python3.9/site-packages/airflow/example_dags/example_bash_operator.py took 0.080 seconds
[2025-04-02T16:55:45.752-0400] {processor.py:161} INFO - Started process (PID=87603) to work on /Users/prasenjeet.gadhe/Documents/05. Nokia_PoV/Parallel_Test/venv/lib/python3.9/site-packages/airflow/example_dags/example_bash_operator.py
[2025-04-02T16:55:45.754-0400] {processor.py:830} INFO - Processing file /Users/prasenjeet.gadhe/Documents/05. Nokia_PoV/Parallel_Test/venv/lib/python3.9/site-packages/airflow/example_dags/example_bash_operator.py for tasks to queue
[2025-04-02T16:55:45.754-0400] {logging_mixin.py:188} INFO - [2025-04-02T16:55:45.754-0400] {dagbag.py:540} INFO - Filling up the DagBag from /Users/prasenjeet.gadhe/Documents/05. Nokia_PoV/Parallel_Test/venv/lib/python3.9/site-packages/airflow/example_dags/example_bash_operator.py
[2025-04-02T16:55:45.760-0400] {processor.py:840} INFO - DAG(s) 'example_bash_operator' retrieved from /Users/prasenjeet.gadhe/Documents/05. Nokia_PoV/Parallel_Test/venv/lib/python3.9/site-packages/airflow/example_dags/example_bash_operator.py
[2025-04-02T16:55:45.822-0400] {logging_mixin.py:188} INFO - [2025-04-02T16:55:45.822-0400] {dag.py:3096} INFO - Sync 1 DAGs
[2025-04-02T16:55:45.828-0400] {logging_mixin.py:188} INFO - [2025-04-02T16:55:45.828-0400] {dag.py:3954} INFO - Setting next_dagrun for example_bash_operator to 2025-04-01 00:00:00+00:00, run_after=2025-04-02 00:00:00+00:00
[2025-04-02T16:55:45.835-0400] {processor.py:183} INFO - Processing /Users/prasenjeet.gadhe/Documents/05. Nokia_PoV/Parallel_Test/venv/lib/python3.9/site-packages/airflow/example_dags/example_bash_operator.py took 0.084 seconds
[2025-04-02T16:57:41.575-0400] {processor.py:161} INFO - Started process (PID=2133) to work on /Users/prasenjeet.gadhe/Documents/05. Nokia_PoV/Parallel_Test/venv/lib/python3.9/site-packages/airflow/example_dags/example_bash_operator.py
[2025-04-02T16:57:41.576-0400] {processor.py:830} INFO - Processing file /Users/prasenjeet.gadhe/Documents/05. Nokia_PoV/Parallel_Test/venv/lib/python3.9/site-packages/airflow/example_dags/example_bash_operator.py for tasks to queue
[2025-04-02T16:57:41.576-0400] {logging_mixin.py:188} INFO - [2025-04-02T16:57:41.576-0400] {dagbag.py:540} INFO - Filling up the DagBag from /Users/prasenjeet.gadhe/Documents/05. Nokia_PoV/Parallel_Test/venv/lib/python3.9/site-packages/airflow/example_dags/example_bash_operator.py
[2025-04-02T16:57:41.582-0400] {processor.py:840} INFO - DAG(s) 'example_bash_operator' retrieved from /Users/prasenjeet.gadhe/Documents/05. Nokia_PoV/Parallel_Test/venv/lib/python3.9/site-packages/airflow/example_dags/example_bash_operator.py
[2025-04-02T16:57:41.638-0400] {logging_mixin.py:188} INFO - [2025-04-02T16:57:41.638-0400] {dag.py:3096} INFO - Sync 1 DAGs
[2025-04-02T16:57:41.644-0400] {logging_mixin.py:188} INFO - [2025-04-02T16:57:41.644-0400] {dag.py:3954} INFO - Setting next_dagrun for example_bash_operator to 2025-04-01 00:00:00+00:00, run_after=2025-04-02 00:00:00+00:00
[2025-04-02T16:57:41.650-0400] {processor.py:183} INFO - Processing /Users/prasenjeet.gadhe/Documents/05. Nokia_PoV/Parallel_Test/venv/lib/python3.9/site-packages/airflow/example_dags/example_bash_operator.py took 0.076 seconds
[2025-04-02T16:59:31.189-0400] {processor.py:161} INFO - Started process (PID=15684) to work on /Users/prasenjeet.gadhe/Documents/05. Nokia_PoV/Parallel_Test/venv/lib/python3.9/site-packages/airflow/example_dags/example_bash_operator.py
[2025-04-02T16:59:31.190-0400] {processor.py:830} INFO - Processing file /Users/prasenjeet.gadhe/Documents/05. Nokia_PoV/Parallel_Test/venv/lib/python3.9/site-packages/airflow/example_dags/example_bash_operator.py for tasks to queue
[2025-04-02T16:59:31.190-0400] {logging_mixin.py:188} INFO - [2025-04-02T16:59:31.190-0400] {dagbag.py:540} INFO - Filling up the DagBag from /Users/prasenjeet.gadhe/Documents/05. Nokia_PoV/Parallel_Test/venv/lib/python3.9/site-packages/airflow/example_dags/example_bash_operator.py
[2025-04-02T16:59:31.196-0400] {processor.py:840} INFO - DAG(s) 'example_bash_operator' retrieved from /Users/prasenjeet.gadhe/Documents/05. Nokia_PoV/Parallel_Test/venv/lib/python3.9/site-packages/airflow/example_dags/example_bash_operator.py
[2025-04-02T16:59:31.254-0400] {logging_mixin.py:188} INFO - [2025-04-02T16:59:31.254-0400] {dag.py:3096} INFO - Sync 1 DAGs
[2025-04-02T16:59:31.259-0400] {logging_mixin.py:188} INFO - [2025-04-02T16:59:31.259-0400] {dag.py:3954} INFO - Setting next_dagrun for example_bash_operator to 2025-04-01 00:00:00+00:00, run_after=2025-04-02 00:00:00+00:00
[2025-04-02T16:59:31.265-0400] {processor.py:183} INFO - Processing /Users/prasenjeet.gadhe/Documents/05. Nokia_PoV/Parallel_Test/venv/lib/python3.9/site-packages/airflow/example_dags/example_bash_operator.py took 0.077 seconds
[2025-04-02T17:01:25.593-0400] {processor.py:161} INFO - Started process (PID=29677) to work on /Users/prasenjeet.gadhe/Documents/05. Nokia_PoV/Parallel_Test/venv/lib/python3.9/site-packages/airflow/example_dags/example_bash_operator.py
[2025-04-02T17:01:25.595-0400] {processor.py:830} INFO - Processing file /Users/prasenjeet.gadhe/Documents/05. Nokia_PoV/Parallel_Test/venv/lib/python3.9/site-packages/airflow/example_dags/example_bash_operator.py for tasks to queue
[2025-04-02T17:01:25.595-0400] {logging_mixin.py:188} INFO - [2025-04-02T17:01:25.595-0400] {dagbag.py:540} INFO - Filling up the DagBag from /Users/prasenjeet.gadhe/Documents/05. Nokia_PoV/Parallel_Test/venv/lib/python3.9/site-packages/airflow/example_dags/example_bash_operator.py
[2025-04-02T17:01:25.600-0400] {processor.py:840} INFO - DAG(s) 'example_bash_operator' retrieved from /Users/prasenjeet.gadhe/Documents/05. Nokia_PoV/Parallel_Test/venv/lib/python3.9/site-packages/airflow/example_dags/example_bash_operator.py
[2025-04-02T17:01:25.657-0400] {logging_mixin.py:188} INFO - [2025-04-02T17:01:25.657-0400] {dag.py:3096} INFO - Sync 1 DAGs
[2025-04-02T17:01:25.662-0400] {logging_mixin.py:188} INFO - [2025-04-02T17:01:25.662-0400] {dag.py:3954} INFO - Setting next_dagrun for example_bash_operator to 2025-04-01 00:00:00+00:00, run_after=2025-04-02 00:00:00+00:00
[2025-04-02T17:01:25.669-0400] {processor.py:183} INFO - Processing /Users/prasenjeet.gadhe/Documents/05. Nokia_PoV/Parallel_Test/venv/lib/python3.9/site-packages/airflow/example_dags/example_bash_operator.py took 0.077 seconds
[2025-04-02T17:03:18.144-0400] {processor.py:161} INFO - Started process (PID=43512) to work on /Users/prasenjeet.gadhe/Documents/05. Nokia_PoV/Parallel_Test/venv/lib/python3.9/site-packages/airflow/example_dags/example_bash_operator.py
[2025-04-02T17:03:18.146-0400] {processor.py:830} INFO - Processing file /Users/prasenjeet.gadhe/Documents/05. Nokia_PoV/Parallel_Test/venv/lib/python3.9/site-packages/airflow/example_dags/example_bash_operator.py for tasks to queue
[2025-04-02T17:03:18.146-0400] {logging_mixin.py:188} INFO - [2025-04-02T17:03:18.146-0400] {dagbag.py:540} INFO - Filling up the DagBag from /Users/prasenjeet.gadhe/Documents/05. Nokia_PoV/Parallel_Test/venv/lib/python3.9/site-packages/airflow/example_dags/example_bash_operator.py
[2025-04-02T17:03:18.151-0400] {processor.py:840} INFO - DAG(s) 'example_bash_operator' retrieved from /Users/prasenjeet.gadhe/Documents/05. Nokia_PoV/Parallel_Test/venv/lib/python3.9/site-packages/airflow/example_dags/example_bash_operator.py
[2025-04-02T17:03:18.208-0400] {logging_mixin.py:188} INFO - [2025-04-02T17:03:18.207-0400] {dag.py:3096} INFO - Sync 1 DAGs
[2025-04-02T17:03:18.213-0400] {logging_mixin.py:188} INFO - [2025-04-02T17:03:18.213-0400] {dag.py:3954} INFO - Setting next_dagrun for example_bash_operator to 2025-04-01 00:00:00+00:00, run_after=2025-04-02 00:00:00+00:00
[2025-04-02T17:03:18.219-0400] {processor.py:183} INFO - Processing /Users/prasenjeet.gadhe/Documents/05. Nokia_PoV/Parallel_Test/venv/lib/python3.9/site-packages/airflow/example_dags/example_bash_operator.py took 0.077 seconds
[2025-04-02T17:05:08.933-0400] {processor.py:161} INFO - Started process (PID=57142) to work on /Users/prasenjeet.gadhe/Documents/05. Nokia_PoV/Parallel_Test/venv/lib/python3.9/site-packages/airflow/example_dags/example_bash_operator.py
[2025-04-02T17:05:08.935-0400] {processor.py:830} INFO - Processing file /Users/prasenjeet.gadhe/Documents/05. Nokia_PoV/Parallel_Test/venv/lib/python3.9/site-packages/airflow/example_dags/example_bash_operator.py for tasks to queue
[2025-04-02T17:05:08.935-0400] {logging_mixin.py:188} INFO - [2025-04-02T17:05:08.935-0400] {dagbag.py:540} INFO - Filling up the DagBag from /Users/prasenjeet.gadhe/Documents/05. Nokia_PoV/Parallel_Test/venv/lib/python3.9/site-packages/airflow/example_dags/example_bash_operator.py
[2025-04-02T17:05:08.940-0400] {processor.py:840} INFO - DAG(s) 'example_bash_operator' retrieved from /Users/prasenjeet.gadhe/Documents/05. Nokia_PoV/Parallel_Test/venv/lib/python3.9/site-packages/airflow/example_dags/example_bash_operator.py
[2025-04-02T17:05:08.997-0400] {logging_mixin.py:188} INFO - [2025-04-02T17:05:08.997-0400] {dag.py:3096} INFO - Sync 1 DAGs
[2025-04-02T17:05:09.003-0400] {logging_mixin.py:188} INFO - [2025-04-02T17:05:09.003-0400] {dag.py:3954} INFO - Setting next_dagrun for example_bash_operator to 2025-04-01 00:00:00+00:00, run_after=2025-04-02 00:00:00+00:00
[2025-04-02T17:05:09.009-0400] {processor.py:183} INFO - Processing /Users/prasenjeet.gadhe/Documents/05. Nokia_PoV/Parallel_Test/venv/lib/python3.9/site-packages/airflow/example_dags/example_bash_operator.py took 0.077 seconds
[2025-04-02T17:06:58.667-0400] {processor.py:161} INFO - Started process (PID=70588) to work on /Users/prasenjeet.gadhe/Documents/05. Nokia_PoV/Parallel_Test/venv/lib/python3.9/site-packages/airflow/example_dags/example_bash_operator.py
[2025-04-02T17:06:58.669-0400] {processor.py:830} INFO - Processing file /Users/prasenjeet.gadhe/Documents/05. Nokia_PoV/Parallel_Test/venv/lib/python3.9/site-packages/airflow/example_dags/example_bash_operator.py for tasks to queue
[2025-04-02T17:06:58.669-0400] {logging_mixin.py:188} INFO - [2025-04-02T17:06:58.669-0400] {dagbag.py:540} INFO - Filling up the DagBag from /Users/prasenjeet.gadhe/Documents/05. Nokia_PoV/Parallel_Test/venv/lib/python3.9/site-packages/airflow/example_dags/example_bash_operator.py
[2025-04-02T17:06:58.675-0400] {processor.py:840} INFO - DAG(s) 'example_bash_operator' retrieved from /Users/prasenjeet.gadhe/Documents/05. Nokia_PoV/Parallel_Test/venv/lib/python3.9/site-packages/airflow/example_dags/example_bash_operator.py
[2025-04-02T17:06:58.735-0400] {logging_mixin.py:188} INFO - [2025-04-02T17:06:58.735-0400] {dag.py:3096} INFO - Sync 1 DAGs
[2025-04-02T17:06:58.741-0400] {logging_mixin.py:188} INFO - [2025-04-02T17:06:58.741-0400] {dag.py:3954} INFO - Setting next_dagrun for example_bash_operator to 2025-04-01 00:00:00+00:00, run_after=2025-04-02 00:00:00+00:00
[2025-04-02T17:06:58.747-0400] {processor.py:183} INFO - Processing /Users/prasenjeet.gadhe/Documents/05. Nokia_PoV/Parallel_Test/venv/lib/python3.9/site-packages/airflow/example_dags/example_bash_operator.py took 0.081 seconds
[2025-04-02T17:08:51.722-0400] {processor.py:161} INFO - Started process (PID=84588) to work on /Users/prasenjeet.gadhe/Documents/05. Nokia_PoV/Parallel_Test/venv/lib/python3.9/site-packages/airflow/example_dags/example_bash_operator.py
[2025-04-02T17:08:51.723-0400] {processor.py:830} INFO - Processing file /Users/prasenjeet.gadhe/Documents/05. Nokia_PoV/Parallel_Test/venv/lib/python3.9/site-packages/airflow/example_dags/example_bash_operator.py for tasks to queue
[2025-04-02T17:08:51.723-0400] {logging_mixin.py:188} INFO - [2025-04-02T17:08:51.723-0400] {dagbag.py:540} INFO - Filling up the DagBag from /Users/prasenjeet.gadhe/Documents/05. Nokia_PoV/Parallel_Test/venv/lib/python3.9/site-packages/airflow/example_dags/example_bash_operator.py
[2025-04-02T17:08:51.729-0400] {processor.py:840} INFO - DAG(s) 'example_bash_operator' retrieved from /Users/prasenjeet.gadhe/Documents/05. Nokia_PoV/Parallel_Test/venv/lib/python3.9/site-packages/airflow/example_dags/example_bash_operator.py
[2025-04-02T17:08:51.794-0400] {logging_mixin.py:188} INFO - [2025-04-02T17:08:51.794-0400] {dag.py:3096} INFO - Sync 1 DAGs
[2025-04-02T17:08:51.800-0400] {logging_mixin.py:188} INFO - [2025-04-02T17:08:51.800-0400] {dag.py:3954} INFO - Setting next_dagrun for example_bash_operator to 2025-04-01 00:00:00+00:00, run_after=2025-04-02 00:00:00+00:00
[2025-04-02T17:08:51.807-0400] {processor.py:183} INFO - Processing /Users/prasenjeet.gadhe/Documents/05. Nokia_PoV/Parallel_Test/venv/lib/python3.9/site-packages/airflow/example_dags/example_bash_operator.py took 0.086 seconds
[2025-04-02T17:10:47.592-0400] {processor.py:161} INFO - Started process (PID=98858) to work on /Users/prasenjeet.gadhe/Documents/05. Nokia_PoV/Parallel_Test/venv/lib/python3.9/site-packages/airflow/example_dags/example_bash_operator.py
[2025-04-02T17:10:47.594-0400] {processor.py:830} INFO - Processing file /Users/prasenjeet.gadhe/Documents/05. Nokia_PoV/Parallel_Test/venv/lib/python3.9/site-packages/airflow/example_dags/example_bash_operator.py for tasks to queue
[2025-04-02T17:10:47.595-0400] {logging_mixin.py:188} INFO - [2025-04-02T17:10:47.595-0400] {dagbag.py:540} INFO - Filling up the DagBag from /Users/prasenjeet.gadhe/Documents/05. Nokia_PoV/Parallel_Test/venv/lib/python3.9/site-packages/airflow/example_dags/example_bash_operator.py
[2025-04-02T17:10:47.600-0400] {processor.py:840} INFO - DAG(s) 'example_bash_operator' retrieved from /Users/prasenjeet.gadhe/Documents/05. Nokia_PoV/Parallel_Test/venv/lib/python3.9/site-packages/airflow/example_dags/example_bash_operator.py
[2025-04-02T17:10:47.662-0400] {logging_mixin.py:188} INFO - [2025-04-02T17:10:47.661-0400] {dag.py:3096} INFO - Sync 1 DAGs
[2025-04-02T17:10:47.667-0400] {logging_mixin.py:188} INFO - [2025-04-02T17:10:47.667-0400] {dag.py:3954} INFO - Setting next_dagrun for example_bash_operator to 2025-04-01 00:00:00+00:00, run_after=2025-04-02 00:00:00+00:00
[2025-04-02T17:10:47.673-0400] {processor.py:183} INFO - Processing /Users/prasenjeet.gadhe/Documents/05. Nokia_PoV/Parallel_Test/venv/lib/python3.9/site-packages/airflow/example_dags/example_bash_operator.py took 0.082 seconds
[2025-04-02T17:12:41.472-0400] {processor.py:161} INFO - Started process (PID=13349) to work on /Users/prasenjeet.gadhe/Documents/05. Nokia_PoV/Parallel_Test/venv/lib/python3.9/site-packages/airflow/example_dags/example_bash_operator.py
[2025-04-02T17:12:41.474-0400] {processor.py:830} INFO - Processing file /Users/prasenjeet.gadhe/Documents/05. Nokia_PoV/Parallel_Test/venv/lib/python3.9/site-packages/airflow/example_dags/example_bash_operator.py for tasks to queue
[2025-04-02T17:12:41.474-0400] {logging_mixin.py:188} INFO - [2025-04-02T17:12:41.474-0400] {dagbag.py:540} INFO - Filling up the DagBag from /Users/prasenjeet.gadhe/Documents/05. Nokia_PoV/Parallel_Test/venv/lib/python3.9/site-packages/airflow/example_dags/example_bash_operator.py
[2025-04-02T17:12:41.480-0400] {processor.py:840} INFO - DAG(s) 'example_bash_operator' retrieved from /Users/prasenjeet.gadhe/Documents/05. Nokia_PoV/Parallel_Test/venv/lib/python3.9/site-packages/airflow/example_dags/example_bash_operator.py
[2025-04-02T17:12:41.542-0400] {logging_mixin.py:188} INFO - [2025-04-02T17:12:41.542-0400] {dag.py:3096} INFO - Sync 1 DAGs
[2025-04-02T17:12:41.548-0400] {logging_mixin.py:188} INFO - [2025-04-02T17:12:41.547-0400] {dag.py:3954} INFO - Setting next_dagrun for example_bash_operator to 2025-04-01 00:00:00+00:00, run_after=2025-04-02 00:00:00+00:00
[2025-04-02T17:12:41.553-0400] {processor.py:183} INFO - Processing /Users/prasenjeet.gadhe/Documents/05. Nokia_PoV/Parallel_Test/venv/lib/python3.9/site-packages/airflow/example_dags/example_bash_operator.py took 0.082 seconds
