[2025-04-02T16:40:02.451-0400] {processor.py:161} INFO - Started process (PID=70241) to work on /Users/prasenjeet.gadhe/Documents/05. Nokia_PoV/Parallel_Test/venv/lib/python3.9/site-packages/airflow/example_dags/example_kubernetes_executor.py
[2025-04-02T16:40:02.453-0400] {processor.py:830} INFO - Processing file /Users/prasenjeet.gadhe/Documents/05. Nokia_PoV/Parallel_Test/venv/lib/python3.9/site-packages/airflow/example_dags/example_kubernetes_executor.py for tasks to queue
[2025-04-02T16:40:02.453-0400] {logging_mixin.py:188} INFO - [2025-04-02T16:40:02.453-0400] {dagbag.py:540} INFO - Filling up the DagBag from /Users/prasenjeet.gadhe/Documents/05. Nokia_PoV/Parallel_Test/venv/lib/python3.9/site-packages/airflow/example_dags/example_kubernetes_executor.py
[2025-04-02T16:40:02.467-0400] {logging_mixin.py:188} INFO - [2025-04-02T16:40:02.467-0400] {example_kubernetes_executor.py:39} WARNING - The example_kubernetes_executor example DAG requires the kubernetes provider. Please install it with: pip install apache-airflow[cncf.kubernetes]
[2025-04-02T16:40:02.467-0400] {processor.py:842} WARNING - No viable dags retrieved from /Users/prasenjeet.gadhe/Documents/05. Nokia_PoV/Parallel_Test/venv/lib/python3.9/site-packages/airflow/example_dags/example_kubernetes_executor.py
[2025-04-02T16:40:02.517-0400] {processor.py:183} INFO - Processing /Users/prasenjeet.gadhe/Documents/05. Nokia_PoV/Parallel_Test/venv/lib/python3.9/site-packages/airflow/example_dags/example_kubernetes_executor.py took 0.066 seconds
[2025-04-02T16:41:57.889-0400] {processor.py:161} INFO - Started process (PID=84689) to work on /Users/prasenjeet.gadhe/Documents/05. Nokia_PoV/Parallel_Test/venv/lib/python3.9/site-packages/airflow/example_dags/example_kubernetes_executor.py
[2025-04-02T16:41:57.891-0400] {processor.py:830} INFO - Processing file /Users/prasenjeet.gadhe/Documents/05. Nokia_PoV/Parallel_Test/venv/lib/python3.9/site-packages/airflow/example_dags/example_kubernetes_executor.py for tasks to queue
[2025-04-02T16:41:57.891-0400] {logging_mixin.py:188} INFO - [2025-04-02T16:41:57.891-0400] {dagbag.py:540} INFO - Filling up the DagBag from /Users/prasenjeet.gadhe/Documents/05. Nokia_PoV/Parallel_Test/venv/lib/python3.9/site-packages/airflow/example_dags/example_kubernetes_executor.py
[2025-04-02T16:41:57.904-0400] {logging_mixin.py:188} INFO - [2025-04-02T16:41:57.904-0400] {example_kubernetes_executor.py:39} WARNING - The example_kubernetes_executor example DAG requires the kubernetes provider. Please install it with: pip install apache-airflow[cncf.kubernetes]
[2025-04-02T16:41:57.904-0400] {processor.py:842} WARNING - No viable dags retrieved from /Users/prasenjeet.gadhe/Documents/05. Nokia_PoV/Parallel_Test/venv/lib/python3.9/site-packages/airflow/example_dags/example_kubernetes_executor.py
[2025-04-02T16:41:57.951-0400] {processor.py:183} INFO - Processing /Users/prasenjeet.gadhe/Documents/05. Nokia_PoV/Parallel_Test/venv/lib/python3.9/site-packages/airflow/example_dags/example_kubernetes_executor.py took 0.064 seconds
[2025-04-02T16:43:52.222-0400] {processor.py:161} INFO - Started process (PID=98834) to work on /Users/prasenjeet.gadhe/Documents/05. Nokia_PoV/Parallel_Test/venv/lib/python3.9/site-packages/airflow/example_dags/example_kubernetes_executor.py
[2025-04-02T16:43:52.224-0400] {processor.py:830} INFO - Processing file /Users/prasenjeet.gadhe/Documents/05. Nokia_PoV/Parallel_Test/venv/lib/python3.9/site-packages/airflow/example_dags/example_kubernetes_executor.py for tasks to queue
[2025-04-02T16:43:52.225-0400] {logging_mixin.py:188} INFO - [2025-04-02T16:43:52.225-0400] {dagbag.py:540} INFO - Filling up the DagBag from /Users/prasenjeet.gadhe/Documents/05. Nokia_PoV/Parallel_Test/venv/lib/python3.9/site-packages/airflow/example_dags/example_kubernetes_executor.py
[2025-04-02T16:43:52.240-0400] {logging_mixin.py:188} INFO - [2025-04-02T16:43:52.240-0400] {example_kubernetes_executor.py:39} WARNING - The example_kubernetes_executor example DAG requires the kubernetes provider. Please install it with: pip install apache-airflow[cncf.kubernetes]
[2025-04-02T16:43:52.240-0400] {processor.py:842} WARNING - No viable dags retrieved from /Users/prasenjeet.gadhe/Documents/05. Nokia_PoV/Parallel_Test/venv/lib/python3.9/site-packages/airflow/example_dags/example_kubernetes_executor.py
[2025-04-02T16:43:52.293-0400] {processor.py:183} INFO - Processing /Users/prasenjeet.gadhe/Documents/05. Nokia_PoV/Parallel_Test/venv/lib/python3.9/site-packages/airflow/example_dags/example_kubernetes_executor.py took 0.072 seconds
[2025-04-02T16:46:23.867-0400] {processor.py:161} INFO - Started process (PID=18015) to work on /Users/prasenjeet.gadhe/Documents/05. Nokia_PoV/Parallel_Test/venv/lib/python3.9/site-packages/airflow/example_dags/example_kubernetes_executor.py
[2025-04-02T16:46:23.869-0400] {processor.py:830} INFO - Processing file /Users/prasenjeet.gadhe/Documents/05. Nokia_PoV/Parallel_Test/venv/lib/python3.9/site-packages/airflow/example_dags/example_kubernetes_executor.py for tasks to queue
[2025-04-02T16:46:23.870-0400] {logging_mixin.py:188} INFO - [2025-04-02T16:46:23.870-0400] {dagbag.py:540} INFO - Filling up the DagBag from /Users/prasenjeet.gadhe/Documents/05. Nokia_PoV/Parallel_Test/venv/lib/python3.9/site-packages/airflow/example_dags/example_kubernetes_executor.py
[2025-04-02T16:46:23.882-0400] {logging_mixin.py:188} INFO - [2025-04-02T16:46:23.882-0400] {example_kubernetes_executor.py:39} WARNING - The example_kubernetes_executor example DAG requires the kubernetes provider. Please install it with: pip install apache-airflow[cncf.kubernetes]
[2025-04-02T16:46:23.882-0400] {processor.py:842} WARNING - No viable dags retrieved from /Users/prasenjeet.gadhe/Documents/05. Nokia_PoV/Parallel_Test/venv/lib/python3.9/site-packages/airflow/example_dags/example_kubernetes_executor.py
[2025-04-02T16:46:23.932-0400] {processor.py:183} INFO - Processing /Users/prasenjeet.gadhe/Documents/05. Nokia_PoV/Parallel_Test/venv/lib/python3.9/site-packages/airflow/example_dags/example_kubernetes_executor.py took 0.066 seconds
[2025-04-02T16:48:22.651-0400] {processor.py:161} INFO - Started process (PID=32688) to work on /Users/prasenjeet.gadhe/Documents/05. Nokia_PoV/Parallel_Test/venv/lib/python3.9/site-packages/airflow/example_dags/example_kubernetes_executor.py
[2025-04-02T16:48:22.653-0400] {processor.py:830} INFO - Processing file /Users/prasenjeet.gadhe/Documents/05. Nokia_PoV/Parallel_Test/venv/lib/python3.9/site-packages/airflow/example_dags/example_kubernetes_executor.py for tasks to queue
[2025-04-02T16:48:22.653-0400] {logging_mixin.py:188} INFO - [2025-04-02T16:48:22.653-0400] {dagbag.py:540} INFO - Filling up the DagBag from /Users/prasenjeet.gadhe/Documents/05. Nokia_PoV/Parallel_Test/venv/lib/python3.9/site-packages/airflow/example_dags/example_kubernetes_executor.py
[2025-04-02T16:48:22.666-0400] {logging_mixin.py:188} INFO - [2025-04-02T16:48:22.666-0400] {example_kubernetes_executor.py:39} WARNING - The example_kubernetes_executor example DAG requires the kubernetes provider. Please install it with: pip install apache-airflow[cncf.kubernetes]
[2025-04-02T16:48:22.666-0400] {processor.py:842} WARNING - No viable dags retrieved from /Users/prasenjeet.gadhe/Documents/05. Nokia_PoV/Parallel_Test/venv/lib/python3.9/site-packages/airflow/example_dags/example_kubernetes_executor.py
[2025-04-02T16:48:22.713-0400] {processor.py:183} INFO - Processing /Users/prasenjeet.gadhe/Documents/05. Nokia_PoV/Parallel_Test/venv/lib/python3.9/site-packages/airflow/example_dags/example_kubernetes_executor.py took 0.064 seconds
[2025-04-02T16:51:35.123-0400] {processor.py:161} INFO - Started process (PID=56607) to work on /Users/prasenjeet.gadhe/Documents/05. Nokia_PoV/Parallel_Test/venv/lib/python3.9/site-packages/airflow/example_dags/example_kubernetes_executor.py
[2025-04-02T16:51:35.125-0400] {processor.py:830} INFO - Processing file /Users/prasenjeet.gadhe/Documents/05. Nokia_PoV/Parallel_Test/venv/lib/python3.9/site-packages/airflow/example_dags/example_kubernetes_executor.py for tasks to queue
[2025-04-02T16:51:35.125-0400] {logging_mixin.py:188} INFO - [2025-04-02T16:51:35.125-0400] {dagbag.py:540} INFO - Filling up the DagBag from /Users/prasenjeet.gadhe/Documents/05. Nokia_PoV/Parallel_Test/venv/lib/python3.9/site-packages/airflow/example_dags/example_kubernetes_executor.py
[2025-04-02T16:51:35.139-0400] {logging_mixin.py:188} INFO - [2025-04-02T16:51:35.139-0400] {example_kubernetes_executor.py:39} WARNING - The example_kubernetes_executor example DAG requires the kubernetes provider. Please install it with: pip install apache-airflow[cncf.kubernetes]
[2025-04-02T16:51:35.139-0400] {processor.py:842} WARNING - No viable dags retrieved from /Users/prasenjeet.gadhe/Documents/05. Nokia_PoV/Parallel_Test/venv/lib/python3.9/site-packages/airflow/example_dags/example_kubernetes_executor.py
[2025-04-02T16:51:35.190-0400] {processor.py:183} INFO - Processing /Users/prasenjeet.gadhe/Documents/05. Nokia_PoV/Parallel_Test/venv/lib/python3.9/site-packages/airflow/example_dags/example_kubernetes_executor.py took 0.068 seconds
[2025-04-02T16:53:29.188-0400] {processor.py:161} INFO - Started process (PID=70611) to work on /Users/prasenjeet.gadhe/Documents/05. Nokia_PoV/Parallel_Test/venv/lib/python3.9/site-packages/airflow/example_dags/example_kubernetes_executor.py
[2025-04-02T16:53:29.190-0400] {processor.py:830} INFO - Processing file /Users/prasenjeet.gadhe/Documents/05. Nokia_PoV/Parallel_Test/venv/lib/python3.9/site-packages/airflow/example_dags/example_kubernetes_executor.py for tasks to queue
[2025-04-02T16:53:29.190-0400] {logging_mixin.py:188} INFO - [2025-04-02T16:53:29.190-0400] {dagbag.py:540} INFO - Filling up the DagBag from /Users/prasenjeet.gadhe/Documents/05. Nokia_PoV/Parallel_Test/venv/lib/python3.9/site-packages/airflow/example_dags/example_kubernetes_executor.py
[2025-04-02T16:53:29.204-0400] {logging_mixin.py:188} INFO - [2025-04-02T16:53:29.204-0400] {example_kubernetes_executor.py:39} WARNING - The example_kubernetes_executor example DAG requires the kubernetes provider. Please install it with: pip install apache-airflow[cncf.kubernetes]
[2025-04-02T16:53:29.205-0400] {processor.py:842} WARNING - No viable dags retrieved from /Users/prasenjeet.gadhe/Documents/05. Nokia_PoV/Parallel_Test/venv/lib/python3.9/site-packages/airflow/example_dags/example_kubernetes_executor.py
[2025-04-02T16:53:29.261-0400] {processor.py:183} INFO - Processing /Users/prasenjeet.gadhe/Documents/05. Nokia_PoV/Parallel_Test/venv/lib/python3.9/site-packages/airflow/example_dags/example_kubernetes_executor.py took 0.075 seconds
[2025-04-02T16:55:22.459-0400] {processor.py:161} INFO - Started process (PID=84632) to work on /Users/prasenjeet.gadhe/Documents/05. Nokia_PoV/Parallel_Test/venv/lib/python3.9/site-packages/airflow/example_dags/example_kubernetes_executor.py
[2025-04-02T16:55:22.460-0400] {processor.py:830} INFO - Processing file /Users/prasenjeet.gadhe/Documents/05. Nokia_PoV/Parallel_Test/venv/lib/python3.9/site-packages/airflow/example_dags/example_kubernetes_executor.py for tasks to queue
[2025-04-02T16:55:22.461-0400] {logging_mixin.py:188} INFO - [2025-04-02T16:55:22.461-0400] {dagbag.py:540} INFO - Filling up the DagBag from /Users/prasenjeet.gadhe/Documents/05. Nokia_PoV/Parallel_Test/venv/lib/python3.9/site-packages/airflow/example_dags/example_kubernetes_executor.py
[2025-04-02T16:55:22.475-0400] {logging_mixin.py:188} INFO - [2025-04-02T16:55:22.474-0400] {example_kubernetes_executor.py:39} WARNING - The example_kubernetes_executor example DAG requires the kubernetes provider. Please install it with: pip install apache-airflow[cncf.kubernetes]
[2025-04-02T16:55:22.475-0400] {processor.py:842} WARNING - No viable dags retrieved from /Users/prasenjeet.gadhe/Documents/05. Nokia_PoV/Parallel_Test/venv/lib/python3.9/site-packages/airflow/example_dags/example_kubernetes_executor.py
[2025-04-02T16:55:22.523-0400] {processor.py:183} INFO - Processing /Users/prasenjeet.gadhe/Documents/05. Nokia_PoV/Parallel_Test/venv/lib/python3.9/site-packages/airflow/example_dags/example_kubernetes_executor.py took 0.066 seconds
[2025-04-02T16:57:18.326-0400] {processor.py:161} INFO - Started process (PID=98951) to work on /Users/prasenjeet.gadhe/Documents/05. Nokia_PoV/Parallel_Test/venv/lib/python3.9/site-packages/airflow/example_dags/example_kubernetes_executor.py
[2025-04-02T16:57:18.328-0400] {processor.py:830} INFO - Processing file /Users/prasenjeet.gadhe/Documents/05. Nokia_PoV/Parallel_Test/venv/lib/python3.9/site-packages/airflow/example_dags/example_kubernetes_executor.py for tasks to queue
[2025-04-02T16:57:18.328-0400] {logging_mixin.py:188} INFO - [2025-04-02T16:57:18.328-0400] {dagbag.py:540} INFO - Filling up the DagBag from /Users/prasenjeet.gadhe/Documents/05. Nokia_PoV/Parallel_Test/venv/lib/python3.9/site-packages/airflow/example_dags/example_kubernetes_executor.py
[2025-04-02T16:57:18.343-0400] {logging_mixin.py:188} INFO - [2025-04-02T16:57:18.343-0400] {example_kubernetes_executor.py:39} WARNING - The example_kubernetes_executor example DAG requires the kubernetes provider. Please install it with: pip install apache-airflow[cncf.kubernetes]
[2025-04-02T16:57:18.343-0400] {processor.py:842} WARNING - No viable dags retrieved from /Users/prasenjeet.gadhe/Documents/05. Nokia_PoV/Parallel_Test/venv/lib/python3.9/site-packages/airflow/example_dags/example_kubernetes_executor.py
[2025-04-02T16:57:18.390-0400] {processor.py:183} INFO - Processing /Users/prasenjeet.gadhe/Documents/05. Nokia_PoV/Parallel_Test/venv/lib/python3.9/site-packages/airflow/example_dags/example_kubernetes_executor.py took 0.065 seconds
[2025-04-02T16:59:09.147-0400] {processor.py:161} INFO - Started process (PID=12966) to work on /Users/prasenjeet.gadhe/Documents/05. Nokia_PoV/Parallel_Test/venv/lib/python3.9/site-packages/airflow/example_dags/example_kubernetes_executor.py
[2025-04-02T16:59:09.149-0400] {processor.py:830} INFO - Processing file /Users/prasenjeet.gadhe/Documents/05. Nokia_PoV/Parallel_Test/venv/lib/python3.9/site-packages/airflow/example_dags/example_kubernetes_executor.py for tasks to queue
[2025-04-02T16:59:09.150-0400] {logging_mixin.py:188} INFO - [2025-04-02T16:59:09.150-0400] {dagbag.py:540} INFO - Filling up the DagBag from /Users/prasenjeet.gadhe/Documents/05. Nokia_PoV/Parallel_Test/venv/lib/python3.9/site-packages/airflow/example_dags/example_kubernetes_executor.py
[2025-04-02T16:59:09.165-0400] {logging_mixin.py:188} INFO - [2025-04-02T16:59:09.165-0400] {example_kubernetes_executor.py:39} WARNING - The example_kubernetes_executor example DAG requires the kubernetes provider. Please install it with: pip install apache-airflow[cncf.kubernetes]
[2025-04-02T16:59:09.165-0400] {processor.py:842} WARNING - No viable dags retrieved from /Users/prasenjeet.gadhe/Documents/05. Nokia_PoV/Parallel_Test/venv/lib/python3.9/site-packages/airflow/example_dags/example_kubernetes_executor.py
[2025-04-02T16:59:09.216-0400] {processor.py:183} INFO - Processing /Users/prasenjeet.gadhe/Documents/05. Nokia_PoV/Parallel_Test/venv/lib/python3.9/site-packages/airflow/example_dags/example_kubernetes_executor.py took 0.070 seconds
[2025-04-02T17:01:02.660-0400] {processor.py:161} INFO - Started process (PID=26847) to work on /Users/prasenjeet.gadhe/Documents/05. Nokia_PoV/Parallel_Test/venv/lib/python3.9/site-packages/airflow/example_dags/example_kubernetes_executor.py
[2025-04-02T17:01:02.662-0400] {processor.py:830} INFO - Processing file /Users/prasenjeet.gadhe/Documents/05. Nokia_PoV/Parallel_Test/venv/lib/python3.9/site-packages/airflow/example_dags/example_kubernetes_executor.py for tasks to queue
[2025-04-02T17:01:02.662-0400] {logging_mixin.py:188} INFO - [2025-04-02T17:01:02.662-0400] {dagbag.py:540} INFO - Filling up the DagBag from /Users/prasenjeet.gadhe/Documents/05. Nokia_PoV/Parallel_Test/venv/lib/python3.9/site-packages/airflow/example_dags/example_kubernetes_executor.py
[2025-04-02T17:01:02.677-0400] {logging_mixin.py:188} INFO - [2025-04-02T17:01:02.676-0400] {example_kubernetes_executor.py:39} WARNING - The example_kubernetes_executor example DAG requires the kubernetes provider. Please install it with: pip install apache-airflow[cncf.kubernetes]
[2025-04-02T17:01:02.677-0400] {processor.py:842} WARNING - No viable dags retrieved from /Users/prasenjeet.gadhe/Documents/05. Nokia_PoV/Parallel_Test/venv/lib/python3.9/site-packages/airflow/example_dags/example_kubernetes_executor.py
[2025-04-02T17:01:02.724-0400] {processor.py:183} INFO - Processing /Users/prasenjeet.gadhe/Documents/05. Nokia_PoV/Parallel_Test/venv/lib/python3.9/site-packages/airflow/example_dags/example_kubernetes_executor.py took 0.065 seconds
[2025-04-02T17:02:56.108-0400] {processor.py:161} INFO - Started process (PID=40828) to work on /Users/prasenjeet.gadhe/Documents/05. Nokia_PoV/Parallel_Test/venv/lib/python3.9/site-packages/airflow/example_dags/example_kubernetes_executor.py
[2025-04-02T17:02:56.109-0400] {processor.py:830} INFO - Processing file /Users/prasenjeet.gadhe/Documents/05. Nokia_PoV/Parallel_Test/venv/lib/python3.9/site-packages/airflow/example_dags/example_kubernetes_executor.py for tasks to queue
[2025-04-02T17:02:56.110-0400] {logging_mixin.py:188} INFO - [2025-04-02T17:02:56.110-0400] {dagbag.py:540} INFO - Filling up the DagBag from /Users/prasenjeet.gadhe/Documents/05. Nokia_PoV/Parallel_Test/venv/lib/python3.9/site-packages/airflow/example_dags/example_kubernetes_executor.py
[2025-04-02T17:02:56.123-0400] {logging_mixin.py:188} INFO - [2025-04-02T17:02:56.123-0400] {example_kubernetes_executor.py:39} WARNING - The example_kubernetes_executor example DAG requires the kubernetes provider. Please install it with: pip install apache-airflow[cncf.kubernetes]
[2025-04-02T17:02:56.123-0400] {processor.py:842} WARNING - No viable dags retrieved from /Users/prasenjeet.gadhe/Documents/05. Nokia_PoV/Parallel_Test/venv/lib/python3.9/site-packages/airflow/example_dags/example_kubernetes_executor.py
[2025-04-02T17:02:56.169-0400] {processor.py:183} INFO - Processing /Users/prasenjeet.gadhe/Documents/05. Nokia_PoV/Parallel_Test/venv/lib/python3.9/site-packages/airflow/example_dags/example_kubernetes_executor.py took 0.062 seconds
[2025-04-02T17:04:47.099-0400] {processor.py:161} INFO - Started process (PID=54416) to work on /Users/prasenjeet.gadhe/Documents/05. Nokia_PoV/Parallel_Test/venv/lib/python3.9/site-packages/airflow/example_dags/example_kubernetes_executor.py
[2025-04-02T17:04:47.101-0400] {processor.py:830} INFO - Processing file /Users/prasenjeet.gadhe/Documents/05. Nokia_PoV/Parallel_Test/venv/lib/python3.9/site-packages/airflow/example_dags/example_kubernetes_executor.py for tasks to queue
[2025-04-02T17:04:47.101-0400] {logging_mixin.py:188} INFO - [2025-04-02T17:04:47.101-0400] {dagbag.py:540} INFO - Filling up the DagBag from /Users/prasenjeet.gadhe/Documents/05. Nokia_PoV/Parallel_Test/venv/lib/python3.9/site-packages/airflow/example_dags/example_kubernetes_executor.py
[2025-04-02T17:04:47.115-0400] {logging_mixin.py:188} INFO - [2025-04-02T17:04:47.115-0400] {example_kubernetes_executor.py:39} WARNING - The example_kubernetes_executor example DAG requires the kubernetes provider. Please install it with: pip install apache-airflow[cncf.kubernetes]
[2025-04-02T17:04:47.115-0400] {processor.py:842} WARNING - No viable dags retrieved from /Users/prasenjeet.gadhe/Documents/05. Nokia_PoV/Parallel_Test/venv/lib/python3.9/site-packages/airflow/example_dags/example_kubernetes_executor.py
[2025-04-02T17:04:47.161-0400] {processor.py:183} INFO - Processing /Users/prasenjeet.gadhe/Documents/05. Nokia_PoV/Parallel_Test/venv/lib/python3.9/site-packages/airflow/example_dags/example_kubernetes_executor.py took 0.063 seconds
[2025-04-02T17:06:35.138-0400] {processor.py:161} INFO - Started process (PID=67628) to work on /Users/prasenjeet.gadhe/Documents/05. Nokia_PoV/Parallel_Test/venv/lib/python3.9/site-packages/airflow/example_dags/example_kubernetes_executor.py
[2025-04-02T17:06:35.140-0400] {processor.py:830} INFO - Processing file /Users/prasenjeet.gadhe/Documents/05. Nokia_PoV/Parallel_Test/venv/lib/python3.9/site-packages/airflow/example_dags/example_kubernetes_executor.py for tasks to queue
[2025-04-02T17:06:35.141-0400] {logging_mixin.py:188} INFO - [2025-04-02T17:06:35.140-0400] {dagbag.py:540} INFO - Filling up the DagBag from /Users/prasenjeet.gadhe/Documents/05. Nokia_PoV/Parallel_Test/venv/lib/python3.9/site-packages/airflow/example_dags/example_kubernetes_executor.py
[2025-04-02T17:06:35.156-0400] {logging_mixin.py:188} INFO - [2025-04-02T17:06:35.155-0400] {example_kubernetes_executor.py:39} WARNING - The example_kubernetes_executor example DAG requires the kubernetes provider. Please install it with: pip install apache-airflow[cncf.kubernetes]
[2025-04-02T17:06:35.156-0400] {processor.py:842} WARNING - No viable dags retrieved from /Users/prasenjeet.gadhe/Documents/05. Nokia_PoV/Parallel_Test/venv/lib/python3.9/site-packages/airflow/example_dags/example_kubernetes_executor.py
[2025-04-02T17:06:35.204-0400] {processor.py:183} INFO - Processing /Users/prasenjeet.gadhe/Documents/05. Nokia_PoV/Parallel_Test/venv/lib/python3.9/site-packages/airflow/example_dags/example_kubernetes_executor.py took 0.067 seconds
[2025-04-02T17:08:27.250-0400] {processor.py:161} INFO - Started process (PID=81577) to work on /Users/prasenjeet.gadhe/Documents/05. Nokia_PoV/Parallel_Test/venv/lib/python3.9/site-packages/airflow/example_dags/example_kubernetes_executor.py
[2025-04-02T17:08:27.252-0400] {processor.py:830} INFO - Processing file /Users/prasenjeet.gadhe/Documents/05. Nokia_PoV/Parallel_Test/venv/lib/python3.9/site-packages/airflow/example_dags/example_kubernetes_executor.py for tasks to queue
[2025-04-02T17:08:27.252-0400] {logging_mixin.py:188} INFO - [2025-04-02T17:08:27.252-0400] {dagbag.py:540} INFO - Filling up the DagBag from /Users/prasenjeet.gadhe/Documents/05. Nokia_PoV/Parallel_Test/venv/lib/python3.9/site-packages/airflow/example_dags/example_kubernetes_executor.py
[2025-04-02T17:08:27.266-0400] {logging_mixin.py:188} INFO - [2025-04-02T17:08:27.266-0400] {example_kubernetes_executor.py:39} WARNING - The example_kubernetes_executor example DAG requires the kubernetes provider. Please install it with: pip install apache-airflow[cncf.kubernetes]
[2025-04-02T17:08:27.266-0400] {processor.py:842} WARNING - No viable dags retrieved from /Users/prasenjeet.gadhe/Documents/05. Nokia_PoV/Parallel_Test/venv/lib/python3.9/site-packages/airflow/example_dags/example_kubernetes_executor.py
[2025-04-02T17:08:27.314-0400] {processor.py:183} INFO - Processing /Users/prasenjeet.gadhe/Documents/05. Nokia_PoV/Parallel_Test/venv/lib/python3.9/site-packages/airflow/example_dags/example_kubernetes_executor.py took 0.065 seconds
[2025-04-02T17:10:25.366-0400] {processor.py:161} INFO - Started process (PID=96119) to work on /Users/prasenjeet.gadhe/Documents/05. Nokia_PoV/Parallel_Test/venv/lib/python3.9/site-packages/airflow/example_dags/example_kubernetes_executor.py
[2025-04-02T17:10:25.368-0400] {processor.py:830} INFO - Processing file /Users/prasenjeet.gadhe/Documents/05. Nokia_PoV/Parallel_Test/venv/lib/python3.9/site-packages/airflow/example_dags/example_kubernetes_executor.py for tasks to queue
[2025-04-02T17:10:25.368-0400] {logging_mixin.py:188} INFO - [2025-04-02T17:10:25.368-0400] {dagbag.py:540} INFO - Filling up the DagBag from /Users/prasenjeet.gadhe/Documents/05. Nokia_PoV/Parallel_Test/venv/lib/python3.9/site-packages/airflow/example_dags/example_kubernetes_executor.py
[2025-04-02T17:10:25.381-0400] {logging_mixin.py:188} INFO - [2025-04-02T17:10:25.381-0400] {example_kubernetes_executor.py:39} WARNING - The example_kubernetes_executor example DAG requires the kubernetes provider. Please install it with: pip install apache-airflow[cncf.kubernetes]
[2025-04-02T17:10:25.381-0400] {processor.py:842} WARNING - No viable dags retrieved from /Users/prasenjeet.gadhe/Documents/05. Nokia_PoV/Parallel_Test/venv/lib/python3.9/site-packages/airflow/example_dags/example_kubernetes_executor.py
[2025-04-02T17:10:25.433-0400] {processor.py:183} INFO - Processing /Users/prasenjeet.gadhe/Documents/05. Nokia_PoV/Parallel_Test/venv/lib/python3.9/site-packages/airflow/example_dags/example_kubernetes_executor.py took 0.068 seconds
[2025-04-02T17:12:17.452-0400] {processor.py:161} INFO - Started process (PID=10311) to work on /Users/prasenjeet.gadhe/Documents/05. Nokia_PoV/Parallel_Test/venv/lib/python3.9/site-packages/airflow/example_dags/example_kubernetes_executor.py
[2025-04-02T17:12:17.455-0400] {processor.py:830} INFO - Processing file /Users/prasenjeet.gadhe/Documents/05. Nokia_PoV/Parallel_Test/venv/lib/python3.9/site-packages/airflow/example_dags/example_kubernetes_executor.py for tasks to queue
[2025-04-02T17:12:17.455-0400] {logging_mixin.py:188} INFO - [2025-04-02T17:12:17.455-0400] {dagbag.py:540} INFO - Filling up the DagBag from /Users/prasenjeet.gadhe/Documents/05. Nokia_PoV/Parallel_Test/venv/lib/python3.9/site-packages/airflow/example_dags/example_kubernetes_executor.py
[2025-04-02T17:12:17.468-0400] {logging_mixin.py:188} INFO - [2025-04-02T17:12:17.468-0400] {example_kubernetes_executor.py:39} WARNING - The example_kubernetes_executor example DAG requires the kubernetes provider. Please install it with: pip install apache-airflow[cncf.kubernetes]
[2025-04-02T17:12:17.468-0400] {processor.py:842} WARNING - No viable dags retrieved from /Users/prasenjeet.gadhe/Documents/05. Nokia_PoV/Parallel_Test/venv/lib/python3.9/site-packages/airflow/example_dags/example_kubernetes_executor.py
[2025-04-02T17:12:17.516-0400] {processor.py:183} INFO - Processing /Users/prasenjeet.gadhe/Documents/05. Nokia_PoV/Parallel_Test/venv/lib/python3.9/site-packages/airflow/example_dags/example_kubernetes_executor.py took 0.065 seconds
