[2025-04-02T16:39:30.918-0400] {processor.py:161} INFO - Started process (PID=66288) to work on /Users/prasenjeet.gadhe/Documents/05. Nokia_PoV/Parallel_Test/venv/lib/python3.9/site-packages/airflow/example_dags/example_task_group.py
[2025-04-02T16:39:30.919-0400] {processor.py:830} INFO - Processing file /Users/prasenjeet.gadhe/Documents/05. Nokia_PoV/Parallel_Test/venv/lib/python3.9/site-packages/airflow/example_dags/example_task_group.py for tasks to queue
[2025-04-02T16:39:30.919-0400] {logging_mixin.py:188} INFO - [2025-04-02T16:39:30.919-0400] {dagbag.py:540} INFO - Filling up the DagBag from /Users/prasenjeet.gadhe/Documents/05. Nokia_PoV/Parallel_Test/venv/lib/python3.9/site-packages/airflow/example_dags/example_task_group.py
[2025-04-02T16:39:30.923-0400] {processor.py:840} INFO - DAG(s) 'example_task_group' retrieved from /Users/prasenjeet.gadhe/Documents/05. Nokia_PoV/Parallel_Test/venv/lib/python3.9/site-packages/airflow/example_dags/example_task_group.py
[2025-04-02T16:39:31.006-0400] {logging_mixin.py:188} INFO - [2025-04-02T16:39:31.006-0400] {override.py:1829} INFO - Created Permission View: can delete on DAG:example_task_group
[2025-04-02T16:39:31.009-0400] {logging_mixin.py:188} INFO - [2025-04-02T16:39:31.009-0400] {override.py:1829} INFO - Created Permission View: can edit on DAG:example_task_group
[2025-04-02T16:39:31.011-0400] {logging_mixin.py:188} INFO - [2025-04-02T16:39:31.011-0400] {override.py:1829} INFO - Created Permission View: can read on DAG:example_task_group
[2025-04-02T16:39:31.011-0400] {logging_mixin.py:188} INFO - [2025-04-02T16:39:31.011-0400] {dag.py:3096} INFO - Sync 1 DAGs
[2025-04-02T16:39:31.015-0400] {logging_mixin.py:188} INFO - [2025-04-02T16:39:31.015-0400] {dag.py:3118} INFO - Creating ORM DAG for example_task_group
[2025-04-02T16:39:31.019-0400] {logging_mixin.py:188} INFO - [2025-04-02T16:39:31.019-0400] {dag.py:3954} INFO - Setting next_dagrun for example_task_group to 2025-04-01 00:00:00+00:00, run_after=2025-04-02 00:00:00+00:00
[2025-04-02T16:39:31.025-0400] {processor.py:183} INFO - Processing /Users/prasenjeet.gadhe/Documents/05. Nokia_PoV/Parallel_Test/venv/lib/python3.9/site-packages/airflow/example_dags/example_task_group.py took 0.108 seconds
[2025-04-02T16:40:58.714-0400] {processor.py:161} INFO - Started process (PID=77321) to work on /Users/prasenjeet.gadhe/Documents/05. Nokia_PoV/Parallel_Test/venv/lib/python3.9/site-packages/airflow/example_dags/example_task_group.py
[2025-04-02T16:40:58.715-0400] {processor.py:830} INFO - Processing file /Users/prasenjeet.gadhe/Documents/05. Nokia_PoV/Parallel_Test/venv/lib/python3.9/site-packages/airflow/example_dags/example_task_group.py for tasks to queue
[2025-04-02T16:40:58.715-0400] {logging_mixin.py:188} INFO - [2025-04-02T16:40:58.715-0400] {dagbag.py:540} INFO - Filling up the DagBag from /Users/prasenjeet.gadhe/Documents/05. Nokia_PoV/Parallel_Test/venv/lib/python3.9/site-packages/airflow/example_dags/example_task_group.py
[2025-04-02T16:40:58.720-0400] {processor.py:840} INFO - DAG(s) 'example_task_group' retrieved from /Users/prasenjeet.gadhe/Documents/05. Nokia_PoV/Parallel_Test/venv/lib/python3.9/site-packages/airflow/example_dags/example_task_group.py
[2025-04-02T16:40:58.775-0400] {logging_mixin.py:188} INFO - [2025-04-02T16:40:58.775-0400] {dag.py:3096} INFO - Sync 1 DAGs
[2025-04-02T16:40:58.782-0400] {logging_mixin.py:188} INFO - [2025-04-02T16:40:58.782-0400] {dag.py:3954} INFO - Setting next_dagrun for example_task_group to 2025-04-01 00:00:00+00:00, run_after=2025-04-02 00:00:00+00:00
[2025-04-02T16:40:58.788-0400] {processor.py:183} INFO - Processing /Users/prasenjeet.gadhe/Documents/05. Nokia_PoV/Parallel_Test/venv/lib/python3.9/site-packages/airflow/example_dags/example_task_group.py took 0.075 seconds
[2025-04-02T16:42:55.537-0400] {processor.py:161} INFO - Started process (PID=91847) to work on /Users/prasenjeet.gadhe/Documents/05. Nokia_PoV/Parallel_Test/venv/lib/python3.9/site-packages/airflow/example_dags/example_task_group.py
[2025-04-02T16:42:55.538-0400] {processor.py:830} INFO - Processing file /Users/prasenjeet.gadhe/Documents/05. Nokia_PoV/Parallel_Test/venv/lib/python3.9/site-packages/airflow/example_dags/example_task_group.py for tasks to queue
[2025-04-02T16:42:55.538-0400] {logging_mixin.py:188} INFO - [2025-04-02T16:42:55.538-0400] {dagbag.py:540} INFO - Filling up the DagBag from /Users/prasenjeet.gadhe/Documents/05. Nokia_PoV/Parallel_Test/venv/lib/python3.9/site-packages/airflow/example_dags/example_task_group.py
[2025-04-02T16:42:55.543-0400] {processor.py:840} INFO - DAG(s) 'example_task_group' retrieved from /Users/prasenjeet.gadhe/Documents/05. Nokia_PoV/Parallel_Test/venv/lib/python3.9/site-packages/airflow/example_dags/example_task_group.py
[2025-04-02T16:42:55.603-0400] {logging_mixin.py:188} INFO - [2025-04-02T16:42:55.603-0400] {dag.py:3096} INFO - Sync 1 DAGs
[2025-04-02T16:42:55.611-0400] {logging_mixin.py:188} INFO - [2025-04-02T16:42:55.611-0400] {dag.py:3954} INFO - Setting next_dagrun for example_task_group to 2025-04-01 00:00:00+00:00, run_after=2025-04-02 00:00:00+00:00
[2025-04-02T16:42:55.617-0400] {processor.py:183} INFO - Processing /Users/prasenjeet.gadhe/Documents/05. Nokia_PoV/Parallel_Test/venv/lib/python3.9/site-packages/airflow/example_dags/example_task_group.py took 0.082 seconds
[2025-04-02T16:45:51.932-0400] {processor.py:161} INFO - Started process (PID=13968) to work on /Users/prasenjeet.gadhe/Documents/05. Nokia_PoV/Parallel_Test/venv/lib/python3.9/site-packages/airflow/example_dags/example_task_group.py
[2025-04-02T16:45:51.935-0400] {processor.py:830} INFO - Processing file /Users/prasenjeet.gadhe/Documents/05. Nokia_PoV/Parallel_Test/venv/lib/python3.9/site-packages/airflow/example_dags/example_task_group.py for tasks to queue
[2025-04-02T16:45:51.936-0400] {logging_mixin.py:188} INFO - [2025-04-02T16:45:51.936-0400] {dagbag.py:540} INFO - Filling up the DagBag from /Users/prasenjeet.gadhe/Documents/05. Nokia_PoV/Parallel_Test/venv/lib/python3.9/site-packages/airflow/example_dags/example_task_group.py
[2025-04-02T16:45:51.940-0400] {processor.py:840} INFO - DAG(s) 'example_task_group' retrieved from /Users/prasenjeet.gadhe/Documents/05. Nokia_PoV/Parallel_Test/venv/lib/python3.9/site-packages/airflow/example_dags/example_task_group.py
[2025-04-02T16:45:51.997-0400] {logging_mixin.py:188} INFO - [2025-04-02T16:45:51.997-0400] {dag.py:3096} INFO - Sync 1 DAGs
[2025-04-02T16:45:52.004-0400] {logging_mixin.py:188} INFO - [2025-04-02T16:45:52.004-0400] {dag.py:3954} INFO - Setting next_dagrun for example_task_group to 2025-04-01 00:00:00+00:00, run_after=2025-04-02 00:00:00+00:00
[2025-04-02T16:45:52.009-0400] {processor.py:183} INFO - Processing /Users/prasenjeet.gadhe/Documents/05. Nokia_PoV/Parallel_Test/venv/lib/python3.9/site-packages/airflow/example_dags/example_task_group.py took 0.079 seconds
[2025-04-02T16:47:20.472-0400] {processor.py:161} INFO - Started process (PID=25009) to work on /Users/prasenjeet.gadhe/Documents/05. Nokia_PoV/Parallel_Test/venv/lib/python3.9/site-packages/airflow/example_dags/example_task_group.py
[2025-04-02T16:47:20.474-0400] {processor.py:830} INFO - Processing file /Users/prasenjeet.gadhe/Documents/05. Nokia_PoV/Parallel_Test/venv/lib/python3.9/site-packages/airflow/example_dags/example_task_group.py for tasks to queue
[2025-04-02T16:47:20.474-0400] {logging_mixin.py:188} INFO - [2025-04-02T16:47:20.474-0400] {dagbag.py:540} INFO - Filling up the DagBag from /Users/prasenjeet.gadhe/Documents/05. Nokia_PoV/Parallel_Test/venv/lib/python3.9/site-packages/airflow/example_dags/example_task_group.py
[2025-04-02T16:47:20.479-0400] {processor.py:840} INFO - DAG(s) 'example_task_group' retrieved from /Users/prasenjeet.gadhe/Documents/05. Nokia_PoV/Parallel_Test/venv/lib/python3.9/site-packages/airflow/example_dags/example_task_group.py
[2025-04-02T16:47:20.538-0400] {logging_mixin.py:188} INFO - [2025-04-02T16:47:20.538-0400] {dag.py:3096} INFO - Sync 1 DAGs
[2025-04-02T16:47:20.545-0400] {logging_mixin.py:188} INFO - [2025-04-02T16:47:20.545-0400] {dag.py:3954} INFO - Setting next_dagrun for example_task_group to 2025-04-01 00:00:00+00:00, run_after=2025-04-02 00:00:00+00:00
[2025-04-02T16:47:20.552-0400] {processor.py:183} INFO - Processing /Users/prasenjeet.gadhe/Documents/05. Nokia_PoV/Parallel_Test/venv/lib/python3.9/site-packages/airflow/example_dags/example_task_group.py took 0.081 seconds
[2025-04-02T16:48:19.674-0400] {processor.py:161} INFO - Started process (PID=32396) to work on /Users/prasenjeet.gadhe/Documents/05. Nokia_PoV/Parallel_Test/venv/lib/python3.9/site-packages/airflow/example_dags/example_task_group.py
[2025-04-02T16:48:19.675-0400] {processor.py:830} INFO - Processing file /Users/prasenjeet.gadhe/Documents/05. Nokia_PoV/Parallel_Test/venv/lib/python3.9/site-packages/airflow/example_dags/example_task_group.py for tasks to queue
[2025-04-02T16:48:19.675-0400] {logging_mixin.py:188} INFO - [2025-04-02T16:48:19.675-0400] {dagbag.py:540} INFO - Filling up the DagBag from /Users/prasenjeet.gadhe/Documents/05. Nokia_PoV/Parallel_Test/venv/lib/python3.9/site-packages/airflow/example_dags/example_task_group.py
[2025-04-02T16:48:19.680-0400] {processor.py:840} INFO - DAG(s) 'example_task_group' retrieved from /Users/prasenjeet.gadhe/Documents/05. Nokia_PoV/Parallel_Test/venv/lib/python3.9/site-packages/airflow/example_dags/example_task_group.py
[2025-04-02T16:48:19.748-0400] {logging_mixin.py:188} INFO - [2025-04-02T16:48:19.748-0400] {dag.py:3096} INFO - Sync 1 DAGs
[2025-04-02T16:48:19.755-0400] {logging_mixin.py:188} INFO - [2025-04-02T16:48:19.755-0400] {dag.py:3954} INFO - Setting next_dagrun for example_task_group to 2025-04-01 00:00:00+00:00, run_after=2025-04-02 00:00:00+00:00
[2025-04-02T16:48:19.763-0400] {processor.py:183} INFO - Processing /Users/prasenjeet.gadhe/Documents/05. Nokia_PoV/Parallel_Test/venv/lib/python3.9/site-packages/airflow/example_dags/example_task_group.py took 0.090 seconds
[2025-04-02T16:51:02.823-0400] {processor.py:161} INFO - Started process (PID=52500) to work on /Users/prasenjeet.gadhe/Documents/05. Nokia_PoV/Parallel_Test/venv/lib/python3.9/site-packages/airflow/example_dags/example_task_group.py
[2025-04-02T16:51:02.824-0400] {processor.py:830} INFO - Processing file /Users/prasenjeet.gadhe/Documents/05. Nokia_PoV/Parallel_Test/venv/lib/python3.9/site-packages/airflow/example_dags/example_task_group.py for tasks to queue
[2025-04-02T16:51:02.824-0400] {logging_mixin.py:188} INFO - [2025-04-02T16:51:02.824-0400] {dagbag.py:540} INFO - Filling up the DagBag from /Users/prasenjeet.gadhe/Documents/05. Nokia_PoV/Parallel_Test/venv/lib/python3.9/site-packages/airflow/example_dags/example_task_group.py
[2025-04-02T16:51:02.828-0400] {processor.py:840} INFO - DAG(s) 'example_task_group' retrieved from /Users/prasenjeet.gadhe/Documents/05. Nokia_PoV/Parallel_Test/venv/lib/python3.9/site-packages/airflow/example_dags/example_task_group.py
[2025-04-02T16:51:02.883-0400] {logging_mixin.py:188} INFO - [2025-04-02T16:51:02.883-0400] {dag.py:3096} INFO - Sync 1 DAGs
[2025-04-02T16:51:02.890-0400] {logging_mixin.py:188} INFO - [2025-04-02T16:51:02.890-0400] {dag.py:3954} INFO - Setting next_dagrun for example_task_group to 2025-04-01 00:00:00+00:00, run_after=2025-04-02 00:00:00+00:00
[2025-04-02T16:51:02.897-0400] {processor.py:183} INFO - Processing /Users/prasenjeet.gadhe/Documents/05. Nokia_PoV/Parallel_Test/venv/lib/python3.9/site-packages/airflow/example_dags/example_task_group.py took 0.074 seconds
[2025-04-02T16:52:32.885-0400] {processor.py:161} INFO - Started process (PID=63672) to work on /Users/prasenjeet.gadhe/Documents/05. Nokia_PoV/Parallel_Test/venv/lib/python3.9/site-packages/airflow/example_dags/example_task_group.py
[2025-04-02T16:52:32.887-0400] {processor.py:830} INFO - Processing file /Users/prasenjeet.gadhe/Documents/05. Nokia_PoV/Parallel_Test/venv/lib/python3.9/site-packages/airflow/example_dags/example_task_group.py for tasks to queue
[2025-04-02T16:52:32.887-0400] {logging_mixin.py:188} INFO - [2025-04-02T16:52:32.887-0400] {dagbag.py:540} INFO - Filling up the DagBag from /Users/prasenjeet.gadhe/Documents/05. Nokia_PoV/Parallel_Test/venv/lib/python3.9/site-packages/airflow/example_dags/example_task_group.py
[2025-04-02T16:52:32.891-0400] {processor.py:840} INFO - DAG(s) 'example_task_group' retrieved from /Users/prasenjeet.gadhe/Documents/05. Nokia_PoV/Parallel_Test/venv/lib/python3.9/site-packages/airflow/example_dags/example_task_group.py
[2025-04-02T16:52:32.946-0400] {logging_mixin.py:188} INFO - [2025-04-02T16:52:32.946-0400] {dag.py:3096} INFO - Sync 1 DAGs
[2025-04-02T16:52:32.953-0400] {logging_mixin.py:188} INFO - [2025-04-02T16:52:32.953-0400] {dag.py:3954} INFO - Setting next_dagrun for example_task_group to 2025-04-01 00:00:00+00:00, run_after=2025-04-02 00:00:00+00:00
[2025-04-02T16:52:32.959-0400] {processor.py:183} INFO - Processing /Users/prasenjeet.gadhe/Documents/05. Nokia_PoV/Parallel_Test/venv/lib/python3.9/site-packages/airflow/example_dags/example_task_group.py took 0.075 seconds
[2025-04-02T16:54:20.087-0400] {processor.py:161} INFO - Started process (PID=76928) to work on /Users/prasenjeet.gadhe/Documents/05. Nokia_PoV/Parallel_Test/venv/lib/python3.9/site-packages/airflow/example_dags/example_task_group.py
[2025-04-02T16:54:20.089-0400] {processor.py:830} INFO - Processing file /Users/prasenjeet.gadhe/Documents/05. Nokia_PoV/Parallel_Test/venv/lib/python3.9/site-packages/airflow/example_dags/example_task_group.py for tasks to queue
[2025-04-02T16:54:20.089-0400] {logging_mixin.py:188} INFO - [2025-04-02T16:54:20.089-0400] {dagbag.py:540} INFO - Filling up the DagBag from /Users/prasenjeet.gadhe/Documents/05. Nokia_PoV/Parallel_Test/venv/lib/python3.9/site-packages/airflow/example_dags/example_task_group.py
[2025-04-02T16:54:20.093-0400] {processor.py:840} INFO - DAG(s) 'example_task_group' retrieved from /Users/prasenjeet.gadhe/Documents/05. Nokia_PoV/Parallel_Test/venv/lib/python3.9/site-packages/airflow/example_dags/example_task_group.py
[2025-04-02T16:54:20.148-0400] {logging_mixin.py:188} INFO - [2025-04-02T16:54:20.147-0400] {dag.py:3096} INFO - Sync 1 DAGs
[2025-04-02T16:54:20.154-0400] {logging_mixin.py:188} INFO - [2025-04-02T16:54:20.154-0400] {dag.py:3954} INFO - Setting next_dagrun for example_task_group to 2025-04-01 00:00:00+00:00, run_after=2025-04-02 00:00:00+00:00
[2025-04-02T16:54:20.160-0400] {processor.py:183} INFO - Processing /Users/prasenjeet.gadhe/Documents/05. Nokia_PoV/Parallel_Test/venv/lib/python3.9/site-packages/airflow/example_dags/example_task_group.py took 0.075 seconds
[2025-04-02T16:55:18.871-0400] {processor.py:161} INFO - Started process (PID=84213) to work on /Users/prasenjeet.gadhe/Documents/05. Nokia_PoV/Parallel_Test/venv/lib/python3.9/site-packages/airflow/example_dags/example_task_group.py
[2025-04-02T16:55:18.873-0400] {processor.py:830} INFO - Processing file /Users/prasenjeet.gadhe/Documents/05. Nokia_PoV/Parallel_Test/venv/lib/python3.9/site-packages/airflow/example_dags/example_task_group.py for tasks to queue
[2025-04-02T16:55:18.873-0400] {logging_mixin.py:188} INFO - [2025-04-02T16:55:18.873-0400] {dagbag.py:540} INFO - Filling up the DagBag from /Users/prasenjeet.gadhe/Documents/05. Nokia_PoV/Parallel_Test/venv/lib/python3.9/site-packages/airflow/example_dags/example_task_group.py
[2025-04-02T16:55:18.877-0400] {processor.py:840} INFO - DAG(s) 'example_task_group' retrieved from /Users/prasenjeet.gadhe/Documents/05. Nokia_PoV/Parallel_Test/venv/lib/python3.9/site-packages/airflow/example_dags/example_task_group.py
[2025-04-02T16:55:18.932-0400] {logging_mixin.py:188} INFO - [2025-04-02T16:55:18.932-0400] {dag.py:3096} INFO - Sync 1 DAGs
[2025-04-02T16:55:18.939-0400] {logging_mixin.py:188} INFO - [2025-04-02T16:55:18.939-0400] {dag.py:3954} INFO - Setting next_dagrun for example_task_group to 2025-04-01 00:00:00+00:00, run_after=2025-04-02 00:00:00+00:00
[2025-04-02T16:55:18.945-0400] {processor.py:183} INFO - Processing /Users/prasenjeet.gadhe/Documents/05. Nokia_PoV/Parallel_Test/venv/lib/python3.9/site-packages/airflow/example_dags/example_task_group.py took 0.075 seconds
[2025-04-02T16:57:14.815-0400] {processor.py:161} INFO - Started process (PID=98544) to work on /Users/prasenjeet.gadhe/Documents/05. Nokia_PoV/Parallel_Test/venv/lib/python3.9/site-packages/airflow/example_dags/example_task_group.py
[2025-04-02T16:57:14.816-0400] {processor.py:830} INFO - Processing file /Users/prasenjeet.gadhe/Documents/05. Nokia_PoV/Parallel_Test/venv/lib/python3.9/site-packages/airflow/example_dags/example_task_group.py for tasks to queue
[2025-04-02T16:57:14.817-0400] {logging_mixin.py:188} INFO - [2025-04-02T16:57:14.817-0400] {dagbag.py:540} INFO - Filling up the DagBag from /Users/prasenjeet.gadhe/Documents/05. Nokia_PoV/Parallel_Test/venv/lib/python3.9/site-packages/airflow/example_dags/example_task_group.py
[2025-04-02T16:57:14.821-0400] {processor.py:840} INFO - DAG(s) 'example_task_group' retrieved from /Users/prasenjeet.gadhe/Documents/05. Nokia_PoV/Parallel_Test/venv/lib/python3.9/site-packages/airflow/example_dags/example_task_group.py
[2025-04-02T16:57:14.875-0400] {logging_mixin.py:188} INFO - [2025-04-02T16:57:14.875-0400] {dag.py:3096} INFO - Sync 1 DAGs
[2025-04-02T16:57:14.881-0400] {logging_mixin.py:188} INFO - [2025-04-02T16:57:14.881-0400] {dag.py:3954} INFO - Setting next_dagrun for example_task_group to 2025-04-01 00:00:00+00:00, run_after=2025-04-02 00:00:00+00:00
[2025-04-02T16:57:14.888-0400] {processor.py:183} INFO - Processing /Users/prasenjeet.gadhe/Documents/05. Nokia_PoV/Parallel_Test/venv/lib/python3.9/site-packages/airflow/example_dags/example_task_group.py took 0.074 seconds
[2025-04-02T16:59:06.918-0400] {processor.py:161} INFO - Started process (PID=12694) to work on /Users/prasenjeet.gadhe/Documents/05. Nokia_PoV/Parallel_Test/venv/lib/python3.9/site-packages/airflow/example_dags/example_task_group.py
[2025-04-02T16:59:06.920-0400] {processor.py:830} INFO - Processing file /Users/prasenjeet.gadhe/Documents/05. Nokia_PoV/Parallel_Test/venv/lib/python3.9/site-packages/airflow/example_dags/example_task_group.py for tasks to queue
[2025-04-02T16:59:06.921-0400] {logging_mixin.py:188} INFO - [2025-04-02T16:59:06.920-0400] {dagbag.py:540} INFO - Filling up the DagBag from /Users/prasenjeet.gadhe/Documents/05. Nokia_PoV/Parallel_Test/venv/lib/python3.9/site-packages/airflow/example_dags/example_task_group.py
[2025-04-02T16:59:06.925-0400] {processor.py:840} INFO - DAG(s) 'example_task_group' retrieved from /Users/prasenjeet.gadhe/Documents/05. Nokia_PoV/Parallel_Test/venv/lib/python3.9/site-packages/airflow/example_dags/example_task_group.py
[2025-04-02T16:59:06.984-0400] {logging_mixin.py:188} INFO - [2025-04-02T16:59:06.984-0400] {dag.py:3096} INFO - Sync 1 DAGs
[2025-04-02T16:59:06.991-0400] {logging_mixin.py:188} INFO - [2025-04-02T16:59:06.991-0400] {dag.py:3954} INFO - Setting next_dagrun for example_task_group to 2025-04-01 00:00:00+00:00, run_after=2025-04-02 00:00:00+00:00
[2025-04-02T16:59:06.997-0400] {processor.py:183} INFO - Processing /Users/prasenjeet.gadhe/Documents/05. Nokia_PoV/Parallel_Test/venv/lib/python3.9/site-packages/airflow/example_dags/example_task_group.py took 0.079 seconds
[2025-04-02T17:00:59.024-0400] {processor.py:161} INFO - Started process (PID=26432) to work on /Users/prasenjeet.gadhe/Documents/05. Nokia_PoV/Parallel_Test/venv/lib/python3.9/site-packages/airflow/example_dags/example_task_group.py
[2025-04-02T17:00:59.026-0400] {processor.py:830} INFO - Processing file /Users/prasenjeet.gadhe/Documents/05. Nokia_PoV/Parallel_Test/venv/lib/python3.9/site-packages/airflow/example_dags/example_task_group.py for tasks to queue
[2025-04-02T17:00:59.026-0400] {logging_mixin.py:188} INFO - [2025-04-02T17:00:59.026-0400] {dagbag.py:540} INFO - Filling up the DagBag from /Users/prasenjeet.gadhe/Documents/05. Nokia_PoV/Parallel_Test/venv/lib/python3.9/site-packages/airflow/example_dags/example_task_group.py
[2025-04-02T17:00:59.031-0400] {processor.py:840} INFO - DAG(s) 'example_task_group' retrieved from /Users/prasenjeet.gadhe/Documents/05. Nokia_PoV/Parallel_Test/venv/lib/python3.9/site-packages/airflow/example_dags/example_task_group.py
[2025-04-02T17:00:59.100-0400] {logging_mixin.py:188} INFO - [2025-04-02T17:00:59.100-0400] {dag.py:3096} INFO - Sync 1 DAGs
[2025-04-02T17:00:59.108-0400] {logging_mixin.py:188} INFO - [2025-04-02T17:00:59.108-0400] {dag.py:3954} INFO - Setting next_dagrun for example_task_group to 2025-04-01 00:00:00+00:00, run_after=2025-04-02 00:00:00+00:00
[2025-04-02T17:00:59.115-0400] {processor.py:183} INFO - Processing /Users/prasenjeet.gadhe/Documents/05. Nokia_PoV/Parallel_Test/venv/lib/python3.9/site-packages/airflow/example_dags/example_task_group.py took 0.093 seconds
[2025-04-02T17:02:52.615-0400] {processor.py:161} INFO - Started process (PID=40396) to work on /Users/prasenjeet.gadhe/Documents/05. Nokia_PoV/Parallel_Test/venv/lib/python3.9/site-packages/airflow/example_dags/example_task_group.py
[2025-04-02T17:02:52.616-0400] {processor.py:830} INFO - Processing file /Users/prasenjeet.gadhe/Documents/05. Nokia_PoV/Parallel_Test/venv/lib/python3.9/site-packages/airflow/example_dags/example_task_group.py for tasks to queue
[2025-04-02T17:02:52.616-0400] {logging_mixin.py:188} INFO - [2025-04-02T17:02:52.616-0400] {dagbag.py:540} INFO - Filling up the DagBag from /Users/prasenjeet.gadhe/Documents/05. Nokia_PoV/Parallel_Test/venv/lib/python3.9/site-packages/airflow/example_dags/example_task_group.py
[2025-04-02T17:02:52.620-0400] {processor.py:840} INFO - DAG(s) 'example_task_group' retrieved from /Users/prasenjeet.gadhe/Documents/05. Nokia_PoV/Parallel_Test/venv/lib/python3.9/site-packages/airflow/example_dags/example_task_group.py
[2025-04-02T17:02:52.676-0400] {logging_mixin.py:188} INFO - [2025-04-02T17:02:52.676-0400] {dag.py:3096} INFO - Sync 1 DAGs
[2025-04-02T17:02:52.683-0400] {logging_mixin.py:188} INFO - [2025-04-02T17:02:52.683-0400] {dag.py:3954} INFO - Setting next_dagrun for example_task_group to 2025-04-01 00:00:00+00:00, run_after=2025-04-02 00:00:00+00:00
[2025-04-02T17:02:52.689-0400] {processor.py:183} INFO - Processing /Users/prasenjeet.gadhe/Documents/05. Nokia_PoV/Parallel_Test/venv/lib/python3.9/site-packages/airflow/example_dags/example_task_group.py took 0.075 seconds
[2025-04-02T17:04:43.562-0400] {processor.py:161} INFO - Started process (PID=53981) to work on /Users/prasenjeet.gadhe/Documents/05. Nokia_PoV/Parallel_Test/venv/lib/python3.9/site-packages/airflow/example_dags/example_task_group.py
[2025-04-02T17:04:43.564-0400] {processor.py:830} INFO - Processing file /Users/prasenjeet.gadhe/Documents/05. Nokia_PoV/Parallel_Test/venv/lib/python3.9/site-packages/airflow/example_dags/example_task_group.py for tasks to queue
[2025-04-02T17:04:43.564-0400] {logging_mixin.py:188} INFO - [2025-04-02T17:04:43.564-0400] {dagbag.py:540} INFO - Filling up the DagBag from /Users/prasenjeet.gadhe/Documents/05. Nokia_PoV/Parallel_Test/venv/lib/python3.9/site-packages/airflow/example_dags/example_task_group.py
[2025-04-02T17:04:43.568-0400] {processor.py:840} INFO - DAG(s) 'example_task_group' retrieved from /Users/prasenjeet.gadhe/Documents/05. Nokia_PoV/Parallel_Test/venv/lib/python3.9/site-packages/airflow/example_dags/example_task_group.py
[2025-04-02T17:04:43.624-0400] {logging_mixin.py:188} INFO - [2025-04-02T17:04:43.624-0400] {dag.py:3096} INFO - Sync 1 DAGs
[2025-04-02T17:04:43.630-0400] {logging_mixin.py:188} INFO - [2025-04-02T17:04:43.630-0400] {dag.py:3954} INFO - Setting next_dagrun for example_task_group to 2025-04-01 00:00:00+00:00, run_after=2025-04-02 00:00:00+00:00
[2025-04-02T17:04:43.636-0400] {processor.py:183} INFO - Processing /Users/prasenjeet.gadhe/Documents/05. Nokia_PoV/Parallel_Test/venv/lib/python3.9/site-packages/airflow/example_dags/example_task_group.py took 0.076 seconds
[2025-04-02T17:06:31.593-0400] {processor.py:161} INFO - Started process (PID=67211) to work on /Users/prasenjeet.gadhe/Documents/05. Nokia_PoV/Parallel_Test/venv/lib/python3.9/site-packages/airflow/example_dags/example_task_group.py
[2025-04-02T17:06:31.594-0400] {processor.py:830} INFO - Processing file /Users/prasenjeet.gadhe/Documents/05. Nokia_PoV/Parallel_Test/venv/lib/python3.9/site-packages/airflow/example_dags/example_task_group.py for tasks to queue
[2025-04-02T17:06:31.595-0400] {logging_mixin.py:188} INFO - [2025-04-02T17:06:31.594-0400] {dagbag.py:540} INFO - Filling up the DagBag from /Users/prasenjeet.gadhe/Documents/05. Nokia_PoV/Parallel_Test/venv/lib/python3.9/site-packages/airflow/example_dags/example_task_group.py
[2025-04-02T17:06:31.598-0400] {processor.py:840} INFO - DAG(s) 'example_task_group' retrieved from /Users/prasenjeet.gadhe/Documents/05. Nokia_PoV/Parallel_Test/venv/lib/python3.9/site-packages/airflow/example_dags/example_task_group.py
[2025-04-02T17:06:31.652-0400] {logging_mixin.py:188} INFO - [2025-04-02T17:06:31.652-0400] {dag.py:3096} INFO - Sync 1 DAGs
[2025-04-02T17:06:31.659-0400] {logging_mixin.py:188} INFO - [2025-04-02T17:06:31.659-0400] {dag.py:3954} INFO - Setting next_dagrun for example_task_group to 2025-04-01 00:00:00+00:00, run_after=2025-04-02 00:00:00+00:00
[2025-04-02T17:06:31.665-0400] {processor.py:183} INFO - Processing /Users/prasenjeet.gadhe/Documents/05. Nokia_PoV/Parallel_Test/venv/lib/python3.9/site-packages/airflow/example_dags/example_task_group.py took 0.074 seconds
[2025-04-02T17:07:29.774-0400] {processor.py:161} INFO - Started process (PID=74463) to work on /Users/prasenjeet.gadhe/Documents/05. Nokia_PoV/Parallel_Test/venv/lib/python3.9/site-packages/airflow/example_dags/example_task_group.py
[2025-04-02T17:07:29.776-0400] {processor.py:830} INFO - Processing file /Users/prasenjeet.gadhe/Documents/05. Nokia_PoV/Parallel_Test/venv/lib/python3.9/site-packages/airflow/example_dags/example_task_group.py for tasks to queue
[2025-04-02T17:07:29.777-0400] {logging_mixin.py:188} INFO - [2025-04-02T17:07:29.777-0400] {dagbag.py:540} INFO - Filling up the DagBag from /Users/prasenjeet.gadhe/Documents/05. Nokia_PoV/Parallel_Test/venv/lib/python3.9/site-packages/airflow/example_dags/example_task_group.py
[2025-04-02T17:07:29.781-0400] {processor.py:840} INFO - DAG(s) 'example_task_group' retrieved from /Users/prasenjeet.gadhe/Documents/05. Nokia_PoV/Parallel_Test/venv/lib/python3.9/site-packages/airflow/example_dags/example_task_group.py
[2025-04-02T17:07:29.845-0400] {logging_mixin.py:188} INFO - [2025-04-02T17:07:29.845-0400] {dag.py:3096} INFO - Sync 1 DAGs
[2025-04-02T17:07:29.853-0400] {logging_mixin.py:188} INFO - [2025-04-02T17:07:29.853-0400] {dag.py:3954} INFO - Setting next_dagrun for example_task_group to 2025-04-01 00:00:00+00:00, run_after=2025-04-02 00:00:00+00:00
[2025-04-02T17:07:29.860-0400] {processor.py:183} INFO - Processing /Users/prasenjeet.gadhe/Documents/05. Nokia_PoV/Parallel_Test/venv/lib/python3.9/site-packages/airflow/example_dags/example_task_group.py took 0.086 seconds
[2025-04-02T17:09:25.035-0400] {processor.py:161} INFO - Started process (PID=88717) to work on /Users/prasenjeet.gadhe/Documents/05. Nokia_PoV/Parallel_Test/venv/lib/python3.9/site-packages/airflow/example_dags/example_task_group.py
[2025-04-02T17:09:25.037-0400] {processor.py:830} INFO - Processing file /Users/prasenjeet.gadhe/Documents/05. Nokia_PoV/Parallel_Test/venv/lib/python3.9/site-packages/airflow/example_dags/example_task_group.py for tasks to queue
[2025-04-02T17:09:25.037-0400] {logging_mixin.py:188} INFO - [2025-04-02T17:09:25.037-0400] {dagbag.py:540} INFO - Filling up the DagBag from /Users/prasenjeet.gadhe/Documents/05. Nokia_PoV/Parallel_Test/venv/lib/python3.9/site-packages/airflow/example_dags/example_task_group.py
[2025-04-02T17:09:25.041-0400] {processor.py:840} INFO - DAG(s) 'example_task_group' retrieved from /Users/prasenjeet.gadhe/Documents/05. Nokia_PoV/Parallel_Test/venv/lib/python3.9/site-packages/airflow/example_dags/example_task_group.py
[2025-04-02T17:09:25.097-0400] {logging_mixin.py:188} INFO - [2025-04-02T17:09:25.097-0400] {dag.py:3096} INFO - Sync 1 DAGs
[2025-04-02T17:09:25.104-0400] {logging_mixin.py:188} INFO - [2025-04-02T17:09:25.104-0400] {dag.py:3954} INFO - Setting next_dagrun for example_task_group to 2025-04-01 00:00:00+00:00, run_after=2025-04-02 00:00:00+00:00
[2025-04-02T17:09:25.110-0400] {processor.py:183} INFO - Processing /Users/prasenjeet.gadhe/Documents/05. Nokia_PoV/Parallel_Test/venv/lib/python3.9/site-packages/airflow/example_dags/example_task_group.py took 0.076 seconds
[2025-04-02T17:11:13.505-0400] {processor.py:161} INFO - Started process (PID=2375) to work on /Users/prasenjeet.gadhe/Documents/05. Nokia_PoV/Parallel_Test/venv/lib/python3.9/site-packages/airflow/example_dags/example_task_group.py
[2025-04-02T17:11:13.507-0400] {processor.py:830} INFO - Processing file /Users/prasenjeet.gadhe/Documents/05. Nokia_PoV/Parallel_Test/venv/lib/python3.9/site-packages/airflow/example_dags/example_task_group.py for tasks to queue
[2025-04-02T17:11:13.507-0400] {logging_mixin.py:188} INFO - [2025-04-02T17:11:13.507-0400] {dagbag.py:540} INFO - Filling up the DagBag from /Users/prasenjeet.gadhe/Documents/05. Nokia_PoV/Parallel_Test/venv/lib/python3.9/site-packages/airflow/example_dags/example_task_group.py
[2025-04-02T17:11:13.512-0400] {processor.py:840} INFO - DAG(s) 'example_task_group' retrieved from /Users/prasenjeet.gadhe/Documents/05. Nokia_PoV/Parallel_Test/venv/lib/python3.9/site-packages/airflow/example_dags/example_task_group.py
[2025-04-02T17:11:13.578-0400] {logging_mixin.py:188} INFO - [2025-04-02T17:11:13.578-0400] {dag.py:3096} INFO - Sync 1 DAGs
[2025-04-02T17:11:13.586-0400] {logging_mixin.py:188} INFO - [2025-04-02T17:11:13.585-0400] {dag.py:3954} INFO - Setting next_dagrun for example_task_group to 2025-04-01 00:00:00+00:00, run_after=2025-04-02 00:00:00+00:00
[2025-04-02T17:11:13.592-0400] {processor.py:183} INFO - Processing /Users/prasenjeet.gadhe/Documents/05. Nokia_PoV/Parallel_Test/venv/lib/python3.9/site-packages/airflow/example_dags/example_task_group.py took 0.088 seconds
[2025-04-02T17:12:13.836-0400] {processor.py:161} INFO - Started process (PID=9857) to work on /Users/prasenjeet.gadhe/Documents/05. Nokia_PoV/Parallel_Test/venv/lib/python3.9/site-packages/airflow/example_dags/example_task_group.py
[2025-04-02T17:12:13.838-0400] {processor.py:830} INFO - Processing file /Users/prasenjeet.gadhe/Documents/05. Nokia_PoV/Parallel_Test/venv/lib/python3.9/site-packages/airflow/example_dags/example_task_group.py for tasks to queue
[2025-04-02T17:12:13.838-0400] {logging_mixin.py:188} INFO - [2025-04-02T17:12:13.838-0400] {dagbag.py:540} INFO - Filling up the DagBag from /Users/prasenjeet.gadhe/Documents/05. Nokia_PoV/Parallel_Test/venv/lib/python3.9/site-packages/airflow/example_dags/example_task_group.py
[2025-04-02T17:12:13.843-0400] {processor.py:840} INFO - DAG(s) 'example_task_group' retrieved from /Users/prasenjeet.gadhe/Documents/05. Nokia_PoV/Parallel_Test/venv/lib/python3.9/site-packages/airflow/example_dags/example_task_group.py
[2025-04-02T17:12:13.911-0400] {logging_mixin.py:188} INFO - [2025-04-02T17:12:13.911-0400] {dag.py:3096} INFO - Sync 1 DAGs
[2025-04-02T17:12:13.918-0400] {logging_mixin.py:188} INFO - [2025-04-02T17:12:13.918-0400] {dag.py:3954} INFO - Setting next_dagrun for example_task_group to 2025-04-01 00:00:00+00:00, run_after=2025-04-02 00:00:00+00:00
[2025-04-02T17:12:13.925-0400] {processor.py:183} INFO - Processing /Users/prasenjeet.gadhe/Documents/05. Nokia_PoV/Parallel_Test/venv/lib/python3.9/site-packages/airflow/example_dags/example_task_group.py took 0.090 seconds
[2025-04-02T17:26:14.067-0400] {processor.py:161} INFO - Started process (PID=14611) to work on /Users/prasenjeet.gadhe/Documents/05. Nokia_PoV/Parallel_Test/venv/lib/python3.9/site-packages/airflow/example_dags/example_task_group.py
[2025-04-02T17:26:14.068-0400] {processor.py:830} INFO - Processing file /Users/prasenjeet.gadhe/Documents/05. Nokia_PoV/Parallel_Test/venv/lib/python3.9/site-packages/airflow/example_dags/example_task_group.py for tasks to queue
[2025-04-02T17:26:14.068-0400] {logging_mixin.py:188} INFO - [2025-04-02T17:26:14.068-0400] {dagbag.py:540} INFO - Filling up the DagBag from /Users/prasenjeet.gadhe/Documents/05. Nokia_PoV/Parallel_Test/venv/lib/python3.9/site-packages/airflow/example_dags/example_task_group.py
[2025-04-02T17:26:14.073-0400] {processor.py:840} INFO - DAG(s) 'example_task_group' retrieved from /Users/prasenjeet.gadhe/Documents/05. Nokia_PoV/Parallel_Test/venv/lib/python3.9/site-packages/airflow/example_dags/example_task_group.py
[2025-04-02T17:26:14.163-0400] {logging_mixin.py:188} INFO - [2025-04-02T17:26:14.163-0400] {dag.py:3096} INFO - Sync 1 DAGs
[2025-04-02T17:26:14.170-0400] {logging_mixin.py:188} INFO - [2025-04-02T17:26:14.170-0400] {dag.py:3954} INFO - Setting next_dagrun for example_task_group to 2025-04-01 00:00:00+00:00, run_after=2025-04-02 00:00:00+00:00
[2025-04-02T17:26:14.177-0400] {processor.py:183} INFO - Processing /Users/prasenjeet.gadhe/Documents/05. Nokia_PoV/Parallel_Test/venv/lib/python3.9/site-packages/airflow/example_dags/example_task_group.py took 0.111 seconds
