[2025-04-02T16:40:10.638-0400] {processor.py:161} INFO - Started process (PID=71202) to work on /Users/prasenjeet.gadhe/Documents/05. Nokia_PoV/Parallel_Test/venv/lib/python3.9/site-packages/airflow/example_dags/example_datasets.py
[2025-04-02T16:40:10.639-0400] {processor.py:830} INFO - Processing file /Users/prasenjeet.gadhe/Documents/05. Nokia_PoV/Parallel_Test/venv/lib/python3.9/site-packages/airflow/example_dags/example_datasets.py for tasks to queue
[2025-04-02T16:40:10.639-0400] {logging_mixin.py:188} INFO - [2025-04-02T16:40:10.639-0400] {dagbag.py:540} INFO - Filling up the DagBag from /Users/prasenjeet.gadhe/Documents/05. Nokia_PoV/Parallel_Test/venv/lib/python3.9/site-packages/airflow/example_dags/example_datasets.py
[2025-04-02T16:40:10.677-0400] {processor.py:840} INFO - DAG(s) 'dataset_consumes_unknown_never_scheduled', 'dataset_produces_1', 'consume_1_or_both_2_and_3_with_dataset_expressions', 'conditional_dataset_and_time_based_timetable', 'consume_1_and_2_with_dataset_expressions', 'dataset_consumes_1', 'dataset_produces_2', 'dataset_consumes_1_and_2', 'dataset_consumes_1_never_scheduled', 'consume_1_or_2_with_dataset_expressions' retrieved from /Users/prasenjeet.gadhe/Documents/05. Nokia_PoV/Parallel_Test/venv/lib/python3.9/site-packages/airflow/example_dags/example_datasets.py
[2025-04-02T16:40:10.767-0400] {logging_mixin.py:188} INFO - [2025-04-02T16:40:10.766-0400] {override.py:1829} INFO - Created Permission View: can edit on DAG:dataset_consumes_unknown_never_scheduled
[2025-04-02T16:40:10.770-0400] {logging_mixin.py:188} INFO - [2025-04-02T16:40:10.770-0400] {override.py:1829} INFO - Created Permission View: can delete on DAG:dataset_consumes_unknown_never_scheduled
[2025-04-02T16:40:10.772-0400] {logging_mixin.py:188} INFO - [2025-04-02T16:40:10.772-0400] {override.py:1829} INFO - Created Permission View: can read on DAG:dataset_consumes_unknown_never_scheduled
[2025-04-02T16:40:10.776-0400] {logging_mixin.py:188} INFO - [2025-04-02T16:40:10.776-0400] {override.py:1829} INFO - Created Permission View: can edit on DAG:dataset_produces_1
[2025-04-02T16:40:10.778-0400] {logging_mixin.py:188} INFO - [2025-04-02T16:40:10.778-0400] {override.py:1829} INFO - Created Permission View: can delete on DAG:dataset_produces_1
[2025-04-02T16:40:10.779-0400] {logging_mixin.py:188} INFO - [2025-04-02T16:40:10.779-0400] {override.py:1829} INFO - Created Permission View: can read on DAG:dataset_produces_1
[2025-04-02T16:40:10.783-0400] {logging_mixin.py:188} INFO - [2025-04-02T16:40:10.783-0400] {override.py:1829} INFO - Created Permission View: can edit on DAG:consume_1_or_both_2_and_3_with_dataset_expressions
[2025-04-02T16:40:10.785-0400] {logging_mixin.py:188} INFO - [2025-04-02T16:40:10.785-0400] {override.py:1829} INFO - Created Permission View: can delete on DAG:consume_1_or_both_2_and_3_with_dataset_expressions
[2025-04-02T16:40:10.786-0400] {logging_mixin.py:188} INFO - [2025-04-02T16:40:10.786-0400] {override.py:1829} INFO - Created Permission View: can read on DAG:consume_1_or_both_2_and_3_with_dataset_expressions
[2025-04-02T16:40:10.790-0400] {logging_mixin.py:188} INFO - [2025-04-02T16:40:10.790-0400] {override.py:1829} INFO - Created Permission View: can edit on DAG:conditional_dataset_and_time_based_timetable
[2025-04-02T16:40:10.791-0400] {logging_mixin.py:188} INFO - [2025-04-02T16:40:10.791-0400] {override.py:1829} INFO - Created Permission View: can delete on DAG:conditional_dataset_and_time_based_timetable
[2025-04-02T16:40:10.793-0400] {logging_mixin.py:188} INFO - [2025-04-02T16:40:10.793-0400] {override.py:1829} INFO - Created Permission View: can read on DAG:conditional_dataset_and_time_based_timetable
[2025-04-02T16:40:10.796-0400] {logging_mixin.py:188} INFO - [2025-04-02T16:40:10.796-0400] {override.py:1829} INFO - Created Permission View: can edit on DAG:consume_1_and_2_with_dataset_expressions
[2025-04-02T16:40:10.798-0400] {logging_mixin.py:188} INFO - [2025-04-02T16:40:10.798-0400] {override.py:1829} INFO - Created Permission View: can delete on DAG:consume_1_and_2_with_dataset_expressions
[2025-04-02T16:40:10.799-0400] {logging_mixin.py:188} INFO - [2025-04-02T16:40:10.799-0400] {override.py:1829} INFO - Created Permission View: can read on DAG:consume_1_and_2_with_dataset_expressions
[2025-04-02T16:40:10.803-0400] {logging_mixin.py:188} INFO - [2025-04-02T16:40:10.802-0400] {override.py:1829} INFO - Created Permission View: can edit on DAG:dataset_consumes_1
[2025-04-02T16:40:10.804-0400] {logging_mixin.py:188} INFO - [2025-04-02T16:40:10.804-0400] {override.py:1829} INFO - Created Permission View: can delete on DAG:dataset_consumes_1
[2025-04-02T16:40:10.806-0400] {logging_mixin.py:188} INFO - [2025-04-02T16:40:10.805-0400] {override.py:1829} INFO - Created Permission View: can read on DAG:dataset_consumes_1
[2025-04-02T16:40:10.809-0400] {logging_mixin.py:188} INFO - [2025-04-02T16:40:10.808-0400] {override.py:1829} INFO - Created Permission View: can edit on DAG:dataset_produces_2
[2025-04-02T16:40:10.810-0400] {logging_mixin.py:188} INFO - [2025-04-02T16:40:10.810-0400] {override.py:1829} INFO - Created Permission View: can delete on DAG:dataset_produces_2
[2025-04-02T16:40:10.812-0400] {logging_mixin.py:188} INFO - [2025-04-02T16:40:10.811-0400] {override.py:1829} INFO - Created Permission View: can read on DAG:dataset_produces_2
[2025-04-02T16:40:10.815-0400] {logging_mixin.py:188} INFO - [2025-04-02T16:40:10.815-0400] {override.py:1829} INFO - Created Permission View: can edit on DAG:dataset_consumes_1_and_2
[2025-04-02T16:40:10.816-0400] {logging_mixin.py:188} INFO - [2025-04-02T16:40:10.816-0400] {override.py:1829} INFO - Created Permission View: can delete on DAG:dataset_consumes_1_and_2
[2025-04-02T16:40:10.818-0400] {logging_mixin.py:188} INFO - [2025-04-02T16:40:10.818-0400] {override.py:1829} INFO - Created Permission View: can read on DAG:dataset_consumes_1_and_2
[2025-04-02T16:40:10.821-0400] {logging_mixin.py:188} INFO - [2025-04-02T16:40:10.821-0400] {override.py:1829} INFO - Created Permission View: can edit on DAG:dataset_consumes_1_never_scheduled
[2025-04-02T16:40:10.823-0400] {logging_mixin.py:188} INFO - [2025-04-02T16:40:10.823-0400] {override.py:1829} INFO - Created Permission View: can delete on DAG:dataset_consumes_1_never_scheduled
[2025-04-02T16:40:10.824-0400] {logging_mixin.py:188} INFO - [2025-04-02T16:40:10.824-0400] {override.py:1829} INFO - Created Permission View: can read on DAG:dataset_consumes_1_never_scheduled
[2025-04-02T16:40:10.827-0400] {logging_mixin.py:188} INFO - [2025-04-02T16:40:10.827-0400] {override.py:1829} INFO - Created Permission View: can edit on DAG:consume_1_or_2_with_dataset_expressions
[2025-04-02T16:40:10.829-0400] {logging_mixin.py:188} INFO - [2025-04-02T16:40:10.829-0400] {override.py:1829} INFO - Created Permission View: can delete on DAG:consume_1_or_2_with_dataset_expressions
[2025-04-02T16:40:10.831-0400] {logging_mixin.py:188} INFO - [2025-04-02T16:40:10.831-0400] {override.py:1829} INFO - Created Permission View: can read on DAG:consume_1_or_2_with_dataset_expressions
[2025-04-02T16:40:10.831-0400] {logging_mixin.py:188} INFO - [2025-04-02T16:40:10.831-0400] {dag.py:3096} INFO - Sync 10 DAGs
[2025-04-02T16:40:10.834-0400] {logging_mixin.py:188} INFO - [2025-04-02T16:40:10.834-0400] {dag.py:3118} INFO - Creating ORM DAG for dataset_produces_2
[2025-04-02T16:40:10.835-0400] {logging_mixin.py:188} INFO - [2025-04-02T16:40:10.834-0400] {dag.py:3118} INFO - Creating ORM DAG for dataset_consumes_unknown_never_scheduled
[2025-04-02T16:40:10.835-0400] {logging_mixin.py:188} INFO - [2025-04-02T16:40:10.835-0400] {dag.py:3118} INFO - Creating ORM DAG for dataset_consumes_1
[2025-04-02T16:40:10.835-0400] {logging_mixin.py:188} INFO - [2025-04-02T16:40:10.835-0400] {dag.py:3118} INFO - Creating ORM DAG for dataset_consumes_1_and_2
[2025-04-02T16:40:10.835-0400] {logging_mixin.py:188} INFO - [2025-04-02T16:40:10.835-0400] {dag.py:3118} INFO - Creating ORM DAG for dataset_produces_1
[2025-04-02T16:40:10.835-0400] {logging_mixin.py:188} INFO - [2025-04-02T16:40:10.835-0400] {dag.py:3118} INFO - Creating ORM DAG for dataset_consumes_1_never_scheduled
[2025-04-02T16:40:10.835-0400] {logging_mixin.py:188} INFO - [2025-04-02T16:40:10.835-0400] {dag.py:3118} INFO - Creating ORM DAG for conditional_dataset_and_time_based_timetable
[2025-04-02T16:40:10.836-0400] {logging_mixin.py:188} INFO - [2025-04-02T16:40:10.836-0400] {dag.py:3118} INFO - Creating ORM DAG for consume_1_or_2_with_dataset_expressions
[2025-04-02T16:40:10.836-0400] {logging_mixin.py:188} INFO - [2025-04-02T16:40:10.836-0400] {dag.py:3118} INFO - Creating ORM DAG for consume_1_and_2_with_dataset_expressions
[2025-04-02T16:40:10.836-0400] {logging_mixin.py:188} INFO - [2025-04-02T16:40:10.836-0400] {dag.py:3118} INFO - Creating ORM DAG for consume_1_or_both_2_and_3_with_dataset_expressions
[2025-04-02T16:40:10.839-0400] {logging_mixin.py:188} INFO - [2025-04-02T16:40:10.839-0400] {dag.py:3954} INFO - Setting next_dagrun for conditional_dataset_and_time_based_timetable to 2025-04-02 01:00:00+00:00, run_after=2025-04-02 01:00:00+00:00
[2025-04-02T16:40:10.839-0400] {logging_mixin.py:188} INFO - [2025-04-02T16:40:10.839-0400] {dag.py:3954} INFO - Setting next_dagrun for consume_1_and_2_with_dataset_expressions to None, run_after=None
[2025-04-02T16:40:10.839-0400] {logging_mixin.py:188} INFO - [2025-04-02T16:40:10.839-0400] {dag.py:3954} INFO - Setting next_dagrun for consume_1_or_2_with_dataset_expressions to None, run_after=None
[2025-04-02T16:40:10.839-0400] {logging_mixin.py:188} INFO - [2025-04-02T16:40:10.839-0400] {dag.py:3954} INFO - Setting next_dagrun for consume_1_or_both_2_and_3_with_dataset_expressions to None, run_after=None
[2025-04-02T16:40:10.839-0400] {logging_mixin.py:188} INFO - [2025-04-02T16:40:10.839-0400] {dag.py:3954} INFO - Setting next_dagrun for dataset_consumes_1 to None, run_after=None
[2025-04-02T16:40:10.839-0400] {logging_mixin.py:188} INFO - [2025-04-02T16:40:10.839-0400] {dag.py:3954} INFO - Setting next_dagrun for dataset_consumes_1_and_2 to None, run_after=None
[2025-04-02T16:40:10.840-0400] {logging_mixin.py:188} INFO - [2025-04-02T16:40:10.840-0400] {dag.py:3954} INFO - Setting next_dagrun for dataset_consumes_1_never_scheduled to None, run_after=None
[2025-04-02T16:40:10.840-0400] {logging_mixin.py:188} INFO - [2025-04-02T16:40:10.840-0400] {dag.py:3954} INFO - Setting next_dagrun for dataset_consumes_unknown_never_scheduled to None, run_after=None
[2025-04-02T16:40:10.840-0400] {logging_mixin.py:188} INFO - [2025-04-02T16:40:10.840-0400] {dag.py:3954} INFO - Setting next_dagrun for dataset_produces_1 to 2025-04-01 00:00:00+00:00, run_after=2025-04-02 00:00:00+00:00
[2025-04-02T16:40:10.841-0400] {logging_mixin.py:188} INFO - [2025-04-02T16:40:10.841-0400] {dag.py:3954} INFO - Setting next_dagrun for dataset_produces_2 to None, run_after=None
[2025-04-02T16:40:10.852-0400] {processor.py:183} INFO - Processing /Users/prasenjeet.gadhe/Documents/05. Nokia_PoV/Parallel_Test/venv/lib/python3.9/site-packages/airflow/example_dags/example_datasets.py took 0.215 seconds
[2025-04-02T16:42:06.429-0400] {processor.py:161} INFO - Started process (PID=85768) to work on /Users/prasenjeet.gadhe/Documents/05. Nokia_PoV/Parallel_Test/venv/lib/python3.9/site-packages/airflow/example_dags/example_datasets.py
[2025-04-02T16:42:06.431-0400] {processor.py:830} INFO - Processing file /Users/prasenjeet.gadhe/Documents/05. Nokia_PoV/Parallel_Test/venv/lib/python3.9/site-packages/airflow/example_dags/example_datasets.py for tasks to queue
[2025-04-02T16:42:06.431-0400] {logging_mixin.py:188} INFO - [2025-04-02T16:42:06.431-0400] {dagbag.py:540} INFO - Filling up the DagBag from /Users/prasenjeet.gadhe/Documents/05. Nokia_PoV/Parallel_Test/venv/lib/python3.9/site-packages/airflow/example_dags/example_datasets.py
[2025-04-02T16:42:06.469-0400] {processor.py:840} INFO - DAG(s) 'consume_1_and_2_with_dataset_expressions', 'consume_1_or_2_with_dataset_expressions', 'dataset_produces_2', 'conditional_dataset_and_time_based_timetable', 'dataset_consumes_1', 'consume_1_or_both_2_and_3_with_dataset_expressions', 'dataset_consumes_1_never_scheduled', 'dataset_consumes_unknown_never_scheduled', 'dataset_consumes_1_and_2', 'dataset_produces_1' retrieved from /Users/prasenjeet.gadhe/Documents/05. Nokia_PoV/Parallel_Test/venv/lib/python3.9/site-packages/airflow/example_dags/example_datasets.py
[2025-04-02T16:42:06.529-0400] {logging_mixin.py:188} INFO - [2025-04-02T16:42:06.529-0400] {dag.py:3096} INFO - Sync 10 DAGs
[2025-04-02T16:42:06.535-0400] {logging_mixin.py:188} INFO - [2025-04-02T16:42:06.535-0400] {dag.py:3954} INFO - Setting next_dagrun for conditional_dataset_and_time_based_timetable to 2025-04-02 01:00:00+00:00, run_after=2025-04-02 01:00:00+00:00
[2025-04-02T16:42:06.536-0400] {logging_mixin.py:188} INFO - [2025-04-02T16:42:06.536-0400] {dag.py:3954} INFO - Setting next_dagrun for consume_1_and_2_with_dataset_expressions to None, run_after=None
[2025-04-02T16:42:06.536-0400] {logging_mixin.py:188} INFO - [2025-04-02T16:42:06.536-0400] {dag.py:3954} INFO - Setting next_dagrun for consume_1_or_2_with_dataset_expressions to None, run_after=None
[2025-04-02T16:42:06.537-0400] {logging_mixin.py:188} INFO - [2025-04-02T16:42:06.537-0400] {dag.py:3954} INFO - Setting next_dagrun for consume_1_or_both_2_and_3_with_dataset_expressions to None, run_after=None
[2025-04-02T16:42:06.537-0400] {logging_mixin.py:188} INFO - [2025-04-02T16:42:06.537-0400] {dag.py:3954} INFO - Setting next_dagrun for dataset_consumes_1 to None, run_after=None
[2025-04-02T16:42:06.537-0400] {logging_mixin.py:188} INFO - [2025-04-02T16:42:06.537-0400] {dag.py:3954} INFO - Setting next_dagrun for dataset_consumes_1_and_2 to None, run_after=None
[2025-04-02T16:42:06.537-0400] {logging_mixin.py:188} INFO - [2025-04-02T16:42:06.537-0400] {dag.py:3954} INFO - Setting next_dagrun for dataset_consumes_1_never_scheduled to None, run_after=None
[2025-04-02T16:42:06.538-0400] {logging_mixin.py:188} INFO - [2025-04-02T16:42:06.538-0400] {dag.py:3954} INFO - Setting next_dagrun for dataset_consumes_unknown_never_scheduled to None, run_after=None
[2025-04-02T16:42:06.538-0400] {logging_mixin.py:188} INFO - [2025-04-02T16:42:06.538-0400] {dag.py:3954} INFO - Setting next_dagrun for dataset_produces_1 to 2025-04-01 00:00:00+00:00, run_after=2025-04-02 00:00:00+00:00
[2025-04-02T16:42:06.539-0400] {logging_mixin.py:188} INFO - [2025-04-02T16:42:06.539-0400] {dag.py:3954} INFO - Setting next_dagrun for dataset_produces_2 to None, run_after=None
[2025-04-02T16:42:06.548-0400] {processor.py:183} INFO - Processing /Users/prasenjeet.gadhe/Documents/05. Nokia_PoV/Parallel_Test/venv/lib/python3.9/site-packages/airflow/example_dags/example_datasets.py took 0.120 seconds
[2025-04-02T16:43:59.835-0400] {processor.py:161} INFO - Started process (PID=99758) to work on /Users/prasenjeet.gadhe/Documents/05. Nokia_PoV/Parallel_Test/venv/lib/python3.9/site-packages/airflow/example_dags/example_datasets.py
[2025-04-02T16:43:59.837-0400] {processor.py:830} INFO - Processing file /Users/prasenjeet.gadhe/Documents/05. Nokia_PoV/Parallel_Test/venv/lib/python3.9/site-packages/airflow/example_dags/example_datasets.py for tasks to queue
[2025-04-02T16:43:59.837-0400] {logging_mixin.py:188} INFO - [2025-04-02T16:43:59.837-0400] {dagbag.py:540} INFO - Filling up the DagBag from /Users/prasenjeet.gadhe/Documents/05. Nokia_PoV/Parallel_Test/venv/lib/python3.9/site-packages/airflow/example_dags/example_datasets.py
[2025-04-02T16:43:59.871-0400] {processor.py:840} INFO - DAG(s) 'consume_1_or_both_2_and_3_with_dataset_expressions', 'dataset_consumes_unknown_never_scheduled', 'dataset_produces_1', 'dataset_produces_2', 'dataset_consumes_1_never_scheduled', 'dataset_consumes_1', 'consume_1_and_2_with_dataset_expressions', 'consume_1_or_2_with_dataset_expressions', 'conditional_dataset_and_time_based_timetable', 'dataset_consumes_1_and_2' retrieved from /Users/prasenjeet.gadhe/Documents/05. Nokia_PoV/Parallel_Test/venv/lib/python3.9/site-packages/airflow/example_dags/example_datasets.py
[2025-04-02T16:43:59.931-0400] {logging_mixin.py:188} INFO - [2025-04-02T16:43:59.931-0400] {dag.py:3096} INFO - Sync 10 DAGs
[2025-04-02T16:43:59.937-0400] {logging_mixin.py:188} INFO - [2025-04-02T16:43:59.937-0400] {dag.py:3954} INFO - Setting next_dagrun for conditional_dataset_and_time_based_timetable to 2025-04-02 01:00:00+00:00, run_after=2025-04-02 01:00:00+00:00
[2025-04-02T16:43:59.938-0400] {logging_mixin.py:188} INFO - [2025-04-02T16:43:59.938-0400] {dag.py:3954} INFO - Setting next_dagrun for consume_1_and_2_with_dataset_expressions to None, run_after=None
[2025-04-02T16:43:59.938-0400] {logging_mixin.py:188} INFO - [2025-04-02T16:43:59.938-0400] {dag.py:3954} INFO - Setting next_dagrun for consume_1_or_2_with_dataset_expressions to None, run_after=None
[2025-04-02T16:43:59.939-0400] {logging_mixin.py:188} INFO - [2025-04-02T16:43:59.939-0400] {dag.py:3954} INFO - Setting next_dagrun for consume_1_or_both_2_and_3_with_dataset_expressions to None, run_after=None
[2025-04-02T16:43:59.939-0400] {logging_mixin.py:188} INFO - [2025-04-02T16:43:59.939-0400] {dag.py:3954} INFO - Setting next_dagrun for dataset_consumes_1 to None, run_after=None
[2025-04-02T16:43:59.939-0400] {logging_mixin.py:188} INFO - [2025-04-02T16:43:59.939-0400] {dag.py:3954} INFO - Setting next_dagrun for dataset_consumes_1_and_2 to None, run_after=None
[2025-04-02T16:43:59.939-0400] {logging_mixin.py:188} INFO - [2025-04-02T16:43:59.939-0400] {dag.py:3954} INFO - Setting next_dagrun for dataset_consumes_1_never_scheduled to None, run_after=None
[2025-04-02T16:43:59.940-0400] {logging_mixin.py:188} INFO - [2025-04-02T16:43:59.940-0400] {dag.py:3954} INFO - Setting next_dagrun for dataset_consumes_unknown_never_scheduled to None, run_after=None
[2025-04-02T16:43:59.940-0400] {logging_mixin.py:188} INFO - [2025-04-02T16:43:59.940-0400] {dag.py:3954} INFO - Setting next_dagrun for dataset_produces_1 to 2025-04-01 00:00:00+00:00, run_after=2025-04-02 00:00:00+00:00
[2025-04-02T16:43:59.941-0400] {logging_mixin.py:188} INFO - [2025-04-02T16:43:59.941-0400] {dag.py:3954} INFO - Setting next_dagrun for dataset_produces_2 to None, run_after=None
[2025-04-02T16:43:59.951-0400] {processor.py:183} INFO - Processing /Users/prasenjeet.gadhe/Documents/05. Nokia_PoV/Parallel_Test/venv/lib/python3.9/site-packages/airflow/example_dags/example_datasets.py took 0.116 seconds
[2025-04-02T16:46:32.785-0400] {processor.py:161} INFO - Started process (PID=19107) to work on /Users/prasenjeet.gadhe/Documents/05. Nokia_PoV/Parallel_Test/venv/lib/python3.9/site-packages/airflow/example_dags/example_datasets.py
[2025-04-02T16:46:32.786-0400] {processor.py:830} INFO - Processing file /Users/prasenjeet.gadhe/Documents/05. Nokia_PoV/Parallel_Test/venv/lib/python3.9/site-packages/airflow/example_dags/example_datasets.py for tasks to queue
[2025-04-02T16:46:32.786-0400] {logging_mixin.py:188} INFO - [2025-04-02T16:46:32.786-0400] {dagbag.py:540} INFO - Filling up the DagBag from /Users/prasenjeet.gadhe/Documents/05. Nokia_PoV/Parallel_Test/venv/lib/python3.9/site-packages/airflow/example_dags/example_datasets.py
[2025-04-02T16:46:32.825-0400] {processor.py:840} INFO - DAG(s) 'dataset_consumes_1', 'consume_1_and_2_with_dataset_expressions', 'dataset_consumes_unknown_never_scheduled', 'dataset_consumes_1_and_2', 'dataset_produces_2', 'dataset_produces_1', 'consume_1_or_both_2_and_3_with_dataset_expressions', 'conditional_dataset_and_time_based_timetable', 'dataset_consumes_1_never_scheduled', 'consume_1_or_2_with_dataset_expressions' retrieved from /Users/prasenjeet.gadhe/Documents/05. Nokia_PoV/Parallel_Test/venv/lib/python3.9/site-packages/airflow/example_dags/example_datasets.py
[2025-04-02T16:46:32.903-0400] {logging_mixin.py:188} INFO - [2025-04-02T16:46:32.903-0400] {dag.py:3096} INFO - Sync 10 DAGs
[2025-04-02T16:46:32.911-0400] {logging_mixin.py:188} INFO - [2025-04-02T16:46:32.911-0400] {dag.py:3954} INFO - Setting next_dagrun for conditional_dataset_and_time_based_timetable to 2025-04-02 01:00:00+00:00, run_after=2025-04-02 01:00:00+00:00
[2025-04-02T16:46:32.912-0400] {logging_mixin.py:188} INFO - [2025-04-02T16:46:32.912-0400] {dag.py:3954} INFO - Setting next_dagrun for consume_1_and_2_with_dataset_expressions to None, run_after=None
[2025-04-02T16:46:32.912-0400] {logging_mixin.py:188} INFO - [2025-04-02T16:46:32.912-0400] {dag.py:3954} INFO - Setting next_dagrun for consume_1_or_2_with_dataset_expressions to None, run_after=None
[2025-04-02T16:46:32.913-0400] {logging_mixin.py:188} INFO - [2025-04-02T16:46:32.913-0400] {dag.py:3954} INFO - Setting next_dagrun for consume_1_or_both_2_and_3_with_dataset_expressions to None, run_after=None
[2025-04-02T16:46:32.913-0400] {logging_mixin.py:188} INFO - [2025-04-02T16:46:32.913-0400] {dag.py:3954} INFO - Setting next_dagrun for dataset_consumes_1 to None, run_after=None
[2025-04-02T16:46:32.913-0400] {logging_mixin.py:188} INFO - [2025-04-02T16:46:32.913-0400] {dag.py:3954} INFO - Setting next_dagrun for dataset_consumes_1_and_2 to None, run_after=None
[2025-04-02T16:46:32.914-0400] {logging_mixin.py:188} INFO - [2025-04-02T16:46:32.914-0400] {dag.py:3954} INFO - Setting next_dagrun for dataset_consumes_1_never_scheduled to None, run_after=None
[2025-04-02T16:46:32.914-0400] {logging_mixin.py:188} INFO - [2025-04-02T16:46:32.914-0400] {dag.py:3954} INFO - Setting next_dagrun for dataset_consumes_unknown_never_scheduled to None, run_after=None
[2025-04-02T16:46:32.915-0400] {logging_mixin.py:188} INFO - [2025-04-02T16:46:32.915-0400] {dag.py:3954} INFO - Setting next_dagrun for dataset_produces_1 to 2025-04-01 00:00:00+00:00, run_after=2025-04-02 00:00:00+00:00
[2025-04-02T16:46:32.915-0400] {logging_mixin.py:188} INFO - [2025-04-02T16:46:32.915-0400] {dag.py:3954} INFO - Setting next_dagrun for dataset_produces_2 to None, run_after=None
[2025-04-02T16:46:32.927-0400] {processor.py:183} INFO - Processing /Users/prasenjeet.gadhe/Documents/05. Nokia_PoV/Parallel_Test/venv/lib/python3.9/site-packages/airflow/example_dags/example_datasets.py took 0.143 seconds
[2025-04-02T16:48:29.446-0400] {processor.py:161} INFO - Started process (PID=33622) to work on /Users/prasenjeet.gadhe/Documents/05. Nokia_PoV/Parallel_Test/venv/lib/python3.9/site-packages/airflow/example_dags/example_datasets.py
[2025-04-02T16:48:29.448-0400] {processor.py:830} INFO - Processing file /Users/prasenjeet.gadhe/Documents/05. Nokia_PoV/Parallel_Test/venv/lib/python3.9/site-packages/airflow/example_dags/example_datasets.py for tasks to queue
[2025-04-02T16:48:29.448-0400] {logging_mixin.py:188} INFO - [2025-04-02T16:48:29.448-0400] {dagbag.py:540} INFO - Filling up the DagBag from /Users/prasenjeet.gadhe/Documents/05. Nokia_PoV/Parallel_Test/venv/lib/python3.9/site-packages/airflow/example_dags/example_datasets.py
[2025-04-02T16:48:29.486-0400] {processor.py:840} INFO - DAG(s) 'consume_1_or_both_2_and_3_with_dataset_expressions', 'consume_1_or_2_with_dataset_expressions', 'dataset_produces_2', 'dataset_produces_1', 'conditional_dataset_and_time_based_timetable', 'consume_1_and_2_with_dataset_expressions', 'dataset_consumes_1_and_2', 'dataset_consumes_1', 'dataset_consumes_1_never_scheduled', 'dataset_consumes_unknown_never_scheduled' retrieved from /Users/prasenjeet.gadhe/Documents/05. Nokia_PoV/Parallel_Test/venv/lib/python3.9/site-packages/airflow/example_dags/example_datasets.py
[2025-04-02T16:48:29.552-0400] {logging_mixin.py:188} INFO - [2025-04-02T16:48:29.552-0400] {dag.py:3096} INFO - Sync 10 DAGs
[2025-04-02T16:48:29.560-0400] {logging_mixin.py:188} INFO - [2025-04-02T16:48:29.560-0400] {dag.py:3954} INFO - Setting next_dagrun for conditional_dataset_and_time_based_timetable to 2025-04-02 01:00:00+00:00, run_after=2025-04-02 01:00:00+00:00
[2025-04-02T16:48:29.561-0400] {logging_mixin.py:188} INFO - [2025-04-02T16:48:29.561-0400] {dag.py:3954} INFO - Setting next_dagrun for consume_1_and_2_with_dataset_expressions to None, run_after=None
[2025-04-02T16:48:29.561-0400] {logging_mixin.py:188} INFO - [2025-04-02T16:48:29.561-0400] {dag.py:3954} INFO - Setting next_dagrun for consume_1_or_2_with_dataset_expressions to None, run_after=None
[2025-04-02T16:48:29.561-0400] {logging_mixin.py:188} INFO - [2025-04-02T16:48:29.561-0400] {dag.py:3954} INFO - Setting next_dagrun for consume_1_or_both_2_and_3_with_dataset_expressions to None, run_after=None
[2025-04-02T16:48:29.562-0400] {logging_mixin.py:188} INFO - [2025-04-02T16:48:29.562-0400] {dag.py:3954} INFO - Setting next_dagrun for dataset_consumes_1 to None, run_after=None
[2025-04-02T16:48:29.562-0400] {logging_mixin.py:188} INFO - [2025-04-02T16:48:29.562-0400] {dag.py:3954} INFO - Setting next_dagrun for dataset_consumes_1_and_2 to None, run_after=None
[2025-04-02T16:48:29.562-0400] {logging_mixin.py:188} INFO - [2025-04-02T16:48:29.562-0400] {dag.py:3954} INFO - Setting next_dagrun for dataset_consumes_1_never_scheduled to None, run_after=None
[2025-04-02T16:48:29.563-0400] {logging_mixin.py:188} INFO - [2025-04-02T16:48:29.563-0400] {dag.py:3954} INFO - Setting next_dagrun for dataset_consumes_unknown_never_scheduled to None, run_after=None
[2025-04-02T16:48:29.563-0400] {logging_mixin.py:188} INFO - [2025-04-02T16:48:29.563-0400] {dag.py:3954} INFO - Setting next_dagrun for dataset_produces_1 to 2025-04-01 00:00:00+00:00, run_after=2025-04-02 00:00:00+00:00
[2025-04-02T16:48:29.564-0400] {logging_mixin.py:188} INFO - [2025-04-02T16:48:29.564-0400] {dag.py:3954} INFO - Setting next_dagrun for dataset_produces_2 to None, run_after=None
[2025-04-02T16:48:29.575-0400] {processor.py:183} INFO - Processing /Users/prasenjeet.gadhe/Documents/05. Nokia_PoV/Parallel_Test/venv/lib/python3.9/site-packages/airflow/example_dags/example_datasets.py took 0.130 seconds
[2025-04-02T16:51:44.158-0400] {processor.py:161} INFO - Started process (PID=57713) to work on /Users/prasenjeet.gadhe/Documents/05. Nokia_PoV/Parallel_Test/venv/lib/python3.9/site-packages/airflow/example_dags/example_datasets.py
[2025-04-02T16:51:44.160-0400] {processor.py:830} INFO - Processing file /Users/prasenjeet.gadhe/Documents/05. Nokia_PoV/Parallel_Test/venv/lib/python3.9/site-packages/airflow/example_dags/example_datasets.py for tasks to queue
[2025-04-02T16:51:44.160-0400] {logging_mixin.py:188} INFO - [2025-04-02T16:51:44.160-0400] {dagbag.py:540} INFO - Filling up the DagBag from /Users/prasenjeet.gadhe/Documents/05. Nokia_PoV/Parallel_Test/venv/lib/python3.9/site-packages/airflow/example_dags/example_datasets.py
[2025-04-02T16:51:44.198-0400] {processor.py:840} INFO - DAG(s) 'dataset_consumes_1_and_2', 'consume_1_or_2_with_dataset_expressions', 'dataset_consumes_1_never_scheduled', 'consume_1_and_2_with_dataset_expressions', 'dataset_consumes_1', 'dataset_produces_2', 'dataset_produces_1', 'conditional_dataset_and_time_based_timetable', 'dataset_consumes_unknown_never_scheduled', 'consume_1_or_both_2_and_3_with_dataset_expressions' retrieved from /Users/prasenjeet.gadhe/Documents/05. Nokia_PoV/Parallel_Test/venv/lib/python3.9/site-packages/airflow/example_dags/example_datasets.py
[2025-04-02T16:51:44.266-0400] {logging_mixin.py:188} INFO - [2025-04-02T16:51:44.266-0400] {dag.py:3096} INFO - Sync 10 DAGs
[2025-04-02T16:51:44.272-0400] {logging_mixin.py:188} INFO - [2025-04-02T16:51:44.272-0400] {dag.py:3954} INFO - Setting next_dagrun for conditional_dataset_and_time_based_timetable to 2025-04-02 01:00:00+00:00, run_after=2025-04-02 01:00:00+00:00
[2025-04-02T16:51:44.273-0400] {logging_mixin.py:188} INFO - [2025-04-02T16:51:44.273-0400] {dag.py:3954} INFO - Setting next_dagrun for consume_1_and_2_with_dataset_expressions to None, run_after=None
[2025-04-02T16:51:44.274-0400] {logging_mixin.py:188} INFO - [2025-04-02T16:51:44.274-0400] {dag.py:3954} INFO - Setting next_dagrun for consume_1_or_2_with_dataset_expressions to None, run_after=None
[2025-04-02T16:51:44.274-0400] {logging_mixin.py:188} INFO - [2025-04-02T16:51:44.274-0400] {dag.py:3954} INFO - Setting next_dagrun for consume_1_or_both_2_and_3_with_dataset_expressions to None, run_after=None
[2025-04-02T16:51:44.274-0400] {logging_mixin.py:188} INFO - [2025-04-02T16:51:44.274-0400] {dag.py:3954} INFO - Setting next_dagrun for dataset_consumes_1 to None, run_after=None
[2025-04-02T16:51:44.275-0400] {logging_mixin.py:188} INFO - [2025-04-02T16:51:44.275-0400] {dag.py:3954} INFO - Setting next_dagrun for dataset_consumes_1_and_2 to None, run_after=None
[2025-04-02T16:51:44.275-0400] {logging_mixin.py:188} INFO - [2025-04-02T16:51:44.275-0400] {dag.py:3954} INFO - Setting next_dagrun for dataset_consumes_1_never_scheduled to None, run_after=None
[2025-04-02T16:51:44.275-0400] {logging_mixin.py:188} INFO - [2025-04-02T16:51:44.275-0400] {dag.py:3954} INFO - Setting next_dagrun for dataset_consumes_unknown_never_scheduled to None, run_after=None
[2025-04-02T16:51:44.276-0400] {logging_mixin.py:188} INFO - [2025-04-02T16:51:44.276-0400] {dag.py:3954} INFO - Setting next_dagrun for dataset_produces_1 to 2025-04-01 00:00:00+00:00, run_after=2025-04-02 00:00:00+00:00
[2025-04-02T16:51:44.276-0400] {logging_mixin.py:188} INFO - [2025-04-02T16:51:44.276-0400] {dag.py:3954} INFO - Setting next_dagrun for dataset_produces_2 to None, run_after=None
[2025-04-02T16:51:44.286-0400] {processor.py:183} INFO - Processing /Users/prasenjeet.gadhe/Documents/05. Nokia_PoV/Parallel_Test/venv/lib/python3.9/site-packages/airflow/example_dags/example_datasets.py took 0.129 seconds
[2025-04-02T16:53:36.755-0400] {processor.py:161} INFO - Started process (PID=71566) to work on /Users/prasenjeet.gadhe/Documents/05. Nokia_PoV/Parallel_Test/venv/lib/python3.9/site-packages/airflow/example_dags/example_datasets.py
[2025-04-02T16:53:36.757-0400] {processor.py:830} INFO - Processing file /Users/prasenjeet.gadhe/Documents/05. Nokia_PoV/Parallel_Test/venv/lib/python3.9/site-packages/airflow/example_dags/example_datasets.py for tasks to queue
[2025-04-02T16:53:36.758-0400] {logging_mixin.py:188} INFO - [2025-04-02T16:53:36.757-0400] {dagbag.py:540} INFO - Filling up the DagBag from /Users/prasenjeet.gadhe/Documents/05. Nokia_PoV/Parallel_Test/venv/lib/python3.9/site-packages/airflow/example_dags/example_datasets.py
[2025-04-02T16:53:36.794-0400] {processor.py:840} INFO - DAG(s) 'consume_1_or_2_with_dataset_expressions', 'consume_1_and_2_with_dataset_expressions', 'conditional_dataset_and_time_based_timetable', 'dataset_consumes_unknown_never_scheduled', 'dataset_produces_2', 'dataset_consumes_1', 'dataset_consumes_1_never_scheduled', 'dataset_consumes_1_and_2', 'consume_1_or_both_2_and_3_with_dataset_expressions', 'dataset_produces_1' retrieved from /Users/prasenjeet.gadhe/Documents/05. Nokia_PoV/Parallel_Test/venv/lib/python3.9/site-packages/airflow/example_dags/example_datasets.py
[2025-04-02T16:53:36.861-0400] {logging_mixin.py:188} INFO - [2025-04-02T16:53:36.861-0400] {dag.py:3096} INFO - Sync 10 DAGs
[2025-04-02T16:53:36.867-0400] {logging_mixin.py:188} INFO - [2025-04-02T16:53:36.867-0400] {dag.py:3954} INFO - Setting next_dagrun for conditional_dataset_and_time_based_timetable to 2025-04-02 01:00:00+00:00, run_after=2025-04-02 01:00:00+00:00
[2025-04-02T16:53:36.868-0400] {logging_mixin.py:188} INFO - [2025-04-02T16:53:36.868-0400] {dag.py:3954} INFO - Setting next_dagrun for consume_1_and_2_with_dataset_expressions to None, run_after=None
[2025-04-02T16:53:36.869-0400] {logging_mixin.py:188} INFO - [2025-04-02T16:53:36.869-0400] {dag.py:3954} INFO - Setting next_dagrun for consume_1_or_2_with_dataset_expressions to None, run_after=None
[2025-04-02T16:53:36.869-0400] {logging_mixin.py:188} INFO - [2025-04-02T16:53:36.869-0400] {dag.py:3954} INFO - Setting next_dagrun for consume_1_or_both_2_and_3_with_dataset_expressions to None, run_after=None
[2025-04-02T16:53:36.869-0400] {logging_mixin.py:188} INFO - [2025-04-02T16:53:36.869-0400] {dag.py:3954} INFO - Setting next_dagrun for dataset_consumes_1 to None, run_after=None
[2025-04-02T16:53:36.870-0400] {logging_mixin.py:188} INFO - [2025-04-02T16:53:36.870-0400] {dag.py:3954} INFO - Setting next_dagrun for dataset_consumes_1_and_2 to None, run_after=None
[2025-04-02T16:53:36.870-0400] {logging_mixin.py:188} INFO - [2025-04-02T16:53:36.870-0400] {dag.py:3954} INFO - Setting next_dagrun for dataset_consumes_1_never_scheduled to None, run_after=None
[2025-04-02T16:53:36.870-0400] {logging_mixin.py:188} INFO - [2025-04-02T16:53:36.870-0400] {dag.py:3954} INFO - Setting next_dagrun for dataset_consumes_unknown_never_scheduled to None, run_after=None
[2025-04-02T16:53:36.871-0400] {logging_mixin.py:188} INFO - [2025-04-02T16:53:36.871-0400] {dag.py:3954} INFO - Setting next_dagrun for dataset_produces_1 to 2025-04-01 00:00:00+00:00, run_after=2025-04-02 00:00:00+00:00
[2025-04-02T16:53:36.871-0400] {logging_mixin.py:188} INFO - [2025-04-02T16:53:36.871-0400] {dag.py:3954} INFO - Setting next_dagrun for dataset_produces_2 to None, run_after=None
[2025-04-02T16:53:36.881-0400] {processor.py:183} INFO - Processing /Users/prasenjeet.gadhe/Documents/05. Nokia_PoV/Parallel_Test/venv/lib/python3.9/site-packages/airflow/example_dags/example_datasets.py took 0.127 seconds
[2025-04-02T16:55:30.270-0400] {processor.py:161} INFO - Started process (PID=85615) to work on /Users/prasenjeet.gadhe/Documents/05. Nokia_PoV/Parallel_Test/venv/lib/python3.9/site-packages/airflow/example_dags/example_datasets.py
[2025-04-02T16:55:30.272-0400] {processor.py:830} INFO - Processing file /Users/prasenjeet.gadhe/Documents/05. Nokia_PoV/Parallel_Test/venv/lib/python3.9/site-packages/airflow/example_dags/example_datasets.py for tasks to queue
[2025-04-02T16:55:30.272-0400] {logging_mixin.py:188} INFO - [2025-04-02T16:55:30.272-0400] {dagbag.py:540} INFO - Filling up the DagBag from /Users/prasenjeet.gadhe/Documents/05. Nokia_PoV/Parallel_Test/venv/lib/python3.9/site-packages/airflow/example_dags/example_datasets.py
[2025-04-02T16:55:30.307-0400] {processor.py:840} INFO - DAG(s) 'consume_1_or_both_2_and_3_with_dataset_expressions', 'consume_1_or_2_with_dataset_expressions', 'consume_1_and_2_with_dataset_expressions', 'dataset_consumes_1_never_scheduled', 'dataset_consumes_1', 'dataset_produces_2', 'dataset_consumes_1_and_2', 'conditional_dataset_and_time_based_timetable', 'dataset_consumes_unknown_never_scheduled', 'dataset_produces_1' retrieved from /Users/prasenjeet.gadhe/Documents/05. Nokia_PoV/Parallel_Test/venv/lib/python3.9/site-packages/airflow/example_dags/example_datasets.py
[2025-04-02T16:55:30.367-0400] {logging_mixin.py:188} INFO - [2025-04-02T16:55:30.367-0400] {dag.py:3096} INFO - Sync 10 DAGs
[2025-04-02T16:55:30.374-0400] {logging_mixin.py:188} INFO - [2025-04-02T16:55:30.374-0400] {dag.py:3954} INFO - Setting next_dagrun for conditional_dataset_and_time_based_timetable to 2025-04-02 01:00:00+00:00, run_after=2025-04-02 01:00:00+00:00
[2025-04-02T16:55:30.375-0400] {logging_mixin.py:188} INFO - [2025-04-02T16:55:30.375-0400] {dag.py:3954} INFO - Setting next_dagrun for consume_1_and_2_with_dataset_expressions to None, run_after=None
[2025-04-02T16:55:30.375-0400] {logging_mixin.py:188} INFO - [2025-04-02T16:55:30.375-0400] {dag.py:3954} INFO - Setting next_dagrun for consume_1_or_2_with_dataset_expressions to None, run_after=None
[2025-04-02T16:55:30.375-0400] {logging_mixin.py:188} INFO - [2025-04-02T16:55:30.375-0400] {dag.py:3954} INFO - Setting next_dagrun for consume_1_or_both_2_and_3_with_dataset_expressions to None, run_after=None
[2025-04-02T16:55:30.376-0400] {logging_mixin.py:188} INFO - [2025-04-02T16:55:30.376-0400] {dag.py:3954} INFO - Setting next_dagrun for dataset_consumes_1 to None, run_after=None
[2025-04-02T16:55:30.376-0400] {logging_mixin.py:188} INFO - [2025-04-02T16:55:30.376-0400] {dag.py:3954} INFO - Setting next_dagrun for dataset_consumes_1_and_2 to None, run_after=None
[2025-04-02T16:55:30.376-0400] {logging_mixin.py:188} INFO - [2025-04-02T16:55:30.376-0400] {dag.py:3954} INFO - Setting next_dagrun for dataset_consumes_1_never_scheduled to None, run_after=None
[2025-04-02T16:55:30.377-0400] {logging_mixin.py:188} INFO - [2025-04-02T16:55:30.376-0400] {dag.py:3954} INFO - Setting next_dagrun for dataset_consumes_unknown_never_scheduled to None, run_after=None
[2025-04-02T16:55:30.377-0400] {logging_mixin.py:188} INFO - [2025-04-02T16:55:30.377-0400] {dag.py:3954} INFO - Setting next_dagrun for dataset_produces_1 to 2025-04-01 00:00:00+00:00, run_after=2025-04-02 00:00:00+00:00
[2025-04-02T16:55:30.377-0400] {logging_mixin.py:188} INFO - [2025-04-02T16:55:30.377-0400] {dag.py:3954} INFO - Setting next_dagrun for dataset_produces_2 to None, run_after=None
[2025-04-02T16:55:30.387-0400] {processor.py:183} INFO - Processing /Users/prasenjeet.gadhe/Documents/05. Nokia_PoV/Parallel_Test/venv/lib/python3.9/site-packages/airflow/example_dags/example_datasets.py took 0.118 seconds
[2025-04-02T16:57:27.103-0400] {processor.py:161} INFO - Started process (PID=142) to work on /Users/prasenjeet.gadhe/Documents/05. Nokia_PoV/Parallel_Test/venv/lib/python3.9/site-packages/airflow/example_dags/example_datasets.py
[2025-04-02T16:57:27.105-0400] {processor.py:830} INFO - Processing file /Users/prasenjeet.gadhe/Documents/05. Nokia_PoV/Parallel_Test/venv/lib/python3.9/site-packages/airflow/example_dags/example_datasets.py for tasks to queue
[2025-04-02T16:57:27.105-0400] {logging_mixin.py:188} INFO - [2025-04-02T16:57:27.105-0400] {dagbag.py:540} INFO - Filling up the DagBag from /Users/prasenjeet.gadhe/Documents/05. Nokia_PoV/Parallel_Test/venv/lib/python3.9/site-packages/airflow/example_dags/example_datasets.py
[2025-04-02T16:57:27.141-0400] {processor.py:840} INFO - DAG(s) 'dataset_produces_2', 'dataset_consumes_1_never_scheduled', 'dataset_consumes_1', 'dataset_consumes_unknown_never_scheduled', 'consume_1_or_2_with_dataset_expressions', 'dataset_consumes_1_and_2', 'conditional_dataset_and_time_based_timetable', 'consume_1_and_2_with_dataset_expressions', 'dataset_produces_1', 'consume_1_or_both_2_and_3_with_dataset_expressions' retrieved from /Users/prasenjeet.gadhe/Documents/05. Nokia_PoV/Parallel_Test/venv/lib/python3.9/site-packages/airflow/example_dags/example_datasets.py
[2025-04-02T16:57:27.203-0400] {logging_mixin.py:188} INFO - [2025-04-02T16:57:27.203-0400] {dag.py:3096} INFO - Sync 10 DAGs
[2025-04-02T16:57:27.210-0400] {logging_mixin.py:188} INFO - [2025-04-02T16:57:27.209-0400] {dag.py:3954} INFO - Setting next_dagrun for conditional_dataset_and_time_based_timetable to 2025-04-02 01:00:00+00:00, run_after=2025-04-02 01:00:00+00:00
[2025-04-02T16:57:27.210-0400] {logging_mixin.py:188} INFO - [2025-04-02T16:57:27.210-0400] {dag.py:3954} INFO - Setting next_dagrun for consume_1_and_2_with_dataset_expressions to None, run_after=None
[2025-04-02T16:57:27.211-0400] {logging_mixin.py:188} INFO - [2025-04-02T16:57:27.211-0400] {dag.py:3954} INFO - Setting next_dagrun for consume_1_or_2_with_dataset_expressions to None, run_after=None
[2025-04-02T16:57:27.211-0400] {logging_mixin.py:188} INFO - [2025-04-02T16:57:27.211-0400] {dag.py:3954} INFO - Setting next_dagrun for consume_1_or_both_2_and_3_with_dataset_expressions to None, run_after=None
[2025-04-02T16:57:27.211-0400] {logging_mixin.py:188} INFO - [2025-04-02T16:57:27.211-0400] {dag.py:3954} INFO - Setting next_dagrun for dataset_consumes_1 to None, run_after=None
[2025-04-02T16:57:27.212-0400] {logging_mixin.py:188} INFO - [2025-04-02T16:57:27.212-0400] {dag.py:3954} INFO - Setting next_dagrun for dataset_consumes_1_and_2 to None, run_after=None
[2025-04-02T16:57:27.212-0400] {logging_mixin.py:188} INFO - [2025-04-02T16:57:27.212-0400] {dag.py:3954} INFO - Setting next_dagrun for dataset_consumes_1_never_scheduled to None, run_after=None
[2025-04-02T16:57:27.212-0400] {logging_mixin.py:188} INFO - [2025-04-02T16:57:27.212-0400] {dag.py:3954} INFO - Setting next_dagrun for dataset_consumes_unknown_never_scheduled to None, run_after=None
[2025-04-02T16:57:27.213-0400] {logging_mixin.py:188} INFO - [2025-04-02T16:57:27.213-0400] {dag.py:3954} INFO - Setting next_dagrun for dataset_produces_1 to 2025-04-01 00:00:00+00:00, run_after=2025-04-02 00:00:00+00:00
[2025-04-02T16:57:27.213-0400] {logging_mixin.py:188} INFO - [2025-04-02T16:57:27.213-0400] {dag.py:3954} INFO - Setting next_dagrun for dataset_produces_2 to None, run_after=None
[2025-04-02T16:57:27.223-0400] {processor.py:183} INFO - Processing /Users/prasenjeet.gadhe/Documents/05. Nokia_PoV/Parallel_Test/venv/lib/python3.9/site-packages/airflow/example_dags/example_datasets.py took 0.121 seconds
[2025-04-02T16:59:17.938-0400] {processor.py:161} INFO - Started process (PID=14052) to work on /Users/prasenjeet.gadhe/Documents/05. Nokia_PoV/Parallel_Test/venv/lib/python3.9/site-packages/airflow/example_dags/example_datasets.py
[2025-04-02T16:59:17.939-0400] {processor.py:830} INFO - Processing file /Users/prasenjeet.gadhe/Documents/05. Nokia_PoV/Parallel_Test/venv/lib/python3.9/site-packages/airflow/example_dags/example_datasets.py for tasks to queue
[2025-04-02T16:59:17.940-0400] {logging_mixin.py:188} INFO - [2025-04-02T16:59:17.940-0400] {dagbag.py:540} INFO - Filling up the DagBag from /Users/prasenjeet.gadhe/Documents/05. Nokia_PoV/Parallel_Test/venv/lib/python3.9/site-packages/airflow/example_dags/example_datasets.py
[2025-04-02T16:59:17.976-0400] {processor.py:840} INFO - DAG(s) 'consume_1_and_2_with_dataset_expressions', 'conditional_dataset_and_time_based_timetable', 'dataset_consumes_1_never_scheduled', 'dataset_consumes_unknown_never_scheduled', 'dataset_consumes_1', 'consume_1_or_2_with_dataset_expressions', 'consume_1_or_both_2_and_3_with_dataset_expressions', 'dataset_produces_2', 'dataset_produces_1', 'dataset_consumes_1_and_2' retrieved from /Users/prasenjeet.gadhe/Documents/05. Nokia_PoV/Parallel_Test/venv/lib/python3.9/site-packages/airflow/example_dags/example_datasets.py
[2025-04-02T16:59:18.040-0400] {logging_mixin.py:188} INFO - [2025-04-02T16:59:18.040-0400] {dag.py:3096} INFO - Sync 10 DAGs
[2025-04-02T16:59:18.047-0400] {logging_mixin.py:188} INFO - [2025-04-02T16:59:18.047-0400] {dag.py:3954} INFO - Setting next_dagrun for conditional_dataset_and_time_based_timetable to 2025-04-02 01:00:00+00:00, run_after=2025-04-02 01:00:00+00:00
[2025-04-02T16:59:18.049-0400] {logging_mixin.py:188} INFO - [2025-04-02T16:59:18.049-0400] {dag.py:3954} INFO - Setting next_dagrun for consume_1_and_2_with_dataset_expressions to None, run_after=None
[2025-04-02T16:59:18.049-0400] {logging_mixin.py:188} INFO - [2025-04-02T16:59:18.049-0400] {dag.py:3954} INFO - Setting next_dagrun for consume_1_or_2_with_dataset_expressions to None, run_after=None
[2025-04-02T16:59:18.049-0400] {logging_mixin.py:188} INFO - [2025-04-02T16:59:18.049-0400] {dag.py:3954} INFO - Setting next_dagrun for consume_1_or_both_2_and_3_with_dataset_expressions to None, run_after=None
[2025-04-02T16:59:18.050-0400] {logging_mixin.py:188} INFO - [2025-04-02T16:59:18.050-0400] {dag.py:3954} INFO - Setting next_dagrun for dataset_consumes_1 to None, run_after=None
[2025-04-02T16:59:18.050-0400] {logging_mixin.py:188} INFO - [2025-04-02T16:59:18.050-0400] {dag.py:3954} INFO - Setting next_dagrun for dataset_consumes_1_and_2 to None, run_after=None
[2025-04-02T16:59:18.050-0400] {logging_mixin.py:188} INFO - [2025-04-02T16:59:18.050-0400] {dag.py:3954} INFO - Setting next_dagrun for dataset_consumes_1_never_scheduled to None, run_after=None
[2025-04-02T16:59:18.050-0400] {logging_mixin.py:188} INFO - [2025-04-02T16:59:18.050-0400] {dag.py:3954} INFO - Setting next_dagrun for dataset_consumes_unknown_never_scheduled to None, run_after=None
[2025-04-02T16:59:18.051-0400] {logging_mixin.py:188} INFO - [2025-04-02T16:59:18.051-0400] {dag.py:3954} INFO - Setting next_dagrun for dataset_produces_1 to 2025-04-01 00:00:00+00:00, run_after=2025-04-02 00:00:00+00:00
[2025-04-02T16:59:18.051-0400] {logging_mixin.py:188} INFO - [2025-04-02T16:59:18.051-0400] {dag.py:3954} INFO - Setting next_dagrun for dataset_produces_2 to None, run_after=None
[2025-04-02T16:59:18.063-0400] {processor.py:183} INFO - Processing /Users/prasenjeet.gadhe/Documents/05. Nokia_PoV/Parallel_Test/venv/lib/python3.9/site-packages/airflow/example_dags/example_datasets.py took 0.125 seconds
[2025-04-02T17:01:11.511-0400] {processor.py:161} INFO - Started process (PID=27942) to work on /Users/prasenjeet.gadhe/Documents/05. Nokia_PoV/Parallel_Test/venv/lib/python3.9/site-packages/airflow/example_dags/example_datasets.py
[2025-04-02T17:01:11.513-0400] {processor.py:830} INFO - Processing file /Users/prasenjeet.gadhe/Documents/05. Nokia_PoV/Parallel_Test/venv/lib/python3.9/site-packages/airflow/example_dags/example_datasets.py for tasks to queue
[2025-04-02T17:01:11.513-0400] {logging_mixin.py:188} INFO - [2025-04-02T17:01:11.513-0400] {dagbag.py:540} INFO - Filling up the DagBag from /Users/prasenjeet.gadhe/Documents/05. Nokia_PoV/Parallel_Test/venv/lib/python3.9/site-packages/airflow/example_dags/example_datasets.py
[2025-04-02T17:01:11.551-0400] {processor.py:840} INFO - DAG(s) 'consume_1_or_2_with_dataset_expressions', 'dataset_consumes_1_never_scheduled', 'dataset_consumes_unknown_never_scheduled', 'conditional_dataset_and_time_based_timetable', 'consume_1_or_both_2_and_3_with_dataset_expressions', 'dataset_consumes_1', 'dataset_consumes_1_and_2', 'dataset_produces_1', 'dataset_produces_2', 'consume_1_and_2_with_dataset_expressions' retrieved from /Users/prasenjeet.gadhe/Documents/05. Nokia_PoV/Parallel_Test/venv/lib/python3.9/site-packages/airflow/example_dags/example_datasets.py
[2025-04-02T17:01:11.615-0400] {logging_mixin.py:188} INFO - [2025-04-02T17:01:11.614-0400] {dag.py:3096} INFO - Sync 10 DAGs
[2025-04-02T17:01:11.621-0400] {logging_mixin.py:188} INFO - [2025-04-02T17:01:11.621-0400] {dag.py:3954} INFO - Setting next_dagrun for conditional_dataset_and_time_based_timetable to 2025-04-02 01:00:00+00:00, run_after=2025-04-02 01:00:00+00:00
[2025-04-02T17:01:11.622-0400] {logging_mixin.py:188} INFO - [2025-04-02T17:01:11.622-0400] {dag.py:3954} INFO - Setting next_dagrun for consume_1_and_2_with_dataset_expressions to None, run_after=None
[2025-04-02T17:01:11.622-0400] {logging_mixin.py:188} INFO - [2025-04-02T17:01:11.622-0400] {dag.py:3954} INFO - Setting next_dagrun for consume_1_or_2_with_dataset_expressions to None, run_after=None
[2025-04-02T17:01:11.623-0400] {logging_mixin.py:188} INFO - [2025-04-02T17:01:11.623-0400] {dag.py:3954} INFO - Setting next_dagrun for consume_1_or_both_2_and_3_with_dataset_expressions to None, run_after=None
[2025-04-02T17:01:11.623-0400] {logging_mixin.py:188} INFO - [2025-04-02T17:01:11.623-0400] {dag.py:3954} INFO - Setting next_dagrun for dataset_consumes_1 to None, run_after=None
[2025-04-02T17:01:11.623-0400] {logging_mixin.py:188} INFO - [2025-04-02T17:01:11.623-0400] {dag.py:3954} INFO - Setting next_dagrun for dataset_consumes_1_and_2 to None, run_after=None
[2025-04-02T17:01:11.623-0400] {logging_mixin.py:188} INFO - [2025-04-02T17:01:11.623-0400] {dag.py:3954} INFO - Setting next_dagrun for dataset_consumes_1_never_scheduled to None, run_after=None
[2025-04-02T17:01:11.624-0400] {logging_mixin.py:188} INFO - [2025-04-02T17:01:11.624-0400] {dag.py:3954} INFO - Setting next_dagrun for dataset_consumes_unknown_never_scheduled to None, run_after=None
[2025-04-02T17:01:11.624-0400] {logging_mixin.py:188} INFO - [2025-04-02T17:01:11.624-0400] {dag.py:3954} INFO - Setting next_dagrun for dataset_produces_1 to 2025-04-01 00:00:00+00:00, run_after=2025-04-02 00:00:00+00:00
[2025-04-02T17:01:11.625-0400] {logging_mixin.py:188} INFO - [2025-04-02T17:01:11.625-0400] {dag.py:3954} INFO - Setting next_dagrun for dataset_produces_2 to None, run_after=None
[2025-04-02T17:01:11.634-0400] {processor.py:183} INFO - Processing /Users/prasenjeet.gadhe/Documents/05. Nokia_PoV/Parallel_Test/venv/lib/python3.9/site-packages/airflow/example_dags/example_datasets.py took 0.124 seconds
[2025-04-02T17:03:04.074-0400] {processor.py:161} INFO - Started process (PID=41780) to work on /Users/prasenjeet.gadhe/Documents/05. Nokia_PoV/Parallel_Test/venv/lib/python3.9/site-packages/airflow/example_dags/example_datasets.py
[2025-04-02T17:03:04.075-0400] {processor.py:830} INFO - Processing file /Users/prasenjeet.gadhe/Documents/05. Nokia_PoV/Parallel_Test/venv/lib/python3.9/site-packages/airflow/example_dags/example_datasets.py for tasks to queue
[2025-04-02T17:03:04.076-0400] {logging_mixin.py:188} INFO - [2025-04-02T17:03:04.076-0400] {dagbag.py:540} INFO - Filling up the DagBag from /Users/prasenjeet.gadhe/Documents/05. Nokia_PoV/Parallel_Test/venv/lib/python3.9/site-packages/airflow/example_dags/example_datasets.py
[2025-04-02T17:03:04.112-0400] {processor.py:840} INFO - DAG(s) 'dataset_consumes_1_and_2', 'dataset_consumes_1', 'consume_1_or_both_2_and_3_with_dataset_expressions', 'conditional_dataset_and_time_based_timetable', 'dataset_produces_2', 'consume_1_and_2_with_dataset_expressions', 'consume_1_or_2_with_dataset_expressions', 'dataset_consumes_1_never_scheduled', 'dataset_produces_1', 'dataset_consumes_unknown_never_scheduled' retrieved from /Users/prasenjeet.gadhe/Documents/05. Nokia_PoV/Parallel_Test/venv/lib/python3.9/site-packages/airflow/example_dags/example_datasets.py
[2025-04-02T17:03:04.183-0400] {logging_mixin.py:188} INFO - [2025-04-02T17:03:04.183-0400] {dag.py:3096} INFO - Sync 10 DAGs
[2025-04-02T17:03:04.191-0400] {logging_mixin.py:188} INFO - [2025-04-02T17:03:04.191-0400] {dag.py:3954} INFO - Setting next_dagrun for conditional_dataset_and_time_based_timetable to 2025-04-02 01:00:00+00:00, run_after=2025-04-02 01:00:00+00:00
[2025-04-02T17:03:04.192-0400] {logging_mixin.py:188} INFO - [2025-04-02T17:03:04.192-0400] {dag.py:3954} INFO - Setting next_dagrun for consume_1_and_2_with_dataset_expressions to None, run_after=None
[2025-04-02T17:03:04.193-0400] {logging_mixin.py:188} INFO - [2025-04-02T17:03:04.193-0400] {dag.py:3954} INFO - Setting next_dagrun for consume_1_or_2_with_dataset_expressions to None, run_after=None
[2025-04-02T17:03:04.193-0400] {logging_mixin.py:188} INFO - [2025-04-02T17:03:04.193-0400] {dag.py:3954} INFO - Setting next_dagrun for consume_1_or_both_2_and_3_with_dataset_expressions to None, run_after=None
[2025-04-02T17:03:04.193-0400] {logging_mixin.py:188} INFO - [2025-04-02T17:03:04.193-0400] {dag.py:3954} INFO - Setting next_dagrun for dataset_consumes_1 to None, run_after=None
[2025-04-02T17:03:04.194-0400] {logging_mixin.py:188} INFO - [2025-04-02T17:03:04.194-0400] {dag.py:3954} INFO - Setting next_dagrun for dataset_consumes_1_and_2 to None, run_after=None
[2025-04-02T17:03:04.194-0400] {logging_mixin.py:188} INFO - [2025-04-02T17:03:04.194-0400] {dag.py:3954} INFO - Setting next_dagrun for dataset_consumes_1_never_scheduled to None, run_after=None
[2025-04-02T17:03:04.194-0400] {logging_mixin.py:188} INFO - [2025-04-02T17:03:04.194-0400] {dag.py:3954} INFO - Setting next_dagrun for dataset_consumes_unknown_never_scheduled to None, run_after=None
[2025-04-02T17:03:04.195-0400] {logging_mixin.py:188} INFO - [2025-04-02T17:03:04.195-0400] {dag.py:3954} INFO - Setting next_dagrun for dataset_produces_1 to 2025-04-01 00:00:00+00:00, run_after=2025-04-02 00:00:00+00:00
[2025-04-02T17:03:04.195-0400] {logging_mixin.py:188} INFO - [2025-04-02T17:03:04.195-0400] {dag.py:3954} INFO - Setting next_dagrun for dataset_produces_2 to None, run_after=None
[2025-04-02T17:03:04.208-0400] {processor.py:183} INFO - Processing /Users/prasenjeet.gadhe/Documents/05. Nokia_PoV/Parallel_Test/venv/lib/python3.9/site-packages/airflow/example_dags/example_datasets.py took 0.135 seconds
[2025-04-02T17:04:54.224-0400] {processor.py:161} INFO - Started process (PID=55278) to work on /Users/prasenjeet.gadhe/Documents/05. Nokia_PoV/Parallel_Test/venv/lib/python3.9/site-packages/airflow/example_dags/example_datasets.py
[2025-04-02T17:04:54.226-0400] {processor.py:830} INFO - Processing file /Users/prasenjeet.gadhe/Documents/05. Nokia_PoV/Parallel_Test/venv/lib/python3.9/site-packages/airflow/example_dags/example_datasets.py for tasks to queue
[2025-04-02T17:04:54.226-0400] {logging_mixin.py:188} INFO - [2025-04-02T17:04:54.226-0400] {dagbag.py:540} INFO - Filling up the DagBag from /Users/prasenjeet.gadhe/Documents/05. Nokia_PoV/Parallel_Test/venv/lib/python3.9/site-packages/airflow/example_dags/example_datasets.py
[2025-04-02T17:04:54.262-0400] {processor.py:840} INFO - DAG(s) 'consume_1_or_2_with_dataset_expressions', 'dataset_produces_1', 'dataset_consumes_1_never_scheduled', 'dataset_consumes_unknown_never_scheduled', 'consume_1_and_2_with_dataset_expressions', 'dataset_consumes_1_and_2', 'conditional_dataset_and_time_based_timetable', 'dataset_produces_2', 'consume_1_or_both_2_and_3_with_dataset_expressions', 'dataset_consumes_1' retrieved from /Users/prasenjeet.gadhe/Documents/05. Nokia_PoV/Parallel_Test/venv/lib/python3.9/site-packages/airflow/example_dags/example_datasets.py
[2025-04-02T17:04:54.323-0400] {logging_mixin.py:188} INFO - [2025-04-02T17:04:54.323-0400] {dag.py:3096} INFO - Sync 10 DAGs
[2025-04-02T17:04:54.330-0400] {logging_mixin.py:188} INFO - [2025-04-02T17:04:54.330-0400] {dag.py:3954} INFO - Setting next_dagrun for conditional_dataset_and_time_based_timetable to 2025-04-02 01:00:00+00:00, run_after=2025-04-02 01:00:00+00:00
[2025-04-02T17:04:54.331-0400] {logging_mixin.py:188} INFO - [2025-04-02T17:04:54.331-0400] {dag.py:3954} INFO - Setting next_dagrun for consume_1_and_2_with_dataset_expressions to None, run_after=None
[2025-04-02T17:04:54.331-0400] {logging_mixin.py:188} INFO - [2025-04-02T17:04:54.331-0400] {dag.py:3954} INFO - Setting next_dagrun for consume_1_or_2_with_dataset_expressions to None, run_after=None
[2025-04-02T17:04:54.331-0400] {logging_mixin.py:188} INFO - [2025-04-02T17:04:54.331-0400] {dag.py:3954} INFO - Setting next_dagrun for consume_1_or_both_2_and_3_with_dataset_expressions to None, run_after=None
[2025-04-02T17:04:54.332-0400] {logging_mixin.py:188} INFO - [2025-04-02T17:04:54.332-0400] {dag.py:3954} INFO - Setting next_dagrun for dataset_consumes_1 to None, run_after=None
[2025-04-02T17:04:54.332-0400] {logging_mixin.py:188} INFO - [2025-04-02T17:04:54.332-0400] {dag.py:3954} INFO - Setting next_dagrun for dataset_consumes_1_and_2 to None, run_after=None
[2025-04-02T17:04:54.332-0400] {logging_mixin.py:188} INFO - [2025-04-02T17:04:54.332-0400] {dag.py:3954} INFO - Setting next_dagrun for dataset_consumes_1_never_scheduled to None, run_after=None
[2025-04-02T17:04:54.333-0400] {logging_mixin.py:188} INFO - [2025-04-02T17:04:54.332-0400] {dag.py:3954} INFO - Setting next_dagrun for dataset_consumes_unknown_never_scheduled to None, run_after=None
[2025-04-02T17:04:54.333-0400] {logging_mixin.py:188} INFO - [2025-04-02T17:04:54.333-0400] {dag.py:3954} INFO - Setting next_dagrun for dataset_produces_1 to 2025-04-01 00:00:00+00:00, run_after=2025-04-02 00:00:00+00:00
[2025-04-02T17:04:54.334-0400] {logging_mixin.py:188} INFO - [2025-04-02T17:04:54.333-0400] {dag.py:3954} INFO - Setting next_dagrun for dataset_produces_2 to None, run_after=None
[2025-04-02T17:04:54.343-0400] {processor.py:183} INFO - Processing /Users/prasenjeet.gadhe/Documents/05. Nokia_PoV/Parallel_Test/venv/lib/python3.9/site-packages/airflow/example_dags/example_datasets.py took 0.120 seconds
[2025-04-02T17:06:43.040-0400] {processor.py:161} INFO - Started process (PID=68617) to work on /Users/prasenjeet.gadhe/Documents/05. Nokia_PoV/Parallel_Test/venv/lib/python3.9/site-packages/airflow/example_dags/example_datasets.py
[2025-04-02T17:06:43.043-0400] {processor.py:830} INFO - Processing file /Users/prasenjeet.gadhe/Documents/05. Nokia_PoV/Parallel_Test/venv/lib/python3.9/site-packages/airflow/example_dags/example_datasets.py for tasks to queue
[2025-04-02T17:06:43.043-0400] {logging_mixin.py:188} INFO - [2025-04-02T17:06:43.043-0400] {dagbag.py:540} INFO - Filling up the DagBag from /Users/prasenjeet.gadhe/Documents/05. Nokia_PoV/Parallel_Test/venv/lib/python3.9/site-packages/airflow/example_dags/example_datasets.py
[2025-04-02T17:06:43.082-0400] {processor.py:840} INFO - DAG(s) 'dataset_consumes_1', 'consume_1_or_2_with_dataset_expressions', 'dataset_consumes_1_and_2', 'dataset_consumes_unknown_never_scheduled', 'consume_1_and_2_with_dataset_expressions', 'dataset_produces_2', 'dataset_consumes_1_never_scheduled', 'conditional_dataset_and_time_based_timetable', 'consume_1_or_both_2_and_3_with_dataset_expressions', 'dataset_produces_1' retrieved from /Users/prasenjeet.gadhe/Documents/05. Nokia_PoV/Parallel_Test/venv/lib/python3.9/site-packages/airflow/example_dags/example_datasets.py
[2025-04-02T17:06:43.148-0400] {logging_mixin.py:188} INFO - [2025-04-02T17:06:43.148-0400] {dag.py:3096} INFO - Sync 10 DAGs
[2025-04-02T17:06:43.156-0400] {logging_mixin.py:188} INFO - [2025-04-02T17:06:43.156-0400] {dag.py:3954} INFO - Setting next_dagrun for conditional_dataset_and_time_based_timetable to 2025-04-02 01:00:00+00:00, run_after=2025-04-02 01:00:00+00:00
[2025-04-02T17:06:43.157-0400] {logging_mixin.py:188} INFO - [2025-04-02T17:06:43.157-0400] {dag.py:3954} INFO - Setting next_dagrun for consume_1_and_2_with_dataset_expressions to None, run_after=None
[2025-04-02T17:06:43.157-0400] {logging_mixin.py:188} INFO - [2025-04-02T17:06:43.157-0400] {dag.py:3954} INFO - Setting next_dagrun for consume_1_or_2_with_dataset_expressions to None, run_after=None
[2025-04-02T17:06:43.157-0400] {logging_mixin.py:188} INFO - [2025-04-02T17:06:43.157-0400] {dag.py:3954} INFO - Setting next_dagrun for consume_1_or_both_2_and_3_with_dataset_expressions to None, run_after=None
[2025-04-02T17:06:43.158-0400] {logging_mixin.py:188} INFO - [2025-04-02T17:06:43.158-0400] {dag.py:3954} INFO - Setting next_dagrun for dataset_consumes_1 to None, run_after=None
[2025-04-02T17:06:43.158-0400] {logging_mixin.py:188} INFO - [2025-04-02T17:06:43.158-0400] {dag.py:3954} INFO - Setting next_dagrun for dataset_consumes_1_and_2 to None, run_after=None
[2025-04-02T17:06:43.158-0400] {logging_mixin.py:188} INFO - [2025-04-02T17:06:43.158-0400] {dag.py:3954} INFO - Setting next_dagrun for dataset_consumes_1_never_scheduled to None, run_after=None
[2025-04-02T17:06:43.159-0400] {logging_mixin.py:188} INFO - [2025-04-02T17:06:43.159-0400] {dag.py:3954} INFO - Setting next_dagrun for dataset_consumes_unknown_never_scheduled to None, run_after=None
[2025-04-02T17:06:43.159-0400] {logging_mixin.py:188} INFO - [2025-04-02T17:06:43.159-0400] {dag.py:3954} INFO - Setting next_dagrun for dataset_produces_1 to 2025-04-01 00:00:00+00:00, run_after=2025-04-02 00:00:00+00:00
[2025-04-02T17:06:43.160-0400] {logging_mixin.py:188} INFO - [2025-04-02T17:06:43.160-0400] {dag.py:3954} INFO - Setting next_dagrun for dataset_produces_2 to None, run_after=None
[2025-04-02T17:06:43.170-0400] {processor.py:183} INFO - Processing /Users/prasenjeet.gadhe/Documents/05. Nokia_PoV/Parallel_Test/venv/lib/python3.9/site-packages/airflow/example_dags/example_datasets.py took 0.131 seconds
[2025-04-02T17:08:35.910-0400] {processor.py:161} INFO - Started process (PID=82646) to work on /Users/prasenjeet.gadhe/Documents/05. Nokia_PoV/Parallel_Test/venv/lib/python3.9/site-packages/airflow/example_dags/example_datasets.py
[2025-04-02T17:08:35.912-0400] {processor.py:830} INFO - Processing file /Users/prasenjeet.gadhe/Documents/05. Nokia_PoV/Parallel_Test/venv/lib/python3.9/site-packages/airflow/example_dags/example_datasets.py for tasks to queue
[2025-04-02T17:08:35.912-0400] {logging_mixin.py:188} INFO - [2025-04-02T17:08:35.912-0400] {dagbag.py:540} INFO - Filling up the DagBag from /Users/prasenjeet.gadhe/Documents/05. Nokia_PoV/Parallel_Test/venv/lib/python3.9/site-packages/airflow/example_dags/example_datasets.py
[2025-04-02T17:08:35.949-0400] {processor.py:840} INFO - DAG(s) 'consume_1_or_both_2_and_3_with_dataset_expressions', 'consume_1_and_2_with_dataset_expressions', 'dataset_consumes_1_never_scheduled', 'conditional_dataset_and_time_based_timetable', 'consume_1_or_2_with_dataset_expressions', 'dataset_produces_1', 'dataset_consumes_1_and_2', 'dataset_consumes_1', 'dataset_consumes_unknown_never_scheduled', 'dataset_produces_2' retrieved from /Users/prasenjeet.gadhe/Documents/05. Nokia_PoV/Parallel_Test/venv/lib/python3.9/site-packages/airflow/example_dags/example_datasets.py
[2025-04-02T17:08:36.015-0400] {logging_mixin.py:188} INFO - [2025-04-02T17:08:36.015-0400] {dag.py:3096} INFO - Sync 10 DAGs
[2025-04-02T17:08:36.022-0400] {logging_mixin.py:188} INFO - [2025-04-02T17:08:36.022-0400] {dag.py:3954} INFO - Setting next_dagrun for conditional_dataset_and_time_based_timetable to 2025-04-02 01:00:00+00:00, run_after=2025-04-02 01:00:00+00:00
[2025-04-02T17:08:36.023-0400] {logging_mixin.py:188} INFO - [2025-04-02T17:08:36.023-0400] {dag.py:3954} INFO - Setting next_dagrun for consume_1_and_2_with_dataset_expressions to None, run_after=None
[2025-04-02T17:08:36.023-0400] {logging_mixin.py:188} INFO - [2025-04-02T17:08:36.023-0400] {dag.py:3954} INFO - Setting next_dagrun for consume_1_or_2_with_dataset_expressions to None, run_after=None
[2025-04-02T17:08:36.023-0400] {logging_mixin.py:188} INFO - [2025-04-02T17:08:36.023-0400] {dag.py:3954} INFO - Setting next_dagrun for consume_1_or_both_2_and_3_with_dataset_expressions to None, run_after=None
[2025-04-02T17:08:36.024-0400] {logging_mixin.py:188} INFO - [2025-04-02T17:08:36.024-0400] {dag.py:3954} INFO - Setting next_dagrun for dataset_consumes_1 to None, run_after=None
[2025-04-02T17:08:36.024-0400] {logging_mixin.py:188} INFO - [2025-04-02T17:08:36.024-0400] {dag.py:3954} INFO - Setting next_dagrun for dataset_consumes_1_and_2 to None, run_after=None
[2025-04-02T17:08:36.024-0400] {logging_mixin.py:188} INFO - [2025-04-02T17:08:36.024-0400] {dag.py:3954} INFO - Setting next_dagrun for dataset_consumes_1_never_scheduled to None, run_after=None
[2025-04-02T17:08:36.025-0400] {logging_mixin.py:188} INFO - [2025-04-02T17:08:36.024-0400] {dag.py:3954} INFO - Setting next_dagrun for dataset_consumes_unknown_never_scheduled to None, run_after=None
[2025-04-02T17:08:36.025-0400] {logging_mixin.py:188} INFO - [2025-04-02T17:08:36.025-0400] {dag.py:3954} INFO - Setting next_dagrun for dataset_produces_1 to 2025-04-01 00:00:00+00:00, run_after=2025-04-02 00:00:00+00:00
[2025-04-02T17:08:36.026-0400] {logging_mixin.py:188} INFO - [2025-04-02T17:08:36.025-0400] {dag.py:3954} INFO - Setting next_dagrun for dataset_produces_2 to None, run_after=None
[2025-04-02T17:08:36.036-0400] {processor.py:183} INFO - Processing /Users/prasenjeet.gadhe/Documents/05. Nokia_PoV/Parallel_Test/venv/lib/python3.9/site-packages/airflow/example_dags/example_datasets.py took 0.127 seconds
[2025-04-02T17:10:32.876-0400] {processor.py:161} INFO - Started process (PID=97052) to work on /Users/prasenjeet.gadhe/Documents/05. Nokia_PoV/Parallel_Test/venv/lib/python3.9/site-packages/airflow/example_dags/example_datasets.py
[2025-04-02T17:10:32.877-0400] {processor.py:830} INFO - Processing file /Users/prasenjeet.gadhe/Documents/05. Nokia_PoV/Parallel_Test/venv/lib/python3.9/site-packages/airflow/example_dags/example_datasets.py for tasks to queue
[2025-04-02T17:10:32.877-0400] {logging_mixin.py:188} INFO - [2025-04-02T17:10:32.877-0400] {dagbag.py:540} INFO - Filling up the DagBag from /Users/prasenjeet.gadhe/Documents/05. Nokia_PoV/Parallel_Test/venv/lib/python3.9/site-packages/airflow/example_dags/example_datasets.py
[2025-04-02T17:10:32.913-0400] {processor.py:840} INFO - DAG(s) 'dataset_consumes_1_never_scheduled', 'dataset_consumes_1', 'dataset_consumes_unknown_never_scheduled', 'dataset_consumes_1_and_2', 'consume_1_or_2_with_dataset_expressions', 'dataset_produces_2', 'consume_1_or_both_2_and_3_with_dataset_expressions', 'dataset_produces_1', 'conditional_dataset_and_time_based_timetable', 'consume_1_and_2_with_dataset_expressions' retrieved from /Users/prasenjeet.gadhe/Documents/05. Nokia_PoV/Parallel_Test/venv/lib/python3.9/site-packages/airflow/example_dags/example_datasets.py
[2025-04-02T17:10:32.976-0400] {logging_mixin.py:188} INFO - [2025-04-02T17:10:32.976-0400] {dag.py:3096} INFO - Sync 10 DAGs
[2025-04-02T17:10:32.983-0400] {logging_mixin.py:188} INFO - [2025-04-02T17:10:32.983-0400] {dag.py:3954} INFO - Setting next_dagrun for conditional_dataset_and_time_based_timetable to 2025-04-02 01:00:00+00:00, run_after=2025-04-02 01:00:00+00:00
[2025-04-02T17:10:32.984-0400] {logging_mixin.py:188} INFO - [2025-04-02T17:10:32.984-0400] {dag.py:3954} INFO - Setting next_dagrun for consume_1_and_2_with_dataset_expressions to None, run_after=None
[2025-04-02T17:10:32.984-0400] {logging_mixin.py:188} INFO - [2025-04-02T17:10:32.984-0400] {dag.py:3954} INFO - Setting next_dagrun for consume_1_or_2_with_dataset_expressions to None, run_after=None
[2025-04-02T17:10:32.985-0400] {logging_mixin.py:188} INFO - [2025-04-02T17:10:32.985-0400] {dag.py:3954} INFO - Setting next_dagrun for consume_1_or_both_2_and_3_with_dataset_expressions to None, run_after=None
[2025-04-02T17:10:32.985-0400] {logging_mixin.py:188} INFO - [2025-04-02T17:10:32.985-0400] {dag.py:3954} INFO - Setting next_dagrun for dataset_consumes_1 to None, run_after=None
[2025-04-02T17:10:32.985-0400] {logging_mixin.py:188} INFO - [2025-04-02T17:10:32.985-0400] {dag.py:3954} INFO - Setting next_dagrun for dataset_consumes_1_and_2 to None, run_after=None
[2025-04-02T17:10:32.986-0400] {logging_mixin.py:188} INFO - [2025-04-02T17:10:32.985-0400] {dag.py:3954} INFO - Setting next_dagrun for dataset_consumes_1_never_scheduled to None, run_after=None
[2025-04-02T17:10:32.986-0400] {logging_mixin.py:188} INFO - [2025-04-02T17:10:32.986-0400] {dag.py:3954} INFO - Setting next_dagrun for dataset_consumes_unknown_never_scheduled to None, run_after=None
[2025-04-02T17:10:32.987-0400] {logging_mixin.py:188} INFO - [2025-04-02T17:10:32.987-0400] {dag.py:3954} INFO - Setting next_dagrun for dataset_produces_1 to 2025-04-01 00:00:00+00:00, run_after=2025-04-02 00:00:00+00:00
[2025-04-02T17:10:32.987-0400] {logging_mixin.py:188} INFO - [2025-04-02T17:10:32.987-0400] {dag.py:3954} INFO - Setting next_dagrun for dataset_produces_2 to None, run_after=None
[2025-04-02T17:10:32.997-0400] {processor.py:183} INFO - Processing /Users/prasenjeet.gadhe/Documents/05. Nokia_PoV/Parallel_Test/venv/lib/python3.9/site-packages/airflow/example_dags/example_datasets.py took 0.122 seconds
[2025-04-02T17:12:25.000-0400] {processor.py:161} INFO - Started process (PID=11226) to work on /Users/prasenjeet.gadhe/Documents/05. Nokia_PoV/Parallel_Test/venv/lib/python3.9/site-packages/airflow/example_dags/example_datasets.py
[2025-04-02T17:12:25.001-0400] {processor.py:830} INFO - Processing file /Users/prasenjeet.gadhe/Documents/05. Nokia_PoV/Parallel_Test/venv/lib/python3.9/site-packages/airflow/example_dags/example_datasets.py for tasks to queue
[2025-04-02T17:12:25.001-0400] {logging_mixin.py:188} INFO - [2025-04-02T17:12:25.001-0400] {dagbag.py:540} INFO - Filling up the DagBag from /Users/prasenjeet.gadhe/Documents/05. Nokia_PoV/Parallel_Test/venv/lib/python3.9/site-packages/airflow/example_dags/example_datasets.py
[2025-04-02T17:12:25.038-0400] {processor.py:840} INFO - DAG(s) 'dataset_consumes_unknown_never_scheduled', 'consume_1_or_both_2_and_3_with_dataset_expressions', 'conditional_dataset_and_time_based_timetable', 'dataset_produces_1', 'dataset_consumes_1_and_2', 'dataset_consumes_1_never_scheduled', 'consume_1_and_2_with_dataset_expressions', 'dataset_consumes_1', 'consume_1_or_2_with_dataset_expressions', 'dataset_produces_2' retrieved from /Users/prasenjeet.gadhe/Documents/05. Nokia_PoV/Parallel_Test/venv/lib/python3.9/site-packages/airflow/example_dags/example_datasets.py
[2025-04-02T17:12:25.098-0400] {logging_mixin.py:188} INFO - [2025-04-02T17:12:25.098-0400] {dag.py:3096} INFO - Sync 10 DAGs
[2025-04-02T17:12:25.105-0400] {logging_mixin.py:188} INFO - [2025-04-02T17:12:25.105-0400] {dag.py:3954} INFO - Setting next_dagrun for conditional_dataset_and_time_based_timetable to 2025-04-02 01:00:00+00:00, run_after=2025-04-02 01:00:00+00:00
[2025-04-02T17:12:25.107-0400] {logging_mixin.py:188} INFO - [2025-04-02T17:12:25.107-0400] {dag.py:3954} INFO - Setting next_dagrun for consume_1_and_2_with_dataset_expressions to None, run_after=None
[2025-04-02T17:12:25.107-0400] {logging_mixin.py:188} INFO - [2025-04-02T17:12:25.107-0400] {dag.py:3954} INFO - Setting next_dagrun for consume_1_or_2_with_dataset_expressions to None, run_after=None
[2025-04-02T17:12:25.107-0400] {logging_mixin.py:188} INFO - [2025-04-02T17:12:25.107-0400] {dag.py:3954} INFO - Setting next_dagrun for consume_1_or_both_2_and_3_with_dataset_expressions to None, run_after=None
[2025-04-02T17:12:25.107-0400] {logging_mixin.py:188} INFO - [2025-04-02T17:12:25.107-0400] {dag.py:3954} INFO - Setting next_dagrun for dataset_consumes_1 to None, run_after=None
[2025-04-02T17:12:25.108-0400] {logging_mixin.py:188} INFO - [2025-04-02T17:12:25.108-0400] {dag.py:3954} INFO - Setting next_dagrun for dataset_consumes_1_and_2 to None, run_after=None
[2025-04-02T17:12:25.108-0400] {logging_mixin.py:188} INFO - [2025-04-02T17:12:25.108-0400] {dag.py:3954} INFO - Setting next_dagrun for dataset_consumes_1_never_scheduled to None, run_after=None
[2025-04-02T17:12:25.109-0400] {logging_mixin.py:188} INFO - [2025-04-02T17:12:25.109-0400] {dag.py:3954} INFO - Setting next_dagrun for dataset_consumes_unknown_never_scheduled to None, run_after=None
[2025-04-02T17:12:25.109-0400] {logging_mixin.py:188} INFO - [2025-04-02T17:12:25.109-0400] {dag.py:3954} INFO - Setting next_dagrun for dataset_produces_1 to 2025-04-01 00:00:00+00:00, run_after=2025-04-02 00:00:00+00:00
[2025-04-02T17:12:25.110-0400] {logging_mixin.py:188} INFO - [2025-04-02T17:12:25.110-0400] {dag.py:3954} INFO - Setting next_dagrun for dataset_produces_2 to None, run_after=None
[2025-04-02T17:12:25.120-0400] {processor.py:183} INFO - Processing /Users/prasenjeet.gadhe/Documents/05. Nokia_PoV/Parallel_Test/venv/lib/python3.9/site-packages/airflow/example_dags/example_datasets.py took 0.121 seconds
