[2025-04-02T16:39:38.142-0400] {processor.py:161} INFO - Started process (PID=67242) to work on /Users/prasenjeet.gadhe/Documents/05. Nokia_PoV/Parallel_Test/venv/lib/python3.9/site-packages/airflow/example_dags/example_short_circuit_operator.py
[2025-04-02T16:39:38.143-0400] {processor.py:830} INFO - Processing file /Users/prasenjeet.gadhe/Documents/05. Nokia_PoV/Parallel_Test/venv/lib/python3.9/site-packages/airflow/example_dags/example_short_circuit_operator.py for tasks to queue
[2025-04-02T16:39:38.144-0400] {logging_mixin.py:188} INFO - [2025-04-02T16:39:38.144-0400] {dagbag.py:540} INFO - Filling up the DagBag from /Users/prasenjeet.gadhe/Documents/05. Nokia_PoV/Parallel_Test/venv/lib/python3.9/site-packages/airflow/example_dags/example_short_circuit_operator.py
[2025-04-02T16:39:38.156-0400] {processor.py:840} INFO - DAG(s) 'example_short_circuit_operator' retrieved from /Users/prasenjeet.gadhe/Documents/05. Nokia_PoV/Parallel_Test/venv/lib/python3.9/site-packages/airflow/example_dags/example_short_circuit_operator.py
[2025-04-02T16:39:38.263-0400] {logging_mixin.py:188} INFO - [2025-04-02T16:39:38.262-0400] {override.py:1829} INFO - Created Permission View: can read on DAG:example_short_circuit_operator
[2025-04-02T16:39:38.266-0400] {logging_mixin.py:188} INFO - [2025-04-02T16:39:38.266-0400] {override.py:1829} INFO - Created Permission View: can edit on DAG:example_short_circuit_operator
[2025-04-02T16:39:38.268-0400] {logging_mixin.py:188} INFO - [2025-04-02T16:39:38.268-0400] {override.py:1829} INFO - Created Permission View: can delete on DAG:example_short_circuit_operator
[2025-04-02T16:39:38.268-0400] {logging_mixin.py:188} INFO - [2025-04-02T16:39:38.268-0400] {dag.py:3096} INFO - Sync 1 DAGs
[2025-04-02T16:39:38.272-0400] {logging_mixin.py:188} INFO - [2025-04-02T16:39:38.272-0400] {dag.py:3118} INFO - Creating ORM DAG for example_short_circuit_operator
[2025-04-02T16:39:38.276-0400] {logging_mixin.py:188} INFO - [2025-04-02T16:39:38.276-0400] {dag.py:3954} INFO - Setting next_dagrun for example_short_circuit_operator to 2025-04-01 00:00:00+00:00, run_after=2025-04-02 00:00:00+00:00
[2025-04-02T16:39:38.282-0400] {processor.py:183} INFO - Processing /Users/prasenjeet.gadhe/Documents/05. Nokia_PoV/Parallel_Test/venv/lib/python3.9/site-packages/airflow/example_dags/example_short_circuit_operator.py took 0.141 seconds
[2025-04-02T16:41:04.068-0400] {processor.py:161} INFO - Started process (PID=78036) to work on /Users/prasenjeet.gadhe/Documents/05. Nokia_PoV/Parallel_Test/venv/lib/python3.9/site-packages/airflow/example_dags/example_short_circuit_operator.py
[2025-04-02T16:41:04.069-0400] {processor.py:830} INFO - Processing file /Users/prasenjeet.gadhe/Documents/05. Nokia_PoV/Parallel_Test/venv/lib/python3.9/site-packages/airflow/example_dags/example_short_circuit_operator.py for tasks to queue
[2025-04-02T16:41:04.070-0400] {logging_mixin.py:188} INFO - [2025-04-02T16:41:04.070-0400] {dagbag.py:540} INFO - Filling up the DagBag from /Users/prasenjeet.gadhe/Documents/05. Nokia_PoV/Parallel_Test/venv/lib/python3.9/site-packages/airflow/example_dags/example_short_circuit_operator.py
[2025-04-02T16:41:04.082-0400] {processor.py:840} INFO - DAG(s) 'example_short_circuit_operator' retrieved from /Users/prasenjeet.gadhe/Documents/05. Nokia_PoV/Parallel_Test/venv/lib/python3.9/site-packages/airflow/example_dags/example_short_circuit_operator.py
[2025-04-02T16:41:04.144-0400] {logging_mixin.py:188} INFO - [2025-04-02T16:41:04.143-0400] {dag.py:3096} INFO - Sync 1 DAGs
[2025-04-02T16:41:04.151-0400] {logging_mixin.py:188} INFO - [2025-04-02T16:41:04.151-0400] {dag.py:3954} INFO - Setting next_dagrun for example_short_circuit_operator to 2025-04-01 00:00:00+00:00, run_after=2025-04-02 00:00:00+00:00
[2025-04-02T16:41:04.158-0400] {processor.py:183} INFO - Processing /Users/prasenjeet.gadhe/Documents/05. Nokia_PoV/Parallel_Test/venv/lib/python3.9/site-packages/airflow/example_dags/example_short_circuit_operator.py took 0.091 seconds
[2025-04-02T16:43:01.901-0400] {processor.py:161} INFO - Started process (PID=92645) to work on /Users/prasenjeet.gadhe/Documents/05. Nokia_PoV/Parallel_Test/venv/lib/python3.9/site-packages/airflow/example_dags/example_short_circuit_operator.py
[2025-04-02T16:43:01.902-0400] {processor.py:830} INFO - Processing file /Users/prasenjeet.gadhe/Documents/05. Nokia_PoV/Parallel_Test/venv/lib/python3.9/site-packages/airflow/example_dags/example_short_circuit_operator.py for tasks to queue
[2025-04-02T16:43:01.903-0400] {logging_mixin.py:188} INFO - [2025-04-02T16:43:01.903-0400] {dagbag.py:540} INFO - Filling up the DagBag from /Users/prasenjeet.gadhe/Documents/05. Nokia_PoV/Parallel_Test/venv/lib/python3.9/site-packages/airflow/example_dags/example_short_circuit_operator.py
[2025-04-02T16:43:01.913-0400] {processor.py:840} INFO - DAG(s) 'example_short_circuit_operator' retrieved from /Users/prasenjeet.gadhe/Documents/05. Nokia_PoV/Parallel_Test/venv/lib/python3.9/site-packages/airflow/example_dags/example_short_circuit_operator.py
[2025-04-02T16:43:01.971-0400] {logging_mixin.py:188} INFO - [2025-04-02T16:43:01.971-0400] {dag.py:3096} INFO - Sync 1 DAGs
[2025-04-02T16:43:01.978-0400] {logging_mixin.py:188} INFO - [2025-04-02T16:43:01.978-0400] {dag.py:3954} INFO - Setting next_dagrun for example_short_circuit_operator to 2025-04-01 00:00:00+00:00, run_after=2025-04-02 00:00:00+00:00
[2025-04-02T16:43:01.985-0400] {processor.py:183} INFO - Processing /Users/prasenjeet.gadhe/Documents/05. Nokia_PoV/Parallel_Test/venv/lib/python3.9/site-packages/airflow/example_dags/example_short_circuit_operator.py took 0.086 seconds
[2025-04-02T16:45:59.060-0400] {processor.py:161} INFO - Started process (PID=14908) to work on /Users/prasenjeet.gadhe/Documents/05. Nokia_PoV/Parallel_Test/venv/lib/python3.9/site-packages/airflow/example_dags/example_short_circuit_operator.py
[2025-04-02T16:45:59.062-0400] {processor.py:830} INFO - Processing file /Users/prasenjeet.gadhe/Documents/05. Nokia_PoV/Parallel_Test/venv/lib/python3.9/site-packages/airflow/example_dags/example_short_circuit_operator.py for tasks to queue
[2025-04-02T16:45:59.062-0400] {logging_mixin.py:188} INFO - [2025-04-02T16:45:59.062-0400] {dagbag.py:540} INFO - Filling up the DagBag from /Users/prasenjeet.gadhe/Documents/05. Nokia_PoV/Parallel_Test/venv/lib/python3.9/site-packages/airflow/example_dags/example_short_circuit_operator.py
[2025-04-02T16:45:59.073-0400] {processor.py:840} INFO - DAG(s) 'example_short_circuit_operator' retrieved from /Users/prasenjeet.gadhe/Documents/05. Nokia_PoV/Parallel_Test/venv/lib/python3.9/site-packages/airflow/example_dags/example_short_circuit_operator.py
[2025-04-02T16:45:59.130-0400] {logging_mixin.py:188} INFO - [2025-04-02T16:45:59.129-0400] {dag.py:3096} INFO - Sync 1 DAGs
[2025-04-02T16:45:59.136-0400] {logging_mixin.py:188} INFO - [2025-04-02T16:45:59.136-0400] {dag.py:3954} INFO - Setting next_dagrun for example_short_circuit_operator to 2025-04-01 00:00:00+00:00, run_after=2025-04-02 00:00:00+00:00
[2025-04-02T16:45:59.144-0400] {processor.py:183} INFO - Processing /Users/prasenjeet.gadhe/Documents/05. Nokia_PoV/Parallel_Test/venv/lib/python3.9/site-packages/airflow/example_dags/example_short_circuit_operator.py took 0.084 seconds
[2025-04-02T16:47:27.195-0400] {processor.py:161} INFO - Started process (PID=25893) to work on /Users/prasenjeet.gadhe/Documents/05. Nokia_PoV/Parallel_Test/venv/lib/python3.9/site-packages/airflow/example_dags/example_short_circuit_operator.py
[2025-04-02T16:47:27.197-0400] {processor.py:830} INFO - Processing file /Users/prasenjeet.gadhe/Documents/05. Nokia_PoV/Parallel_Test/venv/lib/python3.9/site-packages/airflow/example_dags/example_short_circuit_operator.py for tasks to queue
[2025-04-02T16:47:27.197-0400] {logging_mixin.py:188} INFO - [2025-04-02T16:47:27.197-0400] {dagbag.py:540} INFO - Filling up the DagBag from /Users/prasenjeet.gadhe/Documents/05. Nokia_PoV/Parallel_Test/venv/lib/python3.9/site-packages/airflow/example_dags/example_short_circuit_operator.py
[2025-04-02T16:47:27.208-0400] {processor.py:840} INFO - DAG(s) 'example_short_circuit_operator' retrieved from /Users/prasenjeet.gadhe/Documents/05. Nokia_PoV/Parallel_Test/venv/lib/python3.9/site-packages/airflow/example_dags/example_short_circuit_operator.py
[2025-04-02T16:47:27.265-0400] {logging_mixin.py:188} INFO - [2025-04-02T16:47:27.265-0400] {dag.py:3096} INFO - Sync 1 DAGs
[2025-04-02T16:47:27.272-0400] {logging_mixin.py:188} INFO - [2025-04-02T16:47:27.272-0400] {dag.py:3954} INFO - Setting next_dagrun for example_short_circuit_operator to 2025-04-01 00:00:00+00:00, run_after=2025-04-02 00:00:00+00:00
[2025-04-02T16:47:27.279-0400] {processor.py:183} INFO - Processing /Users/prasenjeet.gadhe/Documents/05. Nokia_PoV/Parallel_Test/venv/lib/python3.9/site-packages/airflow/example_dags/example_short_circuit_operator.py took 0.085 seconds
[2025-04-02T16:49:19.053-0400] {processor.py:161} INFO - Started process (PID=39707) to work on /Users/prasenjeet.gadhe/Documents/05. Nokia_PoV/Parallel_Test/venv/lib/python3.9/site-packages/airflow/example_dags/example_short_circuit_operator.py
[2025-04-02T16:49:19.054-0400] {processor.py:830} INFO - Processing file /Users/prasenjeet.gadhe/Documents/05. Nokia_PoV/Parallel_Test/venv/lib/python3.9/site-packages/airflow/example_dags/example_short_circuit_operator.py for tasks to queue
[2025-04-02T16:49:19.054-0400] {logging_mixin.py:188} INFO - [2025-04-02T16:49:19.054-0400] {dagbag.py:540} INFO - Filling up the DagBag from /Users/prasenjeet.gadhe/Documents/05. Nokia_PoV/Parallel_Test/venv/lib/python3.9/site-packages/airflow/example_dags/example_short_circuit_operator.py
[2025-04-02T16:49:19.065-0400] {processor.py:840} INFO - DAG(s) 'example_short_circuit_operator' retrieved from /Users/prasenjeet.gadhe/Documents/05. Nokia_PoV/Parallel_Test/venv/lib/python3.9/site-packages/airflow/example_dags/example_short_circuit_operator.py
[2025-04-02T16:49:19.122-0400] {logging_mixin.py:188} INFO - [2025-04-02T16:49:19.122-0400] {dag.py:3096} INFO - Sync 1 DAGs
[2025-04-02T16:49:19.130-0400] {logging_mixin.py:188} INFO - [2025-04-02T16:49:19.130-0400] {dag.py:3954} INFO - Setting next_dagrun for example_short_circuit_operator to 2025-04-01 00:00:00+00:00, run_after=2025-04-02 00:00:00+00:00
[2025-04-02T16:49:19.137-0400] {processor.py:183} INFO - Processing /Users/prasenjeet.gadhe/Documents/05. Nokia_PoV/Parallel_Test/venv/lib/python3.9/site-packages/airflow/example_dags/example_short_circuit_operator.py took 0.086 seconds
[2025-04-02T16:51:10.065-0400] {processor.py:161} INFO - Started process (PID=53461) to work on /Users/prasenjeet.gadhe/Documents/05. Nokia_PoV/Parallel_Test/venv/lib/python3.9/site-packages/airflow/example_dags/example_short_circuit_operator.py
[2025-04-02T16:51:10.066-0400] {processor.py:830} INFO - Processing file /Users/prasenjeet.gadhe/Documents/05. Nokia_PoV/Parallel_Test/venv/lib/python3.9/site-packages/airflow/example_dags/example_short_circuit_operator.py for tasks to queue
[2025-04-02T16:51:10.066-0400] {logging_mixin.py:188} INFO - [2025-04-02T16:51:10.066-0400] {dagbag.py:540} INFO - Filling up the DagBag from /Users/prasenjeet.gadhe/Documents/05. Nokia_PoV/Parallel_Test/venv/lib/python3.9/site-packages/airflow/example_dags/example_short_circuit_operator.py
[2025-04-02T16:51:10.079-0400] {processor.py:840} INFO - DAG(s) 'example_short_circuit_operator' retrieved from /Users/prasenjeet.gadhe/Documents/05. Nokia_PoV/Parallel_Test/venv/lib/python3.9/site-packages/airflow/example_dags/example_short_circuit_operator.py
[2025-04-02T16:51:10.147-0400] {logging_mixin.py:188} INFO - [2025-04-02T16:51:10.147-0400] {dag.py:3096} INFO - Sync 1 DAGs
[2025-04-02T16:51:10.154-0400] {logging_mixin.py:188} INFO - [2025-04-02T16:51:10.154-0400] {dag.py:3954} INFO - Setting next_dagrun for example_short_circuit_operator to 2025-04-01 00:00:00+00:00, run_after=2025-04-02 00:00:00+00:00
[2025-04-02T16:51:10.161-0400] {processor.py:183} INFO - Processing /Users/prasenjeet.gadhe/Documents/05. Nokia_PoV/Parallel_Test/venv/lib/python3.9/site-packages/airflow/example_dags/example_short_circuit_operator.py took 0.098 seconds
[2025-04-02T16:52:38.710-0400] {processor.py:161} INFO - Started process (PID=64486) to work on /Users/prasenjeet.gadhe/Documents/05. Nokia_PoV/Parallel_Test/venv/lib/python3.9/site-packages/airflow/example_dags/example_short_circuit_operator.py
[2025-04-02T16:52:38.712-0400] {processor.py:830} INFO - Processing file /Users/prasenjeet.gadhe/Documents/05. Nokia_PoV/Parallel_Test/venv/lib/python3.9/site-packages/airflow/example_dags/example_short_circuit_operator.py for tasks to queue
[2025-04-02T16:52:38.712-0400] {logging_mixin.py:188} INFO - [2025-04-02T16:52:38.712-0400] {dagbag.py:540} INFO - Filling up the DagBag from /Users/prasenjeet.gadhe/Documents/05. Nokia_PoV/Parallel_Test/venv/lib/python3.9/site-packages/airflow/example_dags/example_short_circuit_operator.py
[2025-04-02T16:52:38.722-0400] {processor.py:840} INFO - DAG(s) 'example_short_circuit_operator' retrieved from /Users/prasenjeet.gadhe/Documents/05. Nokia_PoV/Parallel_Test/venv/lib/python3.9/site-packages/airflow/example_dags/example_short_circuit_operator.py
[2025-04-02T16:52:38.775-0400] {logging_mixin.py:188} INFO - [2025-04-02T16:52:38.775-0400] {dag.py:3096} INFO - Sync 1 DAGs
[2025-04-02T16:52:38.781-0400] {logging_mixin.py:188} INFO - [2025-04-02T16:52:38.781-0400] {dag.py:3954} INFO - Setting next_dagrun for example_short_circuit_operator to 2025-04-01 00:00:00+00:00, run_after=2025-04-02 00:00:00+00:00
[2025-04-02T16:52:38.787-0400] {processor.py:183} INFO - Processing /Users/prasenjeet.gadhe/Documents/05. Nokia_PoV/Parallel_Test/venv/lib/python3.9/site-packages/airflow/example_dags/example_short_circuit_operator.py took 0.078 seconds
[2025-04-02T16:54:27.098-0400] {processor.py:161} INFO - Started process (PID=77822) to work on /Users/prasenjeet.gadhe/Documents/05. Nokia_PoV/Parallel_Test/venv/lib/python3.9/site-packages/airflow/example_dags/example_short_circuit_operator.py
[2025-04-02T16:54:27.100-0400] {processor.py:830} INFO - Processing file /Users/prasenjeet.gadhe/Documents/05. Nokia_PoV/Parallel_Test/venv/lib/python3.9/site-packages/airflow/example_dags/example_short_circuit_operator.py for tasks to queue
[2025-04-02T16:54:27.100-0400] {logging_mixin.py:188} INFO - [2025-04-02T16:54:27.100-0400] {dagbag.py:540} INFO - Filling up the DagBag from /Users/prasenjeet.gadhe/Documents/05. Nokia_PoV/Parallel_Test/venv/lib/python3.9/site-packages/airflow/example_dags/example_short_circuit_operator.py
[2025-04-02T16:54:27.111-0400] {processor.py:840} INFO - DAG(s) 'example_short_circuit_operator' retrieved from /Users/prasenjeet.gadhe/Documents/05. Nokia_PoV/Parallel_Test/venv/lib/python3.9/site-packages/airflow/example_dags/example_short_circuit_operator.py
[2025-04-02T16:54:27.175-0400] {logging_mixin.py:188} INFO - [2025-04-02T16:54:27.175-0400] {dag.py:3096} INFO - Sync 1 DAGs
[2025-04-02T16:54:27.183-0400] {logging_mixin.py:188} INFO - [2025-04-02T16:54:27.183-0400] {dag.py:3954} INFO - Setting next_dagrun for example_short_circuit_operator to 2025-04-01 00:00:00+00:00, run_after=2025-04-02 00:00:00+00:00
[2025-04-02T16:54:27.191-0400] {processor.py:183} INFO - Processing /Users/prasenjeet.gadhe/Documents/05. Nokia_PoV/Parallel_Test/venv/lib/python3.9/site-packages/airflow/example_dags/example_short_circuit_operator.py took 0.094 seconds
[2025-04-02T16:56:24.346-0400] {processor.py:161} INFO - Started process (PID=92410) to work on /Users/prasenjeet.gadhe/Documents/05. Nokia_PoV/Parallel_Test/venv/lib/python3.9/site-packages/airflow/example_dags/example_short_circuit_operator.py
[2025-04-02T16:56:24.348-0400] {processor.py:830} INFO - Processing file /Users/prasenjeet.gadhe/Documents/05. Nokia_PoV/Parallel_Test/venv/lib/python3.9/site-packages/airflow/example_dags/example_short_circuit_operator.py for tasks to queue
[2025-04-02T16:56:24.348-0400] {logging_mixin.py:188} INFO - [2025-04-02T16:56:24.348-0400] {dagbag.py:540} INFO - Filling up the DagBag from /Users/prasenjeet.gadhe/Documents/05. Nokia_PoV/Parallel_Test/venv/lib/python3.9/site-packages/airflow/example_dags/example_short_circuit_operator.py
[2025-04-02T16:56:24.359-0400] {processor.py:840} INFO - DAG(s) 'example_short_circuit_operator' retrieved from /Users/prasenjeet.gadhe/Documents/05. Nokia_PoV/Parallel_Test/venv/lib/python3.9/site-packages/airflow/example_dags/example_short_circuit_operator.py
[2025-04-02T16:56:24.414-0400] {logging_mixin.py:188} INFO - [2025-04-02T16:56:24.414-0400] {dag.py:3096} INFO - Sync 1 DAGs
[2025-04-02T16:56:24.421-0400] {logging_mixin.py:188} INFO - [2025-04-02T16:56:24.421-0400] {dag.py:3954} INFO - Setting next_dagrun for example_short_circuit_operator to 2025-04-01 00:00:00+00:00, run_after=2025-04-02 00:00:00+00:00
[2025-04-02T16:56:24.427-0400] {processor.py:183} INFO - Processing /Users/prasenjeet.gadhe/Documents/05. Nokia_PoV/Parallel_Test/venv/lib/python3.9/site-packages/airflow/example_dags/example_short_circuit_operator.py took 0.083 seconds
[2025-04-02T16:58:16.887-0400] {processor.py:161} INFO - Started process (PID=6475) to work on /Users/prasenjeet.gadhe/Documents/05. Nokia_PoV/Parallel_Test/venv/lib/python3.9/site-packages/airflow/example_dags/example_short_circuit_operator.py
[2025-04-02T16:58:16.889-0400] {processor.py:830} INFO - Processing file /Users/prasenjeet.gadhe/Documents/05. Nokia_PoV/Parallel_Test/venv/lib/python3.9/site-packages/airflow/example_dags/example_short_circuit_operator.py for tasks to queue
[2025-04-02T16:58:16.889-0400] {logging_mixin.py:188} INFO - [2025-04-02T16:58:16.889-0400] {dagbag.py:540} INFO - Filling up the DagBag from /Users/prasenjeet.gadhe/Documents/05. Nokia_PoV/Parallel_Test/venv/lib/python3.9/site-packages/airflow/example_dags/example_short_circuit_operator.py
[2025-04-02T16:58:16.902-0400] {processor.py:840} INFO - DAG(s) 'example_short_circuit_operator' retrieved from /Users/prasenjeet.gadhe/Documents/05. Nokia_PoV/Parallel_Test/venv/lib/python3.9/site-packages/airflow/example_dags/example_short_circuit_operator.py
[2025-04-02T16:58:16.967-0400] {logging_mixin.py:188} INFO - [2025-04-02T16:58:16.967-0400] {dag.py:3096} INFO - Sync 1 DAGs
[2025-04-02T16:58:16.975-0400] {logging_mixin.py:188} INFO - [2025-04-02T16:58:16.975-0400] {dag.py:3954} INFO - Setting next_dagrun for example_short_circuit_operator to 2025-04-01 00:00:00+00:00, run_after=2025-04-02 00:00:00+00:00
[2025-04-02T16:58:16.983-0400] {processor.py:183} INFO - Processing /Users/prasenjeet.gadhe/Documents/05. Nokia_PoV/Parallel_Test/venv/lib/python3.9/site-packages/airflow/example_dags/example_short_circuit_operator.py took 0.098 seconds
[2025-04-02T17:00:08.365-0400] {processor.py:161} INFO - Started process (PID=20179) to work on /Users/prasenjeet.gadhe/Documents/05. Nokia_PoV/Parallel_Test/venv/lib/python3.9/site-packages/airflow/example_dags/example_short_circuit_operator.py
[2025-04-02T17:00:08.367-0400] {processor.py:830} INFO - Processing file /Users/prasenjeet.gadhe/Documents/05. Nokia_PoV/Parallel_Test/venv/lib/python3.9/site-packages/airflow/example_dags/example_short_circuit_operator.py for tasks to queue
[2025-04-02T17:00:08.367-0400] {logging_mixin.py:188} INFO - [2025-04-02T17:00:08.367-0400] {dagbag.py:540} INFO - Filling up the DagBag from /Users/prasenjeet.gadhe/Documents/05. Nokia_PoV/Parallel_Test/venv/lib/python3.9/site-packages/airflow/example_dags/example_short_circuit_operator.py
[2025-04-02T17:00:08.378-0400] {processor.py:840} INFO - DAG(s) 'example_short_circuit_operator' retrieved from /Users/prasenjeet.gadhe/Documents/05. Nokia_PoV/Parallel_Test/venv/lib/python3.9/site-packages/airflow/example_dags/example_short_circuit_operator.py
[2025-04-02T17:00:08.432-0400] {logging_mixin.py:188} INFO - [2025-04-02T17:00:08.431-0400] {dag.py:3096} INFO - Sync 1 DAGs
[2025-04-02T17:00:08.439-0400] {logging_mixin.py:188} INFO - [2025-04-02T17:00:08.439-0400] {dag.py:3954} INFO - Setting next_dagrun for example_short_circuit_operator to 2025-04-01 00:00:00+00:00, run_after=2025-04-02 00:00:00+00:00
[2025-04-02T17:00:08.445-0400] {processor.py:183} INFO - Processing /Users/prasenjeet.gadhe/Documents/05. Nokia_PoV/Parallel_Test/venv/lib/python3.9/site-packages/airflow/example_dags/example_short_circuit_operator.py took 0.081 seconds
[2025-04-02T17:02:01.064-0400] {processor.py:161} INFO - Started process (PID=34019) to work on /Users/prasenjeet.gadhe/Documents/05. Nokia_PoV/Parallel_Test/venv/lib/python3.9/site-packages/airflow/example_dags/example_short_circuit_operator.py
[2025-04-02T17:02:01.066-0400] {processor.py:830} INFO - Processing file /Users/prasenjeet.gadhe/Documents/05. Nokia_PoV/Parallel_Test/venv/lib/python3.9/site-packages/airflow/example_dags/example_short_circuit_operator.py for tasks to queue
[2025-04-02T17:02:01.066-0400] {logging_mixin.py:188} INFO - [2025-04-02T17:02:01.066-0400] {dagbag.py:540} INFO - Filling up the DagBag from /Users/prasenjeet.gadhe/Documents/05. Nokia_PoV/Parallel_Test/venv/lib/python3.9/site-packages/airflow/example_dags/example_short_circuit_operator.py
[2025-04-02T17:02:01.077-0400] {processor.py:840} INFO - DAG(s) 'example_short_circuit_operator' retrieved from /Users/prasenjeet.gadhe/Documents/05. Nokia_PoV/Parallel_Test/venv/lib/python3.9/site-packages/airflow/example_dags/example_short_circuit_operator.py
[2025-04-02T17:02:01.131-0400] {logging_mixin.py:188} INFO - [2025-04-02T17:02:01.131-0400] {dag.py:3096} INFO - Sync 1 DAGs
[2025-04-02T17:02:01.138-0400] {logging_mixin.py:188} INFO - [2025-04-02T17:02:01.138-0400] {dag.py:3954} INFO - Setting next_dagrun for example_short_circuit_operator to 2025-04-01 00:00:00+00:00, run_after=2025-04-02 00:00:00+00:00
[2025-04-02T17:02:01.145-0400] {processor.py:183} INFO - Processing /Users/prasenjeet.gadhe/Documents/05. Nokia_PoV/Parallel_Test/venv/lib/python3.9/site-packages/airflow/example_dags/example_short_circuit_operator.py took 0.082 seconds
[2025-04-02T17:03:52.974-0400] {processor.py:161} INFO - Started process (PID=47772) to work on /Users/prasenjeet.gadhe/Documents/05. Nokia_PoV/Parallel_Test/venv/lib/python3.9/site-packages/airflow/example_dags/example_short_circuit_operator.py
[2025-04-02T17:03:52.976-0400] {processor.py:830} INFO - Processing file /Users/prasenjeet.gadhe/Documents/05. Nokia_PoV/Parallel_Test/venv/lib/python3.9/site-packages/airflow/example_dags/example_short_circuit_operator.py for tasks to queue
[2025-04-02T17:03:52.976-0400] {logging_mixin.py:188} INFO - [2025-04-02T17:03:52.976-0400] {dagbag.py:540} INFO - Filling up the DagBag from /Users/prasenjeet.gadhe/Documents/05. Nokia_PoV/Parallel_Test/venv/lib/python3.9/site-packages/airflow/example_dags/example_short_circuit_operator.py
[2025-04-02T17:03:52.989-0400] {processor.py:840} INFO - DAG(s) 'example_short_circuit_operator' retrieved from /Users/prasenjeet.gadhe/Documents/05. Nokia_PoV/Parallel_Test/venv/lib/python3.9/site-packages/airflow/example_dags/example_short_circuit_operator.py
[2025-04-02T17:03:53.060-0400] {logging_mixin.py:188} INFO - [2025-04-02T17:03:53.059-0400] {dag.py:3096} INFO - Sync 1 DAGs
[2025-04-02T17:03:53.067-0400] {logging_mixin.py:188} INFO - [2025-04-02T17:03:53.067-0400] {dag.py:3954} INFO - Setting next_dagrun for example_short_circuit_operator to 2025-04-01 00:00:00+00:00, run_after=2025-04-02 00:00:00+00:00
[2025-04-02T17:03:53.074-0400] {processor.py:183} INFO - Processing /Users/prasenjeet.gadhe/Documents/05. Nokia_PoV/Parallel_Test/venv/lib/python3.9/site-packages/airflow/example_dags/example_short_circuit_operator.py took 0.102 seconds
[2025-04-02T17:05:41.161-0400] {processor.py:161} INFO - Started process (PID=61097) to work on /Users/prasenjeet.gadhe/Documents/05. Nokia_PoV/Parallel_Test/venv/lib/python3.9/site-packages/airflow/example_dags/example_short_circuit_operator.py
[2025-04-02T17:05:41.162-0400] {processor.py:830} INFO - Processing file /Users/prasenjeet.gadhe/Documents/05. Nokia_PoV/Parallel_Test/venv/lib/python3.9/site-packages/airflow/example_dags/example_short_circuit_operator.py for tasks to queue
[2025-04-02T17:05:41.162-0400] {logging_mixin.py:188} INFO - [2025-04-02T17:05:41.162-0400] {dagbag.py:540} INFO - Filling up the DagBag from /Users/prasenjeet.gadhe/Documents/05. Nokia_PoV/Parallel_Test/venv/lib/python3.9/site-packages/airflow/example_dags/example_short_circuit_operator.py
[2025-04-02T17:05:41.174-0400] {processor.py:840} INFO - DAG(s) 'example_short_circuit_operator' retrieved from /Users/prasenjeet.gadhe/Documents/05. Nokia_PoV/Parallel_Test/venv/lib/python3.9/site-packages/airflow/example_dags/example_short_circuit_operator.py
[2025-04-02T17:05:41.227-0400] {logging_mixin.py:188} INFO - [2025-04-02T17:05:41.227-0400] {dag.py:3096} INFO - Sync 1 DAGs
[2025-04-02T17:05:41.233-0400] {logging_mixin.py:188} INFO - [2025-04-02T17:05:41.233-0400] {dag.py:3954} INFO - Setting next_dagrun for example_short_circuit_operator to 2025-04-01 00:00:00+00:00, run_after=2025-04-02 00:00:00+00:00
[2025-04-02T17:05:41.240-0400] {processor.py:183} INFO - Processing /Users/prasenjeet.gadhe/Documents/05. Nokia_PoV/Parallel_Test/venv/lib/python3.9/site-packages/airflow/example_dags/example_short_circuit_operator.py took 0.081 seconds
[2025-04-02T17:07:36.402-0400] {processor.py:161} INFO - Started process (PID=75297) to work on /Users/prasenjeet.gadhe/Documents/05. Nokia_PoV/Parallel_Test/venv/lib/python3.9/site-packages/airflow/example_dags/example_short_circuit_operator.py
[2025-04-02T17:07:36.403-0400] {processor.py:830} INFO - Processing file /Users/prasenjeet.gadhe/Documents/05. Nokia_PoV/Parallel_Test/venv/lib/python3.9/site-packages/airflow/example_dags/example_short_circuit_operator.py for tasks to queue
[2025-04-02T17:07:36.403-0400] {logging_mixin.py:188} INFO - [2025-04-02T17:07:36.403-0400] {dagbag.py:540} INFO - Filling up the DagBag from /Users/prasenjeet.gadhe/Documents/05. Nokia_PoV/Parallel_Test/venv/lib/python3.9/site-packages/airflow/example_dags/example_short_circuit_operator.py
[2025-04-02T17:07:36.414-0400] {processor.py:840} INFO - DAG(s) 'example_short_circuit_operator' retrieved from /Users/prasenjeet.gadhe/Documents/05. Nokia_PoV/Parallel_Test/venv/lib/python3.9/site-packages/airflow/example_dags/example_short_circuit_operator.py
[2025-04-02T17:07:36.468-0400] {logging_mixin.py:188} INFO - [2025-04-02T17:07:36.468-0400] {dag.py:3096} INFO - Sync 1 DAGs
[2025-04-02T17:07:36.475-0400] {logging_mixin.py:188} INFO - [2025-04-02T17:07:36.475-0400] {dag.py:3954} INFO - Setting next_dagrun for example_short_circuit_operator to 2025-04-01 00:00:00+00:00, run_after=2025-04-02 00:00:00+00:00
[2025-04-02T17:07:36.481-0400] {processor.py:183} INFO - Processing /Users/prasenjeet.gadhe/Documents/05. Nokia_PoV/Parallel_Test/venv/lib/python3.9/site-packages/airflow/example_dags/example_short_circuit_operator.py took 0.081 seconds
[2025-04-02T17:09:32.551-0400] {processor.py:161} INFO - Started process (PID=89629) to work on /Users/prasenjeet.gadhe/Documents/05. Nokia_PoV/Parallel_Test/venv/lib/python3.9/site-packages/airflow/example_dags/example_short_circuit_operator.py
[2025-04-02T17:09:32.552-0400] {processor.py:830} INFO - Processing file /Users/prasenjeet.gadhe/Documents/05. Nokia_PoV/Parallel_Test/venv/lib/python3.9/site-packages/airflow/example_dags/example_short_circuit_operator.py for tasks to queue
[2025-04-02T17:09:32.552-0400] {logging_mixin.py:188} INFO - [2025-04-02T17:09:32.552-0400] {dagbag.py:540} INFO - Filling up the DagBag from /Users/prasenjeet.gadhe/Documents/05. Nokia_PoV/Parallel_Test/venv/lib/python3.9/site-packages/airflow/example_dags/example_short_circuit_operator.py
[2025-04-02T17:09:32.563-0400] {processor.py:840} INFO - DAG(s) 'example_short_circuit_operator' retrieved from /Users/prasenjeet.gadhe/Documents/05. Nokia_PoV/Parallel_Test/venv/lib/python3.9/site-packages/airflow/example_dags/example_short_circuit_operator.py
[2025-04-02T17:09:32.618-0400] {logging_mixin.py:188} INFO - [2025-04-02T17:09:32.618-0400] {dag.py:3096} INFO - Sync 1 DAGs
[2025-04-02T17:09:32.625-0400] {logging_mixin.py:188} INFO - [2025-04-02T17:09:32.625-0400] {dag.py:3954} INFO - Setting next_dagrun for example_short_circuit_operator to 2025-04-01 00:00:00+00:00, run_after=2025-04-02 00:00:00+00:00
[2025-04-02T17:09:32.631-0400] {processor.py:183} INFO - Processing /Users/prasenjeet.gadhe/Documents/05. Nokia_PoV/Parallel_Test/venv/lib/python3.9/site-packages/airflow/example_dags/example_short_circuit_operator.py took 0.082 seconds
[2025-04-02T17:11:20.640-0400] {processor.py:161} INFO - Started process (PID=3260) to work on /Users/prasenjeet.gadhe/Documents/05. Nokia_PoV/Parallel_Test/venv/lib/python3.9/site-packages/airflow/example_dags/example_short_circuit_operator.py
[2025-04-02T17:11:20.641-0400] {processor.py:830} INFO - Processing file /Users/prasenjeet.gadhe/Documents/05. Nokia_PoV/Parallel_Test/venv/lib/python3.9/site-packages/airflow/example_dags/example_short_circuit_operator.py for tasks to queue
[2025-04-02T17:11:20.641-0400] {logging_mixin.py:188} INFO - [2025-04-02T17:11:20.641-0400] {dagbag.py:540} INFO - Filling up the DagBag from /Users/prasenjeet.gadhe/Documents/05. Nokia_PoV/Parallel_Test/venv/lib/python3.9/site-packages/airflow/example_dags/example_short_circuit_operator.py
[2025-04-02T17:11:20.653-0400] {processor.py:840} INFO - DAG(s) 'example_short_circuit_operator' retrieved from /Users/prasenjeet.gadhe/Documents/05. Nokia_PoV/Parallel_Test/venv/lib/python3.9/site-packages/airflow/example_dags/example_short_circuit_operator.py
[2025-04-02T17:11:20.706-0400] {logging_mixin.py:188} INFO - [2025-04-02T17:11:20.706-0400] {dag.py:3096} INFO - Sync 1 DAGs
[2025-04-02T17:11:20.713-0400] {logging_mixin.py:188} INFO - [2025-04-02T17:11:20.713-0400] {dag.py:3954} INFO - Setting next_dagrun for example_short_circuit_operator to 2025-04-01 00:00:00+00:00, run_after=2025-04-02 00:00:00+00:00
[2025-04-02T17:11:20.720-0400] {processor.py:183} INFO - Processing /Users/prasenjeet.gadhe/Documents/05. Nokia_PoV/Parallel_Test/venv/lib/python3.9/site-packages/airflow/example_dags/example_short_circuit_operator.py took 0.081 seconds
