[2025-04-02T16:39:47.492-0400] {processor.py:161} INFO - Started process (PID=68367) to work on /Users/prasenjeet.gadhe/Documents/05. Nokia_PoV/Parallel_Test/venv/lib/python3.9/site-packages/airflow/example_dags/example_python_operator.py
[2025-04-02T16:39:47.493-0400] {processor.py:830} INFO - Processing file /Users/prasenjeet.gadhe/Documents/05. Nokia_PoV/Parallel_Test/venv/lib/python3.9/site-packages/airflow/example_dags/example_python_operator.py for tasks to queue
[2025-04-02T16:39:47.493-0400] {logging_mixin.py:188} INFO - [2025-04-02T16:39:47.493-0400] {dagbag.py:540} INFO - Filling up the DagBag from /Users/prasenjeet.gadhe/Documents/05. Nokia_PoV/Parallel_Test/venv/lib/python3.9/site-packages/airflow/example_dags/example_python_operator.py
[2025-04-02T16:39:47.503-0400] {logging_mixin.py:188} INFO - [2025-04-02T16:39:47.503-0400] {example_python_operator.py:93} WARNING - The virtalenv_python example task requires virtualenv, please install it.
[2025-04-02T16:39:47.505-0400] {processor.py:840} INFO - DAG(s) 'example_python_operator' retrieved from /Users/prasenjeet.gadhe/Documents/05. Nokia_PoV/Parallel_Test/venv/lib/python3.9/site-packages/airflow/example_dags/example_python_operator.py
[2025-04-02T16:39:47.591-0400] {logging_mixin.py:188} INFO - [2025-04-02T16:39:47.591-0400] {override.py:1829} INFO - Created Permission View: can edit on DAG:example_python_operator
[2025-04-02T16:39:47.594-0400] {logging_mixin.py:188} INFO - [2025-04-02T16:39:47.594-0400] {override.py:1829} INFO - Created Permission View: can read on DAG:example_python_operator
[2025-04-02T16:39:47.596-0400] {logging_mixin.py:188} INFO - [2025-04-02T16:39:47.595-0400] {override.py:1829} INFO - Created Permission View: can delete on DAG:example_python_operator
[2025-04-02T16:39:47.596-0400] {logging_mixin.py:188} INFO - [2025-04-02T16:39:47.596-0400] {dag.py:3096} INFO - Sync 1 DAGs
[2025-04-02T16:39:47.599-0400] {logging_mixin.py:188} INFO - [2025-04-02T16:39:47.599-0400] {dag.py:3118} INFO - Creating ORM DAG for example_python_operator
[2025-04-02T16:39:47.599-0400] {logging_mixin.py:188} INFO - [2025-04-02T16:39:47.599-0400] {dag.py:3954} INFO - Setting next_dagrun for example_python_operator to None, run_after=None
[2025-04-02T16:39:47.605-0400] {processor.py:183} INFO - Processing /Users/prasenjeet.gadhe/Documents/05. Nokia_PoV/Parallel_Test/venv/lib/python3.9/site-packages/airflow/example_dags/example_python_operator.py took 0.114 seconds
[2025-04-02T16:41:14.283-0400] {processor.py:161} INFO - Started process (PID=79361) to work on /Users/prasenjeet.gadhe/Documents/05. Nokia_PoV/Parallel_Test/venv/lib/python3.9/site-packages/airflow/example_dags/example_python_operator.py
[2025-04-02T16:41:14.285-0400] {processor.py:830} INFO - Processing file /Users/prasenjeet.gadhe/Documents/05. Nokia_PoV/Parallel_Test/venv/lib/python3.9/site-packages/airflow/example_dags/example_python_operator.py for tasks to queue
[2025-04-02T16:41:14.285-0400] {logging_mixin.py:188} INFO - [2025-04-02T16:41:14.285-0400] {dagbag.py:540} INFO - Filling up the DagBag from /Users/prasenjeet.gadhe/Documents/05. Nokia_PoV/Parallel_Test/venv/lib/python3.9/site-packages/airflow/example_dags/example_python_operator.py
[2025-04-02T16:41:14.295-0400] {logging_mixin.py:188} INFO - [2025-04-02T16:41:14.295-0400] {example_python_operator.py:93} WARNING - The virtalenv_python example task requires virtualenv, please install it.
[2025-04-02T16:41:14.296-0400] {processor.py:840} INFO - DAG(s) 'example_python_operator' retrieved from /Users/prasenjeet.gadhe/Documents/05. Nokia_PoV/Parallel_Test/venv/lib/python3.9/site-packages/airflow/example_dags/example_python_operator.py
[2025-04-02T16:41:14.350-0400] {logging_mixin.py:188} INFO - [2025-04-02T16:41:14.350-0400] {dag.py:3096} INFO - Sync 1 DAGs
[2025-04-02T16:41:14.353-0400] {logging_mixin.py:188} INFO - [2025-04-02T16:41:14.353-0400] {dag.py:3954} INFO - Setting next_dagrun for example_python_operator to None, run_after=None
[2025-04-02T16:41:14.359-0400] {processor.py:183} INFO - Processing /Users/prasenjeet.gadhe/Documents/05. Nokia_PoV/Parallel_Test/venv/lib/python3.9/site-packages/airflow/example_dags/example_python_operator.py took 0.077 seconds
[2025-04-02T16:43:10.628-0400] {processor.py:161} INFO - Started process (PID=93687) to work on /Users/prasenjeet.gadhe/Documents/05. Nokia_PoV/Parallel_Test/venv/lib/python3.9/site-packages/airflow/example_dags/example_python_operator.py
[2025-04-02T16:43:10.630-0400] {processor.py:830} INFO - Processing file /Users/prasenjeet.gadhe/Documents/05. Nokia_PoV/Parallel_Test/venv/lib/python3.9/site-packages/airflow/example_dags/example_python_operator.py for tasks to queue
[2025-04-02T16:43:10.630-0400] {logging_mixin.py:188} INFO - [2025-04-02T16:43:10.630-0400] {dagbag.py:540} INFO - Filling up the DagBag from /Users/prasenjeet.gadhe/Documents/05. Nokia_PoV/Parallel_Test/venv/lib/python3.9/site-packages/airflow/example_dags/example_python_operator.py
[2025-04-02T16:43:10.640-0400] {logging_mixin.py:188} INFO - [2025-04-02T16:43:10.640-0400] {example_python_operator.py:93} WARNING - The virtalenv_python example task requires virtualenv, please install it.
[2025-04-02T16:43:10.642-0400] {processor.py:840} INFO - DAG(s) 'example_python_operator' retrieved from /Users/prasenjeet.gadhe/Documents/05. Nokia_PoV/Parallel_Test/venv/lib/python3.9/site-packages/airflow/example_dags/example_python_operator.py
[2025-04-02T16:43:10.706-0400] {logging_mixin.py:188} INFO - [2025-04-02T16:43:10.706-0400] {dag.py:3096} INFO - Sync 1 DAGs
[2025-04-02T16:43:10.710-0400] {logging_mixin.py:188} INFO - [2025-04-02T16:43:10.710-0400] {dag.py:3954} INFO - Setting next_dagrun for example_python_operator to None, run_after=None
[2025-04-02T16:43:10.718-0400] {processor.py:183} INFO - Processing /Users/prasenjeet.gadhe/Documents/05. Nokia_PoV/Parallel_Test/venv/lib/python3.9/site-packages/airflow/example_dags/example_python_operator.py took 0.091 seconds
[2025-04-02T16:46:09.502-0400] {processor.py:161} INFO - Started process (PID=16160) to work on /Users/prasenjeet.gadhe/Documents/05. Nokia_PoV/Parallel_Test/venv/lib/python3.9/site-packages/airflow/example_dags/example_python_operator.py
[2025-04-02T16:46:09.504-0400] {processor.py:830} INFO - Processing file /Users/prasenjeet.gadhe/Documents/05. Nokia_PoV/Parallel_Test/venv/lib/python3.9/site-packages/airflow/example_dags/example_python_operator.py for tasks to queue
[2025-04-02T16:46:09.504-0400] {logging_mixin.py:188} INFO - [2025-04-02T16:46:09.504-0400] {dagbag.py:540} INFO - Filling up the DagBag from /Users/prasenjeet.gadhe/Documents/05. Nokia_PoV/Parallel_Test/venv/lib/python3.9/site-packages/airflow/example_dags/example_python_operator.py
[2025-04-02T16:46:09.514-0400] {logging_mixin.py:188} INFO - [2025-04-02T16:46:09.514-0400] {example_python_operator.py:93} WARNING - The virtalenv_python example task requires virtualenv, please install it.
[2025-04-02T16:46:09.516-0400] {processor.py:840} INFO - DAG(s) 'example_python_operator' retrieved from /Users/prasenjeet.gadhe/Documents/05. Nokia_PoV/Parallel_Test/venv/lib/python3.9/site-packages/airflow/example_dags/example_python_operator.py
[2025-04-02T16:46:09.575-0400] {logging_mixin.py:188} INFO - [2025-04-02T16:46:09.575-0400] {dag.py:3096} INFO - Sync 1 DAGs
[2025-04-02T16:46:09.579-0400] {logging_mixin.py:188} INFO - [2025-04-02T16:46:09.579-0400] {dag.py:3954} INFO - Setting next_dagrun for example_python_operator to None, run_after=None
[2025-04-02T16:46:09.585-0400] {processor.py:183} INFO - Processing /Users/prasenjeet.gadhe/Documents/05. Nokia_PoV/Parallel_Test/venv/lib/python3.9/site-packages/airflow/example_dags/example_python_operator.py took 0.084 seconds
[2025-04-02T16:47:37.774-0400] {processor.py:161} INFO - Started process (PID=27122) to work on /Users/prasenjeet.gadhe/Documents/05. Nokia_PoV/Parallel_Test/venv/lib/python3.9/site-packages/airflow/example_dags/example_python_operator.py
[2025-04-02T16:47:37.776-0400] {processor.py:830} INFO - Processing file /Users/prasenjeet.gadhe/Documents/05. Nokia_PoV/Parallel_Test/venv/lib/python3.9/site-packages/airflow/example_dags/example_python_operator.py for tasks to queue
[2025-04-02T16:47:37.776-0400] {logging_mixin.py:188} INFO - [2025-04-02T16:47:37.776-0400] {dagbag.py:540} INFO - Filling up the DagBag from /Users/prasenjeet.gadhe/Documents/05. Nokia_PoV/Parallel_Test/venv/lib/python3.9/site-packages/airflow/example_dags/example_python_operator.py
[2025-04-02T16:47:37.785-0400] {logging_mixin.py:188} INFO - [2025-04-02T16:47:37.785-0400] {example_python_operator.py:93} WARNING - The virtalenv_python example task requires virtualenv, please install it.
[2025-04-02T16:47:37.786-0400] {processor.py:840} INFO - DAG(s) 'example_python_operator' retrieved from /Users/prasenjeet.gadhe/Documents/05. Nokia_PoV/Parallel_Test/venv/lib/python3.9/site-packages/airflow/example_dags/example_python_operator.py
[2025-04-02T16:47:37.839-0400] {logging_mixin.py:188} INFO - [2025-04-02T16:47:37.839-0400] {dag.py:3096} INFO - Sync 1 DAGs
[2025-04-02T16:47:37.842-0400] {logging_mixin.py:188} INFO - [2025-04-02T16:47:37.842-0400] {dag.py:3954} INFO - Setting next_dagrun for example_python_operator to None, run_after=None
[2025-04-02T16:47:37.848-0400] {processor.py:183} INFO - Processing /Users/prasenjeet.gadhe/Documents/05. Nokia_PoV/Parallel_Test/venv/lib/python3.9/site-packages/airflow/example_dags/example_python_operator.py took 0.075 seconds
[2025-04-02T16:49:29.815-0400] {processor.py:161} INFO - Started process (PID=41069) to work on /Users/prasenjeet.gadhe/Documents/05. Nokia_PoV/Parallel_Test/venv/lib/python3.9/site-packages/airflow/example_dags/example_python_operator.py
[2025-04-02T16:49:29.816-0400] {processor.py:830} INFO - Processing file /Users/prasenjeet.gadhe/Documents/05. Nokia_PoV/Parallel_Test/venv/lib/python3.9/site-packages/airflow/example_dags/example_python_operator.py for tasks to queue
[2025-04-02T16:49:29.816-0400] {logging_mixin.py:188} INFO - [2025-04-02T16:49:29.816-0400] {dagbag.py:540} INFO - Filling up the DagBag from /Users/prasenjeet.gadhe/Documents/05. Nokia_PoV/Parallel_Test/venv/lib/python3.9/site-packages/airflow/example_dags/example_python_operator.py
[2025-04-02T16:49:29.825-0400] {logging_mixin.py:188} INFO - [2025-04-02T16:49:29.825-0400] {example_python_operator.py:93} WARNING - The virtalenv_python example task requires virtualenv, please install it.
[2025-04-02T16:49:29.826-0400] {processor.py:840} INFO - DAG(s) 'example_python_operator' retrieved from /Users/prasenjeet.gadhe/Documents/05. Nokia_PoV/Parallel_Test/venv/lib/python3.9/site-packages/airflow/example_dags/example_python_operator.py
[2025-04-02T16:49:29.882-0400] {logging_mixin.py:188} INFO - [2025-04-02T16:49:29.882-0400] {dag.py:3096} INFO - Sync 1 DAGs
[2025-04-02T16:49:29.886-0400] {logging_mixin.py:188} INFO - [2025-04-02T16:49:29.886-0400] {dag.py:3954} INFO - Setting next_dagrun for example_python_operator to None, run_after=None
[2025-04-02T16:49:29.892-0400] {processor.py:183} INFO - Processing /Users/prasenjeet.gadhe/Documents/05. Nokia_PoV/Parallel_Test/venv/lib/python3.9/site-packages/airflow/example_dags/example_python_operator.py took 0.079 seconds
[2025-04-02T16:51:20.422-0400] {processor.py:161} INFO - Started process (PID=54696) to work on /Users/prasenjeet.gadhe/Documents/05. Nokia_PoV/Parallel_Test/venv/lib/python3.9/site-packages/airflow/example_dags/example_python_operator.py
[2025-04-02T16:51:20.424-0400] {processor.py:830} INFO - Processing file /Users/prasenjeet.gadhe/Documents/05. Nokia_PoV/Parallel_Test/venv/lib/python3.9/site-packages/airflow/example_dags/example_python_operator.py for tasks to queue
[2025-04-02T16:51:20.425-0400] {logging_mixin.py:188} INFO - [2025-04-02T16:51:20.425-0400] {dagbag.py:540} INFO - Filling up the DagBag from /Users/prasenjeet.gadhe/Documents/05. Nokia_PoV/Parallel_Test/venv/lib/python3.9/site-packages/airflow/example_dags/example_python_operator.py
[2025-04-02T16:51:20.434-0400] {logging_mixin.py:188} INFO - [2025-04-02T16:51:20.434-0400] {example_python_operator.py:93} WARNING - The virtalenv_python example task requires virtualenv, please install it.
[2025-04-02T16:51:20.436-0400] {processor.py:840} INFO - DAG(s) 'example_python_operator' retrieved from /Users/prasenjeet.gadhe/Documents/05. Nokia_PoV/Parallel_Test/venv/lib/python3.9/site-packages/airflow/example_dags/example_python_operator.py
[2025-04-02T16:51:20.495-0400] {logging_mixin.py:188} INFO - [2025-04-02T16:51:20.494-0400] {dag.py:3096} INFO - Sync 1 DAGs
[2025-04-02T16:51:20.498-0400] {logging_mixin.py:188} INFO - [2025-04-02T16:51:20.498-0400] {dag.py:3954} INFO - Setting next_dagrun for example_python_operator to None, run_after=None
[2025-04-02T16:51:20.504-0400] {processor.py:183} INFO - Processing /Users/prasenjeet.gadhe/Documents/05. Nokia_PoV/Parallel_Test/venv/lib/python3.9/site-packages/airflow/example_dags/example_python_operator.py took 0.083 seconds
[2025-04-02T16:52:47.683-0400] {processor.py:161} INFO - Started process (PID=65574) to work on /Users/prasenjeet.gadhe/Documents/05. Nokia_PoV/Parallel_Test/venv/lib/python3.9/site-packages/airflow/example_dags/example_python_operator.py
[2025-04-02T16:52:47.685-0400] {processor.py:830} INFO - Processing file /Users/prasenjeet.gadhe/Documents/05. Nokia_PoV/Parallel_Test/venv/lib/python3.9/site-packages/airflow/example_dags/example_python_operator.py for tasks to queue
[2025-04-02T16:52:47.685-0400] {logging_mixin.py:188} INFO - [2025-04-02T16:52:47.685-0400] {dagbag.py:540} INFO - Filling up the DagBag from /Users/prasenjeet.gadhe/Documents/05. Nokia_PoV/Parallel_Test/venv/lib/python3.9/site-packages/airflow/example_dags/example_python_operator.py
[2025-04-02T16:52:47.694-0400] {logging_mixin.py:188} INFO - [2025-04-02T16:52:47.694-0400] {example_python_operator.py:93} WARNING - The virtalenv_python example task requires virtualenv, please install it.
[2025-04-02T16:52:47.695-0400] {processor.py:840} INFO - DAG(s) 'example_python_operator' retrieved from /Users/prasenjeet.gadhe/Documents/05. Nokia_PoV/Parallel_Test/venv/lib/python3.9/site-packages/airflow/example_dags/example_python_operator.py
[2025-04-02T16:52:47.747-0400] {logging_mixin.py:188} INFO - [2025-04-02T16:52:47.746-0400] {dag.py:3096} INFO - Sync 1 DAGs
[2025-04-02T16:52:47.750-0400] {logging_mixin.py:188} INFO - [2025-04-02T16:52:47.750-0400] {dag.py:3954} INFO - Setting next_dagrun for example_python_operator to None, run_after=None
[2025-04-02T16:52:47.756-0400] {processor.py:183} INFO - Processing /Users/prasenjeet.gadhe/Documents/05. Nokia_PoV/Parallel_Test/venv/lib/python3.9/site-packages/airflow/example_dags/example_python_operator.py took 0.074 seconds
[2025-04-02T16:54:37.788-0400] {processor.py:161} INFO - Started process (PID=79183) to work on /Users/prasenjeet.gadhe/Documents/05. Nokia_PoV/Parallel_Test/venv/lib/python3.9/site-packages/airflow/example_dags/example_python_operator.py
[2025-04-02T16:54:37.790-0400] {processor.py:830} INFO - Processing file /Users/prasenjeet.gadhe/Documents/05. Nokia_PoV/Parallel_Test/venv/lib/python3.9/site-packages/airflow/example_dags/example_python_operator.py for tasks to queue
[2025-04-02T16:54:37.790-0400] {logging_mixin.py:188} INFO - [2025-04-02T16:54:37.790-0400] {dagbag.py:540} INFO - Filling up the DagBag from /Users/prasenjeet.gadhe/Documents/05. Nokia_PoV/Parallel_Test/venv/lib/python3.9/site-packages/airflow/example_dags/example_python_operator.py
[2025-04-02T16:54:37.799-0400] {logging_mixin.py:188} INFO - [2025-04-02T16:54:37.799-0400] {example_python_operator.py:93} WARNING - The virtalenv_python example task requires virtualenv, please install it.
[2025-04-02T16:54:37.801-0400] {processor.py:840} INFO - DAG(s) 'example_python_operator' retrieved from /Users/prasenjeet.gadhe/Documents/05. Nokia_PoV/Parallel_Test/venv/lib/python3.9/site-packages/airflow/example_dags/example_python_operator.py
[2025-04-02T16:54:37.855-0400] {logging_mixin.py:188} INFO - [2025-04-02T16:54:37.855-0400] {dag.py:3096} INFO - Sync 1 DAGs
[2025-04-02T16:54:37.859-0400] {logging_mixin.py:188} INFO - [2025-04-02T16:54:37.859-0400] {dag.py:3954} INFO - Setting next_dagrun for example_python_operator to None, run_after=None
[2025-04-02T16:54:37.865-0400] {processor.py:183} INFO - Processing /Users/prasenjeet.gadhe/Documents/05. Nokia_PoV/Parallel_Test/venv/lib/python3.9/site-packages/airflow/example_dags/example_python_operator.py took 0.078 seconds
[2025-04-02T16:56:34.822-0400] {processor.py:161} INFO - Started process (PID=93651) to work on /Users/prasenjeet.gadhe/Documents/05. Nokia_PoV/Parallel_Test/venv/lib/python3.9/site-packages/airflow/example_dags/example_python_operator.py
[2025-04-02T16:56:34.823-0400] {processor.py:830} INFO - Processing file /Users/prasenjeet.gadhe/Documents/05. Nokia_PoV/Parallel_Test/venv/lib/python3.9/site-packages/airflow/example_dags/example_python_operator.py for tasks to queue
[2025-04-02T16:56:34.823-0400] {logging_mixin.py:188} INFO - [2025-04-02T16:56:34.823-0400] {dagbag.py:540} INFO - Filling up the DagBag from /Users/prasenjeet.gadhe/Documents/05. Nokia_PoV/Parallel_Test/venv/lib/python3.9/site-packages/airflow/example_dags/example_python_operator.py
[2025-04-02T16:56:34.833-0400] {logging_mixin.py:188} INFO - [2025-04-02T16:56:34.833-0400] {example_python_operator.py:93} WARNING - The virtalenv_python example task requires virtualenv, please install it.
[2025-04-02T16:56:34.834-0400] {processor.py:840} INFO - DAG(s) 'example_python_operator' retrieved from /Users/prasenjeet.gadhe/Documents/05. Nokia_PoV/Parallel_Test/venv/lib/python3.9/site-packages/airflow/example_dags/example_python_operator.py
[2025-04-02T16:56:34.886-0400] {logging_mixin.py:188} INFO - [2025-04-02T16:56:34.886-0400] {dag.py:3096} INFO - Sync 1 DAGs
[2025-04-02T16:56:34.890-0400] {logging_mixin.py:188} INFO - [2025-04-02T16:56:34.890-0400] {dag.py:3954} INFO - Setting next_dagrun for example_python_operator to None, run_after=None
[2025-04-02T16:56:34.896-0400] {processor.py:183} INFO - Processing /Users/prasenjeet.gadhe/Documents/05. Nokia_PoV/Parallel_Test/venv/lib/python3.9/site-packages/airflow/example_dags/example_python_operator.py took 0.075 seconds
[2025-04-02T16:58:27.603-0400] {processor.py:161} INFO - Started process (PID=7840) to work on /Users/prasenjeet.gadhe/Documents/05. Nokia_PoV/Parallel_Test/venv/lib/python3.9/site-packages/airflow/example_dags/example_python_operator.py
[2025-04-02T16:58:27.605-0400] {processor.py:830} INFO - Processing file /Users/prasenjeet.gadhe/Documents/05. Nokia_PoV/Parallel_Test/venv/lib/python3.9/site-packages/airflow/example_dags/example_python_operator.py for tasks to queue
[2025-04-02T16:58:27.606-0400] {logging_mixin.py:188} INFO - [2025-04-02T16:58:27.605-0400] {dagbag.py:540} INFO - Filling up the DagBag from /Users/prasenjeet.gadhe/Documents/05. Nokia_PoV/Parallel_Test/venv/lib/python3.9/site-packages/airflow/example_dags/example_python_operator.py
[2025-04-02T16:58:27.616-0400] {logging_mixin.py:188} INFO - [2025-04-02T16:58:27.616-0400] {example_python_operator.py:93} WARNING - The virtalenv_python example task requires virtualenv, please install it.
[2025-04-02T16:58:27.617-0400] {processor.py:840} INFO - DAG(s) 'example_python_operator' retrieved from /Users/prasenjeet.gadhe/Documents/05. Nokia_PoV/Parallel_Test/venv/lib/python3.9/site-packages/airflow/example_dags/example_python_operator.py
[2025-04-02T16:58:27.677-0400] {logging_mixin.py:188} INFO - [2025-04-02T16:58:27.677-0400] {dag.py:3096} INFO - Sync 1 DAGs
[2025-04-02T16:58:27.680-0400] {logging_mixin.py:188} INFO - [2025-04-02T16:58:27.680-0400] {dag.py:3954} INFO - Setting next_dagrun for example_python_operator to None, run_after=None
[2025-04-02T16:58:27.686-0400] {processor.py:183} INFO - Processing /Users/prasenjeet.gadhe/Documents/05. Nokia_PoV/Parallel_Test/venv/lib/python3.9/site-packages/airflow/example_dags/example_python_operator.py took 0.084 seconds
[2025-04-02T17:00:18.741-0400] {processor.py:161} INFO - Started process (PID=21539) to work on /Users/prasenjeet.gadhe/Documents/05. Nokia_PoV/Parallel_Test/venv/lib/python3.9/site-packages/airflow/example_dags/example_python_operator.py
[2025-04-02T17:00:18.743-0400] {processor.py:830} INFO - Processing file /Users/prasenjeet.gadhe/Documents/05. Nokia_PoV/Parallel_Test/venv/lib/python3.9/site-packages/airflow/example_dags/example_python_operator.py for tasks to queue
[2025-04-02T17:00:18.743-0400] {logging_mixin.py:188} INFO - [2025-04-02T17:00:18.743-0400] {dagbag.py:540} INFO - Filling up the DagBag from /Users/prasenjeet.gadhe/Documents/05. Nokia_PoV/Parallel_Test/venv/lib/python3.9/site-packages/airflow/example_dags/example_python_operator.py
[2025-04-02T17:00:18.752-0400] {logging_mixin.py:188} INFO - [2025-04-02T17:00:18.752-0400] {example_python_operator.py:93} WARNING - The virtalenv_python example task requires virtualenv, please install it.
[2025-04-02T17:00:18.753-0400] {processor.py:840} INFO - DAG(s) 'example_python_operator' retrieved from /Users/prasenjeet.gadhe/Documents/05. Nokia_PoV/Parallel_Test/venv/lib/python3.9/site-packages/airflow/example_dags/example_python_operator.py
[2025-04-02T17:00:18.806-0400] {logging_mixin.py:188} INFO - [2025-04-02T17:00:18.806-0400] {dag.py:3096} INFO - Sync 1 DAGs
[2025-04-02T17:00:18.809-0400] {logging_mixin.py:188} INFO - [2025-04-02T17:00:18.809-0400] {dag.py:3954} INFO - Setting next_dagrun for example_python_operator to None, run_after=None
[2025-04-02T17:00:18.815-0400] {processor.py:183} INFO - Processing /Users/prasenjeet.gadhe/Documents/05. Nokia_PoV/Parallel_Test/venv/lib/python3.9/site-packages/airflow/example_dags/example_python_operator.py took 0.075 seconds
[2025-04-02T17:02:11.622-0400] {processor.py:161} INFO - Started process (PID=35381) to work on /Users/prasenjeet.gadhe/Documents/05. Nokia_PoV/Parallel_Test/venv/lib/python3.9/site-packages/airflow/example_dags/example_python_operator.py
[2025-04-02T17:02:11.623-0400] {processor.py:830} INFO - Processing file /Users/prasenjeet.gadhe/Documents/05. Nokia_PoV/Parallel_Test/venv/lib/python3.9/site-packages/airflow/example_dags/example_python_operator.py for tasks to queue
[2025-04-02T17:02:11.623-0400] {logging_mixin.py:188} INFO - [2025-04-02T17:02:11.623-0400] {dagbag.py:540} INFO - Filling up the DagBag from /Users/prasenjeet.gadhe/Documents/05. Nokia_PoV/Parallel_Test/venv/lib/python3.9/site-packages/airflow/example_dags/example_python_operator.py
[2025-04-02T17:02:11.632-0400] {logging_mixin.py:188} INFO - [2025-04-02T17:02:11.632-0400] {example_python_operator.py:93} WARNING - The virtalenv_python example task requires virtualenv, please install it.
[2025-04-02T17:02:11.634-0400] {processor.py:840} INFO - DAG(s) 'example_python_operator' retrieved from /Users/prasenjeet.gadhe/Documents/05. Nokia_PoV/Parallel_Test/venv/lib/python3.9/site-packages/airflow/example_dags/example_python_operator.py
[2025-04-02T17:02:11.688-0400] {logging_mixin.py:188} INFO - [2025-04-02T17:02:11.688-0400] {dag.py:3096} INFO - Sync 1 DAGs
[2025-04-02T17:02:11.692-0400] {logging_mixin.py:188} INFO - [2025-04-02T17:02:11.692-0400] {dag.py:3954} INFO - Setting next_dagrun for example_python_operator to None, run_after=None
[2025-04-02T17:02:11.698-0400] {processor.py:183} INFO - Processing /Users/prasenjeet.gadhe/Documents/05. Nokia_PoV/Parallel_Test/venv/lib/python3.9/site-packages/airflow/example_dags/example_python_operator.py took 0.077 seconds
[2025-04-02T17:04:03.555-0400] {processor.py:161} INFO - Started process (PID=49045) to work on /Users/prasenjeet.gadhe/Documents/05. Nokia_PoV/Parallel_Test/venv/lib/python3.9/site-packages/airflow/example_dags/example_python_operator.py
[2025-04-02T17:04:03.557-0400] {processor.py:830} INFO - Processing file /Users/prasenjeet.gadhe/Documents/05. Nokia_PoV/Parallel_Test/venv/lib/python3.9/site-packages/airflow/example_dags/example_python_operator.py for tasks to queue
[2025-04-02T17:04:03.557-0400] {logging_mixin.py:188} INFO - [2025-04-02T17:04:03.557-0400] {dagbag.py:540} INFO - Filling up the DagBag from /Users/prasenjeet.gadhe/Documents/05. Nokia_PoV/Parallel_Test/venv/lib/python3.9/site-packages/airflow/example_dags/example_python_operator.py
[2025-04-02T17:04:03.566-0400] {logging_mixin.py:188} INFO - [2025-04-02T17:04:03.566-0400] {example_python_operator.py:93} WARNING - The virtalenv_python example task requires virtualenv, please install it.
[2025-04-02T17:04:03.568-0400] {processor.py:840} INFO - DAG(s) 'example_python_operator' retrieved from /Users/prasenjeet.gadhe/Documents/05. Nokia_PoV/Parallel_Test/venv/lib/python3.9/site-packages/airflow/example_dags/example_python_operator.py
[2025-04-02T17:04:03.620-0400] {logging_mixin.py:188} INFO - [2025-04-02T17:04:03.620-0400] {dag.py:3096} INFO - Sync 1 DAGs
[2025-04-02T17:04:03.623-0400] {logging_mixin.py:188} INFO - [2025-04-02T17:04:03.623-0400] {dag.py:3954} INFO - Setting next_dagrun for example_python_operator to None, run_after=None
[2025-04-02T17:04:03.629-0400] {processor.py:183} INFO - Processing /Users/prasenjeet.gadhe/Documents/05. Nokia_PoV/Parallel_Test/venv/lib/python3.9/site-packages/airflow/example_dags/example_python_operator.py took 0.075 seconds
[2025-04-02T17:05:51.411-0400] {processor.py:161} INFO - Started process (PID=62319) to work on /Users/prasenjeet.gadhe/Documents/05. Nokia_PoV/Parallel_Test/venv/lib/python3.9/site-packages/airflow/example_dags/example_python_operator.py
[2025-04-02T17:05:51.413-0400] {processor.py:830} INFO - Processing file /Users/prasenjeet.gadhe/Documents/05. Nokia_PoV/Parallel_Test/venv/lib/python3.9/site-packages/airflow/example_dags/example_python_operator.py for tasks to queue
[2025-04-02T17:05:51.413-0400] {logging_mixin.py:188} INFO - [2025-04-02T17:05:51.413-0400] {dagbag.py:540} INFO - Filling up the DagBag from /Users/prasenjeet.gadhe/Documents/05. Nokia_PoV/Parallel_Test/venv/lib/python3.9/site-packages/airflow/example_dags/example_python_operator.py
[2025-04-02T17:05:51.423-0400] {logging_mixin.py:188} INFO - [2025-04-02T17:05:51.423-0400] {example_python_operator.py:93} WARNING - The virtalenv_python example task requires virtualenv, please install it.
[2025-04-02T17:05:51.424-0400] {processor.py:840} INFO - DAG(s) 'example_python_operator' retrieved from /Users/prasenjeet.gadhe/Documents/05. Nokia_PoV/Parallel_Test/venv/lib/python3.9/site-packages/airflow/example_dags/example_python_operator.py
[2025-04-02T17:05:51.483-0400] {logging_mixin.py:188} INFO - [2025-04-02T17:05:51.483-0400] {dag.py:3096} INFO - Sync 1 DAGs
[2025-04-02T17:05:51.487-0400] {logging_mixin.py:188} INFO - [2025-04-02T17:05:51.487-0400] {dag.py:3954} INFO - Setting next_dagrun for example_python_operator to None, run_after=None
[2025-04-02T17:05:51.495-0400] {processor.py:183} INFO - Processing /Users/prasenjeet.gadhe/Documents/05. Nokia_PoV/Parallel_Test/venv/lib/python3.9/site-packages/airflow/example_dags/example_python_operator.py took 0.084 seconds
[2025-04-02T17:07:45.553-0400] {processor.py:161} INFO - Started process (PID=76486) to work on /Users/prasenjeet.gadhe/Documents/05. Nokia_PoV/Parallel_Test/venv/lib/python3.9/site-packages/airflow/example_dags/example_python_operator.py
[2025-04-02T17:07:45.555-0400] {processor.py:830} INFO - Processing file /Users/prasenjeet.gadhe/Documents/05. Nokia_PoV/Parallel_Test/venv/lib/python3.9/site-packages/airflow/example_dags/example_python_operator.py for tasks to queue
[2025-04-02T17:07:45.555-0400] {logging_mixin.py:188} INFO - [2025-04-02T17:07:45.555-0400] {dagbag.py:540} INFO - Filling up the DagBag from /Users/prasenjeet.gadhe/Documents/05. Nokia_PoV/Parallel_Test/venv/lib/python3.9/site-packages/airflow/example_dags/example_python_operator.py
[2025-04-02T17:07:45.565-0400] {logging_mixin.py:188} INFO - [2025-04-02T17:07:45.565-0400] {example_python_operator.py:93} WARNING - The virtalenv_python example task requires virtualenv, please install it.
[2025-04-02T17:07:45.567-0400] {processor.py:840} INFO - DAG(s) 'example_python_operator' retrieved from /Users/prasenjeet.gadhe/Documents/05. Nokia_PoV/Parallel_Test/venv/lib/python3.9/site-packages/airflow/example_dags/example_python_operator.py
[2025-04-02T17:07:45.620-0400] {logging_mixin.py:188} INFO - [2025-04-02T17:07:45.620-0400] {dag.py:3096} INFO - Sync 1 DAGs
[2025-04-02T17:07:45.623-0400] {logging_mixin.py:188} INFO - [2025-04-02T17:07:45.623-0400] {dag.py:3954} INFO - Setting next_dagrun for example_python_operator to None, run_after=None
[2025-04-02T17:07:45.629-0400] {processor.py:183} INFO - Processing /Users/prasenjeet.gadhe/Documents/05. Nokia_PoV/Parallel_Test/venv/lib/python3.9/site-packages/airflow/example_dags/example_python_operator.py took 0.077 seconds
[2025-04-02T17:09:41.983-0400] {processor.py:161} INFO - Started process (PID=90809) to work on /Users/prasenjeet.gadhe/Documents/05. Nokia_PoV/Parallel_Test/venv/lib/python3.9/site-packages/airflow/example_dags/example_python_operator.py
[2025-04-02T17:09:41.985-0400] {processor.py:830} INFO - Processing file /Users/prasenjeet.gadhe/Documents/05. Nokia_PoV/Parallel_Test/venv/lib/python3.9/site-packages/airflow/example_dags/example_python_operator.py for tasks to queue
[2025-04-02T17:09:41.985-0400] {logging_mixin.py:188} INFO - [2025-04-02T17:09:41.985-0400] {dagbag.py:540} INFO - Filling up the DagBag from /Users/prasenjeet.gadhe/Documents/05. Nokia_PoV/Parallel_Test/venv/lib/python3.9/site-packages/airflow/example_dags/example_python_operator.py
[2025-04-02T17:09:41.994-0400] {logging_mixin.py:188} INFO - [2025-04-02T17:09:41.994-0400] {example_python_operator.py:93} WARNING - The virtalenv_python example task requires virtualenv, please install it.
[2025-04-02T17:09:41.995-0400] {processor.py:840} INFO - DAG(s) 'example_python_operator' retrieved from /Users/prasenjeet.gadhe/Documents/05. Nokia_PoV/Parallel_Test/venv/lib/python3.9/site-packages/airflow/example_dags/example_python_operator.py
[2025-04-02T17:09:42.049-0400] {logging_mixin.py:188} INFO - [2025-04-02T17:09:42.049-0400] {dag.py:3096} INFO - Sync 1 DAGs
[2025-04-02T17:09:42.052-0400] {logging_mixin.py:188} INFO - [2025-04-02T17:09:42.052-0400] {dag.py:3954} INFO - Setting next_dagrun for example_python_operator to None, run_after=None
[2025-04-02T17:09:42.058-0400] {processor.py:183} INFO - Processing /Users/prasenjeet.gadhe/Documents/05. Nokia_PoV/Parallel_Test/venv/lib/python3.9/site-packages/airflow/example_dags/example_python_operator.py took 0.076 seconds
[2025-04-02T17:11:31.029-0400] {processor.py:161} INFO - Started process (PID=4564) to work on /Users/prasenjeet.gadhe/Documents/05. Nokia_PoV/Parallel_Test/venv/lib/python3.9/site-packages/airflow/example_dags/example_python_operator.py
[2025-04-02T17:11:31.031-0400] {processor.py:830} INFO - Processing file /Users/prasenjeet.gadhe/Documents/05. Nokia_PoV/Parallel_Test/venv/lib/python3.9/site-packages/airflow/example_dags/example_python_operator.py for tasks to queue
[2025-04-02T17:11:31.031-0400] {logging_mixin.py:188} INFO - [2025-04-02T17:11:31.031-0400] {dagbag.py:540} INFO - Filling up the DagBag from /Users/prasenjeet.gadhe/Documents/05. Nokia_PoV/Parallel_Test/venv/lib/python3.9/site-packages/airflow/example_dags/example_python_operator.py
[2025-04-02T17:11:31.040-0400] {logging_mixin.py:188} INFO - [2025-04-02T17:11:31.040-0400] {example_python_operator.py:93} WARNING - The virtalenv_python example task requires virtualenv, please install it.
[2025-04-02T17:11:31.042-0400] {processor.py:840} INFO - DAG(s) 'example_python_operator' retrieved from /Users/prasenjeet.gadhe/Documents/05. Nokia_PoV/Parallel_Test/venv/lib/python3.9/site-packages/airflow/example_dags/example_python_operator.py
[2025-04-02T17:11:31.094-0400] {logging_mixin.py:188} INFO - [2025-04-02T17:11:31.094-0400] {dag.py:3096} INFO - Sync 1 DAGs
[2025-04-02T17:11:31.098-0400] {logging_mixin.py:188} INFO - [2025-04-02T17:11:31.098-0400] {dag.py:3954} INFO - Setting next_dagrun for example_python_operator to None, run_after=None
[2025-04-02T17:11:31.104-0400] {processor.py:183} INFO - Processing /Users/prasenjeet.gadhe/Documents/05. Nokia_PoV/Parallel_Test/venv/lib/python3.9/site-packages/airflow/example_dags/example_python_operator.py took 0.076 seconds
