[2025-04-02T16:39:34.510-0400] {processor.py:161} INFO - Started process (PID=66833) to work on /Users/prasenjeet.gadhe/Documents/05. Nokia_PoV/Parallel_Test/venv/lib/python3.9/site-packages/airflow/example_dags/example_sla_dag.py
[2025-04-02T16:39:34.511-0400] {processor.py:830} INFO - Processing file /Users/prasenjeet.gadhe/Documents/05. Nokia_PoV/Parallel_Test/venv/lib/python3.9/site-packages/airflow/example_dags/example_sla_dag.py for tasks to queue
[2025-04-02T16:39:34.511-0400] {logging_mixin.py:188} INFO - [2025-04-02T16:39:34.511-0400] {dagbag.py:540} INFO - Filling up the DagBag from /Users/prasenjeet.gadhe/Documents/05. Nokia_PoV/Parallel_Test/venv/lib/python3.9/site-packages/airflow/example_dags/example_sla_dag.py
[2025-04-02T16:39:34.526-0400] {processor.py:840} INFO - DAG(s) 'example_sla_dag' retrieved from /Users/prasenjeet.gadhe/Documents/05. Nokia_PoV/Parallel_Test/venv/lib/python3.9/site-packages/airflow/example_dags/example_sla_dag.py
[2025-04-02T16:39:34.613-0400] {logging_mixin.py:188} INFO - [2025-04-02T16:39:34.613-0400] {override.py:1829} INFO - Created Permission View: can delete on DAG:example_sla_dag
[2025-04-02T16:39:34.616-0400] {logging_mixin.py:188} INFO - [2025-04-02T16:39:34.616-0400] {override.py:1829} INFO - Created Permission View: can edit on DAG:example_sla_dag
[2025-04-02T16:39:34.617-0400] {logging_mixin.py:188} INFO - [2025-04-02T16:39:34.617-0400] {override.py:1829} INFO - Created Permission View: can read on DAG:example_sla_dag
[2025-04-02T16:39:34.617-0400] {logging_mixin.py:188} INFO - [2025-04-02T16:39:34.617-0400] {dag.py:3096} INFO - Sync 1 DAGs
[2025-04-02T16:39:34.620-0400] {logging_mixin.py:188} INFO - [2025-04-02T16:39:34.620-0400] {dag.py:3118} INFO - Creating ORM DAG for example_sla_dag
[2025-04-02T16:39:34.626-0400] {logging_mixin.py:188} INFO - [2025-04-02T16:39:34.625-0400] {dag.py:3954} INFO - Setting next_dagrun for example_sla_dag to 2025-04-02 20:36:00+00:00, run_after=2025-04-02 20:38:00+00:00
[2025-04-02T16:39:34.631-0400] {processor.py:183} INFO - Processing /Users/prasenjeet.gadhe/Documents/05. Nokia_PoV/Parallel_Test/venv/lib/python3.9/site-packages/airflow/example_dags/example_sla_dag.py took 0.122 seconds
[2025-04-02T16:41:00.535-0400] {processor.py:161} INFO - Started process (PID=77573) to work on /Users/prasenjeet.gadhe/Documents/05. Nokia_PoV/Parallel_Test/venv/lib/python3.9/site-packages/airflow/example_dags/example_sla_dag.py
[2025-04-02T16:41:00.537-0400] {processor.py:830} INFO - Processing file /Users/prasenjeet.gadhe/Documents/05. Nokia_PoV/Parallel_Test/venv/lib/python3.9/site-packages/airflow/example_dags/example_sla_dag.py for tasks to queue
[2025-04-02T16:41:00.537-0400] {logging_mixin.py:188} INFO - [2025-04-02T16:41:00.537-0400] {dagbag.py:540} INFO - Filling up the DagBag from /Users/prasenjeet.gadhe/Documents/05. Nokia_PoV/Parallel_Test/venv/lib/python3.9/site-packages/airflow/example_dags/example_sla_dag.py
[2025-04-02T16:41:00.552-0400] {processor.py:840} INFO - DAG(s) 'example_sla_dag' retrieved from /Users/prasenjeet.gadhe/Documents/05. Nokia_PoV/Parallel_Test/venv/lib/python3.9/site-packages/airflow/example_dags/example_sla_dag.py
[2025-04-02T16:41:00.605-0400] {logging_mixin.py:188} INFO - [2025-04-02T16:41:00.605-0400] {dag.py:3096} INFO - Sync 1 DAGs
[2025-04-02T16:41:00.614-0400] {logging_mixin.py:188} INFO - [2025-04-02T16:41:00.614-0400] {dag.py:3954} INFO - Setting next_dagrun for example_sla_dag to 2025-04-02 20:38:00+00:00, run_after=2025-04-02 20:40:00+00:00
[2025-04-02T16:41:00.620-0400] {processor.py:183} INFO - Processing /Users/prasenjeet.gadhe/Documents/05. Nokia_PoV/Parallel_Test/venv/lib/python3.9/site-packages/airflow/example_dags/example_sla_dag.py took 0.087 seconds
[2025-04-02T16:42:59.107-0400] {processor.py:161} INFO - Started process (PID=92259) to work on /Users/prasenjeet.gadhe/Documents/05. Nokia_PoV/Parallel_Test/venv/lib/python3.9/site-packages/airflow/example_dags/example_sla_dag.py
[2025-04-02T16:42:59.109-0400] {processor.py:830} INFO - Processing file /Users/prasenjeet.gadhe/Documents/05. Nokia_PoV/Parallel_Test/venv/lib/python3.9/site-packages/airflow/example_dags/example_sla_dag.py for tasks to queue
[2025-04-02T16:42:59.109-0400] {logging_mixin.py:188} INFO - [2025-04-02T16:42:59.109-0400] {dagbag.py:540} INFO - Filling up the DagBag from /Users/prasenjeet.gadhe/Documents/05. Nokia_PoV/Parallel_Test/venv/lib/python3.9/site-packages/airflow/example_dags/example_sla_dag.py
[2025-04-02T16:42:59.124-0400] {processor.py:840} INFO - DAG(s) 'example_sla_dag' retrieved from /Users/prasenjeet.gadhe/Documents/05. Nokia_PoV/Parallel_Test/venv/lib/python3.9/site-packages/airflow/example_dags/example_sla_dag.py
[2025-04-02T16:42:59.178-0400] {logging_mixin.py:188} INFO - [2025-04-02T16:42:59.178-0400] {dag.py:3096} INFO - Sync 1 DAGs
[2025-04-02T16:42:59.187-0400] {logging_mixin.py:188} INFO - [2025-04-02T16:42:59.187-0400] {dag.py:3954} INFO - Setting next_dagrun for example_sla_dag to 2025-04-02 20:40:00+00:00, run_after=2025-04-02 20:42:00+00:00
[2025-04-02T16:42:59.193-0400] {processor.py:183} INFO - Processing /Users/prasenjeet.gadhe/Documents/05. Nokia_PoV/Parallel_Test/venv/lib/python3.9/site-packages/airflow/example_dags/example_sla_dag.py took 0.086 seconds
[2025-04-02T16:45:55.524-0400] {processor.py:161} INFO - Started process (PID=14490) to work on /Users/prasenjeet.gadhe/Documents/05. Nokia_PoV/Parallel_Test/venv/lib/python3.9/site-packages/airflow/example_dags/example_sla_dag.py
[2025-04-02T16:45:55.525-0400] {processor.py:830} INFO - Processing file /Users/prasenjeet.gadhe/Documents/05. Nokia_PoV/Parallel_Test/venv/lib/python3.9/site-packages/airflow/example_dags/example_sla_dag.py for tasks to queue
[2025-04-02T16:45:55.526-0400] {logging_mixin.py:188} INFO - [2025-04-02T16:45:55.526-0400] {dagbag.py:540} INFO - Filling up the DagBag from /Users/prasenjeet.gadhe/Documents/05. Nokia_PoV/Parallel_Test/venv/lib/python3.9/site-packages/airflow/example_dags/example_sla_dag.py
[2025-04-02T16:45:55.541-0400] {processor.py:840} INFO - DAG(s) 'example_sla_dag' retrieved from /Users/prasenjeet.gadhe/Documents/05. Nokia_PoV/Parallel_Test/venv/lib/python3.9/site-packages/airflow/example_dags/example_sla_dag.py
[2025-04-02T16:45:55.598-0400] {logging_mixin.py:188} INFO - [2025-04-02T16:45:55.598-0400] {dag.py:3096} INFO - Sync 1 DAGs
[2025-04-02T16:45:55.606-0400] {logging_mixin.py:188} INFO - [2025-04-02T16:45:55.606-0400] {dag.py:3954} INFO - Setting next_dagrun for example_sla_dag to 2025-04-02 20:42:00+00:00, run_after=2025-04-02 20:44:00+00:00
[2025-04-02T16:45:55.612-0400] {processor.py:183} INFO - Processing /Users/prasenjeet.gadhe/Documents/05. Nokia_PoV/Parallel_Test/venv/lib/python3.9/site-packages/airflow/example_dags/example_sla_dag.py took 0.089 seconds
[2025-04-02T16:47:23.677-0400] {processor.py:161} INFO - Started process (PID=25412) to work on /Users/prasenjeet.gadhe/Documents/05. Nokia_PoV/Parallel_Test/venv/lib/python3.9/site-packages/airflow/example_dags/example_sla_dag.py
[2025-04-02T16:47:23.678-0400] {processor.py:830} INFO - Processing file /Users/prasenjeet.gadhe/Documents/05. Nokia_PoV/Parallel_Test/venv/lib/python3.9/site-packages/airflow/example_dags/example_sla_dag.py for tasks to queue
[2025-04-02T16:47:23.679-0400] {logging_mixin.py:188} INFO - [2025-04-02T16:47:23.679-0400] {dagbag.py:540} INFO - Filling up the DagBag from /Users/prasenjeet.gadhe/Documents/05. Nokia_PoV/Parallel_Test/venv/lib/python3.9/site-packages/airflow/example_dags/example_sla_dag.py
[2025-04-02T16:47:23.692-0400] {processor.py:840} INFO - DAG(s) 'example_sla_dag' retrieved from /Users/prasenjeet.gadhe/Documents/05. Nokia_PoV/Parallel_Test/venv/lib/python3.9/site-packages/airflow/example_dags/example_sla_dag.py
[2025-04-02T16:47:23.744-0400] {logging_mixin.py:188} INFO - [2025-04-02T16:47:23.744-0400] {dag.py:3096} INFO - Sync 1 DAGs
[2025-04-02T16:47:23.753-0400] {logging_mixin.py:188} INFO - [2025-04-02T16:47:23.753-0400] {dag.py:3954} INFO - Setting next_dagrun for example_sla_dag to 2025-04-02 20:44:00+00:00, run_after=2025-04-02 20:46:00+00:00
[2025-04-02T16:47:23.759-0400] {processor.py:183} INFO - Processing /Users/prasenjeet.gadhe/Documents/05. Nokia_PoV/Parallel_Test/venv/lib/python3.9/site-packages/airflow/example_dags/example_sla_dag.py took 0.083 seconds
[2025-04-02T16:49:15.442-0400] {processor.py:161} INFO - Started process (PID=39271) to work on /Users/prasenjeet.gadhe/Documents/05. Nokia_PoV/Parallel_Test/venv/lib/python3.9/site-packages/airflow/example_dags/example_sla_dag.py
[2025-04-02T16:49:15.443-0400] {processor.py:830} INFO - Processing file /Users/prasenjeet.gadhe/Documents/05. Nokia_PoV/Parallel_Test/venv/lib/python3.9/site-packages/airflow/example_dags/example_sla_dag.py for tasks to queue
[2025-04-02T16:49:15.443-0400] {logging_mixin.py:188} INFO - [2025-04-02T16:49:15.443-0400] {dagbag.py:540} INFO - Filling up the DagBag from /Users/prasenjeet.gadhe/Documents/05. Nokia_PoV/Parallel_Test/venv/lib/python3.9/site-packages/airflow/example_dags/example_sla_dag.py
[2025-04-02T16:49:15.459-0400] {processor.py:840} INFO - DAG(s) 'example_sla_dag' retrieved from /Users/prasenjeet.gadhe/Documents/05. Nokia_PoV/Parallel_Test/venv/lib/python3.9/site-packages/airflow/example_dags/example_sla_dag.py
[2025-04-02T16:49:15.514-0400] {logging_mixin.py:188} INFO - [2025-04-02T16:49:15.514-0400] {dag.py:3096} INFO - Sync 1 DAGs
[2025-04-02T16:49:15.523-0400] {logging_mixin.py:188} INFO - [2025-04-02T16:49:15.523-0400] {dag.py:3954} INFO - Setting next_dagrun for example_sla_dag to 2025-04-02 20:46:00+00:00, run_after=2025-04-02 20:48:00+00:00
[2025-04-02T16:49:15.530-0400] {processor.py:183} INFO - Processing /Users/prasenjeet.gadhe/Documents/05. Nokia_PoV/Parallel_Test/venv/lib/python3.9/site-packages/airflow/example_dags/example_sla_dag.py took 0.089 seconds
[2025-04-02T16:51:06.469-0400] {processor.py:161} INFO - Started process (PID=53007) to work on /Users/prasenjeet.gadhe/Documents/05. Nokia_PoV/Parallel_Test/venv/lib/python3.9/site-packages/airflow/example_dags/example_sla_dag.py
[2025-04-02T16:51:06.472-0400] {processor.py:830} INFO - Processing file /Users/prasenjeet.gadhe/Documents/05. Nokia_PoV/Parallel_Test/venv/lib/python3.9/site-packages/airflow/example_dags/example_sla_dag.py for tasks to queue
[2025-04-02T16:51:06.472-0400] {logging_mixin.py:188} INFO - [2025-04-02T16:51:06.472-0400] {dagbag.py:540} INFO - Filling up the DagBag from /Users/prasenjeet.gadhe/Documents/05. Nokia_PoV/Parallel_Test/venv/lib/python3.9/site-packages/airflow/example_dags/example_sla_dag.py
[2025-04-02T16:51:06.486-0400] {processor.py:840} INFO - DAG(s) 'example_sla_dag' retrieved from /Users/prasenjeet.gadhe/Documents/05. Nokia_PoV/Parallel_Test/venv/lib/python3.9/site-packages/airflow/example_dags/example_sla_dag.py
[2025-04-02T16:51:06.541-0400] {logging_mixin.py:188} INFO - [2025-04-02T16:51:06.541-0400] {dag.py:3096} INFO - Sync 1 DAGs
[2025-04-02T16:51:06.550-0400] {logging_mixin.py:188} INFO - [2025-04-02T16:51:06.550-0400] {dag.py:3954} INFO - Setting next_dagrun for example_sla_dag to 2025-04-02 20:48:00+00:00, run_after=2025-04-02 20:50:00+00:00
[2025-04-02T16:51:06.555-0400] {processor.py:183} INFO - Processing /Users/prasenjeet.gadhe/Documents/05. Nokia_PoV/Parallel_Test/venv/lib/python3.9/site-packages/airflow/example_dags/example_sla_dag.py took 0.087 seconds
[2025-04-02T16:52:35.914-0400] {processor.py:161} INFO - Started process (PID=64079) to work on /Users/prasenjeet.gadhe/Documents/05. Nokia_PoV/Parallel_Test/venv/lib/python3.9/site-packages/airflow/example_dags/example_sla_dag.py
[2025-04-02T16:52:35.916-0400] {processor.py:830} INFO - Processing file /Users/prasenjeet.gadhe/Documents/05. Nokia_PoV/Parallel_Test/venv/lib/python3.9/site-packages/airflow/example_dags/example_sla_dag.py for tasks to queue
[2025-04-02T16:52:35.916-0400] {logging_mixin.py:188} INFO - [2025-04-02T16:52:35.916-0400] {dagbag.py:540} INFO - Filling up the DagBag from /Users/prasenjeet.gadhe/Documents/05. Nokia_PoV/Parallel_Test/venv/lib/python3.9/site-packages/airflow/example_dags/example_sla_dag.py
[2025-04-02T16:52:35.930-0400] {processor.py:840} INFO - DAG(s) 'example_sla_dag' retrieved from /Users/prasenjeet.gadhe/Documents/05. Nokia_PoV/Parallel_Test/venv/lib/python3.9/site-packages/airflow/example_dags/example_sla_dag.py
[2025-04-02T16:52:35.988-0400] {logging_mixin.py:188} INFO - [2025-04-02T16:52:35.988-0400] {dag.py:3096} INFO - Sync 1 DAGs
[2025-04-02T16:52:35.997-0400] {logging_mixin.py:188} INFO - [2025-04-02T16:52:35.997-0400] {dag.py:3954} INFO - Setting next_dagrun for example_sla_dag to 2025-04-02 20:50:00+00:00, run_after=2025-04-02 20:52:00+00:00
[2025-04-02T16:52:36.003-0400] {processor.py:183} INFO - Processing /Users/prasenjeet.gadhe/Documents/05. Nokia_PoV/Parallel_Test/venv/lib/python3.9/site-packages/airflow/example_dags/example_sla_dag.py took 0.090 seconds
[2025-04-02T16:54:23.595-0400] {processor.py:161} INFO - Started process (PID=77381) to work on /Users/prasenjeet.gadhe/Documents/05. Nokia_PoV/Parallel_Test/venv/lib/python3.9/site-packages/airflow/example_dags/example_sla_dag.py
[2025-04-02T16:54:23.596-0400] {processor.py:830} INFO - Processing file /Users/prasenjeet.gadhe/Documents/05. Nokia_PoV/Parallel_Test/venv/lib/python3.9/site-packages/airflow/example_dags/example_sla_dag.py for tasks to queue
[2025-04-02T16:54:23.597-0400] {logging_mixin.py:188} INFO - [2025-04-02T16:54:23.597-0400] {dagbag.py:540} INFO - Filling up the DagBag from /Users/prasenjeet.gadhe/Documents/05. Nokia_PoV/Parallel_Test/venv/lib/python3.9/site-packages/airflow/example_dags/example_sla_dag.py
[2025-04-02T16:54:23.611-0400] {processor.py:840} INFO - DAG(s) 'example_sla_dag' retrieved from /Users/prasenjeet.gadhe/Documents/05. Nokia_PoV/Parallel_Test/venv/lib/python3.9/site-packages/airflow/example_dags/example_sla_dag.py
[2025-04-02T16:54:23.663-0400] {logging_mixin.py:188} INFO - [2025-04-02T16:54:23.663-0400] {dag.py:3096} INFO - Sync 1 DAGs
[2025-04-02T16:54:23.672-0400] {logging_mixin.py:188} INFO - [2025-04-02T16:54:23.672-0400] {dag.py:3954} INFO - Setting next_dagrun for example_sla_dag to 2025-04-02 20:52:00+00:00, run_after=2025-04-02 20:54:00+00:00
[2025-04-02T16:54:23.678-0400] {processor.py:183} INFO - Processing /Users/prasenjeet.gadhe/Documents/05. Nokia_PoV/Parallel_Test/venv/lib/python3.9/site-packages/airflow/example_dags/example_sla_dag.py took 0.084 seconds
[2025-04-02T16:56:20.841-0400] {processor.py:161} INFO - Started process (PID=91960) to work on /Users/prasenjeet.gadhe/Documents/05. Nokia_PoV/Parallel_Test/venv/lib/python3.9/site-packages/airflow/example_dags/example_sla_dag.py
[2025-04-02T16:56:20.842-0400] {processor.py:830} INFO - Processing file /Users/prasenjeet.gadhe/Documents/05. Nokia_PoV/Parallel_Test/venv/lib/python3.9/site-packages/airflow/example_dags/example_sla_dag.py for tasks to queue
[2025-04-02T16:56:20.842-0400] {logging_mixin.py:188} INFO - [2025-04-02T16:56:20.842-0400] {dagbag.py:540} INFO - Filling up the DagBag from /Users/prasenjeet.gadhe/Documents/05. Nokia_PoV/Parallel_Test/venv/lib/python3.9/site-packages/airflow/example_dags/example_sla_dag.py
[2025-04-02T16:56:20.857-0400] {processor.py:840} INFO - DAG(s) 'example_sla_dag' retrieved from /Users/prasenjeet.gadhe/Documents/05. Nokia_PoV/Parallel_Test/venv/lib/python3.9/site-packages/airflow/example_dags/example_sla_dag.py
[2025-04-02T16:56:20.909-0400] {logging_mixin.py:188} INFO - [2025-04-02T16:56:20.909-0400] {dag.py:3096} INFO - Sync 1 DAGs
[2025-04-02T16:56:20.918-0400] {logging_mixin.py:188} INFO - [2025-04-02T16:56:20.918-0400] {dag.py:3954} INFO - Setting next_dagrun for example_sla_dag to 2025-04-02 20:54:00+00:00, run_after=2025-04-02 20:56:00+00:00
[2025-04-02T16:56:20.924-0400] {processor.py:183} INFO - Processing /Users/prasenjeet.gadhe/Documents/05. Nokia_PoV/Parallel_Test/venv/lib/python3.9/site-packages/airflow/example_dags/example_sla_dag.py took 0.084 seconds
[2025-04-02T16:58:13.323-0400] {processor.py:161} INFO - Started process (PID=6057) to work on /Users/prasenjeet.gadhe/Documents/05. Nokia_PoV/Parallel_Test/venv/lib/python3.9/site-packages/airflow/example_dags/example_sla_dag.py
[2025-04-02T16:58:13.324-0400] {processor.py:830} INFO - Processing file /Users/prasenjeet.gadhe/Documents/05. Nokia_PoV/Parallel_Test/venv/lib/python3.9/site-packages/airflow/example_dags/example_sla_dag.py for tasks to queue
[2025-04-02T16:58:13.325-0400] {logging_mixin.py:188} INFO - [2025-04-02T16:58:13.325-0400] {dagbag.py:540} INFO - Filling up the DagBag from /Users/prasenjeet.gadhe/Documents/05. Nokia_PoV/Parallel_Test/venv/lib/python3.9/site-packages/airflow/example_dags/example_sla_dag.py
[2025-04-02T16:58:13.341-0400] {processor.py:840} INFO - DAG(s) 'example_sla_dag' retrieved from /Users/prasenjeet.gadhe/Documents/05. Nokia_PoV/Parallel_Test/venv/lib/python3.9/site-packages/airflow/example_dags/example_sla_dag.py
[2025-04-02T16:58:13.401-0400] {logging_mixin.py:188} INFO - [2025-04-02T16:58:13.400-0400] {dag.py:3096} INFO - Sync 1 DAGs
[2025-04-02T16:58:13.410-0400] {logging_mixin.py:188} INFO - [2025-04-02T16:58:13.410-0400] {dag.py:3954} INFO - Setting next_dagrun for example_sla_dag to 2025-04-02 20:56:00+00:00, run_after=2025-04-02 20:58:00+00:00
[2025-04-02T16:58:13.417-0400] {processor.py:183} INFO - Processing /Users/prasenjeet.gadhe/Documents/05. Nokia_PoV/Parallel_Test/venv/lib/python3.9/site-packages/airflow/example_dags/example_sla_dag.py took 0.096 seconds
[2025-04-02T17:00:04.823-0400] {processor.py:161} INFO - Started process (PID=19771) to work on /Users/prasenjeet.gadhe/Documents/05. Nokia_PoV/Parallel_Test/venv/lib/python3.9/site-packages/airflow/example_dags/example_sla_dag.py
[2025-04-02T17:00:04.824-0400] {processor.py:830} INFO - Processing file /Users/prasenjeet.gadhe/Documents/05. Nokia_PoV/Parallel_Test/venv/lib/python3.9/site-packages/airflow/example_dags/example_sla_dag.py for tasks to queue
[2025-04-02T17:00:04.824-0400] {logging_mixin.py:188} INFO - [2025-04-02T17:00:04.824-0400] {dagbag.py:540} INFO - Filling up the DagBag from /Users/prasenjeet.gadhe/Documents/05. Nokia_PoV/Parallel_Test/venv/lib/python3.9/site-packages/airflow/example_dags/example_sla_dag.py
[2025-04-02T17:00:04.840-0400] {processor.py:840} INFO - DAG(s) 'example_sla_dag' retrieved from /Users/prasenjeet.gadhe/Documents/05. Nokia_PoV/Parallel_Test/venv/lib/python3.9/site-packages/airflow/example_dags/example_sla_dag.py
[2025-04-02T17:00:04.892-0400] {logging_mixin.py:188} INFO - [2025-04-02T17:00:04.891-0400] {dag.py:3096} INFO - Sync 1 DAGs
[2025-04-02T17:00:04.901-0400] {logging_mixin.py:188} INFO - [2025-04-02T17:00:04.900-0400] {dag.py:3954} INFO - Setting next_dagrun for example_sla_dag to 2025-04-02 20:58:00+00:00, run_after=2025-04-02 21:00:00+00:00
[2025-04-02T17:00:04.906-0400] {processor.py:183} INFO - Processing /Users/prasenjeet.gadhe/Documents/05. Nokia_PoV/Parallel_Test/venv/lib/python3.9/site-packages/airflow/example_dags/example_sla_dag.py took 0.085 seconds
[2025-04-02T17:01:57.524-0400] {processor.py:161} INFO - Started process (PID=33612) to work on /Users/prasenjeet.gadhe/Documents/05. Nokia_PoV/Parallel_Test/venv/lib/python3.9/site-packages/airflow/example_dags/example_sla_dag.py
[2025-04-02T17:01:57.525-0400] {processor.py:830} INFO - Processing file /Users/prasenjeet.gadhe/Documents/05. Nokia_PoV/Parallel_Test/venv/lib/python3.9/site-packages/airflow/example_dags/example_sla_dag.py for tasks to queue
[2025-04-02T17:01:57.526-0400] {logging_mixin.py:188} INFO - [2025-04-02T17:01:57.526-0400] {dagbag.py:540} INFO - Filling up the DagBag from /Users/prasenjeet.gadhe/Documents/05. Nokia_PoV/Parallel_Test/venv/lib/python3.9/site-packages/airflow/example_dags/example_sla_dag.py
[2025-04-02T17:01:57.542-0400] {processor.py:840} INFO - DAG(s) 'example_sla_dag' retrieved from /Users/prasenjeet.gadhe/Documents/05. Nokia_PoV/Parallel_Test/venv/lib/python3.9/site-packages/airflow/example_dags/example_sla_dag.py
[2025-04-02T17:01:57.612-0400] {logging_mixin.py:188} INFO - [2025-04-02T17:01:57.611-0400] {dag.py:3096} INFO - Sync 1 DAGs
[2025-04-02T17:01:57.622-0400] {logging_mixin.py:188} INFO - [2025-04-02T17:01:57.622-0400] {dag.py:3954} INFO - Setting next_dagrun for example_sla_dag to 2025-04-02 20:58:00+00:00, run_after=2025-04-02 21:00:00+00:00
[2025-04-02T17:01:57.629-0400] {processor.py:183} INFO - Processing /Users/prasenjeet.gadhe/Documents/05. Nokia_PoV/Parallel_Test/venv/lib/python3.9/site-packages/airflow/example_dags/example_sla_dag.py took 0.106 seconds
[2025-04-02T17:03:49.449-0400] {processor.py:161} INFO - Started process (PID=47359) to work on /Users/prasenjeet.gadhe/Documents/05. Nokia_PoV/Parallel_Test/venv/lib/python3.9/site-packages/airflow/example_dags/example_sla_dag.py
[2025-04-02T17:03:49.450-0400] {processor.py:830} INFO - Processing file /Users/prasenjeet.gadhe/Documents/05. Nokia_PoV/Parallel_Test/venv/lib/python3.9/site-packages/airflow/example_dags/example_sla_dag.py for tasks to queue
[2025-04-02T17:03:49.451-0400] {logging_mixin.py:188} INFO - [2025-04-02T17:03:49.451-0400] {dagbag.py:540} INFO - Filling up the DagBag from /Users/prasenjeet.gadhe/Documents/05. Nokia_PoV/Parallel_Test/venv/lib/python3.9/site-packages/airflow/example_dags/example_sla_dag.py
[2025-04-02T17:03:49.465-0400] {processor.py:840} INFO - DAG(s) 'example_sla_dag' retrieved from /Users/prasenjeet.gadhe/Documents/05. Nokia_PoV/Parallel_Test/venv/lib/python3.9/site-packages/airflow/example_dags/example_sla_dag.py
[2025-04-02T17:03:49.519-0400] {logging_mixin.py:188} INFO - [2025-04-02T17:03:49.519-0400] {dag.py:3096} INFO - Sync 1 DAGs
[2025-04-02T17:03:49.528-0400] {logging_mixin.py:188} INFO - [2025-04-02T17:03:49.527-0400] {dag.py:3954} INFO - Setting next_dagrun for example_sla_dag to 2025-04-02 21:00:00+00:00, run_after=2025-04-02 21:02:00+00:00
[2025-04-02T17:03:49.533-0400] {processor.py:183} INFO - Processing /Users/prasenjeet.gadhe/Documents/05. Nokia_PoV/Parallel_Test/venv/lib/python3.9/site-packages/airflow/example_dags/example_sla_dag.py took 0.085 seconds
[2025-04-02T17:05:38.620-0400] {processor.py:161} INFO - Started process (PID=60745) to work on /Users/prasenjeet.gadhe/Documents/05. Nokia_PoV/Parallel_Test/venv/lib/python3.9/site-packages/airflow/example_dags/example_sla_dag.py
[2025-04-02T17:05:38.622-0400] {processor.py:830} INFO - Processing file /Users/prasenjeet.gadhe/Documents/05. Nokia_PoV/Parallel_Test/venv/lib/python3.9/site-packages/airflow/example_dags/example_sla_dag.py for tasks to queue
[2025-04-02T17:05:38.622-0400] {logging_mixin.py:188} INFO - [2025-04-02T17:05:38.622-0400] {dagbag.py:540} INFO - Filling up the DagBag from /Users/prasenjeet.gadhe/Documents/05. Nokia_PoV/Parallel_Test/venv/lib/python3.9/site-packages/airflow/example_dags/example_sla_dag.py
[2025-04-02T17:05:38.636-0400] {processor.py:840} INFO - DAG(s) 'example_sla_dag' retrieved from /Users/prasenjeet.gadhe/Documents/05. Nokia_PoV/Parallel_Test/venv/lib/python3.9/site-packages/airflow/example_dags/example_sla_dag.py
[2025-04-02T17:05:38.688-0400] {logging_mixin.py:188} INFO - [2025-04-02T17:05:38.688-0400] {dag.py:3096} INFO - Sync 1 DAGs
[2025-04-02T17:05:38.697-0400] {logging_mixin.py:188} INFO - [2025-04-02T17:05:38.697-0400] {dag.py:3954} INFO - Setting next_dagrun for example_sla_dag to 2025-04-02 21:02:00+00:00, run_after=2025-04-02 21:04:00+00:00
[2025-04-02T17:05:38.703-0400] {processor.py:183} INFO - Processing /Users/prasenjeet.gadhe/Documents/05. Nokia_PoV/Parallel_Test/venv/lib/python3.9/site-packages/airflow/example_dags/example_sla_dag.py took 0.084 seconds
[2025-04-02T17:07:32.801-0400] {processor.py:161} INFO - Started process (PID=74828) to work on /Users/prasenjeet.gadhe/Documents/05. Nokia_PoV/Parallel_Test/venv/lib/python3.9/site-packages/airflow/example_dags/example_sla_dag.py
[2025-04-02T17:07:32.803-0400] {processor.py:830} INFO - Processing file /Users/prasenjeet.gadhe/Documents/05. Nokia_PoV/Parallel_Test/venv/lib/python3.9/site-packages/airflow/example_dags/example_sla_dag.py for tasks to queue
[2025-04-02T17:07:32.803-0400] {logging_mixin.py:188} INFO - [2025-04-02T17:07:32.803-0400] {dagbag.py:540} INFO - Filling up the DagBag from /Users/prasenjeet.gadhe/Documents/05. Nokia_PoV/Parallel_Test/venv/lib/python3.9/site-packages/airflow/example_dags/example_sla_dag.py
[2025-04-02T17:07:32.819-0400] {processor.py:840} INFO - DAG(s) 'example_sla_dag' retrieved from /Users/prasenjeet.gadhe/Documents/05. Nokia_PoV/Parallel_Test/venv/lib/python3.9/site-packages/airflow/example_dags/example_sla_dag.py
[2025-04-02T17:07:32.879-0400] {logging_mixin.py:188} INFO - [2025-04-02T17:07:32.879-0400] {dag.py:3096} INFO - Sync 1 DAGs
[2025-04-02T17:07:32.888-0400] {logging_mixin.py:188} INFO - [2025-04-02T17:07:32.888-0400] {dag.py:3954} INFO - Setting next_dagrun for example_sla_dag to 2025-04-02 21:04:00+00:00, run_after=2025-04-02 21:06:00+00:00
[2025-04-02T17:07:32.894-0400] {processor.py:183} INFO - Processing /Users/prasenjeet.gadhe/Documents/05. Nokia_PoV/Parallel_Test/venv/lib/python3.9/site-packages/airflow/example_dags/example_sla_dag.py took 0.094 seconds
[2025-04-02T17:09:28.879-0400] {processor.py:161} INFO - Started process (PID=89167) to work on /Users/prasenjeet.gadhe/Documents/05. Nokia_PoV/Parallel_Test/venv/lib/python3.9/site-packages/airflow/example_dags/example_sla_dag.py
[2025-04-02T17:09:28.881-0400] {processor.py:830} INFO - Processing file /Users/prasenjeet.gadhe/Documents/05. Nokia_PoV/Parallel_Test/venv/lib/python3.9/site-packages/airflow/example_dags/example_sla_dag.py for tasks to queue
[2025-04-02T17:09:28.881-0400] {logging_mixin.py:188} INFO - [2025-04-02T17:09:28.881-0400] {dagbag.py:540} INFO - Filling up the DagBag from /Users/prasenjeet.gadhe/Documents/05. Nokia_PoV/Parallel_Test/venv/lib/python3.9/site-packages/airflow/example_dags/example_sla_dag.py
[2025-04-02T17:09:28.901-0400] {processor.py:840} INFO - DAG(s) 'example_sla_dag' retrieved from /Users/prasenjeet.gadhe/Documents/05. Nokia_PoV/Parallel_Test/venv/lib/python3.9/site-packages/airflow/example_dags/example_sla_dag.py
[2025-04-02T17:09:28.967-0400] {logging_mixin.py:188} INFO - [2025-04-02T17:09:28.967-0400] {dag.py:3096} INFO - Sync 1 DAGs
[2025-04-02T17:09:28.976-0400] {logging_mixin.py:188} INFO - [2025-04-02T17:09:28.976-0400] {dag.py:3954} INFO - Setting next_dagrun for example_sla_dag to 2025-04-02 21:06:00+00:00, run_after=2025-04-02 21:08:00+00:00
[2025-04-02T17:09:28.984-0400] {processor.py:183} INFO - Processing /Users/prasenjeet.gadhe/Documents/05. Nokia_PoV/Parallel_Test/venv/lib/python3.9/site-packages/airflow/example_dags/example_sla_dag.py took 0.106 seconds
[2025-04-02T17:11:17.085-0400] {processor.py:161} INFO - Started process (PID=2851) to work on /Users/prasenjeet.gadhe/Documents/05. Nokia_PoV/Parallel_Test/venv/lib/python3.9/site-packages/airflow/example_dags/example_sla_dag.py
[2025-04-02T17:11:17.087-0400] {processor.py:830} INFO - Processing file /Users/prasenjeet.gadhe/Documents/05. Nokia_PoV/Parallel_Test/venv/lib/python3.9/site-packages/airflow/example_dags/example_sla_dag.py for tasks to queue
[2025-04-02T17:11:17.087-0400] {logging_mixin.py:188} INFO - [2025-04-02T17:11:17.087-0400] {dagbag.py:540} INFO - Filling up the DagBag from /Users/prasenjeet.gadhe/Documents/05. Nokia_PoV/Parallel_Test/venv/lib/python3.9/site-packages/airflow/example_dags/example_sla_dag.py
[2025-04-02T17:11:17.102-0400] {processor.py:840} INFO - DAG(s) 'example_sla_dag' retrieved from /Users/prasenjeet.gadhe/Documents/05. Nokia_PoV/Parallel_Test/venv/lib/python3.9/site-packages/airflow/example_dags/example_sla_dag.py
[2025-04-02T17:11:17.156-0400] {logging_mixin.py:188} INFO - [2025-04-02T17:11:17.156-0400] {dag.py:3096} INFO - Sync 1 DAGs
[2025-04-02T17:11:17.164-0400] {logging_mixin.py:188} INFO - [2025-04-02T17:11:17.164-0400] {dag.py:3954} INFO - Setting next_dagrun for example_sla_dag to 2025-04-02 21:08:00+00:00, run_after=2025-04-02 21:10:00+00:00
[2025-04-02T17:11:17.170-0400] {processor.py:183} INFO - Processing /Users/prasenjeet.gadhe/Documents/05. Nokia_PoV/Parallel_Test/venv/lib/python3.9/site-packages/airflow/example_dags/example_sla_dag.py took 0.086 seconds
[2025-04-02T17:26:17.177-0400] {processor.py:161} INFO - Started process (PID=15009) to work on /Users/prasenjeet.gadhe/Documents/05. Nokia_PoV/Parallel_Test/venv/lib/python3.9/site-packages/airflow/example_dags/example_sla_dag.py
[2025-04-02T17:26:17.180-0400] {processor.py:830} INFO - Processing file /Users/prasenjeet.gadhe/Documents/05. Nokia_PoV/Parallel_Test/venv/lib/python3.9/site-packages/airflow/example_dags/example_sla_dag.py for tasks to queue
[2025-04-02T17:26:17.180-0400] {logging_mixin.py:188} INFO - [2025-04-02T17:26:17.180-0400] {dagbag.py:540} INFO - Filling up the DagBag from /Users/prasenjeet.gadhe/Documents/05. Nokia_PoV/Parallel_Test/venv/lib/python3.9/site-packages/airflow/example_dags/example_sla_dag.py
[2025-04-02T17:26:17.205-0400] {processor.py:840} INFO - DAG(s) 'example_sla_dag' retrieved from /Users/prasenjeet.gadhe/Documents/05. Nokia_PoV/Parallel_Test/venv/lib/python3.9/site-packages/airflow/example_dags/example_sla_dag.py
[2025-04-02T17:26:17.305-0400] {logging_mixin.py:188} INFO - [2025-04-02T17:26:17.305-0400] {dag.py:3096} INFO - Sync 1 DAGs
[2025-04-02T17:26:17.314-0400] {logging_mixin.py:188} INFO - [2025-04-02T17:26:17.314-0400] {dag.py:3954} INFO - Setting next_dagrun for example_sla_dag to 2025-04-02 21:24:00+00:00, run_after=2025-04-02 21:26:00+00:00
[2025-04-02T17:26:17.322-0400] {processor.py:183} INFO - Processing /Users/prasenjeet.gadhe/Documents/05. Nokia_PoV/Parallel_Test/venv/lib/python3.9/site-packages/airflow/example_dags/example_sla_dag.py took 0.146 seconds
