[2025-04-02T16:39:36.336-0400] {processor.py:161} INFO - Started process (PID=66969) to work on /Users/prasenjeet.gadhe/Documents/05. Nokia_PoV/Parallel_Test/venv/lib/python3.9/site-packages/airflow/example_dags/example_skip_dag.py
[2025-04-02T16:39:36.337-0400] {processor.py:830} INFO - Processing file /Users/prasenjeet.gadhe/Documents/05. Nokia_PoV/Parallel_Test/venv/lib/python3.9/site-packages/airflow/example_dags/example_skip_dag.py for tasks to queue
[2025-04-02T16:39:36.337-0400] {logging_mixin.py:188} INFO - [2025-04-02T16:39:36.337-0400] {dagbag.py:540} INFO - Filling up the DagBag from /Users/prasenjeet.gadhe/Documents/05. Nokia_PoV/Parallel_Test/venv/lib/python3.9/site-packages/airflow/example_dags/example_skip_dag.py
[2025-04-02T16:39:36.341-0400] {processor.py:840} INFO - DAG(s) 'example_skip_dag' retrieved from /Users/prasenjeet.gadhe/Documents/05. Nokia_PoV/Parallel_Test/venv/lib/python3.9/site-packages/airflow/example_dags/example_skip_dag.py
[2025-04-02T16:39:36.426-0400] {logging_mixin.py:188} INFO - [2025-04-02T16:39:36.426-0400] {override.py:1829} INFO - Created Permission View: can edit on DAG:example_skip_dag
[2025-04-02T16:39:36.429-0400] {logging_mixin.py:188} INFO - [2025-04-02T16:39:36.429-0400] {override.py:1829} INFO - Created Permission View: can read on DAG:example_skip_dag
[2025-04-02T16:39:36.432-0400] {logging_mixin.py:188} INFO - [2025-04-02T16:39:36.432-0400] {override.py:1829} INFO - Created Permission View: can delete on DAG:example_skip_dag
[2025-04-02T16:39:36.432-0400] {logging_mixin.py:188} INFO - [2025-04-02T16:39:36.432-0400] {dag.py:3096} INFO - Sync 1 DAGs
[2025-04-02T16:39:36.437-0400] {logging_mixin.py:188} INFO - [2025-04-02T16:39:36.436-0400] {dag.py:3118} INFO - Creating ORM DAG for example_skip_dag
[2025-04-02T16:39:36.441-0400] {logging_mixin.py:188} INFO - [2025-04-02T16:39:36.441-0400] {dag.py:3954} INFO - Setting next_dagrun for example_skip_dag to 2025-04-01 00:00:00+00:00, run_after=2025-04-02 00:00:00+00:00
[2025-04-02T16:39:36.447-0400] {processor.py:183} INFO - Processing /Users/prasenjeet.gadhe/Documents/05. Nokia_PoV/Parallel_Test/venv/lib/python3.9/site-packages/airflow/example_dags/example_skip_dag.py took 0.112 seconds
[2025-04-02T16:41:02.285-0400] {processor.py:161} INFO - Started process (PID=77834) to work on /Users/prasenjeet.gadhe/Documents/05. Nokia_PoV/Parallel_Test/venv/lib/python3.9/site-packages/airflow/example_dags/example_skip_dag.py
[2025-04-02T16:41:02.287-0400] {processor.py:830} INFO - Processing file /Users/prasenjeet.gadhe/Documents/05. Nokia_PoV/Parallel_Test/venv/lib/python3.9/site-packages/airflow/example_dags/example_skip_dag.py for tasks to queue
[2025-04-02T16:41:02.287-0400] {logging_mixin.py:188} INFO - [2025-04-02T16:41:02.287-0400] {dagbag.py:540} INFO - Filling up the DagBag from /Users/prasenjeet.gadhe/Documents/05. Nokia_PoV/Parallel_Test/venv/lib/python3.9/site-packages/airflow/example_dags/example_skip_dag.py
[2025-04-02T16:41:02.291-0400] {processor.py:840} INFO - DAG(s) 'example_skip_dag' retrieved from /Users/prasenjeet.gadhe/Documents/05. Nokia_PoV/Parallel_Test/venv/lib/python3.9/site-packages/airflow/example_dags/example_skip_dag.py
[2025-04-02T16:41:02.354-0400] {logging_mixin.py:188} INFO - [2025-04-02T16:41:02.354-0400] {dag.py:3096} INFO - Sync 1 DAGs
[2025-04-02T16:41:02.362-0400] {logging_mixin.py:188} INFO - [2025-04-02T16:41:02.362-0400] {dag.py:3954} INFO - Setting next_dagrun for example_skip_dag to 2025-04-01 00:00:00+00:00, run_after=2025-04-02 00:00:00+00:00
[2025-04-02T16:41:02.369-0400] {processor.py:183} INFO - Processing /Users/prasenjeet.gadhe/Documents/05. Nokia_PoV/Parallel_Test/venv/lib/python3.9/site-packages/airflow/example_dags/example_skip_dag.py took 0.084 seconds
[2025-04-02T16:43:00.308-0400] {processor.py:161} INFO - Started process (PID=92399) to work on /Users/prasenjeet.gadhe/Documents/05. Nokia_PoV/Parallel_Test/venv/lib/python3.9/site-packages/airflow/example_dags/example_skip_dag.py
[2025-04-02T16:43:00.310-0400] {processor.py:830} INFO - Processing file /Users/prasenjeet.gadhe/Documents/05. Nokia_PoV/Parallel_Test/venv/lib/python3.9/site-packages/airflow/example_dags/example_skip_dag.py for tasks to queue
[2025-04-02T16:43:00.310-0400] {logging_mixin.py:188} INFO - [2025-04-02T16:43:00.310-0400] {dagbag.py:540} INFO - Filling up the DagBag from /Users/prasenjeet.gadhe/Documents/05. Nokia_PoV/Parallel_Test/venv/lib/python3.9/site-packages/airflow/example_dags/example_skip_dag.py
[2025-04-02T16:43:00.313-0400] {processor.py:840} INFO - DAG(s) 'example_skip_dag' retrieved from /Users/prasenjeet.gadhe/Documents/05. Nokia_PoV/Parallel_Test/venv/lib/python3.9/site-packages/airflow/example_dags/example_skip_dag.py
[2025-04-02T16:43:00.370-0400] {logging_mixin.py:188} INFO - [2025-04-02T16:43:00.370-0400] {dag.py:3096} INFO - Sync 1 DAGs
[2025-04-02T16:43:00.377-0400] {logging_mixin.py:188} INFO - [2025-04-02T16:43:00.377-0400] {dag.py:3954} INFO - Setting next_dagrun for example_skip_dag to 2025-04-01 00:00:00+00:00, run_after=2025-04-02 00:00:00+00:00
[2025-04-02T16:43:00.384-0400] {processor.py:183} INFO - Processing /Users/prasenjeet.gadhe/Documents/05. Nokia_PoV/Parallel_Test/venv/lib/python3.9/site-packages/airflow/example_dags/example_skip_dag.py took 0.077 seconds
[2025-04-02T16:45:57.339-0400] {processor.py:161} INFO - Started process (PID=14646) to work on /Users/prasenjeet.gadhe/Documents/05. Nokia_PoV/Parallel_Test/venv/lib/python3.9/site-packages/airflow/example_dags/example_skip_dag.py
[2025-04-02T16:45:57.341-0400] {processor.py:830} INFO - Processing file /Users/prasenjeet.gadhe/Documents/05. Nokia_PoV/Parallel_Test/venv/lib/python3.9/site-packages/airflow/example_dags/example_skip_dag.py for tasks to queue
[2025-04-02T16:45:57.341-0400] {logging_mixin.py:188} INFO - [2025-04-02T16:45:57.341-0400] {dagbag.py:540} INFO - Filling up the DagBag from /Users/prasenjeet.gadhe/Documents/05. Nokia_PoV/Parallel_Test/venv/lib/python3.9/site-packages/airflow/example_dags/example_skip_dag.py
[2025-04-02T16:45:57.345-0400] {processor.py:840} INFO - DAG(s) 'example_skip_dag' retrieved from /Users/prasenjeet.gadhe/Documents/05. Nokia_PoV/Parallel_Test/venv/lib/python3.9/site-packages/airflow/example_dags/example_skip_dag.py
[2025-04-02T16:45:57.399-0400] {logging_mixin.py:188} INFO - [2025-04-02T16:45:57.399-0400] {dag.py:3096} INFO - Sync 1 DAGs
[2025-04-02T16:45:57.406-0400] {logging_mixin.py:188} INFO - [2025-04-02T16:45:57.406-0400] {dag.py:3954} INFO - Setting next_dagrun for example_skip_dag to 2025-04-01 00:00:00+00:00, run_after=2025-04-02 00:00:00+00:00
[2025-04-02T16:45:57.413-0400] {processor.py:183} INFO - Processing /Users/prasenjeet.gadhe/Documents/05. Nokia_PoV/Parallel_Test/venv/lib/python3.9/site-packages/airflow/example_dags/example_skip_dag.py took 0.075 seconds
[2025-04-02T16:47:25.448-0400] {processor.py:161} INFO - Started process (PID=25622) to work on /Users/prasenjeet.gadhe/Documents/05. Nokia_PoV/Parallel_Test/venv/lib/python3.9/site-packages/airflow/example_dags/example_skip_dag.py
[2025-04-02T16:47:25.450-0400] {processor.py:830} INFO - Processing file /Users/prasenjeet.gadhe/Documents/05. Nokia_PoV/Parallel_Test/venv/lib/python3.9/site-packages/airflow/example_dags/example_skip_dag.py for tasks to queue
[2025-04-02T16:47:25.450-0400] {logging_mixin.py:188} INFO - [2025-04-02T16:47:25.450-0400] {dagbag.py:540} INFO - Filling up the DagBag from /Users/prasenjeet.gadhe/Documents/05. Nokia_PoV/Parallel_Test/venv/lib/python3.9/site-packages/airflow/example_dags/example_skip_dag.py
[2025-04-02T16:47:25.454-0400] {processor.py:840} INFO - DAG(s) 'example_skip_dag' retrieved from /Users/prasenjeet.gadhe/Documents/05. Nokia_PoV/Parallel_Test/venv/lib/python3.9/site-packages/airflow/example_dags/example_skip_dag.py
[2025-04-02T16:47:25.508-0400] {logging_mixin.py:188} INFO - [2025-04-02T16:47:25.508-0400] {dag.py:3096} INFO - Sync 1 DAGs
[2025-04-02T16:47:25.514-0400] {logging_mixin.py:188} INFO - [2025-04-02T16:47:25.514-0400] {dag.py:3954} INFO - Setting next_dagrun for example_skip_dag to 2025-04-01 00:00:00+00:00, run_after=2025-04-02 00:00:00+00:00
[2025-04-02T16:47:25.521-0400] {processor.py:183} INFO - Processing /Users/prasenjeet.gadhe/Documents/05. Nokia_PoV/Parallel_Test/venv/lib/python3.9/site-packages/airflow/example_dags/example_skip_dag.py took 0.074 seconds
[2025-04-02T16:49:17.243-0400] {processor.py:161} INFO - Started process (PID=39443) to work on /Users/prasenjeet.gadhe/Documents/05. Nokia_PoV/Parallel_Test/venv/lib/python3.9/site-packages/airflow/example_dags/example_skip_dag.py
[2025-04-02T16:49:17.244-0400] {processor.py:830} INFO - Processing file /Users/prasenjeet.gadhe/Documents/05. Nokia_PoV/Parallel_Test/venv/lib/python3.9/site-packages/airflow/example_dags/example_skip_dag.py for tasks to queue
[2025-04-02T16:49:17.244-0400] {logging_mixin.py:188} INFO - [2025-04-02T16:49:17.244-0400] {dagbag.py:540} INFO - Filling up the DagBag from /Users/prasenjeet.gadhe/Documents/05. Nokia_PoV/Parallel_Test/venv/lib/python3.9/site-packages/airflow/example_dags/example_skip_dag.py
[2025-04-02T16:49:17.251-0400] {processor.py:840} INFO - DAG(s) 'example_skip_dag' retrieved from /Users/prasenjeet.gadhe/Documents/05. Nokia_PoV/Parallel_Test/venv/lib/python3.9/site-packages/airflow/example_dags/example_skip_dag.py
[2025-04-02T16:49:17.337-0400] {logging_mixin.py:188} INFO - [2025-04-02T16:49:17.337-0400] {dag.py:3096} INFO - Sync 1 DAGs
[2025-04-02T16:49:17.345-0400] {logging_mixin.py:188} INFO - [2025-04-02T16:49:17.345-0400] {dag.py:3954} INFO - Setting next_dagrun for example_skip_dag to 2025-04-01 00:00:00+00:00, run_after=2025-04-02 00:00:00+00:00
[2025-04-02T16:49:17.352-0400] {processor.py:183} INFO - Processing /Users/prasenjeet.gadhe/Documents/05. Nokia_PoV/Parallel_Test/venv/lib/python3.9/site-packages/airflow/example_dags/example_skip_dag.py took 0.111 seconds
[2025-04-02T16:51:08.324-0400] {processor.py:161} INFO - Started process (PID=53184) to work on /Users/prasenjeet.gadhe/Documents/05. Nokia_PoV/Parallel_Test/venv/lib/python3.9/site-packages/airflow/example_dags/example_skip_dag.py
[2025-04-02T16:51:08.326-0400] {processor.py:830} INFO - Processing file /Users/prasenjeet.gadhe/Documents/05. Nokia_PoV/Parallel_Test/venv/lib/python3.9/site-packages/airflow/example_dags/example_skip_dag.py for tasks to queue
[2025-04-02T16:51:08.326-0400] {logging_mixin.py:188} INFO - [2025-04-02T16:51:08.326-0400] {dagbag.py:540} INFO - Filling up the DagBag from /Users/prasenjeet.gadhe/Documents/05. Nokia_PoV/Parallel_Test/venv/lib/python3.9/site-packages/airflow/example_dags/example_skip_dag.py
[2025-04-02T16:51:08.329-0400] {processor.py:840} INFO - DAG(s) 'example_skip_dag' retrieved from /Users/prasenjeet.gadhe/Documents/05. Nokia_PoV/Parallel_Test/venv/lib/python3.9/site-packages/airflow/example_dags/example_skip_dag.py
[2025-04-02T16:51:08.384-0400] {logging_mixin.py:188} INFO - [2025-04-02T16:51:08.384-0400] {dag.py:3096} INFO - Sync 1 DAGs
[2025-04-02T16:51:08.390-0400] {logging_mixin.py:188} INFO - [2025-04-02T16:51:08.390-0400] {dag.py:3954} INFO - Setting next_dagrun for example_skip_dag to 2025-04-01 00:00:00+00:00, run_after=2025-04-02 00:00:00+00:00
[2025-04-02T16:51:08.397-0400] {processor.py:183} INFO - Processing /Users/prasenjeet.gadhe/Documents/05. Nokia_PoV/Parallel_Test/venv/lib/python3.9/site-packages/airflow/example_dags/example_skip_dag.py took 0.073 seconds
[2025-04-02T16:52:36.976-0400] {processor.py:161} INFO - Started process (PID=64215) to work on /Users/prasenjeet.gadhe/Documents/05. Nokia_PoV/Parallel_Test/venv/lib/python3.9/site-packages/airflow/example_dags/example_skip_dag.py
[2025-04-02T16:52:36.978-0400] {processor.py:830} INFO - Processing file /Users/prasenjeet.gadhe/Documents/05. Nokia_PoV/Parallel_Test/venv/lib/python3.9/site-packages/airflow/example_dags/example_skip_dag.py for tasks to queue
[2025-04-02T16:52:36.978-0400] {logging_mixin.py:188} INFO - [2025-04-02T16:52:36.978-0400] {dagbag.py:540} INFO - Filling up the DagBag from /Users/prasenjeet.gadhe/Documents/05. Nokia_PoV/Parallel_Test/venv/lib/python3.9/site-packages/airflow/example_dags/example_skip_dag.py
[2025-04-02T16:52:36.982-0400] {processor.py:840} INFO - DAG(s) 'example_skip_dag' retrieved from /Users/prasenjeet.gadhe/Documents/05. Nokia_PoV/Parallel_Test/venv/lib/python3.9/site-packages/airflow/example_dags/example_skip_dag.py
[2025-04-02T16:52:37.044-0400] {logging_mixin.py:188} INFO - [2025-04-02T16:52:37.043-0400] {dag.py:3096} INFO - Sync 1 DAGs
[2025-04-02T16:52:37.050-0400] {logging_mixin.py:188} INFO - [2025-04-02T16:52:37.050-0400] {dag.py:3954} INFO - Setting next_dagrun for example_skip_dag to 2025-04-01 00:00:00+00:00, run_after=2025-04-02 00:00:00+00:00
[2025-04-02T16:52:37.056-0400] {processor.py:183} INFO - Processing /Users/prasenjeet.gadhe/Documents/05. Nokia_PoV/Parallel_Test/venv/lib/python3.9/site-packages/airflow/example_dags/example_skip_dag.py took 0.081 seconds
[2025-04-02T16:54:25.407-0400] {processor.py:161} INFO - Started process (PID=77576) to work on /Users/prasenjeet.gadhe/Documents/05. Nokia_PoV/Parallel_Test/venv/lib/python3.9/site-packages/airflow/example_dags/example_skip_dag.py
[2025-04-02T16:54:25.409-0400] {processor.py:830} INFO - Processing file /Users/prasenjeet.gadhe/Documents/05. Nokia_PoV/Parallel_Test/venv/lib/python3.9/site-packages/airflow/example_dags/example_skip_dag.py for tasks to queue
[2025-04-02T16:54:25.409-0400] {logging_mixin.py:188} INFO - [2025-04-02T16:54:25.409-0400] {dagbag.py:540} INFO - Filling up the DagBag from /Users/prasenjeet.gadhe/Documents/05. Nokia_PoV/Parallel_Test/venv/lib/python3.9/site-packages/airflow/example_dags/example_skip_dag.py
[2025-04-02T16:54:25.412-0400] {processor.py:840} INFO - DAG(s) 'example_skip_dag' retrieved from /Users/prasenjeet.gadhe/Documents/05. Nokia_PoV/Parallel_Test/venv/lib/python3.9/site-packages/airflow/example_dags/example_skip_dag.py
[2025-04-02T16:54:25.474-0400] {logging_mixin.py:188} INFO - [2025-04-02T16:54:25.474-0400] {dag.py:3096} INFO - Sync 1 DAGs
[2025-04-02T16:54:25.481-0400] {logging_mixin.py:188} INFO - [2025-04-02T16:54:25.481-0400] {dag.py:3954} INFO - Setting next_dagrun for example_skip_dag to 2025-04-01 00:00:00+00:00, run_after=2025-04-02 00:00:00+00:00
[2025-04-02T16:54:25.488-0400] {processor.py:183} INFO - Processing /Users/prasenjeet.gadhe/Documents/05. Nokia_PoV/Parallel_Test/venv/lib/python3.9/site-packages/airflow/example_dags/example_skip_dag.py took 0.082 seconds
[2025-04-02T16:56:22.609-0400] {processor.py:161} INFO - Started process (PID=92158) to work on /Users/prasenjeet.gadhe/Documents/05. Nokia_PoV/Parallel_Test/venv/lib/python3.9/site-packages/airflow/example_dags/example_skip_dag.py
[2025-04-02T16:56:22.611-0400] {processor.py:830} INFO - Processing file /Users/prasenjeet.gadhe/Documents/05. Nokia_PoV/Parallel_Test/venv/lib/python3.9/site-packages/airflow/example_dags/example_skip_dag.py for tasks to queue
[2025-04-02T16:56:22.611-0400] {logging_mixin.py:188} INFO - [2025-04-02T16:56:22.611-0400] {dagbag.py:540} INFO - Filling up the DagBag from /Users/prasenjeet.gadhe/Documents/05. Nokia_PoV/Parallel_Test/venv/lib/python3.9/site-packages/airflow/example_dags/example_skip_dag.py
[2025-04-02T16:56:22.615-0400] {processor.py:840} INFO - DAG(s) 'example_skip_dag' retrieved from /Users/prasenjeet.gadhe/Documents/05. Nokia_PoV/Parallel_Test/venv/lib/python3.9/site-packages/airflow/example_dags/example_skip_dag.py
[2025-04-02T16:56:22.672-0400] {logging_mixin.py:188} INFO - [2025-04-02T16:56:22.671-0400] {dag.py:3096} INFO - Sync 1 DAGs
[2025-04-02T16:56:22.678-0400] {logging_mixin.py:188} INFO - [2025-04-02T16:56:22.678-0400] {dag.py:3954} INFO - Setting next_dagrun for example_skip_dag to 2025-04-01 00:00:00+00:00, run_after=2025-04-02 00:00:00+00:00
[2025-04-02T16:56:22.685-0400] {processor.py:183} INFO - Processing /Users/prasenjeet.gadhe/Documents/05. Nokia_PoV/Parallel_Test/venv/lib/python3.9/site-packages/airflow/example_dags/example_skip_dag.py took 0.077 seconds
[2025-04-02T16:58:15.102-0400] {processor.py:161} INFO - Started process (PID=6326) to work on /Users/prasenjeet.gadhe/Documents/05. Nokia_PoV/Parallel_Test/venv/lib/python3.9/site-packages/airflow/example_dags/example_skip_dag.py
[2025-04-02T16:58:15.103-0400] {processor.py:830} INFO - Processing file /Users/prasenjeet.gadhe/Documents/05. Nokia_PoV/Parallel_Test/venv/lib/python3.9/site-packages/airflow/example_dags/example_skip_dag.py for tasks to queue
[2025-04-02T16:58:15.103-0400] {logging_mixin.py:188} INFO - [2025-04-02T16:58:15.103-0400] {dagbag.py:540} INFO - Filling up the DagBag from /Users/prasenjeet.gadhe/Documents/05. Nokia_PoV/Parallel_Test/venv/lib/python3.9/site-packages/airflow/example_dags/example_skip_dag.py
[2025-04-02T16:58:15.107-0400] {processor.py:840} INFO - DAG(s) 'example_skip_dag' retrieved from /Users/prasenjeet.gadhe/Documents/05. Nokia_PoV/Parallel_Test/venv/lib/python3.9/site-packages/airflow/example_dags/example_skip_dag.py
[2025-04-02T16:58:15.169-0400] {logging_mixin.py:188} INFO - [2025-04-02T16:58:15.169-0400] {dag.py:3096} INFO - Sync 1 DAGs
[2025-04-02T16:58:15.177-0400] {logging_mixin.py:188} INFO - [2025-04-02T16:58:15.176-0400] {dag.py:3954} INFO - Setting next_dagrun for example_skip_dag to 2025-04-01 00:00:00+00:00, run_after=2025-04-02 00:00:00+00:00
[2025-04-02T16:58:15.184-0400] {processor.py:183} INFO - Processing /Users/prasenjeet.gadhe/Documents/05. Nokia_PoV/Parallel_Test/venv/lib/python3.9/site-packages/airflow/example_dags/example_skip_dag.py took 0.083 seconds
[2025-04-02T17:00:06.595-0400] {processor.py:161} INFO - Started process (PID=20043) to work on /Users/prasenjeet.gadhe/Documents/05. Nokia_PoV/Parallel_Test/venv/lib/python3.9/site-packages/airflow/example_dags/example_skip_dag.py
[2025-04-02T17:00:06.597-0400] {processor.py:830} INFO - Processing file /Users/prasenjeet.gadhe/Documents/05. Nokia_PoV/Parallel_Test/venv/lib/python3.9/site-packages/airflow/example_dags/example_skip_dag.py for tasks to queue
[2025-04-02T17:00:06.597-0400] {logging_mixin.py:188} INFO - [2025-04-02T17:00:06.597-0400] {dagbag.py:540} INFO - Filling up the DagBag from /Users/prasenjeet.gadhe/Documents/05. Nokia_PoV/Parallel_Test/venv/lib/python3.9/site-packages/airflow/example_dags/example_skip_dag.py
[2025-04-02T17:00:06.601-0400] {processor.py:840} INFO - DAG(s) 'example_skip_dag' retrieved from /Users/prasenjeet.gadhe/Documents/05. Nokia_PoV/Parallel_Test/venv/lib/python3.9/site-packages/airflow/example_dags/example_skip_dag.py
[2025-04-02T17:00:06.656-0400] {logging_mixin.py:188} INFO - [2025-04-02T17:00:06.656-0400] {dag.py:3096} INFO - Sync 1 DAGs
[2025-04-02T17:00:06.663-0400] {logging_mixin.py:188} INFO - [2025-04-02T17:00:06.663-0400] {dag.py:3954} INFO - Setting next_dagrun for example_skip_dag to 2025-04-01 00:00:00+00:00, run_after=2025-04-02 00:00:00+00:00
[2025-04-02T17:00:06.670-0400] {processor.py:183} INFO - Processing /Users/prasenjeet.gadhe/Documents/05. Nokia_PoV/Parallel_Test/venv/lib/python3.9/site-packages/airflow/example_dags/example_skip_dag.py took 0.076 seconds
[2025-04-02T17:01:59.309-0400] {processor.py:161} INFO - Started process (PID=33862) to work on /Users/prasenjeet.gadhe/Documents/05. Nokia_PoV/Parallel_Test/venv/lib/python3.9/site-packages/airflow/example_dags/example_skip_dag.py
[2025-04-02T17:01:59.311-0400] {processor.py:830} INFO - Processing file /Users/prasenjeet.gadhe/Documents/05. Nokia_PoV/Parallel_Test/venv/lib/python3.9/site-packages/airflow/example_dags/example_skip_dag.py for tasks to queue
[2025-04-02T17:01:59.311-0400] {logging_mixin.py:188} INFO - [2025-04-02T17:01:59.311-0400] {dagbag.py:540} INFO - Filling up the DagBag from /Users/prasenjeet.gadhe/Documents/05. Nokia_PoV/Parallel_Test/venv/lib/python3.9/site-packages/airflow/example_dags/example_skip_dag.py
[2025-04-02T17:01:59.314-0400] {processor.py:840} INFO - DAG(s) 'example_skip_dag' retrieved from /Users/prasenjeet.gadhe/Documents/05. Nokia_PoV/Parallel_Test/venv/lib/python3.9/site-packages/airflow/example_dags/example_skip_dag.py
[2025-04-02T17:01:59.368-0400] {logging_mixin.py:188} INFO - [2025-04-02T17:01:59.368-0400] {dag.py:3096} INFO - Sync 1 DAGs
[2025-04-02T17:01:59.375-0400] {logging_mixin.py:188} INFO - [2025-04-02T17:01:59.375-0400] {dag.py:3954} INFO - Setting next_dagrun for example_skip_dag to 2025-04-01 00:00:00+00:00, run_after=2025-04-02 00:00:00+00:00
[2025-04-02T17:01:59.381-0400] {processor.py:183} INFO - Processing /Users/prasenjeet.gadhe/Documents/05. Nokia_PoV/Parallel_Test/venv/lib/python3.9/site-packages/airflow/example_dags/example_skip_dag.py took 0.073 seconds
[2025-04-02T17:03:51.219-0400] {processor.py:161} INFO - Started process (PID=47519) to work on /Users/prasenjeet.gadhe/Documents/05. Nokia_PoV/Parallel_Test/venv/lib/python3.9/site-packages/airflow/example_dags/example_skip_dag.py
[2025-04-02T17:03:51.221-0400] {processor.py:830} INFO - Processing file /Users/prasenjeet.gadhe/Documents/05. Nokia_PoV/Parallel_Test/venv/lib/python3.9/site-packages/airflow/example_dags/example_skip_dag.py for tasks to queue
[2025-04-02T17:03:51.221-0400] {logging_mixin.py:188} INFO - [2025-04-02T17:03:51.221-0400] {dagbag.py:540} INFO - Filling up the DagBag from /Users/prasenjeet.gadhe/Documents/05. Nokia_PoV/Parallel_Test/venv/lib/python3.9/site-packages/airflow/example_dags/example_skip_dag.py
[2025-04-02T17:03:51.224-0400] {processor.py:840} INFO - DAG(s) 'example_skip_dag' retrieved from /Users/prasenjeet.gadhe/Documents/05. Nokia_PoV/Parallel_Test/venv/lib/python3.9/site-packages/airflow/example_dags/example_skip_dag.py
[2025-04-02T17:03:51.279-0400] {logging_mixin.py:188} INFO - [2025-04-02T17:03:51.279-0400] {dag.py:3096} INFO - Sync 1 DAGs
[2025-04-02T17:03:51.286-0400] {logging_mixin.py:188} INFO - [2025-04-02T17:03:51.286-0400] {dag.py:3954} INFO - Setting next_dagrun for example_skip_dag to 2025-04-01 00:00:00+00:00, run_after=2025-04-02 00:00:00+00:00
[2025-04-02T17:03:51.292-0400] {processor.py:183} INFO - Processing /Users/prasenjeet.gadhe/Documents/05. Nokia_PoV/Parallel_Test/venv/lib/python3.9/site-packages/airflow/example_dags/example_skip_dag.py took 0.075 seconds
[2025-04-02T17:05:40.394-0400] {processor.py:161} INFO - Started process (PID=60961) to work on /Users/prasenjeet.gadhe/Documents/05. Nokia_PoV/Parallel_Test/venv/lib/python3.9/site-packages/airflow/example_dags/example_skip_dag.py
[2025-04-02T17:05:40.396-0400] {processor.py:830} INFO - Processing file /Users/prasenjeet.gadhe/Documents/05. Nokia_PoV/Parallel_Test/venv/lib/python3.9/site-packages/airflow/example_dags/example_skip_dag.py for tasks to queue
[2025-04-02T17:05:40.397-0400] {logging_mixin.py:188} INFO - [2025-04-02T17:05:40.396-0400] {dagbag.py:540} INFO - Filling up the DagBag from /Users/prasenjeet.gadhe/Documents/05. Nokia_PoV/Parallel_Test/venv/lib/python3.9/site-packages/airflow/example_dags/example_skip_dag.py
[2025-04-02T17:05:40.400-0400] {processor.py:840} INFO - DAG(s) 'example_skip_dag' retrieved from /Users/prasenjeet.gadhe/Documents/05. Nokia_PoV/Parallel_Test/venv/lib/python3.9/site-packages/airflow/example_dags/example_skip_dag.py
[2025-04-02T17:05:40.456-0400] {logging_mixin.py:188} INFO - [2025-04-02T17:05:40.456-0400] {dag.py:3096} INFO - Sync 1 DAGs
[2025-04-02T17:05:40.463-0400] {logging_mixin.py:188} INFO - [2025-04-02T17:05:40.463-0400] {dag.py:3954} INFO - Setting next_dagrun for example_skip_dag to 2025-04-01 00:00:00+00:00, run_after=2025-04-02 00:00:00+00:00
[2025-04-02T17:05:40.469-0400] {processor.py:183} INFO - Processing /Users/prasenjeet.gadhe/Documents/05. Nokia_PoV/Parallel_Test/venv/lib/python3.9/site-packages/airflow/example_dags/example_skip_dag.py took 0.076 seconds
[2025-04-02T17:07:34.565-0400] {processor.py:161} INFO - Started process (PID=75099) to work on /Users/prasenjeet.gadhe/Documents/05. Nokia_PoV/Parallel_Test/venv/lib/python3.9/site-packages/airflow/example_dags/example_skip_dag.py
[2025-04-02T17:07:34.566-0400] {processor.py:830} INFO - Processing file /Users/prasenjeet.gadhe/Documents/05. Nokia_PoV/Parallel_Test/venv/lib/python3.9/site-packages/airflow/example_dags/example_skip_dag.py for tasks to queue
[2025-04-02T17:07:34.567-0400] {logging_mixin.py:188} INFO - [2025-04-02T17:07:34.567-0400] {dagbag.py:540} INFO - Filling up the DagBag from /Users/prasenjeet.gadhe/Documents/05. Nokia_PoV/Parallel_Test/venv/lib/python3.9/site-packages/airflow/example_dags/example_skip_dag.py
[2025-04-02T17:07:34.570-0400] {processor.py:840} INFO - DAG(s) 'example_skip_dag' retrieved from /Users/prasenjeet.gadhe/Documents/05. Nokia_PoV/Parallel_Test/venv/lib/python3.9/site-packages/airflow/example_dags/example_skip_dag.py
[2025-04-02T17:07:34.629-0400] {logging_mixin.py:188} INFO - [2025-04-02T17:07:34.629-0400] {dag.py:3096} INFO - Sync 1 DAGs
[2025-04-02T17:07:34.636-0400] {logging_mixin.py:188} INFO - [2025-04-02T17:07:34.636-0400] {dag.py:3954} INFO - Setting next_dagrun for example_skip_dag to 2025-04-01 00:00:00+00:00, run_after=2025-04-02 00:00:00+00:00
[2025-04-02T17:07:34.643-0400] {processor.py:183} INFO - Processing /Users/prasenjeet.gadhe/Documents/05. Nokia_PoV/Parallel_Test/venv/lib/python3.9/site-packages/airflow/example_dags/example_skip_dag.py took 0.079 seconds
[2025-04-02T17:09:30.750-0400] {processor.py:161} INFO - Started process (PID=89406) to work on /Users/prasenjeet.gadhe/Documents/05. Nokia_PoV/Parallel_Test/venv/lib/python3.9/site-packages/airflow/example_dags/example_skip_dag.py
[2025-04-02T17:09:30.752-0400] {processor.py:830} INFO - Processing file /Users/prasenjeet.gadhe/Documents/05. Nokia_PoV/Parallel_Test/venv/lib/python3.9/site-packages/airflow/example_dags/example_skip_dag.py for tasks to queue
[2025-04-02T17:09:30.752-0400] {logging_mixin.py:188} INFO - [2025-04-02T17:09:30.752-0400] {dagbag.py:540} INFO - Filling up the DagBag from /Users/prasenjeet.gadhe/Documents/05. Nokia_PoV/Parallel_Test/venv/lib/python3.9/site-packages/airflow/example_dags/example_skip_dag.py
[2025-04-02T17:09:30.755-0400] {processor.py:840} INFO - DAG(s) 'example_skip_dag' retrieved from /Users/prasenjeet.gadhe/Documents/05. Nokia_PoV/Parallel_Test/venv/lib/python3.9/site-packages/airflow/example_dags/example_skip_dag.py
[2025-04-02T17:09:30.814-0400] {logging_mixin.py:188} INFO - [2025-04-02T17:09:30.814-0400] {dag.py:3096} INFO - Sync 1 DAGs
[2025-04-02T17:09:30.821-0400] {logging_mixin.py:188} INFO - [2025-04-02T17:09:30.821-0400] {dag.py:3954} INFO - Setting next_dagrun for example_skip_dag to 2025-04-01 00:00:00+00:00, run_after=2025-04-02 00:00:00+00:00
[2025-04-02T17:09:30.827-0400] {processor.py:183} INFO - Processing /Users/prasenjeet.gadhe/Documents/05. Nokia_PoV/Parallel_Test/venv/lib/python3.9/site-packages/airflow/example_dags/example_skip_dag.py took 0.078 seconds
[2025-04-02T17:11:18.852-0400] {processor.py:161} INFO - Started process (PID=3066) to work on /Users/prasenjeet.gadhe/Documents/05. Nokia_PoV/Parallel_Test/venv/lib/python3.9/site-packages/airflow/example_dags/example_skip_dag.py
[2025-04-02T17:11:18.853-0400] {processor.py:830} INFO - Processing file /Users/prasenjeet.gadhe/Documents/05. Nokia_PoV/Parallel_Test/venv/lib/python3.9/site-packages/airflow/example_dags/example_skip_dag.py for tasks to queue
[2025-04-02T17:11:18.853-0400] {logging_mixin.py:188} INFO - [2025-04-02T17:11:18.853-0400] {dagbag.py:540} INFO - Filling up the DagBag from /Users/prasenjeet.gadhe/Documents/05. Nokia_PoV/Parallel_Test/venv/lib/python3.9/site-packages/airflow/example_dags/example_skip_dag.py
[2025-04-02T17:11:18.857-0400] {processor.py:840} INFO - DAG(s) 'example_skip_dag' retrieved from /Users/prasenjeet.gadhe/Documents/05. Nokia_PoV/Parallel_Test/venv/lib/python3.9/site-packages/airflow/example_dags/example_skip_dag.py
[2025-04-02T17:11:18.912-0400] {logging_mixin.py:188} INFO - [2025-04-02T17:11:18.912-0400] {dag.py:3096} INFO - Sync 1 DAGs
[2025-04-02T17:11:18.919-0400] {logging_mixin.py:188} INFO - [2025-04-02T17:11:18.919-0400] {dag.py:3954} INFO - Setting next_dagrun for example_skip_dag to 2025-04-01 00:00:00+00:00, run_after=2025-04-02 00:00:00+00:00
[2025-04-02T17:11:18.925-0400] {processor.py:183} INFO - Processing /Users/prasenjeet.gadhe/Documents/05. Nokia_PoV/Parallel_Test/venv/lib/python3.9/site-packages/airflow/example_dags/example_skip_dag.py took 0.074 seconds
