[2025-04-02T16:38:35.571-0400] {processor.py:161} INFO - Started process (PID=59449) to work on /Users/prasenjeet.gadhe/Documents/05. Nokia_PoV/Parallel_Test/venv/lib/python3.9/site-packages/airflow/example_dags/tutorial_dag.py
[2025-04-02T16:38:35.572-0400] {processor.py:830} INFO - Processing file /Users/prasenjeet.gadhe/Documents/05. Nokia_PoV/Parallel_Test/venv/lib/python3.9/site-packages/airflow/example_dags/tutorial_dag.py for tasks to queue
[2025-04-02T16:38:35.573-0400] {logging_mixin.py:188} INFO - [2025-04-02T16:38:35.573-0400] {dagbag.py:540} INFO - Filling up the DagBag from /Users/prasenjeet.gadhe/Documents/05. Nokia_PoV/Parallel_Test/venv/lib/python3.9/site-packages/airflow/example_dags/tutorial_dag.py
[2025-04-02T16:38:35.583-0400] {processor.py:840} INFO - DAG(s) 'tutorial_dag' retrieved from /Users/prasenjeet.gadhe/Documents/05. Nokia_PoV/Parallel_Test/venv/lib/python3.9/site-packages/airflow/example_dags/tutorial_dag.py
[2025-04-02T16:38:35.678-0400] {logging_mixin.py:188} INFO - [2025-04-02T16:38:35.678-0400] {override.py:1829} INFO - Created Permission View: can delete on DAG:tutorial_dag
[2025-04-02T16:38:35.681-0400] {logging_mixin.py:188} INFO - [2025-04-02T16:38:35.681-0400] {override.py:1829} INFO - Created Permission View: can read on DAG:tutorial_dag
[2025-04-02T16:38:35.683-0400] {logging_mixin.py:188} INFO - [2025-04-02T16:38:35.683-0400] {override.py:1829} INFO - Created Permission View: can edit on DAG:tutorial_dag
[2025-04-02T16:38:35.683-0400] {logging_mixin.py:188} INFO - [2025-04-02T16:38:35.683-0400] {dag.py:3096} INFO - Sync 1 DAGs
[2025-04-02T16:38:35.687-0400] {logging_mixin.py:188} INFO - [2025-04-02T16:38:35.687-0400] {dag.py:3118} INFO - Creating ORM DAG for tutorial_dag
[2025-04-02T16:38:35.687-0400] {logging_mixin.py:188} INFO - [2025-04-02T16:38:35.687-0400] {dag.py:3954} INFO - Setting next_dagrun for tutorial_dag to None, run_after=None
[2025-04-02T16:38:35.694-0400] {processor.py:183} INFO - Processing /Users/prasenjeet.gadhe/Documents/05. Nokia_PoV/Parallel_Test/venv/lib/python3.9/site-packages/airflow/example_dags/tutorial_dag.py took 0.123 seconds
[2025-04-02T16:39:16.897-0400] {processor.py:161} INFO - Started process (PID=64622) to work on /Users/prasenjeet.gadhe/Documents/05. Nokia_PoV/Parallel_Test/venv/lib/python3.9/site-packages/airflow/example_dags/tutorial_dag.py
[2025-04-02T16:39:16.899-0400] {processor.py:830} INFO - Processing file /Users/prasenjeet.gadhe/Documents/05. Nokia_PoV/Parallel_Test/venv/lib/python3.9/site-packages/airflow/example_dags/tutorial_dag.py for tasks to queue
[2025-04-02T16:39:16.899-0400] {logging_mixin.py:188} INFO - [2025-04-02T16:39:16.899-0400] {dagbag.py:540} INFO - Filling up the DagBag from /Users/prasenjeet.gadhe/Documents/05. Nokia_PoV/Parallel_Test/venv/lib/python3.9/site-packages/airflow/example_dags/tutorial_dag.py
[2025-04-02T16:39:16.909-0400] {processor.py:840} INFO - DAG(s) 'tutorial_dag' retrieved from /Users/prasenjeet.gadhe/Documents/05. Nokia_PoV/Parallel_Test/venv/lib/python3.9/site-packages/airflow/example_dags/tutorial_dag.py
[2025-04-02T16:39:16.962-0400] {logging_mixin.py:188} INFO - [2025-04-02T16:39:16.962-0400] {dag.py:3096} INFO - Sync 1 DAGs
[2025-04-02T16:39:16.965-0400] {logging_mixin.py:188} INFO - [2025-04-02T16:39:16.965-0400] {dag.py:3954} INFO - Setting next_dagrun for tutorial_dag to None, run_after=None
[2025-04-02T16:39:16.971-0400] {processor.py:183} INFO - Processing /Users/prasenjeet.gadhe/Documents/05. Nokia_PoV/Parallel_Test/venv/lib/python3.9/site-packages/airflow/example_dags/tutorial_dag.py took 0.075 seconds
[2025-04-02T16:40:46.153-0400] {processor.py:161} INFO - Started process (PID=75753) to work on /Users/prasenjeet.gadhe/Documents/05. Nokia_PoV/Parallel_Test/venv/lib/python3.9/site-packages/airflow/example_dags/tutorial_dag.py
[2025-04-02T16:40:46.154-0400] {processor.py:830} INFO - Processing file /Users/prasenjeet.gadhe/Documents/05. Nokia_PoV/Parallel_Test/venv/lib/python3.9/site-packages/airflow/example_dags/tutorial_dag.py for tasks to queue
[2025-04-02T16:40:46.154-0400] {logging_mixin.py:188} INFO - [2025-04-02T16:40:46.154-0400] {dagbag.py:540} INFO - Filling up the DagBag from /Users/prasenjeet.gadhe/Documents/05. Nokia_PoV/Parallel_Test/venv/lib/python3.9/site-packages/airflow/example_dags/tutorial_dag.py
[2025-04-02T16:40:46.164-0400] {processor.py:840} INFO - DAG(s) 'tutorial_dag' retrieved from /Users/prasenjeet.gadhe/Documents/05. Nokia_PoV/Parallel_Test/venv/lib/python3.9/site-packages/airflow/example_dags/tutorial_dag.py
[2025-04-02T16:40:46.220-0400] {logging_mixin.py:188} INFO - [2025-04-02T16:40:46.220-0400] {dag.py:3096} INFO - Sync 1 DAGs
[2025-04-02T16:40:46.224-0400] {logging_mixin.py:188} INFO - [2025-04-02T16:40:46.224-0400] {dag.py:3954} INFO - Setting next_dagrun for tutorial_dag to None, run_after=None
[2025-04-02T16:40:46.230-0400] {processor.py:183} INFO - Processing /Users/prasenjeet.gadhe/Documents/05. Nokia_PoV/Parallel_Test/venv/lib/python3.9/site-packages/airflow/example_dags/tutorial_dag.py took 0.078 seconds
[2025-04-02T16:41:43.361-0400] {processor.py:161} INFO - Started process (PID=82930) to work on /Users/prasenjeet.gadhe/Documents/05. Nokia_PoV/Parallel_Test/venv/lib/python3.9/site-packages/airflow/example_dags/tutorial_dag.py
[2025-04-02T16:41:43.362-0400] {processor.py:830} INFO - Processing file /Users/prasenjeet.gadhe/Documents/05. Nokia_PoV/Parallel_Test/venv/lib/python3.9/site-packages/airflow/example_dags/tutorial_dag.py for tasks to queue
[2025-04-02T16:41:43.362-0400] {logging_mixin.py:188} INFO - [2025-04-02T16:41:43.362-0400] {dagbag.py:540} INFO - Filling up the DagBag from /Users/prasenjeet.gadhe/Documents/05. Nokia_PoV/Parallel_Test/venv/lib/python3.9/site-packages/airflow/example_dags/tutorial_dag.py
[2025-04-02T16:41:43.373-0400] {processor.py:840} INFO - DAG(s) 'tutorial_dag' retrieved from /Users/prasenjeet.gadhe/Documents/05. Nokia_PoV/Parallel_Test/venv/lib/python3.9/site-packages/airflow/example_dags/tutorial_dag.py
[2025-04-02T16:41:43.428-0400] {logging_mixin.py:188} INFO - [2025-04-02T16:41:43.428-0400] {dag.py:3096} INFO - Sync 1 DAGs
[2025-04-02T16:41:43.432-0400] {logging_mixin.py:188} INFO - [2025-04-02T16:41:43.432-0400] {dag.py:3954} INFO - Setting next_dagrun for tutorial_dag to None, run_after=None
[2025-04-02T16:41:43.438-0400] {processor.py:183} INFO - Processing /Users/prasenjeet.gadhe/Documents/05. Nokia_PoV/Parallel_Test/venv/lib/python3.9/site-packages/airflow/example_dags/tutorial_dag.py took 0.078 seconds
[2025-04-02T16:42:41.634-0400] {processor.py:161} INFO - Started process (PID=90105) to work on /Users/prasenjeet.gadhe/Documents/05. Nokia_PoV/Parallel_Test/venv/lib/python3.9/site-packages/airflow/example_dags/tutorial_dag.py
[2025-04-02T16:42:41.636-0400] {processor.py:830} INFO - Processing file /Users/prasenjeet.gadhe/Documents/05. Nokia_PoV/Parallel_Test/venv/lib/python3.9/site-packages/airflow/example_dags/tutorial_dag.py for tasks to queue
[2025-04-02T16:42:41.636-0400] {logging_mixin.py:188} INFO - [2025-04-02T16:42:41.636-0400] {dagbag.py:540} INFO - Filling up the DagBag from /Users/prasenjeet.gadhe/Documents/05. Nokia_PoV/Parallel_Test/venv/lib/python3.9/site-packages/airflow/example_dags/tutorial_dag.py
[2025-04-02T16:42:41.646-0400] {processor.py:840} INFO - DAG(s) 'tutorial_dag' retrieved from /Users/prasenjeet.gadhe/Documents/05. Nokia_PoV/Parallel_Test/venv/lib/python3.9/site-packages/airflow/example_dags/tutorial_dag.py
[2025-04-02T16:42:41.697-0400] {logging_mixin.py:188} INFO - [2025-04-02T16:42:41.697-0400] {dag.py:3096} INFO - Sync 1 DAGs
[2025-04-02T16:42:41.700-0400] {logging_mixin.py:188} INFO - [2025-04-02T16:42:41.700-0400] {dag.py:3954} INFO - Setting next_dagrun for tutorial_dag to None, run_after=None
[2025-04-02T16:42:41.706-0400] {processor.py:183} INFO - Processing /Users/prasenjeet.gadhe/Documents/05. Nokia_PoV/Parallel_Test/venv/lib/python3.9/site-packages/airflow/example_dags/tutorial_dag.py took 0.074 seconds
[2025-04-02T16:43:37.899-0400] {processor.py:161} INFO - Started process (PID=97059) to work on /Users/prasenjeet.gadhe/Documents/05. Nokia_PoV/Parallel_Test/venv/lib/python3.9/site-packages/airflow/example_dags/tutorial_dag.py
[2025-04-02T16:43:37.901-0400] {processor.py:830} INFO - Processing file /Users/prasenjeet.gadhe/Documents/05. Nokia_PoV/Parallel_Test/venv/lib/python3.9/site-packages/airflow/example_dags/tutorial_dag.py for tasks to queue
[2025-04-02T16:43:37.901-0400] {logging_mixin.py:188} INFO - [2025-04-02T16:43:37.901-0400] {dagbag.py:540} INFO - Filling up the DagBag from /Users/prasenjeet.gadhe/Documents/05. Nokia_PoV/Parallel_Test/venv/lib/python3.9/site-packages/airflow/example_dags/tutorial_dag.py
[2025-04-02T16:43:37.911-0400] {processor.py:840} INFO - DAG(s) 'tutorial_dag' retrieved from /Users/prasenjeet.gadhe/Documents/05. Nokia_PoV/Parallel_Test/venv/lib/python3.9/site-packages/airflow/example_dags/tutorial_dag.py
[2025-04-02T16:43:37.967-0400] {logging_mixin.py:188} INFO - [2025-04-02T16:43:37.967-0400] {dag.py:3096} INFO - Sync 1 DAGs
[2025-04-02T16:43:37.970-0400] {logging_mixin.py:188} INFO - [2025-04-02T16:43:37.970-0400] {dag.py:3954} INFO - Setting next_dagrun for tutorial_dag to None, run_after=None
[2025-04-02T16:43:37.977-0400] {processor.py:183} INFO - Processing /Users/prasenjeet.gadhe/Documents/05. Nokia_PoV/Parallel_Test/venv/lib/python3.9/site-packages/airflow/example_dags/tutorial_dag.py took 0.079 seconds
[2025-04-02T16:45:37.920-0400] {processor.py:161} INFO - Started process (PID=12298) to work on /Users/prasenjeet.gadhe/Documents/05. Nokia_PoV/Parallel_Test/venv/lib/python3.9/site-packages/airflow/example_dags/tutorial_dag.py
[2025-04-02T16:45:37.921-0400] {processor.py:830} INFO - Processing file /Users/prasenjeet.gadhe/Documents/05. Nokia_PoV/Parallel_Test/venv/lib/python3.9/site-packages/airflow/example_dags/tutorial_dag.py for tasks to queue
[2025-04-02T16:45:37.921-0400] {logging_mixin.py:188} INFO - [2025-04-02T16:45:37.921-0400] {dagbag.py:540} INFO - Filling up the DagBag from /Users/prasenjeet.gadhe/Documents/05. Nokia_PoV/Parallel_Test/venv/lib/python3.9/site-packages/airflow/example_dags/tutorial_dag.py
[2025-04-02T16:45:37.931-0400] {processor.py:840} INFO - DAG(s) 'tutorial_dag' retrieved from /Users/prasenjeet.gadhe/Documents/05. Nokia_PoV/Parallel_Test/venv/lib/python3.9/site-packages/airflow/example_dags/tutorial_dag.py
[2025-04-02T16:45:37.982-0400] {logging_mixin.py:188} INFO - [2025-04-02T16:45:37.982-0400] {dag.py:3096} INFO - Sync 1 DAGs
[2025-04-02T16:45:37.986-0400] {logging_mixin.py:188} INFO - [2025-04-02T16:45:37.985-0400] {dag.py:3954} INFO - Setting next_dagrun for tutorial_dag to None, run_after=None
[2025-04-02T16:45:37.991-0400] {processor.py:183} INFO - Processing /Users/prasenjeet.gadhe/Documents/05. Nokia_PoV/Parallel_Test/venv/lib/python3.9/site-packages/airflow/example_dags/tutorial_dag.py took 0.073 seconds
[2025-04-02T16:47:06.615-0400] {processor.py:161} INFO - Started process (PID=23307) to work on /Users/prasenjeet.gadhe/Documents/05. Nokia_PoV/Parallel_Test/venv/lib/python3.9/site-packages/airflow/example_dags/tutorial_dag.py
[2025-04-02T16:47:06.617-0400] {processor.py:830} INFO - Processing file /Users/prasenjeet.gadhe/Documents/05. Nokia_PoV/Parallel_Test/venv/lib/python3.9/site-packages/airflow/example_dags/tutorial_dag.py for tasks to queue
[2025-04-02T16:47:06.617-0400] {logging_mixin.py:188} INFO - [2025-04-02T16:47:06.617-0400] {dagbag.py:540} INFO - Filling up the DagBag from /Users/prasenjeet.gadhe/Documents/05. Nokia_PoV/Parallel_Test/venv/lib/python3.9/site-packages/airflow/example_dags/tutorial_dag.py
[2025-04-02T16:47:06.628-0400] {processor.py:840} INFO - DAG(s) 'tutorial_dag' retrieved from /Users/prasenjeet.gadhe/Documents/05. Nokia_PoV/Parallel_Test/venv/lib/python3.9/site-packages/airflow/example_dags/tutorial_dag.py
[2025-04-02T16:47:06.698-0400] {logging_mixin.py:188} INFO - [2025-04-02T16:47:06.698-0400] {dag.py:3096} INFO - Sync 1 DAGs
[2025-04-02T16:47:06.701-0400] {logging_mixin.py:188} INFO - [2025-04-02T16:47:06.701-0400] {dag.py:3954} INFO - Setting next_dagrun for tutorial_dag to None, run_after=None
[2025-04-02T16:47:06.709-0400] {processor.py:183} INFO - Processing /Users/prasenjeet.gadhe/Documents/05. Nokia_PoV/Parallel_Test/venv/lib/python3.9/site-packages/airflow/example_dags/tutorial_dag.py took 0.095 seconds
[2025-04-02T16:48:06.844-0400] {processor.py:161} INFO - Started process (PID=30764) to work on /Users/prasenjeet.gadhe/Documents/05. Nokia_PoV/Parallel_Test/venv/lib/python3.9/site-packages/airflow/example_dags/tutorial_dag.py
[2025-04-02T16:48:06.845-0400] {processor.py:830} INFO - Processing file /Users/prasenjeet.gadhe/Documents/05. Nokia_PoV/Parallel_Test/venv/lib/python3.9/site-packages/airflow/example_dags/tutorial_dag.py for tasks to queue
[2025-04-02T16:48:06.846-0400] {logging_mixin.py:188} INFO - [2025-04-02T16:48:06.846-0400] {dagbag.py:540} INFO - Filling up the DagBag from /Users/prasenjeet.gadhe/Documents/05. Nokia_PoV/Parallel_Test/venv/lib/python3.9/site-packages/airflow/example_dags/tutorial_dag.py
[2025-04-02T16:48:06.856-0400] {processor.py:840} INFO - DAG(s) 'tutorial_dag' retrieved from /Users/prasenjeet.gadhe/Documents/05. Nokia_PoV/Parallel_Test/venv/lib/python3.9/site-packages/airflow/example_dags/tutorial_dag.py
[2025-04-02T16:48:06.910-0400] {logging_mixin.py:188} INFO - [2025-04-02T16:48:06.909-0400] {dag.py:3096} INFO - Sync 1 DAGs
[2025-04-02T16:48:06.913-0400] {logging_mixin.py:188} INFO - [2025-04-02T16:48:06.913-0400] {dag.py:3954} INFO - Setting next_dagrun for tutorial_dag to None, run_after=None
[2025-04-02T16:48:06.919-0400] {processor.py:183} INFO - Processing /Users/prasenjeet.gadhe/Documents/05. Nokia_PoV/Parallel_Test/venv/lib/python3.9/site-packages/airflow/example_dags/tutorial_dag.py took 0.076 seconds
[2025-04-02T16:49:02.470-0400] {processor.py:161} INFO - Started process (PID=37666) to work on /Users/prasenjeet.gadhe/Documents/05. Nokia_PoV/Parallel_Test/venv/lib/python3.9/site-packages/airflow/example_dags/tutorial_dag.py
[2025-04-02T16:49:02.472-0400] {processor.py:830} INFO - Processing file /Users/prasenjeet.gadhe/Documents/05. Nokia_PoV/Parallel_Test/venv/lib/python3.9/site-packages/airflow/example_dags/tutorial_dag.py for tasks to queue
[2025-04-02T16:49:02.472-0400] {logging_mixin.py:188} INFO - [2025-04-02T16:49:02.472-0400] {dagbag.py:540} INFO - Filling up the DagBag from /Users/prasenjeet.gadhe/Documents/05. Nokia_PoV/Parallel_Test/venv/lib/python3.9/site-packages/airflow/example_dags/tutorial_dag.py
[2025-04-02T16:49:02.482-0400] {processor.py:840} INFO - DAG(s) 'tutorial_dag' retrieved from /Users/prasenjeet.gadhe/Documents/05. Nokia_PoV/Parallel_Test/venv/lib/python3.9/site-packages/airflow/example_dags/tutorial_dag.py
[2025-04-02T16:49:02.537-0400] {logging_mixin.py:188} INFO - [2025-04-02T16:49:02.537-0400] {dag.py:3096} INFO - Sync 1 DAGs
[2025-04-02T16:49:02.540-0400] {logging_mixin.py:188} INFO - [2025-04-02T16:49:02.540-0400] {dag.py:3954} INFO - Setting next_dagrun for tutorial_dag to None, run_after=None
[2025-04-02T16:49:02.547-0400] {processor.py:183} INFO - Processing /Users/prasenjeet.gadhe/Documents/05. Nokia_PoV/Parallel_Test/venv/lib/python3.9/site-packages/airflow/example_dags/tutorial_dag.py took 0.078 seconds
[2025-04-02T16:50:48.855-0400] {processor.py:161} INFO - Started process (PID=50768) to work on /Users/prasenjeet.gadhe/Documents/05. Nokia_PoV/Parallel_Test/venv/lib/python3.9/site-packages/airflow/example_dags/tutorial_dag.py
[2025-04-02T16:50:48.857-0400] {processor.py:830} INFO - Processing file /Users/prasenjeet.gadhe/Documents/05. Nokia_PoV/Parallel_Test/venv/lib/python3.9/site-packages/airflow/example_dags/tutorial_dag.py for tasks to queue
[2025-04-02T16:50:48.858-0400] {logging_mixin.py:188} INFO - [2025-04-02T16:50:48.857-0400] {dagbag.py:540} INFO - Filling up the DagBag from /Users/prasenjeet.gadhe/Documents/05. Nokia_PoV/Parallel_Test/venv/lib/python3.9/site-packages/airflow/example_dags/tutorial_dag.py
[2025-04-02T16:50:48.867-0400] {processor.py:840} INFO - DAG(s) 'tutorial_dag' retrieved from /Users/prasenjeet.gadhe/Documents/05. Nokia_PoV/Parallel_Test/venv/lib/python3.9/site-packages/airflow/example_dags/tutorial_dag.py
[2025-04-02T16:50:48.920-0400] {logging_mixin.py:188} INFO - [2025-04-02T16:50:48.920-0400] {dag.py:3096} INFO - Sync 1 DAGs
[2025-04-02T16:50:48.924-0400] {logging_mixin.py:188} INFO - [2025-04-02T16:50:48.924-0400] {dag.py:3954} INFO - Setting next_dagrun for tutorial_dag to None, run_after=None
[2025-04-02T16:50:48.930-0400] {processor.py:183} INFO - Processing /Users/prasenjeet.gadhe/Documents/05. Nokia_PoV/Parallel_Test/venv/lib/python3.9/site-packages/airflow/example_dags/tutorial_dag.py took 0.076 seconds
[2025-04-02T16:52:19.438-0400] {processor.py:161} INFO - Started process (PID=62041) to work on /Users/prasenjeet.gadhe/Documents/05. Nokia_PoV/Parallel_Test/venv/lib/python3.9/site-packages/airflow/example_dags/tutorial_dag.py
[2025-04-02T16:52:19.439-0400] {processor.py:830} INFO - Processing file /Users/prasenjeet.gadhe/Documents/05. Nokia_PoV/Parallel_Test/venv/lib/python3.9/site-packages/airflow/example_dags/tutorial_dag.py for tasks to queue
[2025-04-02T16:52:19.439-0400] {logging_mixin.py:188} INFO - [2025-04-02T16:52:19.439-0400] {dagbag.py:540} INFO - Filling up the DagBag from /Users/prasenjeet.gadhe/Documents/05. Nokia_PoV/Parallel_Test/venv/lib/python3.9/site-packages/airflow/example_dags/tutorial_dag.py
[2025-04-02T16:52:19.451-0400] {processor.py:840} INFO - DAG(s) 'tutorial_dag' retrieved from /Users/prasenjeet.gadhe/Documents/05. Nokia_PoV/Parallel_Test/venv/lib/python3.9/site-packages/airflow/example_dags/tutorial_dag.py
[2025-04-02T16:52:19.509-0400] {logging_mixin.py:188} INFO - [2025-04-02T16:52:19.508-0400] {dag.py:3096} INFO - Sync 1 DAGs
[2025-04-02T16:52:19.512-0400] {logging_mixin.py:188} INFO - [2025-04-02T16:52:19.512-0400] {dag.py:3954} INFO - Setting next_dagrun for tutorial_dag to None, run_after=None
[2025-04-02T16:52:19.518-0400] {processor.py:183} INFO - Processing /Users/prasenjeet.gadhe/Documents/05. Nokia_PoV/Parallel_Test/venv/lib/python3.9/site-packages/airflow/example_dags/tutorial_dag.py took 0.082 seconds
[2025-04-02T16:53:16.450-0400] {processor.py:161} INFO - Started process (PID=69033) to work on /Users/prasenjeet.gadhe/Documents/05. Nokia_PoV/Parallel_Test/venv/lib/python3.9/site-packages/airflow/example_dags/tutorial_dag.py
[2025-04-02T16:53:16.452-0400] {processor.py:830} INFO - Processing file /Users/prasenjeet.gadhe/Documents/05. Nokia_PoV/Parallel_Test/venv/lib/python3.9/site-packages/airflow/example_dags/tutorial_dag.py for tasks to queue
[2025-04-02T16:53:16.453-0400] {logging_mixin.py:188} INFO - [2025-04-02T16:53:16.453-0400] {dagbag.py:540} INFO - Filling up the DagBag from /Users/prasenjeet.gadhe/Documents/05. Nokia_PoV/Parallel_Test/venv/lib/python3.9/site-packages/airflow/example_dags/tutorial_dag.py
[2025-04-02T16:53:16.462-0400] {processor.py:840} INFO - DAG(s) 'tutorial_dag' retrieved from /Users/prasenjeet.gadhe/Documents/05. Nokia_PoV/Parallel_Test/venv/lib/python3.9/site-packages/airflow/example_dags/tutorial_dag.py
[2025-04-02T16:53:16.515-0400] {logging_mixin.py:188} INFO - [2025-04-02T16:53:16.515-0400] {dag.py:3096} INFO - Sync 1 DAGs
[2025-04-02T16:53:16.518-0400] {logging_mixin.py:188} INFO - [2025-04-02T16:53:16.518-0400] {dag.py:3954} INFO - Setting next_dagrun for tutorial_dag to None, run_after=None
[2025-04-02T16:53:16.524-0400] {processor.py:183} INFO - Processing /Users/prasenjeet.gadhe/Documents/05. Nokia_PoV/Parallel_Test/venv/lib/python3.9/site-packages/airflow/example_dags/tutorial_dag.py took 0.075 seconds
[2025-04-02T16:54:09.701-0400] {processor.py:161} INFO - Started process (PID=75649) to work on /Users/prasenjeet.gadhe/Documents/05. Nokia_PoV/Parallel_Test/venv/lib/python3.9/site-packages/airflow/example_dags/tutorial_dag.py
[2025-04-02T16:54:09.703-0400] {processor.py:830} INFO - Processing file /Users/prasenjeet.gadhe/Documents/05. Nokia_PoV/Parallel_Test/venv/lib/python3.9/site-packages/airflow/example_dags/tutorial_dag.py for tasks to queue
[2025-04-02T16:54:09.703-0400] {logging_mixin.py:188} INFO - [2025-04-02T16:54:09.703-0400] {dagbag.py:540} INFO - Filling up the DagBag from /Users/prasenjeet.gadhe/Documents/05. Nokia_PoV/Parallel_Test/venv/lib/python3.9/site-packages/airflow/example_dags/tutorial_dag.py
[2025-04-02T16:54:09.714-0400] {processor.py:840} INFO - DAG(s) 'tutorial_dag' retrieved from /Users/prasenjeet.gadhe/Documents/05. Nokia_PoV/Parallel_Test/venv/lib/python3.9/site-packages/airflow/example_dags/tutorial_dag.py
[2025-04-02T16:54:09.773-0400] {logging_mixin.py:188} INFO - [2025-04-02T16:54:09.772-0400] {dag.py:3096} INFO - Sync 1 DAGs
[2025-04-02T16:54:09.776-0400] {logging_mixin.py:188} INFO - [2025-04-02T16:54:09.776-0400] {dag.py:3954} INFO - Setting next_dagrun for tutorial_dag to None, run_after=None
[2025-04-02T16:54:09.783-0400] {processor.py:183} INFO - Processing /Users/prasenjeet.gadhe/Documents/05. Nokia_PoV/Parallel_Test/venv/lib/python3.9/site-packages/airflow/example_dags/tutorial_dag.py took 0.083 seconds
[2025-04-02T16:55:06.328-0400] {processor.py:161} INFO - Started process (PID=82708) to work on /Users/prasenjeet.gadhe/Documents/05. Nokia_PoV/Parallel_Test/venv/lib/python3.9/site-packages/airflow/example_dags/tutorial_dag.py
[2025-04-02T16:55:06.330-0400] {processor.py:830} INFO - Processing file /Users/prasenjeet.gadhe/Documents/05. Nokia_PoV/Parallel_Test/venv/lib/python3.9/site-packages/airflow/example_dags/tutorial_dag.py for tasks to queue
[2025-04-02T16:55:06.330-0400] {logging_mixin.py:188} INFO - [2025-04-02T16:55:06.330-0400] {dagbag.py:540} INFO - Filling up the DagBag from /Users/prasenjeet.gadhe/Documents/05. Nokia_PoV/Parallel_Test/venv/lib/python3.9/site-packages/airflow/example_dags/tutorial_dag.py
[2025-04-02T16:55:06.340-0400] {processor.py:840} INFO - DAG(s) 'tutorial_dag' retrieved from /Users/prasenjeet.gadhe/Documents/05. Nokia_PoV/Parallel_Test/venv/lib/python3.9/site-packages/airflow/example_dags/tutorial_dag.py
[2025-04-02T16:55:06.394-0400] {logging_mixin.py:188} INFO - [2025-04-02T16:55:06.394-0400] {dag.py:3096} INFO - Sync 1 DAGs
[2025-04-02T16:55:06.397-0400] {logging_mixin.py:188} INFO - [2025-04-02T16:55:06.397-0400] {dag.py:3954} INFO - Setting next_dagrun for tutorial_dag to None, run_after=None
[2025-04-02T16:55:06.403-0400] {processor.py:183} INFO - Processing /Users/prasenjeet.gadhe/Documents/05. Nokia_PoV/Parallel_Test/venv/lib/python3.9/site-packages/airflow/example_dags/tutorial_dag.py took 0.076 seconds
[2025-04-02T16:56:05.181-0400] {processor.py:161} INFO - Started process (PID=90023) to work on /Users/prasenjeet.gadhe/Documents/05. Nokia_PoV/Parallel_Test/venv/lib/python3.9/site-packages/airflow/example_dags/tutorial_dag.py
[2025-04-02T16:56:05.182-0400] {processor.py:830} INFO - Processing file /Users/prasenjeet.gadhe/Documents/05. Nokia_PoV/Parallel_Test/venv/lib/python3.9/site-packages/airflow/example_dags/tutorial_dag.py for tasks to queue
[2025-04-02T16:56:05.183-0400] {logging_mixin.py:188} INFO - [2025-04-02T16:56:05.183-0400] {dagbag.py:540} INFO - Filling up the DagBag from /Users/prasenjeet.gadhe/Documents/05. Nokia_PoV/Parallel_Test/venv/lib/python3.9/site-packages/airflow/example_dags/tutorial_dag.py
[2025-04-02T16:56:05.193-0400] {processor.py:840} INFO - DAG(s) 'tutorial_dag' retrieved from /Users/prasenjeet.gadhe/Documents/05. Nokia_PoV/Parallel_Test/venv/lib/python3.9/site-packages/airflow/example_dags/tutorial_dag.py
[2025-04-02T16:56:05.248-0400] {logging_mixin.py:188} INFO - [2025-04-02T16:56:05.248-0400] {dag.py:3096} INFO - Sync 1 DAGs
[2025-04-02T16:56:05.251-0400] {logging_mixin.py:188} INFO - [2025-04-02T16:56:05.251-0400] {dag.py:3954} INFO - Setting next_dagrun for tutorial_dag to None, run_after=None
[2025-04-02T16:56:05.257-0400] {processor.py:183} INFO - Processing /Users/prasenjeet.gadhe/Documents/05. Nokia_PoV/Parallel_Test/venv/lib/python3.9/site-packages/airflow/example_dags/tutorial_dag.py took 0.077 seconds
[2025-04-02T16:57:02.397-0400] {processor.py:161} INFO - Started process (PID=97049) to work on /Users/prasenjeet.gadhe/Documents/05. Nokia_PoV/Parallel_Test/venv/lib/python3.9/site-packages/airflow/example_dags/tutorial_dag.py
[2025-04-02T16:57:02.399-0400] {processor.py:830} INFO - Processing file /Users/prasenjeet.gadhe/Documents/05. Nokia_PoV/Parallel_Test/venv/lib/python3.9/site-packages/airflow/example_dags/tutorial_dag.py for tasks to queue
[2025-04-02T16:57:02.399-0400] {logging_mixin.py:188} INFO - [2025-04-02T16:57:02.399-0400] {dagbag.py:540} INFO - Filling up the DagBag from /Users/prasenjeet.gadhe/Documents/05. Nokia_PoV/Parallel_Test/venv/lib/python3.9/site-packages/airflow/example_dags/tutorial_dag.py
[2025-04-02T16:57:02.409-0400] {processor.py:840} INFO - DAG(s) 'tutorial_dag' retrieved from /Users/prasenjeet.gadhe/Documents/05. Nokia_PoV/Parallel_Test/venv/lib/python3.9/site-packages/airflow/example_dags/tutorial_dag.py
[2025-04-02T16:57:02.468-0400] {logging_mixin.py:188} INFO - [2025-04-02T16:57:02.468-0400] {dag.py:3096} INFO - Sync 1 DAGs
[2025-04-02T16:57:02.472-0400] {logging_mixin.py:188} INFO - [2025-04-02T16:57:02.472-0400] {dag.py:3954} INFO - Setting next_dagrun for tutorial_dag to None, run_after=None
[2025-04-02T16:57:02.479-0400] {processor.py:183} INFO - Processing /Users/prasenjeet.gadhe/Documents/05. Nokia_PoV/Parallel_Test/venv/lib/python3.9/site-packages/airflow/example_dags/tutorial_dag.py took 0.083 seconds
[2025-04-02T16:57:58.707-0400] {processor.py:161} INFO - Started process (PID=4281) to work on /Users/prasenjeet.gadhe/Documents/05. Nokia_PoV/Parallel_Test/venv/lib/python3.9/site-packages/airflow/example_dags/tutorial_dag.py
[2025-04-02T16:57:58.709-0400] {processor.py:830} INFO - Processing file /Users/prasenjeet.gadhe/Documents/05. Nokia_PoV/Parallel_Test/venv/lib/python3.9/site-packages/airflow/example_dags/tutorial_dag.py for tasks to queue
[2025-04-02T16:57:58.709-0400] {logging_mixin.py:188} INFO - [2025-04-02T16:57:58.709-0400] {dagbag.py:540} INFO - Filling up the DagBag from /Users/prasenjeet.gadhe/Documents/05. Nokia_PoV/Parallel_Test/venv/lib/python3.9/site-packages/airflow/example_dags/tutorial_dag.py
[2025-04-02T16:57:58.719-0400] {processor.py:840} INFO - DAG(s) 'tutorial_dag' retrieved from /Users/prasenjeet.gadhe/Documents/05. Nokia_PoV/Parallel_Test/venv/lib/python3.9/site-packages/airflow/example_dags/tutorial_dag.py
[2025-04-02T16:57:58.774-0400] {logging_mixin.py:188} INFO - [2025-04-02T16:57:58.774-0400] {dag.py:3096} INFO - Sync 1 DAGs
[2025-04-02T16:57:58.777-0400] {logging_mixin.py:188} INFO - [2025-04-02T16:57:58.777-0400] {dag.py:3954} INFO - Setting next_dagrun for tutorial_dag to None, run_after=None
[2025-04-02T16:57:58.784-0400] {processor.py:183} INFO - Processing /Users/prasenjeet.gadhe/Documents/05. Nokia_PoV/Parallel_Test/venv/lib/python3.9/site-packages/airflow/example_dags/tutorial_dag.py took 0.077 seconds
[2025-04-02T16:58:55.559-0400] {processor.py:161} INFO - Started process (PID=11245) to work on /Users/prasenjeet.gadhe/Documents/05. Nokia_PoV/Parallel_Test/venv/lib/python3.9/site-packages/airflow/example_dags/tutorial_dag.py
[2025-04-02T16:58:55.561-0400] {processor.py:830} INFO - Processing file /Users/prasenjeet.gadhe/Documents/05. Nokia_PoV/Parallel_Test/venv/lib/python3.9/site-packages/airflow/example_dags/tutorial_dag.py for tasks to queue
[2025-04-02T16:58:55.561-0400] {logging_mixin.py:188} INFO - [2025-04-02T16:58:55.561-0400] {dagbag.py:540} INFO - Filling up the DagBag from /Users/prasenjeet.gadhe/Documents/05. Nokia_PoV/Parallel_Test/venv/lib/python3.9/site-packages/airflow/example_dags/tutorial_dag.py
[2025-04-02T16:58:55.572-0400] {processor.py:840} INFO - DAG(s) 'tutorial_dag' retrieved from /Users/prasenjeet.gadhe/Documents/05. Nokia_PoV/Parallel_Test/venv/lib/python3.9/site-packages/airflow/example_dags/tutorial_dag.py
[2025-04-02T16:58:55.629-0400] {logging_mixin.py:188} INFO - [2025-04-02T16:58:55.629-0400] {dag.py:3096} INFO - Sync 1 DAGs
[2025-04-02T16:58:55.632-0400] {logging_mixin.py:188} INFO - [2025-04-02T16:58:55.632-0400] {dag.py:3954} INFO - Setting next_dagrun for tutorial_dag to None, run_after=None
[2025-04-02T16:58:55.638-0400] {processor.py:183} INFO - Processing /Users/prasenjeet.gadhe/Documents/05. Nokia_PoV/Parallel_Test/venv/lib/python3.9/site-packages/airflow/example_dags/tutorial_dag.py took 0.080 seconds
[2025-04-02T16:59:50.772-0400] {processor.py:161} INFO - Started process (PID=18003) to work on /Users/prasenjeet.gadhe/Documents/05. Nokia_PoV/Parallel_Test/venv/lib/python3.9/site-packages/airflow/example_dags/tutorial_dag.py
[2025-04-02T16:59:50.774-0400] {processor.py:830} INFO - Processing file /Users/prasenjeet.gadhe/Documents/05. Nokia_PoV/Parallel_Test/venv/lib/python3.9/site-packages/airflow/example_dags/tutorial_dag.py for tasks to queue
[2025-04-02T16:59:50.774-0400] {logging_mixin.py:188} INFO - [2025-04-02T16:59:50.774-0400] {dagbag.py:540} INFO - Filling up the DagBag from /Users/prasenjeet.gadhe/Documents/05. Nokia_PoV/Parallel_Test/venv/lib/python3.9/site-packages/airflow/example_dags/tutorial_dag.py
[2025-04-02T16:59:50.783-0400] {processor.py:840} INFO - DAG(s) 'tutorial_dag' retrieved from /Users/prasenjeet.gadhe/Documents/05. Nokia_PoV/Parallel_Test/venv/lib/python3.9/site-packages/airflow/example_dags/tutorial_dag.py
[2025-04-02T16:59:50.842-0400] {logging_mixin.py:188} INFO - [2025-04-02T16:59:50.842-0400] {dag.py:3096} INFO - Sync 1 DAGs
[2025-04-02T16:59:50.846-0400] {logging_mixin.py:188} INFO - [2025-04-02T16:59:50.846-0400] {dag.py:3954} INFO - Setting next_dagrun for tutorial_dag to None, run_after=None
[2025-04-02T16:59:50.853-0400] {processor.py:183} INFO - Processing /Users/prasenjeet.gadhe/Documents/05. Nokia_PoV/Parallel_Test/venv/lib/python3.9/site-packages/airflow/example_dags/tutorial_dag.py took 0.081 seconds
[2025-04-02T17:00:46.107-0400] {processor.py:161} INFO - Started process (PID=24804) to work on /Users/prasenjeet.gadhe/Documents/05. Nokia_PoV/Parallel_Test/venv/lib/python3.9/site-packages/airflow/example_dags/tutorial_dag.py
[2025-04-02T17:00:46.109-0400] {processor.py:830} INFO - Processing file /Users/prasenjeet.gadhe/Documents/05. Nokia_PoV/Parallel_Test/venv/lib/python3.9/site-packages/airflow/example_dags/tutorial_dag.py for tasks to queue
[2025-04-02T17:00:46.110-0400] {logging_mixin.py:188} INFO - [2025-04-02T17:00:46.109-0400] {dagbag.py:540} INFO - Filling up the DagBag from /Users/prasenjeet.gadhe/Documents/05. Nokia_PoV/Parallel_Test/venv/lib/python3.9/site-packages/airflow/example_dags/tutorial_dag.py
[2025-04-02T17:00:46.119-0400] {processor.py:840} INFO - DAG(s) 'tutorial_dag' retrieved from /Users/prasenjeet.gadhe/Documents/05. Nokia_PoV/Parallel_Test/venv/lib/python3.9/site-packages/airflow/example_dags/tutorial_dag.py
[2025-04-02T17:00:46.172-0400] {logging_mixin.py:188} INFO - [2025-04-02T17:00:46.172-0400] {dag.py:3096} INFO - Sync 1 DAGs
[2025-04-02T17:00:46.175-0400] {logging_mixin.py:188} INFO - [2025-04-02T17:00:46.175-0400] {dag.py:3954} INFO - Setting next_dagrun for tutorial_dag to None, run_after=None
[2025-04-02T17:00:46.181-0400] {processor.py:183} INFO - Processing /Users/prasenjeet.gadhe/Documents/05. Nokia_PoV/Parallel_Test/venv/lib/python3.9/site-packages/airflow/example_dags/tutorial_dag.py took 0.075 seconds
[2025-04-02T17:01:42.976-0400] {processor.py:161} INFO - Started process (PID=31845) to work on /Users/prasenjeet.gadhe/Documents/05. Nokia_PoV/Parallel_Test/venv/lib/python3.9/site-packages/airflow/example_dags/tutorial_dag.py
[2025-04-02T17:01:42.978-0400] {processor.py:830} INFO - Processing file /Users/prasenjeet.gadhe/Documents/05. Nokia_PoV/Parallel_Test/venv/lib/python3.9/site-packages/airflow/example_dags/tutorial_dag.py for tasks to queue
[2025-04-02T17:01:42.978-0400] {logging_mixin.py:188} INFO - [2025-04-02T17:01:42.978-0400] {dagbag.py:540} INFO - Filling up the DagBag from /Users/prasenjeet.gadhe/Documents/05. Nokia_PoV/Parallel_Test/venv/lib/python3.9/site-packages/airflow/example_dags/tutorial_dag.py
[2025-04-02T17:01:42.990-0400] {processor.py:840} INFO - DAG(s) 'tutorial_dag' retrieved from /Users/prasenjeet.gadhe/Documents/05. Nokia_PoV/Parallel_Test/venv/lib/python3.9/site-packages/airflow/example_dags/tutorial_dag.py
[2025-04-02T17:01:43.056-0400] {logging_mixin.py:188} INFO - [2025-04-02T17:01:43.056-0400] {dag.py:3096} INFO - Sync 1 DAGs
[2025-04-02T17:01:43.060-0400] {logging_mixin.py:188} INFO - [2025-04-02T17:01:43.059-0400] {dag.py:3954} INFO - Setting next_dagrun for tutorial_dag to None, run_after=None
[2025-04-02T17:01:43.066-0400] {processor.py:183} INFO - Processing /Users/prasenjeet.gadhe/Documents/05. Nokia_PoV/Parallel_Test/venv/lib/python3.9/site-packages/airflow/example_dags/tutorial_dag.py took 0.091 seconds
[2025-04-02T17:02:40.122-0400] {processor.py:161} INFO - Started process (PID=38786) to work on /Users/prasenjeet.gadhe/Documents/05. Nokia_PoV/Parallel_Test/venv/lib/python3.9/site-packages/airflow/example_dags/tutorial_dag.py
[2025-04-02T17:02:40.124-0400] {processor.py:830} INFO - Processing file /Users/prasenjeet.gadhe/Documents/05. Nokia_PoV/Parallel_Test/venv/lib/python3.9/site-packages/airflow/example_dags/tutorial_dag.py for tasks to queue
[2025-04-02T17:02:40.124-0400] {logging_mixin.py:188} INFO - [2025-04-02T17:02:40.124-0400] {dagbag.py:540} INFO - Filling up the DagBag from /Users/prasenjeet.gadhe/Documents/05. Nokia_PoV/Parallel_Test/venv/lib/python3.9/site-packages/airflow/example_dags/tutorial_dag.py
[2025-04-02T17:02:40.134-0400] {processor.py:840} INFO - DAG(s) 'tutorial_dag' retrieved from /Users/prasenjeet.gadhe/Documents/05. Nokia_PoV/Parallel_Test/venv/lib/python3.9/site-packages/airflow/example_dags/tutorial_dag.py
[2025-04-02T17:02:40.187-0400] {logging_mixin.py:188} INFO - [2025-04-02T17:02:40.187-0400] {dag.py:3096} INFO - Sync 1 DAGs
[2025-04-02T17:02:40.190-0400] {logging_mixin.py:188} INFO - [2025-04-02T17:02:40.190-0400] {dag.py:3954} INFO - Setting next_dagrun for tutorial_dag to None, run_after=None
[2025-04-02T17:02:40.196-0400] {processor.py:183} INFO - Processing /Users/prasenjeet.gadhe/Documents/05. Nokia_PoV/Parallel_Test/venv/lib/python3.9/site-packages/airflow/example_dags/tutorial_dag.py took 0.075 seconds
[2025-04-02T17:03:34.839-0400] {processor.py:161} INFO - Started process (PID=45562) to work on /Users/prasenjeet.gadhe/Documents/05. Nokia_PoV/Parallel_Test/venv/lib/python3.9/site-packages/airflow/example_dags/tutorial_dag.py
[2025-04-02T17:03:34.840-0400] {processor.py:830} INFO - Processing file /Users/prasenjeet.gadhe/Documents/05. Nokia_PoV/Parallel_Test/venv/lib/python3.9/site-packages/airflow/example_dags/tutorial_dag.py for tasks to queue
[2025-04-02T17:03:34.840-0400] {logging_mixin.py:188} INFO - [2025-04-02T17:03:34.840-0400] {dagbag.py:540} INFO - Filling up the DagBag from /Users/prasenjeet.gadhe/Documents/05. Nokia_PoV/Parallel_Test/venv/lib/python3.9/site-packages/airflow/example_dags/tutorial_dag.py
[2025-04-02T17:03:34.850-0400] {processor.py:840} INFO - DAG(s) 'tutorial_dag' retrieved from /Users/prasenjeet.gadhe/Documents/05. Nokia_PoV/Parallel_Test/venv/lib/python3.9/site-packages/airflow/example_dags/tutorial_dag.py
[2025-04-02T17:03:34.908-0400] {logging_mixin.py:188} INFO - [2025-04-02T17:03:34.908-0400] {dag.py:3096} INFO - Sync 1 DAGs
[2025-04-02T17:03:34.911-0400] {logging_mixin.py:188} INFO - [2025-04-02T17:03:34.911-0400] {dag.py:3954} INFO - Setting next_dagrun for tutorial_dag to None, run_after=None
[2025-04-02T17:03:34.917-0400] {processor.py:183} INFO - Processing /Users/prasenjeet.gadhe/Documents/05. Nokia_PoV/Parallel_Test/venv/lib/python3.9/site-packages/airflow/example_dags/tutorial_dag.py took 0.080 seconds
[2025-04-02T17:04:31.170-0400] {processor.py:161} INFO - Started process (PID=52428) to work on /Users/prasenjeet.gadhe/Documents/05. Nokia_PoV/Parallel_Test/venv/lib/python3.9/site-packages/airflow/example_dags/tutorial_dag.py
[2025-04-02T17:04:31.172-0400] {processor.py:830} INFO - Processing file /Users/prasenjeet.gadhe/Documents/05. Nokia_PoV/Parallel_Test/venv/lib/python3.9/site-packages/airflow/example_dags/tutorial_dag.py for tasks to queue
[2025-04-02T17:04:31.172-0400] {logging_mixin.py:188} INFO - [2025-04-02T17:04:31.172-0400] {dagbag.py:540} INFO - Filling up the DagBag from /Users/prasenjeet.gadhe/Documents/05. Nokia_PoV/Parallel_Test/venv/lib/python3.9/site-packages/airflow/example_dags/tutorial_dag.py
[2025-04-02T17:04:31.181-0400] {processor.py:840} INFO - DAG(s) 'tutorial_dag' retrieved from /Users/prasenjeet.gadhe/Documents/05. Nokia_PoV/Parallel_Test/venv/lib/python3.9/site-packages/airflow/example_dags/tutorial_dag.py
[2025-04-02T17:04:31.234-0400] {logging_mixin.py:188} INFO - [2025-04-02T17:04:31.233-0400] {dag.py:3096} INFO - Sync 1 DAGs
[2025-04-02T17:04:31.237-0400] {logging_mixin.py:188} INFO - [2025-04-02T17:04:31.237-0400] {dag.py:3954} INFO - Setting next_dagrun for tutorial_dag to None, run_after=None
[2025-04-02T17:04:31.243-0400] {processor.py:183} INFO - Processing /Users/prasenjeet.gadhe/Documents/05. Nokia_PoV/Parallel_Test/venv/lib/python3.9/site-packages/airflow/example_dags/tutorial_dag.py took 0.074 seconds
[2025-04-02T17:05:25.703-0400] {processor.py:161} INFO - Started process (PID=59192) to work on /Users/prasenjeet.gadhe/Documents/05. Nokia_PoV/Parallel_Test/venv/lib/python3.9/site-packages/airflow/example_dags/tutorial_dag.py
[2025-04-02T17:05:25.705-0400] {processor.py:830} INFO - Processing file /Users/prasenjeet.gadhe/Documents/05. Nokia_PoV/Parallel_Test/venv/lib/python3.9/site-packages/airflow/example_dags/tutorial_dag.py for tasks to queue
[2025-04-02T17:05:25.705-0400] {logging_mixin.py:188} INFO - [2025-04-02T17:05:25.705-0400] {dagbag.py:540} INFO - Filling up the DagBag from /Users/prasenjeet.gadhe/Documents/05. Nokia_PoV/Parallel_Test/venv/lib/python3.9/site-packages/airflow/example_dags/tutorial_dag.py
[2025-04-02T17:05:25.715-0400] {processor.py:840} INFO - DAG(s) 'tutorial_dag' retrieved from /Users/prasenjeet.gadhe/Documents/05. Nokia_PoV/Parallel_Test/venv/lib/python3.9/site-packages/airflow/example_dags/tutorial_dag.py
[2025-04-02T17:05:25.768-0400] {logging_mixin.py:188} INFO - [2025-04-02T17:05:25.768-0400] {dag.py:3096} INFO - Sync 1 DAGs
[2025-04-02T17:05:25.771-0400] {logging_mixin.py:188} INFO - [2025-04-02T17:05:25.771-0400] {dag.py:3954} INFO - Setting next_dagrun for tutorial_dag to None, run_after=None
[2025-04-02T17:05:25.778-0400] {processor.py:183} INFO - Processing /Users/prasenjeet.gadhe/Documents/05. Nokia_PoV/Parallel_Test/venv/lib/python3.9/site-packages/airflow/example_dags/tutorial_dag.py took 0.076 seconds
[2025-04-02T17:06:20.566-0400] {processor.py:161} INFO - Started process (PID=65853) to work on /Users/prasenjeet.gadhe/Documents/05. Nokia_PoV/Parallel_Test/venv/lib/python3.9/site-packages/airflow/example_dags/tutorial_dag.py
[2025-04-02T17:06:20.567-0400] {processor.py:830} INFO - Processing file /Users/prasenjeet.gadhe/Documents/05. Nokia_PoV/Parallel_Test/venv/lib/python3.9/site-packages/airflow/example_dags/tutorial_dag.py for tasks to queue
[2025-04-02T17:06:20.567-0400] {logging_mixin.py:188} INFO - [2025-04-02T17:06:20.567-0400] {dagbag.py:540} INFO - Filling up the DagBag from /Users/prasenjeet.gadhe/Documents/05. Nokia_PoV/Parallel_Test/venv/lib/python3.9/site-packages/airflow/example_dags/tutorial_dag.py
[2025-04-02T17:06:20.578-0400] {processor.py:840} INFO - DAG(s) 'tutorial_dag' retrieved from /Users/prasenjeet.gadhe/Documents/05. Nokia_PoV/Parallel_Test/venv/lib/python3.9/site-packages/airflow/example_dags/tutorial_dag.py
[2025-04-02T17:06:20.631-0400] {logging_mixin.py:188} INFO - [2025-04-02T17:06:20.631-0400] {dag.py:3096} INFO - Sync 1 DAGs
[2025-04-02T17:06:20.634-0400] {logging_mixin.py:188} INFO - [2025-04-02T17:06:20.634-0400] {dag.py:3954} INFO - Setting next_dagrun for tutorial_dag to None, run_after=None
[2025-04-02T17:06:20.641-0400] {processor.py:183} INFO - Processing /Users/prasenjeet.gadhe/Documents/05. Nokia_PoV/Parallel_Test/venv/lib/python3.9/site-packages/airflow/example_dags/tutorial_dag.py took 0.076 seconds
[2025-04-02T17:07:16.603-0400] {processor.py:161} INFO - Started process (PID=72845) to work on /Users/prasenjeet.gadhe/Documents/05. Nokia_PoV/Parallel_Test/venv/lib/python3.9/site-packages/airflow/example_dags/tutorial_dag.py
[2025-04-02T17:07:16.605-0400] {processor.py:830} INFO - Processing file /Users/prasenjeet.gadhe/Documents/05. Nokia_PoV/Parallel_Test/venv/lib/python3.9/site-packages/airflow/example_dags/tutorial_dag.py for tasks to queue
[2025-04-02T17:07:16.606-0400] {logging_mixin.py:188} INFO - [2025-04-02T17:07:16.606-0400] {dagbag.py:540} INFO - Filling up the DagBag from /Users/prasenjeet.gadhe/Documents/05. Nokia_PoV/Parallel_Test/venv/lib/python3.9/site-packages/airflow/example_dags/tutorial_dag.py
[2025-04-02T17:07:16.615-0400] {processor.py:840} INFO - DAG(s) 'tutorial_dag' retrieved from /Users/prasenjeet.gadhe/Documents/05. Nokia_PoV/Parallel_Test/venv/lib/python3.9/site-packages/airflow/example_dags/tutorial_dag.py
[2025-04-02T17:07:16.671-0400] {logging_mixin.py:188} INFO - [2025-04-02T17:07:16.670-0400] {dag.py:3096} INFO - Sync 1 DAGs
[2025-04-02T17:07:16.674-0400] {logging_mixin.py:188} INFO - [2025-04-02T17:07:16.674-0400] {dag.py:3954} INFO - Setting next_dagrun for tutorial_dag to None, run_after=None
[2025-04-02T17:07:16.680-0400] {processor.py:183} INFO - Processing /Users/prasenjeet.gadhe/Documents/05. Nokia_PoV/Parallel_Test/venv/lib/python3.9/site-packages/airflow/example_dags/tutorial_dag.py took 0.078 seconds
[2025-04-02T17:08:13.006-0400] {processor.py:161} INFO - Started process (PID=79791) to work on /Users/prasenjeet.gadhe/Documents/05. Nokia_PoV/Parallel_Test/venv/lib/python3.9/site-packages/airflow/example_dags/tutorial_dag.py
[2025-04-02T17:08:13.008-0400] {processor.py:830} INFO - Processing file /Users/prasenjeet.gadhe/Documents/05. Nokia_PoV/Parallel_Test/venv/lib/python3.9/site-packages/airflow/example_dags/tutorial_dag.py for tasks to queue
[2025-04-02T17:08:13.009-0400] {logging_mixin.py:188} INFO - [2025-04-02T17:08:13.009-0400] {dagbag.py:540} INFO - Filling up the DagBag from /Users/prasenjeet.gadhe/Documents/05. Nokia_PoV/Parallel_Test/venv/lib/python3.9/site-packages/airflow/example_dags/tutorial_dag.py
[2025-04-02T17:08:13.018-0400] {processor.py:840} INFO - DAG(s) 'tutorial_dag' retrieved from /Users/prasenjeet.gadhe/Documents/05. Nokia_PoV/Parallel_Test/venv/lib/python3.9/site-packages/airflow/example_dags/tutorial_dag.py
[2025-04-02T17:08:13.072-0400] {logging_mixin.py:188} INFO - [2025-04-02T17:08:13.072-0400] {dag.py:3096} INFO - Sync 1 DAGs
[2025-04-02T17:08:13.075-0400] {logging_mixin.py:188} INFO - [2025-04-02T17:08:13.075-0400] {dag.py:3954} INFO - Setting next_dagrun for tutorial_dag to None, run_after=None
[2025-04-02T17:08:13.081-0400] {processor.py:183} INFO - Processing /Users/prasenjeet.gadhe/Documents/05. Nokia_PoV/Parallel_Test/venv/lib/python3.9/site-packages/airflow/example_dags/tutorial_dag.py took 0.076 seconds
[2025-04-02T17:09:11.022-0400] {processor.py:161} INFO - Started process (PID=86964) to work on /Users/prasenjeet.gadhe/Documents/05. Nokia_PoV/Parallel_Test/venv/lib/python3.9/site-packages/airflow/example_dags/tutorial_dag.py
[2025-04-02T17:09:11.023-0400] {processor.py:830} INFO - Processing file /Users/prasenjeet.gadhe/Documents/05. Nokia_PoV/Parallel_Test/venv/lib/python3.9/site-packages/airflow/example_dags/tutorial_dag.py for tasks to queue
[2025-04-02T17:09:11.023-0400] {logging_mixin.py:188} INFO - [2025-04-02T17:09:11.023-0400] {dagbag.py:540} INFO - Filling up the DagBag from /Users/prasenjeet.gadhe/Documents/05. Nokia_PoV/Parallel_Test/venv/lib/python3.9/site-packages/airflow/example_dags/tutorial_dag.py
[2025-04-02T17:09:11.033-0400] {processor.py:840} INFO - DAG(s) 'tutorial_dag' retrieved from /Users/prasenjeet.gadhe/Documents/05. Nokia_PoV/Parallel_Test/venv/lib/python3.9/site-packages/airflow/example_dags/tutorial_dag.py
[2025-04-02T17:09:11.086-0400] {logging_mixin.py:188} INFO - [2025-04-02T17:09:11.086-0400] {dag.py:3096} INFO - Sync 1 DAGs
[2025-04-02T17:09:11.090-0400] {logging_mixin.py:188} INFO - [2025-04-02T17:09:11.089-0400] {dag.py:3954} INFO - Setting next_dagrun for tutorial_dag to None, run_after=None
[2025-04-02T17:09:11.096-0400] {processor.py:183} INFO - Processing /Users/prasenjeet.gadhe/Documents/05. Nokia_PoV/Parallel_Test/venv/lib/python3.9/site-packages/airflow/example_dags/tutorial_dag.py took 0.075 seconds
[2025-04-02T17:10:10.680-0400] {processor.py:161} INFO - Started process (PID=94330) to work on /Users/prasenjeet.gadhe/Documents/05. Nokia_PoV/Parallel_Test/venv/lib/python3.9/site-packages/airflow/example_dags/tutorial_dag.py
[2025-04-02T17:10:10.681-0400] {processor.py:830} INFO - Processing file /Users/prasenjeet.gadhe/Documents/05. Nokia_PoV/Parallel_Test/venv/lib/python3.9/site-packages/airflow/example_dags/tutorial_dag.py for tasks to queue
[2025-04-02T17:10:10.682-0400] {logging_mixin.py:188} INFO - [2025-04-02T17:10:10.682-0400] {dagbag.py:540} INFO - Filling up the DagBag from /Users/prasenjeet.gadhe/Documents/05. Nokia_PoV/Parallel_Test/venv/lib/python3.9/site-packages/airflow/example_dags/tutorial_dag.py
[2025-04-02T17:10:10.692-0400] {processor.py:840} INFO - DAG(s) 'tutorial_dag' retrieved from /Users/prasenjeet.gadhe/Documents/05. Nokia_PoV/Parallel_Test/venv/lib/python3.9/site-packages/airflow/example_dags/tutorial_dag.py
[2025-04-02T17:10:10.752-0400] {logging_mixin.py:188} INFO - [2025-04-02T17:10:10.752-0400] {dag.py:3096} INFO - Sync 1 DAGs
[2025-04-02T17:10:10.755-0400] {logging_mixin.py:188} INFO - [2025-04-02T17:10:10.755-0400] {dag.py:3954} INFO - Setting next_dagrun for tutorial_dag to None, run_after=None
[2025-04-02T17:10:10.761-0400] {processor.py:183} INFO - Processing /Users/prasenjeet.gadhe/Documents/05. Nokia_PoV/Parallel_Test/venv/lib/python3.9/site-packages/airflow/example_dags/tutorial_dag.py took 0.082 seconds
[2025-04-02T17:11:04.469-0400] {processor.py:161} INFO - Started process (PID=1199) to work on /Users/prasenjeet.gadhe/Documents/05. Nokia_PoV/Parallel_Test/venv/lib/python3.9/site-packages/airflow/example_dags/tutorial_dag.py
[2025-04-02T17:11:04.470-0400] {processor.py:830} INFO - Processing file /Users/prasenjeet.gadhe/Documents/05. Nokia_PoV/Parallel_Test/venv/lib/python3.9/site-packages/airflow/example_dags/tutorial_dag.py for tasks to queue
[2025-04-02T17:11:04.471-0400] {logging_mixin.py:188} INFO - [2025-04-02T17:11:04.471-0400] {dagbag.py:540} INFO - Filling up the DagBag from /Users/prasenjeet.gadhe/Documents/05. Nokia_PoV/Parallel_Test/venv/lib/python3.9/site-packages/airflow/example_dags/tutorial_dag.py
[2025-04-02T17:11:04.482-0400] {processor.py:840} INFO - DAG(s) 'tutorial_dag' retrieved from /Users/prasenjeet.gadhe/Documents/05. Nokia_PoV/Parallel_Test/venv/lib/python3.9/site-packages/airflow/example_dags/tutorial_dag.py
[2025-04-02T17:11:04.541-0400] {logging_mixin.py:188} INFO - [2025-04-02T17:11:04.540-0400] {dag.py:3096} INFO - Sync 1 DAGs
[2025-04-02T17:11:04.544-0400] {logging_mixin.py:188} INFO - [2025-04-02T17:11:04.544-0400] {dag.py:3954} INFO - Setting next_dagrun for tutorial_dag to None, run_after=None
[2025-04-02T17:11:04.550-0400] {processor.py:183} INFO - Processing /Users/prasenjeet.gadhe/Documents/05. Nokia_PoV/Parallel_Test/venv/lib/python3.9/site-packages/airflow/example_dags/tutorial_dag.py took 0.083 seconds
[2025-04-02T17:12:00.861-0400] {processor.py:161} INFO - Started process (PID=8271) to work on /Users/prasenjeet.gadhe/Documents/05. Nokia_PoV/Parallel_Test/venv/lib/python3.9/site-packages/airflow/example_dags/tutorial_dag.py
[2025-04-02T17:12:00.863-0400] {processor.py:830} INFO - Processing file /Users/prasenjeet.gadhe/Documents/05. Nokia_PoV/Parallel_Test/venv/lib/python3.9/site-packages/airflow/example_dags/tutorial_dag.py for tasks to queue
[2025-04-02T17:12:00.863-0400] {logging_mixin.py:188} INFO - [2025-04-02T17:12:00.863-0400] {dagbag.py:540} INFO - Filling up the DagBag from /Users/prasenjeet.gadhe/Documents/05. Nokia_PoV/Parallel_Test/venv/lib/python3.9/site-packages/airflow/example_dags/tutorial_dag.py
[2025-04-02T17:12:00.874-0400] {processor.py:840} INFO - DAG(s) 'tutorial_dag' retrieved from /Users/prasenjeet.gadhe/Documents/05. Nokia_PoV/Parallel_Test/venv/lib/python3.9/site-packages/airflow/example_dags/tutorial_dag.py
[2025-04-02T17:12:00.930-0400] {logging_mixin.py:188} INFO - [2025-04-02T17:12:00.930-0400] {dag.py:3096} INFO - Sync 1 DAGs
[2025-04-02T17:12:00.934-0400] {logging_mixin.py:188} INFO - [2025-04-02T17:12:00.934-0400] {dag.py:3954} INFO - Setting next_dagrun for tutorial_dag to None, run_after=None
[2025-04-02T17:12:00.940-0400] {processor.py:183} INFO - Processing /Users/prasenjeet.gadhe/Documents/05. Nokia_PoV/Parallel_Test/venv/lib/python3.9/site-packages/airflow/example_dags/tutorial_dag.py took 0.080 seconds
[2025-04-02T17:13:00.612-0400] {processor.py:161} INFO - Started process (PID=15747) to work on /Users/prasenjeet.gadhe/Documents/05. Nokia_PoV/Parallel_Test/venv/lib/python3.9/site-packages/airflow/example_dags/tutorial_dag.py
[2025-04-02T17:13:00.614-0400] {processor.py:830} INFO - Processing file /Users/prasenjeet.gadhe/Documents/05. Nokia_PoV/Parallel_Test/venv/lib/python3.9/site-packages/airflow/example_dags/tutorial_dag.py for tasks to queue
[2025-04-02T17:13:00.614-0400] {logging_mixin.py:188} INFO - [2025-04-02T17:13:00.614-0400] {dagbag.py:540} INFO - Filling up the DagBag from /Users/prasenjeet.gadhe/Documents/05. Nokia_PoV/Parallel_Test/venv/lib/python3.9/site-packages/airflow/example_dags/tutorial_dag.py
[2025-04-02T17:13:00.624-0400] {processor.py:840} INFO - DAG(s) 'tutorial_dag' retrieved from /Users/prasenjeet.gadhe/Documents/05. Nokia_PoV/Parallel_Test/venv/lib/python3.9/site-packages/airflow/example_dags/tutorial_dag.py
[2025-04-02T17:13:00.681-0400] {logging_mixin.py:188} INFO - [2025-04-02T17:13:00.681-0400] {dag.py:3096} INFO - Sync 1 DAGs
[2025-04-02T17:13:00.685-0400] {logging_mixin.py:188} INFO - [2025-04-02T17:13:00.685-0400] {dag.py:3954} INFO - Setting next_dagrun for tutorial_dag to None, run_after=None
[2025-04-02T17:13:00.692-0400] {processor.py:183} INFO - Processing /Users/prasenjeet.gadhe/Documents/05. Nokia_PoV/Parallel_Test/venv/lib/python3.9/site-packages/airflow/example_dags/tutorial_dag.py took 0.081 seconds
[2025-04-02T17:26:00.140-0400] {processor.py:161} INFO - Started process (PID=12898) to work on /Users/prasenjeet.gadhe/Documents/05. Nokia_PoV/Parallel_Test/venv/lib/python3.9/site-packages/airflow/example_dags/tutorial_dag.py
[2025-04-02T17:26:00.141-0400] {processor.py:830} INFO - Processing file /Users/prasenjeet.gadhe/Documents/05. Nokia_PoV/Parallel_Test/venv/lib/python3.9/site-packages/airflow/example_dags/tutorial_dag.py for tasks to queue
[2025-04-02T17:26:00.142-0400] {logging_mixin.py:188} INFO - [2025-04-02T17:26:00.142-0400] {dagbag.py:540} INFO - Filling up the DagBag from /Users/prasenjeet.gadhe/Documents/05. Nokia_PoV/Parallel_Test/venv/lib/python3.9/site-packages/airflow/example_dags/tutorial_dag.py
[2025-04-02T17:26:00.152-0400] {processor.py:840} INFO - DAG(s) 'tutorial_dag' retrieved from /Users/prasenjeet.gadhe/Documents/05. Nokia_PoV/Parallel_Test/venv/lib/python3.9/site-packages/airflow/example_dags/tutorial_dag.py
[2025-04-02T17:26:00.250-0400] {logging_mixin.py:188} INFO - [2025-04-02T17:26:00.250-0400] {dag.py:3096} INFO - Sync 1 DAGs
[2025-04-02T17:26:00.253-0400] {logging_mixin.py:188} INFO - [2025-04-02T17:26:00.253-0400] {dag.py:3954} INFO - Setting next_dagrun for tutorial_dag to None, run_after=None
[2025-04-02T17:26:00.261-0400] {processor.py:183} INFO - Processing /Users/prasenjeet.gadhe/Documents/05. Nokia_PoV/Parallel_Test/venv/lib/python3.9/site-packages/airflow/example_dags/tutorial_dag.py took 0.122 seconds
