[2025-04-02T16:38:33.720-0400] {processor.py:161} INFO - Started process (PID=59224) to work on /Users/prasenjeet.gadhe/Documents/05. Nokia_PoV/Parallel_Test/venv/lib/python3.9/site-packages/airflow/example_dags/tutorial_objectstorage.py
[2025-04-02T16:38:33.722-0400] {processor.py:830} INFO - Processing file /Users/prasenjeet.gadhe/Documents/05. Nokia_PoV/Parallel_Test/venv/lib/python3.9/site-packages/airflow/example_dags/tutorial_objectstorage.py for tasks to queue
[2025-04-02T16:38:33.722-0400] {logging_mixin.py:188} INFO - [2025-04-02T16:38:33.722-0400] {dagbag.py:540} INFO - Filling up the DagBag from /Users/prasenjeet.gadhe/Documents/05. Nokia_PoV/Parallel_Test/venv/lib/python3.9/site-packages/airflow/example_dags/tutorial_objectstorage.py
[2025-04-02T16:38:33.767-0400] {processor.py:840} INFO - DAG(s) 'tutorial_objectstorage' retrieved from /Users/prasenjeet.gadhe/Documents/05. Nokia_PoV/Parallel_Test/venv/lib/python3.9/site-packages/airflow/example_dags/tutorial_objectstorage.py
[2025-04-02T16:38:33.832-0400] {logging_mixin.py:188} INFO - [2025-04-02T16:38:33.832-0400] {override.py:1829} INFO - Created Permission View: can delete on DAG:tutorial_objectstorage
[2025-04-02T16:38:33.835-0400] {logging_mixin.py:188} INFO - [2025-04-02T16:38:33.835-0400] {override.py:1829} INFO - Created Permission View: can read on DAG:tutorial_objectstorage
[2025-04-02T16:38:33.837-0400] {logging_mixin.py:188} INFO - [2025-04-02T16:38:33.836-0400] {override.py:1829} INFO - Created Permission View: can edit on DAG:tutorial_objectstorage
[2025-04-02T16:38:33.837-0400] {logging_mixin.py:188} INFO - [2025-04-02T16:38:33.837-0400] {dag.py:3096} INFO - Sync 1 DAGs
[2025-04-02T16:38:33.840-0400] {logging_mixin.py:188} INFO - [2025-04-02T16:38:33.840-0400] {dag.py:3118} INFO - Creating ORM DAG for tutorial_objectstorage
[2025-04-02T16:38:33.841-0400] {logging_mixin.py:188} INFO - [2025-04-02T16:38:33.841-0400] {dag.py:3954} INFO - Setting next_dagrun for tutorial_objectstorage to None, run_after=None
[2025-04-02T16:38:33.846-0400] {processor.py:183} INFO - Processing /Users/prasenjeet.gadhe/Documents/05. Nokia_PoV/Parallel_Test/venv/lib/python3.9/site-packages/airflow/example_dags/tutorial_objectstorage.py took 0.127 seconds
[2025-04-02T16:39:15.111-0400] {processor.py:161} INFO - Started process (PID=64367) to work on /Users/prasenjeet.gadhe/Documents/05. Nokia_PoV/Parallel_Test/venv/lib/python3.9/site-packages/airflow/example_dags/tutorial_objectstorage.py
[2025-04-02T16:39:15.112-0400] {processor.py:830} INFO - Processing file /Users/prasenjeet.gadhe/Documents/05. Nokia_PoV/Parallel_Test/venv/lib/python3.9/site-packages/airflow/example_dags/tutorial_objectstorage.py for tasks to queue
[2025-04-02T16:39:15.112-0400] {logging_mixin.py:188} INFO - [2025-04-02T16:39:15.112-0400] {dagbag.py:540} INFO - Filling up the DagBag from /Users/prasenjeet.gadhe/Documents/05. Nokia_PoV/Parallel_Test/venv/lib/python3.9/site-packages/airflow/example_dags/tutorial_objectstorage.py
[2025-04-02T16:39:15.174-0400] {processor.py:840} INFO - DAG(s) 'tutorial_objectstorage' retrieved from /Users/prasenjeet.gadhe/Documents/05. Nokia_PoV/Parallel_Test/venv/lib/python3.9/site-packages/airflow/example_dags/tutorial_objectstorage.py
[2025-04-02T16:39:15.215-0400] {logging_mixin.py:188} INFO - [2025-04-02T16:39:15.215-0400] {dag.py:3096} INFO - Sync 1 DAGs
[2025-04-02T16:39:15.219-0400] {logging_mixin.py:188} INFO - [2025-04-02T16:39:15.219-0400] {dag.py:3954} INFO - Setting next_dagrun for tutorial_objectstorage to None, run_after=None
[2025-04-02T16:39:15.225-0400] {processor.py:183} INFO - Processing /Users/prasenjeet.gadhe/Documents/05. Nokia_PoV/Parallel_Test/venv/lib/python3.9/site-packages/airflow/example_dags/tutorial_objectstorage.py took 0.116 seconds
[2025-04-02T16:40:44.292-0400] {processor.py:161} INFO - Started process (PID=75513) to work on /Users/prasenjeet.gadhe/Documents/05. Nokia_PoV/Parallel_Test/venv/lib/python3.9/site-packages/airflow/example_dags/tutorial_objectstorage.py
[2025-04-02T16:40:44.294-0400] {processor.py:830} INFO - Processing file /Users/prasenjeet.gadhe/Documents/05. Nokia_PoV/Parallel_Test/venv/lib/python3.9/site-packages/airflow/example_dags/tutorial_objectstorage.py for tasks to queue
[2025-04-02T16:40:44.294-0400] {logging_mixin.py:188} INFO - [2025-04-02T16:40:44.294-0400] {dagbag.py:540} INFO - Filling up the DagBag from /Users/prasenjeet.gadhe/Documents/05. Nokia_PoV/Parallel_Test/venv/lib/python3.9/site-packages/airflow/example_dags/tutorial_objectstorage.py
[2025-04-02T16:40:44.358-0400] {processor.py:840} INFO - DAG(s) 'tutorial_objectstorage' retrieved from /Users/prasenjeet.gadhe/Documents/05. Nokia_PoV/Parallel_Test/venv/lib/python3.9/site-packages/airflow/example_dags/tutorial_objectstorage.py
[2025-04-02T16:40:44.396-0400] {logging_mixin.py:188} INFO - [2025-04-02T16:40:44.396-0400] {dag.py:3096} INFO - Sync 1 DAGs
[2025-04-02T16:40:44.399-0400] {logging_mixin.py:188} INFO - [2025-04-02T16:40:44.399-0400] {dag.py:3954} INFO - Setting next_dagrun for tutorial_objectstorage to None, run_after=None
[2025-04-02T16:40:44.406-0400] {processor.py:183} INFO - Processing /Users/prasenjeet.gadhe/Documents/05. Nokia_PoV/Parallel_Test/venv/lib/python3.9/site-packages/airflow/example_dags/tutorial_objectstorage.py took 0.115 seconds
[2025-04-02T16:41:41.542-0400] {processor.py:161} INFO - Started process (PID=82684) to work on /Users/prasenjeet.gadhe/Documents/05. Nokia_PoV/Parallel_Test/venv/lib/python3.9/site-packages/airflow/example_dags/tutorial_objectstorage.py
[2025-04-02T16:41:41.543-0400] {processor.py:830} INFO - Processing file /Users/prasenjeet.gadhe/Documents/05. Nokia_PoV/Parallel_Test/venv/lib/python3.9/site-packages/airflow/example_dags/tutorial_objectstorage.py for tasks to queue
[2025-04-02T16:41:41.543-0400] {logging_mixin.py:188} INFO - [2025-04-02T16:41:41.543-0400] {dagbag.py:540} INFO - Filling up the DagBag from /Users/prasenjeet.gadhe/Documents/05. Nokia_PoV/Parallel_Test/venv/lib/python3.9/site-packages/airflow/example_dags/tutorial_objectstorage.py
[2025-04-02T16:41:41.592-0400] {processor.py:840} INFO - DAG(s) 'tutorial_objectstorage' retrieved from /Users/prasenjeet.gadhe/Documents/05. Nokia_PoV/Parallel_Test/venv/lib/python3.9/site-packages/airflow/example_dags/tutorial_objectstorage.py
[2025-04-02T16:41:41.626-0400] {logging_mixin.py:188} INFO - [2025-04-02T16:41:41.626-0400] {dag.py:3096} INFO - Sync 1 DAGs
[2025-04-02T16:41:41.630-0400] {logging_mixin.py:188} INFO - [2025-04-02T16:41:41.630-0400] {dag.py:3954} INFO - Setting next_dagrun for tutorial_objectstorage to None, run_after=None
[2025-04-02T16:41:41.635-0400] {processor.py:183} INFO - Processing /Users/prasenjeet.gadhe/Documents/05. Nokia_PoV/Parallel_Test/venv/lib/python3.9/site-packages/airflow/example_dags/tutorial_objectstorage.py took 0.094 seconds
[2025-04-02T16:42:39.808-0400] {processor.py:161} INFO - Started process (PID=89906) to work on /Users/prasenjeet.gadhe/Documents/05. Nokia_PoV/Parallel_Test/venv/lib/python3.9/site-packages/airflow/example_dags/tutorial_objectstorage.py
[2025-04-02T16:42:39.811-0400] {processor.py:830} INFO - Processing file /Users/prasenjeet.gadhe/Documents/05. Nokia_PoV/Parallel_Test/venv/lib/python3.9/site-packages/airflow/example_dags/tutorial_objectstorage.py for tasks to queue
[2025-04-02T16:42:39.811-0400] {logging_mixin.py:188} INFO - [2025-04-02T16:42:39.811-0400] {dagbag.py:540} INFO - Filling up the DagBag from /Users/prasenjeet.gadhe/Documents/05. Nokia_PoV/Parallel_Test/venv/lib/python3.9/site-packages/airflow/example_dags/tutorial_objectstorage.py
[2025-04-02T16:42:39.866-0400] {processor.py:840} INFO - DAG(s) 'tutorial_objectstorage' retrieved from /Users/prasenjeet.gadhe/Documents/05. Nokia_PoV/Parallel_Test/venv/lib/python3.9/site-packages/airflow/example_dags/tutorial_objectstorage.py
[2025-04-02T16:42:39.904-0400] {logging_mixin.py:188} INFO - [2025-04-02T16:42:39.904-0400] {dag.py:3096} INFO - Sync 1 DAGs
[2025-04-02T16:42:39.908-0400] {logging_mixin.py:188} INFO - [2025-04-02T16:42:39.907-0400] {dag.py:3954} INFO - Setting next_dagrun for tutorial_objectstorage to None, run_after=None
[2025-04-02T16:42:39.914-0400] {processor.py:183} INFO - Processing /Users/prasenjeet.gadhe/Documents/05. Nokia_PoV/Parallel_Test/venv/lib/python3.9/site-packages/airflow/example_dags/tutorial_objectstorage.py took 0.107 seconds
[2025-04-02T16:43:36.128-0400] {processor.py:161} INFO - Started process (PID=96823) to work on /Users/prasenjeet.gadhe/Documents/05. Nokia_PoV/Parallel_Test/venv/lib/python3.9/site-packages/airflow/example_dags/tutorial_objectstorage.py
[2025-04-02T16:43:36.130-0400] {processor.py:830} INFO - Processing file /Users/prasenjeet.gadhe/Documents/05. Nokia_PoV/Parallel_Test/venv/lib/python3.9/site-packages/airflow/example_dags/tutorial_objectstorage.py for tasks to queue
[2025-04-02T16:43:36.130-0400] {logging_mixin.py:188} INFO - [2025-04-02T16:43:36.130-0400] {dagbag.py:540} INFO - Filling up the DagBag from /Users/prasenjeet.gadhe/Documents/05. Nokia_PoV/Parallel_Test/venv/lib/python3.9/site-packages/airflow/example_dags/tutorial_objectstorage.py
[2025-04-02T16:43:36.186-0400] {processor.py:840} INFO - DAG(s) 'tutorial_objectstorage' retrieved from /Users/prasenjeet.gadhe/Documents/05. Nokia_PoV/Parallel_Test/venv/lib/python3.9/site-packages/airflow/example_dags/tutorial_objectstorage.py
[2025-04-02T16:43:36.223-0400] {logging_mixin.py:188} INFO - [2025-04-02T16:43:36.223-0400] {dag.py:3096} INFO - Sync 1 DAGs
[2025-04-02T16:43:36.226-0400] {logging_mixin.py:188} INFO - [2025-04-02T16:43:36.226-0400] {dag.py:3954} INFO - Setting next_dagrun for tutorial_objectstorage to None, run_after=None
[2025-04-02T16:43:36.232-0400] {processor.py:183} INFO - Processing /Users/prasenjeet.gadhe/Documents/05. Nokia_PoV/Parallel_Test/venv/lib/python3.9/site-packages/airflow/example_dags/tutorial_objectstorage.py took 0.105 seconds
[2025-04-02T16:45:36.122-0400] {processor.py:161} INFO - Started process (PID=12035) to work on /Users/prasenjeet.gadhe/Documents/05. Nokia_PoV/Parallel_Test/venv/lib/python3.9/site-packages/airflow/example_dags/tutorial_objectstorage.py
[2025-04-02T16:45:36.125-0400] {processor.py:830} INFO - Processing file /Users/prasenjeet.gadhe/Documents/05. Nokia_PoV/Parallel_Test/venv/lib/python3.9/site-packages/airflow/example_dags/tutorial_objectstorage.py for tasks to queue
[2025-04-02T16:45:36.125-0400] {logging_mixin.py:188} INFO - [2025-04-02T16:45:36.125-0400] {dagbag.py:540} INFO - Filling up the DagBag from /Users/prasenjeet.gadhe/Documents/05. Nokia_PoV/Parallel_Test/venv/lib/python3.9/site-packages/airflow/example_dags/tutorial_objectstorage.py
[2025-04-02T16:45:36.182-0400] {processor.py:840} INFO - DAG(s) 'tutorial_objectstorage' retrieved from /Users/prasenjeet.gadhe/Documents/05. Nokia_PoV/Parallel_Test/venv/lib/python3.9/site-packages/airflow/example_dags/tutorial_objectstorage.py
[2025-04-02T16:45:36.218-0400] {logging_mixin.py:188} INFO - [2025-04-02T16:45:36.217-0400] {dag.py:3096} INFO - Sync 1 DAGs
[2025-04-02T16:45:36.221-0400] {logging_mixin.py:188} INFO - [2025-04-02T16:45:36.221-0400] {dag.py:3954} INFO - Setting next_dagrun for tutorial_objectstorage to None, run_after=None
[2025-04-02T16:45:36.228-0400] {processor.py:183} INFO - Processing /Users/prasenjeet.gadhe/Documents/05. Nokia_PoV/Parallel_Test/venv/lib/python3.9/site-packages/airflow/example_dags/tutorial_objectstorage.py took 0.108 seconds
[2025-04-02T16:47:05.798-0400] {processor.py:161} INFO - Started process (PID=23186) to work on /Users/prasenjeet.gadhe/Documents/05. Nokia_PoV/Parallel_Test/venv/lib/python3.9/site-packages/airflow/example_dags/tutorial_objectstorage.py
[2025-04-02T16:47:05.800-0400] {processor.py:830} INFO - Processing file /Users/prasenjeet.gadhe/Documents/05. Nokia_PoV/Parallel_Test/venv/lib/python3.9/site-packages/airflow/example_dags/tutorial_objectstorage.py for tasks to queue
[2025-04-02T16:47:05.800-0400] {logging_mixin.py:188} INFO - [2025-04-02T16:47:05.800-0400] {dagbag.py:540} INFO - Filling up the DagBag from /Users/prasenjeet.gadhe/Documents/05. Nokia_PoV/Parallel_Test/venv/lib/python3.9/site-packages/airflow/example_dags/tutorial_objectstorage.py
[2025-04-02T16:47:05.854-0400] {processor.py:840} INFO - DAG(s) 'tutorial_objectstorage' retrieved from /Users/prasenjeet.gadhe/Documents/05. Nokia_PoV/Parallel_Test/venv/lib/python3.9/site-packages/airflow/example_dags/tutorial_objectstorage.py
[2025-04-02T16:47:05.888-0400] {logging_mixin.py:188} INFO - [2025-04-02T16:47:05.888-0400] {dag.py:3096} INFO - Sync 1 DAGs
[2025-04-02T16:47:05.892-0400] {logging_mixin.py:188} INFO - [2025-04-02T16:47:05.891-0400] {dag.py:3954} INFO - Setting next_dagrun for tutorial_objectstorage to None, run_after=None
[2025-04-02T16:47:05.897-0400] {processor.py:183} INFO - Processing /Users/prasenjeet.gadhe/Documents/05. Nokia_PoV/Parallel_Test/venv/lib/python3.9/site-packages/airflow/example_dags/tutorial_objectstorage.py took 0.101 seconds
[2025-04-02T16:48:05.034-0400] {processor.py:161} INFO - Started process (PID=30544) to work on /Users/prasenjeet.gadhe/Documents/05. Nokia_PoV/Parallel_Test/venv/lib/python3.9/site-packages/airflow/example_dags/tutorial_objectstorage.py
[2025-04-02T16:48:05.035-0400] {processor.py:830} INFO - Processing file /Users/prasenjeet.gadhe/Documents/05. Nokia_PoV/Parallel_Test/venv/lib/python3.9/site-packages/airflow/example_dags/tutorial_objectstorage.py for tasks to queue
[2025-04-02T16:48:05.036-0400] {logging_mixin.py:188} INFO - [2025-04-02T16:48:05.035-0400] {dagbag.py:540} INFO - Filling up the DagBag from /Users/prasenjeet.gadhe/Documents/05. Nokia_PoV/Parallel_Test/venv/lib/python3.9/site-packages/airflow/example_dags/tutorial_objectstorage.py
[2025-04-02T16:48:05.089-0400] {processor.py:840} INFO - DAG(s) 'tutorial_objectstorage' retrieved from /Users/prasenjeet.gadhe/Documents/05. Nokia_PoV/Parallel_Test/venv/lib/python3.9/site-packages/airflow/example_dags/tutorial_objectstorage.py
[2025-04-02T16:48:05.124-0400] {logging_mixin.py:188} INFO - [2025-04-02T16:48:05.124-0400] {dag.py:3096} INFO - Sync 1 DAGs
[2025-04-02T16:48:05.127-0400] {logging_mixin.py:188} INFO - [2025-04-02T16:48:05.127-0400] {dag.py:3954} INFO - Setting next_dagrun for tutorial_objectstorage to None, run_after=None
[2025-04-02T16:48:05.133-0400] {processor.py:183} INFO - Processing /Users/prasenjeet.gadhe/Documents/05. Nokia_PoV/Parallel_Test/venv/lib/python3.9/site-packages/airflow/example_dags/tutorial_objectstorage.py took 0.101 seconds
[2025-04-02T16:49:01.708-0400] {processor.py:161} INFO - Started process (PID=37556) to work on /Users/prasenjeet.gadhe/Documents/05. Nokia_PoV/Parallel_Test/venv/lib/python3.9/site-packages/airflow/example_dags/tutorial_objectstorage.py
[2025-04-02T16:49:01.710-0400] {processor.py:830} INFO - Processing file /Users/prasenjeet.gadhe/Documents/05. Nokia_PoV/Parallel_Test/venv/lib/python3.9/site-packages/airflow/example_dags/tutorial_objectstorage.py for tasks to queue
[2025-04-02T16:49:01.710-0400] {logging_mixin.py:188} INFO - [2025-04-02T16:49:01.710-0400] {dagbag.py:540} INFO - Filling up the DagBag from /Users/prasenjeet.gadhe/Documents/05. Nokia_PoV/Parallel_Test/venv/lib/python3.9/site-packages/airflow/example_dags/tutorial_objectstorage.py
[2025-04-02T16:49:01.761-0400] {processor.py:840} INFO - DAG(s) 'tutorial_objectstorage' retrieved from /Users/prasenjeet.gadhe/Documents/05. Nokia_PoV/Parallel_Test/venv/lib/python3.9/site-packages/airflow/example_dags/tutorial_objectstorage.py
[2025-04-02T16:49:01.795-0400] {logging_mixin.py:188} INFO - [2025-04-02T16:49:01.795-0400] {dag.py:3096} INFO - Sync 1 DAGs
[2025-04-02T16:49:01.802-0400] {logging_mixin.py:188} INFO - [2025-04-02T16:49:01.802-0400] {dag.py:3954} INFO - Setting next_dagrun for tutorial_objectstorage to None, run_after=None
[2025-04-02T16:49:01.808-0400] {processor.py:183} INFO - Processing /Users/prasenjeet.gadhe/Documents/05. Nokia_PoV/Parallel_Test/venv/lib/python3.9/site-packages/airflow/example_dags/tutorial_objectstorage.py took 0.101 seconds
[2025-04-02T16:50:47.036-0400] {processor.py:161} INFO - Started process (PID=50591) to work on /Users/prasenjeet.gadhe/Documents/05. Nokia_PoV/Parallel_Test/venv/lib/python3.9/site-packages/airflow/example_dags/tutorial_objectstorage.py
[2025-04-02T16:50:47.038-0400] {processor.py:830} INFO - Processing file /Users/prasenjeet.gadhe/Documents/05. Nokia_PoV/Parallel_Test/venv/lib/python3.9/site-packages/airflow/example_dags/tutorial_objectstorage.py for tasks to queue
[2025-04-02T16:50:47.038-0400] {logging_mixin.py:188} INFO - [2025-04-02T16:50:47.038-0400] {dagbag.py:540} INFO - Filling up the DagBag from /Users/prasenjeet.gadhe/Documents/05. Nokia_PoV/Parallel_Test/venv/lib/python3.9/site-packages/airflow/example_dags/tutorial_objectstorage.py
[2025-04-02T16:50:47.081-0400] {processor.py:840} INFO - DAG(s) 'tutorial_objectstorage' retrieved from /Users/prasenjeet.gadhe/Documents/05. Nokia_PoV/Parallel_Test/venv/lib/python3.9/site-packages/airflow/example_dags/tutorial_objectstorage.py
[2025-04-02T16:50:47.114-0400] {logging_mixin.py:188} INFO - [2025-04-02T16:50:47.114-0400] {dag.py:3096} INFO - Sync 1 DAGs
[2025-04-02T16:50:47.117-0400] {logging_mixin.py:188} INFO - [2025-04-02T16:50:47.117-0400] {dag.py:3954} INFO - Setting next_dagrun for tutorial_objectstorage to None, run_after=None
[2025-04-02T16:50:47.123-0400] {processor.py:183} INFO - Processing /Users/prasenjeet.gadhe/Documents/05. Nokia_PoV/Parallel_Test/venv/lib/python3.9/site-packages/airflow/example_dags/tutorial_objectstorage.py took 0.088 seconds
[2025-04-02T16:52:17.672-0400] {processor.py:161} INFO - Started process (PID=61798) to work on /Users/prasenjeet.gadhe/Documents/05. Nokia_PoV/Parallel_Test/venv/lib/python3.9/site-packages/airflow/example_dags/tutorial_objectstorage.py
[2025-04-02T16:52:17.673-0400] {processor.py:830} INFO - Processing file /Users/prasenjeet.gadhe/Documents/05. Nokia_PoV/Parallel_Test/venv/lib/python3.9/site-packages/airflow/example_dags/tutorial_objectstorage.py for tasks to queue
[2025-04-02T16:52:17.673-0400] {logging_mixin.py:188} INFO - [2025-04-02T16:52:17.673-0400] {dagbag.py:540} INFO - Filling up the DagBag from /Users/prasenjeet.gadhe/Documents/05. Nokia_PoV/Parallel_Test/venv/lib/python3.9/site-packages/airflow/example_dags/tutorial_objectstorage.py
[2025-04-02T16:52:17.723-0400] {processor.py:840} INFO - DAG(s) 'tutorial_objectstorage' retrieved from /Users/prasenjeet.gadhe/Documents/05. Nokia_PoV/Parallel_Test/venv/lib/python3.9/site-packages/airflow/example_dags/tutorial_objectstorage.py
[2025-04-02T16:52:17.757-0400] {logging_mixin.py:188} INFO - [2025-04-02T16:52:17.757-0400] {dag.py:3096} INFO - Sync 1 DAGs
[2025-04-02T16:52:17.760-0400] {logging_mixin.py:188} INFO - [2025-04-02T16:52:17.760-0400] {dag.py:3954} INFO - Setting next_dagrun for tutorial_objectstorage to None, run_after=None
[2025-04-02T16:52:17.766-0400] {processor.py:183} INFO - Processing /Users/prasenjeet.gadhe/Documents/05. Nokia_PoV/Parallel_Test/venv/lib/python3.9/site-packages/airflow/example_dags/tutorial_objectstorage.py took 0.095 seconds
[2025-04-02T16:53:14.661-0400] {processor.py:161} INFO - Started process (PID=68836) to work on /Users/prasenjeet.gadhe/Documents/05. Nokia_PoV/Parallel_Test/venv/lib/python3.9/site-packages/airflow/example_dags/tutorial_objectstorage.py
[2025-04-02T16:53:14.663-0400] {processor.py:830} INFO - Processing file /Users/prasenjeet.gadhe/Documents/05. Nokia_PoV/Parallel_Test/venv/lib/python3.9/site-packages/airflow/example_dags/tutorial_objectstorage.py for tasks to queue
[2025-04-02T16:53:14.663-0400] {logging_mixin.py:188} INFO - [2025-04-02T16:53:14.663-0400] {dagbag.py:540} INFO - Filling up the DagBag from /Users/prasenjeet.gadhe/Documents/05. Nokia_PoV/Parallel_Test/venv/lib/python3.9/site-packages/airflow/example_dags/tutorial_objectstorage.py
[2025-04-02T16:53:14.722-0400] {processor.py:840} INFO - DAG(s) 'tutorial_objectstorage' retrieved from /Users/prasenjeet.gadhe/Documents/05. Nokia_PoV/Parallel_Test/venv/lib/python3.9/site-packages/airflow/example_dags/tutorial_objectstorage.py
[2025-04-02T16:53:14.762-0400] {logging_mixin.py:188} INFO - [2025-04-02T16:53:14.762-0400] {dag.py:3096} INFO - Sync 1 DAGs
[2025-04-02T16:53:14.766-0400] {logging_mixin.py:188} INFO - [2025-04-02T16:53:14.766-0400] {dag.py:3954} INFO - Setting next_dagrun for tutorial_objectstorage to None, run_after=None
[2025-04-02T16:53:14.773-0400] {processor.py:183} INFO - Processing /Users/prasenjeet.gadhe/Documents/05. Nokia_PoV/Parallel_Test/venv/lib/python3.9/site-packages/airflow/example_dags/tutorial_objectstorage.py took 0.113 seconds
[2025-04-02T16:54:07.868-0400] {processor.py:161} INFO - Started process (PID=75391) to work on /Users/prasenjeet.gadhe/Documents/05. Nokia_PoV/Parallel_Test/venv/lib/python3.9/site-packages/airflow/example_dags/tutorial_objectstorage.py
[2025-04-02T16:54:07.870-0400] {processor.py:830} INFO - Processing file /Users/prasenjeet.gadhe/Documents/05. Nokia_PoV/Parallel_Test/venv/lib/python3.9/site-packages/airflow/example_dags/tutorial_objectstorage.py for tasks to queue
[2025-04-02T16:54:07.870-0400] {logging_mixin.py:188} INFO - [2025-04-02T16:54:07.870-0400] {dagbag.py:540} INFO - Filling up the DagBag from /Users/prasenjeet.gadhe/Documents/05. Nokia_PoV/Parallel_Test/venv/lib/python3.9/site-packages/airflow/example_dags/tutorial_objectstorage.py
[2025-04-02T16:54:07.924-0400] {processor.py:840} INFO - DAG(s) 'tutorial_objectstorage' retrieved from /Users/prasenjeet.gadhe/Documents/05. Nokia_PoV/Parallel_Test/venv/lib/python3.9/site-packages/airflow/example_dags/tutorial_objectstorage.py
[2025-04-02T16:54:07.959-0400] {logging_mixin.py:188} INFO - [2025-04-02T16:54:07.959-0400] {dag.py:3096} INFO - Sync 1 DAGs
[2025-04-02T16:54:07.963-0400] {logging_mixin.py:188} INFO - [2025-04-02T16:54:07.963-0400] {dag.py:3954} INFO - Setting next_dagrun for tutorial_objectstorage to None, run_after=None
[2025-04-02T16:54:07.969-0400] {processor.py:183} INFO - Processing /Users/prasenjeet.gadhe/Documents/05. Nokia_PoV/Parallel_Test/venv/lib/python3.9/site-packages/airflow/example_dags/tutorial_objectstorage.py took 0.102 seconds
[2025-04-02T16:55:04.513-0400] {processor.py:161} INFO - Started process (PID=82452) to work on /Users/prasenjeet.gadhe/Documents/05. Nokia_PoV/Parallel_Test/venv/lib/python3.9/site-packages/airflow/example_dags/tutorial_objectstorage.py
[2025-04-02T16:55:04.514-0400] {processor.py:830} INFO - Processing file /Users/prasenjeet.gadhe/Documents/05. Nokia_PoV/Parallel_Test/venv/lib/python3.9/site-packages/airflow/example_dags/tutorial_objectstorage.py for tasks to queue
[2025-04-02T16:55:04.514-0400] {logging_mixin.py:188} INFO - [2025-04-02T16:55:04.514-0400] {dagbag.py:540} INFO - Filling up the DagBag from /Users/prasenjeet.gadhe/Documents/05. Nokia_PoV/Parallel_Test/venv/lib/python3.9/site-packages/airflow/example_dags/tutorial_objectstorage.py
[2025-04-02T16:55:04.577-0400] {processor.py:840} INFO - DAG(s) 'tutorial_objectstorage' retrieved from /Users/prasenjeet.gadhe/Documents/05. Nokia_PoV/Parallel_Test/venv/lib/python3.9/site-packages/airflow/example_dags/tutorial_objectstorage.py
[2025-04-02T16:55:04.611-0400] {logging_mixin.py:188} INFO - [2025-04-02T16:55:04.610-0400] {dag.py:3096} INFO - Sync 1 DAGs
[2025-04-02T16:55:04.614-0400] {logging_mixin.py:188} INFO - [2025-04-02T16:55:04.614-0400] {dag.py:3954} INFO - Setting next_dagrun for tutorial_objectstorage to None, run_after=None
[2025-04-02T16:55:04.620-0400] {processor.py:183} INFO - Processing /Users/prasenjeet.gadhe/Documents/05. Nokia_PoV/Parallel_Test/venv/lib/python3.9/site-packages/airflow/example_dags/tutorial_objectstorage.py took 0.109 seconds
[2025-04-02T16:56:03.298-0400] {processor.py:161} INFO - Started process (PID=89785) to work on /Users/prasenjeet.gadhe/Documents/05. Nokia_PoV/Parallel_Test/venv/lib/python3.9/site-packages/airflow/example_dags/tutorial_objectstorage.py
[2025-04-02T16:56:03.300-0400] {processor.py:830} INFO - Processing file /Users/prasenjeet.gadhe/Documents/05. Nokia_PoV/Parallel_Test/venv/lib/python3.9/site-packages/airflow/example_dags/tutorial_objectstorage.py for tasks to queue
[2025-04-02T16:56:03.300-0400] {logging_mixin.py:188} INFO - [2025-04-02T16:56:03.300-0400] {dagbag.py:540} INFO - Filling up the DagBag from /Users/prasenjeet.gadhe/Documents/05. Nokia_PoV/Parallel_Test/venv/lib/python3.9/site-packages/airflow/example_dags/tutorial_objectstorage.py
[2025-04-02T16:56:03.356-0400] {processor.py:840} INFO - DAG(s) 'tutorial_objectstorage' retrieved from /Users/prasenjeet.gadhe/Documents/05. Nokia_PoV/Parallel_Test/venv/lib/python3.9/site-packages/airflow/example_dags/tutorial_objectstorage.py
[2025-04-02T16:56:03.390-0400] {logging_mixin.py:188} INFO - [2025-04-02T16:56:03.390-0400] {dag.py:3096} INFO - Sync 1 DAGs
[2025-04-02T16:56:03.394-0400] {logging_mixin.py:188} INFO - [2025-04-02T16:56:03.394-0400] {dag.py:3954} INFO - Setting next_dagrun for tutorial_objectstorage to None, run_after=None
[2025-04-02T16:56:03.399-0400] {processor.py:183} INFO - Processing /Users/prasenjeet.gadhe/Documents/05. Nokia_PoV/Parallel_Test/venv/lib/python3.9/site-packages/airflow/example_dags/tutorial_objectstorage.py took 0.102 seconds
[2025-04-02T16:57:00.632-0400] {processor.py:161} INFO - Started process (PID=96777) to work on /Users/prasenjeet.gadhe/Documents/05. Nokia_PoV/Parallel_Test/venv/lib/python3.9/site-packages/airflow/example_dags/tutorial_objectstorage.py
[2025-04-02T16:57:00.634-0400] {processor.py:830} INFO - Processing file /Users/prasenjeet.gadhe/Documents/05. Nokia_PoV/Parallel_Test/venv/lib/python3.9/site-packages/airflow/example_dags/tutorial_objectstorage.py for tasks to queue
[2025-04-02T16:57:00.634-0400] {logging_mixin.py:188} INFO - [2025-04-02T16:57:00.634-0400] {dagbag.py:540} INFO - Filling up the DagBag from /Users/prasenjeet.gadhe/Documents/05. Nokia_PoV/Parallel_Test/venv/lib/python3.9/site-packages/airflow/example_dags/tutorial_objectstorage.py
[2025-04-02T16:57:00.684-0400] {processor.py:840} INFO - DAG(s) 'tutorial_objectstorage' retrieved from /Users/prasenjeet.gadhe/Documents/05. Nokia_PoV/Parallel_Test/venv/lib/python3.9/site-packages/airflow/example_dags/tutorial_objectstorage.py
[2025-04-02T16:57:00.718-0400] {logging_mixin.py:188} INFO - [2025-04-02T16:57:00.718-0400] {dag.py:3096} INFO - Sync 1 DAGs
[2025-04-02T16:57:00.721-0400] {logging_mixin.py:188} INFO - [2025-04-02T16:57:00.721-0400] {dag.py:3954} INFO - Setting next_dagrun for tutorial_objectstorage to None, run_after=None
[2025-04-02T16:57:00.727-0400] {processor.py:183} INFO - Processing /Users/prasenjeet.gadhe/Documents/05. Nokia_PoV/Parallel_Test/venv/lib/python3.9/site-packages/airflow/example_dags/tutorial_objectstorage.py took 0.096 seconds
[2025-04-02T16:57:57.608-0400] {processor.py:161} INFO - Started process (PID=4145) to work on /Users/prasenjeet.gadhe/Documents/05. Nokia_PoV/Parallel_Test/venv/lib/python3.9/site-packages/airflow/example_dags/tutorial_objectstorage.py
[2025-04-02T16:57:57.610-0400] {processor.py:830} INFO - Processing file /Users/prasenjeet.gadhe/Documents/05. Nokia_PoV/Parallel_Test/venv/lib/python3.9/site-packages/airflow/example_dags/tutorial_objectstorage.py for tasks to queue
[2025-04-02T16:57:57.610-0400] {logging_mixin.py:188} INFO - [2025-04-02T16:57:57.610-0400] {dagbag.py:540} INFO - Filling up the DagBag from /Users/prasenjeet.gadhe/Documents/05. Nokia_PoV/Parallel_Test/venv/lib/python3.9/site-packages/airflow/example_dags/tutorial_objectstorage.py
[2025-04-02T16:57:57.665-0400] {processor.py:840} INFO - DAG(s) 'tutorial_objectstorage' retrieved from /Users/prasenjeet.gadhe/Documents/05. Nokia_PoV/Parallel_Test/venv/lib/python3.9/site-packages/airflow/example_dags/tutorial_objectstorage.py
[2025-04-02T16:57:57.701-0400] {logging_mixin.py:188} INFO - [2025-04-02T16:57:57.701-0400] {dag.py:3096} INFO - Sync 1 DAGs
[2025-04-02T16:57:57.704-0400] {logging_mixin.py:188} INFO - [2025-04-02T16:57:57.704-0400] {dag.py:3954} INFO - Setting next_dagrun for tutorial_objectstorage to None, run_after=None
[2025-04-02T16:57:57.710-0400] {processor.py:183} INFO - Processing /Users/prasenjeet.gadhe/Documents/05. Nokia_PoV/Parallel_Test/venv/lib/python3.9/site-packages/airflow/example_dags/tutorial_objectstorage.py took 0.103 seconds
[2025-04-02T16:58:53.766-0400] {processor.py:161} INFO - Started process (PID=11064) to work on /Users/prasenjeet.gadhe/Documents/05. Nokia_PoV/Parallel_Test/venv/lib/python3.9/site-packages/airflow/example_dags/tutorial_objectstorage.py
[2025-04-02T16:58:53.768-0400] {processor.py:830} INFO - Processing file /Users/prasenjeet.gadhe/Documents/05. Nokia_PoV/Parallel_Test/venv/lib/python3.9/site-packages/airflow/example_dags/tutorial_objectstorage.py for tasks to queue
[2025-04-02T16:58:53.768-0400] {logging_mixin.py:188} INFO - [2025-04-02T16:58:53.768-0400] {dagbag.py:540} INFO - Filling up the DagBag from /Users/prasenjeet.gadhe/Documents/05. Nokia_PoV/Parallel_Test/venv/lib/python3.9/site-packages/airflow/example_dags/tutorial_objectstorage.py
[2025-04-02T16:58:53.818-0400] {processor.py:840} INFO - DAG(s) 'tutorial_objectstorage' retrieved from /Users/prasenjeet.gadhe/Documents/05. Nokia_PoV/Parallel_Test/venv/lib/python3.9/site-packages/airflow/example_dags/tutorial_objectstorage.py
[2025-04-02T16:58:53.852-0400] {logging_mixin.py:188} INFO - [2025-04-02T16:58:53.852-0400] {dag.py:3096} INFO - Sync 1 DAGs
[2025-04-02T16:58:53.856-0400] {logging_mixin.py:188} INFO - [2025-04-02T16:58:53.856-0400] {dag.py:3954} INFO - Setting next_dagrun for tutorial_objectstorage to None, run_after=None
[2025-04-02T16:58:53.861-0400] {processor.py:183} INFO - Processing /Users/prasenjeet.gadhe/Documents/05. Nokia_PoV/Parallel_Test/venv/lib/python3.9/site-packages/airflow/example_dags/tutorial_objectstorage.py took 0.097 seconds
[2025-04-02T16:59:48.974-0400] {processor.py:161} INFO - Started process (PID=17865) to work on /Users/prasenjeet.gadhe/Documents/05. Nokia_PoV/Parallel_Test/venv/lib/python3.9/site-packages/airflow/example_dags/tutorial_objectstorage.py
[2025-04-02T16:59:48.977-0400] {processor.py:830} INFO - Processing file /Users/prasenjeet.gadhe/Documents/05. Nokia_PoV/Parallel_Test/venv/lib/python3.9/site-packages/airflow/example_dags/tutorial_objectstorage.py for tasks to queue
[2025-04-02T16:59:48.977-0400] {logging_mixin.py:188} INFO - [2025-04-02T16:59:48.977-0400] {dagbag.py:540} INFO - Filling up the DagBag from /Users/prasenjeet.gadhe/Documents/05. Nokia_PoV/Parallel_Test/venv/lib/python3.9/site-packages/airflow/example_dags/tutorial_objectstorage.py
[2025-04-02T16:59:49.032-0400] {processor.py:840} INFO - DAG(s) 'tutorial_objectstorage' retrieved from /Users/prasenjeet.gadhe/Documents/05. Nokia_PoV/Parallel_Test/venv/lib/python3.9/site-packages/airflow/example_dags/tutorial_objectstorage.py
[2025-04-02T16:59:49.067-0400] {logging_mixin.py:188} INFO - [2025-04-02T16:59:49.067-0400] {dag.py:3096} INFO - Sync 1 DAGs
[2025-04-02T16:59:49.070-0400] {logging_mixin.py:188} INFO - [2025-04-02T16:59:49.070-0400] {dag.py:3954} INFO - Setting next_dagrun for tutorial_objectstorage to None, run_after=None
[2025-04-02T16:59:49.076-0400] {processor.py:183} INFO - Processing /Users/prasenjeet.gadhe/Documents/05. Nokia_PoV/Parallel_Test/venv/lib/python3.9/site-packages/airflow/example_dags/tutorial_objectstorage.py took 0.103 seconds
[2025-04-02T17:00:44.956-0400] {processor.py:161} INFO - Started process (PID=24667) to work on /Users/prasenjeet.gadhe/Documents/05. Nokia_PoV/Parallel_Test/venv/lib/python3.9/site-packages/airflow/example_dags/tutorial_objectstorage.py
[2025-04-02T17:00:44.958-0400] {processor.py:830} INFO - Processing file /Users/prasenjeet.gadhe/Documents/05. Nokia_PoV/Parallel_Test/venv/lib/python3.9/site-packages/airflow/example_dags/tutorial_objectstorage.py for tasks to queue
[2025-04-02T17:00:44.959-0400] {logging_mixin.py:188} INFO - [2025-04-02T17:00:44.959-0400] {dagbag.py:540} INFO - Filling up the DagBag from /Users/prasenjeet.gadhe/Documents/05. Nokia_PoV/Parallel_Test/venv/lib/python3.9/site-packages/airflow/example_dags/tutorial_objectstorage.py
[2025-04-02T17:00:45.008-0400] {processor.py:840} INFO - DAG(s) 'tutorial_objectstorage' retrieved from /Users/prasenjeet.gadhe/Documents/05. Nokia_PoV/Parallel_Test/venv/lib/python3.9/site-packages/airflow/example_dags/tutorial_objectstorage.py
[2025-04-02T17:00:45.042-0400] {logging_mixin.py:188} INFO - [2025-04-02T17:00:45.042-0400] {dag.py:3096} INFO - Sync 1 DAGs
[2025-04-02T17:00:45.046-0400] {logging_mixin.py:188} INFO - [2025-04-02T17:00:45.045-0400] {dag.py:3954} INFO - Setting next_dagrun for tutorial_objectstorage to None, run_after=None
[2025-04-02T17:00:45.051-0400] {processor.py:183} INFO - Processing /Users/prasenjeet.gadhe/Documents/05. Nokia_PoV/Parallel_Test/venv/lib/python3.9/site-packages/airflow/example_dags/tutorial_objectstorage.py took 0.096 seconds
[2025-04-02T17:01:41.207-0400] {processor.py:161} INFO - Started process (PID=31574) to work on /Users/prasenjeet.gadhe/Documents/05. Nokia_PoV/Parallel_Test/venv/lib/python3.9/site-packages/airflow/example_dags/tutorial_objectstorage.py
[2025-04-02T17:01:41.209-0400] {processor.py:830} INFO - Processing file /Users/prasenjeet.gadhe/Documents/05. Nokia_PoV/Parallel_Test/venv/lib/python3.9/site-packages/airflow/example_dags/tutorial_objectstorage.py for tasks to queue
[2025-04-02T17:01:41.209-0400] {logging_mixin.py:188} INFO - [2025-04-02T17:01:41.209-0400] {dagbag.py:540} INFO - Filling up the DagBag from /Users/prasenjeet.gadhe/Documents/05. Nokia_PoV/Parallel_Test/venv/lib/python3.9/site-packages/airflow/example_dags/tutorial_objectstorage.py
[2025-04-02T17:01:41.262-0400] {processor.py:840} INFO - DAG(s) 'tutorial_objectstorage' retrieved from /Users/prasenjeet.gadhe/Documents/05. Nokia_PoV/Parallel_Test/venv/lib/python3.9/site-packages/airflow/example_dags/tutorial_objectstorage.py
[2025-04-02T17:01:41.296-0400] {logging_mixin.py:188} INFO - [2025-04-02T17:01:41.296-0400] {dag.py:3096} INFO - Sync 1 DAGs
[2025-04-02T17:01:41.299-0400] {logging_mixin.py:188} INFO - [2025-04-02T17:01:41.299-0400] {dag.py:3954} INFO - Setting next_dagrun for tutorial_objectstorage to None, run_after=None
[2025-04-02T17:01:41.305-0400] {processor.py:183} INFO - Processing /Users/prasenjeet.gadhe/Documents/05. Nokia_PoV/Parallel_Test/venv/lib/python3.9/site-packages/airflow/example_dags/tutorial_objectstorage.py took 0.099 seconds
[2025-04-02T17:02:38.554-0400] {processor.py:161} INFO - Started process (PID=38650) to work on /Users/prasenjeet.gadhe/Documents/05. Nokia_PoV/Parallel_Test/venv/lib/python3.9/site-packages/airflow/example_dags/tutorial_objectstorage.py
[2025-04-02T17:02:38.556-0400] {processor.py:830} INFO - Processing file /Users/prasenjeet.gadhe/Documents/05. Nokia_PoV/Parallel_Test/venv/lib/python3.9/site-packages/airflow/example_dags/tutorial_objectstorage.py for tasks to queue
[2025-04-02T17:02:38.556-0400] {logging_mixin.py:188} INFO - [2025-04-02T17:02:38.556-0400] {dagbag.py:540} INFO - Filling up the DagBag from /Users/prasenjeet.gadhe/Documents/05. Nokia_PoV/Parallel_Test/venv/lib/python3.9/site-packages/airflow/example_dags/tutorial_objectstorage.py
[2025-04-02T17:02:38.607-0400] {processor.py:840} INFO - DAG(s) 'tutorial_objectstorage' retrieved from /Users/prasenjeet.gadhe/Documents/05. Nokia_PoV/Parallel_Test/venv/lib/python3.9/site-packages/airflow/example_dags/tutorial_objectstorage.py
[2025-04-02T17:02:38.643-0400] {logging_mixin.py:188} INFO - [2025-04-02T17:02:38.643-0400] {dag.py:3096} INFO - Sync 1 DAGs
[2025-04-02T17:02:38.646-0400] {logging_mixin.py:188} INFO - [2025-04-02T17:02:38.646-0400] {dag.py:3954} INFO - Setting next_dagrun for tutorial_objectstorage to None, run_after=None
[2025-04-02T17:02:38.652-0400] {processor.py:183} INFO - Processing /Users/prasenjeet.gadhe/Documents/05. Nokia_PoV/Parallel_Test/venv/lib/python3.9/site-packages/airflow/example_dags/tutorial_objectstorage.py took 0.099 seconds
[2025-04-02T17:03:33.629-0400] {processor.py:161} INFO - Started process (PID=45365) to work on /Users/prasenjeet.gadhe/Documents/05. Nokia_PoV/Parallel_Test/venv/lib/python3.9/site-packages/airflow/example_dags/tutorial_objectstorage.py
[2025-04-02T17:03:33.630-0400] {processor.py:830} INFO - Processing file /Users/prasenjeet.gadhe/Documents/05. Nokia_PoV/Parallel_Test/venv/lib/python3.9/site-packages/airflow/example_dags/tutorial_objectstorage.py for tasks to queue
[2025-04-02T17:03:33.631-0400] {logging_mixin.py:188} INFO - [2025-04-02T17:03:33.631-0400] {dagbag.py:540} INFO - Filling up the DagBag from /Users/prasenjeet.gadhe/Documents/05. Nokia_PoV/Parallel_Test/venv/lib/python3.9/site-packages/airflow/example_dags/tutorial_objectstorage.py
[2025-04-02T17:03:33.684-0400] {processor.py:840} INFO - DAG(s) 'tutorial_objectstorage' retrieved from /Users/prasenjeet.gadhe/Documents/05. Nokia_PoV/Parallel_Test/venv/lib/python3.9/site-packages/airflow/example_dags/tutorial_objectstorage.py
[2025-04-02T17:03:33.718-0400] {logging_mixin.py:188} INFO - [2025-04-02T17:03:33.718-0400] {dag.py:3096} INFO - Sync 1 DAGs
[2025-04-02T17:03:33.721-0400] {logging_mixin.py:188} INFO - [2025-04-02T17:03:33.721-0400] {dag.py:3954} INFO - Setting next_dagrun for tutorial_objectstorage to None, run_after=None
[2025-04-02T17:03:33.727-0400] {processor.py:183} INFO - Processing /Users/prasenjeet.gadhe/Documents/05. Nokia_PoV/Parallel_Test/venv/lib/python3.9/site-packages/airflow/example_dags/tutorial_objectstorage.py took 0.100 seconds
[2025-04-02T17:04:29.369-0400] {processor.py:161} INFO - Started process (PID=52265) to work on /Users/prasenjeet.gadhe/Documents/05. Nokia_PoV/Parallel_Test/venv/lib/python3.9/site-packages/airflow/example_dags/tutorial_objectstorage.py
[2025-04-02T17:04:29.371-0400] {processor.py:830} INFO - Processing file /Users/prasenjeet.gadhe/Documents/05. Nokia_PoV/Parallel_Test/venv/lib/python3.9/site-packages/airflow/example_dags/tutorial_objectstorage.py for tasks to queue
[2025-04-02T17:04:29.371-0400] {logging_mixin.py:188} INFO - [2025-04-02T17:04:29.371-0400] {dagbag.py:540} INFO - Filling up the DagBag from /Users/prasenjeet.gadhe/Documents/05. Nokia_PoV/Parallel_Test/venv/lib/python3.9/site-packages/airflow/example_dags/tutorial_objectstorage.py
[2025-04-02T17:04:29.419-0400] {processor.py:840} INFO - DAG(s) 'tutorial_objectstorage' retrieved from /Users/prasenjeet.gadhe/Documents/05. Nokia_PoV/Parallel_Test/venv/lib/python3.9/site-packages/airflow/example_dags/tutorial_objectstorage.py
[2025-04-02T17:04:29.453-0400] {logging_mixin.py:188} INFO - [2025-04-02T17:04:29.453-0400] {dag.py:3096} INFO - Sync 1 DAGs
[2025-04-02T17:04:29.456-0400] {logging_mixin.py:188} INFO - [2025-04-02T17:04:29.456-0400] {dag.py:3954} INFO - Setting next_dagrun for tutorial_objectstorage to None, run_after=None
[2025-04-02T17:04:29.463-0400] {processor.py:183} INFO - Processing /Users/prasenjeet.gadhe/Documents/05. Nokia_PoV/Parallel_Test/venv/lib/python3.9/site-packages/airflow/example_dags/tutorial_objectstorage.py took 0.095 seconds
[2025-04-02T17:05:23.938-0400] {processor.py:161} INFO - Started process (PID=58921) to work on /Users/prasenjeet.gadhe/Documents/05. Nokia_PoV/Parallel_Test/venv/lib/python3.9/site-packages/airflow/example_dags/tutorial_objectstorage.py
[2025-04-02T17:05:23.940-0400] {processor.py:830} INFO - Processing file /Users/prasenjeet.gadhe/Documents/05. Nokia_PoV/Parallel_Test/venv/lib/python3.9/site-packages/airflow/example_dags/tutorial_objectstorage.py for tasks to queue
[2025-04-02T17:05:23.940-0400] {logging_mixin.py:188} INFO - [2025-04-02T17:05:23.940-0400] {dagbag.py:540} INFO - Filling up the DagBag from /Users/prasenjeet.gadhe/Documents/05. Nokia_PoV/Parallel_Test/venv/lib/python3.9/site-packages/airflow/example_dags/tutorial_objectstorage.py
[2025-04-02T17:05:23.993-0400] {processor.py:840} INFO - DAG(s) 'tutorial_objectstorage' retrieved from /Users/prasenjeet.gadhe/Documents/05. Nokia_PoV/Parallel_Test/venv/lib/python3.9/site-packages/airflow/example_dags/tutorial_objectstorage.py
[2025-04-02T17:05:24.028-0400] {logging_mixin.py:188} INFO - [2025-04-02T17:05:24.028-0400] {dag.py:3096} INFO - Sync 1 DAGs
[2025-04-02T17:05:24.031-0400] {logging_mixin.py:188} INFO - [2025-04-02T17:05:24.031-0400] {dag.py:3954} INFO - Setting next_dagrun for tutorial_objectstorage to None, run_after=None
[2025-04-02T17:05:24.037-0400] {processor.py:183} INFO - Processing /Users/prasenjeet.gadhe/Documents/05. Nokia_PoV/Parallel_Test/venv/lib/python3.9/site-packages/airflow/example_dags/tutorial_objectstorage.py took 0.100 seconds
[2025-04-02T17:06:18.757-0400] {processor.py:161} INFO - Started process (PID=65664) to work on /Users/prasenjeet.gadhe/Documents/05. Nokia_PoV/Parallel_Test/venv/lib/python3.9/site-packages/airflow/example_dags/tutorial_objectstorage.py
[2025-04-02T17:06:18.759-0400] {processor.py:830} INFO - Processing file /Users/prasenjeet.gadhe/Documents/05. Nokia_PoV/Parallel_Test/venv/lib/python3.9/site-packages/airflow/example_dags/tutorial_objectstorage.py for tasks to queue
[2025-04-02T17:06:18.759-0400] {logging_mixin.py:188} INFO - [2025-04-02T17:06:18.759-0400] {dagbag.py:540} INFO - Filling up the DagBag from /Users/prasenjeet.gadhe/Documents/05. Nokia_PoV/Parallel_Test/venv/lib/python3.9/site-packages/airflow/example_dags/tutorial_objectstorage.py
[2025-04-02T17:06:18.810-0400] {processor.py:840} INFO - DAG(s) 'tutorial_objectstorage' retrieved from /Users/prasenjeet.gadhe/Documents/05. Nokia_PoV/Parallel_Test/venv/lib/python3.9/site-packages/airflow/example_dags/tutorial_objectstorage.py
[2025-04-02T17:06:18.845-0400] {logging_mixin.py:188} INFO - [2025-04-02T17:06:18.845-0400] {dag.py:3096} INFO - Sync 1 DAGs
[2025-04-02T17:06:18.848-0400] {logging_mixin.py:188} INFO - [2025-04-02T17:06:18.848-0400] {dag.py:3954} INFO - Setting next_dagrun for tutorial_objectstorage to None, run_after=None
[2025-04-02T17:06:18.854-0400] {processor.py:183} INFO - Processing /Users/prasenjeet.gadhe/Documents/05. Nokia_PoV/Parallel_Test/venv/lib/python3.9/site-packages/airflow/example_dags/tutorial_objectstorage.py took 0.098 seconds
[2025-04-02T17:07:15.809-0400] {processor.py:161} INFO - Started process (PID=72720) to work on /Users/prasenjeet.gadhe/Documents/05. Nokia_PoV/Parallel_Test/venv/lib/python3.9/site-packages/airflow/example_dags/tutorial_objectstorage.py
[2025-04-02T17:07:15.810-0400] {processor.py:830} INFO - Processing file /Users/prasenjeet.gadhe/Documents/05. Nokia_PoV/Parallel_Test/venv/lib/python3.9/site-packages/airflow/example_dags/tutorial_objectstorage.py for tasks to queue
[2025-04-02T17:07:15.810-0400] {logging_mixin.py:188} INFO - [2025-04-02T17:07:15.810-0400] {dagbag.py:540} INFO - Filling up the DagBag from /Users/prasenjeet.gadhe/Documents/05. Nokia_PoV/Parallel_Test/venv/lib/python3.9/site-packages/airflow/example_dags/tutorial_objectstorage.py
[2025-04-02T17:07:15.869-0400] {processor.py:840} INFO - DAG(s) 'tutorial_objectstorage' retrieved from /Users/prasenjeet.gadhe/Documents/05. Nokia_PoV/Parallel_Test/venv/lib/python3.9/site-packages/airflow/example_dags/tutorial_objectstorage.py
[2025-04-02T17:07:15.907-0400] {logging_mixin.py:188} INFO - [2025-04-02T17:07:15.907-0400] {dag.py:3096} INFO - Sync 1 DAGs
[2025-04-02T17:07:15.911-0400] {logging_mixin.py:188} INFO - [2025-04-02T17:07:15.911-0400] {dag.py:3954} INFO - Setting next_dagrun for tutorial_objectstorage to None, run_after=None
[2025-04-02T17:07:15.918-0400] {processor.py:183} INFO - Processing /Users/prasenjeet.gadhe/Documents/05. Nokia_PoV/Parallel_Test/venv/lib/python3.9/site-packages/airflow/example_dags/tutorial_objectstorage.py took 0.110 seconds
[2025-04-02T17:08:11.225-0400] {processor.py:161} INFO - Started process (PID=79617) to work on /Users/prasenjeet.gadhe/Documents/05. Nokia_PoV/Parallel_Test/venv/lib/python3.9/site-packages/airflow/example_dags/tutorial_objectstorage.py
[2025-04-02T17:08:11.227-0400] {processor.py:830} INFO - Processing file /Users/prasenjeet.gadhe/Documents/05. Nokia_PoV/Parallel_Test/venv/lib/python3.9/site-packages/airflow/example_dags/tutorial_objectstorage.py for tasks to queue
[2025-04-02T17:08:11.227-0400] {logging_mixin.py:188} INFO - [2025-04-02T17:08:11.227-0400] {dagbag.py:540} INFO - Filling up the DagBag from /Users/prasenjeet.gadhe/Documents/05. Nokia_PoV/Parallel_Test/venv/lib/python3.9/site-packages/airflow/example_dags/tutorial_objectstorage.py
[2025-04-02T17:08:11.276-0400] {processor.py:840} INFO - DAG(s) 'tutorial_objectstorage' retrieved from /Users/prasenjeet.gadhe/Documents/05. Nokia_PoV/Parallel_Test/venv/lib/python3.9/site-packages/airflow/example_dags/tutorial_objectstorage.py
[2025-04-02T17:08:11.310-0400] {logging_mixin.py:188} INFO - [2025-04-02T17:08:11.310-0400] {dag.py:3096} INFO - Sync 1 DAGs
[2025-04-02T17:08:11.313-0400] {logging_mixin.py:188} INFO - [2025-04-02T17:08:11.313-0400] {dag.py:3954} INFO - Setting next_dagrun for tutorial_objectstorage to None, run_after=None
[2025-04-02T17:08:11.319-0400] {processor.py:183} INFO - Processing /Users/prasenjeet.gadhe/Documents/05. Nokia_PoV/Parallel_Test/venv/lib/python3.9/site-packages/airflow/example_dags/tutorial_objectstorage.py took 0.095 seconds
[2025-04-02T17:09:09.207-0400] {processor.py:161} INFO - Started process (PID=86747) to work on /Users/prasenjeet.gadhe/Documents/05. Nokia_PoV/Parallel_Test/venv/lib/python3.9/site-packages/airflow/example_dags/tutorial_objectstorage.py
[2025-04-02T17:09:09.209-0400] {processor.py:830} INFO - Processing file /Users/prasenjeet.gadhe/Documents/05. Nokia_PoV/Parallel_Test/venv/lib/python3.9/site-packages/airflow/example_dags/tutorial_objectstorage.py for tasks to queue
[2025-04-02T17:09:09.209-0400] {logging_mixin.py:188} INFO - [2025-04-02T17:09:09.209-0400] {dagbag.py:540} INFO - Filling up the DagBag from /Users/prasenjeet.gadhe/Documents/05. Nokia_PoV/Parallel_Test/venv/lib/python3.9/site-packages/airflow/example_dags/tutorial_objectstorage.py
[2025-04-02T17:09:09.264-0400] {processor.py:840} INFO - DAG(s) 'tutorial_objectstorage' retrieved from /Users/prasenjeet.gadhe/Documents/05. Nokia_PoV/Parallel_Test/venv/lib/python3.9/site-packages/airflow/example_dags/tutorial_objectstorage.py
[2025-04-02T17:09:09.299-0400] {logging_mixin.py:188} INFO - [2025-04-02T17:09:09.299-0400] {dag.py:3096} INFO - Sync 1 DAGs
[2025-04-02T17:09:09.302-0400] {logging_mixin.py:188} INFO - [2025-04-02T17:09:09.302-0400] {dag.py:3954} INFO - Setting next_dagrun for tutorial_objectstorage to None, run_after=None
[2025-04-02T17:09:09.309-0400] {processor.py:183} INFO - Processing /Users/prasenjeet.gadhe/Documents/05. Nokia_PoV/Parallel_Test/venv/lib/python3.9/site-packages/airflow/example_dags/tutorial_objectstorage.py took 0.103 seconds
[2025-04-02T17:10:08.790-0400] {processor.py:161} INFO - Started process (PID=94096) to work on /Users/prasenjeet.gadhe/Documents/05. Nokia_PoV/Parallel_Test/venv/lib/python3.9/site-packages/airflow/example_dags/tutorial_objectstorage.py
[2025-04-02T17:10:08.792-0400] {processor.py:830} INFO - Processing file /Users/prasenjeet.gadhe/Documents/05. Nokia_PoV/Parallel_Test/venv/lib/python3.9/site-packages/airflow/example_dags/tutorial_objectstorage.py for tasks to queue
[2025-04-02T17:10:08.792-0400] {logging_mixin.py:188} INFO - [2025-04-02T17:10:08.792-0400] {dagbag.py:540} INFO - Filling up the DagBag from /Users/prasenjeet.gadhe/Documents/05. Nokia_PoV/Parallel_Test/venv/lib/python3.9/site-packages/airflow/example_dags/tutorial_objectstorage.py
[2025-04-02T17:10:08.859-0400] {processor.py:840} INFO - DAG(s) 'tutorial_objectstorage' retrieved from /Users/prasenjeet.gadhe/Documents/05. Nokia_PoV/Parallel_Test/venv/lib/python3.9/site-packages/airflow/example_dags/tutorial_objectstorage.py
[2025-04-02T17:10:08.899-0400] {logging_mixin.py:188} INFO - [2025-04-02T17:10:08.898-0400] {dag.py:3096} INFO - Sync 1 DAGs
[2025-04-02T17:10:08.902-0400] {logging_mixin.py:188} INFO - [2025-04-02T17:10:08.902-0400] {dag.py:3954} INFO - Setting next_dagrun for tutorial_objectstorage to None, run_after=None
[2025-04-02T17:10:08.910-0400] {processor.py:183} INFO - Processing /Users/prasenjeet.gadhe/Documents/05. Nokia_PoV/Parallel_Test/venv/lib/python3.9/site-packages/airflow/example_dags/tutorial_objectstorage.py took 0.121 seconds
[2025-04-02T17:11:02.606-0400] {processor.py:161} INFO - Started process (PID=921) to work on /Users/prasenjeet.gadhe/Documents/05. Nokia_PoV/Parallel_Test/venv/lib/python3.9/site-packages/airflow/example_dags/tutorial_objectstorage.py
[2025-04-02T17:11:02.608-0400] {processor.py:830} INFO - Processing file /Users/prasenjeet.gadhe/Documents/05. Nokia_PoV/Parallel_Test/venv/lib/python3.9/site-packages/airflow/example_dags/tutorial_objectstorage.py for tasks to queue
[2025-04-02T17:11:02.608-0400] {logging_mixin.py:188} INFO - [2025-04-02T17:11:02.608-0400] {dagbag.py:540} INFO - Filling up the DagBag from /Users/prasenjeet.gadhe/Documents/05. Nokia_PoV/Parallel_Test/venv/lib/python3.9/site-packages/airflow/example_dags/tutorial_objectstorage.py
[2025-04-02T17:11:02.664-0400] {processor.py:840} INFO - DAG(s) 'tutorial_objectstorage' retrieved from /Users/prasenjeet.gadhe/Documents/05. Nokia_PoV/Parallel_Test/venv/lib/python3.9/site-packages/airflow/example_dags/tutorial_objectstorage.py
[2025-04-02T17:11:02.700-0400] {logging_mixin.py:188} INFO - [2025-04-02T17:11:02.700-0400] {dag.py:3096} INFO - Sync 1 DAGs
[2025-04-02T17:11:02.704-0400] {logging_mixin.py:188} INFO - [2025-04-02T17:11:02.704-0400] {dag.py:3954} INFO - Setting next_dagrun for tutorial_objectstorage to None, run_after=None
[2025-04-02T17:11:02.711-0400] {processor.py:183} INFO - Processing /Users/prasenjeet.gadhe/Documents/05. Nokia_PoV/Parallel_Test/venv/lib/python3.9/site-packages/airflow/example_dags/tutorial_objectstorage.py took 0.105 seconds
[2025-04-02T17:11:59.060-0400] {processor.py:161} INFO - Started process (PID=8026) to work on /Users/prasenjeet.gadhe/Documents/05. Nokia_PoV/Parallel_Test/venv/lib/python3.9/site-packages/airflow/example_dags/tutorial_objectstorage.py
[2025-04-02T17:11:59.062-0400] {processor.py:830} INFO - Processing file /Users/prasenjeet.gadhe/Documents/05. Nokia_PoV/Parallel_Test/venv/lib/python3.9/site-packages/airflow/example_dags/tutorial_objectstorage.py for tasks to queue
[2025-04-02T17:11:59.062-0400] {logging_mixin.py:188} INFO - [2025-04-02T17:11:59.062-0400] {dagbag.py:540} INFO - Filling up the DagBag from /Users/prasenjeet.gadhe/Documents/05. Nokia_PoV/Parallel_Test/venv/lib/python3.9/site-packages/airflow/example_dags/tutorial_objectstorage.py
[2025-04-02T17:11:59.123-0400] {processor.py:840} INFO - DAG(s) 'tutorial_objectstorage' retrieved from /Users/prasenjeet.gadhe/Documents/05. Nokia_PoV/Parallel_Test/venv/lib/python3.9/site-packages/airflow/example_dags/tutorial_objectstorage.py
[2025-04-02T17:11:59.159-0400] {logging_mixin.py:188} INFO - [2025-04-02T17:11:59.158-0400] {dag.py:3096} INFO - Sync 1 DAGs
[2025-04-02T17:11:59.162-0400] {logging_mixin.py:188} INFO - [2025-04-02T17:11:59.162-0400] {dag.py:3954} INFO - Setting next_dagrun for tutorial_objectstorage to None, run_after=None
[2025-04-02T17:11:59.167-0400] {processor.py:183} INFO - Processing /Users/prasenjeet.gadhe/Documents/05. Nokia_PoV/Parallel_Test/venv/lib/python3.9/site-packages/airflow/example_dags/tutorial_objectstorage.py took 0.109 seconds
[2025-04-02T17:12:59.101-0400] {processor.py:161} INFO - Started process (PID=15529) to work on /Users/prasenjeet.gadhe/Documents/05. Nokia_PoV/Parallel_Test/venv/lib/python3.9/site-packages/airflow/example_dags/tutorial_objectstorage.py
[2025-04-02T17:12:59.102-0400] {processor.py:830} INFO - Processing file /Users/prasenjeet.gadhe/Documents/05. Nokia_PoV/Parallel_Test/venv/lib/python3.9/site-packages/airflow/example_dags/tutorial_objectstorage.py for tasks to queue
[2025-04-02T17:12:59.102-0400] {logging_mixin.py:188} INFO - [2025-04-02T17:12:59.102-0400] {dagbag.py:540} INFO - Filling up the DagBag from /Users/prasenjeet.gadhe/Documents/05. Nokia_PoV/Parallel_Test/venv/lib/python3.9/site-packages/airflow/example_dags/tutorial_objectstorage.py
[2025-04-02T17:12:59.157-0400] {processor.py:840} INFO - DAG(s) 'tutorial_objectstorage' retrieved from /Users/prasenjeet.gadhe/Documents/05. Nokia_PoV/Parallel_Test/venv/lib/python3.9/site-packages/airflow/example_dags/tutorial_objectstorage.py
[2025-04-02T17:12:59.192-0400] {logging_mixin.py:188} INFO - [2025-04-02T17:12:59.192-0400] {dag.py:3096} INFO - Sync 1 DAGs
[2025-04-02T17:12:59.195-0400] {logging_mixin.py:188} INFO - [2025-04-02T17:12:59.195-0400] {dag.py:3954} INFO - Setting next_dagrun for tutorial_objectstorage to None, run_after=None
[2025-04-02T17:12:59.201-0400] {processor.py:183} INFO - Processing /Users/prasenjeet.gadhe/Documents/05. Nokia_PoV/Parallel_Test/venv/lib/python3.9/site-packages/airflow/example_dags/tutorial_objectstorage.py took 0.102 seconds
[2025-04-02T17:25:58.190-0400] {processor.py:161} INFO - Started process (PID=12672) to work on /Users/prasenjeet.gadhe/Documents/05. Nokia_PoV/Parallel_Test/venv/lib/python3.9/site-packages/airflow/example_dags/tutorial_objectstorage.py
[2025-04-02T17:25:58.192-0400] {processor.py:830} INFO - Processing file /Users/prasenjeet.gadhe/Documents/05. Nokia_PoV/Parallel_Test/venv/lib/python3.9/site-packages/airflow/example_dags/tutorial_objectstorage.py for tasks to queue
[2025-04-02T17:25:58.192-0400] {logging_mixin.py:188} INFO - [2025-04-02T17:25:58.192-0400] {dagbag.py:540} INFO - Filling up the DagBag from /Users/prasenjeet.gadhe/Documents/05. Nokia_PoV/Parallel_Test/venv/lib/python3.9/site-packages/airflow/example_dags/tutorial_objectstorage.py
[2025-04-02T17:25:58.244-0400] {processor.py:840} INFO - DAG(s) 'tutorial_objectstorage' retrieved from /Users/prasenjeet.gadhe/Documents/05. Nokia_PoV/Parallel_Test/venv/lib/python3.9/site-packages/airflow/example_dags/tutorial_objectstorage.py
[2025-04-02T17:25:58.317-0400] {logging_mixin.py:188} INFO - [2025-04-02T17:25:58.317-0400] {dag.py:3096} INFO - Sync 1 DAGs
[2025-04-02T17:25:58.322-0400] {logging_mixin.py:188} INFO - [2025-04-02T17:25:58.322-0400] {dag.py:3954} INFO - Setting next_dagrun for tutorial_objectstorage to None, run_after=None
[2025-04-02T17:25:58.329-0400] {processor.py:183} INFO - Processing /Users/prasenjeet.gadhe/Documents/05. Nokia_PoV/Parallel_Test/venv/lib/python3.9/site-packages/airflow/example_dags/tutorial_objectstorage.py took 0.139 seconds
