[2025-04-02T16:38:31.845-0400] {processor.py:161} INFO - Started process (PID=59041) to work on /Users/prasenjeet.gadhe/Documents/05. Nokia_PoV/Parallel_Test/venv/lib/python3.9/site-packages/airflow/example_dags/tutorial_taskflow_api.py
[2025-04-02T16:38:31.846-0400] {processor.py:830} INFO - Processing file /Users/prasenjeet.gadhe/Documents/05. Nokia_PoV/Parallel_Test/venv/lib/python3.9/site-packages/airflow/example_dags/tutorial_taskflow_api.py for tasks to queue
[2025-04-02T16:38:31.846-0400] {logging_mixin.py:188} INFO - [2025-04-02T16:38:31.846-0400] {dagbag.py:540} INFO - Filling up the DagBag from /Users/prasenjeet.gadhe/Documents/05. Nokia_PoV/Parallel_Test/venv/lib/python3.9/site-packages/airflow/example_dags/tutorial_taskflow_api.py
[2025-04-02T16:38:31.862-0400] {processor.py:840} INFO - DAG(s) 'tutorial_taskflow_api' retrieved from /Users/prasenjeet.gadhe/Documents/05. Nokia_PoV/Parallel_Test/venv/lib/python3.9/site-packages/airflow/example_dags/tutorial_taskflow_api.py
[2025-04-02T16:38:31.955-0400] {logging_mixin.py:188} INFO - [2025-04-02T16:38:31.954-0400] {override.py:1829} INFO - Created Permission View: can delete on DAG:tutorial_taskflow_api
[2025-04-02T16:38:31.957-0400] {logging_mixin.py:188} INFO - [2025-04-02T16:38:31.957-0400] {override.py:1829} INFO - Created Permission View: can edit on DAG:tutorial_taskflow_api
[2025-04-02T16:38:31.959-0400] {logging_mixin.py:188} INFO - [2025-04-02T16:38:31.959-0400] {override.py:1829} INFO - Created Permission View: can read on DAG:tutorial_taskflow_api
[2025-04-02T16:38:31.959-0400] {logging_mixin.py:188} INFO - [2025-04-02T16:38:31.959-0400] {dag.py:3096} INFO - Sync 1 DAGs
[2025-04-02T16:38:31.962-0400] {logging_mixin.py:188} INFO - [2025-04-02T16:38:31.962-0400] {dag.py:3118} INFO - Creating ORM DAG for tutorial_taskflow_api
[2025-04-02T16:38:31.962-0400] {logging_mixin.py:188} INFO - [2025-04-02T16:38:31.962-0400] {dag.py:3954} INFO - Setting next_dagrun for tutorial_taskflow_api to None, run_after=None
[2025-04-02T16:38:31.968-0400] {processor.py:183} INFO - Processing /Users/prasenjeet.gadhe/Documents/05. Nokia_PoV/Parallel_Test/venv/lib/python3.9/site-packages/airflow/example_dags/tutorial_taskflow_api.py took 0.124 seconds
[2025-04-02T16:39:13.364-0400] {processor.py:161} INFO - Started process (PID=64094) to work on /Users/prasenjeet.gadhe/Documents/05. Nokia_PoV/Parallel_Test/venv/lib/python3.9/site-packages/airflow/example_dags/tutorial_taskflow_api.py
[2025-04-02T16:39:13.366-0400] {processor.py:830} INFO - Processing file /Users/prasenjeet.gadhe/Documents/05. Nokia_PoV/Parallel_Test/venv/lib/python3.9/site-packages/airflow/example_dags/tutorial_taskflow_api.py for tasks to queue
[2025-04-02T16:39:13.366-0400] {logging_mixin.py:188} INFO - [2025-04-02T16:39:13.366-0400] {dagbag.py:540} INFO - Filling up the DagBag from /Users/prasenjeet.gadhe/Documents/05. Nokia_PoV/Parallel_Test/venv/lib/python3.9/site-packages/airflow/example_dags/tutorial_taskflow_api.py
[2025-04-02T16:39:13.382-0400] {processor.py:840} INFO - DAG(s) 'tutorial_taskflow_api' retrieved from /Users/prasenjeet.gadhe/Documents/05. Nokia_PoV/Parallel_Test/venv/lib/python3.9/site-packages/airflow/example_dags/tutorial_taskflow_api.py
[2025-04-02T16:39:13.440-0400] {logging_mixin.py:188} INFO - [2025-04-02T16:39:13.440-0400] {dag.py:3096} INFO - Sync 1 DAGs
[2025-04-02T16:39:13.443-0400] {logging_mixin.py:188} INFO - [2025-04-02T16:39:13.443-0400] {dag.py:3954} INFO - Setting next_dagrun for tutorial_taskflow_api to None, run_after=None
[2025-04-02T16:39:13.450-0400] {processor.py:183} INFO - Processing /Users/prasenjeet.gadhe/Documents/05. Nokia_PoV/Parallel_Test/venv/lib/python3.9/site-packages/airflow/example_dags/tutorial_taskflow_api.py took 0.087 seconds
[2025-04-02T16:40:42.369-0400] {processor.py:161} INFO - Started process (PID=75253) to work on /Users/prasenjeet.gadhe/Documents/05. Nokia_PoV/Parallel_Test/venv/lib/python3.9/site-packages/airflow/example_dags/tutorial_taskflow_api.py
[2025-04-02T16:40:42.370-0400] {processor.py:830} INFO - Processing file /Users/prasenjeet.gadhe/Documents/05. Nokia_PoV/Parallel_Test/venv/lib/python3.9/site-packages/airflow/example_dags/tutorial_taskflow_api.py for tasks to queue
[2025-04-02T16:40:42.370-0400] {logging_mixin.py:188} INFO - [2025-04-02T16:40:42.370-0400] {dagbag.py:540} INFO - Filling up the DagBag from /Users/prasenjeet.gadhe/Documents/05. Nokia_PoV/Parallel_Test/venv/lib/python3.9/site-packages/airflow/example_dags/tutorial_taskflow_api.py
[2025-04-02T16:40:42.384-0400] {processor.py:840} INFO - DAG(s) 'tutorial_taskflow_api' retrieved from /Users/prasenjeet.gadhe/Documents/05. Nokia_PoV/Parallel_Test/venv/lib/python3.9/site-packages/airflow/example_dags/tutorial_taskflow_api.py
[2025-04-02T16:40:42.441-0400] {logging_mixin.py:188} INFO - [2025-04-02T16:40:42.441-0400] {dag.py:3096} INFO - Sync 1 DAGs
[2025-04-02T16:40:42.444-0400] {logging_mixin.py:188} INFO - [2025-04-02T16:40:42.444-0400] {dag.py:3954} INFO - Setting next_dagrun for tutorial_taskflow_api to None, run_after=None
[2025-04-02T16:40:42.451-0400] {processor.py:183} INFO - Processing /Users/prasenjeet.gadhe/Documents/05. Nokia_PoV/Parallel_Test/venv/lib/python3.9/site-packages/airflow/example_dags/tutorial_taskflow_api.py took 0.084 seconds
[2025-04-02T16:41:39.732-0400] {processor.py:161} INFO - Started process (PID=82501) to work on /Users/prasenjeet.gadhe/Documents/05. Nokia_PoV/Parallel_Test/venv/lib/python3.9/site-packages/airflow/example_dags/tutorial_taskflow_api.py
[2025-04-02T16:41:39.734-0400] {processor.py:830} INFO - Processing file /Users/prasenjeet.gadhe/Documents/05. Nokia_PoV/Parallel_Test/venv/lib/python3.9/site-packages/airflow/example_dags/tutorial_taskflow_api.py for tasks to queue
[2025-04-02T16:41:39.735-0400] {logging_mixin.py:188} INFO - [2025-04-02T16:41:39.735-0400] {dagbag.py:540} INFO - Filling up the DagBag from /Users/prasenjeet.gadhe/Documents/05. Nokia_PoV/Parallel_Test/venv/lib/python3.9/site-packages/airflow/example_dags/tutorial_taskflow_api.py
[2025-04-02T16:41:39.749-0400] {processor.py:840} INFO - DAG(s) 'tutorial_taskflow_api' retrieved from /Users/prasenjeet.gadhe/Documents/05. Nokia_PoV/Parallel_Test/venv/lib/python3.9/site-packages/airflow/example_dags/tutorial_taskflow_api.py
[2025-04-02T16:41:39.811-0400] {logging_mixin.py:188} INFO - [2025-04-02T16:41:39.811-0400] {dag.py:3096} INFO - Sync 1 DAGs
[2025-04-02T16:41:39.815-0400] {logging_mixin.py:188} INFO - [2025-04-02T16:41:39.814-0400] {dag.py:3954} INFO - Setting next_dagrun for tutorial_taskflow_api to None, run_after=None
[2025-04-02T16:41:39.822-0400] {processor.py:183} INFO - Processing /Users/prasenjeet.gadhe/Documents/05. Nokia_PoV/Parallel_Test/venv/lib/python3.9/site-packages/airflow/example_dags/tutorial_taskflow_api.py took 0.090 seconds
[2025-04-02T16:42:37.990-0400] {processor.py:161} INFO - Started process (PID=89678) to work on /Users/prasenjeet.gadhe/Documents/05. Nokia_PoV/Parallel_Test/venv/lib/python3.9/site-packages/airflow/example_dags/tutorial_taskflow_api.py
[2025-04-02T16:42:37.992-0400] {processor.py:830} INFO - Processing file /Users/prasenjeet.gadhe/Documents/05. Nokia_PoV/Parallel_Test/venv/lib/python3.9/site-packages/airflow/example_dags/tutorial_taskflow_api.py for tasks to queue
[2025-04-02T16:42:37.992-0400] {logging_mixin.py:188} INFO - [2025-04-02T16:42:37.992-0400] {dagbag.py:540} INFO - Filling up the DagBag from /Users/prasenjeet.gadhe/Documents/05. Nokia_PoV/Parallel_Test/venv/lib/python3.9/site-packages/airflow/example_dags/tutorial_taskflow_api.py
[2025-04-02T16:42:38.007-0400] {processor.py:840} INFO - DAG(s) 'tutorial_taskflow_api' retrieved from /Users/prasenjeet.gadhe/Documents/05. Nokia_PoV/Parallel_Test/venv/lib/python3.9/site-packages/airflow/example_dags/tutorial_taskflow_api.py
[2025-04-02T16:42:38.068-0400] {logging_mixin.py:188} INFO - [2025-04-02T16:42:38.068-0400] {dag.py:3096} INFO - Sync 1 DAGs
[2025-04-02T16:42:38.071-0400] {logging_mixin.py:188} INFO - [2025-04-02T16:42:38.071-0400] {dag.py:3954} INFO - Setting next_dagrun for tutorial_taskflow_api to None, run_after=None
[2025-04-02T16:42:38.078-0400] {processor.py:183} INFO - Processing /Users/prasenjeet.gadhe/Documents/05. Nokia_PoV/Parallel_Test/venv/lib/python3.9/site-packages/airflow/example_dags/tutorial_taskflow_api.py took 0.089 seconds
[2025-04-02T16:43:34.363-0400] {processor.py:161} INFO - Started process (PID=96628) to work on /Users/prasenjeet.gadhe/Documents/05. Nokia_PoV/Parallel_Test/venv/lib/python3.9/site-packages/airflow/example_dags/tutorial_taskflow_api.py
[2025-04-02T16:43:34.365-0400] {processor.py:830} INFO - Processing file /Users/prasenjeet.gadhe/Documents/05. Nokia_PoV/Parallel_Test/venv/lib/python3.9/site-packages/airflow/example_dags/tutorial_taskflow_api.py for tasks to queue
[2025-04-02T16:43:34.365-0400] {logging_mixin.py:188} INFO - [2025-04-02T16:43:34.365-0400] {dagbag.py:540} INFO - Filling up the DagBag from /Users/prasenjeet.gadhe/Documents/05. Nokia_PoV/Parallel_Test/venv/lib/python3.9/site-packages/airflow/example_dags/tutorial_taskflow_api.py
[2025-04-02T16:43:34.378-0400] {processor.py:840} INFO - DAG(s) 'tutorial_taskflow_api' retrieved from /Users/prasenjeet.gadhe/Documents/05. Nokia_PoV/Parallel_Test/venv/lib/python3.9/site-packages/airflow/example_dags/tutorial_taskflow_api.py
[2025-04-02T16:43:34.431-0400] {logging_mixin.py:188} INFO - [2025-04-02T16:43:34.431-0400] {dag.py:3096} INFO - Sync 1 DAGs
[2025-04-02T16:43:34.434-0400] {logging_mixin.py:188} INFO - [2025-04-02T16:43:34.434-0400] {dag.py:3954} INFO - Setting next_dagrun for tutorial_taskflow_api to None, run_after=None
[2025-04-02T16:43:34.440-0400] {processor.py:183} INFO - Processing /Users/prasenjeet.gadhe/Documents/05. Nokia_PoV/Parallel_Test/venv/lib/python3.9/site-packages/airflow/example_dags/tutorial_taskflow_api.py took 0.078 seconds
[2025-04-02T16:45:34.431-0400] {processor.py:161} INFO - Started process (PID=11771) to work on /Users/prasenjeet.gadhe/Documents/05. Nokia_PoV/Parallel_Test/venv/lib/python3.9/site-packages/airflow/example_dags/tutorial_taskflow_api.py
[2025-04-02T16:45:34.433-0400] {processor.py:830} INFO - Processing file /Users/prasenjeet.gadhe/Documents/05. Nokia_PoV/Parallel_Test/venv/lib/python3.9/site-packages/airflow/example_dags/tutorial_taskflow_api.py for tasks to queue
[2025-04-02T16:45:34.433-0400] {logging_mixin.py:188} INFO - [2025-04-02T16:45:34.433-0400] {dagbag.py:540} INFO - Filling up the DagBag from /Users/prasenjeet.gadhe/Documents/05. Nokia_PoV/Parallel_Test/venv/lib/python3.9/site-packages/airflow/example_dags/tutorial_taskflow_api.py
[2025-04-02T16:45:34.449-0400] {processor.py:840} INFO - DAG(s) 'tutorial_taskflow_api' retrieved from /Users/prasenjeet.gadhe/Documents/05. Nokia_PoV/Parallel_Test/venv/lib/python3.9/site-packages/airflow/example_dags/tutorial_taskflow_api.py
[2025-04-02T16:45:34.507-0400] {logging_mixin.py:188} INFO - [2025-04-02T16:45:34.507-0400] {dag.py:3096} INFO - Sync 1 DAGs
[2025-04-02T16:45:34.510-0400] {logging_mixin.py:188} INFO - [2025-04-02T16:45:34.510-0400] {dag.py:3954} INFO - Setting next_dagrun for tutorial_taskflow_api to None, run_after=None
[2025-04-02T16:45:34.516-0400] {processor.py:183} INFO - Processing /Users/prasenjeet.gadhe/Documents/05. Nokia_PoV/Parallel_Test/venv/lib/python3.9/site-packages/airflow/example_dags/tutorial_taskflow_api.py took 0.086 seconds
[2025-04-02T16:47:03.942-0400] {processor.py:161} INFO - Started process (PID=22950) to work on /Users/prasenjeet.gadhe/Documents/05. Nokia_PoV/Parallel_Test/venv/lib/python3.9/site-packages/airflow/example_dags/tutorial_taskflow_api.py
[2025-04-02T16:47:03.943-0400] {processor.py:830} INFO - Processing file /Users/prasenjeet.gadhe/Documents/05. Nokia_PoV/Parallel_Test/venv/lib/python3.9/site-packages/airflow/example_dags/tutorial_taskflow_api.py for tasks to queue
[2025-04-02T16:47:03.943-0400] {logging_mixin.py:188} INFO - [2025-04-02T16:47:03.943-0400] {dagbag.py:540} INFO - Filling up the DagBag from /Users/prasenjeet.gadhe/Documents/05. Nokia_PoV/Parallel_Test/venv/lib/python3.9/site-packages/airflow/example_dags/tutorial_taskflow_api.py
[2025-04-02T16:47:03.958-0400] {processor.py:840} INFO - DAG(s) 'tutorial_taskflow_api' retrieved from /Users/prasenjeet.gadhe/Documents/05. Nokia_PoV/Parallel_Test/venv/lib/python3.9/site-packages/airflow/example_dags/tutorial_taskflow_api.py
[2025-04-02T16:47:04.020-0400] {logging_mixin.py:188} INFO - [2025-04-02T16:47:04.020-0400] {dag.py:3096} INFO - Sync 1 DAGs
[2025-04-02T16:47:04.024-0400] {logging_mixin.py:188} INFO - [2025-04-02T16:47:04.024-0400] {dag.py:3954} INFO - Setting next_dagrun for tutorial_taskflow_api to None, run_after=None
[2025-04-02T16:47:04.030-0400] {processor.py:183} INFO - Processing /Users/prasenjeet.gadhe/Documents/05. Nokia_PoV/Parallel_Test/venv/lib/python3.9/site-packages/airflow/example_dags/tutorial_taskflow_api.py took 0.089 seconds
[2025-04-02T16:48:03.259-0400] {processor.py:161} INFO - Started process (PID=30353) to work on /Users/prasenjeet.gadhe/Documents/05. Nokia_PoV/Parallel_Test/venv/lib/python3.9/site-packages/airflow/example_dags/tutorial_taskflow_api.py
[2025-04-02T16:48:03.261-0400] {processor.py:830} INFO - Processing file /Users/prasenjeet.gadhe/Documents/05. Nokia_PoV/Parallel_Test/venv/lib/python3.9/site-packages/airflow/example_dags/tutorial_taskflow_api.py for tasks to queue
[2025-04-02T16:48:03.261-0400] {logging_mixin.py:188} INFO - [2025-04-02T16:48:03.261-0400] {dagbag.py:540} INFO - Filling up the DagBag from /Users/prasenjeet.gadhe/Documents/05. Nokia_PoV/Parallel_Test/venv/lib/python3.9/site-packages/airflow/example_dags/tutorial_taskflow_api.py
[2025-04-02T16:48:03.275-0400] {processor.py:840} INFO - DAG(s) 'tutorial_taskflow_api' retrieved from /Users/prasenjeet.gadhe/Documents/05. Nokia_PoV/Parallel_Test/venv/lib/python3.9/site-packages/airflow/example_dags/tutorial_taskflow_api.py
[2025-04-02T16:48:03.334-0400] {logging_mixin.py:188} INFO - [2025-04-02T16:48:03.334-0400] {dag.py:3096} INFO - Sync 1 DAGs
[2025-04-02T16:48:03.338-0400] {logging_mixin.py:188} INFO - [2025-04-02T16:48:03.338-0400] {dag.py:3954} INFO - Setting next_dagrun for tutorial_taskflow_api to None, run_after=None
[2025-04-02T16:48:03.345-0400] {processor.py:183} INFO - Processing /Users/prasenjeet.gadhe/Documents/05. Nokia_PoV/Parallel_Test/venv/lib/python3.9/site-packages/airflow/example_dags/tutorial_taskflow_api.py took 0.087 seconds
[2025-04-02T16:48:59.932-0400] {processor.py:161} INFO - Started process (PID=37394) to work on /Users/prasenjeet.gadhe/Documents/05. Nokia_PoV/Parallel_Test/venv/lib/python3.9/site-packages/airflow/example_dags/tutorial_taskflow_api.py
[2025-04-02T16:48:59.934-0400] {processor.py:830} INFO - Processing file /Users/prasenjeet.gadhe/Documents/05. Nokia_PoV/Parallel_Test/venv/lib/python3.9/site-packages/airflow/example_dags/tutorial_taskflow_api.py for tasks to queue
[2025-04-02T16:48:59.934-0400] {logging_mixin.py:188} INFO - [2025-04-02T16:48:59.934-0400] {dagbag.py:540} INFO - Filling up the DagBag from /Users/prasenjeet.gadhe/Documents/05. Nokia_PoV/Parallel_Test/venv/lib/python3.9/site-packages/airflow/example_dags/tutorial_taskflow_api.py
[2025-04-02T16:48:59.950-0400] {processor.py:840} INFO - DAG(s) 'tutorial_taskflow_api' retrieved from /Users/prasenjeet.gadhe/Documents/05. Nokia_PoV/Parallel_Test/venv/lib/python3.9/site-packages/airflow/example_dags/tutorial_taskflow_api.py
[2025-04-02T16:49:00.013-0400] {logging_mixin.py:188} INFO - [2025-04-02T16:49:00.013-0400] {dag.py:3096} INFO - Sync 1 DAGs
[2025-04-02T16:49:00.016-0400] {logging_mixin.py:188} INFO - [2025-04-02T16:49:00.016-0400] {dag.py:3954} INFO - Setting next_dagrun for tutorial_taskflow_api to None, run_after=None
[2025-04-02T16:49:00.023-0400] {processor.py:183} INFO - Processing /Users/prasenjeet.gadhe/Documents/05. Nokia_PoV/Parallel_Test/venv/lib/python3.9/site-packages/airflow/example_dags/tutorial_taskflow_api.py took 0.092 seconds
[2025-04-02T16:50:45.423-0400] {processor.py:161} INFO - Started process (PID=50360) to work on /Users/prasenjeet.gadhe/Documents/05. Nokia_PoV/Parallel_Test/venv/lib/python3.9/site-packages/airflow/example_dags/tutorial_taskflow_api.py
[2025-04-02T16:50:45.425-0400] {processor.py:830} INFO - Processing file /Users/prasenjeet.gadhe/Documents/05. Nokia_PoV/Parallel_Test/venv/lib/python3.9/site-packages/airflow/example_dags/tutorial_taskflow_api.py for tasks to queue
[2025-04-02T16:50:45.425-0400] {logging_mixin.py:188} INFO - [2025-04-02T16:50:45.425-0400] {dagbag.py:540} INFO - Filling up the DagBag from /Users/prasenjeet.gadhe/Documents/05. Nokia_PoV/Parallel_Test/venv/lib/python3.9/site-packages/airflow/example_dags/tutorial_taskflow_api.py
[2025-04-02T16:50:45.439-0400] {processor.py:840} INFO - DAG(s) 'tutorial_taskflow_api' retrieved from /Users/prasenjeet.gadhe/Documents/05. Nokia_PoV/Parallel_Test/venv/lib/python3.9/site-packages/airflow/example_dags/tutorial_taskflow_api.py
[2025-04-02T16:50:45.493-0400] {logging_mixin.py:188} INFO - [2025-04-02T16:50:45.493-0400] {dag.py:3096} INFO - Sync 1 DAGs
[2025-04-02T16:50:45.496-0400] {logging_mixin.py:188} INFO - [2025-04-02T16:50:45.496-0400] {dag.py:3954} INFO - Setting next_dagrun for tutorial_taskflow_api to None, run_after=None
[2025-04-02T16:50:45.502-0400] {processor.py:183} INFO - Processing /Users/prasenjeet.gadhe/Documents/05. Nokia_PoV/Parallel_Test/venv/lib/python3.9/site-packages/airflow/example_dags/tutorial_taskflow_api.py took 0.080 seconds
[2025-04-02T16:52:15.879-0400] {processor.py:161} INFO - Started process (PID=61634) to work on /Users/prasenjeet.gadhe/Documents/05. Nokia_PoV/Parallel_Test/venv/lib/python3.9/site-packages/airflow/example_dags/tutorial_taskflow_api.py
[2025-04-02T16:52:15.880-0400] {processor.py:830} INFO - Processing file /Users/prasenjeet.gadhe/Documents/05. Nokia_PoV/Parallel_Test/venv/lib/python3.9/site-packages/airflow/example_dags/tutorial_taskflow_api.py for tasks to queue
[2025-04-02T16:52:15.881-0400] {logging_mixin.py:188} INFO - [2025-04-02T16:52:15.881-0400] {dagbag.py:540} INFO - Filling up the DagBag from /Users/prasenjeet.gadhe/Documents/05. Nokia_PoV/Parallel_Test/venv/lib/python3.9/site-packages/airflow/example_dags/tutorial_taskflow_api.py
[2025-04-02T16:52:15.894-0400] {processor.py:840} INFO - DAG(s) 'tutorial_taskflow_api' retrieved from /Users/prasenjeet.gadhe/Documents/05. Nokia_PoV/Parallel_Test/venv/lib/python3.9/site-packages/airflow/example_dags/tutorial_taskflow_api.py
[2025-04-02T16:52:15.946-0400] {logging_mixin.py:188} INFO - [2025-04-02T16:52:15.946-0400] {dag.py:3096} INFO - Sync 1 DAGs
[2025-04-02T16:52:15.949-0400] {logging_mixin.py:188} INFO - [2025-04-02T16:52:15.949-0400] {dag.py:3954} INFO - Setting next_dagrun for tutorial_taskflow_api to None, run_after=None
[2025-04-02T16:52:15.956-0400] {processor.py:183} INFO - Processing /Users/prasenjeet.gadhe/Documents/05. Nokia_PoV/Parallel_Test/venv/lib/python3.9/site-packages/airflow/example_dags/tutorial_taskflow_api.py took 0.078 seconds
[2025-04-02T16:53:12.911-0400] {processor.py:161} INFO - Started process (PID=68565) to work on /Users/prasenjeet.gadhe/Documents/05. Nokia_PoV/Parallel_Test/venv/lib/python3.9/site-packages/airflow/example_dags/tutorial_taskflow_api.py
[2025-04-02T16:53:12.913-0400] {processor.py:830} INFO - Processing file /Users/prasenjeet.gadhe/Documents/05. Nokia_PoV/Parallel_Test/venv/lib/python3.9/site-packages/airflow/example_dags/tutorial_taskflow_api.py for tasks to queue
[2025-04-02T16:53:12.913-0400] {logging_mixin.py:188} INFO - [2025-04-02T16:53:12.913-0400] {dagbag.py:540} INFO - Filling up the DagBag from /Users/prasenjeet.gadhe/Documents/05. Nokia_PoV/Parallel_Test/venv/lib/python3.9/site-packages/airflow/example_dags/tutorial_taskflow_api.py
[2025-04-02T16:53:12.930-0400] {processor.py:840} INFO - DAG(s) 'tutorial_taskflow_api' retrieved from /Users/prasenjeet.gadhe/Documents/05. Nokia_PoV/Parallel_Test/venv/lib/python3.9/site-packages/airflow/example_dags/tutorial_taskflow_api.py
[2025-04-02T16:53:12.996-0400] {logging_mixin.py:188} INFO - [2025-04-02T16:53:12.996-0400] {dag.py:3096} INFO - Sync 1 DAGs
[2025-04-02T16:53:12.999-0400] {logging_mixin.py:188} INFO - [2025-04-02T16:53:12.999-0400] {dag.py:3954} INFO - Setting next_dagrun for tutorial_taskflow_api to None, run_after=None
[2025-04-02T16:53:13.006-0400] {processor.py:183} INFO - Processing /Users/prasenjeet.gadhe/Documents/05. Nokia_PoV/Parallel_Test/venv/lib/python3.9/site-packages/airflow/example_dags/tutorial_taskflow_api.py took 0.096 seconds
[2025-04-02T16:54:06.053-0400] {processor.py:161} INFO - Started process (PID=75185) to work on /Users/prasenjeet.gadhe/Documents/05. Nokia_PoV/Parallel_Test/venv/lib/python3.9/site-packages/airflow/example_dags/tutorial_taskflow_api.py
[2025-04-02T16:54:06.055-0400] {processor.py:830} INFO - Processing file /Users/prasenjeet.gadhe/Documents/05. Nokia_PoV/Parallel_Test/venv/lib/python3.9/site-packages/airflow/example_dags/tutorial_taskflow_api.py for tasks to queue
[2025-04-02T16:54:06.056-0400] {logging_mixin.py:188} INFO - [2025-04-02T16:54:06.056-0400] {dagbag.py:540} INFO - Filling up the DagBag from /Users/prasenjeet.gadhe/Documents/05. Nokia_PoV/Parallel_Test/venv/lib/python3.9/site-packages/airflow/example_dags/tutorial_taskflow_api.py
[2025-04-02T16:54:06.072-0400] {processor.py:840} INFO - DAG(s) 'tutorial_taskflow_api' retrieved from /Users/prasenjeet.gadhe/Documents/05. Nokia_PoV/Parallel_Test/venv/lib/python3.9/site-packages/airflow/example_dags/tutorial_taskflow_api.py
[2025-04-02T16:54:06.136-0400] {logging_mixin.py:188} INFO - [2025-04-02T16:54:06.136-0400] {dag.py:3096} INFO - Sync 1 DAGs
[2025-04-02T16:54:06.139-0400] {logging_mixin.py:188} INFO - [2025-04-02T16:54:06.139-0400] {dag.py:3954} INFO - Setting next_dagrun for tutorial_taskflow_api to None, run_after=None
[2025-04-02T16:54:06.147-0400] {processor.py:183} INFO - Processing /Users/prasenjeet.gadhe/Documents/05. Nokia_PoV/Parallel_Test/venv/lib/python3.9/site-packages/airflow/example_dags/tutorial_taskflow_api.py took 0.094 seconds
[2025-04-02T16:55:03.052-0400] {processor.py:161} INFO - Started process (PID=82288) to work on /Users/prasenjeet.gadhe/Documents/05. Nokia_PoV/Parallel_Test/venv/lib/python3.9/site-packages/airflow/example_dags/tutorial_taskflow_api.py
[2025-04-02T16:55:03.053-0400] {processor.py:830} INFO - Processing file /Users/prasenjeet.gadhe/Documents/05. Nokia_PoV/Parallel_Test/venv/lib/python3.9/site-packages/airflow/example_dags/tutorial_taskflow_api.py for tasks to queue
[2025-04-02T16:55:03.053-0400] {logging_mixin.py:188} INFO - [2025-04-02T16:55:03.053-0400] {dagbag.py:540} INFO - Filling up the DagBag from /Users/prasenjeet.gadhe/Documents/05. Nokia_PoV/Parallel_Test/venv/lib/python3.9/site-packages/airflow/example_dags/tutorial_taskflow_api.py
[2025-04-02T16:55:03.068-0400] {processor.py:840} INFO - DAG(s) 'tutorial_taskflow_api' retrieved from /Users/prasenjeet.gadhe/Documents/05. Nokia_PoV/Parallel_Test/venv/lib/python3.9/site-packages/airflow/example_dags/tutorial_taskflow_api.py
[2025-04-02T16:55:03.127-0400] {logging_mixin.py:188} INFO - [2025-04-02T16:55:03.127-0400] {dag.py:3096} INFO - Sync 1 DAGs
[2025-04-02T16:55:03.130-0400] {logging_mixin.py:188} INFO - [2025-04-02T16:55:03.130-0400] {dag.py:3954} INFO - Setting next_dagrun for tutorial_taskflow_api to None, run_after=None
[2025-04-02T16:55:03.136-0400] {processor.py:183} INFO - Processing /Users/prasenjeet.gadhe/Documents/05. Nokia_PoV/Parallel_Test/venv/lib/python3.9/site-packages/airflow/example_dags/tutorial_taskflow_api.py took 0.085 seconds
[2025-04-02T16:56:01.504-0400] {processor.py:161} INFO - Started process (PID=89579) to work on /Users/prasenjeet.gadhe/Documents/05. Nokia_PoV/Parallel_Test/venv/lib/python3.9/site-packages/airflow/example_dags/tutorial_taskflow_api.py
[2025-04-02T16:56:01.505-0400] {processor.py:830} INFO - Processing file /Users/prasenjeet.gadhe/Documents/05. Nokia_PoV/Parallel_Test/venv/lib/python3.9/site-packages/airflow/example_dags/tutorial_taskflow_api.py for tasks to queue
[2025-04-02T16:56:01.506-0400] {logging_mixin.py:188} INFO - [2025-04-02T16:56:01.506-0400] {dagbag.py:540} INFO - Filling up the DagBag from /Users/prasenjeet.gadhe/Documents/05. Nokia_PoV/Parallel_Test/venv/lib/python3.9/site-packages/airflow/example_dags/tutorial_taskflow_api.py
[2025-04-02T16:56:01.521-0400] {processor.py:840} INFO - DAG(s) 'tutorial_taskflow_api' retrieved from /Users/prasenjeet.gadhe/Documents/05. Nokia_PoV/Parallel_Test/venv/lib/python3.9/site-packages/airflow/example_dags/tutorial_taskflow_api.py
[2025-04-02T16:56:01.581-0400] {logging_mixin.py:188} INFO - [2025-04-02T16:56:01.581-0400] {dag.py:3096} INFO - Sync 1 DAGs
[2025-04-02T16:56:01.585-0400] {logging_mixin.py:188} INFO - [2025-04-02T16:56:01.585-0400] {dag.py:3954} INFO - Setting next_dagrun for tutorial_taskflow_api to None, run_after=None
[2025-04-02T16:56:01.593-0400] {processor.py:183} INFO - Processing /Users/prasenjeet.gadhe/Documents/05. Nokia_PoV/Parallel_Test/venv/lib/python3.9/site-packages/airflow/example_dags/tutorial_taskflow_api.py took 0.090 seconds
[2025-04-02T16:56:58.862-0400] {processor.py:161} INFO - Started process (PID=96640) to work on /Users/prasenjeet.gadhe/Documents/05. Nokia_PoV/Parallel_Test/venv/lib/python3.9/site-packages/airflow/example_dags/tutorial_taskflow_api.py
[2025-04-02T16:56:58.864-0400] {processor.py:830} INFO - Processing file /Users/prasenjeet.gadhe/Documents/05. Nokia_PoV/Parallel_Test/venv/lib/python3.9/site-packages/airflow/example_dags/tutorial_taskflow_api.py for tasks to queue
[2025-04-02T16:56:58.864-0400] {logging_mixin.py:188} INFO - [2025-04-02T16:56:58.864-0400] {dagbag.py:540} INFO - Filling up the DagBag from /Users/prasenjeet.gadhe/Documents/05. Nokia_PoV/Parallel_Test/venv/lib/python3.9/site-packages/airflow/example_dags/tutorial_taskflow_api.py
[2025-04-02T16:56:58.878-0400] {processor.py:840} INFO - DAG(s) 'tutorial_taskflow_api' retrieved from /Users/prasenjeet.gadhe/Documents/05. Nokia_PoV/Parallel_Test/venv/lib/python3.9/site-packages/airflow/example_dags/tutorial_taskflow_api.py
[2025-04-02T16:56:58.931-0400] {logging_mixin.py:188} INFO - [2025-04-02T16:56:58.931-0400] {dag.py:3096} INFO - Sync 1 DAGs
[2025-04-02T16:56:58.935-0400] {logging_mixin.py:188} INFO - [2025-04-02T16:56:58.935-0400] {dag.py:3954} INFO - Setting next_dagrun for tutorial_taskflow_api to None, run_after=None
[2025-04-02T16:56:58.941-0400] {processor.py:183} INFO - Processing /Users/prasenjeet.gadhe/Documents/05. Nokia_PoV/Parallel_Test/venv/lib/python3.9/site-packages/airflow/example_dags/tutorial_taskflow_api.py took 0.080 seconds
[2025-04-02T16:57:55.856-0400] {processor.py:161} INFO - Started process (PID=3919) to work on /Users/prasenjeet.gadhe/Documents/05. Nokia_PoV/Parallel_Test/venv/lib/python3.9/site-packages/airflow/example_dags/tutorial_taskflow_api.py
[2025-04-02T16:57:55.857-0400] {processor.py:830} INFO - Processing file /Users/prasenjeet.gadhe/Documents/05. Nokia_PoV/Parallel_Test/venv/lib/python3.9/site-packages/airflow/example_dags/tutorial_taskflow_api.py for tasks to queue
[2025-04-02T16:57:55.857-0400] {logging_mixin.py:188} INFO - [2025-04-02T16:57:55.857-0400] {dagbag.py:540} INFO - Filling up the DagBag from /Users/prasenjeet.gadhe/Documents/05. Nokia_PoV/Parallel_Test/venv/lib/python3.9/site-packages/airflow/example_dags/tutorial_taskflow_api.py
[2025-04-02T16:57:55.871-0400] {processor.py:840} INFO - DAG(s) 'tutorial_taskflow_api' retrieved from /Users/prasenjeet.gadhe/Documents/05. Nokia_PoV/Parallel_Test/venv/lib/python3.9/site-packages/airflow/example_dags/tutorial_taskflow_api.py
[2025-04-02T16:57:55.924-0400] {logging_mixin.py:188} INFO - [2025-04-02T16:57:55.924-0400] {dag.py:3096} INFO - Sync 1 DAGs
[2025-04-02T16:57:55.927-0400] {logging_mixin.py:188} INFO - [2025-04-02T16:57:55.927-0400] {dag.py:3954} INFO - Setting next_dagrun for tutorial_taskflow_api to None, run_after=None
[2025-04-02T16:57:55.934-0400] {processor.py:183} INFO - Processing /Users/prasenjeet.gadhe/Documents/05. Nokia_PoV/Parallel_Test/venv/lib/python3.9/site-packages/airflow/example_dags/tutorial_taskflow_api.py took 0.079 seconds
[2025-04-02T16:58:52.354-0400] {processor.py:161} INFO - Started process (PID=10878) to work on /Users/prasenjeet.gadhe/Documents/05. Nokia_PoV/Parallel_Test/venv/lib/python3.9/site-packages/airflow/example_dags/tutorial_taskflow_api.py
[2025-04-02T16:58:52.356-0400] {processor.py:830} INFO - Processing file /Users/prasenjeet.gadhe/Documents/05. Nokia_PoV/Parallel_Test/venv/lib/python3.9/site-packages/airflow/example_dags/tutorial_taskflow_api.py for tasks to queue
[2025-04-02T16:58:52.356-0400] {logging_mixin.py:188} INFO - [2025-04-02T16:58:52.356-0400] {dagbag.py:540} INFO - Filling up the DagBag from /Users/prasenjeet.gadhe/Documents/05. Nokia_PoV/Parallel_Test/venv/lib/python3.9/site-packages/airflow/example_dags/tutorial_taskflow_api.py
[2025-04-02T16:58:52.371-0400] {processor.py:840} INFO - DAG(s) 'tutorial_taskflow_api' retrieved from /Users/prasenjeet.gadhe/Documents/05. Nokia_PoV/Parallel_Test/venv/lib/python3.9/site-packages/airflow/example_dags/tutorial_taskflow_api.py
[2025-04-02T16:58:52.427-0400] {logging_mixin.py:188} INFO - [2025-04-02T16:58:52.427-0400] {dag.py:3096} INFO - Sync 1 DAGs
[2025-04-02T16:58:52.431-0400] {logging_mixin.py:188} INFO - [2025-04-02T16:58:52.431-0400] {dag.py:3954} INFO - Setting next_dagrun for tutorial_taskflow_api to None, run_after=None
[2025-04-02T16:58:52.438-0400] {processor.py:183} INFO - Processing /Users/prasenjeet.gadhe/Documents/05. Nokia_PoV/Parallel_Test/venv/lib/python3.9/site-packages/airflow/example_dags/tutorial_taskflow_api.py took 0.085 seconds
[2025-04-02T16:59:47.209-0400] {processor.py:161} INFO - Started process (PID=17593) to work on /Users/prasenjeet.gadhe/Documents/05. Nokia_PoV/Parallel_Test/venv/lib/python3.9/site-packages/airflow/example_dags/tutorial_taskflow_api.py
[2025-04-02T16:59:47.211-0400] {processor.py:830} INFO - Processing file /Users/prasenjeet.gadhe/Documents/05. Nokia_PoV/Parallel_Test/venv/lib/python3.9/site-packages/airflow/example_dags/tutorial_taskflow_api.py for tasks to queue
[2025-04-02T16:59:47.211-0400] {logging_mixin.py:188} INFO - [2025-04-02T16:59:47.211-0400] {dagbag.py:540} INFO - Filling up the DagBag from /Users/prasenjeet.gadhe/Documents/05. Nokia_PoV/Parallel_Test/venv/lib/python3.9/site-packages/airflow/example_dags/tutorial_taskflow_api.py
[2025-04-02T16:59:47.226-0400] {processor.py:840} INFO - DAG(s) 'tutorial_taskflow_api' retrieved from /Users/prasenjeet.gadhe/Documents/05. Nokia_PoV/Parallel_Test/venv/lib/python3.9/site-packages/airflow/example_dags/tutorial_taskflow_api.py
[2025-04-02T16:59:47.283-0400] {logging_mixin.py:188} INFO - [2025-04-02T16:59:47.283-0400] {dag.py:3096} INFO - Sync 1 DAGs
[2025-04-02T16:59:47.287-0400] {logging_mixin.py:188} INFO - [2025-04-02T16:59:47.287-0400] {dag.py:3954} INFO - Setting next_dagrun for tutorial_taskflow_api to None, run_after=None
[2025-04-02T16:59:47.293-0400] {processor.py:183} INFO - Processing /Users/prasenjeet.gadhe/Documents/05. Nokia_PoV/Parallel_Test/venv/lib/python3.9/site-packages/airflow/example_dags/tutorial_taskflow_api.py took 0.085 seconds
[2025-04-02T17:00:43.195-0400] {processor.py:161} INFO - Started process (PID=24531) to work on /Users/prasenjeet.gadhe/Documents/05. Nokia_PoV/Parallel_Test/venv/lib/python3.9/site-packages/airflow/example_dags/tutorial_taskflow_api.py
[2025-04-02T17:00:43.197-0400] {processor.py:830} INFO - Processing file /Users/prasenjeet.gadhe/Documents/05. Nokia_PoV/Parallel_Test/venv/lib/python3.9/site-packages/airflow/example_dags/tutorial_taskflow_api.py for tasks to queue
[2025-04-02T17:00:43.198-0400] {logging_mixin.py:188} INFO - [2025-04-02T17:00:43.198-0400] {dagbag.py:540} INFO - Filling up the DagBag from /Users/prasenjeet.gadhe/Documents/05. Nokia_PoV/Parallel_Test/venv/lib/python3.9/site-packages/airflow/example_dags/tutorial_taskflow_api.py
[2025-04-02T17:00:43.211-0400] {processor.py:840} INFO - DAG(s) 'tutorial_taskflow_api' retrieved from /Users/prasenjeet.gadhe/Documents/05. Nokia_PoV/Parallel_Test/venv/lib/python3.9/site-packages/airflow/example_dags/tutorial_taskflow_api.py
[2025-04-02T17:00:43.263-0400] {logging_mixin.py:188} INFO - [2025-04-02T17:00:43.263-0400] {dag.py:3096} INFO - Sync 1 DAGs
[2025-04-02T17:00:43.267-0400] {logging_mixin.py:188} INFO - [2025-04-02T17:00:43.267-0400] {dag.py:3954} INFO - Setting next_dagrun for tutorial_taskflow_api to None, run_after=None
[2025-04-02T17:00:43.273-0400] {processor.py:183} INFO - Processing /Users/prasenjeet.gadhe/Documents/05. Nokia_PoV/Parallel_Test/venv/lib/python3.9/site-packages/airflow/example_dags/tutorial_taskflow_api.py took 0.079 seconds
[2025-04-02T17:01:39.783-0400] {processor.py:161} INFO - Started process (PID=31438) to work on /Users/prasenjeet.gadhe/Documents/05. Nokia_PoV/Parallel_Test/venv/lib/python3.9/site-packages/airflow/example_dags/tutorial_taskflow_api.py
[2025-04-02T17:01:39.785-0400] {processor.py:830} INFO - Processing file /Users/prasenjeet.gadhe/Documents/05. Nokia_PoV/Parallel_Test/venv/lib/python3.9/site-packages/airflow/example_dags/tutorial_taskflow_api.py for tasks to queue
[2025-04-02T17:01:39.785-0400] {logging_mixin.py:188} INFO - [2025-04-02T17:01:39.785-0400] {dagbag.py:540} INFO - Filling up the DagBag from /Users/prasenjeet.gadhe/Documents/05. Nokia_PoV/Parallel_Test/venv/lib/python3.9/site-packages/airflow/example_dags/tutorial_taskflow_api.py
[2025-04-02T17:01:39.800-0400] {processor.py:840} INFO - DAG(s) 'tutorial_taskflow_api' retrieved from /Users/prasenjeet.gadhe/Documents/05. Nokia_PoV/Parallel_Test/venv/lib/python3.9/site-packages/airflow/example_dags/tutorial_taskflow_api.py
[2025-04-02T17:01:39.865-0400] {logging_mixin.py:188} INFO - [2025-04-02T17:01:39.864-0400] {dag.py:3096} INFO - Sync 1 DAGs
[2025-04-02T17:01:39.869-0400] {logging_mixin.py:188} INFO - [2025-04-02T17:01:39.869-0400] {dag.py:3954} INFO - Setting next_dagrun for tutorial_taskflow_api to None, run_after=None
[2025-04-02T17:01:39.877-0400] {processor.py:183} INFO - Processing /Users/prasenjeet.gadhe/Documents/05. Nokia_PoV/Parallel_Test/venv/lib/python3.9/site-packages/airflow/example_dags/tutorial_taskflow_api.py took 0.095 seconds
[2025-04-02T17:02:36.814-0400] {processor.py:161} INFO - Started process (PID=38378) to work on /Users/prasenjeet.gadhe/Documents/05. Nokia_PoV/Parallel_Test/venv/lib/python3.9/site-packages/airflow/example_dags/tutorial_taskflow_api.py
[2025-04-02T17:02:36.816-0400] {processor.py:830} INFO - Processing file /Users/prasenjeet.gadhe/Documents/05. Nokia_PoV/Parallel_Test/venv/lib/python3.9/site-packages/airflow/example_dags/tutorial_taskflow_api.py for tasks to queue
[2025-04-02T17:02:36.816-0400] {logging_mixin.py:188} INFO - [2025-04-02T17:02:36.816-0400] {dagbag.py:540} INFO - Filling up the DagBag from /Users/prasenjeet.gadhe/Documents/05. Nokia_PoV/Parallel_Test/venv/lib/python3.9/site-packages/airflow/example_dags/tutorial_taskflow_api.py
[2025-04-02T17:02:36.830-0400] {processor.py:840} INFO - DAG(s) 'tutorial_taskflow_api' retrieved from /Users/prasenjeet.gadhe/Documents/05. Nokia_PoV/Parallel_Test/venv/lib/python3.9/site-packages/airflow/example_dags/tutorial_taskflow_api.py
[2025-04-02T17:02:36.882-0400] {logging_mixin.py:188} INFO - [2025-04-02T17:02:36.882-0400] {dag.py:3096} INFO - Sync 1 DAGs
[2025-04-02T17:02:36.885-0400] {logging_mixin.py:188} INFO - [2025-04-02T17:02:36.885-0400] {dag.py:3954} INFO - Setting next_dagrun for tutorial_taskflow_api to None, run_after=None
[2025-04-02T17:02:36.891-0400] {processor.py:183} INFO - Processing /Users/prasenjeet.gadhe/Documents/05. Nokia_PoV/Parallel_Test/venv/lib/python3.9/site-packages/airflow/example_dags/tutorial_taskflow_api.py took 0.078 seconds
[2025-04-02T17:03:32.570-0400] {processor.py:161} INFO - Started process (PID=45278) to work on /Users/prasenjeet.gadhe/Documents/05. Nokia_PoV/Parallel_Test/venv/lib/python3.9/site-packages/airflow/example_dags/tutorial_taskflow_api.py
[2025-04-02T17:03:32.572-0400] {processor.py:830} INFO - Processing file /Users/prasenjeet.gadhe/Documents/05. Nokia_PoV/Parallel_Test/venv/lib/python3.9/site-packages/airflow/example_dags/tutorial_taskflow_api.py for tasks to queue
[2025-04-02T17:03:32.572-0400] {logging_mixin.py:188} INFO - [2025-04-02T17:03:32.572-0400] {dagbag.py:540} INFO - Filling up the DagBag from /Users/prasenjeet.gadhe/Documents/05. Nokia_PoV/Parallel_Test/venv/lib/python3.9/site-packages/airflow/example_dags/tutorial_taskflow_api.py
[2025-04-02T17:03:32.586-0400] {processor.py:840} INFO - DAG(s) 'tutorial_taskflow_api' retrieved from /Users/prasenjeet.gadhe/Documents/05. Nokia_PoV/Parallel_Test/venv/lib/python3.9/site-packages/airflow/example_dags/tutorial_taskflow_api.py
[2025-04-02T17:03:32.641-0400] {logging_mixin.py:188} INFO - [2025-04-02T17:03:32.641-0400] {dag.py:3096} INFO - Sync 1 DAGs
[2025-04-02T17:03:32.644-0400] {logging_mixin.py:188} INFO - [2025-04-02T17:03:32.644-0400] {dag.py:3954} INFO - Setting next_dagrun for tutorial_taskflow_api to None, run_after=None
[2025-04-02T17:03:32.651-0400] {processor.py:183} INFO - Processing /Users/prasenjeet.gadhe/Documents/05. Nokia_PoV/Parallel_Test/venv/lib/python3.9/site-packages/airflow/example_dags/tutorial_taskflow_api.py took 0.081 seconds
[2025-04-02T17:04:28.319-0400] {processor.py:161} INFO - Started process (PID=52135) to work on /Users/prasenjeet.gadhe/Documents/05. Nokia_PoV/Parallel_Test/venv/lib/python3.9/site-packages/airflow/example_dags/tutorial_taskflow_api.py
[2025-04-02T17:04:28.321-0400] {processor.py:830} INFO - Processing file /Users/prasenjeet.gadhe/Documents/05. Nokia_PoV/Parallel_Test/venv/lib/python3.9/site-packages/airflow/example_dags/tutorial_taskflow_api.py for tasks to queue
[2025-04-02T17:04:28.321-0400] {logging_mixin.py:188} INFO - [2025-04-02T17:04:28.321-0400] {dagbag.py:540} INFO - Filling up the DagBag from /Users/prasenjeet.gadhe/Documents/05. Nokia_PoV/Parallel_Test/venv/lib/python3.9/site-packages/airflow/example_dags/tutorial_taskflow_api.py
[2025-04-02T17:04:28.336-0400] {processor.py:840} INFO - DAG(s) 'tutorial_taskflow_api' retrieved from /Users/prasenjeet.gadhe/Documents/05. Nokia_PoV/Parallel_Test/venv/lib/python3.9/site-packages/airflow/example_dags/tutorial_taskflow_api.py
[2025-04-02T17:04:28.389-0400] {logging_mixin.py:188} INFO - [2025-04-02T17:04:28.389-0400] {dag.py:3096} INFO - Sync 1 DAGs
[2025-04-02T17:04:28.392-0400] {logging_mixin.py:188} INFO - [2025-04-02T17:04:28.392-0400] {dag.py:3954} INFO - Setting next_dagrun for tutorial_taskflow_api to None, run_after=None
[2025-04-02T17:04:28.399-0400] {processor.py:183} INFO - Processing /Users/prasenjeet.gadhe/Documents/05. Nokia_PoV/Parallel_Test/venv/lib/python3.9/site-packages/airflow/example_dags/tutorial_taskflow_api.py took 0.080 seconds
[2025-04-02T17:05:23.186-0400] {processor.py:161} INFO - Started process (PID=58843) to work on /Users/prasenjeet.gadhe/Documents/05. Nokia_PoV/Parallel_Test/venv/lib/python3.9/site-packages/airflow/example_dags/tutorial_taskflow_api.py
[2025-04-02T17:05:23.188-0400] {processor.py:830} INFO - Processing file /Users/prasenjeet.gadhe/Documents/05. Nokia_PoV/Parallel_Test/venv/lib/python3.9/site-packages/airflow/example_dags/tutorial_taskflow_api.py for tasks to queue
[2025-04-02T17:05:23.189-0400] {logging_mixin.py:188} INFO - [2025-04-02T17:05:23.189-0400] {dagbag.py:540} INFO - Filling up the DagBag from /Users/prasenjeet.gadhe/Documents/05. Nokia_PoV/Parallel_Test/venv/lib/python3.9/site-packages/airflow/example_dags/tutorial_taskflow_api.py
[2025-04-02T17:05:23.202-0400] {processor.py:840} INFO - DAG(s) 'tutorial_taskflow_api' retrieved from /Users/prasenjeet.gadhe/Documents/05. Nokia_PoV/Parallel_Test/venv/lib/python3.9/site-packages/airflow/example_dags/tutorial_taskflow_api.py
[2025-04-02T17:05:23.255-0400] {logging_mixin.py:188} INFO - [2025-04-02T17:05:23.255-0400] {dag.py:3096} INFO - Sync 1 DAGs
[2025-04-02T17:05:23.258-0400] {logging_mixin.py:188} INFO - [2025-04-02T17:05:23.258-0400] {dag.py:3954} INFO - Setting next_dagrun for tutorial_taskflow_api to None, run_after=None
[2025-04-02T17:05:23.265-0400] {processor.py:183} INFO - Processing /Users/prasenjeet.gadhe/Documents/05. Nokia_PoV/Parallel_Test/venv/lib/python3.9/site-packages/airflow/example_dags/tutorial_taskflow_api.py took 0.080 seconds
[2025-04-02T17:06:16.960-0400] {processor.py:161} INFO - Started process (PID=65445) to work on /Users/prasenjeet.gadhe/Documents/05. Nokia_PoV/Parallel_Test/venv/lib/python3.9/site-packages/airflow/example_dags/tutorial_taskflow_api.py
[2025-04-02T17:06:16.962-0400] {processor.py:830} INFO - Processing file /Users/prasenjeet.gadhe/Documents/05. Nokia_PoV/Parallel_Test/venv/lib/python3.9/site-packages/airflow/example_dags/tutorial_taskflow_api.py for tasks to queue
[2025-04-02T17:06:16.962-0400] {logging_mixin.py:188} INFO - [2025-04-02T17:06:16.962-0400] {dagbag.py:540} INFO - Filling up the DagBag from /Users/prasenjeet.gadhe/Documents/05. Nokia_PoV/Parallel_Test/venv/lib/python3.9/site-packages/airflow/example_dags/tutorial_taskflow_api.py
[2025-04-02T17:06:16.977-0400] {processor.py:840} INFO - DAG(s) 'tutorial_taskflow_api' retrieved from /Users/prasenjeet.gadhe/Documents/05. Nokia_PoV/Parallel_Test/venv/lib/python3.9/site-packages/airflow/example_dags/tutorial_taskflow_api.py
[2025-04-02T17:06:17.033-0400] {logging_mixin.py:188} INFO - [2025-04-02T17:06:17.033-0400] {dag.py:3096} INFO - Sync 1 DAGs
[2025-04-02T17:06:17.036-0400] {logging_mixin.py:188} INFO - [2025-04-02T17:06:17.036-0400] {dag.py:3954} INFO - Setting next_dagrun for tutorial_taskflow_api to None, run_after=None
[2025-04-02T17:06:17.044-0400] {processor.py:183} INFO - Processing /Users/prasenjeet.gadhe/Documents/05. Nokia_PoV/Parallel_Test/venv/lib/python3.9/site-packages/airflow/example_dags/tutorial_taskflow_api.py took 0.085 seconds
[2025-04-02T17:07:13.901-0400] {processor.py:161} INFO - Started process (PID=72494) to work on /Users/prasenjeet.gadhe/Documents/05. Nokia_PoV/Parallel_Test/venv/lib/python3.9/site-packages/airflow/example_dags/tutorial_taskflow_api.py
[2025-04-02T17:07:13.902-0400] {processor.py:830} INFO - Processing file /Users/prasenjeet.gadhe/Documents/05. Nokia_PoV/Parallel_Test/venv/lib/python3.9/site-packages/airflow/example_dags/tutorial_taskflow_api.py for tasks to queue
[2025-04-02T17:07:13.902-0400] {logging_mixin.py:188} INFO - [2025-04-02T17:07:13.902-0400] {dagbag.py:540} INFO - Filling up the DagBag from /Users/prasenjeet.gadhe/Documents/05. Nokia_PoV/Parallel_Test/venv/lib/python3.9/site-packages/airflow/example_dags/tutorial_taskflow_api.py
[2025-04-02T17:07:13.916-0400] {processor.py:840} INFO - DAG(s) 'tutorial_taskflow_api' retrieved from /Users/prasenjeet.gadhe/Documents/05. Nokia_PoV/Parallel_Test/venv/lib/python3.9/site-packages/airflow/example_dags/tutorial_taskflow_api.py
[2025-04-02T17:07:13.974-0400] {logging_mixin.py:188} INFO - [2025-04-02T17:07:13.974-0400] {dag.py:3096} INFO - Sync 1 DAGs
[2025-04-02T17:07:13.977-0400] {logging_mixin.py:188} INFO - [2025-04-02T17:07:13.977-0400] {dag.py:3954} INFO - Setting next_dagrun for tutorial_taskflow_api to None, run_after=None
[2025-04-02T17:07:13.983-0400] {processor.py:183} INFO - Processing /Users/prasenjeet.gadhe/Documents/05. Nokia_PoV/Parallel_Test/venv/lib/python3.9/site-packages/airflow/example_dags/tutorial_taskflow_api.py took 0.084 seconds
[2025-04-02T17:08:09.475-0400] {processor.py:161} INFO - Started process (PID=79380) to work on /Users/prasenjeet.gadhe/Documents/05. Nokia_PoV/Parallel_Test/venv/lib/python3.9/site-packages/airflow/example_dags/tutorial_taskflow_api.py
[2025-04-02T17:08:09.477-0400] {processor.py:830} INFO - Processing file /Users/prasenjeet.gadhe/Documents/05. Nokia_PoV/Parallel_Test/venv/lib/python3.9/site-packages/airflow/example_dags/tutorial_taskflow_api.py for tasks to queue
[2025-04-02T17:08:09.477-0400] {logging_mixin.py:188} INFO - [2025-04-02T17:08:09.477-0400] {dagbag.py:540} INFO - Filling up the DagBag from /Users/prasenjeet.gadhe/Documents/05. Nokia_PoV/Parallel_Test/venv/lib/python3.9/site-packages/airflow/example_dags/tutorial_taskflow_api.py
[2025-04-02T17:08:09.491-0400] {processor.py:840} INFO - DAG(s) 'tutorial_taskflow_api' retrieved from /Users/prasenjeet.gadhe/Documents/05. Nokia_PoV/Parallel_Test/venv/lib/python3.9/site-packages/airflow/example_dags/tutorial_taskflow_api.py
[2025-04-02T17:08:09.545-0400] {logging_mixin.py:188} INFO - [2025-04-02T17:08:09.545-0400] {dag.py:3096} INFO - Sync 1 DAGs
[2025-04-02T17:08:09.549-0400] {logging_mixin.py:188} INFO - [2025-04-02T17:08:09.548-0400] {dag.py:3954} INFO - Setting next_dagrun for tutorial_taskflow_api to None, run_after=None
[2025-04-02T17:08:09.555-0400] {processor.py:183} INFO - Processing /Users/prasenjeet.gadhe/Documents/05. Nokia_PoV/Parallel_Test/venv/lib/python3.9/site-packages/airflow/example_dags/tutorial_taskflow_api.py took 0.082 seconds
[2025-04-02T17:09:07.386-0400] {processor.py:161} INFO - Started process (PID=86533) to work on /Users/prasenjeet.gadhe/Documents/05. Nokia_PoV/Parallel_Test/venv/lib/python3.9/site-packages/airflow/example_dags/tutorial_taskflow_api.py
[2025-04-02T17:09:07.389-0400] {processor.py:830} INFO - Processing file /Users/prasenjeet.gadhe/Documents/05. Nokia_PoV/Parallel_Test/venv/lib/python3.9/site-packages/airflow/example_dags/tutorial_taskflow_api.py for tasks to queue
[2025-04-02T17:09:07.389-0400] {logging_mixin.py:188} INFO - [2025-04-02T17:09:07.389-0400] {dagbag.py:540} INFO - Filling up the DagBag from /Users/prasenjeet.gadhe/Documents/05. Nokia_PoV/Parallel_Test/venv/lib/python3.9/site-packages/airflow/example_dags/tutorial_taskflow_api.py
[2025-04-02T17:09:07.405-0400] {processor.py:840} INFO - DAG(s) 'tutorial_taskflow_api' retrieved from /Users/prasenjeet.gadhe/Documents/05. Nokia_PoV/Parallel_Test/venv/lib/python3.9/site-packages/airflow/example_dags/tutorial_taskflow_api.py
[2025-04-02T17:09:07.470-0400] {logging_mixin.py:188} INFO - [2025-04-02T17:09:07.470-0400] {dag.py:3096} INFO - Sync 1 DAGs
[2025-04-02T17:09:07.474-0400] {logging_mixin.py:188} INFO - [2025-04-02T17:09:07.473-0400] {dag.py:3954} INFO - Setting next_dagrun for tutorial_taskflow_api to None, run_after=None
[2025-04-02T17:09:07.481-0400] {processor.py:183} INFO - Processing /Users/prasenjeet.gadhe/Documents/05. Nokia_PoV/Parallel_Test/venv/lib/python3.9/site-packages/airflow/example_dags/tutorial_taskflow_api.py took 0.096 seconds
[2025-04-02T17:10:07.014-0400] {processor.py:161} INFO - Started process (PID=93865) to work on /Users/prasenjeet.gadhe/Documents/05. Nokia_PoV/Parallel_Test/venv/lib/python3.9/site-packages/airflow/example_dags/tutorial_taskflow_api.py
[2025-04-02T17:10:07.016-0400] {processor.py:830} INFO - Processing file /Users/prasenjeet.gadhe/Documents/05. Nokia_PoV/Parallel_Test/venv/lib/python3.9/site-packages/airflow/example_dags/tutorial_taskflow_api.py for tasks to queue
[2025-04-02T17:10:07.016-0400] {logging_mixin.py:188} INFO - [2025-04-02T17:10:07.016-0400] {dagbag.py:540} INFO - Filling up the DagBag from /Users/prasenjeet.gadhe/Documents/05. Nokia_PoV/Parallel_Test/venv/lib/python3.9/site-packages/airflow/example_dags/tutorial_taskflow_api.py
[2025-04-02T17:10:07.031-0400] {processor.py:840} INFO - DAG(s) 'tutorial_taskflow_api' retrieved from /Users/prasenjeet.gadhe/Documents/05. Nokia_PoV/Parallel_Test/venv/lib/python3.9/site-packages/airflow/example_dags/tutorial_taskflow_api.py
[2025-04-02T17:10:07.087-0400] {logging_mixin.py:188} INFO - [2025-04-02T17:10:07.087-0400] {dag.py:3096} INFO - Sync 1 DAGs
[2025-04-02T17:10:07.090-0400] {logging_mixin.py:188} INFO - [2025-04-02T17:10:07.090-0400] {dag.py:3954} INFO - Setting next_dagrun for tutorial_taskflow_api to None, run_after=None
[2025-04-02T17:10:07.097-0400] {processor.py:183} INFO - Processing /Users/prasenjeet.gadhe/Documents/05. Nokia_PoV/Parallel_Test/venv/lib/python3.9/site-packages/airflow/example_dags/tutorial_taskflow_api.py took 0.083 seconds
[2025-04-02T17:11:00.854-0400] {processor.py:161} INFO - Started process (PID=694) to work on /Users/prasenjeet.gadhe/Documents/05. Nokia_PoV/Parallel_Test/venv/lib/python3.9/site-packages/airflow/example_dags/tutorial_taskflow_api.py
[2025-04-02T17:11:00.856-0400] {processor.py:830} INFO - Processing file /Users/prasenjeet.gadhe/Documents/05. Nokia_PoV/Parallel_Test/venv/lib/python3.9/site-packages/airflow/example_dags/tutorial_taskflow_api.py for tasks to queue
[2025-04-02T17:11:00.856-0400] {logging_mixin.py:188} INFO - [2025-04-02T17:11:00.856-0400] {dagbag.py:540} INFO - Filling up the DagBag from /Users/prasenjeet.gadhe/Documents/05. Nokia_PoV/Parallel_Test/venv/lib/python3.9/site-packages/airflow/example_dags/tutorial_taskflow_api.py
[2025-04-02T17:11:00.870-0400] {processor.py:840} INFO - DAG(s) 'tutorial_taskflow_api' retrieved from /Users/prasenjeet.gadhe/Documents/05. Nokia_PoV/Parallel_Test/venv/lib/python3.9/site-packages/airflow/example_dags/tutorial_taskflow_api.py
[2025-04-02T17:11:00.923-0400] {logging_mixin.py:188} INFO - [2025-04-02T17:11:00.923-0400] {dag.py:3096} INFO - Sync 1 DAGs
[2025-04-02T17:11:00.926-0400] {logging_mixin.py:188} INFO - [2025-04-02T17:11:00.926-0400] {dag.py:3954} INFO - Setting next_dagrun for tutorial_taskflow_api to None, run_after=None
[2025-04-02T17:11:00.933-0400] {processor.py:183} INFO - Processing /Users/prasenjeet.gadhe/Documents/05. Nokia_PoV/Parallel_Test/venv/lib/python3.9/site-packages/airflow/example_dags/tutorial_taskflow_api.py took 0.080 seconds
[2025-04-02T17:11:57.270-0400] {processor.py:161} INFO - Started process (PID=7809) to work on /Users/prasenjeet.gadhe/Documents/05. Nokia_PoV/Parallel_Test/venv/lib/python3.9/site-packages/airflow/example_dags/tutorial_taskflow_api.py
[2025-04-02T17:11:57.272-0400] {processor.py:830} INFO - Processing file /Users/prasenjeet.gadhe/Documents/05. Nokia_PoV/Parallel_Test/venv/lib/python3.9/site-packages/airflow/example_dags/tutorial_taskflow_api.py for tasks to queue
[2025-04-02T17:11:57.272-0400] {logging_mixin.py:188} INFO - [2025-04-02T17:11:57.272-0400] {dagbag.py:540} INFO - Filling up the DagBag from /Users/prasenjeet.gadhe/Documents/05. Nokia_PoV/Parallel_Test/venv/lib/python3.9/site-packages/airflow/example_dags/tutorial_taskflow_api.py
[2025-04-02T17:11:57.286-0400] {processor.py:840} INFO - DAG(s) 'tutorial_taskflow_api' retrieved from /Users/prasenjeet.gadhe/Documents/05. Nokia_PoV/Parallel_Test/venv/lib/python3.9/site-packages/airflow/example_dags/tutorial_taskflow_api.py
[2025-04-02T17:11:57.348-0400] {logging_mixin.py:188} INFO - [2025-04-02T17:11:57.348-0400] {dag.py:3096} INFO - Sync 1 DAGs
[2025-04-02T17:11:57.352-0400] {logging_mixin.py:188} INFO - [2025-04-02T17:11:57.352-0400] {dag.py:3954} INFO - Setting next_dagrun for tutorial_taskflow_api to None, run_after=None
[2025-04-02T17:11:57.359-0400] {processor.py:183} INFO - Processing /Users/prasenjeet.gadhe/Documents/05. Nokia_PoV/Parallel_Test/venv/lib/python3.9/site-packages/airflow/example_dags/tutorial_taskflow_api.py took 0.089 seconds
[2025-04-02T17:12:57.194-0400] {processor.py:161} INFO - Started process (PID=15296) to work on /Users/prasenjeet.gadhe/Documents/05. Nokia_PoV/Parallel_Test/venv/lib/python3.9/site-packages/airflow/example_dags/tutorial_taskflow_api.py
[2025-04-02T17:12:57.195-0400] {processor.py:830} INFO - Processing file /Users/prasenjeet.gadhe/Documents/05. Nokia_PoV/Parallel_Test/venv/lib/python3.9/site-packages/airflow/example_dags/tutorial_taskflow_api.py for tasks to queue
[2025-04-02T17:12:57.196-0400] {logging_mixin.py:188} INFO - [2025-04-02T17:12:57.196-0400] {dagbag.py:540} INFO - Filling up the DagBag from /Users/prasenjeet.gadhe/Documents/05. Nokia_PoV/Parallel_Test/venv/lib/python3.9/site-packages/airflow/example_dags/tutorial_taskflow_api.py
[2025-04-02T17:12:57.213-0400] {processor.py:840} INFO - DAG(s) 'tutorial_taskflow_api' retrieved from /Users/prasenjeet.gadhe/Documents/05. Nokia_PoV/Parallel_Test/venv/lib/python3.9/site-packages/airflow/example_dags/tutorial_taskflow_api.py
[2025-04-02T17:12:57.291-0400] {logging_mixin.py:188} INFO - [2025-04-02T17:12:57.290-0400] {dag.py:3096} INFO - Sync 1 DAGs
[2025-04-02T17:12:57.294-0400] {logging_mixin.py:188} INFO - [2025-04-02T17:12:57.294-0400] {dag.py:3954} INFO - Setting next_dagrun for tutorial_taskflow_api to None, run_after=None
[2025-04-02T17:12:57.302-0400] {processor.py:183} INFO - Processing /Users/prasenjeet.gadhe/Documents/05. Nokia_PoV/Parallel_Test/venv/lib/python3.9/site-packages/airflow/example_dags/tutorial_taskflow_api.py took 0.110 seconds
[2025-04-02T17:25:56.710-0400] {processor.py:161} INFO - Started process (PID=12494) to work on /Users/prasenjeet.gadhe/Documents/05. Nokia_PoV/Parallel_Test/venv/lib/python3.9/site-packages/airflow/example_dags/tutorial_taskflow_api.py
[2025-04-02T17:25:56.712-0400] {processor.py:830} INFO - Processing file /Users/prasenjeet.gadhe/Documents/05. Nokia_PoV/Parallel_Test/venv/lib/python3.9/site-packages/airflow/example_dags/tutorial_taskflow_api.py for tasks to queue
[2025-04-02T17:25:56.712-0400] {logging_mixin.py:188} INFO - [2025-04-02T17:25:56.712-0400] {dagbag.py:540} INFO - Filling up the DagBag from /Users/prasenjeet.gadhe/Documents/05. Nokia_PoV/Parallel_Test/venv/lib/python3.9/site-packages/airflow/example_dags/tutorial_taskflow_api.py
[2025-04-02T17:25:56.727-0400] {processor.py:840} INFO - DAG(s) 'tutorial_taskflow_api' retrieved from /Users/prasenjeet.gadhe/Documents/05. Nokia_PoV/Parallel_Test/venv/lib/python3.9/site-packages/airflow/example_dags/tutorial_taskflow_api.py
[2025-04-02T17:25:56.829-0400] {logging_mixin.py:188} INFO - [2025-04-02T17:25:56.829-0400] {dag.py:3096} INFO - Sync 1 DAGs
[2025-04-02T17:25:56.833-0400] {logging_mixin.py:188} INFO - [2025-04-02T17:25:56.833-0400] {dag.py:3954} INFO - Setting next_dagrun for tutorial_taskflow_api to None, run_after=None
[2025-04-02T17:25:56.840-0400] {processor.py:183} INFO - Processing /Users/prasenjeet.gadhe/Documents/05. Nokia_PoV/Parallel_Test/venv/lib/python3.9/site-packages/airflow/example_dags/tutorial_taskflow_api.py took 0.130 seconds
