[2025-04-02T16:38:37.351-0400] {processor.py:161} INFO - Started process (PID=59725) to work on /Users/prasenjeet.gadhe/Documents/05. Nokia_PoV/Parallel_Test/venv/lib/python3.9/site-packages/airflow/example_dags/tutorial.py
[2025-04-02T16:38:37.352-0400] {processor.py:830} INFO - Processing file /Users/prasenjeet.gadhe/Documents/05. Nokia_PoV/Parallel_Test/venv/lib/python3.9/site-packages/airflow/example_dags/tutorial.py for tasks to queue
[2025-04-02T16:38:37.352-0400] {logging_mixin.py:188} INFO - [2025-04-02T16:38:37.352-0400] {dagbag.py:540} INFO - Filling up the DagBag from /Users/prasenjeet.gadhe/Documents/05. Nokia_PoV/Parallel_Test/venv/lib/python3.9/site-packages/airflow/example_dags/tutorial.py
[2025-04-02T16:38:37.356-0400] {processor.py:840} INFO - DAG(s) 'tutorial' retrieved from /Users/prasenjeet.gadhe/Documents/05. Nokia_PoV/Parallel_Test/venv/lib/python3.9/site-packages/airflow/example_dags/tutorial.py
[2025-04-02T16:38:37.448-0400] {logging_mixin.py:188} INFO - [2025-04-02T16:38:37.448-0400] {override.py:1829} INFO - Created Permission View: can edit on DAG:tutorial
[2025-04-02T16:38:37.451-0400] {logging_mixin.py:188} INFO - [2025-04-02T16:38:37.450-0400] {override.py:1829} INFO - Created Permission View: can read on DAG:tutorial
[2025-04-02T16:38:37.453-0400] {logging_mixin.py:188} INFO - [2025-04-02T16:38:37.453-0400] {override.py:1829} INFO - Created Permission View: can delete on DAG:tutorial
[2025-04-02T16:38:37.453-0400] {logging_mixin.py:188} INFO - [2025-04-02T16:38:37.453-0400] {dag.py:3096} INFO - Sync 1 DAGs
[2025-04-02T16:38:37.457-0400] {logging_mixin.py:188} INFO - [2025-04-02T16:38:37.457-0400] {dag.py:3118} INFO - Creating ORM DAG for tutorial
[2025-04-02T16:38:37.462-0400] {logging_mixin.py:188} INFO - [2025-04-02T16:38:37.462-0400] {dag.py:3954} INFO - Setting next_dagrun for tutorial to 2025-04-01 00:00:00+00:00, run_after=2025-04-02 00:00:00+00:00
[2025-04-02T16:38:37.469-0400] {processor.py:183} INFO - Processing /Users/prasenjeet.gadhe/Documents/05. Nokia_PoV/Parallel_Test/venv/lib/python3.9/site-packages/airflow/example_dags/tutorial.py took 0.119 seconds
[2025-04-02T16:39:18.700-0400] {processor.py:161} INFO - Started process (PID=64776) to work on /Users/prasenjeet.gadhe/Documents/05. Nokia_PoV/Parallel_Test/venv/lib/python3.9/site-packages/airflow/example_dags/tutorial.py
[2025-04-02T16:39:18.701-0400] {processor.py:830} INFO - Processing file /Users/prasenjeet.gadhe/Documents/05. Nokia_PoV/Parallel_Test/venv/lib/python3.9/site-packages/airflow/example_dags/tutorial.py for tasks to queue
[2025-04-02T16:39:18.701-0400] {logging_mixin.py:188} INFO - [2025-04-02T16:39:18.701-0400] {dagbag.py:540} INFO - Filling up the DagBag from /Users/prasenjeet.gadhe/Documents/05. Nokia_PoV/Parallel_Test/venv/lib/python3.9/site-packages/airflow/example_dags/tutorial.py
[2025-04-02T16:39:18.705-0400] {processor.py:840} INFO - DAG(s) 'tutorial' retrieved from /Users/prasenjeet.gadhe/Documents/05. Nokia_PoV/Parallel_Test/venv/lib/python3.9/site-packages/airflow/example_dags/tutorial.py
[2025-04-02T16:39:18.759-0400] {logging_mixin.py:188} INFO - [2025-04-02T16:39:18.759-0400] {dag.py:3096} INFO - Sync 1 DAGs
[2025-04-02T16:39:18.766-0400] {logging_mixin.py:188} INFO - [2025-04-02T16:39:18.766-0400] {dag.py:3954} INFO - Setting next_dagrun for tutorial to 2025-04-01 00:00:00+00:00, run_after=2025-04-02 00:00:00+00:00
[2025-04-02T16:39:18.772-0400] {processor.py:183} INFO - Processing /Users/prasenjeet.gadhe/Documents/05. Nokia_PoV/Parallel_Test/venv/lib/python3.9/site-packages/airflow/example_dags/tutorial.py took 0.073 seconds
[2025-04-02T16:40:47.960-0400] {processor.py:161} INFO - Started process (PID=75957) to work on /Users/prasenjeet.gadhe/Documents/05. Nokia_PoV/Parallel_Test/venv/lib/python3.9/site-packages/airflow/example_dags/tutorial.py
[2025-04-02T16:40:47.962-0400] {processor.py:830} INFO - Processing file /Users/prasenjeet.gadhe/Documents/05. Nokia_PoV/Parallel_Test/venv/lib/python3.9/site-packages/airflow/example_dags/tutorial.py for tasks to queue
[2025-04-02T16:40:47.962-0400] {logging_mixin.py:188} INFO - [2025-04-02T16:40:47.962-0400] {dagbag.py:540} INFO - Filling up the DagBag from /Users/prasenjeet.gadhe/Documents/05. Nokia_PoV/Parallel_Test/venv/lib/python3.9/site-packages/airflow/example_dags/tutorial.py
[2025-04-02T16:40:47.966-0400] {processor.py:840} INFO - DAG(s) 'tutorial' retrieved from /Users/prasenjeet.gadhe/Documents/05. Nokia_PoV/Parallel_Test/venv/lib/python3.9/site-packages/airflow/example_dags/tutorial.py
[2025-04-02T16:40:48.023-0400] {logging_mixin.py:188} INFO - [2025-04-02T16:40:48.023-0400] {dag.py:3096} INFO - Sync 1 DAGs
[2025-04-02T16:40:48.032-0400] {logging_mixin.py:188} INFO - [2025-04-02T16:40:48.031-0400] {dag.py:3954} INFO - Setting next_dagrun for tutorial to 2025-04-01 00:00:00+00:00, run_after=2025-04-02 00:00:00+00:00
[2025-04-02T16:40:48.038-0400] {processor.py:183} INFO - Processing /Users/prasenjeet.gadhe/Documents/05. Nokia_PoV/Parallel_Test/venv/lib/python3.9/site-packages/airflow/example_dags/tutorial.py took 0.079 seconds
[2025-04-02T16:41:45.114-0400] {processor.py:161} INFO - Started process (PID=83181) to work on /Users/prasenjeet.gadhe/Documents/05. Nokia_PoV/Parallel_Test/venv/lib/python3.9/site-packages/airflow/example_dags/tutorial.py
[2025-04-02T16:41:45.115-0400] {processor.py:830} INFO - Processing file /Users/prasenjeet.gadhe/Documents/05. Nokia_PoV/Parallel_Test/venv/lib/python3.9/site-packages/airflow/example_dags/tutorial.py for tasks to queue
[2025-04-02T16:41:45.116-0400] {logging_mixin.py:188} INFO - [2025-04-02T16:41:45.116-0400] {dagbag.py:540} INFO - Filling up the DagBag from /Users/prasenjeet.gadhe/Documents/05. Nokia_PoV/Parallel_Test/venv/lib/python3.9/site-packages/airflow/example_dags/tutorial.py
[2025-04-02T16:41:45.119-0400] {processor.py:840} INFO - DAG(s) 'tutorial' retrieved from /Users/prasenjeet.gadhe/Documents/05. Nokia_PoV/Parallel_Test/venv/lib/python3.9/site-packages/airflow/example_dags/tutorial.py
[2025-04-02T16:41:45.172-0400] {logging_mixin.py:188} INFO - [2025-04-02T16:41:45.172-0400] {dag.py:3096} INFO - Sync 1 DAGs
[2025-04-02T16:41:45.179-0400] {logging_mixin.py:188} INFO - [2025-04-02T16:41:45.179-0400] {dag.py:3954} INFO - Setting next_dagrun for tutorial to 2025-04-01 00:00:00+00:00, run_after=2025-04-02 00:00:00+00:00
[2025-04-02T16:41:45.184-0400] {processor.py:183} INFO - Processing /Users/prasenjeet.gadhe/Documents/05. Nokia_PoV/Parallel_Test/venv/lib/python3.9/site-packages/airflow/example_dags/tutorial.py took 0.072 seconds
[2025-04-02T16:42:43.388-0400] {processor.py:161} INFO - Started process (PID=90357) to work on /Users/prasenjeet.gadhe/Documents/05. Nokia_PoV/Parallel_Test/venv/lib/python3.9/site-packages/airflow/example_dags/tutorial.py
[2025-04-02T16:42:43.390-0400] {processor.py:830} INFO - Processing file /Users/prasenjeet.gadhe/Documents/05. Nokia_PoV/Parallel_Test/venv/lib/python3.9/site-packages/airflow/example_dags/tutorial.py for tasks to queue
[2025-04-02T16:42:43.390-0400] {logging_mixin.py:188} INFO - [2025-04-02T16:42:43.390-0400] {dagbag.py:540} INFO - Filling up the DagBag from /Users/prasenjeet.gadhe/Documents/05. Nokia_PoV/Parallel_Test/venv/lib/python3.9/site-packages/airflow/example_dags/tutorial.py
[2025-04-02T16:42:43.393-0400] {processor.py:840} INFO - DAG(s) 'tutorial' retrieved from /Users/prasenjeet.gadhe/Documents/05. Nokia_PoV/Parallel_Test/venv/lib/python3.9/site-packages/airflow/example_dags/tutorial.py
[2025-04-02T16:42:43.450-0400] {logging_mixin.py:188} INFO - [2025-04-02T16:42:43.450-0400] {dag.py:3096} INFO - Sync 1 DAGs
[2025-04-02T16:42:43.459-0400] {logging_mixin.py:188} INFO - [2025-04-02T16:42:43.458-0400] {dag.py:3954} INFO - Setting next_dagrun for tutorial to 2025-04-01 00:00:00+00:00, run_after=2025-04-02 00:00:00+00:00
[2025-04-02T16:42:43.465-0400] {processor.py:183} INFO - Processing /Users/prasenjeet.gadhe/Documents/05. Nokia_PoV/Parallel_Test/venv/lib/python3.9/site-packages/airflow/example_dags/tutorial.py took 0.078 seconds
[2025-04-02T16:43:39.687-0400] {processor.py:161} INFO - Started process (PID=97257) to work on /Users/prasenjeet.gadhe/Documents/05. Nokia_PoV/Parallel_Test/venv/lib/python3.9/site-packages/airflow/example_dags/tutorial.py
[2025-04-02T16:43:39.689-0400] {processor.py:830} INFO - Processing file /Users/prasenjeet.gadhe/Documents/05. Nokia_PoV/Parallel_Test/venv/lib/python3.9/site-packages/airflow/example_dags/tutorial.py for tasks to queue
[2025-04-02T16:43:39.690-0400] {logging_mixin.py:188} INFO - [2025-04-02T16:43:39.689-0400] {dagbag.py:540} INFO - Filling up the DagBag from /Users/prasenjeet.gadhe/Documents/05. Nokia_PoV/Parallel_Test/venv/lib/python3.9/site-packages/airflow/example_dags/tutorial.py
[2025-04-02T16:43:39.693-0400] {processor.py:840} INFO - DAG(s) 'tutorial' retrieved from /Users/prasenjeet.gadhe/Documents/05. Nokia_PoV/Parallel_Test/venv/lib/python3.9/site-packages/airflow/example_dags/tutorial.py
[2025-04-02T16:43:39.747-0400] {logging_mixin.py:188} INFO - [2025-04-02T16:43:39.747-0400] {dag.py:3096} INFO - Sync 1 DAGs
[2025-04-02T16:43:39.755-0400] {logging_mixin.py:188} INFO - [2025-04-02T16:43:39.755-0400] {dag.py:3954} INFO - Setting next_dagrun for tutorial to 2025-04-01 00:00:00+00:00, run_after=2025-04-02 00:00:00+00:00
[2025-04-02T16:43:39.761-0400] {processor.py:183} INFO - Processing /Users/prasenjeet.gadhe/Documents/05. Nokia_PoV/Parallel_Test/venv/lib/python3.9/site-packages/airflow/example_dags/tutorial.py took 0.074 seconds
[2025-04-02T16:45:39.687-0400] {processor.py:161} INFO - Started process (PID=12449) to work on /Users/prasenjeet.gadhe/Documents/05. Nokia_PoV/Parallel_Test/venv/lib/python3.9/site-packages/airflow/example_dags/tutorial.py
[2025-04-02T16:45:39.689-0400] {processor.py:830} INFO - Processing file /Users/prasenjeet.gadhe/Documents/05. Nokia_PoV/Parallel_Test/venv/lib/python3.9/site-packages/airflow/example_dags/tutorial.py for tasks to queue
[2025-04-02T16:45:39.689-0400] {logging_mixin.py:188} INFO - [2025-04-02T16:45:39.689-0400] {dagbag.py:540} INFO - Filling up the DagBag from /Users/prasenjeet.gadhe/Documents/05. Nokia_PoV/Parallel_Test/venv/lib/python3.9/site-packages/airflow/example_dags/tutorial.py
[2025-04-02T16:45:39.692-0400] {processor.py:840} INFO - DAG(s) 'tutorial' retrieved from /Users/prasenjeet.gadhe/Documents/05. Nokia_PoV/Parallel_Test/venv/lib/python3.9/site-packages/airflow/example_dags/tutorial.py
[2025-04-02T16:45:39.745-0400] {logging_mixin.py:188} INFO - [2025-04-02T16:45:39.745-0400] {dag.py:3096} INFO - Sync 1 DAGs
[2025-04-02T16:45:39.753-0400] {logging_mixin.py:188} INFO - [2025-04-02T16:45:39.753-0400] {dag.py:3954} INFO - Setting next_dagrun for tutorial to 2025-04-01 00:00:00+00:00, run_after=2025-04-02 00:00:00+00:00
[2025-04-02T16:45:39.759-0400] {processor.py:183} INFO - Processing /Users/prasenjeet.gadhe/Documents/05. Nokia_PoV/Parallel_Test/venv/lib/python3.9/site-packages/airflow/example_dags/tutorial.py took 0.073 seconds
[2025-04-02T16:47:07.891-0400] {processor.py:161} INFO - Started process (PID=23462) to work on /Users/prasenjeet.gadhe/Documents/05. Nokia_PoV/Parallel_Test/venv/lib/python3.9/site-packages/airflow/example_dags/tutorial.py
[2025-04-02T16:47:07.893-0400] {processor.py:830} INFO - Processing file /Users/prasenjeet.gadhe/Documents/05. Nokia_PoV/Parallel_Test/venv/lib/python3.9/site-packages/airflow/example_dags/tutorial.py for tasks to queue
[2025-04-02T16:47:07.893-0400] {logging_mixin.py:188} INFO - [2025-04-02T16:47:07.893-0400] {dagbag.py:540} INFO - Filling up the DagBag from /Users/prasenjeet.gadhe/Documents/05. Nokia_PoV/Parallel_Test/venv/lib/python3.9/site-packages/airflow/example_dags/tutorial.py
[2025-04-02T16:47:07.897-0400] {processor.py:840} INFO - DAG(s) 'tutorial' retrieved from /Users/prasenjeet.gadhe/Documents/05. Nokia_PoV/Parallel_Test/venv/lib/python3.9/site-packages/airflow/example_dags/tutorial.py
[2025-04-02T16:47:07.952-0400] {logging_mixin.py:188} INFO - [2025-04-02T16:47:07.952-0400] {dag.py:3096} INFO - Sync 1 DAGs
[2025-04-02T16:47:07.959-0400] {logging_mixin.py:188} INFO - [2025-04-02T16:47:07.959-0400] {dag.py:3954} INFO - Setting next_dagrun for tutorial to 2025-04-01 00:00:00+00:00, run_after=2025-04-02 00:00:00+00:00
[2025-04-02T16:47:07.965-0400] {processor.py:183} INFO - Processing /Users/prasenjeet.gadhe/Documents/05. Nokia_PoV/Parallel_Test/venv/lib/python3.9/site-packages/airflow/example_dags/tutorial.py took 0.075 seconds
[2025-04-02T16:48:08.596-0400] {processor.py:161} INFO - Started process (PID=31033) to work on /Users/prasenjeet.gadhe/Documents/05. Nokia_PoV/Parallel_Test/venv/lib/python3.9/site-packages/airflow/example_dags/tutorial.py
[2025-04-02T16:48:08.597-0400] {processor.py:830} INFO - Processing file /Users/prasenjeet.gadhe/Documents/05. Nokia_PoV/Parallel_Test/venv/lib/python3.9/site-packages/airflow/example_dags/tutorial.py for tasks to queue
[2025-04-02T16:48:08.597-0400] {logging_mixin.py:188} INFO - [2025-04-02T16:48:08.597-0400] {dagbag.py:540} INFO - Filling up the DagBag from /Users/prasenjeet.gadhe/Documents/05. Nokia_PoV/Parallel_Test/venv/lib/python3.9/site-packages/airflow/example_dags/tutorial.py
[2025-04-02T16:48:08.601-0400] {processor.py:840} INFO - DAG(s) 'tutorial' retrieved from /Users/prasenjeet.gadhe/Documents/05. Nokia_PoV/Parallel_Test/venv/lib/python3.9/site-packages/airflow/example_dags/tutorial.py
[2025-04-02T16:48:08.659-0400] {logging_mixin.py:188} INFO - [2025-04-02T16:48:08.659-0400] {dag.py:3096} INFO - Sync 1 DAGs
[2025-04-02T16:48:08.666-0400] {logging_mixin.py:188} INFO - [2025-04-02T16:48:08.666-0400] {dag.py:3954} INFO - Setting next_dagrun for tutorial to 2025-04-01 00:00:00+00:00, run_after=2025-04-02 00:00:00+00:00
[2025-04-02T16:48:08.672-0400] {processor.py:183} INFO - Processing /Users/prasenjeet.gadhe/Documents/05. Nokia_PoV/Parallel_Test/venv/lib/python3.9/site-packages/airflow/example_dags/tutorial.py took 0.077 seconds
[2025-04-02T16:49:04.264-0400] {processor.py:161} INFO - Started process (PID=37865) to work on /Users/prasenjeet.gadhe/Documents/05. Nokia_PoV/Parallel_Test/venv/lib/python3.9/site-packages/airflow/example_dags/tutorial.py
[2025-04-02T16:49:04.266-0400] {processor.py:830} INFO - Processing file /Users/prasenjeet.gadhe/Documents/05. Nokia_PoV/Parallel_Test/venv/lib/python3.9/site-packages/airflow/example_dags/tutorial.py for tasks to queue
[2025-04-02T16:49:04.266-0400] {logging_mixin.py:188} INFO - [2025-04-02T16:49:04.266-0400] {dagbag.py:540} INFO - Filling up the DagBag from /Users/prasenjeet.gadhe/Documents/05. Nokia_PoV/Parallel_Test/venv/lib/python3.9/site-packages/airflow/example_dags/tutorial.py
[2025-04-02T16:49:04.269-0400] {processor.py:840} INFO - DAG(s) 'tutorial' retrieved from /Users/prasenjeet.gadhe/Documents/05. Nokia_PoV/Parallel_Test/venv/lib/python3.9/site-packages/airflow/example_dags/tutorial.py
[2025-04-02T16:49:04.321-0400] {logging_mixin.py:188} INFO - [2025-04-02T16:49:04.321-0400] {dag.py:3096} INFO - Sync 1 DAGs
[2025-04-02T16:49:04.328-0400] {logging_mixin.py:188} INFO - [2025-04-02T16:49:04.328-0400] {dag.py:3954} INFO - Setting next_dagrun for tutorial to 2025-04-01 00:00:00+00:00, run_after=2025-04-02 00:00:00+00:00
[2025-04-02T16:49:04.334-0400] {processor.py:183} INFO - Processing /Users/prasenjeet.gadhe/Documents/05. Nokia_PoV/Parallel_Test/venv/lib/python3.9/site-packages/airflow/example_dags/tutorial.py took 0.071 seconds
[2025-04-02T16:50:50.619-0400] {processor.py:161} INFO - Started process (PID=51004) to work on /Users/prasenjeet.gadhe/Documents/05. Nokia_PoV/Parallel_Test/venv/lib/python3.9/site-packages/airflow/example_dags/tutorial.py
[2025-04-02T16:50:50.621-0400] {processor.py:830} INFO - Processing file /Users/prasenjeet.gadhe/Documents/05. Nokia_PoV/Parallel_Test/venv/lib/python3.9/site-packages/airflow/example_dags/tutorial.py for tasks to queue
[2025-04-02T16:50:50.621-0400] {logging_mixin.py:188} INFO - [2025-04-02T16:50:50.621-0400] {dagbag.py:540} INFO - Filling up the DagBag from /Users/prasenjeet.gadhe/Documents/05. Nokia_PoV/Parallel_Test/venv/lib/python3.9/site-packages/airflow/example_dags/tutorial.py
[2025-04-02T16:50:50.625-0400] {processor.py:840} INFO - DAG(s) 'tutorial' retrieved from /Users/prasenjeet.gadhe/Documents/05. Nokia_PoV/Parallel_Test/venv/lib/python3.9/site-packages/airflow/example_dags/tutorial.py
[2025-04-02T16:50:50.678-0400] {logging_mixin.py:188} INFO - [2025-04-02T16:50:50.678-0400] {dag.py:3096} INFO - Sync 1 DAGs
[2025-04-02T16:50:50.685-0400] {logging_mixin.py:188} INFO - [2025-04-02T16:50:50.685-0400] {dag.py:3954} INFO - Setting next_dagrun for tutorial to 2025-04-01 00:00:00+00:00, run_after=2025-04-02 00:00:00+00:00
[2025-04-02T16:50:50.691-0400] {processor.py:183} INFO - Processing /Users/prasenjeet.gadhe/Documents/05. Nokia_PoV/Parallel_Test/venv/lib/python3.9/site-packages/airflow/example_dags/tutorial.py took 0.073 seconds
[2025-04-02T16:52:21.238-0400] {processor.py:161} INFO - Started process (PID=62313) to work on /Users/prasenjeet.gadhe/Documents/05. Nokia_PoV/Parallel_Test/venv/lib/python3.9/site-packages/airflow/example_dags/tutorial.py
[2025-04-02T16:52:21.240-0400] {processor.py:830} INFO - Processing file /Users/prasenjeet.gadhe/Documents/05. Nokia_PoV/Parallel_Test/venv/lib/python3.9/site-packages/airflow/example_dags/tutorial.py for tasks to queue
[2025-04-02T16:52:21.240-0400] {logging_mixin.py:188} INFO - [2025-04-02T16:52:21.240-0400] {dagbag.py:540} INFO - Filling up the DagBag from /Users/prasenjeet.gadhe/Documents/05. Nokia_PoV/Parallel_Test/venv/lib/python3.9/site-packages/airflow/example_dags/tutorial.py
[2025-04-02T16:52:21.244-0400] {processor.py:840} INFO - DAG(s) 'tutorial' retrieved from /Users/prasenjeet.gadhe/Documents/05. Nokia_PoV/Parallel_Test/venv/lib/python3.9/site-packages/airflow/example_dags/tutorial.py
[2025-04-02T16:52:21.296-0400] {logging_mixin.py:188} INFO - [2025-04-02T16:52:21.296-0400] {dag.py:3096} INFO - Sync 1 DAGs
[2025-04-02T16:52:21.304-0400] {logging_mixin.py:188} INFO - [2025-04-02T16:52:21.304-0400] {dag.py:3954} INFO - Setting next_dagrun for tutorial to 2025-04-01 00:00:00+00:00, run_after=2025-04-02 00:00:00+00:00
[2025-04-02T16:52:21.309-0400] {processor.py:183} INFO - Processing /Users/prasenjeet.gadhe/Documents/05. Nokia_PoV/Parallel_Test/venv/lib/python3.9/site-packages/airflow/example_dags/tutorial.py took 0.072 seconds
[2025-04-02T16:53:18.192-0400] {processor.py:161} INFO - Started process (PID=69243) to work on /Users/prasenjeet.gadhe/Documents/05. Nokia_PoV/Parallel_Test/venv/lib/python3.9/site-packages/airflow/example_dags/tutorial.py
[2025-04-02T16:53:18.194-0400] {processor.py:830} INFO - Processing file /Users/prasenjeet.gadhe/Documents/05. Nokia_PoV/Parallel_Test/venv/lib/python3.9/site-packages/airflow/example_dags/tutorial.py for tasks to queue
[2025-04-02T16:53:18.194-0400] {logging_mixin.py:188} INFO - [2025-04-02T16:53:18.194-0400] {dagbag.py:540} INFO - Filling up the DagBag from /Users/prasenjeet.gadhe/Documents/05. Nokia_PoV/Parallel_Test/venv/lib/python3.9/site-packages/airflow/example_dags/tutorial.py
[2025-04-02T16:53:18.198-0400] {processor.py:840} INFO - DAG(s) 'tutorial' retrieved from /Users/prasenjeet.gadhe/Documents/05. Nokia_PoV/Parallel_Test/venv/lib/python3.9/site-packages/airflow/example_dags/tutorial.py
[2025-04-02T16:53:18.256-0400] {logging_mixin.py:188} INFO - [2025-04-02T16:53:18.256-0400] {dag.py:3096} INFO - Sync 1 DAGs
[2025-04-02T16:53:18.263-0400] {logging_mixin.py:188} INFO - [2025-04-02T16:53:18.263-0400] {dag.py:3954} INFO - Setting next_dagrun for tutorial to 2025-04-01 00:00:00+00:00, run_after=2025-04-02 00:00:00+00:00
[2025-04-02T16:53:18.269-0400] {processor.py:183} INFO - Processing /Users/prasenjeet.gadhe/Documents/05. Nokia_PoV/Parallel_Test/venv/lib/python3.9/site-packages/airflow/example_dags/tutorial.py took 0.078 seconds
[2025-04-02T16:54:11.280-0400] {processor.py:161} INFO - Started process (PID=75813) to work on /Users/prasenjeet.gadhe/Documents/05. Nokia_PoV/Parallel_Test/venv/lib/python3.9/site-packages/airflow/example_dags/tutorial.py
[2025-04-02T16:54:11.282-0400] {processor.py:830} INFO - Processing file /Users/prasenjeet.gadhe/Documents/05. Nokia_PoV/Parallel_Test/venv/lib/python3.9/site-packages/airflow/example_dags/tutorial.py for tasks to queue
[2025-04-02T16:54:11.282-0400] {logging_mixin.py:188} INFO - [2025-04-02T16:54:11.282-0400] {dagbag.py:540} INFO - Filling up the DagBag from /Users/prasenjeet.gadhe/Documents/05. Nokia_PoV/Parallel_Test/venv/lib/python3.9/site-packages/airflow/example_dags/tutorial.py
[2025-04-02T16:54:11.286-0400] {processor.py:840} INFO - DAG(s) 'tutorial' retrieved from /Users/prasenjeet.gadhe/Documents/05. Nokia_PoV/Parallel_Test/venv/lib/python3.9/site-packages/airflow/example_dags/tutorial.py
[2025-04-02T16:54:11.347-0400] {logging_mixin.py:188} INFO - [2025-04-02T16:54:11.347-0400] {dag.py:3096} INFO - Sync 1 DAGs
[2025-04-02T16:54:11.354-0400] {logging_mixin.py:188} INFO - [2025-04-02T16:54:11.354-0400] {dag.py:3954} INFO - Setting next_dagrun for tutorial to 2025-04-01 00:00:00+00:00, run_after=2025-04-02 00:00:00+00:00
[2025-04-02T16:54:11.361-0400] {processor.py:183} INFO - Processing /Users/prasenjeet.gadhe/Documents/05. Nokia_PoV/Parallel_Test/venv/lib/python3.9/site-packages/airflow/example_dags/tutorial.py took 0.082 seconds
[2025-04-02T16:55:08.091-0400] {processor.py:161} INFO - Started process (PID=82864) to work on /Users/prasenjeet.gadhe/Documents/05. Nokia_PoV/Parallel_Test/venv/lib/python3.9/site-packages/airflow/example_dags/tutorial.py
[2025-04-02T16:55:08.093-0400] {processor.py:830} INFO - Processing file /Users/prasenjeet.gadhe/Documents/05. Nokia_PoV/Parallel_Test/venv/lib/python3.9/site-packages/airflow/example_dags/tutorial.py for tasks to queue
[2025-04-02T16:55:08.093-0400] {logging_mixin.py:188} INFO - [2025-04-02T16:55:08.093-0400] {dagbag.py:540} INFO - Filling up the DagBag from /Users/prasenjeet.gadhe/Documents/05. Nokia_PoV/Parallel_Test/venv/lib/python3.9/site-packages/airflow/example_dags/tutorial.py
[2025-04-02T16:55:08.097-0400] {processor.py:840} INFO - DAG(s) 'tutorial' retrieved from /Users/prasenjeet.gadhe/Documents/05. Nokia_PoV/Parallel_Test/venv/lib/python3.9/site-packages/airflow/example_dags/tutorial.py
[2025-04-02T16:55:08.153-0400] {logging_mixin.py:188} INFO - [2025-04-02T16:55:08.153-0400] {dag.py:3096} INFO - Sync 1 DAGs
[2025-04-02T16:55:08.160-0400] {logging_mixin.py:188} INFO - [2025-04-02T16:55:08.160-0400] {dag.py:3954} INFO - Setting next_dagrun for tutorial to 2025-04-01 00:00:00+00:00, run_after=2025-04-02 00:00:00+00:00
[2025-04-02T16:55:08.166-0400] {processor.py:183} INFO - Processing /Users/prasenjeet.gadhe/Documents/05. Nokia_PoV/Parallel_Test/venv/lib/python3.9/site-packages/airflow/example_dags/tutorial.py took 0.076 seconds
[2025-04-02T16:56:06.943-0400] {processor.py:161} INFO - Started process (PID=90254) to work on /Users/prasenjeet.gadhe/Documents/05. Nokia_PoV/Parallel_Test/venv/lib/python3.9/site-packages/airflow/example_dags/tutorial.py
[2025-04-02T16:56:06.944-0400] {processor.py:830} INFO - Processing file /Users/prasenjeet.gadhe/Documents/05. Nokia_PoV/Parallel_Test/venv/lib/python3.9/site-packages/airflow/example_dags/tutorial.py for tasks to queue
[2025-04-02T16:56:06.945-0400] {logging_mixin.py:188} INFO - [2025-04-02T16:56:06.945-0400] {dagbag.py:540} INFO - Filling up the DagBag from /Users/prasenjeet.gadhe/Documents/05. Nokia_PoV/Parallel_Test/venv/lib/python3.9/site-packages/airflow/example_dags/tutorial.py
[2025-04-02T16:56:06.948-0400] {processor.py:840} INFO - DAG(s) 'tutorial' retrieved from /Users/prasenjeet.gadhe/Documents/05. Nokia_PoV/Parallel_Test/venv/lib/python3.9/site-packages/airflow/example_dags/tutorial.py
[2025-04-02T16:56:07.004-0400] {logging_mixin.py:188} INFO - [2025-04-02T16:56:07.004-0400] {dag.py:3096} INFO - Sync 1 DAGs
[2025-04-02T16:56:07.011-0400] {logging_mixin.py:188} INFO - [2025-04-02T16:56:07.011-0400] {dag.py:3954} INFO - Setting next_dagrun for tutorial to 2025-04-01 00:00:00+00:00, run_after=2025-04-02 00:00:00+00:00
[2025-04-02T16:56:07.017-0400] {processor.py:183} INFO - Processing /Users/prasenjeet.gadhe/Documents/05. Nokia_PoV/Parallel_Test/venv/lib/python3.9/site-packages/airflow/example_dags/tutorial.py took 0.076 seconds
[2025-04-02T16:57:04.170-0400] {processor.py:161} INFO - Started process (PID=97240) to work on /Users/prasenjeet.gadhe/Documents/05. Nokia_PoV/Parallel_Test/venv/lib/python3.9/site-packages/airflow/example_dags/tutorial.py
[2025-04-02T16:57:04.171-0400] {processor.py:830} INFO - Processing file /Users/prasenjeet.gadhe/Documents/05. Nokia_PoV/Parallel_Test/venv/lib/python3.9/site-packages/airflow/example_dags/tutorial.py for tasks to queue
[2025-04-02T16:57:04.172-0400] {logging_mixin.py:188} INFO - [2025-04-02T16:57:04.172-0400] {dagbag.py:540} INFO - Filling up the DagBag from /Users/prasenjeet.gadhe/Documents/05. Nokia_PoV/Parallel_Test/venv/lib/python3.9/site-packages/airflow/example_dags/tutorial.py
[2025-04-02T16:57:04.175-0400] {processor.py:840} INFO - DAG(s) 'tutorial' retrieved from /Users/prasenjeet.gadhe/Documents/05. Nokia_PoV/Parallel_Test/venv/lib/python3.9/site-packages/airflow/example_dags/tutorial.py
[2025-04-02T16:57:04.231-0400] {logging_mixin.py:188} INFO - [2025-04-02T16:57:04.231-0400] {dag.py:3096} INFO - Sync 1 DAGs
[2025-04-02T16:57:04.238-0400] {logging_mixin.py:188} INFO - [2025-04-02T16:57:04.238-0400] {dag.py:3954} INFO - Setting next_dagrun for tutorial to 2025-04-01 00:00:00+00:00, run_after=2025-04-02 00:00:00+00:00
[2025-04-02T16:57:04.244-0400] {processor.py:183} INFO - Processing /Users/prasenjeet.gadhe/Documents/05. Nokia_PoV/Parallel_Test/venv/lib/python3.9/site-packages/airflow/example_dags/tutorial.py took 0.075 seconds
[2025-04-02T16:58:00.472-0400] {processor.py:161} INFO - Started process (PID=4488) to work on /Users/prasenjeet.gadhe/Documents/05. Nokia_PoV/Parallel_Test/venv/lib/python3.9/site-packages/airflow/example_dags/tutorial.py
[2025-04-02T16:58:00.474-0400] {processor.py:830} INFO - Processing file /Users/prasenjeet.gadhe/Documents/05. Nokia_PoV/Parallel_Test/venv/lib/python3.9/site-packages/airflow/example_dags/tutorial.py for tasks to queue
[2025-04-02T16:58:00.474-0400] {logging_mixin.py:188} INFO - [2025-04-02T16:58:00.474-0400] {dagbag.py:540} INFO - Filling up the DagBag from /Users/prasenjeet.gadhe/Documents/05. Nokia_PoV/Parallel_Test/venv/lib/python3.9/site-packages/airflow/example_dags/tutorial.py
[2025-04-02T16:58:00.478-0400] {processor.py:840} INFO - DAG(s) 'tutorial' retrieved from /Users/prasenjeet.gadhe/Documents/05. Nokia_PoV/Parallel_Test/venv/lib/python3.9/site-packages/airflow/example_dags/tutorial.py
[2025-04-02T16:58:00.531-0400] {logging_mixin.py:188} INFO - [2025-04-02T16:58:00.531-0400] {dag.py:3096} INFO - Sync 1 DAGs
[2025-04-02T16:58:00.538-0400] {logging_mixin.py:188} INFO - [2025-04-02T16:58:00.538-0400] {dag.py:3954} INFO - Setting next_dagrun for tutorial to 2025-04-01 00:00:00+00:00, run_after=2025-04-02 00:00:00+00:00
[2025-04-02T16:58:00.544-0400] {processor.py:183} INFO - Processing /Users/prasenjeet.gadhe/Documents/05. Nokia_PoV/Parallel_Test/venv/lib/python3.9/site-packages/airflow/example_dags/tutorial.py took 0.073 seconds
[2025-04-02T16:58:57.323-0400] {processor.py:161} INFO - Started process (PID=11482) to work on /Users/prasenjeet.gadhe/Documents/05. Nokia_PoV/Parallel_Test/venv/lib/python3.9/site-packages/airflow/example_dags/tutorial.py
[2025-04-02T16:58:57.325-0400] {processor.py:830} INFO - Processing file /Users/prasenjeet.gadhe/Documents/05. Nokia_PoV/Parallel_Test/venv/lib/python3.9/site-packages/airflow/example_dags/tutorial.py for tasks to queue
[2025-04-02T16:58:57.326-0400] {logging_mixin.py:188} INFO - [2025-04-02T16:58:57.326-0400] {dagbag.py:540} INFO - Filling up the DagBag from /Users/prasenjeet.gadhe/Documents/05. Nokia_PoV/Parallel_Test/venv/lib/python3.9/site-packages/airflow/example_dags/tutorial.py
[2025-04-02T16:58:57.329-0400] {processor.py:840} INFO - DAG(s) 'tutorial' retrieved from /Users/prasenjeet.gadhe/Documents/05. Nokia_PoV/Parallel_Test/venv/lib/python3.9/site-packages/airflow/example_dags/tutorial.py
[2025-04-02T16:58:57.383-0400] {logging_mixin.py:188} INFO - [2025-04-02T16:58:57.383-0400] {dag.py:3096} INFO - Sync 1 DAGs
[2025-04-02T16:58:57.390-0400] {logging_mixin.py:188} INFO - [2025-04-02T16:58:57.390-0400] {dag.py:3954} INFO - Setting next_dagrun for tutorial to 2025-04-01 00:00:00+00:00, run_after=2025-04-02 00:00:00+00:00
[2025-04-02T16:58:57.396-0400] {processor.py:183} INFO - Processing /Users/prasenjeet.gadhe/Documents/05. Nokia_PoV/Parallel_Test/venv/lib/python3.9/site-packages/airflow/example_dags/tutorial.py took 0.074 seconds
[2025-04-02T16:59:52.524-0400] {processor.py:161} INFO - Started process (PID=18276) to work on /Users/prasenjeet.gadhe/Documents/05. Nokia_PoV/Parallel_Test/venv/lib/python3.9/site-packages/airflow/example_dags/tutorial.py
[2025-04-02T16:59:52.526-0400] {processor.py:830} INFO - Processing file /Users/prasenjeet.gadhe/Documents/05. Nokia_PoV/Parallel_Test/venv/lib/python3.9/site-packages/airflow/example_dags/tutorial.py for tasks to queue
[2025-04-02T16:59:52.526-0400] {logging_mixin.py:188} INFO - [2025-04-02T16:59:52.526-0400] {dagbag.py:540} INFO - Filling up the DagBag from /Users/prasenjeet.gadhe/Documents/05. Nokia_PoV/Parallel_Test/venv/lib/python3.9/site-packages/airflow/example_dags/tutorial.py
[2025-04-02T16:59:52.530-0400] {processor.py:840} INFO - DAG(s) 'tutorial' retrieved from /Users/prasenjeet.gadhe/Documents/05. Nokia_PoV/Parallel_Test/venv/lib/python3.9/site-packages/airflow/example_dags/tutorial.py
[2025-04-02T16:59:52.599-0400] {logging_mixin.py:188} INFO - [2025-04-02T16:59:52.599-0400] {dag.py:3096} INFO - Sync 1 DAGs
[2025-04-02T16:59:52.608-0400] {logging_mixin.py:188} INFO - [2025-04-02T16:59:52.608-0400] {dag.py:3954} INFO - Setting next_dagrun for tutorial to 2025-04-01 00:00:00+00:00, run_after=2025-04-02 00:00:00+00:00
[2025-04-02T16:59:52.616-0400] {processor.py:183} INFO - Processing /Users/prasenjeet.gadhe/Documents/05. Nokia_PoV/Parallel_Test/venv/lib/python3.9/site-packages/airflow/example_dags/tutorial.py took 0.093 seconds
[2025-04-02T17:00:47.835-0400] {processor.py:161} INFO - Started process (PID=25075) to work on /Users/prasenjeet.gadhe/Documents/05. Nokia_PoV/Parallel_Test/venv/lib/python3.9/site-packages/airflow/example_dags/tutorial.py
[2025-04-02T17:00:47.836-0400] {processor.py:830} INFO - Processing file /Users/prasenjeet.gadhe/Documents/05. Nokia_PoV/Parallel_Test/venv/lib/python3.9/site-packages/airflow/example_dags/tutorial.py for tasks to queue
[2025-04-02T17:00:47.837-0400] {logging_mixin.py:188} INFO - [2025-04-02T17:00:47.837-0400] {dagbag.py:540} INFO - Filling up the DagBag from /Users/prasenjeet.gadhe/Documents/05. Nokia_PoV/Parallel_Test/venv/lib/python3.9/site-packages/airflow/example_dags/tutorial.py
[2025-04-02T17:00:47.840-0400] {processor.py:840} INFO - DAG(s) 'tutorial' retrieved from /Users/prasenjeet.gadhe/Documents/05. Nokia_PoV/Parallel_Test/venv/lib/python3.9/site-packages/airflow/example_dags/tutorial.py
[2025-04-02T17:00:47.902-0400] {logging_mixin.py:188} INFO - [2025-04-02T17:00:47.902-0400] {dag.py:3096} INFO - Sync 1 DAGs
[2025-04-02T17:00:47.910-0400] {logging_mixin.py:188} INFO - [2025-04-02T17:00:47.910-0400] {dag.py:3954} INFO - Setting next_dagrun for tutorial to 2025-04-01 00:00:00+00:00, run_after=2025-04-02 00:00:00+00:00
[2025-04-02T17:00:47.918-0400] {processor.py:183} INFO - Processing /Users/prasenjeet.gadhe/Documents/05. Nokia_PoV/Parallel_Test/venv/lib/python3.9/site-packages/airflow/example_dags/tutorial.py took 0.085 seconds
[2025-04-02T17:01:44.808-0400] {processor.py:161} INFO - Started process (PID=31989) to work on /Users/prasenjeet.gadhe/Documents/05. Nokia_PoV/Parallel_Test/venv/lib/python3.9/site-packages/airflow/example_dags/tutorial.py
[2025-04-02T17:01:44.809-0400] {processor.py:830} INFO - Processing file /Users/prasenjeet.gadhe/Documents/05. Nokia_PoV/Parallel_Test/venv/lib/python3.9/site-packages/airflow/example_dags/tutorial.py for tasks to queue
[2025-04-02T17:01:44.810-0400] {logging_mixin.py:188} INFO - [2025-04-02T17:01:44.810-0400] {dagbag.py:540} INFO - Filling up the DagBag from /Users/prasenjeet.gadhe/Documents/05. Nokia_PoV/Parallel_Test/venv/lib/python3.9/site-packages/airflow/example_dags/tutorial.py
[2025-04-02T17:01:44.813-0400] {processor.py:840} INFO - DAG(s) 'tutorial' retrieved from /Users/prasenjeet.gadhe/Documents/05. Nokia_PoV/Parallel_Test/venv/lib/python3.9/site-packages/airflow/example_dags/tutorial.py
[2025-04-02T17:01:44.866-0400] {logging_mixin.py:188} INFO - [2025-04-02T17:01:44.866-0400] {dag.py:3096} INFO - Sync 1 DAGs
[2025-04-02T17:01:44.873-0400] {logging_mixin.py:188} INFO - [2025-04-02T17:01:44.873-0400] {dag.py:3954} INFO - Setting next_dagrun for tutorial to 2025-04-01 00:00:00+00:00, run_after=2025-04-02 00:00:00+00:00
[2025-04-02T17:01:44.879-0400] {processor.py:183} INFO - Processing /Users/prasenjeet.gadhe/Documents/05. Nokia_PoV/Parallel_Test/venv/lib/python3.9/site-packages/airflow/example_dags/tutorial.py took 0.073 seconds
[2025-04-02T17:02:41.860-0400] {processor.py:161} INFO - Started process (PID=39057) to work on /Users/prasenjeet.gadhe/Documents/05. Nokia_PoV/Parallel_Test/venv/lib/python3.9/site-packages/airflow/example_dags/tutorial.py
[2025-04-02T17:02:41.862-0400] {processor.py:830} INFO - Processing file /Users/prasenjeet.gadhe/Documents/05. Nokia_PoV/Parallel_Test/venv/lib/python3.9/site-packages/airflow/example_dags/tutorial.py for tasks to queue
[2025-04-02T17:02:41.862-0400] {logging_mixin.py:188} INFO - [2025-04-02T17:02:41.862-0400] {dagbag.py:540} INFO - Filling up the DagBag from /Users/prasenjeet.gadhe/Documents/05. Nokia_PoV/Parallel_Test/venv/lib/python3.9/site-packages/airflow/example_dags/tutorial.py
[2025-04-02T17:02:41.866-0400] {processor.py:840} INFO - DAG(s) 'tutorial' retrieved from /Users/prasenjeet.gadhe/Documents/05. Nokia_PoV/Parallel_Test/venv/lib/python3.9/site-packages/airflow/example_dags/tutorial.py
[2025-04-02T17:02:41.920-0400] {logging_mixin.py:188} INFO - [2025-04-02T17:02:41.920-0400] {dag.py:3096} INFO - Sync 1 DAGs
[2025-04-02T17:02:41.927-0400] {logging_mixin.py:188} INFO - [2025-04-02T17:02:41.927-0400] {dag.py:3954} INFO - Setting next_dagrun for tutorial to 2025-04-01 00:00:00+00:00, run_after=2025-04-02 00:00:00+00:00
[2025-04-02T17:02:41.933-0400] {processor.py:183} INFO - Processing /Users/prasenjeet.gadhe/Documents/05. Nokia_PoV/Parallel_Test/venv/lib/python3.9/site-packages/airflow/example_dags/tutorial.py took 0.074 seconds
[2025-04-02T17:03:35.716-0400] {processor.py:161} INFO - Started process (PID=45605) to work on /Users/prasenjeet.gadhe/Documents/05. Nokia_PoV/Parallel_Test/venv/lib/python3.9/site-packages/airflow/example_dags/tutorial.py
[2025-04-02T17:03:35.718-0400] {processor.py:830} INFO - Processing file /Users/prasenjeet.gadhe/Documents/05. Nokia_PoV/Parallel_Test/venv/lib/python3.9/site-packages/airflow/example_dags/tutorial.py for tasks to queue
[2025-04-02T17:03:35.718-0400] {logging_mixin.py:188} INFO - [2025-04-02T17:03:35.718-0400] {dagbag.py:540} INFO - Filling up the DagBag from /Users/prasenjeet.gadhe/Documents/05. Nokia_PoV/Parallel_Test/venv/lib/python3.9/site-packages/airflow/example_dags/tutorial.py
[2025-04-02T17:03:35.721-0400] {processor.py:840} INFO - DAG(s) 'tutorial' retrieved from /Users/prasenjeet.gadhe/Documents/05. Nokia_PoV/Parallel_Test/venv/lib/python3.9/site-packages/airflow/example_dags/tutorial.py
[2025-04-02T17:03:35.775-0400] {logging_mixin.py:188} INFO - [2025-04-02T17:03:35.775-0400] {dag.py:3096} INFO - Sync 1 DAGs
[2025-04-02T17:03:35.782-0400] {logging_mixin.py:188} INFO - [2025-04-02T17:03:35.782-0400] {dag.py:3954} INFO - Setting next_dagrun for tutorial to 2025-04-01 00:00:00+00:00, run_after=2025-04-02 00:00:00+00:00
[2025-04-02T17:03:35.788-0400] {processor.py:183} INFO - Processing /Users/prasenjeet.gadhe/Documents/05. Nokia_PoV/Parallel_Test/venv/lib/python3.9/site-packages/airflow/example_dags/tutorial.py took 0.072 seconds
[2025-04-02T17:04:32.897-0400] {processor.py:161} INFO - Started process (PID=52681) to work on /Users/prasenjeet.gadhe/Documents/05. Nokia_PoV/Parallel_Test/venv/lib/python3.9/site-packages/airflow/example_dags/tutorial.py
[2025-04-02T17:04:32.899-0400] {processor.py:830} INFO - Processing file /Users/prasenjeet.gadhe/Documents/05. Nokia_PoV/Parallel_Test/venv/lib/python3.9/site-packages/airflow/example_dags/tutorial.py for tasks to queue
[2025-04-02T17:04:32.899-0400] {logging_mixin.py:188} INFO - [2025-04-02T17:04:32.899-0400] {dagbag.py:540} INFO - Filling up the DagBag from /Users/prasenjeet.gadhe/Documents/05. Nokia_PoV/Parallel_Test/venv/lib/python3.9/site-packages/airflow/example_dags/tutorial.py
[2025-04-02T17:04:32.903-0400] {processor.py:840} INFO - DAG(s) 'tutorial' retrieved from /Users/prasenjeet.gadhe/Documents/05. Nokia_PoV/Parallel_Test/venv/lib/python3.9/site-packages/airflow/example_dags/tutorial.py
[2025-04-02T17:04:32.961-0400] {logging_mixin.py:188} INFO - [2025-04-02T17:04:32.961-0400] {dag.py:3096} INFO - Sync 1 DAGs
[2025-04-02T17:04:32.968-0400] {logging_mixin.py:188} INFO - [2025-04-02T17:04:32.968-0400] {dag.py:3954} INFO - Setting next_dagrun for tutorial to 2025-04-01 00:00:00+00:00, run_after=2025-04-02 00:00:00+00:00
[2025-04-02T17:04:32.975-0400] {processor.py:183} INFO - Processing /Users/prasenjeet.gadhe/Documents/05. Nokia_PoV/Parallel_Test/venv/lib/python3.9/site-packages/airflow/example_dags/tutorial.py took 0.079 seconds
[2025-04-02T17:05:27.534-0400] {processor.py:161} INFO - Started process (PID=59336) to work on /Users/prasenjeet.gadhe/Documents/05. Nokia_PoV/Parallel_Test/venv/lib/python3.9/site-packages/airflow/example_dags/tutorial.py
[2025-04-02T17:05:27.536-0400] {processor.py:830} INFO - Processing file /Users/prasenjeet.gadhe/Documents/05. Nokia_PoV/Parallel_Test/venv/lib/python3.9/site-packages/airflow/example_dags/tutorial.py for tasks to queue
[2025-04-02T17:05:27.537-0400] {logging_mixin.py:188} INFO - [2025-04-02T17:05:27.537-0400] {dagbag.py:540} INFO - Filling up the DagBag from /Users/prasenjeet.gadhe/Documents/05. Nokia_PoV/Parallel_Test/venv/lib/python3.9/site-packages/airflow/example_dags/tutorial.py
[2025-04-02T17:05:27.540-0400] {processor.py:840} INFO - DAG(s) 'tutorial' retrieved from /Users/prasenjeet.gadhe/Documents/05. Nokia_PoV/Parallel_Test/venv/lib/python3.9/site-packages/airflow/example_dags/tutorial.py
[2025-04-02T17:05:27.597-0400] {logging_mixin.py:188} INFO - [2025-04-02T17:05:27.597-0400] {dag.py:3096} INFO - Sync 1 DAGs
[2025-04-02T17:05:27.604-0400] {logging_mixin.py:188} INFO - [2025-04-02T17:05:27.604-0400] {dag.py:3954} INFO - Setting next_dagrun for tutorial to 2025-04-01 00:00:00+00:00, run_after=2025-04-02 00:00:00+00:00
[2025-04-02T17:05:27.610-0400] {processor.py:183} INFO - Processing /Users/prasenjeet.gadhe/Documents/05. Nokia_PoV/Parallel_Test/venv/lib/python3.9/site-packages/airflow/example_dags/tutorial.py took 0.077 seconds
[2025-04-02T17:06:22.314-0400] {processor.py:161} INFO - Started process (PID=66124) to work on /Users/prasenjeet.gadhe/Documents/05. Nokia_PoV/Parallel_Test/venv/lib/python3.9/site-packages/airflow/example_dags/tutorial.py
[2025-04-02T17:06:22.316-0400] {processor.py:830} INFO - Processing file /Users/prasenjeet.gadhe/Documents/05. Nokia_PoV/Parallel_Test/venv/lib/python3.9/site-packages/airflow/example_dags/tutorial.py for tasks to queue
[2025-04-02T17:06:22.316-0400] {logging_mixin.py:188} INFO - [2025-04-02T17:06:22.316-0400] {dagbag.py:540} INFO - Filling up the DagBag from /Users/prasenjeet.gadhe/Documents/05. Nokia_PoV/Parallel_Test/venv/lib/python3.9/site-packages/airflow/example_dags/tutorial.py
[2025-04-02T17:06:22.320-0400] {processor.py:840} INFO - DAG(s) 'tutorial' retrieved from /Users/prasenjeet.gadhe/Documents/05. Nokia_PoV/Parallel_Test/venv/lib/python3.9/site-packages/airflow/example_dags/tutorial.py
[2025-04-02T17:06:22.377-0400] {logging_mixin.py:188} INFO - [2025-04-02T17:06:22.377-0400] {dag.py:3096} INFO - Sync 1 DAGs
[2025-04-02T17:06:22.385-0400] {logging_mixin.py:188} INFO - [2025-04-02T17:06:22.385-0400] {dag.py:3954} INFO - Setting next_dagrun for tutorial to 2025-04-01 00:00:00+00:00, run_after=2025-04-02 00:00:00+00:00
[2025-04-02T17:06:22.390-0400] {processor.py:183} INFO - Processing /Users/prasenjeet.gadhe/Documents/05. Nokia_PoV/Parallel_Test/venv/lib/python3.9/site-packages/airflow/example_dags/tutorial.py took 0.077 seconds
[2025-04-02T17:07:18.378-0400] {processor.py:161} INFO - Started process (PID=73044) to work on /Users/prasenjeet.gadhe/Documents/05. Nokia_PoV/Parallel_Test/venv/lib/python3.9/site-packages/airflow/example_dags/tutorial.py
[2025-04-02T17:07:18.380-0400] {processor.py:830} INFO - Processing file /Users/prasenjeet.gadhe/Documents/05. Nokia_PoV/Parallel_Test/venv/lib/python3.9/site-packages/airflow/example_dags/tutorial.py for tasks to queue
[2025-04-02T17:07:18.380-0400] {logging_mixin.py:188} INFO - [2025-04-02T17:07:18.380-0400] {dagbag.py:540} INFO - Filling up the DagBag from /Users/prasenjeet.gadhe/Documents/05. Nokia_PoV/Parallel_Test/venv/lib/python3.9/site-packages/airflow/example_dags/tutorial.py
[2025-04-02T17:07:18.384-0400] {processor.py:840} INFO - DAG(s) 'tutorial' retrieved from /Users/prasenjeet.gadhe/Documents/05. Nokia_PoV/Parallel_Test/venv/lib/python3.9/site-packages/airflow/example_dags/tutorial.py
[2025-04-02T17:07:18.443-0400] {logging_mixin.py:188} INFO - [2025-04-02T17:07:18.443-0400] {dag.py:3096} INFO - Sync 1 DAGs
[2025-04-02T17:07:18.451-0400] {logging_mixin.py:188} INFO - [2025-04-02T17:07:18.451-0400] {dag.py:3954} INFO - Setting next_dagrun for tutorial to 2025-04-01 00:00:00+00:00, run_after=2025-04-02 00:00:00+00:00
[2025-04-02T17:07:18.458-0400] {processor.py:183} INFO - Processing /Users/prasenjeet.gadhe/Documents/05. Nokia_PoV/Parallel_Test/venv/lib/python3.9/site-packages/airflow/example_dags/tutorial.py took 0.081 seconds
[2025-04-02T17:08:14.761-0400] {processor.py:161} INFO - Started process (PID=80029) to work on /Users/prasenjeet.gadhe/Documents/05. Nokia_PoV/Parallel_Test/venv/lib/python3.9/site-packages/airflow/example_dags/tutorial.py
[2025-04-02T17:08:14.763-0400] {processor.py:830} INFO - Processing file /Users/prasenjeet.gadhe/Documents/05. Nokia_PoV/Parallel_Test/venv/lib/python3.9/site-packages/airflow/example_dags/tutorial.py for tasks to queue
[2025-04-02T17:08:14.763-0400] {logging_mixin.py:188} INFO - [2025-04-02T17:08:14.763-0400] {dagbag.py:540} INFO - Filling up the DagBag from /Users/prasenjeet.gadhe/Documents/05. Nokia_PoV/Parallel_Test/venv/lib/python3.9/site-packages/airflow/example_dags/tutorial.py
[2025-04-02T17:08:14.766-0400] {processor.py:840} INFO - DAG(s) 'tutorial' retrieved from /Users/prasenjeet.gadhe/Documents/05. Nokia_PoV/Parallel_Test/venv/lib/python3.9/site-packages/airflow/example_dags/tutorial.py
[2025-04-02T17:08:14.829-0400] {logging_mixin.py:188} INFO - [2025-04-02T17:08:14.829-0400] {dag.py:3096} INFO - Sync 1 DAGs
[2025-04-02T17:08:14.837-0400] {logging_mixin.py:188} INFO - [2025-04-02T17:08:14.836-0400] {dag.py:3954} INFO - Setting next_dagrun for tutorial to 2025-04-01 00:00:00+00:00, run_after=2025-04-02 00:00:00+00:00
[2025-04-02T17:08:14.844-0400] {processor.py:183} INFO - Processing /Users/prasenjeet.gadhe/Documents/05. Nokia_PoV/Parallel_Test/venv/lib/python3.9/site-packages/airflow/example_dags/tutorial.py took 0.084 seconds
[2025-04-02T17:09:12.792-0400] {processor.py:161} INFO - Started process (PID=87221) to work on /Users/prasenjeet.gadhe/Documents/05. Nokia_PoV/Parallel_Test/venv/lib/python3.9/site-packages/airflow/example_dags/tutorial.py
[2025-04-02T17:09:12.794-0400] {processor.py:830} INFO - Processing file /Users/prasenjeet.gadhe/Documents/05. Nokia_PoV/Parallel_Test/venv/lib/python3.9/site-packages/airflow/example_dags/tutorial.py for tasks to queue
[2025-04-02T17:09:12.794-0400] {logging_mixin.py:188} INFO - [2025-04-02T17:09:12.794-0400] {dagbag.py:540} INFO - Filling up the DagBag from /Users/prasenjeet.gadhe/Documents/05. Nokia_PoV/Parallel_Test/venv/lib/python3.9/site-packages/airflow/example_dags/tutorial.py
[2025-04-02T17:09:12.797-0400] {processor.py:840} INFO - DAG(s) 'tutorial' retrieved from /Users/prasenjeet.gadhe/Documents/05. Nokia_PoV/Parallel_Test/venv/lib/python3.9/site-packages/airflow/example_dags/tutorial.py
[2025-04-02T17:09:12.855-0400] {logging_mixin.py:188} INFO - [2025-04-02T17:09:12.855-0400] {dag.py:3096} INFO - Sync 1 DAGs
[2025-04-02T17:09:12.863-0400] {logging_mixin.py:188} INFO - [2025-04-02T17:09:12.863-0400] {dag.py:3954} INFO - Setting next_dagrun for tutorial to 2025-04-01 00:00:00+00:00, run_after=2025-04-02 00:00:00+00:00
[2025-04-02T17:09:12.869-0400] {processor.py:183} INFO - Processing /Users/prasenjeet.gadhe/Documents/05. Nokia_PoV/Parallel_Test/venv/lib/python3.9/site-packages/airflow/example_dags/tutorial.py took 0.078 seconds
[2025-04-02T17:10:12.482-0400] {processor.py:161} INFO - Started process (PID=94542) to work on /Users/prasenjeet.gadhe/Documents/05. Nokia_PoV/Parallel_Test/venv/lib/python3.9/site-packages/airflow/example_dags/tutorial.py
[2025-04-02T17:10:12.484-0400] {processor.py:830} INFO - Processing file /Users/prasenjeet.gadhe/Documents/05. Nokia_PoV/Parallel_Test/venv/lib/python3.9/site-packages/airflow/example_dags/tutorial.py for tasks to queue
[2025-04-02T17:10:12.484-0400] {logging_mixin.py:188} INFO - [2025-04-02T17:10:12.484-0400] {dagbag.py:540} INFO - Filling up the DagBag from /Users/prasenjeet.gadhe/Documents/05. Nokia_PoV/Parallel_Test/venv/lib/python3.9/site-packages/airflow/example_dags/tutorial.py
[2025-04-02T17:10:12.488-0400] {processor.py:840} INFO - DAG(s) 'tutorial' retrieved from /Users/prasenjeet.gadhe/Documents/05. Nokia_PoV/Parallel_Test/venv/lib/python3.9/site-packages/airflow/example_dags/tutorial.py
[2025-04-02T17:10:12.542-0400] {logging_mixin.py:188} INFO - [2025-04-02T17:10:12.542-0400] {dag.py:3096} INFO - Sync 1 DAGs
[2025-04-02T17:10:12.549-0400] {logging_mixin.py:188} INFO - [2025-04-02T17:10:12.549-0400] {dag.py:3954} INFO - Setting next_dagrun for tutorial to 2025-04-01 00:00:00+00:00, run_after=2025-04-02 00:00:00+00:00
[2025-04-02T17:10:12.555-0400] {processor.py:183} INFO - Processing /Users/prasenjeet.gadhe/Documents/05. Nokia_PoV/Parallel_Test/venv/lib/python3.9/site-packages/airflow/example_dags/tutorial.py took 0.074 seconds
[2025-04-02T17:11:06.253-0400] {processor.py:161} INFO - Started process (PID=1454) to work on /Users/prasenjeet.gadhe/Documents/05. Nokia_PoV/Parallel_Test/venv/lib/python3.9/site-packages/airflow/example_dags/tutorial.py
[2025-04-02T17:11:06.255-0400] {processor.py:830} INFO - Processing file /Users/prasenjeet.gadhe/Documents/05. Nokia_PoV/Parallel_Test/venv/lib/python3.9/site-packages/airflow/example_dags/tutorial.py for tasks to queue
[2025-04-02T17:11:06.255-0400] {logging_mixin.py:188} INFO - [2025-04-02T17:11:06.255-0400] {dagbag.py:540} INFO - Filling up the DagBag from /Users/prasenjeet.gadhe/Documents/05. Nokia_PoV/Parallel_Test/venv/lib/python3.9/site-packages/airflow/example_dags/tutorial.py
[2025-04-02T17:11:06.258-0400] {processor.py:840} INFO - DAG(s) 'tutorial' retrieved from /Users/prasenjeet.gadhe/Documents/05. Nokia_PoV/Parallel_Test/venv/lib/python3.9/site-packages/airflow/example_dags/tutorial.py
[2025-04-02T17:11:06.313-0400] {logging_mixin.py:188} INFO - [2025-04-02T17:11:06.313-0400] {dag.py:3096} INFO - Sync 1 DAGs
[2025-04-02T17:11:06.320-0400] {logging_mixin.py:188} INFO - [2025-04-02T17:11:06.320-0400] {dag.py:3954} INFO - Setting next_dagrun for tutorial to 2025-04-01 00:00:00+00:00, run_after=2025-04-02 00:00:00+00:00
[2025-04-02T17:11:06.326-0400] {processor.py:183} INFO - Processing /Users/prasenjeet.gadhe/Documents/05. Nokia_PoV/Parallel_Test/venv/lib/python3.9/site-packages/airflow/example_dags/tutorial.py took 0.074 seconds
[2025-04-02T17:12:02.684-0400] {processor.py:161} INFO - Started process (PID=8478) to work on /Users/prasenjeet.gadhe/Documents/05. Nokia_PoV/Parallel_Test/venv/lib/python3.9/site-packages/airflow/example_dags/tutorial.py
[2025-04-02T17:12:02.686-0400] {processor.py:830} INFO - Processing file /Users/prasenjeet.gadhe/Documents/05. Nokia_PoV/Parallel_Test/venv/lib/python3.9/site-packages/airflow/example_dags/tutorial.py for tasks to queue
[2025-04-02T17:12:02.686-0400] {logging_mixin.py:188} INFO - [2025-04-02T17:12:02.686-0400] {dagbag.py:540} INFO - Filling up the DagBag from /Users/prasenjeet.gadhe/Documents/05. Nokia_PoV/Parallel_Test/venv/lib/python3.9/site-packages/airflow/example_dags/tutorial.py
[2025-04-02T17:12:02.690-0400] {processor.py:840} INFO - DAG(s) 'tutorial' retrieved from /Users/prasenjeet.gadhe/Documents/05. Nokia_PoV/Parallel_Test/venv/lib/python3.9/site-packages/airflow/example_dags/tutorial.py
[2025-04-02T17:12:02.744-0400] {logging_mixin.py:188} INFO - [2025-04-02T17:12:02.744-0400] {dag.py:3096} INFO - Sync 1 DAGs
[2025-04-02T17:12:02.752-0400] {logging_mixin.py:188} INFO - [2025-04-02T17:12:02.752-0400] {dag.py:3954} INFO - Setting next_dagrun for tutorial to 2025-04-01 00:00:00+00:00, run_after=2025-04-02 00:00:00+00:00
[2025-04-02T17:12:02.758-0400] {processor.py:183} INFO - Processing /Users/prasenjeet.gadhe/Documents/05. Nokia_PoV/Parallel_Test/venv/lib/python3.9/site-packages/airflow/example_dags/tutorial.py took 0.075 seconds
[2025-04-02T17:13:02.389-0400] {processor.py:161} INFO - Started process (PID=15957) to work on /Users/prasenjeet.gadhe/Documents/05. Nokia_PoV/Parallel_Test/venv/lib/python3.9/site-packages/airflow/example_dags/tutorial.py
[2025-04-02T17:13:02.391-0400] {processor.py:830} INFO - Processing file /Users/prasenjeet.gadhe/Documents/05. Nokia_PoV/Parallel_Test/venv/lib/python3.9/site-packages/airflow/example_dags/tutorial.py for tasks to queue
[2025-04-02T17:13:02.391-0400] {logging_mixin.py:188} INFO - [2025-04-02T17:13:02.391-0400] {dagbag.py:540} INFO - Filling up the DagBag from /Users/prasenjeet.gadhe/Documents/05. Nokia_PoV/Parallel_Test/venv/lib/python3.9/site-packages/airflow/example_dags/tutorial.py
[2025-04-02T17:13:02.395-0400] {processor.py:840} INFO - DAG(s) 'tutorial' retrieved from /Users/prasenjeet.gadhe/Documents/05. Nokia_PoV/Parallel_Test/venv/lib/python3.9/site-packages/airflow/example_dags/tutorial.py
[2025-04-02T17:13:02.451-0400] {logging_mixin.py:188} INFO - [2025-04-02T17:13:02.451-0400] {dag.py:3096} INFO - Sync 1 DAGs
[2025-04-02T17:13:02.458-0400] {logging_mixin.py:188} INFO - [2025-04-02T17:13:02.458-0400] {dag.py:3954} INFO - Setting next_dagrun for tutorial to 2025-04-01 00:00:00+00:00, run_after=2025-04-02 00:00:00+00:00
[2025-04-02T17:13:02.464-0400] {processor.py:183} INFO - Processing /Users/prasenjeet.gadhe/Documents/05. Nokia_PoV/Parallel_Test/venv/lib/python3.9/site-packages/airflow/example_dags/tutorial.py took 0.076 seconds
[2025-04-02T17:26:02.014-0400] {processor.py:161} INFO - Started process (PID=13132) to work on /Users/prasenjeet.gadhe/Documents/05. Nokia_PoV/Parallel_Test/venv/lib/python3.9/site-packages/airflow/example_dags/tutorial.py
[2025-04-02T17:26:02.018-0400] {processor.py:830} INFO - Processing file /Users/prasenjeet.gadhe/Documents/05. Nokia_PoV/Parallel_Test/venv/lib/python3.9/site-packages/airflow/example_dags/tutorial.py for tasks to queue
[2025-04-02T17:26:02.018-0400] {logging_mixin.py:188} INFO - [2025-04-02T17:26:02.018-0400] {dagbag.py:540} INFO - Filling up the DagBag from /Users/prasenjeet.gadhe/Documents/05. Nokia_PoV/Parallel_Test/venv/lib/python3.9/site-packages/airflow/example_dags/tutorial.py
[2025-04-02T17:26:02.022-0400] {processor.py:840} INFO - DAG(s) 'tutorial' retrieved from /Users/prasenjeet.gadhe/Documents/05. Nokia_PoV/Parallel_Test/venv/lib/python3.9/site-packages/airflow/example_dags/tutorial.py
[2025-04-02T17:26:02.114-0400] {logging_mixin.py:188} INFO - [2025-04-02T17:26:02.113-0400] {dag.py:3096} INFO - Sync 1 DAGs
[2025-04-02T17:26:02.121-0400] {logging_mixin.py:188} INFO - [2025-04-02T17:26:02.121-0400] {dag.py:3954} INFO - Setting next_dagrun for tutorial to 2025-04-01 00:00:00+00:00, run_after=2025-04-02 00:00:00+00:00
[2025-04-02T17:26:02.129-0400] {processor.py:183} INFO - Processing /Users/prasenjeet.gadhe/Documents/05. Nokia_PoV/Parallel_Test/venv/lib/python3.9/site-packages/airflow/example_dags/tutorial.py took 0.116 seconds
