[2025-04-02T16:38:27.860-0400] {processor.py:161} INFO - Started process (PID=58461) to work on /Users/prasenjeet.gadhe/Documents/05. Nokia_PoV/Parallel_Test/venv/lib/python3.9/site-packages/airflow/example_dags/plugins/event_listener.py
[2025-04-02T16:38:27.861-0400] {processor.py:830} INFO - Processing file /Users/prasenjeet.gadhe/Documents/05. Nokia_PoV/Parallel_Test/venv/lib/python3.9/site-packages/airflow/example_dags/plugins/event_listener.py for tasks to queue
[2025-04-02T16:38:27.861-0400] {logging_mixin.py:188} INFO - [2025-04-02T16:38:27.861-0400] {dagbag.py:540} INFO - Filling up the DagBag from /Users/prasenjeet.gadhe/Documents/05. Nokia_PoV/Parallel_Test/venv/lib/python3.9/site-packages/airflow/example_dags/plugins/event_listener.py
[2025-04-02T16:38:27.862-0400] {processor.py:842} WARNING - No viable dags retrieved from /Users/prasenjeet.gadhe/Documents/05. Nokia_PoV/Parallel_Test/venv/lib/python3.9/site-packages/airflow/example_dags/plugins/event_listener.py
[2025-04-02T16:38:27.909-0400] {processor.py:183} INFO - Processing /Users/prasenjeet.gadhe/Documents/05. Nokia_PoV/Parallel_Test/venv/lib/python3.9/site-packages/airflow/example_dags/plugins/event_listener.py took 0.050 seconds
[2025-04-02T16:39:08.087-0400] {processor.py:161} INFO - Started process (PID=63533) to work on /Users/prasenjeet.gadhe/Documents/05. Nokia_PoV/Parallel_Test/venv/lib/python3.9/site-packages/airflow/example_dags/plugins/event_listener.py
[2025-04-02T16:39:08.089-0400] {processor.py:830} INFO - Processing file /Users/prasenjeet.gadhe/Documents/05. Nokia_PoV/Parallel_Test/venv/lib/python3.9/site-packages/airflow/example_dags/plugins/event_listener.py for tasks to queue
[2025-04-02T16:39:08.089-0400] {logging_mixin.py:188} INFO - [2025-04-02T16:39:08.089-0400] {dagbag.py:540} INFO - Filling up the DagBag from /Users/prasenjeet.gadhe/Documents/05. Nokia_PoV/Parallel_Test/venv/lib/python3.9/site-packages/airflow/example_dags/plugins/event_listener.py
[2025-04-02T16:39:08.090-0400] {processor.py:842} WARNING - No viable dags retrieved from /Users/prasenjeet.gadhe/Documents/05. Nokia_PoV/Parallel_Test/venv/lib/python3.9/site-packages/airflow/example_dags/plugins/event_listener.py
[2025-04-02T16:39:08.138-0400] {processor.py:183} INFO - Processing /Users/prasenjeet.gadhe/Documents/05. Nokia_PoV/Parallel_Test/venv/lib/python3.9/site-packages/airflow/example_dags/plugins/event_listener.py took 0.052 seconds
[2025-04-02T16:40:37.021-0400] {processor.py:161} INFO - Started process (PID=74572) to work on /Users/prasenjeet.gadhe/Documents/05. Nokia_PoV/Parallel_Test/venv/lib/python3.9/site-packages/airflow/example_dags/plugins/event_listener.py
[2025-04-02T16:40:37.023-0400] {processor.py:830} INFO - Processing file /Users/prasenjeet.gadhe/Documents/05. Nokia_PoV/Parallel_Test/venv/lib/python3.9/site-packages/airflow/example_dags/plugins/event_listener.py for tasks to queue
[2025-04-02T16:40:37.023-0400] {logging_mixin.py:188} INFO - [2025-04-02T16:40:37.023-0400] {dagbag.py:540} INFO - Filling up the DagBag from /Users/prasenjeet.gadhe/Documents/05. Nokia_PoV/Parallel_Test/venv/lib/python3.9/site-packages/airflow/example_dags/plugins/event_listener.py
[2025-04-02T16:40:37.023-0400] {processor.py:842} WARNING - No viable dags retrieved from /Users/prasenjeet.gadhe/Documents/05. Nokia_PoV/Parallel_Test/venv/lib/python3.9/site-packages/airflow/example_dags/plugins/event_listener.py
[2025-04-02T16:40:37.075-0400] {processor.py:183} INFO - Processing /Users/prasenjeet.gadhe/Documents/05. Nokia_PoV/Parallel_Test/venv/lib/python3.9/site-packages/airflow/example_dags/plugins/event_listener.py took 0.055 seconds
[2025-04-02T16:41:35.458-0400] {processor.py:161} INFO - Started process (PID=81977) to work on /Users/prasenjeet.gadhe/Documents/05. Nokia_PoV/Parallel_Test/venv/lib/python3.9/site-packages/airflow/example_dags/plugins/event_listener.py
[2025-04-02T16:41:35.460-0400] {processor.py:830} INFO - Processing file /Users/prasenjeet.gadhe/Documents/05. Nokia_PoV/Parallel_Test/venv/lib/python3.9/site-packages/airflow/example_dags/plugins/event_listener.py for tasks to queue
[2025-04-02T16:41:35.460-0400] {logging_mixin.py:188} INFO - [2025-04-02T16:41:35.460-0400] {dagbag.py:540} INFO - Filling up the DagBag from /Users/prasenjeet.gadhe/Documents/05. Nokia_PoV/Parallel_Test/venv/lib/python3.9/site-packages/airflow/example_dags/plugins/event_listener.py
[2025-04-02T16:41:35.460-0400] {processor.py:842} WARNING - No viable dags retrieved from /Users/prasenjeet.gadhe/Documents/05. Nokia_PoV/Parallel_Test/venv/lib/python3.9/site-packages/airflow/example_dags/plugins/event_listener.py
[2025-04-02T16:41:35.512-0400] {processor.py:183} INFO - Processing /Users/prasenjeet.gadhe/Documents/05. Nokia_PoV/Parallel_Test/venv/lib/python3.9/site-packages/airflow/example_dags/plugins/event_listener.py took 0.055 seconds
[2025-04-02T16:42:32.979-0400] {processor.py:161} INFO - Started process (PID=89043) to work on /Users/prasenjeet.gadhe/Documents/05. Nokia_PoV/Parallel_Test/venv/lib/python3.9/site-packages/airflow/example_dags/plugins/event_listener.py
[2025-04-02T16:42:32.981-0400] {processor.py:830} INFO - Processing file /Users/prasenjeet.gadhe/Documents/05. Nokia_PoV/Parallel_Test/venv/lib/python3.9/site-packages/airflow/example_dags/plugins/event_listener.py for tasks to queue
[2025-04-02T16:42:32.981-0400] {logging_mixin.py:188} INFO - [2025-04-02T16:42:32.981-0400] {dagbag.py:540} INFO - Filling up the DagBag from /Users/prasenjeet.gadhe/Documents/05. Nokia_PoV/Parallel_Test/venv/lib/python3.9/site-packages/airflow/example_dags/plugins/event_listener.py
[2025-04-02T16:42:32.981-0400] {processor.py:842} WARNING - No viable dags retrieved from /Users/prasenjeet.gadhe/Documents/05. Nokia_PoV/Parallel_Test/venv/lib/python3.9/site-packages/airflow/example_dags/plugins/event_listener.py
[2025-04-02T16:42:33.029-0400] {processor.py:183} INFO - Processing /Users/prasenjeet.gadhe/Documents/05. Nokia_PoV/Parallel_Test/venv/lib/python3.9/site-packages/airflow/example_dags/plugins/event_listener.py took 0.050 seconds
[2025-04-02T16:43:29.150-0400] {processor.py:161} INFO - Started process (PID=95986) to work on /Users/prasenjeet.gadhe/Documents/05. Nokia_PoV/Parallel_Test/venv/lib/python3.9/site-packages/airflow/example_dags/plugins/event_listener.py
[2025-04-02T16:43:29.152-0400] {processor.py:830} INFO - Processing file /Users/prasenjeet.gadhe/Documents/05. Nokia_PoV/Parallel_Test/venv/lib/python3.9/site-packages/airflow/example_dags/plugins/event_listener.py for tasks to queue
[2025-04-02T16:43:29.152-0400] {logging_mixin.py:188} INFO - [2025-04-02T16:43:29.152-0400] {dagbag.py:540} INFO - Filling up the DagBag from /Users/prasenjeet.gadhe/Documents/05. Nokia_PoV/Parallel_Test/venv/lib/python3.9/site-packages/airflow/example_dags/plugins/event_listener.py
[2025-04-02T16:43:29.153-0400] {processor.py:842} WARNING - No viable dags retrieved from /Users/prasenjeet.gadhe/Documents/05. Nokia_PoV/Parallel_Test/venv/lib/python3.9/site-packages/airflow/example_dags/plugins/event_listener.py
[2025-04-02T16:43:29.201-0400] {processor.py:183} INFO - Processing /Users/prasenjeet.gadhe/Documents/05. Nokia_PoV/Parallel_Test/venv/lib/python3.9/site-packages/airflow/example_dags/plugins/event_listener.py took 0.052 seconds
[2025-04-02T16:45:29.124-0400] {processor.py:161} INFO - Started process (PID=11132) to work on /Users/prasenjeet.gadhe/Documents/05. Nokia_PoV/Parallel_Test/venv/lib/python3.9/site-packages/airflow/example_dags/plugins/event_listener.py
[2025-04-02T16:45:29.126-0400] {processor.py:830} INFO - Processing file /Users/prasenjeet.gadhe/Documents/05. Nokia_PoV/Parallel_Test/venv/lib/python3.9/site-packages/airflow/example_dags/plugins/event_listener.py for tasks to queue
[2025-04-02T16:45:29.126-0400] {logging_mixin.py:188} INFO - [2025-04-02T16:45:29.126-0400] {dagbag.py:540} INFO - Filling up the DagBag from /Users/prasenjeet.gadhe/Documents/05. Nokia_PoV/Parallel_Test/venv/lib/python3.9/site-packages/airflow/example_dags/plugins/event_listener.py
[2025-04-02T16:45:29.127-0400] {processor.py:842} WARNING - No viable dags retrieved from /Users/prasenjeet.gadhe/Documents/05. Nokia_PoV/Parallel_Test/venv/lib/python3.9/site-packages/airflow/example_dags/plugins/event_listener.py
[2025-04-02T16:45:29.176-0400] {processor.py:183} INFO - Processing /Users/prasenjeet.gadhe/Documents/05. Nokia_PoV/Parallel_Test/venv/lib/python3.9/site-packages/airflow/example_dags/plugins/event_listener.py took 0.053 seconds
[2025-04-02T16:46:58.558-0400] {processor.py:161} INFO - Started process (PID=22299) to work on /Users/prasenjeet.gadhe/Documents/05. Nokia_PoV/Parallel_Test/venv/lib/python3.9/site-packages/airflow/example_dags/plugins/event_listener.py
[2025-04-02T16:46:58.560-0400] {processor.py:830} INFO - Processing file /Users/prasenjeet.gadhe/Documents/05. Nokia_PoV/Parallel_Test/venv/lib/python3.9/site-packages/airflow/example_dags/plugins/event_listener.py for tasks to queue
[2025-04-02T16:46:58.560-0400] {logging_mixin.py:188} INFO - [2025-04-02T16:46:58.560-0400] {dagbag.py:540} INFO - Filling up the DagBag from /Users/prasenjeet.gadhe/Documents/05. Nokia_PoV/Parallel_Test/venv/lib/python3.9/site-packages/airflow/example_dags/plugins/event_listener.py
[2025-04-02T16:46:58.560-0400] {processor.py:842} WARNING - No viable dags retrieved from /Users/prasenjeet.gadhe/Documents/05. Nokia_PoV/Parallel_Test/venv/lib/python3.9/site-packages/airflow/example_dags/plugins/event_listener.py
[2025-04-02T16:46:58.612-0400] {processor.py:183} INFO - Processing /Users/prasenjeet.gadhe/Documents/05. Nokia_PoV/Parallel_Test/venv/lib/python3.9/site-packages/airflow/example_dags/plugins/event_listener.py took 0.055 seconds
[2025-04-02T16:47:58.742-0400] {processor.py:161} INFO - Started process (PID=29792) to work on /Users/prasenjeet.gadhe/Documents/05. Nokia_PoV/Parallel_Test/venv/lib/python3.9/site-packages/airflow/example_dags/plugins/event_listener.py
[2025-04-02T16:47:58.744-0400] {processor.py:830} INFO - Processing file /Users/prasenjeet.gadhe/Documents/05. Nokia_PoV/Parallel_Test/venv/lib/python3.9/site-packages/airflow/example_dags/plugins/event_listener.py for tasks to queue
[2025-04-02T16:47:58.744-0400] {logging_mixin.py:188} INFO - [2025-04-02T16:47:58.744-0400] {dagbag.py:540} INFO - Filling up the DagBag from /Users/prasenjeet.gadhe/Documents/05. Nokia_PoV/Parallel_Test/venv/lib/python3.9/site-packages/airflow/example_dags/plugins/event_listener.py
[2025-04-02T16:47:58.745-0400] {processor.py:842} WARNING - No viable dags retrieved from /Users/prasenjeet.gadhe/Documents/05. Nokia_PoV/Parallel_Test/venv/lib/python3.9/site-packages/airflow/example_dags/plugins/event_listener.py
[2025-04-02T16:47:58.796-0400] {processor.py:183} INFO - Processing /Users/prasenjeet.gadhe/Documents/05. Nokia_PoV/Parallel_Test/venv/lib/python3.9/site-packages/airflow/example_dags/plugins/event_listener.py took 0.055 seconds
[2025-04-02T16:48:55.046-0400] {processor.py:161} INFO - Started process (PID=36746) to work on /Users/prasenjeet.gadhe/Documents/05. Nokia_PoV/Parallel_Test/venv/lib/python3.9/site-packages/airflow/example_dags/plugins/event_listener.py
[2025-04-02T16:48:55.047-0400] {processor.py:830} INFO - Processing file /Users/prasenjeet.gadhe/Documents/05. Nokia_PoV/Parallel_Test/venv/lib/python3.9/site-packages/airflow/example_dags/plugins/event_listener.py for tasks to queue
[2025-04-02T16:48:55.047-0400] {logging_mixin.py:188} INFO - [2025-04-02T16:48:55.047-0400] {dagbag.py:540} INFO - Filling up the DagBag from /Users/prasenjeet.gadhe/Documents/05. Nokia_PoV/Parallel_Test/venv/lib/python3.9/site-packages/airflow/example_dags/plugins/event_listener.py
[2025-04-02T16:48:55.048-0400] {processor.py:842} WARNING - No viable dags retrieved from /Users/prasenjeet.gadhe/Documents/05. Nokia_PoV/Parallel_Test/venv/lib/python3.9/site-packages/airflow/example_dags/plugins/event_listener.py
[2025-04-02T16:48:55.096-0400] {processor.py:183} INFO - Processing /Users/prasenjeet.gadhe/Documents/05. Nokia_PoV/Parallel_Test/venv/lib/python3.9/site-packages/airflow/example_dags/plugins/event_listener.py took 0.051 seconds
[2025-04-02T16:50:40.130-0400] {processor.py:161} INFO - Started process (PID=49683) to work on /Users/prasenjeet.gadhe/Documents/05. Nokia_PoV/Parallel_Test/venv/lib/python3.9/site-packages/airflow/example_dags/plugins/event_listener.py
[2025-04-02T16:50:40.131-0400] {processor.py:830} INFO - Processing file /Users/prasenjeet.gadhe/Documents/05. Nokia_PoV/Parallel_Test/venv/lib/python3.9/site-packages/airflow/example_dags/plugins/event_listener.py for tasks to queue
[2025-04-02T16:50:40.132-0400] {logging_mixin.py:188} INFO - [2025-04-02T16:50:40.132-0400] {dagbag.py:540} INFO - Filling up the DagBag from /Users/prasenjeet.gadhe/Documents/05. Nokia_PoV/Parallel_Test/venv/lib/python3.9/site-packages/airflow/example_dags/plugins/event_listener.py
[2025-04-02T16:50:40.132-0400] {processor.py:842} WARNING - No viable dags retrieved from /Users/prasenjeet.gadhe/Documents/05. Nokia_PoV/Parallel_Test/venv/lib/python3.9/site-packages/airflow/example_dags/plugins/event_listener.py
[2025-04-02T16:50:40.181-0400] {processor.py:183} INFO - Processing /Users/prasenjeet.gadhe/Documents/05. Nokia_PoV/Parallel_Test/venv/lib/python3.9/site-packages/airflow/example_dags/plugins/event_listener.py took 0.053 seconds
[2025-04-02T16:52:10.700-0400] {processor.py:161} INFO - Started process (PID=60956) to work on /Users/prasenjeet.gadhe/Documents/05. Nokia_PoV/Parallel_Test/venv/lib/python3.9/site-packages/airflow/example_dags/plugins/event_listener.py
[2025-04-02T16:52:10.702-0400] {processor.py:830} INFO - Processing file /Users/prasenjeet.gadhe/Documents/05. Nokia_PoV/Parallel_Test/venv/lib/python3.9/site-packages/airflow/example_dags/plugins/event_listener.py for tasks to queue
[2025-04-02T16:52:10.702-0400] {logging_mixin.py:188} INFO - [2025-04-02T16:52:10.702-0400] {dagbag.py:540} INFO - Filling up the DagBag from /Users/prasenjeet.gadhe/Documents/05. Nokia_PoV/Parallel_Test/venv/lib/python3.9/site-packages/airflow/example_dags/plugins/event_listener.py
[2025-04-02T16:52:10.703-0400] {processor.py:842} WARNING - No viable dags retrieved from /Users/prasenjeet.gadhe/Documents/05. Nokia_PoV/Parallel_Test/venv/lib/python3.9/site-packages/airflow/example_dags/plugins/event_listener.py
[2025-04-02T16:52:10.751-0400] {processor.py:183} INFO - Processing /Users/prasenjeet.gadhe/Documents/05. Nokia_PoV/Parallel_Test/venv/lib/python3.9/site-packages/airflow/example_dags/plugins/event_listener.py took 0.052 seconds
[2025-04-02T16:53:08.432-0400] {processor.py:161} INFO - Started process (PID=68022) to work on /Users/prasenjeet.gadhe/Documents/05. Nokia_PoV/Parallel_Test/venv/lib/python3.9/site-packages/airflow/example_dags/plugins/event_listener.py
[2025-04-02T16:53:08.433-0400] {processor.py:830} INFO - Processing file /Users/prasenjeet.gadhe/Documents/05. Nokia_PoV/Parallel_Test/venv/lib/python3.9/site-packages/airflow/example_dags/plugins/event_listener.py for tasks to queue
[2025-04-02T16:53:08.433-0400] {logging_mixin.py:188} INFO - [2025-04-02T16:53:08.433-0400] {dagbag.py:540} INFO - Filling up the DagBag from /Users/prasenjeet.gadhe/Documents/05. Nokia_PoV/Parallel_Test/venv/lib/python3.9/site-packages/airflow/example_dags/plugins/event_listener.py
[2025-04-02T16:53:08.433-0400] {processor.py:842} WARNING - No viable dags retrieved from /Users/prasenjeet.gadhe/Documents/05. Nokia_PoV/Parallel_Test/venv/lib/python3.9/site-packages/airflow/example_dags/plugins/event_listener.py
[2025-04-02T16:53:08.483-0400] {processor.py:183} INFO - Processing /Users/prasenjeet.gadhe/Documents/05. Nokia_PoV/Parallel_Test/venv/lib/python3.9/site-packages/airflow/example_dags/plugins/event_listener.py took 0.052 seconds
[2025-04-02T16:54:00.746-0400] {processor.py:161} INFO - Started process (PID=74556) to work on /Users/prasenjeet.gadhe/Documents/05. Nokia_PoV/Parallel_Test/venv/lib/python3.9/site-packages/airflow/example_dags/plugins/event_listener.py
[2025-04-02T16:54:00.748-0400] {processor.py:830} INFO - Processing file /Users/prasenjeet.gadhe/Documents/05. Nokia_PoV/Parallel_Test/venv/lib/python3.9/site-packages/airflow/example_dags/plugins/event_listener.py for tasks to queue
[2025-04-02T16:54:00.748-0400] {logging_mixin.py:188} INFO - [2025-04-02T16:54:00.748-0400] {dagbag.py:540} INFO - Filling up the DagBag from /Users/prasenjeet.gadhe/Documents/05. Nokia_PoV/Parallel_Test/venv/lib/python3.9/site-packages/airflow/example_dags/plugins/event_listener.py
[2025-04-02T16:54:00.748-0400] {processor.py:842} WARNING - No viable dags retrieved from /Users/prasenjeet.gadhe/Documents/05. Nokia_PoV/Parallel_Test/venv/lib/python3.9/site-packages/airflow/example_dags/plugins/event_listener.py
[2025-04-02T16:54:00.796-0400] {processor.py:183} INFO - Processing /Users/prasenjeet.gadhe/Documents/05. Nokia_PoV/Parallel_Test/venv/lib/python3.9/site-packages/airflow/example_dags/plugins/event_listener.py took 0.051 seconds
[2025-04-02T16:54:58.713-0400] {processor.py:161} INFO - Started process (PID=81744) to work on /Users/prasenjeet.gadhe/Documents/05. Nokia_PoV/Parallel_Test/venv/lib/python3.9/site-packages/airflow/example_dags/plugins/event_listener.py
[2025-04-02T16:54:58.715-0400] {processor.py:830} INFO - Processing file /Users/prasenjeet.gadhe/Documents/05. Nokia_PoV/Parallel_Test/venv/lib/python3.9/site-packages/airflow/example_dags/plugins/event_listener.py for tasks to queue
[2025-04-02T16:54:58.716-0400] {logging_mixin.py:188} INFO - [2025-04-02T16:54:58.716-0400] {dagbag.py:540} INFO - Filling up the DagBag from /Users/prasenjeet.gadhe/Documents/05. Nokia_PoV/Parallel_Test/venv/lib/python3.9/site-packages/airflow/example_dags/plugins/event_listener.py
[2025-04-02T16:54:58.716-0400] {processor.py:842} WARNING - No viable dags retrieved from /Users/prasenjeet.gadhe/Documents/05. Nokia_PoV/Parallel_Test/venv/lib/python3.9/site-packages/airflow/example_dags/plugins/event_listener.py
[2025-04-02T16:54:58.765-0400] {processor.py:183} INFO - Processing /Users/prasenjeet.gadhe/Documents/05. Nokia_PoV/Parallel_Test/venv/lib/python3.9/site-packages/airflow/example_dags/plugins/event_listener.py took 0.052 seconds
[2025-04-02T16:55:56.870-0400] {processor.py:161} INFO - Started process (PID=89030) to work on /Users/prasenjeet.gadhe/Documents/05. Nokia_PoV/Parallel_Test/venv/lib/python3.9/site-packages/airflow/example_dags/plugins/event_listener.py
[2025-04-02T16:55:56.871-0400] {processor.py:830} INFO - Processing file /Users/prasenjeet.gadhe/Documents/05. Nokia_PoV/Parallel_Test/venv/lib/python3.9/site-packages/airflow/example_dags/plugins/event_listener.py for tasks to queue
[2025-04-02T16:55:56.871-0400] {logging_mixin.py:188} INFO - [2025-04-02T16:55:56.871-0400] {dagbag.py:540} INFO - Filling up the DagBag from /Users/prasenjeet.gadhe/Documents/05. Nokia_PoV/Parallel_Test/venv/lib/python3.9/site-packages/airflow/example_dags/plugins/event_listener.py
[2025-04-02T16:55:56.872-0400] {processor.py:842} WARNING - No viable dags retrieved from /Users/prasenjeet.gadhe/Documents/05. Nokia_PoV/Parallel_Test/venv/lib/python3.9/site-packages/airflow/example_dags/plugins/event_listener.py
[2025-04-02T16:55:56.921-0400] {processor.py:183} INFO - Processing /Users/prasenjeet.gadhe/Documents/05. Nokia_PoV/Parallel_Test/venv/lib/python3.9/site-packages/airflow/example_dags/plugins/event_listener.py took 0.052 seconds
[2025-04-02T16:56:53.666-0400] {processor.py:161} INFO - Started process (PID=95961) to work on /Users/prasenjeet.gadhe/Documents/05. Nokia_PoV/Parallel_Test/venv/lib/python3.9/site-packages/airflow/example_dags/plugins/event_listener.py
[2025-04-02T16:56:53.668-0400] {processor.py:830} INFO - Processing file /Users/prasenjeet.gadhe/Documents/05. Nokia_PoV/Parallel_Test/venv/lib/python3.9/site-packages/airflow/example_dags/plugins/event_listener.py for tasks to queue
[2025-04-02T16:56:53.668-0400] {logging_mixin.py:188} INFO - [2025-04-02T16:56:53.668-0400] {dagbag.py:540} INFO - Filling up the DagBag from /Users/prasenjeet.gadhe/Documents/05. Nokia_PoV/Parallel_Test/venv/lib/python3.9/site-packages/airflow/example_dags/plugins/event_listener.py
[2025-04-02T16:56:53.668-0400] {processor.py:842} WARNING - No viable dags retrieved from /Users/prasenjeet.gadhe/Documents/05. Nokia_PoV/Parallel_Test/venv/lib/python3.9/site-packages/airflow/example_dags/plugins/event_listener.py
[2025-04-02T16:56:53.716-0400] {processor.py:183} INFO - Processing /Users/prasenjeet.gadhe/Documents/05. Nokia_PoV/Parallel_Test/venv/lib/python3.9/site-packages/airflow/example_dags/plugins/event_listener.py took 0.051 seconds
[2025-04-02T16:57:51.548-0400] {processor.py:161} INFO - Started process (PID=3387) to work on /Users/prasenjeet.gadhe/Documents/05. Nokia_PoV/Parallel_Test/venv/lib/python3.9/site-packages/airflow/example_dags/plugins/event_listener.py
[2025-04-02T16:57:51.549-0400] {processor.py:830} INFO - Processing file /Users/prasenjeet.gadhe/Documents/05. Nokia_PoV/Parallel_Test/venv/lib/python3.9/site-packages/airflow/example_dags/plugins/event_listener.py for tasks to queue
[2025-04-02T16:57:51.550-0400] {logging_mixin.py:188} INFO - [2025-04-02T16:57:51.550-0400] {dagbag.py:540} INFO - Filling up the DagBag from /Users/prasenjeet.gadhe/Documents/05. Nokia_PoV/Parallel_Test/venv/lib/python3.9/site-packages/airflow/example_dags/plugins/event_listener.py
[2025-04-02T16:57:51.550-0400] {processor.py:842} WARNING - No viable dags retrieved from /Users/prasenjeet.gadhe/Documents/05. Nokia_PoV/Parallel_Test/venv/lib/python3.9/site-packages/airflow/example_dags/plugins/event_listener.py
[2025-04-02T16:57:51.605-0400] {processor.py:183} INFO - Processing /Users/prasenjeet.gadhe/Documents/05. Nokia_PoV/Parallel_Test/venv/lib/python3.9/site-packages/airflow/example_dags/plugins/event_listener.py took 0.058 seconds
[2025-04-02T16:58:47.107-0400] {processor.py:161} INFO - Started process (PID=10262) to work on /Users/prasenjeet.gadhe/Documents/05. Nokia_PoV/Parallel_Test/venv/lib/python3.9/site-packages/airflow/example_dags/plugins/event_listener.py
[2025-04-02T16:58:47.109-0400] {processor.py:830} INFO - Processing file /Users/prasenjeet.gadhe/Documents/05. Nokia_PoV/Parallel_Test/venv/lib/python3.9/site-packages/airflow/example_dags/plugins/event_listener.py for tasks to queue
[2025-04-02T16:58:47.109-0400] {logging_mixin.py:188} INFO - [2025-04-02T16:58:47.109-0400] {dagbag.py:540} INFO - Filling up the DagBag from /Users/prasenjeet.gadhe/Documents/05. Nokia_PoV/Parallel_Test/venv/lib/python3.9/site-packages/airflow/example_dags/plugins/event_listener.py
[2025-04-02T16:58:47.109-0400] {processor.py:842} WARNING - No viable dags retrieved from /Users/prasenjeet.gadhe/Documents/05. Nokia_PoV/Parallel_Test/venv/lib/python3.9/site-packages/airflow/example_dags/plugins/event_listener.py
[2025-04-02T16:58:47.158-0400] {processor.py:183} INFO - Processing /Users/prasenjeet.gadhe/Documents/05. Nokia_PoV/Parallel_Test/venv/lib/python3.9/site-packages/airflow/example_dags/plugins/event_listener.py took 0.052 seconds
[2025-04-02T16:59:41.927-0400] {processor.py:161} INFO - Started process (PID=16906) to work on /Users/prasenjeet.gadhe/Documents/05. Nokia_PoV/Parallel_Test/venv/lib/python3.9/site-packages/airflow/example_dags/plugins/event_listener.py
[2025-04-02T16:59:41.929-0400] {processor.py:830} INFO - Processing file /Users/prasenjeet.gadhe/Documents/05. Nokia_PoV/Parallel_Test/venv/lib/python3.9/site-packages/airflow/example_dags/plugins/event_listener.py for tasks to queue
[2025-04-02T16:59:41.929-0400] {logging_mixin.py:188} INFO - [2025-04-02T16:59:41.929-0400] {dagbag.py:540} INFO - Filling up the DagBag from /Users/prasenjeet.gadhe/Documents/05. Nokia_PoV/Parallel_Test/venv/lib/python3.9/site-packages/airflow/example_dags/plugins/event_listener.py
[2025-04-02T16:59:41.930-0400] {processor.py:842} WARNING - No viable dags retrieved from /Users/prasenjeet.gadhe/Documents/05. Nokia_PoV/Parallel_Test/venv/lib/python3.9/site-packages/airflow/example_dags/plugins/event_listener.py
[2025-04-02T16:59:41.978-0400] {processor.py:183} INFO - Processing /Users/prasenjeet.gadhe/Documents/05. Nokia_PoV/Parallel_Test/venv/lib/python3.9/site-packages/airflow/example_dags/plugins/event_listener.py took 0.051 seconds
[2025-04-02T17:00:39.323-0400] {processor.py:161} INFO - Started process (PID=23986) to work on /Users/prasenjeet.gadhe/Documents/05. Nokia_PoV/Parallel_Test/venv/lib/python3.9/site-packages/airflow/example_dags/plugins/event_listener.py
[2025-04-02T17:00:39.325-0400] {processor.py:830} INFO - Processing file /Users/prasenjeet.gadhe/Documents/05. Nokia_PoV/Parallel_Test/venv/lib/python3.9/site-packages/airflow/example_dags/plugins/event_listener.py for tasks to queue
[2025-04-02T17:00:39.325-0400] {logging_mixin.py:188} INFO - [2025-04-02T17:00:39.325-0400] {dagbag.py:540} INFO - Filling up the DagBag from /Users/prasenjeet.gadhe/Documents/05. Nokia_PoV/Parallel_Test/venv/lib/python3.9/site-packages/airflow/example_dags/plugins/event_listener.py
[2025-04-02T17:00:39.326-0400] {processor.py:842} WARNING - No viable dags retrieved from /Users/prasenjeet.gadhe/Documents/05. Nokia_PoV/Parallel_Test/venv/lib/python3.9/site-packages/airflow/example_dags/plugins/event_listener.py
[2025-04-02T17:00:39.374-0400] {processor.py:183} INFO - Processing /Users/prasenjeet.gadhe/Documents/05. Nokia_PoV/Parallel_Test/venv/lib/python3.9/site-packages/airflow/example_dags/plugins/event_listener.py took 0.052 seconds
[2025-04-02T17:01:35.446-0400] {processor.py:161} INFO - Started process (PID=30894) to work on /Users/prasenjeet.gadhe/Documents/05. Nokia_PoV/Parallel_Test/venv/lib/python3.9/site-packages/airflow/example_dags/plugins/event_listener.py
[2025-04-02T17:01:35.448-0400] {processor.py:830} INFO - Processing file /Users/prasenjeet.gadhe/Documents/05. Nokia_PoV/Parallel_Test/venv/lib/python3.9/site-packages/airflow/example_dags/plugins/event_listener.py for tasks to queue
[2025-04-02T17:01:35.449-0400] {logging_mixin.py:188} INFO - [2025-04-02T17:01:35.449-0400] {dagbag.py:540} INFO - Filling up the DagBag from /Users/prasenjeet.gadhe/Documents/05. Nokia_PoV/Parallel_Test/venv/lib/python3.9/site-packages/airflow/example_dags/plugins/event_listener.py
[2025-04-02T17:01:35.449-0400] {processor.py:842} WARNING - No viable dags retrieved from /Users/prasenjeet.gadhe/Documents/05. Nokia_PoV/Parallel_Test/venv/lib/python3.9/site-packages/airflow/example_dags/plugins/event_listener.py
[2025-04-02T17:01:35.504-0400] {processor.py:183} INFO - Processing /Users/prasenjeet.gadhe/Documents/05. Nokia_PoV/Parallel_Test/venv/lib/python3.9/site-packages/airflow/example_dags/plugins/event_listener.py took 0.059 seconds
[2025-04-02T17:02:32.619-0400] {processor.py:161} INFO - Started process (PID=37838) to work on /Users/prasenjeet.gadhe/Documents/05. Nokia_PoV/Parallel_Test/venv/lib/python3.9/site-packages/airflow/example_dags/plugins/event_listener.py
[2025-04-02T17:02:32.621-0400] {processor.py:830} INFO - Processing file /Users/prasenjeet.gadhe/Documents/05. Nokia_PoV/Parallel_Test/venv/lib/python3.9/site-packages/airflow/example_dags/plugins/event_listener.py for tasks to queue
[2025-04-02T17:02:32.621-0400] {logging_mixin.py:188} INFO - [2025-04-02T17:02:32.621-0400] {dagbag.py:540} INFO - Filling up the DagBag from /Users/prasenjeet.gadhe/Documents/05. Nokia_PoV/Parallel_Test/venv/lib/python3.9/site-packages/airflow/example_dags/plugins/event_listener.py
[2025-04-02T17:02:32.622-0400] {processor.py:842} WARNING - No viable dags retrieved from /Users/prasenjeet.gadhe/Documents/05. Nokia_PoV/Parallel_Test/venv/lib/python3.9/site-packages/airflow/example_dags/plugins/event_listener.py
[2025-04-02T17:02:32.672-0400] {processor.py:183} INFO - Processing /Users/prasenjeet.gadhe/Documents/05. Nokia_PoV/Parallel_Test/venv/lib/python3.9/site-packages/airflow/example_dags/plugins/event_listener.py took 0.053 seconds
[2025-04-02T17:03:27.357-0400] {processor.py:161} INFO - Started process (PID=44632) to work on /Users/prasenjeet.gadhe/Documents/05. Nokia_PoV/Parallel_Test/venv/lib/python3.9/site-packages/airflow/example_dags/plugins/event_listener.py
[2025-04-02T17:03:27.359-0400] {processor.py:830} INFO - Processing file /Users/prasenjeet.gadhe/Documents/05. Nokia_PoV/Parallel_Test/venv/lib/python3.9/site-packages/airflow/example_dags/plugins/event_listener.py for tasks to queue
[2025-04-02T17:03:27.359-0400] {logging_mixin.py:188} INFO - [2025-04-02T17:03:27.359-0400] {dagbag.py:540} INFO - Filling up the DagBag from /Users/prasenjeet.gadhe/Documents/05. Nokia_PoV/Parallel_Test/venv/lib/python3.9/site-packages/airflow/example_dags/plugins/event_listener.py
[2025-04-02T17:03:27.359-0400] {processor.py:842} WARNING - No viable dags retrieved from /Users/prasenjeet.gadhe/Documents/05. Nokia_PoV/Parallel_Test/venv/lib/python3.9/site-packages/airflow/example_dags/plugins/event_listener.py
[2025-04-02T17:03:27.408-0400] {processor.py:183} INFO - Processing /Users/prasenjeet.gadhe/Documents/05. Nokia_PoV/Parallel_Test/venv/lib/python3.9/site-packages/airflow/example_dags/plugins/event_listener.py took 0.052 seconds
[2025-04-02T17:04:23.631-0400] {processor.py:161} INFO - Started process (PID=51517) to work on /Users/prasenjeet.gadhe/Documents/05. Nokia_PoV/Parallel_Test/venv/lib/python3.9/site-packages/airflow/example_dags/plugins/event_listener.py
[2025-04-02T17:04:23.633-0400] {processor.py:830} INFO - Processing file /Users/prasenjeet.gadhe/Documents/05. Nokia_PoV/Parallel_Test/venv/lib/python3.9/site-packages/airflow/example_dags/plugins/event_listener.py for tasks to queue
[2025-04-02T17:04:23.634-0400] {logging_mixin.py:188} INFO - [2025-04-02T17:04:23.634-0400] {dagbag.py:540} INFO - Filling up the DagBag from /Users/prasenjeet.gadhe/Documents/05. Nokia_PoV/Parallel_Test/venv/lib/python3.9/site-packages/airflow/example_dags/plugins/event_listener.py
[2025-04-02T17:04:23.634-0400] {processor.py:842} WARNING - No viable dags retrieved from /Users/prasenjeet.gadhe/Documents/05. Nokia_PoV/Parallel_Test/venv/lib/python3.9/site-packages/airflow/example_dags/plugins/event_listener.py
[2025-04-02T17:04:23.688-0400] {processor.py:183} INFO - Processing /Users/prasenjeet.gadhe/Documents/05. Nokia_PoV/Parallel_Test/venv/lib/python3.9/site-packages/airflow/example_dags/plugins/event_listener.py took 0.057 seconds
[2025-04-02T17:05:18.208-0400] {processor.py:161} INFO - Started process (PID=58241) to work on /Users/prasenjeet.gadhe/Documents/05. Nokia_PoV/Parallel_Test/venv/lib/python3.9/site-packages/airflow/example_dags/plugins/event_listener.py
[2025-04-02T17:05:18.210-0400] {processor.py:830} INFO - Processing file /Users/prasenjeet.gadhe/Documents/05. Nokia_PoV/Parallel_Test/venv/lib/python3.9/site-packages/airflow/example_dags/plugins/event_listener.py for tasks to queue
[2025-04-02T17:05:18.210-0400] {logging_mixin.py:188} INFO - [2025-04-02T17:05:18.210-0400] {dagbag.py:540} INFO - Filling up the DagBag from /Users/prasenjeet.gadhe/Documents/05. Nokia_PoV/Parallel_Test/venv/lib/python3.9/site-packages/airflow/example_dags/plugins/event_listener.py
[2025-04-02T17:05:18.211-0400] {processor.py:842} WARNING - No viable dags retrieved from /Users/prasenjeet.gadhe/Documents/05. Nokia_PoV/Parallel_Test/venv/lib/python3.9/site-packages/airflow/example_dags/plugins/event_listener.py
[2025-04-02T17:05:18.268-0400] {processor.py:183} INFO - Processing /Users/prasenjeet.gadhe/Documents/05. Nokia_PoV/Parallel_Test/venv/lib/python3.9/site-packages/airflow/example_dags/plugins/event_listener.py took 0.060 seconds
[2025-04-02T17:06:12.460-0400] {processor.py:161} INFO - Started process (PID=64898) to work on /Users/prasenjeet.gadhe/Documents/05. Nokia_PoV/Parallel_Test/venv/lib/python3.9/site-packages/airflow/example_dags/plugins/event_listener.py
[2025-04-02T17:06:12.462-0400] {processor.py:830} INFO - Processing file /Users/prasenjeet.gadhe/Documents/05. Nokia_PoV/Parallel_Test/venv/lib/python3.9/site-packages/airflow/example_dags/plugins/event_listener.py for tasks to queue
[2025-04-02T17:06:12.462-0400] {logging_mixin.py:188} INFO - [2025-04-02T17:06:12.462-0400] {dagbag.py:540} INFO - Filling up the DagBag from /Users/prasenjeet.gadhe/Documents/05. Nokia_PoV/Parallel_Test/venv/lib/python3.9/site-packages/airflow/example_dags/plugins/event_listener.py
[2025-04-02T17:06:12.462-0400] {processor.py:842} WARNING - No viable dags retrieved from /Users/prasenjeet.gadhe/Documents/05. Nokia_PoV/Parallel_Test/venv/lib/python3.9/site-packages/airflow/example_dags/plugins/event_listener.py
[2025-04-02T17:06:12.511-0400] {processor.py:183} INFO - Processing /Users/prasenjeet.gadhe/Documents/05. Nokia_PoV/Parallel_Test/venv/lib/python3.9/site-packages/airflow/example_dags/plugins/event_listener.py took 0.053 seconds
[2025-04-02T17:07:08.604-0400] {processor.py:161} INFO - Started process (PID=71814) to work on /Users/prasenjeet.gadhe/Documents/05. Nokia_PoV/Parallel_Test/venv/lib/python3.9/site-packages/airflow/example_dags/plugins/event_listener.py
[2025-04-02T17:07:08.607-0400] {processor.py:830} INFO - Processing file /Users/prasenjeet.gadhe/Documents/05. Nokia_PoV/Parallel_Test/venv/lib/python3.9/site-packages/airflow/example_dags/plugins/event_listener.py for tasks to queue
[2025-04-02T17:07:08.607-0400] {logging_mixin.py:188} INFO - [2025-04-02T17:07:08.607-0400] {dagbag.py:540} INFO - Filling up the DagBag from /Users/prasenjeet.gadhe/Documents/05. Nokia_PoV/Parallel_Test/venv/lib/python3.9/site-packages/airflow/example_dags/plugins/event_listener.py
[2025-04-02T17:07:08.607-0400] {processor.py:842} WARNING - No viable dags retrieved from /Users/prasenjeet.gadhe/Documents/05. Nokia_PoV/Parallel_Test/venv/lib/python3.9/site-packages/airflow/example_dags/plugins/event_listener.py
[2025-04-02T17:07:08.663-0400] {processor.py:183} INFO - Processing /Users/prasenjeet.gadhe/Documents/05. Nokia_PoV/Parallel_Test/venv/lib/python3.9/site-packages/airflow/example_dags/plugins/event_listener.py took 0.060 seconds
[2025-04-02T17:08:04.437-0400] {processor.py:161} INFO - Started process (PID=78800) to work on /Users/prasenjeet.gadhe/Documents/05. Nokia_PoV/Parallel_Test/venv/lib/python3.9/site-packages/airflow/example_dags/plugins/event_listener.py
[2025-04-02T17:08:04.438-0400] {processor.py:830} INFO - Processing file /Users/prasenjeet.gadhe/Documents/05. Nokia_PoV/Parallel_Test/venv/lib/python3.9/site-packages/airflow/example_dags/plugins/event_listener.py for tasks to queue
[2025-04-02T17:08:04.438-0400] {logging_mixin.py:188} INFO - [2025-04-02T17:08:04.438-0400] {dagbag.py:540} INFO - Filling up the DagBag from /Users/prasenjeet.gadhe/Documents/05. Nokia_PoV/Parallel_Test/venv/lib/python3.9/site-packages/airflow/example_dags/plugins/event_listener.py
[2025-04-02T17:08:04.439-0400] {processor.py:842} WARNING - No viable dags retrieved from /Users/prasenjeet.gadhe/Documents/05. Nokia_PoV/Parallel_Test/venv/lib/python3.9/site-packages/airflow/example_dags/plugins/event_listener.py
[2025-04-02T17:08:04.492-0400] {processor.py:183} INFO - Processing /Users/prasenjeet.gadhe/Documents/05. Nokia_PoV/Parallel_Test/venv/lib/python3.9/site-packages/airflow/example_dags/plugins/event_listener.py took 0.056 seconds
[2025-04-02T17:09:02.096-0400] {processor.py:161} INFO - Started process (PID=85871) to work on /Users/prasenjeet.gadhe/Documents/05. Nokia_PoV/Parallel_Test/venv/lib/python3.9/site-packages/airflow/example_dags/plugins/event_listener.py
[2025-04-02T17:09:02.098-0400] {processor.py:830} INFO - Processing file /Users/prasenjeet.gadhe/Documents/05. Nokia_PoV/Parallel_Test/venv/lib/python3.9/site-packages/airflow/example_dags/plugins/event_listener.py for tasks to queue
[2025-04-02T17:09:02.098-0400] {logging_mixin.py:188} INFO - [2025-04-02T17:09:02.098-0400] {dagbag.py:540} INFO - Filling up the DagBag from /Users/prasenjeet.gadhe/Documents/05. Nokia_PoV/Parallel_Test/venv/lib/python3.9/site-packages/airflow/example_dags/plugins/event_listener.py
[2025-04-02T17:09:02.099-0400] {processor.py:842} WARNING - No viable dags retrieved from /Users/prasenjeet.gadhe/Documents/05. Nokia_PoV/Parallel_Test/venv/lib/python3.9/site-packages/airflow/example_dags/plugins/event_listener.py
[2025-04-02T17:09:02.151-0400] {processor.py:183} INFO - Processing /Users/prasenjeet.gadhe/Documents/05. Nokia_PoV/Parallel_Test/venv/lib/python3.9/site-packages/airflow/example_dags/plugins/event_listener.py took 0.056 seconds
[2025-04-02T17:10:02.091-0400] {processor.py:161} INFO - Started process (PID=93281) to work on /Users/prasenjeet.gadhe/Documents/05. Nokia_PoV/Parallel_Test/venv/lib/python3.9/site-packages/airflow/example_dags/plugins/event_listener.py
[2025-04-02T17:10:02.093-0400] {processor.py:830} INFO - Processing file /Users/prasenjeet.gadhe/Documents/05. Nokia_PoV/Parallel_Test/venv/lib/python3.9/site-packages/airflow/example_dags/plugins/event_listener.py for tasks to queue
[2025-04-02T17:10:02.093-0400] {logging_mixin.py:188} INFO - [2025-04-02T17:10:02.093-0400] {dagbag.py:540} INFO - Filling up the DagBag from /Users/prasenjeet.gadhe/Documents/05. Nokia_PoV/Parallel_Test/venv/lib/python3.9/site-packages/airflow/example_dags/plugins/event_listener.py
[2025-04-02T17:10:02.093-0400] {processor.py:842} WARNING - No viable dags retrieved from /Users/prasenjeet.gadhe/Documents/05. Nokia_PoV/Parallel_Test/venv/lib/python3.9/site-packages/airflow/example_dags/plugins/event_listener.py
[2025-04-02T17:10:02.148-0400] {processor.py:183} INFO - Processing /Users/prasenjeet.gadhe/Documents/05. Nokia_PoV/Parallel_Test/venv/lib/python3.9/site-packages/airflow/example_dags/plugins/event_listener.py took 0.058 seconds
[2025-04-02T17:10:56.179-0400] {processor.py:161} INFO - Started process (PID=99927) to work on /Users/prasenjeet.gadhe/Documents/05. Nokia_PoV/Parallel_Test/venv/lib/python3.9/site-packages/airflow/example_dags/plugins/event_listener.py
[2025-04-02T17:10:56.181-0400] {processor.py:830} INFO - Processing file /Users/prasenjeet.gadhe/Documents/05. Nokia_PoV/Parallel_Test/venv/lib/python3.9/site-packages/airflow/example_dags/plugins/event_listener.py for tasks to queue
[2025-04-02T17:10:56.181-0400] {logging_mixin.py:188} INFO - [2025-04-02T17:10:56.181-0400] {dagbag.py:540} INFO - Filling up the DagBag from /Users/prasenjeet.gadhe/Documents/05. Nokia_PoV/Parallel_Test/venv/lib/python3.9/site-packages/airflow/example_dags/plugins/event_listener.py
[2025-04-02T17:10:56.182-0400] {processor.py:842} WARNING - No viable dags retrieved from /Users/prasenjeet.gadhe/Documents/05. Nokia_PoV/Parallel_Test/venv/lib/python3.9/site-packages/airflow/example_dags/plugins/event_listener.py
[2025-04-02T17:10:56.234-0400] {processor.py:183} INFO - Processing /Users/prasenjeet.gadhe/Documents/05. Nokia_PoV/Parallel_Test/venv/lib/python3.9/site-packages/airflow/example_dags/plugins/event_listener.py took 0.056 seconds
[2025-04-02T17:11:52.274-0400] {processor.py:161} INFO - Started process (PID=7203) to work on /Users/prasenjeet.gadhe/Documents/05. Nokia_PoV/Parallel_Test/venv/lib/python3.9/site-packages/airflow/example_dags/plugins/event_listener.py
[2025-04-02T17:11:52.275-0400] {processor.py:830} INFO - Processing file /Users/prasenjeet.gadhe/Documents/05. Nokia_PoV/Parallel_Test/venv/lib/python3.9/site-packages/airflow/example_dags/plugins/event_listener.py for tasks to queue
[2025-04-02T17:11:52.275-0400] {logging_mixin.py:188} INFO - [2025-04-02T17:11:52.275-0400] {dagbag.py:540} INFO - Filling up the DagBag from /Users/prasenjeet.gadhe/Documents/05. Nokia_PoV/Parallel_Test/venv/lib/python3.9/site-packages/airflow/example_dags/plugins/event_listener.py
[2025-04-02T17:11:52.276-0400] {processor.py:842} WARNING - No viable dags retrieved from /Users/prasenjeet.gadhe/Documents/05. Nokia_PoV/Parallel_Test/venv/lib/python3.9/site-packages/airflow/example_dags/plugins/event_listener.py
[2025-04-02T17:11:52.327-0400] {processor.py:183} INFO - Processing /Users/prasenjeet.gadhe/Documents/05. Nokia_PoV/Parallel_Test/venv/lib/python3.9/site-packages/airflow/example_dags/plugins/event_listener.py took 0.054 seconds
[2025-04-02T17:12:51.896-0400] {processor.py:161} INFO - Started process (PID=14680) to work on /Users/prasenjeet.gadhe/Documents/05. Nokia_PoV/Parallel_Test/venv/lib/python3.9/site-packages/airflow/example_dags/plugins/event_listener.py
[2025-04-02T17:12:51.897-0400] {processor.py:830} INFO - Processing file /Users/prasenjeet.gadhe/Documents/05. Nokia_PoV/Parallel_Test/venv/lib/python3.9/site-packages/airflow/example_dags/plugins/event_listener.py for tasks to queue
[2025-04-02T17:12:51.897-0400] {logging_mixin.py:188} INFO - [2025-04-02T17:12:51.897-0400] {dagbag.py:540} INFO - Filling up the DagBag from /Users/prasenjeet.gadhe/Documents/05. Nokia_PoV/Parallel_Test/venv/lib/python3.9/site-packages/airflow/example_dags/plugins/event_listener.py
[2025-04-02T17:12:51.898-0400] {processor.py:842} WARNING - No viable dags retrieved from /Users/prasenjeet.gadhe/Documents/05. Nokia_PoV/Parallel_Test/venv/lib/python3.9/site-packages/airflow/example_dags/plugins/event_listener.py
[2025-04-02T17:12:51.952-0400] {processor.py:183} INFO - Processing /Users/prasenjeet.gadhe/Documents/05. Nokia_PoV/Parallel_Test/venv/lib/python3.9/site-packages/airflow/example_dags/plugins/event_listener.py took 0.057 seconds
[2025-04-02T17:25:51.374-0400] {processor.py:161} INFO - Started process (PID=11850) to work on /Users/prasenjeet.gadhe/Documents/05. Nokia_PoV/Parallel_Test/venv/lib/python3.9/site-packages/airflow/example_dags/plugins/event_listener.py
[2025-04-02T17:25:51.376-0400] {processor.py:830} INFO - Processing file /Users/prasenjeet.gadhe/Documents/05. Nokia_PoV/Parallel_Test/venv/lib/python3.9/site-packages/airflow/example_dags/plugins/event_listener.py for tasks to queue
[2025-04-02T17:25:51.376-0400] {logging_mixin.py:188} INFO - [2025-04-02T17:25:51.376-0400] {dagbag.py:540} INFO - Filling up the DagBag from /Users/prasenjeet.gadhe/Documents/05. Nokia_PoV/Parallel_Test/venv/lib/python3.9/site-packages/airflow/example_dags/plugins/event_listener.py
[2025-04-02T17:25:51.377-0400] {processor.py:842} WARNING - No viable dags retrieved from /Users/prasenjeet.gadhe/Documents/05. Nokia_PoV/Parallel_Test/venv/lib/python3.9/site-packages/airflow/example_dags/plugins/event_listener.py
[2025-04-02T17:25:51.437-0400] {processor.py:183} INFO - Processing /Users/prasenjeet.gadhe/Documents/05. Nokia_PoV/Parallel_Test/venv/lib/python3.9/site-packages/airflow/example_dags/plugins/event_listener.py took 0.065 seconds
