[2025-04-02T16:38:24.327-0400] {processor.py:161} INFO - Started process (PID=58053) to work on /Users/prasenjeet.gadhe/Documents/05. Nokia_PoV/Parallel_Test/venv/lib/python3.9/site-packages/airflow/example_dags/plugins/workday.py
[2025-04-02T16:38:24.328-0400] {processor.py:830} INFO - Processing file /Users/prasenjeet.gadhe/Documents/05. Nokia_PoV/Parallel_Test/venv/lib/python3.9/site-packages/airflow/example_dags/plugins/workday.py for tasks to queue
[2025-04-02T16:38:24.328-0400] {logging_mixin.py:188} INFO - [2025-04-02T16:38:24.328-0400] {dagbag.py:540} INFO - Filling up the DagBag from /Users/prasenjeet.gadhe/Documents/05. Nokia_PoV/Parallel_Test/venv/lib/python3.9/site-packages/airflow/example_dags/plugins/workday.py
[2025-04-02T16:38:24.330-0400] {logging_mixin.py:188} INFO - [2025-04-02T16:38:24.330-0400] {workday.py:41} WARNING - Could not import pandas. Holidays will not be considered.
[2025-04-02T16:38:24.330-0400] {processor.py:842} WARNING - No viable dags retrieved from /Users/prasenjeet.gadhe/Documents/05. Nokia_PoV/Parallel_Test/venv/lib/python3.9/site-packages/airflow/example_dags/plugins/workday.py
[2025-04-02T16:38:24.383-0400] {processor.py:183} INFO - Processing /Users/prasenjeet.gadhe/Documents/05. Nokia_PoV/Parallel_Test/venv/lib/python3.9/site-packages/airflow/example_dags/plugins/workday.py took 0.057 seconds
[2025-04-02T16:39:04.632-0400] {processor.py:161} INFO - Started process (PID=63004) to work on /Users/prasenjeet.gadhe/Documents/05. Nokia_PoV/Parallel_Test/venv/lib/python3.9/site-packages/airflow/example_dags/plugins/workday.py
[2025-04-02T16:39:04.634-0400] {processor.py:830} INFO - Processing file /Users/prasenjeet.gadhe/Documents/05. Nokia_PoV/Parallel_Test/venv/lib/python3.9/site-packages/airflow/example_dags/plugins/workday.py for tasks to queue
[2025-04-02T16:39:04.634-0400] {logging_mixin.py:188} INFO - [2025-04-02T16:39:04.634-0400] {dagbag.py:540} INFO - Filling up the DagBag from /Users/prasenjeet.gadhe/Documents/05. Nokia_PoV/Parallel_Test/venv/lib/python3.9/site-packages/airflow/example_dags/plugins/workday.py
[2025-04-02T16:39:04.634-0400] {logging_mixin.py:188} INFO - [2025-04-02T16:39:04.634-0400] {workday.py:41} WARNING - Could not import pandas. Holidays will not be considered.
[2025-04-02T16:39:04.635-0400] {processor.py:842} WARNING - No viable dags retrieved from /Users/prasenjeet.gadhe/Documents/05. Nokia_PoV/Parallel_Test/venv/lib/python3.9/site-packages/airflow/example_dags/plugins/workday.py
[2025-04-02T16:39:04.682-0400] {processor.py:183} INFO - Processing /Users/prasenjeet.gadhe/Documents/05. Nokia_PoV/Parallel_Test/venv/lib/python3.9/site-packages/airflow/example_dags/plugins/workday.py took 0.050 seconds
[2025-04-02T16:40:34.807-0400] {processor.py:161} INFO - Started process (PID=74298) to work on /Users/prasenjeet.gadhe/Documents/05. Nokia_PoV/Parallel_Test/venv/lib/python3.9/site-packages/airflow/example_dags/plugins/workday.py
[2025-04-02T16:40:34.809-0400] {processor.py:830} INFO - Processing file /Users/prasenjeet.gadhe/Documents/05. Nokia_PoV/Parallel_Test/venv/lib/python3.9/site-packages/airflow/example_dags/plugins/workday.py for tasks to queue
[2025-04-02T16:40:34.809-0400] {logging_mixin.py:188} INFO - [2025-04-02T16:40:34.809-0400] {dagbag.py:540} INFO - Filling up the DagBag from /Users/prasenjeet.gadhe/Documents/05. Nokia_PoV/Parallel_Test/venv/lib/python3.9/site-packages/airflow/example_dags/plugins/workday.py
[2025-04-02T16:40:34.810-0400] {logging_mixin.py:188} INFO - [2025-04-02T16:40:34.809-0400] {workday.py:41} WARNING - Could not import pandas. Holidays will not be considered.
[2025-04-02T16:40:34.810-0400] {processor.py:842} WARNING - No viable dags retrieved from /Users/prasenjeet.gadhe/Documents/05. Nokia_PoV/Parallel_Test/venv/lib/python3.9/site-packages/airflow/example_dags/plugins/workday.py
[2025-04-02T16:40:34.860-0400] {processor.py:183} INFO - Processing /Users/prasenjeet.gadhe/Documents/05. Nokia_PoV/Parallel_Test/venv/lib/python3.9/site-packages/airflow/example_dags/plugins/workday.py took 0.054 seconds
[2025-04-02T16:41:32.507-0400] {processor.py:161} INFO - Started process (PID=81582) to work on /Users/prasenjeet.gadhe/Documents/05. Nokia_PoV/Parallel_Test/venv/lib/python3.9/site-packages/airflow/example_dags/plugins/workday.py
[2025-04-02T16:41:32.508-0400] {processor.py:830} INFO - Processing file /Users/prasenjeet.gadhe/Documents/05. Nokia_PoV/Parallel_Test/venv/lib/python3.9/site-packages/airflow/example_dags/plugins/workday.py for tasks to queue
[2025-04-02T16:41:32.508-0400] {logging_mixin.py:188} INFO - [2025-04-02T16:41:32.508-0400] {dagbag.py:540} INFO - Filling up the DagBag from /Users/prasenjeet.gadhe/Documents/05. Nokia_PoV/Parallel_Test/venv/lib/python3.9/site-packages/airflow/example_dags/plugins/workday.py
[2025-04-02T16:41:32.509-0400] {logging_mixin.py:188} INFO - [2025-04-02T16:41:32.509-0400] {workday.py:41} WARNING - Could not import pandas. Holidays will not be considered.
[2025-04-02T16:41:32.509-0400] {processor.py:842} WARNING - No viable dags retrieved from /Users/prasenjeet.gadhe/Documents/05. Nokia_PoV/Parallel_Test/venv/lib/python3.9/site-packages/airflow/example_dags/plugins/workday.py
[2025-04-02T16:41:32.566-0400] {processor.py:183} INFO - Processing /Users/prasenjeet.gadhe/Documents/05. Nokia_PoV/Parallel_Test/venv/lib/python3.9/site-packages/airflow/example_dags/plugins/workday.py took 0.060 seconds
[2025-04-02T16:42:29.584-0400] {processor.py:161} INFO - Started process (PID=88633) to work on /Users/prasenjeet.gadhe/Documents/05. Nokia_PoV/Parallel_Test/venv/lib/python3.9/site-packages/airflow/example_dags/plugins/workday.py
[2025-04-02T16:42:29.586-0400] {processor.py:830} INFO - Processing file /Users/prasenjeet.gadhe/Documents/05. Nokia_PoV/Parallel_Test/venv/lib/python3.9/site-packages/airflow/example_dags/plugins/workday.py for tasks to queue
[2025-04-02T16:42:29.586-0400] {logging_mixin.py:188} INFO - [2025-04-02T16:42:29.586-0400] {dagbag.py:540} INFO - Filling up the DagBag from /Users/prasenjeet.gadhe/Documents/05. Nokia_PoV/Parallel_Test/venv/lib/python3.9/site-packages/airflow/example_dags/plugins/workday.py
[2025-04-02T16:42:29.586-0400] {logging_mixin.py:188} INFO - [2025-04-02T16:42:29.586-0400] {workday.py:41} WARNING - Could not import pandas. Holidays will not be considered.
[2025-04-02T16:42:29.587-0400] {processor.py:842} WARNING - No viable dags retrieved from /Users/prasenjeet.gadhe/Documents/05. Nokia_PoV/Parallel_Test/venv/lib/python3.9/site-packages/airflow/example_dags/plugins/workday.py
[2025-04-02T16:42:29.633-0400] {processor.py:183} INFO - Processing /Users/prasenjeet.gadhe/Documents/05. Nokia_PoV/Parallel_Test/venv/lib/python3.9/site-packages/airflow/example_dags/plugins/workday.py took 0.050 seconds
[2025-04-02T16:43:25.697-0400] {processor.py:161} INFO - Started process (PID=95579) to work on /Users/prasenjeet.gadhe/Documents/05. Nokia_PoV/Parallel_Test/venv/lib/python3.9/site-packages/airflow/example_dags/plugins/workday.py
[2025-04-02T16:43:25.699-0400] {processor.py:830} INFO - Processing file /Users/prasenjeet.gadhe/Documents/05. Nokia_PoV/Parallel_Test/venv/lib/python3.9/site-packages/airflow/example_dags/plugins/workday.py for tasks to queue
[2025-04-02T16:43:25.699-0400] {logging_mixin.py:188} INFO - [2025-04-02T16:43:25.699-0400] {dagbag.py:540} INFO - Filling up the DagBag from /Users/prasenjeet.gadhe/Documents/05. Nokia_PoV/Parallel_Test/venv/lib/python3.9/site-packages/airflow/example_dags/plugins/workday.py
[2025-04-02T16:43:25.700-0400] {logging_mixin.py:188} INFO - [2025-04-02T16:43:25.700-0400] {workday.py:41} WARNING - Could not import pandas. Holidays will not be considered.
[2025-04-02T16:43:25.700-0400] {processor.py:842} WARNING - No viable dags retrieved from /Users/prasenjeet.gadhe/Documents/05. Nokia_PoV/Parallel_Test/venv/lib/python3.9/site-packages/airflow/example_dags/plugins/workday.py
[2025-04-02T16:43:25.750-0400] {processor.py:183} INFO - Processing /Users/prasenjeet.gadhe/Documents/05. Nokia_PoV/Parallel_Test/venv/lib/python3.9/site-packages/airflow/example_dags/plugins/workday.py took 0.055 seconds
[2025-04-02T16:45:25.584-0400] {processor.py:161} INFO - Started process (PID=10622) to work on /Users/prasenjeet.gadhe/Documents/05. Nokia_PoV/Parallel_Test/venv/lib/python3.9/site-packages/airflow/example_dags/plugins/workday.py
[2025-04-02T16:45:25.586-0400] {processor.py:830} INFO - Processing file /Users/prasenjeet.gadhe/Documents/05. Nokia_PoV/Parallel_Test/venv/lib/python3.9/site-packages/airflow/example_dags/plugins/workday.py for tasks to queue
[2025-04-02T16:45:25.586-0400] {logging_mixin.py:188} INFO - [2025-04-02T16:45:25.586-0400] {dagbag.py:540} INFO - Filling up the DagBag from /Users/prasenjeet.gadhe/Documents/05. Nokia_PoV/Parallel_Test/venv/lib/python3.9/site-packages/airflow/example_dags/plugins/workday.py
[2025-04-02T16:45:25.587-0400] {logging_mixin.py:188} INFO - [2025-04-02T16:45:25.587-0400] {workday.py:41} WARNING - Could not import pandas. Holidays will not be considered.
[2025-04-02T16:45:25.587-0400] {processor.py:842} WARNING - No viable dags retrieved from /Users/prasenjeet.gadhe/Documents/05. Nokia_PoV/Parallel_Test/venv/lib/python3.9/site-packages/airflow/example_dags/plugins/workday.py
[2025-04-02T16:45:25.637-0400] {processor.py:183} INFO - Processing /Users/prasenjeet.gadhe/Documents/05. Nokia_PoV/Parallel_Test/venv/lib/python3.9/site-packages/airflow/example_dags/plugins/workday.py took 0.054 seconds
[2025-04-02T16:46:55.888-0400] {processor.py:161} INFO - Started process (PID=21980) to work on /Users/prasenjeet.gadhe/Documents/05. Nokia_PoV/Parallel_Test/venv/lib/python3.9/site-packages/airflow/example_dags/plugins/workday.py
[2025-04-02T16:46:55.890-0400] {processor.py:830} INFO - Processing file /Users/prasenjeet.gadhe/Documents/05. Nokia_PoV/Parallel_Test/venv/lib/python3.9/site-packages/airflow/example_dags/plugins/workday.py for tasks to queue
[2025-04-02T16:46:55.891-0400] {logging_mixin.py:188} INFO - [2025-04-02T16:46:55.891-0400] {dagbag.py:540} INFO - Filling up the DagBag from /Users/prasenjeet.gadhe/Documents/05. Nokia_PoV/Parallel_Test/venv/lib/python3.9/site-packages/airflow/example_dags/plugins/workday.py
[2025-04-02T16:46:55.891-0400] {logging_mixin.py:188} INFO - [2025-04-02T16:46:55.891-0400] {workday.py:41} WARNING - Could not import pandas. Holidays will not be considered.
[2025-04-02T16:46:55.892-0400] {processor.py:842} WARNING - No viable dags retrieved from /Users/prasenjeet.gadhe/Documents/05. Nokia_PoV/Parallel_Test/venv/lib/python3.9/site-packages/airflow/example_dags/plugins/workday.py
[2025-04-02T16:46:55.941-0400] {processor.py:183} INFO - Processing /Users/prasenjeet.gadhe/Documents/05. Nokia_PoV/Parallel_Test/venv/lib/python3.9/site-packages/airflow/example_dags/plugins/workday.py took 0.053 seconds
[2025-04-02T16:47:55.738-0400] {processor.py:161} INFO - Started process (PID=29411) to work on /Users/prasenjeet.gadhe/Documents/05. Nokia_PoV/Parallel_Test/venv/lib/python3.9/site-packages/airflow/example_dags/plugins/workday.py
[2025-04-02T16:47:55.740-0400] {processor.py:830} INFO - Processing file /Users/prasenjeet.gadhe/Documents/05. Nokia_PoV/Parallel_Test/venv/lib/python3.9/site-packages/airflow/example_dags/plugins/workday.py for tasks to queue
[2025-04-02T16:47:55.740-0400] {logging_mixin.py:188} INFO - [2025-04-02T16:47:55.740-0400] {dagbag.py:540} INFO - Filling up the DagBag from /Users/prasenjeet.gadhe/Documents/05. Nokia_PoV/Parallel_Test/venv/lib/python3.9/site-packages/airflow/example_dags/plugins/workday.py
[2025-04-02T16:47:55.741-0400] {logging_mixin.py:188} INFO - [2025-04-02T16:47:55.741-0400] {workday.py:41} WARNING - Could not import pandas. Holidays will not be considered.
[2025-04-02T16:47:55.741-0400] {processor.py:842} WARNING - No viable dags retrieved from /Users/prasenjeet.gadhe/Documents/05. Nokia_PoV/Parallel_Test/venv/lib/python3.9/site-packages/airflow/example_dags/plugins/workday.py
[2025-04-02T16:47:55.795-0400] {processor.py:183} INFO - Processing /Users/prasenjeet.gadhe/Documents/05. Nokia_PoV/Parallel_Test/venv/lib/python3.9/site-packages/airflow/example_dags/plugins/workday.py took 0.058 seconds
[2025-04-02T16:48:51.490-0400] {processor.py:161} INFO - Started process (PID=36324) to work on /Users/prasenjeet.gadhe/Documents/05. Nokia_PoV/Parallel_Test/venv/lib/python3.9/site-packages/airflow/example_dags/plugins/workday.py
[2025-04-02T16:48:51.493-0400] {processor.py:830} INFO - Processing file /Users/prasenjeet.gadhe/Documents/05. Nokia_PoV/Parallel_Test/venv/lib/python3.9/site-packages/airflow/example_dags/plugins/workday.py for tasks to queue
[2025-04-02T16:48:51.493-0400] {logging_mixin.py:188} INFO - [2025-04-02T16:48:51.493-0400] {dagbag.py:540} INFO - Filling up the DagBag from /Users/prasenjeet.gadhe/Documents/05. Nokia_PoV/Parallel_Test/venv/lib/python3.9/site-packages/airflow/example_dags/plugins/workday.py
[2025-04-02T16:48:51.494-0400] {logging_mixin.py:188} INFO - [2025-04-02T16:48:51.494-0400] {workday.py:41} WARNING - Could not import pandas. Holidays will not be considered.
[2025-04-02T16:48:51.494-0400] {processor.py:842} WARNING - No viable dags retrieved from /Users/prasenjeet.gadhe/Documents/05. Nokia_PoV/Parallel_Test/venv/lib/python3.9/site-packages/airflow/example_dags/plugins/workday.py
[2025-04-02T16:48:51.560-0400] {processor.py:183} INFO - Processing /Users/prasenjeet.gadhe/Documents/05. Nokia_PoV/Parallel_Test/venv/lib/python3.9/site-packages/airflow/example_dags/plugins/workday.py took 0.071 seconds
[2025-04-02T16:50:36.611-0400] {processor.py:161} INFO - Started process (PID=49269) to work on /Users/prasenjeet.gadhe/Documents/05. Nokia_PoV/Parallel_Test/venv/lib/python3.9/site-packages/airflow/example_dags/plugins/workday.py
[2025-04-02T16:50:36.613-0400] {processor.py:830} INFO - Processing file /Users/prasenjeet.gadhe/Documents/05. Nokia_PoV/Parallel_Test/venv/lib/python3.9/site-packages/airflow/example_dags/plugins/workday.py for tasks to queue
[2025-04-02T16:50:36.613-0400] {logging_mixin.py:188} INFO - [2025-04-02T16:50:36.613-0400] {dagbag.py:540} INFO - Filling up the DagBag from /Users/prasenjeet.gadhe/Documents/05. Nokia_PoV/Parallel_Test/venv/lib/python3.9/site-packages/airflow/example_dags/plugins/workday.py
[2025-04-02T16:50:36.614-0400] {logging_mixin.py:188} INFO - [2025-04-02T16:50:36.614-0400] {workday.py:41} WARNING - Could not import pandas. Holidays will not be considered.
[2025-04-02T16:50:36.614-0400] {processor.py:842} WARNING - No viable dags retrieved from /Users/prasenjeet.gadhe/Documents/05. Nokia_PoV/Parallel_Test/venv/lib/python3.9/site-packages/airflow/example_dags/plugins/workday.py
[2025-04-02T16:50:36.669-0400] {processor.py:183} INFO - Processing /Users/prasenjeet.gadhe/Documents/05. Nokia_PoV/Parallel_Test/venv/lib/python3.9/site-packages/airflow/example_dags/plugins/workday.py took 0.058 seconds
[2025-04-02T16:52:07.249-0400] {processor.py:161} INFO - Started process (PID=60549) to work on /Users/prasenjeet.gadhe/Documents/05. Nokia_PoV/Parallel_Test/venv/lib/python3.9/site-packages/airflow/example_dags/plugins/workday.py
[2025-04-02T16:52:07.251-0400] {processor.py:830} INFO - Processing file /Users/prasenjeet.gadhe/Documents/05. Nokia_PoV/Parallel_Test/venv/lib/python3.9/site-packages/airflow/example_dags/plugins/workday.py for tasks to queue
[2025-04-02T16:52:07.251-0400] {logging_mixin.py:188} INFO - [2025-04-02T16:52:07.251-0400] {dagbag.py:540} INFO - Filling up the DagBag from /Users/prasenjeet.gadhe/Documents/05. Nokia_PoV/Parallel_Test/venv/lib/python3.9/site-packages/airflow/example_dags/plugins/workday.py
[2025-04-02T16:52:07.252-0400] {logging_mixin.py:188} INFO - [2025-04-02T16:52:07.252-0400] {workday.py:41} WARNING - Could not import pandas. Holidays will not be considered.
[2025-04-02T16:52:07.252-0400] {processor.py:842} WARNING - No viable dags retrieved from /Users/prasenjeet.gadhe/Documents/05. Nokia_PoV/Parallel_Test/venv/lib/python3.9/site-packages/airflow/example_dags/plugins/workday.py
[2025-04-02T16:52:07.303-0400] {processor.py:183} INFO - Processing /Users/prasenjeet.gadhe/Documents/05. Nokia_PoV/Parallel_Test/venv/lib/python3.9/site-packages/airflow/example_dags/plugins/workday.py took 0.055 seconds
[2025-04-02T16:53:05.411-0400] {processor.py:161} INFO - Started process (PID=67645) to work on /Users/prasenjeet.gadhe/Documents/05. Nokia_PoV/Parallel_Test/venv/lib/python3.9/site-packages/airflow/example_dags/plugins/workday.py
[2025-04-02T16:53:05.413-0400] {processor.py:830} INFO - Processing file /Users/prasenjeet.gadhe/Documents/05. Nokia_PoV/Parallel_Test/venv/lib/python3.9/site-packages/airflow/example_dags/plugins/workday.py for tasks to queue
[2025-04-02T16:53:05.413-0400] {logging_mixin.py:188} INFO - [2025-04-02T16:53:05.413-0400] {dagbag.py:540} INFO - Filling up the DagBag from /Users/prasenjeet.gadhe/Documents/05. Nokia_PoV/Parallel_Test/venv/lib/python3.9/site-packages/airflow/example_dags/plugins/workday.py
[2025-04-02T16:53:05.414-0400] {logging_mixin.py:188} INFO - [2025-04-02T16:53:05.414-0400] {workday.py:41} WARNING - Could not import pandas. Holidays will not be considered.
[2025-04-02T16:53:05.414-0400] {processor.py:842} WARNING - No viable dags retrieved from /Users/prasenjeet.gadhe/Documents/05. Nokia_PoV/Parallel_Test/venv/lib/python3.9/site-packages/airflow/example_dags/plugins/workday.py
[2025-04-02T16:53:05.464-0400] {processor.py:183} INFO - Processing /Users/prasenjeet.gadhe/Documents/05. Nokia_PoV/Parallel_Test/venv/lib/python3.9/site-packages/airflow/example_dags/plugins/workday.py took 0.054 seconds
[2025-04-02T16:53:57.253-0400] {processor.py:161} INFO - Started process (PID=74080) to work on /Users/prasenjeet.gadhe/Documents/05. Nokia_PoV/Parallel_Test/venv/lib/python3.9/site-packages/airflow/example_dags/plugins/workday.py
[2025-04-02T16:53:57.254-0400] {processor.py:830} INFO - Processing file /Users/prasenjeet.gadhe/Documents/05. Nokia_PoV/Parallel_Test/venv/lib/python3.9/site-packages/airflow/example_dags/plugins/workday.py for tasks to queue
[2025-04-02T16:53:57.255-0400] {logging_mixin.py:188} INFO - [2025-04-02T16:53:57.255-0400] {dagbag.py:540} INFO - Filling up the DagBag from /Users/prasenjeet.gadhe/Documents/05. Nokia_PoV/Parallel_Test/venv/lib/python3.9/site-packages/airflow/example_dags/plugins/workday.py
[2025-04-02T16:53:57.255-0400] {logging_mixin.py:188} INFO - [2025-04-02T16:53:57.255-0400] {workday.py:41} WARNING - Could not import pandas. Holidays will not be considered.
[2025-04-02T16:53:57.256-0400] {processor.py:842} WARNING - No viable dags retrieved from /Users/prasenjeet.gadhe/Documents/05. Nokia_PoV/Parallel_Test/venv/lib/python3.9/site-packages/airflow/example_dags/plugins/workday.py
[2025-04-02T16:53:57.304-0400] {processor.py:183} INFO - Processing /Users/prasenjeet.gadhe/Documents/05. Nokia_PoV/Parallel_Test/venv/lib/python3.9/site-packages/airflow/example_dags/plugins/workday.py took 0.052 seconds
[2025-04-02T16:54:55.507-0400] {processor.py:161} INFO - Started process (PID=81362) to work on /Users/prasenjeet.gadhe/Documents/05. Nokia_PoV/Parallel_Test/venv/lib/python3.9/site-packages/airflow/example_dags/plugins/workday.py
[2025-04-02T16:54:55.508-0400] {processor.py:830} INFO - Processing file /Users/prasenjeet.gadhe/Documents/05. Nokia_PoV/Parallel_Test/venv/lib/python3.9/site-packages/airflow/example_dags/plugins/workday.py for tasks to queue
[2025-04-02T16:54:55.508-0400] {logging_mixin.py:188} INFO - [2025-04-02T16:54:55.508-0400] {dagbag.py:540} INFO - Filling up the DagBag from /Users/prasenjeet.gadhe/Documents/05. Nokia_PoV/Parallel_Test/venv/lib/python3.9/site-packages/airflow/example_dags/plugins/workday.py
[2025-04-02T16:54:55.509-0400] {logging_mixin.py:188} INFO - [2025-04-02T16:54:55.509-0400] {workday.py:41} WARNING - Could not import pandas. Holidays will not be considered.
[2025-04-02T16:54:55.509-0400] {processor.py:842} WARNING - No viable dags retrieved from /Users/prasenjeet.gadhe/Documents/05. Nokia_PoV/Parallel_Test/venv/lib/python3.9/site-packages/airflow/example_dags/plugins/workday.py
[2025-04-02T16:54:55.563-0400] {processor.py:183} INFO - Processing /Users/prasenjeet.gadhe/Documents/05. Nokia_PoV/Parallel_Test/venv/lib/python3.9/site-packages/airflow/example_dags/plugins/workday.py took 0.057 seconds
[2025-04-02T16:55:53.308-0400] {processor.py:161} INFO - Started process (PID=88539) to work on /Users/prasenjeet.gadhe/Documents/05. Nokia_PoV/Parallel_Test/venv/lib/python3.9/site-packages/airflow/example_dags/plugins/workday.py
[2025-04-02T16:55:53.309-0400] {processor.py:830} INFO - Processing file /Users/prasenjeet.gadhe/Documents/05. Nokia_PoV/Parallel_Test/venv/lib/python3.9/site-packages/airflow/example_dags/plugins/workday.py for tasks to queue
[2025-04-02T16:55:53.309-0400] {logging_mixin.py:188} INFO - [2025-04-02T16:55:53.309-0400] {dagbag.py:540} INFO - Filling up the DagBag from /Users/prasenjeet.gadhe/Documents/05. Nokia_PoV/Parallel_Test/venv/lib/python3.9/site-packages/airflow/example_dags/plugins/workday.py
[2025-04-02T16:55:53.310-0400] {logging_mixin.py:188} INFO - [2025-04-02T16:55:53.310-0400] {workday.py:41} WARNING - Could not import pandas. Holidays will not be considered.
[2025-04-02T16:55:53.310-0400] {processor.py:842} WARNING - No viable dags retrieved from /Users/prasenjeet.gadhe/Documents/05. Nokia_PoV/Parallel_Test/venv/lib/python3.9/site-packages/airflow/example_dags/plugins/workday.py
[2025-04-02T16:55:53.366-0400] {processor.py:183} INFO - Processing /Users/prasenjeet.gadhe/Documents/05. Nokia_PoV/Parallel_Test/venv/lib/python3.9/site-packages/airflow/example_dags/plugins/workday.py took 0.059 seconds
[2025-04-02T16:56:50.596-0400] {processor.py:161} INFO - Started process (PID=95556) to work on /Users/prasenjeet.gadhe/Documents/05. Nokia_PoV/Parallel_Test/venv/lib/python3.9/site-packages/airflow/example_dags/plugins/workday.py
[2025-04-02T16:56:50.597-0400] {processor.py:830} INFO - Processing file /Users/prasenjeet.gadhe/Documents/05. Nokia_PoV/Parallel_Test/venv/lib/python3.9/site-packages/airflow/example_dags/plugins/workday.py for tasks to queue
[2025-04-02T16:56:50.598-0400] {logging_mixin.py:188} INFO - [2025-04-02T16:56:50.598-0400] {dagbag.py:540} INFO - Filling up the DagBag from /Users/prasenjeet.gadhe/Documents/05. Nokia_PoV/Parallel_Test/venv/lib/python3.9/site-packages/airflow/example_dags/plugins/workday.py
[2025-04-02T16:56:50.599-0400] {logging_mixin.py:188} INFO - [2025-04-02T16:56:50.599-0400] {workday.py:41} WARNING - Could not import pandas. Holidays will not be considered.
[2025-04-02T16:56:50.599-0400] {processor.py:842} WARNING - No viable dags retrieved from /Users/prasenjeet.gadhe/Documents/05. Nokia_PoV/Parallel_Test/venv/lib/python3.9/site-packages/airflow/example_dags/plugins/workday.py
[2025-04-02T16:56:50.648-0400] {processor.py:183} INFO - Processing /Users/prasenjeet.gadhe/Documents/05. Nokia_PoV/Parallel_Test/venv/lib/python3.9/site-packages/airflow/example_dags/plugins/workday.py took 0.053 seconds
[2025-04-02T16:57:48.983-0400] {processor.py:161} INFO - Started process (PID=3099) to work on /Users/prasenjeet.gadhe/Documents/05. Nokia_PoV/Parallel_Test/venv/lib/python3.9/site-packages/airflow/example_dags/plugins/workday.py
[2025-04-02T16:57:48.985-0400] {processor.py:830} INFO - Processing file /Users/prasenjeet.gadhe/Documents/05. Nokia_PoV/Parallel_Test/venv/lib/python3.9/site-packages/airflow/example_dags/plugins/workday.py for tasks to queue
[2025-04-02T16:57:48.985-0400] {logging_mixin.py:188} INFO - [2025-04-02T16:57:48.985-0400] {dagbag.py:540} INFO - Filling up the DagBag from /Users/prasenjeet.gadhe/Documents/05. Nokia_PoV/Parallel_Test/venv/lib/python3.9/site-packages/airflow/example_dags/plugins/workday.py
[2025-04-02T16:57:48.986-0400] {logging_mixin.py:188} INFO - [2025-04-02T16:57:48.986-0400] {workday.py:41} WARNING - Could not import pandas. Holidays will not be considered.
[2025-04-02T16:57:48.986-0400] {processor.py:842} WARNING - No viable dags retrieved from /Users/prasenjeet.gadhe/Documents/05. Nokia_PoV/Parallel_Test/venv/lib/python3.9/site-packages/airflow/example_dags/plugins/workday.py
[2025-04-02T16:57:49.039-0400] {processor.py:183} INFO - Processing /Users/prasenjeet.gadhe/Documents/05. Nokia_PoV/Parallel_Test/venv/lib/python3.9/site-packages/airflow/example_dags/plugins/workday.py took 0.057 seconds
[2025-04-02T16:58:43.618-0400] {processor.py:161} INFO - Started process (PID=9795) to work on /Users/prasenjeet.gadhe/Documents/05. Nokia_PoV/Parallel_Test/venv/lib/python3.9/site-packages/airflow/example_dags/plugins/workday.py
[2025-04-02T16:58:43.619-0400] {processor.py:830} INFO - Processing file /Users/prasenjeet.gadhe/Documents/05. Nokia_PoV/Parallel_Test/venv/lib/python3.9/site-packages/airflow/example_dags/plugins/workday.py for tasks to queue
[2025-04-02T16:58:43.619-0400] {logging_mixin.py:188} INFO - [2025-04-02T16:58:43.619-0400] {dagbag.py:540} INFO - Filling up the DagBag from /Users/prasenjeet.gadhe/Documents/05. Nokia_PoV/Parallel_Test/venv/lib/python3.9/site-packages/airflow/example_dags/plugins/workday.py
[2025-04-02T16:58:43.620-0400] {logging_mixin.py:188} INFO - [2025-04-02T16:58:43.620-0400] {workday.py:41} WARNING - Could not import pandas. Holidays will not be considered.
[2025-04-02T16:58:43.620-0400] {processor.py:842} WARNING - No viable dags retrieved from /Users/prasenjeet.gadhe/Documents/05. Nokia_PoV/Parallel_Test/venv/lib/python3.9/site-packages/airflow/example_dags/plugins/workday.py
[2025-04-02T16:58:43.670-0400] {processor.py:183} INFO - Processing /Users/prasenjeet.gadhe/Documents/05. Nokia_PoV/Parallel_Test/venv/lib/python3.9/site-packages/airflow/example_dags/plugins/workday.py took 0.053 seconds
[2025-04-02T16:59:38.620-0400] {processor.py:161} INFO - Started process (PID=16500) to work on /Users/prasenjeet.gadhe/Documents/05. Nokia_PoV/Parallel_Test/venv/lib/python3.9/site-packages/airflow/example_dags/plugins/workday.py
[2025-04-02T16:59:38.622-0400] {processor.py:830} INFO - Processing file /Users/prasenjeet.gadhe/Documents/05. Nokia_PoV/Parallel_Test/venv/lib/python3.9/site-packages/airflow/example_dags/plugins/workday.py for tasks to queue
[2025-04-02T16:59:38.622-0400] {logging_mixin.py:188} INFO - [2025-04-02T16:59:38.622-0400] {dagbag.py:540} INFO - Filling up the DagBag from /Users/prasenjeet.gadhe/Documents/05. Nokia_PoV/Parallel_Test/venv/lib/python3.9/site-packages/airflow/example_dags/plugins/workday.py
[2025-04-02T16:59:38.622-0400] {logging_mixin.py:188} INFO - [2025-04-02T16:59:38.622-0400] {workday.py:41} WARNING - Could not import pandas. Holidays will not be considered.
[2025-04-02T16:59:38.623-0400] {processor.py:842} WARNING - No viable dags retrieved from /Users/prasenjeet.gadhe/Documents/05. Nokia_PoV/Parallel_Test/venv/lib/python3.9/site-packages/airflow/example_dags/plugins/workday.py
[2025-04-02T16:59:38.670-0400] {processor.py:183} INFO - Processing /Users/prasenjeet.gadhe/Documents/05. Nokia_PoV/Parallel_Test/venv/lib/python3.9/site-packages/airflow/example_dags/plugins/workday.py took 0.052 seconds
[2025-04-02T17:00:36.334-0400] {processor.py:161} INFO - Started process (PID=23710) to work on /Users/prasenjeet.gadhe/Documents/05. Nokia_PoV/Parallel_Test/venv/lib/python3.9/site-packages/airflow/example_dags/plugins/workday.py
[2025-04-02T17:00:36.336-0400] {processor.py:830} INFO - Processing file /Users/prasenjeet.gadhe/Documents/05. Nokia_PoV/Parallel_Test/venv/lib/python3.9/site-packages/airflow/example_dags/plugins/workday.py for tasks to queue
[2025-04-02T17:00:36.336-0400] {logging_mixin.py:188} INFO - [2025-04-02T17:00:36.336-0400] {dagbag.py:540} INFO - Filling up the DagBag from /Users/prasenjeet.gadhe/Documents/05. Nokia_PoV/Parallel_Test/venv/lib/python3.9/site-packages/airflow/example_dags/plugins/workday.py
[2025-04-02T17:00:36.337-0400] {logging_mixin.py:188} INFO - [2025-04-02T17:00:36.337-0400] {workday.py:41} WARNING - Could not import pandas. Holidays will not be considered.
[2025-04-02T17:00:36.337-0400] {processor.py:842} WARNING - No viable dags retrieved from /Users/prasenjeet.gadhe/Documents/05. Nokia_PoV/Parallel_Test/venv/lib/python3.9/site-packages/airflow/example_dags/plugins/workday.py
[2025-04-02T17:00:36.386-0400] {processor.py:183} INFO - Processing /Users/prasenjeet.gadhe/Documents/05. Nokia_PoV/Parallel_Test/venv/lib/python3.9/site-packages/airflow/example_dags/plugins/workday.py took 0.053 seconds
[2025-04-02T17:01:31.930-0400] {processor.py:161} INFO - Started process (PID=30487) to work on /Users/prasenjeet.gadhe/Documents/05. Nokia_PoV/Parallel_Test/venv/lib/python3.9/site-packages/airflow/example_dags/plugins/workday.py
[2025-04-02T17:01:31.931-0400] {processor.py:830} INFO - Processing file /Users/prasenjeet.gadhe/Documents/05. Nokia_PoV/Parallel_Test/venv/lib/python3.9/site-packages/airflow/example_dags/plugins/workday.py for tasks to queue
[2025-04-02T17:01:31.932-0400] {logging_mixin.py:188} INFO - [2025-04-02T17:01:31.932-0400] {dagbag.py:540} INFO - Filling up the DagBag from /Users/prasenjeet.gadhe/Documents/05. Nokia_PoV/Parallel_Test/venv/lib/python3.9/site-packages/airflow/example_dags/plugins/workday.py
[2025-04-02T17:01:31.932-0400] {logging_mixin.py:188} INFO - [2025-04-02T17:01:31.932-0400] {workday.py:41} WARNING - Could not import pandas. Holidays will not be considered.
[2025-04-02T17:01:31.932-0400] {processor.py:842} WARNING - No viable dags retrieved from /Users/prasenjeet.gadhe/Documents/05. Nokia_PoV/Parallel_Test/venv/lib/python3.9/site-packages/airflow/example_dags/plugins/workday.py
[2025-04-02T17:01:31.987-0400] {processor.py:183} INFO - Processing /Users/prasenjeet.gadhe/Documents/05. Nokia_PoV/Parallel_Test/venv/lib/python3.9/site-packages/airflow/example_dags/plugins/workday.py took 0.059 seconds
[2025-04-02T17:02:29.360-0400] {processor.py:161} INFO - Started process (PID=37538) to work on /Users/prasenjeet.gadhe/Documents/05. Nokia_PoV/Parallel_Test/venv/lib/python3.9/site-packages/airflow/example_dags/plugins/workday.py
[2025-04-02T17:02:29.361-0400] {processor.py:830} INFO - Processing file /Users/prasenjeet.gadhe/Documents/05. Nokia_PoV/Parallel_Test/venv/lib/python3.9/site-packages/airflow/example_dags/plugins/workday.py for tasks to queue
[2025-04-02T17:02:29.361-0400] {logging_mixin.py:188} INFO - [2025-04-02T17:02:29.361-0400] {dagbag.py:540} INFO - Filling up the DagBag from /Users/prasenjeet.gadhe/Documents/05. Nokia_PoV/Parallel_Test/venv/lib/python3.9/site-packages/airflow/example_dags/plugins/workday.py
[2025-04-02T17:02:29.362-0400] {logging_mixin.py:188} INFO - [2025-04-02T17:02:29.362-0400] {workday.py:41} WARNING - Could not import pandas. Holidays will not be considered.
[2025-04-02T17:02:29.362-0400] {processor.py:842} WARNING - No viable dags retrieved from /Users/prasenjeet.gadhe/Documents/05. Nokia_PoV/Parallel_Test/venv/lib/python3.9/site-packages/airflow/example_dags/plugins/workday.py
[2025-04-02T17:02:29.412-0400] {processor.py:183} INFO - Processing /Users/prasenjeet.gadhe/Documents/05. Nokia_PoV/Parallel_Test/venv/lib/python3.9/site-packages/airflow/example_dags/plugins/workday.py took 0.053 seconds
[2025-04-02T17:03:23.896-0400] {processor.py:161} INFO - Started process (PID=44223) to work on /Users/prasenjeet.gadhe/Documents/05. Nokia_PoV/Parallel_Test/venv/lib/python3.9/site-packages/airflow/example_dags/plugins/workday.py
[2025-04-02T17:03:23.898-0400] {processor.py:830} INFO - Processing file /Users/prasenjeet.gadhe/Documents/05. Nokia_PoV/Parallel_Test/venv/lib/python3.9/site-packages/airflow/example_dags/plugins/workday.py for tasks to queue
[2025-04-02T17:03:23.898-0400] {logging_mixin.py:188} INFO - [2025-04-02T17:03:23.898-0400] {dagbag.py:540} INFO - Filling up the DagBag from /Users/prasenjeet.gadhe/Documents/05. Nokia_PoV/Parallel_Test/venv/lib/python3.9/site-packages/airflow/example_dags/plugins/workday.py
[2025-04-02T17:03:23.899-0400] {logging_mixin.py:188} INFO - [2025-04-02T17:03:23.899-0400] {workday.py:41} WARNING - Could not import pandas. Holidays will not be considered.
[2025-04-02T17:03:23.899-0400] {processor.py:842} WARNING - No viable dags retrieved from /Users/prasenjeet.gadhe/Documents/05. Nokia_PoV/Parallel_Test/venv/lib/python3.9/site-packages/airflow/example_dags/plugins/workday.py
[2025-04-02T17:03:23.950-0400] {processor.py:183} INFO - Processing /Users/prasenjeet.gadhe/Documents/05. Nokia_PoV/Parallel_Test/venv/lib/python3.9/site-packages/airflow/example_dags/plugins/workday.py took 0.055 seconds
[2025-04-02T17:04:21.388-0400] {processor.py:161} INFO - Started process (PID=51226) to work on /Users/prasenjeet.gadhe/Documents/05. Nokia_PoV/Parallel_Test/venv/lib/python3.9/site-packages/airflow/example_dags/plugins/workday.py
[2025-04-02T17:04:21.390-0400] {processor.py:830} INFO - Processing file /Users/prasenjeet.gadhe/Documents/05. Nokia_PoV/Parallel_Test/venv/lib/python3.9/site-packages/airflow/example_dags/plugins/workday.py for tasks to queue
[2025-04-02T17:04:21.390-0400] {logging_mixin.py:188} INFO - [2025-04-02T17:04:21.390-0400] {dagbag.py:540} INFO - Filling up the DagBag from /Users/prasenjeet.gadhe/Documents/05. Nokia_PoV/Parallel_Test/venv/lib/python3.9/site-packages/airflow/example_dags/plugins/workday.py
[2025-04-02T17:04:21.391-0400] {logging_mixin.py:188} INFO - [2025-04-02T17:04:21.391-0400] {workday.py:41} WARNING - Could not import pandas. Holidays will not be considered.
[2025-04-02T17:04:21.391-0400] {processor.py:842} WARNING - No viable dags retrieved from /Users/prasenjeet.gadhe/Documents/05. Nokia_PoV/Parallel_Test/venv/lib/python3.9/site-packages/airflow/example_dags/plugins/workday.py
[2025-04-02T17:04:21.441-0400] {processor.py:183} INFO - Processing /Users/prasenjeet.gadhe/Documents/05. Nokia_PoV/Parallel_Test/venv/lib/python3.9/site-packages/airflow/example_dags/plugins/workday.py took 0.054 seconds
[2025-04-02T17:05:14.703-0400] {processor.py:161} INFO - Started process (PID=57832) to work on /Users/prasenjeet.gadhe/Documents/05. Nokia_PoV/Parallel_Test/venv/lib/python3.9/site-packages/airflow/example_dags/plugins/workday.py
[2025-04-02T17:05:14.705-0400] {processor.py:830} INFO - Processing file /Users/prasenjeet.gadhe/Documents/05. Nokia_PoV/Parallel_Test/venv/lib/python3.9/site-packages/airflow/example_dags/plugins/workday.py for tasks to queue
[2025-04-02T17:05:14.705-0400] {logging_mixin.py:188} INFO - [2025-04-02T17:05:14.705-0400] {dagbag.py:540} INFO - Filling up the DagBag from /Users/prasenjeet.gadhe/Documents/05. Nokia_PoV/Parallel_Test/venv/lib/python3.9/site-packages/airflow/example_dags/plugins/workday.py
[2025-04-02T17:05:14.706-0400] {logging_mixin.py:188} INFO - [2025-04-02T17:05:14.706-0400] {workday.py:41} WARNING - Could not import pandas. Holidays will not be considered.
[2025-04-02T17:05:14.706-0400] {processor.py:842} WARNING - No viable dags retrieved from /Users/prasenjeet.gadhe/Documents/05. Nokia_PoV/Parallel_Test/venv/lib/python3.9/site-packages/airflow/example_dags/plugins/workday.py
[2025-04-02T17:05:14.757-0400] {processor.py:183} INFO - Processing /Users/prasenjeet.gadhe/Documents/05. Nokia_PoV/Parallel_Test/venv/lib/python3.9/site-packages/airflow/example_dags/plugins/workday.py took 0.055 seconds
[2025-04-02T17:06:09.454-0400] {processor.py:161} INFO - Started process (PID=64491) to work on /Users/prasenjeet.gadhe/Documents/05. Nokia_PoV/Parallel_Test/venv/lib/python3.9/site-packages/airflow/example_dags/plugins/workday.py
[2025-04-02T17:06:09.456-0400] {processor.py:830} INFO - Processing file /Users/prasenjeet.gadhe/Documents/05. Nokia_PoV/Parallel_Test/venv/lib/python3.9/site-packages/airflow/example_dags/plugins/workday.py for tasks to queue
[2025-04-02T17:06:09.456-0400] {logging_mixin.py:188} INFO - [2025-04-02T17:06:09.456-0400] {dagbag.py:540} INFO - Filling up the DagBag from /Users/prasenjeet.gadhe/Documents/05. Nokia_PoV/Parallel_Test/venv/lib/python3.9/site-packages/airflow/example_dags/plugins/workday.py
[2025-04-02T17:06:09.457-0400] {logging_mixin.py:188} INFO - [2025-04-02T17:06:09.457-0400] {workday.py:41} WARNING - Could not import pandas. Holidays will not be considered.
[2025-04-02T17:06:09.457-0400] {processor.py:842} WARNING - No viable dags retrieved from /Users/prasenjeet.gadhe/Documents/05. Nokia_PoV/Parallel_Test/venv/lib/python3.9/site-packages/airflow/example_dags/plugins/workday.py
[2025-04-02T17:06:09.507-0400] {processor.py:183} INFO - Processing /Users/prasenjeet.gadhe/Documents/05. Nokia_PoV/Parallel_Test/venv/lib/python3.9/site-packages/airflow/example_dags/plugins/workday.py took 0.054 seconds
[2025-04-02T17:07:05.875-0400] {processor.py:161} INFO - Started process (PID=71484) to work on /Users/prasenjeet.gadhe/Documents/05. Nokia_PoV/Parallel_Test/venv/lib/python3.9/site-packages/airflow/example_dags/plugins/workday.py
[2025-04-02T17:07:05.878-0400] {processor.py:830} INFO - Processing file /Users/prasenjeet.gadhe/Documents/05. Nokia_PoV/Parallel_Test/venv/lib/python3.9/site-packages/airflow/example_dags/plugins/workday.py for tasks to queue
[2025-04-02T17:07:05.878-0400] {logging_mixin.py:188} INFO - [2025-04-02T17:07:05.878-0400] {dagbag.py:540} INFO - Filling up the DagBag from /Users/prasenjeet.gadhe/Documents/05. Nokia_PoV/Parallel_Test/venv/lib/python3.9/site-packages/airflow/example_dags/plugins/workday.py
[2025-04-02T17:07:05.879-0400] {logging_mixin.py:188} INFO - [2025-04-02T17:07:05.878-0400] {workday.py:41} WARNING - Could not import pandas. Holidays will not be considered.
[2025-04-02T17:07:05.879-0400] {processor.py:842} WARNING - No viable dags retrieved from /Users/prasenjeet.gadhe/Documents/05. Nokia_PoV/Parallel_Test/venv/lib/python3.9/site-packages/airflow/example_dags/plugins/workday.py
[2025-04-02T17:07:05.931-0400] {processor.py:183} INFO - Processing /Users/prasenjeet.gadhe/Documents/05. Nokia_PoV/Parallel_Test/venv/lib/python3.9/site-packages/airflow/example_dags/plugins/workday.py took 0.057 seconds
[2025-04-02T17:08:01.320-0400] {processor.py:161} INFO - Started process (PID=78392) to work on /Users/prasenjeet.gadhe/Documents/05. Nokia_PoV/Parallel_Test/venv/lib/python3.9/site-packages/airflow/example_dags/plugins/workday.py
[2025-04-02T17:08:01.322-0400] {processor.py:830} INFO - Processing file /Users/prasenjeet.gadhe/Documents/05. Nokia_PoV/Parallel_Test/venv/lib/python3.9/site-packages/airflow/example_dags/plugins/workday.py for tasks to queue
[2025-04-02T17:08:01.322-0400] {logging_mixin.py:188} INFO - [2025-04-02T17:08:01.322-0400] {dagbag.py:540} INFO - Filling up the DagBag from /Users/prasenjeet.gadhe/Documents/05. Nokia_PoV/Parallel_Test/venv/lib/python3.9/site-packages/airflow/example_dags/plugins/workday.py
[2025-04-02T17:08:01.323-0400] {logging_mixin.py:188} INFO - [2025-04-02T17:08:01.323-0400] {workday.py:41} WARNING - Could not import pandas. Holidays will not be considered.
[2025-04-02T17:08:01.323-0400] {processor.py:842} WARNING - No viable dags retrieved from /Users/prasenjeet.gadhe/Documents/05. Nokia_PoV/Parallel_Test/venv/lib/python3.9/site-packages/airflow/example_dags/plugins/workday.py
[2025-04-02T17:08:01.372-0400] {processor.py:183} INFO - Processing /Users/prasenjeet.gadhe/Documents/05. Nokia_PoV/Parallel_Test/venv/lib/python3.9/site-packages/airflow/example_dags/plugins/workday.py took 0.053 seconds
[2025-04-02T17:08:58.557-0400] {processor.py:161} INFO - Started process (PID=85431) to work on /Users/prasenjeet.gadhe/Documents/05. Nokia_PoV/Parallel_Test/venv/lib/python3.9/site-packages/airflow/example_dags/plugins/workday.py
[2025-04-02T17:08:58.559-0400] {processor.py:830} INFO - Processing file /Users/prasenjeet.gadhe/Documents/05. Nokia_PoV/Parallel_Test/venv/lib/python3.9/site-packages/airflow/example_dags/plugins/workday.py for tasks to queue
[2025-04-02T17:08:58.559-0400] {logging_mixin.py:188} INFO - [2025-04-02T17:08:58.559-0400] {dagbag.py:540} INFO - Filling up the DagBag from /Users/prasenjeet.gadhe/Documents/05. Nokia_PoV/Parallel_Test/venv/lib/python3.9/site-packages/airflow/example_dags/plugins/workday.py
[2025-04-02T17:08:58.560-0400] {logging_mixin.py:188} INFO - [2025-04-02T17:08:58.560-0400] {workday.py:41} WARNING - Could not import pandas. Holidays will not be considered.
[2025-04-02T17:08:58.560-0400] {processor.py:842} WARNING - No viable dags retrieved from /Users/prasenjeet.gadhe/Documents/05. Nokia_PoV/Parallel_Test/venv/lib/python3.9/site-packages/airflow/example_dags/plugins/workday.py
[2025-04-02T17:08:58.617-0400] {processor.py:183} INFO - Processing /Users/prasenjeet.gadhe/Documents/05. Nokia_PoV/Parallel_Test/venv/lib/python3.9/site-packages/airflow/example_dags/plugins/workday.py took 0.061 seconds
[2025-04-02T17:09:58.608-0400] {processor.py:161} INFO - Started process (PID=92869) to work on /Users/prasenjeet.gadhe/Documents/05. Nokia_PoV/Parallel_Test/venv/lib/python3.9/site-packages/airflow/example_dags/plugins/workday.py
[2025-04-02T17:09:58.610-0400] {processor.py:830} INFO - Processing file /Users/prasenjeet.gadhe/Documents/05. Nokia_PoV/Parallel_Test/venv/lib/python3.9/site-packages/airflow/example_dags/plugins/workday.py for tasks to queue
[2025-04-02T17:09:58.611-0400] {logging_mixin.py:188} INFO - [2025-04-02T17:09:58.611-0400] {dagbag.py:540} INFO - Filling up the DagBag from /Users/prasenjeet.gadhe/Documents/05. Nokia_PoV/Parallel_Test/venv/lib/python3.9/site-packages/airflow/example_dags/plugins/workday.py
[2025-04-02T17:09:58.612-0400] {logging_mixin.py:188} INFO - [2025-04-02T17:09:58.612-0400] {workday.py:41} WARNING - Could not import pandas. Holidays will not be considered.
[2025-04-02T17:09:58.612-0400] {processor.py:842} WARNING - No viable dags retrieved from /Users/prasenjeet.gadhe/Documents/05. Nokia_PoV/Parallel_Test/venv/lib/python3.9/site-packages/airflow/example_dags/plugins/workday.py
[2025-04-02T17:09:58.663-0400] {processor.py:183} INFO - Processing /Users/prasenjeet.gadhe/Documents/05. Nokia_PoV/Parallel_Test/venv/lib/python3.9/site-packages/airflow/example_dags/plugins/workday.py took 0.056 seconds
[2025-04-02T17:10:53.344-0400] {processor.py:161} INFO - Started process (PID=99587) to work on /Users/prasenjeet.gadhe/Documents/05. Nokia_PoV/Parallel_Test/venv/lib/python3.9/site-packages/airflow/example_dags/plugins/workday.py
[2025-04-02T17:10:53.347-0400] {processor.py:830} INFO - Processing file /Users/prasenjeet.gadhe/Documents/05. Nokia_PoV/Parallel_Test/venv/lib/python3.9/site-packages/airflow/example_dags/plugins/workday.py for tasks to queue
[2025-04-02T17:10:53.347-0400] {logging_mixin.py:188} INFO - [2025-04-02T17:10:53.347-0400] {dagbag.py:540} INFO - Filling up the DagBag from /Users/prasenjeet.gadhe/Documents/05. Nokia_PoV/Parallel_Test/venv/lib/python3.9/site-packages/airflow/example_dags/plugins/workday.py
[2025-04-02T17:10:53.348-0400] {logging_mixin.py:188} INFO - [2025-04-02T17:10:53.347-0400] {workday.py:41} WARNING - Could not import pandas. Holidays will not be considered.
[2025-04-02T17:10:53.348-0400] {processor.py:842} WARNING - No viable dags retrieved from /Users/prasenjeet.gadhe/Documents/05. Nokia_PoV/Parallel_Test/venv/lib/python3.9/site-packages/airflow/example_dags/plugins/workday.py
[2025-04-02T17:10:53.402-0400] {processor.py:183} INFO - Processing /Users/prasenjeet.gadhe/Documents/05. Nokia_PoV/Parallel_Test/venv/lib/python3.9/site-packages/airflow/example_dags/plugins/workday.py took 0.059 seconds
[2025-04-02T17:11:48.680-0400] {processor.py:161} INFO - Started process (PID=6727) to work on /Users/prasenjeet.gadhe/Documents/05. Nokia_PoV/Parallel_Test/venv/lib/python3.9/site-packages/airflow/example_dags/plugins/workday.py
[2025-04-02T17:11:48.681-0400] {processor.py:830} INFO - Processing file /Users/prasenjeet.gadhe/Documents/05. Nokia_PoV/Parallel_Test/venv/lib/python3.9/site-packages/airflow/example_dags/plugins/workday.py for tasks to queue
[2025-04-02T17:11:48.682-0400] {logging_mixin.py:188} INFO - [2025-04-02T17:11:48.682-0400] {dagbag.py:540} INFO - Filling up the DagBag from /Users/prasenjeet.gadhe/Documents/05. Nokia_PoV/Parallel_Test/venv/lib/python3.9/site-packages/airflow/example_dags/plugins/workday.py
[2025-04-02T17:11:48.682-0400] {logging_mixin.py:188} INFO - [2025-04-02T17:11:48.682-0400] {workday.py:41} WARNING - Could not import pandas. Holidays will not be considered.
[2025-04-02T17:11:48.683-0400] {processor.py:842} WARNING - No viable dags retrieved from /Users/prasenjeet.gadhe/Documents/05. Nokia_PoV/Parallel_Test/venv/lib/python3.9/site-packages/airflow/example_dags/plugins/workday.py
[2025-04-02T17:11:48.746-0400] {processor.py:183} INFO - Processing /Users/prasenjeet.gadhe/Documents/05. Nokia_PoV/Parallel_Test/venv/lib/python3.9/site-packages/airflow/example_dags/plugins/workday.py took 0.067 seconds
[2025-04-02T17:12:48.391-0400] {processor.py:161} INFO - Started process (PID=14224) to work on /Users/prasenjeet.gadhe/Documents/05. Nokia_PoV/Parallel_Test/venv/lib/python3.9/site-packages/airflow/example_dags/plugins/workday.py
[2025-04-02T17:12:48.393-0400] {processor.py:830} INFO - Processing file /Users/prasenjeet.gadhe/Documents/05. Nokia_PoV/Parallel_Test/venv/lib/python3.9/site-packages/airflow/example_dags/plugins/workday.py for tasks to queue
[2025-04-02T17:12:48.393-0400] {logging_mixin.py:188} INFO - [2025-04-02T17:12:48.393-0400] {dagbag.py:540} INFO - Filling up the DagBag from /Users/prasenjeet.gadhe/Documents/05. Nokia_PoV/Parallel_Test/venv/lib/python3.9/site-packages/airflow/example_dags/plugins/workday.py
[2025-04-02T17:12:48.394-0400] {logging_mixin.py:188} INFO - [2025-04-02T17:12:48.394-0400] {workday.py:41} WARNING - Could not import pandas. Holidays will not be considered.
[2025-04-02T17:12:48.394-0400] {processor.py:842} WARNING - No viable dags retrieved from /Users/prasenjeet.gadhe/Documents/05. Nokia_PoV/Parallel_Test/venv/lib/python3.9/site-packages/airflow/example_dags/plugins/workday.py
[2025-04-02T17:12:48.448-0400] {processor.py:183} INFO - Processing /Users/prasenjeet.gadhe/Documents/05. Nokia_PoV/Parallel_Test/venv/lib/python3.9/site-packages/airflow/example_dags/plugins/workday.py took 0.058 seconds
[2025-04-02T17:25:47.911-0400] {processor.py:161} INFO - Started process (PID=11355) to work on /Users/prasenjeet.gadhe/Documents/05. Nokia_PoV/Parallel_Test/venv/lib/python3.9/site-packages/airflow/example_dags/plugins/workday.py
[2025-04-02T17:25:47.913-0400] {processor.py:830} INFO - Processing file /Users/prasenjeet.gadhe/Documents/05. Nokia_PoV/Parallel_Test/venv/lib/python3.9/site-packages/airflow/example_dags/plugins/workday.py for tasks to queue
[2025-04-02T17:25:47.913-0400] {logging_mixin.py:188} INFO - [2025-04-02T17:25:47.913-0400] {dagbag.py:540} INFO - Filling up the DagBag from /Users/prasenjeet.gadhe/Documents/05. Nokia_PoV/Parallel_Test/venv/lib/python3.9/site-packages/airflow/example_dags/plugins/workday.py
[2025-04-02T17:25:47.914-0400] {logging_mixin.py:188} INFO - [2025-04-02T17:25:47.914-0400] {workday.py:41} WARNING - Could not import pandas. Holidays will not be considered.
[2025-04-02T17:25:47.914-0400] {processor.py:842} WARNING - No viable dags retrieved from /Users/prasenjeet.gadhe/Documents/05. Nokia_PoV/Parallel_Test/venv/lib/python3.9/site-packages/airflow/example_dags/plugins/workday.py
[2025-04-02T17:25:47.966-0400] {processor.py:183} INFO - Processing /Users/prasenjeet.gadhe/Documents/05. Nokia_PoV/Parallel_Test/venv/lib/python3.9/site-packages/airflow/example_dags/plugins/workday.py took 0.056 seconds
